2022-02-16 21:13:26,841 [main.py         | 38] INFO: Start to run /Users/yangjingfeng/Library/CloudStorage/OneDrive-Personal/Public/PhD Study/Papers/Food_Delivery/Code/Food_delivery_simulator/Benchmark/Instance_small: instance_58
2022-02-16 21:13:26,841 [simulator_api.py | 43] INFO: Start time of the simulator: 2022-02-16 09:00:00, time interval:  600.00
2022-02-16 21:13:26,992 [input_utils.py  | 35] INFO: Get 1158 locations
2022-02-16 21:13:27,002 [input_utils.py  | 39] INFO: Get 55 drivers
2022-02-16 21:13:27,339 [input_utils.py  | 43] INFO: Get 851 orders
2022-02-16 21:13:27,340 [simulator_api.py | 75] INFO: Initial position of D_1 is Bukit Timah Market & Food Centre
2022-02-16 21:13:27,340 [simulator_api.py | 75] INFO: Initial position of D_2 is Bukit Timah Market & Food Centre
2022-02-16 21:13:27,341 [simulator_api.py | 75] INFO: Initial position of D_3 is Ghim Moh Market & Food Centre
2022-02-16 21:13:27,343 [simulator_api.py | 75] INFO: Initial position of D_4 is Bukit Timah Market & Food Centre
2022-02-16 21:13:27,344 [simulator_api.py | 75] INFO: Initial position of D_5 is Alexandra Village Food Centre
2022-02-16 21:13:27,346 [simulator_api.py | 75] INFO: Initial position of D_6 is Bukit Timah Market & Food Centre
2022-02-16 21:13:27,347 [simulator_api.py | 75] INFO: Initial position of D_7 is Bukit Timah Market & Food Centre
2022-02-16 21:13:27,347 [simulator_api.py | 75] INFO: Initial position of D_8 is Bukit Timah Market & Food Centre
2022-02-16 21:13:27,348 [simulator_api.py | 75] INFO: Initial position of D_9 is Bukit Timah Market & Food Centre
2022-02-16 21:13:27,349 [simulator_api.py | 75] INFO: Initial position of D_10 is Bukit Timah Market & Food Centre
2022-02-16 21:13:27,350 [simulator_api.py | 75] INFO: Initial position of D_11 is Alexandra Village Food Centre
2022-02-16 21:13:27,350 [simulator_api.py | 75] INFO: Initial position of D_12 is Ghim Moh Market & Food Centre
2022-02-16 21:13:27,351 [simulator_api.py | 75] INFO: Initial position of D_13 is Alexandra Village Food Centre
2022-02-16 21:13:27,352 [simulator_api.py | 75] INFO: Initial position of D_14 is Ghim Moh Market & Food Centre
2022-02-16 21:13:27,352 [simulator_api.py | 75] INFO: Initial position of D_15 is Bukit Timah Market & Food Centre
2022-02-16 21:13:27,355 [simulator_api.py | 75] INFO: Initial position of D_16 is Ghim Moh Market & Food Centre
2022-02-16 21:13:27,356 [simulator_api.py | 75] INFO: Initial position of D_17 is Ghim Moh Market & Food Centre
2022-02-16 21:13:27,357 [simulator_api.py | 75] INFO: Initial position of D_18 is Alexandra Village Food Centre
2022-02-16 21:13:27,358 [simulator_api.py | 75] INFO: Initial position of D_19 is Bukit Timah Market & Food Centre
2022-02-16 21:13:27,359 [simulator_api.py | 75] INFO: Initial position of D_20 is Alexandra Village Food Centre
2022-02-16 21:13:27,360 [simulator_api.py | 75] INFO: Initial position of D_21 is Alexandra Village Food Centre
2022-02-16 21:13:27,361 [simulator_api.py | 75] INFO: Initial position of D_22 is Alexandra Village Food Centre
2022-02-16 21:13:27,362 [simulator_api.py | 75] INFO: Initial position of D_23 is Ghim Moh Market & Food Centre
2022-02-16 21:13:27,363 [simulator_api.py | 75] INFO: Initial position of D_24 is Bukit Timah Market & Food Centre
2022-02-16 21:13:27,363 [simulator_api.py | 75] INFO: Initial position of D_25 is Ghim Moh Market & Food Centre
2022-02-16 21:13:27,364 [simulator_api.py | 75] INFO: Initial position of D_26 is Alexandra Village Food Centre
2022-02-16 21:13:27,364 [simulator_api.py | 75] INFO: Initial position of D_27 is Ghim Moh Market & Food Centre
2022-02-16 21:13:27,365 [simulator_api.py | 75] INFO: Initial position of D_28 is Alexandra Village Food Centre
2022-02-16 21:13:27,365 [simulator_api.py | 75] INFO: Initial position of D_29 is Bukit Timah Market & Food Centre
2022-02-16 21:13:27,366 [simulator_api.py | 75] INFO: Initial position of D_30 is Bukit Timah Market & Food Centre
2022-02-16 21:13:27,367 [simulator_api.py | 75] INFO: Initial position of D_31 is Alexandra Village Food Centre
2022-02-16 21:13:27,368 [simulator_api.py | 75] INFO: Initial position of D_32 is Ghim Moh Market & Food Centre
2022-02-16 21:13:27,368 [simulator_api.py | 75] INFO: Initial position of D_33 is Bukit Timah Market & Food Centre
2022-02-16 21:13:27,369 [simulator_api.py | 75] INFO: Initial position of D_34 is Bukit Timah Market & Food Centre
2022-02-16 21:13:27,369 [simulator_api.py | 75] INFO: Initial position of D_35 is Bukit Timah Market & Food Centre
2022-02-16 21:13:27,369 [simulator_api.py | 75] INFO: Initial position of D_36 is Alexandra Village Food Centre
2022-02-16 21:13:27,371 [simulator_api.py | 75] INFO: Initial position of D_37 is Alexandra Village Food Centre
2022-02-16 21:13:27,373 [simulator_api.py | 75] INFO: Initial position of D_38 is Ghim Moh Market & Food Centre
2022-02-16 21:13:27,374 [simulator_api.py | 75] INFO: Initial position of D_39 is Alexandra Village Food Centre
2022-02-16 21:13:27,375 [simulator_api.py | 75] INFO: Initial position of D_40 is Bukit Timah Market & Food Centre
2022-02-16 21:13:27,375 [simulator_api.py | 75] INFO: Initial position of D_41 is Bukit Timah Market & Food Centre
2022-02-16 21:13:27,387 [simulator_api.py | 75] INFO: Initial position of D_42 is Alexandra Village Food Centre
2022-02-16 21:13:27,431 [simulator_api.py | 75] INFO: Initial position of D_43 is Bukit Timah Market & Food Centre
2022-02-16 21:13:27,440 [simulator_api.py | 75] INFO: Initial position of D_44 is Ghim Moh Market & Food Centre
2022-02-16 21:13:27,440 [simulator_api.py | 75] INFO: Initial position of D_45 is Alexandra Village Food Centre
2022-02-16 21:13:27,442 [simulator_api.py | 75] INFO: Initial position of D_46 is Ghim Moh Market & Food Centre
2022-02-16 21:13:27,443 [simulator_api.py | 75] INFO: Initial position of D_47 is Ghim Moh Market & Food Centre
2022-02-16 21:13:27,445 [simulator_api.py | 75] INFO: Initial position of D_48 is Alexandra Village Food Centre
2022-02-16 21:13:27,445 [simulator_api.py | 75] INFO: Initial position of D_49 is Bukit Timah Market & Food Centre
2022-02-16 21:13:27,446 [simulator_api.py | 75] INFO: Initial position of D_50 is Alexandra Village Food Centre
2022-02-16 21:13:27,447 [simulator_api.py | 75] INFO: Initial position of D_51 is Alexandra Village Food Centre
2022-02-16 21:13:27,448 [simulator_api.py | 75] INFO: Initial position of D_52 is Alexandra Village Food Centre
2022-02-16 21:13:27,448 [simulator_api.py | 75] INFO: Initial position of D_53 is Ghim Moh Market & Food Centre
2022-02-16 21:13:27,450 [simulator_api.py | 75] INFO: Initial position of D_54 is Alexandra Village Food Centre
2022-02-16 21:13:27,451 [simulator_api.py | 75] INFO: Initial position of D_55 is Bukit Timah Market & Food Centre
2022-02-16 21:13:27,483 [simulator_env.py | 87] INFO: **************************************************
2022-02-16 21:13:27,484 [simulator_env.py | 91] INFO: cur time: 2022-02-16 09:10:00, pre time: 2022-02-16 09:00:00
2022-02-16 21:13:27,485 [simulator_env.py | 147] INFO: Start to update the input of 2022-02-16 09:10:00
2022-02-16 21:13:27,489 [simulator_env.py | 175] INFO: Get 28 unallocated orders, 0 ongoing orders, 0 completed orders.
2022-02-16 21:13:29,261 [simulator_env.py | 100] INFO: Finish the dispatch.
2022-02-16 21:13:29,262 [simulator_env.py | 278] INFO: 2022-02-16 09:10:00, Order 09012400000: state = 1 < 2, we can not finish the simulation
2022-02-16 21:13:29,263 [simulator_env.py | 87] INFO: **************************************************
2022-02-16 21:13:29,263 [simulator_env.py | 91] INFO: cur time: 2022-02-16 09:20:00, pre time: 2022-02-16 09:10:00
2022-02-16 21:13:29,263 [simulator_env.py | 147] INFO: Start to update the input of 2022-02-16 09:20:00
2022-02-16 21:13:29,272 [simulator_env.py | 175] INFO: Get 30 unallocated orders, 12 ongoing orders, 16 completed orders.
2022-02-16 21:13:31,283 [simulator_env.py | 100] INFO: Finish the dispatch.
2022-02-16 21:13:31,285 [simulator_env.py | 278] INFO: 2022-02-16 09:20:00, Order 09101700028: state = 1 < 2, we can not finish the simulation
2022-02-16 21:13:31,286 [simulator_env.py | 87] INFO: **************************************************
2022-02-16 21:13:31,286 [simulator_env.py | 91] INFO: cur time: 2022-02-16 09:30:00, pre time: 2022-02-16 09:20:00
2022-02-16 21:13:31,286 [simulator_env.py | 147] INFO: Start to update the input of 2022-02-16 09:30:00
2022-02-16 21:13:31,297 [simulator_env.py | 175] INFO: Get 21 unallocated orders, 18 ongoing orders, 40 completed orders.
2022-02-16 21:13:33,368 [simulator_env.py | 100] INFO: Finish the dispatch.
2022-02-16 21:13:33,370 [simulator_env.py | 278] INFO: 2022-02-16 09:30:00, Order 09202300058: state = 1 < 2, we can not finish the simulation
2022-02-16 21:13:33,371 [simulator_env.py | 87] INFO: **************************************************
2022-02-16 21:13:33,371 [simulator_env.py | 91] INFO: cur time: 2022-02-16 09:40:00, pre time: 2022-02-16 09:30:00
2022-02-16 21:13:33,371 [simulator_env.py | 147] INFO: Start to update the input of 2022-02-16 09:40:00
2022-02-16 21:13:33,379 [simulator_env.py | 175] INFO: Get 26 unallocated orders, 16 ongoing orders, 63 completed orders.
2022-02-16 21:13:35,438 [simulator_env.py | 100] INFO: Finish the dispatch.
2022-02-16 21:13:35,441 [simulator_env.py | 278] INFO: 2022-02-16 09:40:00, Order 09300100079: state = 1 < 2, we can not finish the simulation
2022-02-16 21:13:35,441 [simulator_env.py | 87] INFO: **************************************************
2022-02-16 21:13:35,442 [simulator_env.py | 91] INFO: cur time: 2022-02-16 09:50:00, pre time: 2022-02-16 09:40:00
2022-02-16 21:13:35,442 [simulator_env.py | 147] INFO: Start to update the input of 2022-02-16 09:50:00
2022-02-16 21:13:35,449 [simulator_env.py | 175] INFO: Get 32 unallocated orders, 22 ongoing orders, 83 completed orders.
2022-02-16 21:13:37,485 [simulator_env.py | 100] INFO: Finish the dispatch.
2022-02-16 21:13:37,489 [simulator_env.py | 278] INFO: 2022-02-16 09:50:00, Order 09401400105: state = 1 < 2, we can not finish the simulation
2022-02-16 21:13:37,490 [simulator_env.py | 87] INFO: **************************************************
2022-02-16 21:13:37,491 [simulator_env.py | 91] INFO: cur time: 2022-02-16 10:00:00, pre time: 2022-02-16 09:50:00
2022-02-16 21:13:37,491 [simulator_env.py | 147] INFO: Start to update the input of 2022-02-16 10:00:00
2022-02-16 21:13:37,501 [simulator_env.py | 175] INFO: Get 26 unallocated orders, 21 ongoing orders, 116 completed orders.
2022-02-16 21:13:39,720 [simulator_env.py | 100] INFO: Finish the dispatch.
2022-02-16 21:13:39,722 [simulator_env.py | 278] INFO: 2022-02-16 10:00:00, Order 09512300137: state = 1 < 2, we can not finish the simulation
2022-02-16 21:13:39,724 [simulator_env.py | 87] INFO: **************************************************
2022-02-16 21:13:39,724 [simulator_env.py | 91] INFO: cur time: 2022-02-16 10:10:00, pre time: 2022-02-16 10:00:00
2022-02-16 21:13:39,724 [simulator_env.py | 147] INFO: Start to update the input of 2022-02-16 10:10:00
2022-02-16 21:13:39,735 [simulator_env.py | 175] INFO: Get 29 unallocated orders, 10 ongoing orders, 153 completed orders.
2022-02-16 21:13:41,820 [simulator_env.py | 100] INFO: Finish the dispatch.
2022-02-16 21:13:41,823 [simulator_env.py | 278] INFO: 2022-02-16 10:10:00, Order 10004600163: state = 1 < 2, we can not finish the simulation
2022-02-16 21:13:41,824 [simulator_env.py | 87] INFO: **************************************************
2022-02-16 21:13:41,824 [simulator_env.py | 91] INFO: cur time: 2022-02-16 10:20:00, pre time: 2022-02-16 10:10:00
2022-02-16 21:13:41,824 [simulator_env.py | 147] INFO: Start to update the input of 2022-02-16 10:20:00
2022-02-16 21:13:41,830 [simulator_env.py | 175] INFO: Get 38 unallocated orders, 20 ongoing orders, 172 completed orders.
2022-02-16 21:13:43,941 [simulator_env.py | 100] INFO: Finish the dispatch.
2022-02-16 21:13:43,943 [simulator_env.py | 278] INFO: 2022-02-16 10:20:00, Order 10100900192: state = 1 < 2, we can not finish the simulation
2022-02-16 21:13:43,944 [simulator_env.py | 87] INFO: **************************************************
2022-02-16 21:13:43,944 [simulator_env.py | 91] INFO: cur time: 2022-02-16 10:30:00, pre time: 2022-02-16 10:20:00
2022-02-16 21:13:43,944 [simulator_env.py | 147] INFO: Start to update the input of 2022-02-16 10:30:00
2022-02-16 21:13:43,953 [simulator_env.py | 175] INFO: Get 42 unallocated orders, 20 ongoing orders, 207 completed orders.
2022-02-16 21:13:46,129 [simulator_env.py | 100] INFO: Finish the dispatch.
2022-02-16 21:13:46,140 [simulator_env.py | 278] INFO: 2022-02-16 10:30:00, Order 10194100227: state = 1 < 2, we can not finish the simulation
2022-02-16 21:13:46,141 [simulator_env.py | 87] INFO: **************************************************
2022-02-16 21:13:46,141 [simulator_env.py | 91] INFO: cur time: 2022-02-16 10:40:00, pre time: 2022-02-16 10:30:00
2022-02-16 21:13:46,141 [simulator_env.py | 147] INFO: Start to update the input of 2022-02-16 10:40:00
2022-02-16 21:13:46,159 [simulator_env.py | 175] INFO: Get 38 unallocated orders, 26 ongoing orders, 240 completed orders.
2022-02-16 21:13:48,213 [simulator_env.py | 100] INFO: Finish the dispatch.
2022-02-16 21:13:48,217 [simulator_env.py | 278] INFO: 2022-02-16 10:40:00, Order 10275600261: state = 1 < 2, we can not finish the simulation
2022-02-16 21:13:48,218 [simulator_env.py | 87] INFO: **************************************************
2022-02-16 21:13:48,218 [simulator_env.py | 91] INFO: cur time: 2022-02-16 10:50:00, pre time: 2022-02-16 10:40:00
2022-02-16 21:13:48,218 [simulator_env.py | 147] INFO: Start to update the input of 2022-02-16 10:50:00
2022-02-16 21:13:48,231 [simulator_env.py | 175] INFO: Get 51 unallocated orders, 26 ongoing orders, 274 completed orders.
2022-02-16 21:13:50,423 [simulator_env.py | 100] INFO: Finish the dispatch.
2022-02-16 21:13:50,428 [simulator_env.py | 278] INFO: 2022-02-16 10:50:00, Order 10375400295: state = 1 < 2, we can not finish the simulation
2022-02-16 21:13:50,432 [simulator_env.py | 87] INFO: **************************************************
2022-02-16 21:13:50,432 [simulator_env.py | 91] INFO: cur time: 2022-02-16 11:00:00, pre time: 2022-02-16 10:50:00
2022-02-16 21:13:50,433 [simulator_env.py | 147] INFO: Start to update the input of 2022-02-16 11:00:00
2022-02-16 21:13:50,447 [simulator_env.py | 175] INFO: Get 45 unallocated orders, 26 ongoing orders, 311 completed orders.
2022-02-16 21:13:52,709 [simulator_env.py | 100] INFO: Finish the dispatch.
2022-02-16 21:13:52,713 [simulator_env.py | 278] INFO: 2022-02-16 11:00:00, Order 10455400330: state = 1 < 2, we can not finish the simulation
2022-02-16 21:13:52,714 [simulator_env.py | 87] INFO: **************************************************
2022-02-16 21:13:52,714 [simulator_env.py | 91] INFO: cur time: 2022-02-16 11:10:00, pre time: 2022-02-16 11:00:00
2022-02-16 21:13:52,714 [simulator_env.py | 147] INFO: Start to update the input of 2022-02-16 11:10:00
2022-02-16 21:13:52,726 [simulator_env.py | 175] INFO: Get 46 unallocated orders, 23 ongoing orders, 351 completed orders.
2022-02-16 21:13:54,849 [simulator_env.py | 100] INFO: Finish the dispatch.
2022-02-16 21:13:54,853 [simulator_env.py | 278] INFO: 2022-02-16 11:10:00, Order 10544100366: state = 1 < 2, we can not finish the simulation
2022-02-16 21:13:54,854 [simulator_env.py | 87] INFO: **************************************************
2022-02-16 21:13:54,854 [simulator_env.py | 91] INFO: cur time: 2022-02-16 11:20:00, pre time: 2022-02-16 11:10:00
2022-02-16 21:13:54,854 [simulator_env.py | 147] INFO: Start to update the input of 2022-02-16 11:20:00
2022-02-16 21:13:54,867 [simulator_env.py | 175] INFO: Get 36 unallocated orders, 29 ongoing orders, 385 completed orders.
2022-02-16 21:13:57,092 [simulator_env.py | 100] INFO: Finish the dispatch.
2022-02-16 21:13:57,095 [simulator_env.py | 278] INFO: 2022-02-16 11:20:00, Order 11070300408: state = 1 < 2, we can not finish the simulation
2022-02-16 21:13:57,097 [simulator_env.py | 87] INFO: **************************************************
2022-02-16 21:13:57,097 [simulator_env.py | 91] INFO: cur time: 2022-02-16 11:30:00, pre time: 2022-02-16 11:20:00
2022-02-16 21:13:57,097 [simulator_env.py | 147] INFO: Start to update the input of 2022-02-16 11:30:00
2022-02-16 21:13:57,108 [simulator_env.py | 175] INFO: Get 44 unallocated orders, 18 ongoing orders, 425 completed orders.
2022-02-16 21:13:59,446 [simulator_env.py | 100] INFO: Finish the dispatch.
2022-02-16 21:13:59,449 [simulator_env.py | 278] INFO: 2022-02-16 11:30:00, Order 11152500440: state = 1 < 2, we can not finish the simulation
2022-02-16 21:13:59,450 [simulator_env.py | 87] INFO: **************************************************
2022-02-16 21:13:59,450 [simulator_env.py | 91] INFO: cur time: 2022-02-16 11:40:00, pre time: 2022-02-16 11:30:00
2022-02-16 21:13:59,451 [simulator_env.py | 147] INFO: Start to update the input of 2022-02-16 11:40:00
2022-02-16 21:13:59,462 [simulator_env.py | 175] INFO: Get 34 unallocated orders, 29 ongoing orders, 454 completed orders.
2022-02-16 21:14:01,886 [simulator_env.py | 100] INFO: Finish the dispatch.
2022-02-16 21:14:01,891 [simulator_env.py | 278] INFO: 2022-02-16 11:40:00, Order 11282100480: state = 1 < 2, we can not finish the simulation
2022-02-16 21:14:01,893 [simulator_env.py | 87] INFO: **************************************************
2022-02-16 21:14:01,893 [simulator_env.py | 91] INFO: cur time: 2022-02-16 11:50:00, pre time: 2022-02-16 11:40:00
2022-02-16 21:14:01,893 [simulator_env.py | 147] INFO: Start to update the input of 2022-02-16 11:50:00
2022-02-16 21:14:01,907 [simulator_env.py | 175] INFO: Get 37 unallocated orders, 22 ongoing orders, 491 completed orders.
2022-02-16 21:14:04,092 [simulator_env.py | 100] INFO: Finish the dispatch.
2022-02-16 21:14:04,098 [simulator_env.py | 278] INFO: 2022-02-16 11:50:00, Order 11375500510: state = 1 < 2, we can not finish the simulation
2022-02-16 21:14:04,099 [simulator_env.py | 87] INFO: **************************************************
2022-02-16 21:14:04,100 [simulator_env.py | 91] INFO: cur time: 2022-02-16 12:00:00, pre time: 2022-02-16 11:50:00
2022-02-16 21:14:04,100 [simulator_env.py | 147] INFO: Start to update the input of 2022-02-16 12:00:00
2022-02-16 21:14:04,112 [simulator_env.py | 175] INFO: Get 35 unallocated orders, 24 ongoing orders, 526 completed orders.
2022-02-16 21:14:06,226 [simulator_env.py | 100] INFO: Finish the dispatch.
2022-02-16 21:14:06,229 [simulator_env.py | 278] INFO: 2022-02-16 12:00:00, Order 11501700550: state = 1 < 2, we can not finish the simulation
2022-02-16 21:14:06,230 [simulator_env.py | 87] INFO: **************************************************
2022-02-16 21:14:06,230 [simulator_env.py | 91] INFO: cur time: 2022-02-16 12:10:00, pre time: 2022-02-16 12:00:00
2022-02-16 21:14:06,230 [simulator_env.py | 147] INFO: Start to update the input of 2022-02-16 12:10:00
2022-02-16 21:14:06,238 [simulator_env.py | 175] INFO: Get 27 unallocated orders, 23 ongoing orders, 560 completed orders.
2022-02-16 21:14:08,350 [simulator_env.py | 100] INFO: Finish the dispatch.
2022-02-16 21:14:08,354 [simulator_env.py | 278] INFO: 2022-02-16 12:10:00, Order 11590700581: state = 1 < 2, we can not finish the simulation
2022-02-16 21:14:08,355 [simulator_env.py | 87] INFO: **************************************************
2022-02-16 21:14:08,355 [simulator_env.py | 91] INFO: cur time: 2022-02-16 12:20:00, pre time: 2022-02-16 12:10:00
2022-02-16 21:14:08,355 [simulator_env.py | 147] INFO: Start to update the input of 2022-02-16 12:20:00
2022-02-16 21:14:08,364 [simulator_env.py | 175] INFO: Get 21 unallocated orders, 16 ongoing orders, 594 completed orders.
2022-02-16 21:14:10,580 [simulator_env.py | 100] INFO: Finish the dispatch.
2022-02-16 21:14:10,583 [simulator_env.py | 278] INFO: 2022-02-16 12:20:00, Order 12102200610: state = 1 < 2, we can not finish the simulation
2022-02-16 21:14:10,584 [simulator_env.py | 87] INFO: **************************************************
2022-02-16 21:14:10,584 [simulator_env.py | 91] INFO: cur time: 2022-02-16 12:30:00, pre time: 2022-02-16 12:20:00
2022-02-16 21:14:10,585 [simulator_env.py | 147] INFO: Start to update the input of 2022-02-16 12:30:00
2022-02-16 21:14:10,592 [simulator_env.py | 175] INFO: Get 17 unallocated orders, 12 ongoing orders, 619 completed orders.
2022-02-16 21:14:12,736 [simulator_env.py | 100] INFO: Finish the dispatch.
2022-02-16 21:14:12,740 [simulator_env.py | 278] INFO: 2022-02-16 12:30:00, Order 12201000631: state = 1 < 2, we can not finish the simulation
2022-02-16 21:14:12,741 [simulator_env.py | 87] INFO: **************************************************
2022-02-16 21:14:12,741 [simulator_env.py | 91] INFO: cur time: 2022-02-16 12:40:00, pre time: 2022-02-16 12:30:00
2022-02-16 21:14:12,741 [simulator_env.py | 147] INFO: Start to update the input of 2022-02-16 12:40:00
2022-02-16 21:14:12,747 [simulator_env.py | 175] INFO: Get 16 unallocated orders, 13 ongoing orders, 635 completed orders.
2022-02-16 21:14:14,863 [simulator_env.py | 100] INFO: Finish the dispatch.
2022-02-16 21:14:14,866 [simulator_env.py | 278] INFO: 2022-02-16 12:40:00, Order 12304100648: state = 1 < 2, we can not finish the simulation
2022-02-16 21:14:14,867 [simulator_env.py | 87] INFO: **************************************************
2022-02-16 21:14:14,867 [simulator_env.py | 91] INFO: cur time: 2022-02-16 12:50:00, pre time: 2022-02-16 12:40:00
2022-02-16 21:14:14,868 [simulator_env.py | 147] INFO: Start to update the input of 2022-02-16 12:50:00
2022-02-16 21:14:14,875 [simulator_env.py | 175] INFO: Get 12 unallocated orders, 13 ongoing orders, 651 completed orders.
2022-02-16 21:14:17,096 [simulator_env.py | 100] INFO: Finish the dispatch.
2022-02-16 21:14:17,098 [simulator_env.py | 278] INFO: 2022-02-16 12:50:00, Order 12401800664: state = 1 < 2, we can not finish the simulation
2022-02-16 21:14:17,100 [simulator_env.py | 87] INFO: **************************************************
2022-02-16 21:14:17,105 [simulator_env.py | 91] INFO: cur time: 2022-02-16 13:00:00, pre time: 2022-02-16 12:50:00
2022-02-16 21:14:17,105 [simulator_env.py | 147] INFO: Start to update the input of 2022-02-16 13:00:00
2022-02-16 21:14:17,111 [simulator_env.py | 175] INFO: Get 23 unallocated orders, 8 ongoing orders, 668 completed orders.
2022-02-16 21:14:19,262 [simulator_env.py | 100] INFO: Finish the dispatch.
2022-02-16 21:14:19,264 [simulator_env.py | 278] INFO: 2022-02-16 13:00:00, Order 12500600676: state = 1 < 2, we can not finish the simulation
2022-02-16 21:14:19,265 [simulator_env.py | 87] INFO: **************************************************
2022-02-16 21:14:19,265 [simulator_env.py | 91] INFO: cur time: 2022-02-16 13:10:00, pre time: 2022-02-16 13:00:00
2022-02-16 21:14:19,265 [simulator_env.py | 147] INFO: Start to update the input of 2022-02-16 13:10:00
2022-02-16 21:14:19,272 [simulator_env.py | 175] INFO: Get 16 unallocated orders, 15 ongoing orders, 684 completed orders.
2022-02-16 21:14:21,397 [simulator_env.py | 100] INFO: Finish the dispatch.
2022-02-16 21:14:21,399 [simulator_env.py | 278] INFO: 2022-02-16 13:10:00, Order 13000800699: state = 1 < 2, we can not finish the simulation
2022-02-16 21:14:21,400 [simulator_env.py | 87] INFO: **************************************************
2022-02-16 21:14:21,400 [simulator_env.py | 91] INFO: cur time: 2022-02-16 13:20:00, pre time: 2022-02-16 13:10:00
2022-02-16 21:14:21,400 [simulator_env.py | 147] INFO: Start to update the input of 2022-02-16 13:20:00
2022-02-16 21:14:21,407 [simulator_env.py | 175] INFO: Get 17 unallocated orders, 11 ongoing orders, 703 completed orders.
2022-02-16 21:14:23,174 [simulator_env.py | 100] INFO: Finish the dispatch.
2022-02-16 21:14:23,177 [simulator_env.py | 278] INFO: 2022-02-16 13:20:00, Order 13080900710: state = 1 < 2, we can not finish the simulation
2022-02-16 21:14:23,178 [simulator_env.py | 87] INFO: **************************************************
2022-02-16 21:14:23,178 [simulator_env.py | 91] INFO: cur time: 2022-02-16 13:30:00, pre time: 2022-02-16 13:20:00
2022-02-16 21:14:23,178 [simulator_env.py | 147] INFO: Start to update the input of 2022-02-16 13:30:00
2022-02-16 21:14:23,183 [simulator_env.py | 175] INFO: Get 8 unallocated orders, 15 ongoing orders, 716 completed orders.
2022-02-16 21:14:25,177 [simulator_env.py | 100] INFO: Finish the dispatch.
2022-02-16 21:14:25,180 [simulator_env.py | 278] INFO: 2022-02-16 13:30:00, Order 13200100731: state = 1 < 2, we can not finish the simulation
2022-02-16 21:14:25,181 [simulator_env.py | 87] INFO: **************************************************
2022-02-16 21:14:25,182 [simulator_env.py | 91] INFO: cur time: 2022-02-16 13:40:00, pre time: 2022-02-16 13:30:00
2022-02-16 21:14:25,182 [simulator_env.py | 147] INFO: Start to update the input of 2022-02-16 13:40:00
2022-02-16 21:14:25,188 [simulator_env.py | 175] INFO: Get 14 unallocated orders, 6 ongoing orders, 733 completed orders.
2022-02-16 21:14:26,887 [simulator_env.py | 100] INFO: Finish the dispatch.
2022-02-16 21:14:26,890 [simulator_env.py | 278] INFO: 2022-02-16 13:40:00, Order 13302300739: state = 1 < 2, we can not finish the simulation
2022-02-16 21:14:26,891 [simulator_env.py | 87] INFO: **************************************************
2022-02-16 21:14:26,891 [simulator_env.py | 91] INFO: cur time: 2022-02-16 13:50:00, pre time: 2022-02-16 13:40:00
2022-02-16 21:14:26,891 [simulator_env.py | 147] INFO: Start to update the input of 2022-02-16 13:50:00
2022-02-16 21:14:26,898 [simulator_env.py | 175] INFO: Get 10 unallocated orders, 8 ongoing orders, 745 completed orders.
2022-02-16 21:14:28,627 [simulator_env.py | 100] INFO: Finish the dispatch.
2022-02-16 21:14:28,628 [simulator_env.py | 278] INFO: 2022-02-16 13:50:00, Order 13411400753: state = 1 < 2, we can not finish the simulation
2022-02-16 21:14:28,629 [simulator_env.py | 87] INFO: **************************************************
2022-02-16 21:14:28,629 [simulator_env.py | 91] INFO: cur time: 2022-02-16 14:00:00, pre time: 2022-02-16 13:50:00
2022-02-16 21:14:28,629 [simulator_env.py | 147] INFO: Start to update the input of 2022-02-16 14:00:00
2022-02-16 21:14:28,633 [simulator_env.py | 175] INFO: Get 9 unallocated orders, 8 ongoing orders, 755 completed orders.
2022-02-16 21:14:30,481 [simulator_env.py | 100] INFO: Finish the dispatch.
2022-02-16 21:14:30,483 [simulator_env.py | 278] INFO: 2022-02-16 14:00:00, Order 13505200763: state = 1 < 2, we can not finish the simulation
2022-02-16 21:14:30,484 [simulator_env.py | 87] INFO: **************************************************
2022-02-16 21:14:30,484 [simulator_env.py | 91] INFO: cur time: 2022-02-16 14:10:00, pre time: 2022-02-16 14:00:00
2022-02-16 21:14:30,484 [simulator_env.py | 147] INFO: Start to update the input of 2022-02-16 14:10:00
2022-02-16 21:14:30,488 [simulator_env.py | 175] INFO: Get 13 unallocated orders, 7 ongoing orders, 765 completed orders.
2022-02-16 21:14:32,370 [simulator_env.py | 100] INFO: Finish the dispatch.
2022-02-16 21:14:32,372 [simulator_env.py | 278] INFO: 2022-02-16 14:10:00, Order 14004000772: state = 1 < 2, we can not finish the simulation
2022-02-16 21:14:32,373 [simulator_env.py | 87] INFO: **************************************************
2022-02-16 21:14:32,373 [simulator_env.py | 91] INFO: cur time: 2022-02-16 14:20:00, pre time: 2022-02-16 14:10:00
2022-02-16 21:14:32,374 [simulator_env.py | 147] INFO: Start to update the input of 2022-02-16 14:20:00
2022-02-16 21:14:32,379 [simulator_env.py | 175] INFO: Get 13 unallocated orders, 10 ongoing orders, 775 completed orders.
2022-02-16 21:14:34,144 [simulator_env.py | 100] INFO: Finish the dispatch.
2022-02-16 21:14:34,147 [simulator_env.py | 278] INFO: 2022-02-16 14:20:00, Order 14105600785: state = 1 < 2, we can not finish the simulation
2022-02-16 21:14:34,147 [simulator_env.py | 87] INFO: **************************************************
2022-02-16 21:14:34,148 [simulator_env.py | 91] INFO: cur time: 2022-02-16 14:30:00, pre time: 2022-02-16 14:20:00
2022-02-16 21:14:34,148 [simulator_env.py | 147] INFO: Start to update the input of 2022-02-16 14:30:00
2022-02-16 21:14:34,155 [simulator_env.py | 175] INFO: Get 15 unallocated orders, 9 ongoing orders, 789 completed orders.
2022-02-16 21:14:35,896 [simulator_env.py | 100] INFO: Finish the dispatch.
2022-02-16 21:14:35,898 [simulator_env.py | 278] INFO: 2022-02-16 14:30:00, Order 14204600798: state = 1 < 2, we can not finish the simulation
2022-02-16 21:14:35,899 [simulator_env.py | 87] INFO: **************************************************
2022-02-16 21:14:35,899 [simulator_env.py | 91] INFO: cur time: 2022-02-16 14:40:00, pre time: 2022-02-16 14:30:00
2022-02-16 21:14:35,899 [simulator_env.py | 147] INFO: Start to update the input of 2022-02-16 14:40:00
2022-02-16 21:14:35,906 [simulator_env.py | 175] INFO: Get 12 unallocated orders, 13 ongoing orders, 800 completed orders.
2022-02-16 21:14:37,604 [simulator_env.py | 100] INFO: Finish the dispatch.
2022-02-16 21:14:37,608 [simulator_env.py | 278] INFO: 2022-02-16 14:40:00, Order 14301600813: state = 1 < 2, we can not finish the simulation
2022-02-16 21:14:37,608 [simulator_env.py | 87] INFO: **************************************************
2022-02-16 21:14:37,608 [simulator_env.py | 91] INFO: cur time: 2022-02-16 14:50:00, pre time: 2022-02-16 14:40:00
2022-02-16 21:14:37,609 [simulator_env.py | 147] INFO: Start to update the input of 2022-02-16 14:50:00
2022-02-16 21:14:37,615 [simulator_env.py | 175] INFO: Get 15 unallocated orders, 10 ongoing orders, 815 completed orders.
2022-02-16 21:14:39,528 [simulator_env.py | 100] INFO: Finish the dispatch.
2022-02-16 21:14:39,531 [simulator_env.py | 278] INFO: 2022-02-16 14:50:00, Order 14404100825: state = 1 < 2, we can not finish the simulation
2022-02-16 21:14:39,532 [simulator_env.py | 87] INFO: **************************************************
2022-02-16 21:14:39,532 [simulator_env.py | 91] INFO: cur time: 2022-02-16 15:00:00, pre time: 2022-02-16 14:50:00
2022-02-16 21:14:39,532 [simulator_env.py | 147] INFO: Start to update the input of 2022-02-16 15:00:00
2022-02-16 21:14:39,538 [simulator_env.py | 175] INFO: Get 11 unallocated orders, 7 ongoing orders, 833 completed orders.
2022-02-16 21:14:41,319 [simulator_env.py | 100] INFO: Finish the dispatch.
2022-02-16 21:14:41,321 [simulator_env.py | 278] INFO: 2022-02-16 15:00:00, Order 14502500840: state = 1 < 2, we can not finish the simulation
2022-02-16 21:14:41,322 [simulator_env.py | 87] INFO: **************************************************
2022-02-16 21:14:41,322 [simulator_env.py | 91] INFO: cur time: 2022-02-16 15:10:00, pre time: 2022-02-16 15:00:00
2022-02-16 21:14:41,322 [simulator_env.py | 147] INFO: Start to update the input of 2022-02-16 15:10:00
2022-02-16 21:14:41,328 [simulator_env.py | 175] INFO: Get 0 unallocated orders, 5 ongoing orders, 846 completed orders.
2022-02-16 21:14:43,453 [simulator_env.py | 100] INFO: Finish the dispatch.
2022-02-16 21:14:43,455 [simulator_env.py | 281] INFO: 2022-02-16 15:10:00, the status of all orders is greater than 1, we could finish the simulation
2022-02-16 21:14:43,460 [simulator_env.py | 124] INFO: finished the left ongoing orders
2022-02-16 21:14:43,461 [evaluator.py    | 116] INFO: Traveling Distance of driver D_1 is  79.700, visited node list: 28
2022-02-16 21:14:43,462 [evaluator.py    | 116] INFO: Traveling Distance of driver D_2 is  126.950, visited node list: 46
2022-02-16 21:14:43,462 [evaluator.py    | 116] INFO: Traveling Distance of driver D_3 is  112.940, visited node list: 37
2022-02-16 21:14:43,463 [evaluator.py    | 116] INFO: Traveling Distance of driver D_4 is  122.260, visited node list: 46
2022-02-16 21:14:43,464 [evaluator.py    | 116] INFO: Traveling Distance of driver D_5 is  119.670, visited node list: 46
2022-02-16 21:14:43,465 [evaluator.py    | 116] INFO: Traveling Distance of driver D_6 is  117.090, visited node list: 46
2022-02-16 21:14:43,465 [evaluator.py    | 116] INFO: Traveling Distance of driver D_7 is  123.440, visited node list: 42
2022-02-16 21:14:43,466 [evaluator.py    | 116] INFO: Traveling Distance of driver D_8 is  119.640, visited node list: 42
2022-02-16 21:14:43,466 [evaluator.py    | 116] INFO: Traveling Distance of driver D_9 is  129.010, visited node list: 40
2022-02-16 21:14:43,467 [evaluator.py    | 116] INFO: Traveling Distance of driver D_10 is  109.210, visited node list: 38
2022-02-16 21:14:43,467 [evaluator.py    | 116] INFO: Traveling Distance of driver D_11 is  129.060, visited node list: 52
2022-02-16 21:14:43,468 [evaluator.py    | 116] INFO: Traveling Distance of driver D_12 is  107.550, visited node list: 41
2022-02-16 21:14:43,469 [evaluator.py    | 116] INFO: Traveling Distance of driver D_13 is  121.720, visited node list: 42
2022-02-16 21:14:43,469 [evaluator.py    | 116] INFO: Traveling Distance of driver D_14 is  114.680, visited node list: 43
2022-02-16 21:14:43,469 [evaluator.py    | 116] INFO: Traveling Distance of driver D_15 is  110.520, visited node list: 37
2022-02-16 21:14:43,470 [evaluator.py    | 116] INFO: Traveling Distance of driver D_16 is  118.220, visited node list: 51
2022-02-16 21:14:43,470 [evaluator.py    | 116] INFO: Traveling Distance of driver D_17 is  114.370, visited node list: 45
2022-02-16 21:14:43,471 [evaluator.py    | 116] INFO: Traveling Distance of driver D_18 is  121.480, visited node list: 47
2022-02-16 21:14:43,471 [evaluator.py    | 116] INFO: Traveling Distance of driver D_19 is  113.490, visited node list: 43
2022-02-16 21:14:43,472 [evaluator.py    | 116] INFO: Traveling Distance of driver D_20 is  113.640, visited node list: 44
2022-02-16 21:14:43,472 [evaluator.py    | 116] INFO: Traveling Distance of driver D_21 is  86.220, visited node list: 35
2022-02-16 21:14:43,472 [evaluator.py    | 116] INFO: Traveling Distance of driver D_22 is  110.310, visited node list: 40
2022-02-16 21:14:43,473 [evaluator.py    | 116] INFO: Traveling Distance of driver D_23 is  107.560, visited node list: 42
2022-02-16 21:14:43,474 [evaluator.py    | 116] INFO: Traveling Distance of driver D_24 is  89.840, visited node list: 31
2022-02-16 21:14:43,474 [evaluator.py    | 116] INFO: Traveling Distance of driver D_25 is  98.730, visited node list: 36
2022-02-16 21:14:43,474 [evaluator.py    | 116] INFO: Traveling Distance of driver D_26 is  62.210, visited node list: 25
2022-02-16 21:14:43,475 [evaluator.py    | 116] INFO: Traveling Distance of driver D_27 is  97.470, visited node list: 38
2022-02-16 21:14:43,475 [evaluator.py    | 116] INFO: Traveling Distance of driver D_28 is  85.920, visited node list: 37
2022-02-16 21:14:43,475 [evaluator.py    | 116] INFO: Traveling Distance of driver D_29 is  80.720, visited node list: 33
2022-02-16 21:14:43,476 [evaluator.py    | 116] INFO: Traveling Distance of driver D_30 is  69.970, visited node list: 29
2022-02-16 21:14:43,476 [evaluator.py    | 116] INFO: Traveling Distance of driver D_31 is  77.010, visited node list: 29
2022-02-16 21:14:43,476 [evaluator.py    | 116] INFO: Traveling Distance of driver D_32 is  67.880, visited node list: 22
2022-02-16 21:14:43,477 [evaluator.py    | 116] INFO: Traveling Distance of driver D_33 is  67.080, visited node list: 27
2022-02-16 21:14:43,477 [evaluator.py    | 116] INFO: Traveling Distance of driver D_34 is  53.920, visited node list: 29
2022-02-16 21:14:43,477 [evaluator.py    | 116] INFO: Traveling Distance of driver D_35 is  59.970, visited node list: 25
2022-02-16 21:14:43,478 [evaluator.py    | 116] INFO: Traveling Distance of driver D_36 is  58.470, visited node list: 25
2022-02-16 21:14:43,478 [evaluator.py    | 116] INFO: Traveling Distance of driver D_37 is  58.740, visited node list: 23
2022-02-16 21:14:43,478 [evaluator.py    | 116] INFO: Traveling Distance of driver D_38 is  61.100, visited node list: 24
2022-02-16 21:14:43,478 [evaluator.py    | 116] INFO: Traveling Distance of driver D_39 is  53.470, visited node list: 25
2022-02-16 21:14:43,479 [evaluator.py    | 116] INFO: Traveling Distance of driver D_40 is  54.910, visited node list: 21
2022-02-16 21:14:43,479 [evaluator.py    | 116] INFO: Traveling Distance of driver D_41 is  53.440, visited node list: 21
2022-02-16 21:14:43,479 [evaluator.py    | 116] INFO: Traveling Distance of driver D_42 is  55.700, visited node list: 19
2022-02-16 21:14:43,480 [evaluator.py    | 116] INFO: Traveling Distance of driver D_43 is  48.300, visited node list: 21
2022-02-16 21:14:43,482 [evaluator.py    | 116] INFO: Traveling Distance of driver D_44 is  51.330, visited node list: 18
2022-02-16 21:14:43,482 [evaluator.py    | 116] INFO: Traveling Distance of driver D_45 is  54.590, visited node list: 21
2022-02-16 21:14:43,483 [evaluator.py    | 116] INFO: Traveling Distance of driver D_46 is  51.720, visited node list: 18
2022-02-16 21:14:43,483 [evaluator.py    | 116] INFO: Traveling Distance of driver D_47 is  44.100, visited node list: 18
2022-02-16 21:14:43,483 [evaluator.py    | 116] INFO: Traveling Distance of driver D_48 is  52.360, visited node list: 19
2022-02-16 21:14:43,483 [evaluator.py    | 116] INFO: Traveling Distance of driver D_49 is  46.590, visited node list: 19
2022-02-16 21:14:43,484 [evaluator.py    | 116] INFO: Traveling Distance of driver D_50 is  43.630, visited node list: 19
2022-02-16 21:14:43,484 [evaluator.py    | 116] INFO: Traveling Distance of driver D_51 is  42.310, visited node list: 16
2022-02-16 21:14:43,484 [evaluator.py    | 116] INFO: Traveling Distance of driver D_52 is  49.170, visited node list: 17
2022-02-16 21:14:43,487 [evaluator.py    | 116] INFO: Traveling Distance of driver D_53 is  54.000, visited node list: 22
2022-02-16 21:14:43,487 [evaluator.py    | 116] INFO: Traveling Distance of driver D_54 is  51.600, visited node list: 19
2022-02-16 21:14:43,487 [evaluator.py    | 116] INFO: Traveling Distance of driver D_55 is  38.430, visited node list: 15
2022-02-16 21:14:43,488 [evaluator.py    | 18] INFO: Total distance:  4563.410
2022-02-16 21:14:43,582 [evaluator.py    | 22] INFO: Sum over time:  0.000
2022-02-16 21:14:43,583 [evaluator.py    | 26] INFO: Total score:  82.971
2022-02-16 21:14:43,742 [main.py         | 43] INFO: Score of instance_58: 82.97109090909092
