2022-02-16 21:04:12,447 [main.py         | 38] INFO: Start to run /Users/yangjingfeng/Library/CloudStorage/OneDrive-Personal/Public/PhD Study/Papers/Food_Delivery/Code/Food_delivery_simulator/Benchmark/Instance_small: instance_50
2022-02-16 21:04:12,448 [simulator_api.py | 43] INFO: Start time of the simulator: 2022-02-16 09:00:00, time interval:  600.00
2022-02-16 21:04:12,597 [input_utils.py  | 35] INFO: Get 1158 locations
2022-02-16 21:04:12,612 [input_utils.py  | 39] INFO: Get 55 drivers
2022-02-16 21:04:12,966 [input_utils.py  | 43] INFO: Get 798 orders
2022-02-16 21:04:12,967 [simulator_api.py | 75] INFO: Initial position of D_1 is Bukit Timah Market & Food Centre
2022-02-16 21:04:12,967 [simulator_api.py | 75] INFO: Initial position of D_2 is Bukit Timah Market & Food Centre
2022-02-16 21:04:12,967 [simulator_api.py | 75] INFO: Initial position of D_3 is Ghim Moh Market & Food Centre
2022-02-16 21:04:12,967 [simulator_api.py | 75] INFO: Initial position of D_4 is Bukit Timah Market & Food Centre
2022-02-16 21:04:12,967 [simulator_api.py | 75] INFO: Initial position of D_5 is Alexandra Village Food Centre
2022-02-16 21:04:12,967 [simulator_api.py | 75] INFO: Initial position of D_6 is Bukit Timah Market & Food Centre
2022-02-16 21:04:12,967 [simulator_api.py | 75] INFO: Initial position of D_7 is Bukit Timah Market & Food Centre
2022-02-16 21:04:12,968 [simulator_api.py | 75] INFO: Initial position of D_8 is Bukit Timah Market & Food Centre
2022-02-16 21:04:12,968 [simulator_api.py | 75] INFO: Initial position of D_9 is Bukit Timah Market & Food Centre
2022-02-16 21:04:12,968 [simulator_api.py | 75] INFO: Initial position of D_10 is Bukit Timah Market & Food Centre
2022-02-16 21:04:12,968 [simulator_api.py | 75] INFO: Initial position of D_11 is Alexandra Village Food Centre
2022-02-16 21:04:12,968 [simulator_api.py | 75] INFO: Initial position of D_12 is Ghim Moh Market & Food Centre
2022-02-16 21:04:12,968 [simulator_api.py | 75] INFO: Initial position of D_13 is Alexandra Village Food Centre
2022-02-16 21:04:12,968 [simulator_api.py | 75] INFO: Initial position of D_14 is Ghim Moh Market & Food Centre
2022-02-16 21:04:12,968 [simulator_api.py | 75] INFO: Initial position of D_15 is Bukit Timah Market & Food Centre
2022-02-16 21:04:12,968 [simulator_api.py | 75] INFO: Initial position of D_16 is Ghim Moh Market & Food Centre
2022-02-16 21:04:12,969 [simulator_api.py | 75] INFO: Initial position of D_17 is Ghim Moh Market & Food Centre
2022-02-16 21:04:12,970 [simulator_api.py | 75] INFO: Initial position of D_18 is Alexandra Village Food Centre
2022-02-16 21:04:12,971 [simulator_api.py | 75] INFO: Initial position of D_19 is Bukit Timah Market & Food Centre
2022-02-16 21:04:12,971 [simulator_api.py | 75] INFO: Initial position of D_20 is Alexandra Village Food Centre
2022-02-16 21:04:12,971 [simulator_api.py | 75] INFO: Initial position of D_21 is Alexandra Village Food Centre
2022-02-16 21:04:12,971 [simulator_api.py | 75] INFO: Initial position of D_22 is Alexandra Village Food Centre
2022-02-16 21:04:12,971 [simulator_api.py | 75] INFO: Initial position of D_23 is Ghim Moh Market & Food Centre
2022-02-16 21:04:12,971 [simulator_api.py | 75] INFO: Initial position of D_24 is Bukit Timah Market & Food Centre
2022-02-16 21:04:12,971 [simulator_api.py | 75] INFO: Initial position of D_25 is Ghim Moh Market & Food Centre
2022-02-16 21:04:12,971 [simulator_api.py | 75] INFO: Initial position of D_26 is Alexandra Village Food Centre
2022-02-16 21:04:12,971 [simulator_api.py | 75] INFO: Initial position of D_27 is Ghim Moh Market & Food Centre
2022-02-16 21:04:12,972 [simulator_api.py | 75] INFO: Initial position of D_28 is Alexandra Village Food Centre
2022-02-16 21:04:12,972 [simulator_api.py | 75] INFO: Initial position of D_29 is Bukit Timah Market & Food Centre
2022-02-16 21:04:12,972 [simulator_api.py | 75] INFO: Initial position of D_30 is Bukit Timah Market & Food Centre
2022-02-16 21:04:12,972 [simulator_api.py | 75] INFO: Initial position of D_31 is Alexandra Village Food Centre
2022-02-16 21:04:12,972 [simulator_api.py | 75] INFO: Initial position of D_32 is Ghim Moh Market & Food Centre
2022-02-16 21:04:12,972 [simulator_api.py | 75] INFO: Initial position of D_33 is Bukit Timah Market & Food Centre
2022-02-16 21:04:12,972 [simulator_api.py | 75] INFO: Initial position of D_34 is Bukit Timah Market & Food Centre
2022-02-16 21:04:12,972 [simulator_api.py | 75] INFO: Initial position of D_35 is Bukit Timah Market & Food Centre
2022-02-16 21:04:12,973 [simulator_api.py | 75] INFO: Initial position of D_36 is Alexandra Village Food Centre
2022-02-16 21:04:12,973 [simulator_api.py | 75] INFO: Initial position of D_37 is Alexandra Village Food Centre
2022-02-16 21:04:12,974 [simulator_api.py | 75] INFO: Initial position of D_38 is Ghim Moh Market & Food Centre
2022-02-16 21:04:12,974 [simulator_api.py | 75] INFO: Initial position of D_39 is Alexandra Village Food Centre
2022-02-16 21:04:12,974 [simulator_api.py | 75] INFO: Initial position of D_40 is Bukit Timah Market & Food Centre
2022-02-16 21:04:12,974 [simulator_api.py | 75] INFO: Initial position of D_41 is Bukit Timah Market & Food Centre
2022-02-16 21:04:12,974 [simulator_api.py | 75] INFO: Initial position of D_42 is Alexandra Village Food Centre
2022-02-16 21:04:12,974 [simulator_api.py | 75] INFO: Initial position of D_43 is Bukit Timah Market & Food Centre
2022-02-16 21:04:12,974 [simulator_api.py | 75] INFO: Initial position of D_44 is Ghim Moh Market & Food Centre
2022-02-16 21:04:12,976 [simulator_api.py | 75] INFO: Initial position of D_45 is Alexandra Village Food Centre
2022-02-16 21:04:12,976 [simulator_api.py | 75] INFO: Initial position of D_46 is Ghim Moh Market & Food Centre
2022-02-16 21:04:12,976 [simulator_api.py | 75] INFO: Initial position of D_47 is Ghim Moh Market & Food Centre
2022-02-16 21:04:12,976 [simulator_api.py | 75] INFO: Initial position of D_48 is Alexandra Village Food Centre
2022-02-16 21:04:12,976 [simulator_api.py | 75] INFO: Initial position of D_49 is Bukit Timah Market & Food Centre
2022-02-16 21:04:12,976 [simulator_api.py | 75] INFO: Initial position of D_50 is Alexandra Village Food Centre
2022-02-16 21:04:12,976 [simulator_api.py | 75] INFO: Initial position of D_51 is Alexandra Village Food Centre
2022-02-16 21:04:12,977 [simulator_api.py | 75] INFO: Initial position of D_52 is Alexandra Village Food Centre
2022-02-16 21:04:12,977 [simulator_api.py | 75] INFO: Initial position of D_53 is Ghim Moh Market & Food Centre
2022-02-16 21:04:12,977 [simulator_api.py | 75] INFO: Initial position of D_54 is Alexandra Village Food Centre
2022-02-16 21:04:12,977 [simulator_api.py | 75] INFO: Initial position of D_55 is Bukit Timah Market & Food Centre
2022-02-16 21:04:12,994 [simulator_env.py | 87] INFO: **************************************************
2022-02-16 21:04:12,994 [simulator_env.py | 91] INFO: cur time: 2022-02-16 09:10:00, pre time: 2022-02-16 09:00:00
2022-02-16 21:04:12,994 [simulator_env.py | 147] INFO: Start to update the input of 2022-02-16 09:10:00
2022-02-16 21:04:12,996 [simulator_env.py | 175] INFO: Get 17 unallocated orders, 0 ongoing orders, 0 completed orders.
2022-02-16 21:04:14,751 [simulator_env.py | 100] INFO: Finish the dispatch.
2022-02-16 21:04:14,752 [simulator_env.py | 278] INFO: 2022-02-16 09:10:00, Order 09001000000: state = 1 < 2, we can not finish the simulation
2022-02-16 21:04:14,752 [simulator_env.py | 87] INFO: **************************************************
2022-02-16 21:04:14,752 [simulator_env.py | 91] INFO: cur time: 2022-02-16 09:20:00, pre time: 2022-02-16 09:10:00
2022-02-16 21:04:14,752 [simulator_env.py | 147] INFO: Start to update the input of 2022-02-16 09:20:00
2022-02-16 21:04:14,757 [simulator_env.py | 175] INFO: Get 33 unallocated orders, 9 ongoing orders, 8 completed orders.
2022-02-16 21:04:16,546 [simulator_env.py | 100] INFO: Finish the dispatch.
2022-02-16 21:04:16,548 [simulator_env.py | 278] INFO: 2022-02-16 09:20:00, Order 09100600017: state = 1 < 2, we can not finish the simulation
2022-02-16 21:04:16,549 [simulator_env.py | 87] INFO: **************************************************
2022-02-16 21:04:16,549 [simulator_env.py | 91] INFO: cur time: 2022-02-16 09:30:00, pre time: 2022-02-16 09:20:00
2022-02-16 21:04:16,549 [simulator_env.py | 147] INFO: Start to update the input of 2022-02-16 09:30:00
2022-02-16 21:04:16,555 [simulator_env.py | 175] INFO: Get 27 unallocated orders, 26 ongoing orders, 24 completed orders.
2022-02-16 21:04:18,223 [simulator_env.py | 100] INFO: Finish the dispatch.
2022-02-16 21:04:18,226 [simulator_env.py | 278] INFO: 2022-02-16 09:30:00, Order 09201500050: state = 1 < 2, we can not finish the simulation
2022-02-16 21:04:18,227 [simulator_env.py | 87] INFO: **************************************************
2022-02-16 21:04:18,227 [simulator_env.py | 91] INFO: cur time: 2022-02-16 09:40:00, pre time: 2022-02-16 09:30:00
2022-02-16 21:04:18,227 [simulator_env.py | 147] INFO: Start to update the input of 2022-02-16 09:40:00
2022-02-16 21:04:18,235 [simulator_env.py | 175] INFO: Get 24 unallocated orders, 16 ongoing orders, 61 completed orders.
2022-02-16 21:04:19,786 [simulator_env.py | 100] INFO: Finish the dispatch.
2022-02-16 21:04:19,788 [simulator_env.py | 278] INFO: 2022-02-16 09:40:00, Order 09300900077: state = 1 < 2, we can not finish the simulation
2022-02-16 21:04:19,789 [simulator_env.py | 87] INFO: **************************************************
2022-02-16 21:04:19,790 [simulator_env.py | 91] INFO: cur time: 2022-02-16 09:50:00, pre time: 2022-02-16 09:40:00
2022-02-16 21:04:19,790 [simulator_env.py | 147] INFO: Start to update the input of 2022-02-16 09:50:00
2022-02-16 21:04:19,798 [simulator_env.py | 175] INFO: Get 25 unallocated orders, 20 ongoing orders, 81 completed orders.
2022-02-16 21:04:21,416 [simulator_env.py | 100] INFO: Finish the dispatch.
2022-02-16 21:04:21,419 [simulator_env.py | 278] INFO: 2022-02-16 09:50:00, Order 09402800101: state = 1 < 2, we can not finish the simulation
2022-02-16 21:04:21,420 [simulator_env.py | 87] INFO: **************************************************
2022-02-16 21:04:21,420 [simulator_env.py | 91] INFO: cur time: 2022-02-16 10:00:00, pre time: 2022-02-16 09:50:00
2022-02-16 21:04:21,420 [simulator_env.py | 147] INFO: Start to update the input of 2022-02-16 10:00:00
2022-02-16 21:04:21,431 [simulator_env.py | 175] INFO: Get 38 unallocated orders, 18 ongoing orders, 108 completed orders.
2022-02-16 21:04:22,953 [simulator_env.py | 100] INFO: Finish the dispatch.
2022-02-16 21:04:22,956 [simulator_env.py | 278] INFO: 2022-02-16 10:00:00, Order 09503700126: state = 1 < 2, we can not finish the simulation
2022-02-16 21:04:22,957 [simulator_env.py | 87] INFO: **************************************************
2022-02-16 21:04:22,957 [simulator_env.py | 91] INFO: cur time: 2022-02-16 10:10:00, pre time: 2022-02-16 10:00:00
2022-02-16 21:04:22,957 [simulator_env.py | 147] INFO: Start to update the input of 2022-02-16 10:10:00
2022-02-16 21:04:22,969 [simulator_env.py | 175] INFO: Get 32 unallocated orders, 28 ongoing orders, 136 completed orders.
2022-02-16 21:04:24,522 [simulator_env.py | 100] INFO: Finish the dispatch.
2022-02-16 21:04:24,526 [simulator_env.py | 278] INFO: 2022-02-16 10:10:00, Order 10000500164: state = 1 < 2, we can not finish the simulation
2022-02-16 21:04:24,528 [simulator_env.py | 87] INFO: **************************************************
2022-02-16 21:04:24,528 [simulator_env.py | 91] INFO: cur time: 2022-02-16 10:20:00, pre time: 2022-02-16 10:10:00
2022-02-16 21:04:24,528 [simulator_env.py | 147] INFO: Start to update the input of 2022-02-16 10:20:00
2022-02-16 21:04:24,546 [simulator_env.py | 175] INFO: Get 29 unallocated orders, 20 ongoing orders, 173 completed orders.
2022-02-16 21:04:26,160 [simulator_env.py | 100] INFO: Finish the dispatch.
2022-02-16 21:04:26,163 [simulator_env.py | 278] INFO: 2022-02-16 10:20:00, Order 10073900192: state = 1 < 2, we can not finish the simulation
2022-02-16 21:04:26,164 [simulator_env.py | 87] INFO: **************************************************
2022-02-16 21:04:26,164 [simulator_env.py | 91] INFO: cur time: 2022-02-16 10:30:00, pre time: 2022-02-16 10:20:00
2022-02-16 21:04:26,164 [simulator_env.py | 147] INFO: Start to update the input of 2022-02-16 10:30:00
2022-02-16 21:04:26,176 [simulator_env.py | 175] INFO: Get 30 unallocated orders, 14 ongoing orders, 208 completed orders.
2022-02-16 21:04:27,704 [simulator_env.py | 100] INFO: Finish the dispatch.
2022-02-16 21:04:27,707 [simulator_env.py | 278] INFO: 2022-02-16 10:30:00, Order 10201000222: state = 1 < 2, we can not finish the simulation
2022-02-16 21:04:27,707 [simulator_env.py | 87] INFO: **************************************************
2022-02-16 21:04:27,707 [simulator_env.py | 91] INFO: cur time: 2022-02-16 10:40:00, pre time: 2022-02-16 10:30:00
2022-02-16 21:04:27,707 [simulator_env.py | 147] INFO: Start to update the input of 2022-02-16 10:40:00
2022-02-16 21:04:27,724 [simulator_env.py | 175] INFO: Get 40 unallocated orders, 17 ongoing orders, 235 completed orders.
2022-02-16 21:04:29,467 [simulator_env.py | 100] INFO: Finish the dispatch.
2022-02-16 21:04:29,470 [simulator_env.py | 278] INFO: 2022-02-16 10:40:00, Order 10300500252: state = 1 < 2, we can not finish the simulation
2022-02-16 21:04:29,471 [simulator_env.py | 87] INFO: **************************************************
2022-02-16 21:04:29,471 [simulator_env.py | 91] INFO: cur time: 2022-02-16 10:50:00, pre time: 2022-02-16 10:40:00
2022-02-16 21:04:29,472 [simulator_env.py | 147] INFO: Start to update the input of 2022-02-16 10:50:00
2022-02-16 21:04:29,482 [simulator_env.py | 175] INFO: Get 37 unallocated orders, 22 ongoing orders, 270 completed orders.
2022-02-16 21:04:31,119 [simulator_env.py | 100] INFO: Finish the dispatch.
2022-02-16 21:04:31,123 [simulator_env.py | 278] INFO: 2022-02-16 10:50:00, Order 10402600292: state = 1 < 2, we can not finish the simulation
2022-02-16 21:04:31,124 [simulator_env.py | 87] INFO: **************************************************
2022-02-16 21:04:31,124 [simulator_env.py | 91] INFO: cur time: 2022-02-16 11:00:00, pre time: 2022-02-16 10:50:00
2022-02-16 21:04:31,126 [simulator_env.py | 147] INFO: Start to update the input of 2022-02-16 11:00:00
2022-02-16 21:04:31,139 [simulator_env.py | 175] INFO: Get 37 unallocated orders, 21 ongoing orders, 303 completed orders.
2022-02-16 21:04:32,630 [simulator_env.py | 100] INFO: Finish the dispatch.
2022-02-16 21:04:32,633 [simulator_env.py | 278] INFO: 2022-02-16 11:00:00, Order 10490700324: state = 1 < 2, we can not finish the simulation
2022-02-16 21:04:32,634 [simulator_env.py | 87] INFO: **************************************************
2022-02-16 21:04:32,634 [simulator_env.py | 91] INFO: cur time: 2022-02-16 11:10:00, pre time: 2022-02-16 11:00:00
2022-02-16 21:04:32,634 [simulator_env.py | 147] INFO: Start to update the input of 2022-02-16 11:10:00
2022-02-16 21:04:32,647 [simulator_env.py | 175] INFO: Get 25 unallocated orders, 22 ongoing orders, 338 completed orders.
2022-02-16 21:04:34,199 [simulator_env.py | 100] INFO: Finish the dispatch.
2022-02-16 21:04:34,202 [simulator_env.py | 278] INFO: 2022-02-16 11:10:00, Order 10585500358: state = 1 < 2, we can not finish the simulation
2022-02-16 21:04:34,203 [simulator_env.py | 87] INFO: **************************************************
2022-02-16 21:04:34,203 [simulator_env.py | 91] INFO: cur time: 2022-02-16 11:20:00, pre time: 2022-02-16 11:10:00
2022-02-16 21:04:34,203 [simulator_env.py | 147] INFO: Start to update the input of 2022-02-16 11:20:00
2022-02-16 21:04:34,214 [simulator_env.py | 175] INFO: Get 38 unallocated orders, 16 ongoing orders, 369 completed orders.
2022-02-16 21:04:35,868 [simulator_env.py | 100] INFO: Finish the dispatch.
2022-02-16 21:04:35,871 [simulator_env.py | 278] INFO: 2022-02-16 11:20:00, Order 11100800385: state = 1 < 2, we can not finish the simulation
2022-02-16 21:04:35,872 [simulator_env.py | 87] INFO: **************************************************
2022-02-16 21:04:35,872 [simulator_env.py | 91] INFO: cur time: 2022-02-16 11:30:00, pre time: 2022-02-16 11:20:00
2022-02-16 21:04:35,872 [simulator_env.py | 147] INFO: Start to update the input of 2022-02-16 11:30:00
2022-02-16 21:04:35,885 [simulator_env.py | 175] INFO: Get 25 unallocated orders, 32 ongoing orders, 391 completed orders.
2022-02-16 21:04:37,369 [simulator_env.py | 100] INFO: Finish the dispatch.
2022-02-16 21:04:37,373 [simulator_env.py | 278] INFO: 2022-02-16 11:30:00, Order 11214000423: state = 1 < 2, we can not finish the simulation
2022-02-16 21:04:37,374 [simulator_env.py | 87] INFO: **************************************************
2022-02-16 21:04:37,374 [simulator_env.py | 91] INFO: cur time: 2022-02-16 11:40:00, pre time: 2022-02-16 11:30:00
2022-02-16 21:04:37,374 [simulator_env.py | 147] INFO: Start to update the input of 2022-02-16 11:40:00
2022-02-16 21:04:37,385 [simulator_env.py | 175] INFO: Get 31 unallocated orders, 15 ongoing orders, 431 completed orders.
2022-02-16 21:04:38,947 [simulator_env.py | 100] INFO: Finish the dispatch.
2022-02-16 21:04:38,949 [simulator_env.py | 278] INFO: 2022-02-16 11:40:00, Order 11291000445: state = 1 < 2, we can not finish the simulation
2022-02-16 21:04:38,950 [simulator_env.py | 87] INFO: **************************************************
2022-02-16 21:04:38,950 [simulator_env.py | 91] INFO: cur time: 2022-02-16 11:50:00, pre time: 2022-02-16 11:40:00
2022-02-16 21:04:38,950 [simulator_env.py | 147] INFO: Start to update the input of 2022-02-16 11:50:00
2022-02-16 21:04:38,959 [simulator_env.py | 175] INFO: Get 32 unallocated orders, 21 ongoing orders, 456 completed orders.
2022-02-16 21:04:40,704 [simulator_env.py | 100] INFO: Finish the dispatch.
2022-02-16 21:04:40,707 [simulator_env.py | 278] INFO: 2022-02-16 11:50:00, Order 11401200477: state = 1 < 2, we can not finish the simulation
2022-02-16 21:04:40,708 [simulator_env.py | 87] INFO: **************************************************
2022-02-16 21:04:40,708 [simulator_env.py | 91] INFO: cur time: 2022-02-16 12:00:00, pre time: 2022-02-16 11:50:00
2022-02-16 21:04:40,708 [simulator_env.py | 147] INFO: Start to update the input of 2022-02-16 12:00:00
2022-02-16 21:04:40,717 [simulator_env.py | 175] INFO: Get 41 unallocated orders, 18 ongoing orders, 490 completed orders.
2022-02-16 21:04:42,369 [simulator_env.py | 100] INFO: Finish the dispatch.
2022-02-16 21:04:42,381 [simulator_env.py | 278] INFO: 2022-02-16 12:00:00, Order 11490900508: state = 1 < 2, we can not finish the simulation
2022-02-16 21:04:42,382 [simulator_env.py | 87] INFO: **************************************************
2022-02-16 21:04:42,382 [simulator_env.py | 91] INFO: cur time: 2022-02-16 12:10:00, pre time: 2022-02-16 12:00:00
2022-02-16 21:04:42,382 [simulator_env.py | 147] INFO: Start to update the input of 2022-02-16 12:10:00
2022-02-16 21:04:42,402 [simulator_env.py | 175] INFO: Get 16 unallocated orders, 21 ongoing orders, 526 completed orders.
2022-02-16 21:04:44,022 [simulator_env.py | 100] INFO: Finish the dispatch.
2022-02-16 21:04:44,024 [simulator_env.py | 278] INFO: 2022-02-16 12:10:00, Order 11585700545: state = 1 < 2, we can not finish the simulation
2022-02-16 21:04:44,026 [simulator_env.py | 87] INFO: **************************************************
2022-02-16 21:04:44,026 [simulator_env.py | 91] INFO: cur time: 2022-02-16 12:20:00, pre time: 2022-02-16 12:10:00
2022-02-16 21:04:44,026 [simulator_env.py | 147] INFO: Start to update the input of 2022-02-16 12:20:00
2022-02-16 21:04:44,034 [simulator_env.py | 175] INFO: Get 19 unallocated orders, 8 ongoing orders, 555 completed orders.
2022-02-16 21:04:45,590 [simulator_env.py | 100] INFO: Finish the dispatch.
2022-02-16 21:04:45,592 [simulator_env.py | 278] INFO: 2022-02-16 12:20:00, Order 12102000563: state = 1 < 2, we can not finish the simulation
2022-02-16 21:04:45,593 [simulator_env.py | 87] INFO: **************************************************
2022-02-16 21:04:45,593 [simulator_env.py | 91] INFO: cur time: 2022-02-16 12:30:00, pre time: 2022-02-16 12:20:00
2022-02-16 21:04:45,594 [simulator_env.py | 147] INFO: Start to update the input of 2022-02-16 12:30:00
2022-02-16 21:04:45,601 [simulator_env.py | 175] INFO: Get 21 unallocated orders, 14 ongoing orders, 568 completed orders.
2022-02-16 21:04:47,134 [simulator_env.py | 100] INFO: Finish the dispatch.
2022-02-16 21:04:47,137 [simulator_env.py | 278] INFO: 2022-02-16 12:30:00, Order 12201000582: state = 1 < 2, we can not finish the simulation
2022-02-16 21:04:47,138 [simulator_env.py | 87] INFO: **************************************************
2022-02-16 21:04:47,138 [simulator_env.py | 91] INFO: cur time: 2022-02-16 12:40:00, pre time: 2022-02-16 12:30:00
2022-02-16 21:04:47,138 [simulator_env.py | 147] INFO: Start to update the input of 2022-02-16 12:40:00
2022-02-16 21:04:47,148 [simulator_env.py | 175] INFO: Get 13 unallocated orders, 15 ongoing orders, 588 completed orders.
2022-02-16 21:04:48,782 [simulator_env.py | 100] INFO: Finish the dispatch.
2022-02-16 21:04:48,784 [simulator_env.py | 278] INFO: 2022-02-16 12:40:00, Order 12304400603: state = 1 < 2, we can not finish the simulation
2022-02-16 21:04:48,785 [simulator_env.py | 87] INFO: **************************************************
2022-02-16 21:04:48,785 [simulator_env.py | 91] INFO: cur time: 2022-02-16 12:50:00, pre time: 2022-02-16 12:40:00
2022-02-16 21:04:48,785 [simulator_env.py | 147] INFO: Start to update the input of 2022-02-16 12:50:00
2022-02-16 21:04:48,792 [simulator_env.py | 175] INFO: Get 20 unallocated orders, 10 ongoing orders, 606 completed orders.
2022-02-16 21:04:50,367 [simulator_env.py | 100] INFO: Finish the dispatch.
2022-02-16 21:04:50,370 [simulator_env.py | 278] INFO: 2022-02-16 12:50:00, Order 12402100616: state = 1 < 2, we can not finish the simulation
2022-02-16 21:04:50,370 [simulator_env.py | 87] INFO: **************************************************
2022-02-16 21:04:50,371 [simulator_env.py | 91] INFO: cur time: 2022-02-16 13:00:00, pre time: 2022-02-16 12:50:00
2022-02-16 21:04:50,371 [simulator_env.py | 147] INFO: Start to update the input of 2022-02-16 13:00:00
2022-02-16 21:04:50,380 [simulator_env.py | 175] INFO: Get 10 unallocated orders, 13 ongoing orders, 623 completed orders.
2022-02-16 21:04:51,939 [simulator_env.py | 100] INFO: Finish the dispatch.
2022-02-16 21:04:51,941 [simulator_env.py | 278] INFO: 2022-02-16 13:00:00, Order 12501200636: state = 1 < 2, we can not finish the simulation
2022-02-16 21:04:51,942 [simulator_env.py | 87] INFO: **************************************************
2022-02-16 21:04:51,942 [simulator_env.py | 91] INFO: cur time: 2022-02-16 13:10:00, pre time: 2022-02-16 13:00:00
2022-02-16 21:04:51,942 [simulator_env.py | 147] INFO: Start to update the input of 2022-02-16 13:10:00
2022-02-16 21:04:51,948 [simulator_env.py | 175] INFO: Get 15 unallocated orders, 7 ongoing orders, 639 completed orders.
2022-02-16 21:04:53,585 [simulator_env.py | 100] INFO: Finish the dispatch.
2022-02-16 21:04:53,588 [simulator_env.py | 278] INFO: 2022-02-16 13:10:00, Order 13003800646: state = 1 < 2, we can not finish the simulation
2022-02-16 21:04:53,588 [simulator_env.py | 87] INFO: **************************************************
2022-02-16 21:04:53,588 [simulator_env.py | 91] INFO: cur time: 2022-02-16 13:20:00, pre time: 2022-02-16 13:10:00
2022-02-16 21:04:53,588 [simulator_env.py | 147] INFO: Start to update the input of 2022-02-16 13:20:00
2022-02-16 21:04:53,594 [simulator_env.py | 175] INFO: Get 19 unallocated orders, 11 ongoing orders, 650 completed orders.
2022-02-16 21:04:55,276 [simulator_env.py | 100] INFO: Finish the dispatch.
2022-02-16 21:04:55,278 [simulator_env.py | 278] INFO: 2022-02-16 13:20:00, Order 13100500661: state = 1 < 2, we can not finish the simulation
2022-02-16 21:04:55,279 [simulator_env.py | 87] INFO: **************************************************
2022-02-16 21:04:55,279 [simulator_env.py | 91] INFO: cur time: 2022-02-16 13:30:00, pre time: 2022-02-16 13:20:00
2022-02-16 21:04:55,279 [simulator_env.py | 147] INFO: Start to update the input of 2022-02-16 13:30:00
2022-02-16 21:04:55,284 [simulator_env.py | 175] INFO: Get 13 unallocated orders, 16 ongoing orders, 664 completed orders.
2022-02-16 21:04:56,912 [simulator_env.py | 100] INFO: Finish the dispatch.
2022-02-16 21:04:56,915 [simulator_env.py | 278] INFO: 2022-02-16 13:30:00, Order 13204100680: state = 1 < 2, we can not finish the simulation
2022-02-16 21:04:56,916 [simulator_env.py | 87] INFO: **************************************************
2022-02-16 21:04:56,917 [simulator_env.py | 91] INFO: cur time: 2022-02-16 13:40:00, pre time: 2022-02-16 13:30:00
2022-02-16 21:04:56,917 [simulator_env.py | 147] INFO: Start to update the input of 2022-02-16 13:40:00
2022-02-16 21:04:56,924 [simulator_env.py | 175] INFO: Get 14 unallocated orders, 9 ongoing orders, 684 completed orders.
2022-02-16 21:04:58,464 [simulator_env.py | 100] INFO: Finish the dispatch.
2022-02-16 21:04:58,466 [simulator_env.py | 278] INFO: 2022-02-16 13:40:00, Order 13300200693: state = 1 < 2, we can not finish the simulation
2022-02-16 21:04:58,467 [simulator_env.py | 87] INFO: **************************************************
2022-02-16 21:04:58,467 [simulator_env.py | 91] INFO: cur time: 2022-02-16 13:50:00, pre time: 2022-02-16 13:40:00
2022-02-16 21:04:58,467 [simulator_env.py | 147] INFO: Start to update the input of 2022-02-16 13:50:00
2022-02-16 21:04:58,474 [simulator_env.py | 175] INFO: Get 9 unallocated orders, 10 ongoing orders, 697 completed orders.
2022-02-16 21:04:59,971 [simulator_env.py | 100] INFO: Finish the dispatch.
2022-02-16 21:04:59,973 [simulator_env.py | 278] INFO: 2022-02-16 13:50:00, Order 13411400707: state = 1 < 2, we can not finish the simulation
2022-02-16 21:04:59,974 [simulator_env.py | 87] INFO: **************************************************
2022-02-16 21:04:59,974 [simulator_env.py | 91] INFO: cur time: 2022-02-16 14:00:00, pre time: 2022-02-16 13:50:00
2022-02-16 21:04:59,974 [simulator_env.py | 147] INFO: Start to update the input of 2022-02-16 14:00:00
2022-02-16 21:04:59,981 [simulator_env.py | 175] INFO: Get 9 unallocated orders, 6 ongoing orders, 710 completed orders.
2022-02-16 21:05:01,699 [simulator_env.py | 100] INFO: Finish the dispatch.
2022-02-16 21:05:01,701 [simulator_env.py | 278] INFO: 2022-02-16 14:00:00, Order 13521500716: state = 1 < 2, we can not finish the simulation
2022-02-16 21:05:01,701 [simulator_env.py | 87] INFO: **************************************************
2022-02-16 21:05:01,701 [simulator_env.py | 91] INFO: cur time: 2022-02-16 14:10:00, pre time: 2022-02-16 14:00:00
2022-02-16 21:05:01,701 [simulator_env.py | 147] INFO: Start to update the input of 2022-02-16 14:10:00
2022-02-16 21:05:01,707 [simulator_env.py | 175] INFO: Get 13 unallocated orders, 6 ongoing orders, 718 completed orders.
2022-02-16 21:05:03,354 [simulator_env.py | 100] INFO: Finish the dispatch.
2022-02-16 21:05:03,356 [simulator_env.py | 278] INFO: 2022-02-16 14:10:00, Order 13561500720: state = 1 < 2, we can not finish the simulation
2022-02-16 21:05:03,356 [simulator_env.py | 87] INFO: **************************************************
2022-02-16 21:05:03,356 [simulator_env.py | 91] INFO: cur time: 2022-02-16 14:20:00, pre time: 2022-02-16 14:10:00
2022-02-16 21:05:03,356 [simulator_env.py | 147] INFO: Start to update the input of 2022-02-16 14:20:00
2022-02-16 21:05:03,362 [simulator_env.py | 175] INFO: Get 8 unallocated orders, 8 ongoing orders, 729 completed orders.
2022-02-16 21:05:05,170 [simulator_env.py | 100] INFO: Finish the dispatch.
2022-02-16 21:05:05,174 [simulator_env.py | 278] INFO: 2022-02-16 14:20:00, Order 14105700737: state = 1 < 2, we can not finish the simulation
2022-02-16 21:05:05,175 [simulator_env.py | 87] INFO: **************************************************
2022-02-16 21:05:05,175 [simulator_env.py | 91] INFO: cur time: 2022-02-16 14:30:00, pre time: 2022-02-16 14:20:00
2022-02-16 21:05:05,175 [simulator_env.py | 147] INFO: Start to update the input of 2022-02-16 14:30:00
2022-02-16 21:05:05,181 [simulator_env.py | 175] INFO: Get 10 unallocated orders, 7 ongoing orders, 738 completed orders.
2022-02-16 21:05:06,706 [simulator_env.py | 100] INFO: Finish the dispatch.
2022-02-16 21:05:06,708 [simulator_env.py | 278] INFO: 2022-02-16 14:30:00, Order 14222300745: state = 1 < 2, we can not finish the simulation
2022-02-16 21:05:06,709 [simulator_env.py | 87] INFO: **************************************************
2022-02-16 21:05:06,709 [simulator_env.py | 91] INFO: cur time: 2022-02-16 14:40:00, pre time: 2022-02-16 14:30:00
2022-02-16 21:05:06,709 [simulator_env.py | 147] INFO: Start to update the input of 2022-02-16 14:40:00
2022-02-16 21:05:06,715 [simulator_env.py | 175] INFO: Get 14 unallocated orders, 7 ongoing orders, 748 completed orders.
2022-02-16 21:05:08,102 [simulator_env.py | 100] INFO: Finish the dispatch.
2022-02-16 21:05:08,104 [simulator_env.py | 278] INFO: 2022-02-16 14:40:00, Order 14300400755: state = 1 < 2, we can not finish the simulation
2022-02-16 21:05:08,104 [simulator_env.py | 87] INFO: **************************************************
2022-02-16 21:05:08,105 [simulator_env.py | 91] INFO: cur time: 2022-02-16 14:50:00, pre time: 2022-02-16 14:40:00
2022-02-16 21:05:08,105 [simulator_env.py | 147] INFO: Start to update the input of 2022-02-16 14:50:00
2022-02-16 21:05:08,112 [simulator_env.py | 175] INFO: Get 12 unallocated orders, 9 ongoing orders, 760 completed orders.
2022-02-16 21:05:09,421 [simulator_env.py | 100] INFO: Finish the dispatch.
2022-02-16 21:05:09,423 [simulator_env.py | 278] INFO: 2022-02-16 14:50:00, Order 14414100769: state = 1 < 2, we can not finish the simulation
2022-02-16 21:05:09,424 [simulator_env.py | 87] INFO: **************************************************
2022-02-16 21:05:09,424 [simulator_env.py | 91] INFO: cur time: 2022-02-16 15:00:00, pre time: 2022-02-16 14:50:00
2022-02-16 21:05:09,424 [simulator_env.py | 147] INFO: Start to update the input of 2022-02-16 15:00:00
2022-02-16 21:05:09,431 [simulator_env.py | 175] INFO: Get 17 unallocated orders, 9 ongoing orders, 772 completed orders.
2022-02-16 21:05:10,713 [simulator_env.py | 100] INFO: Finish the dispatch.
2022-02-16 21:05:10,715 [simulator_env.py | 278] INFO: 2022-02-16 15:00:00, Order 14503100781: state = 1 < 2, we can not finish the simulation
2022-02-16 21:05:10,715 [simulator_env.py | 87] INFO: **************************************************
2022-02-16 21:05:10,716 [simulator_env.py | 91] INFO: cur time: 2022-02-16 15:10:00, pre time: 2022-02-16 15:00:00
2022-02-16 21:05:10,716 [simulator_env.py | 147] INFO: Start to update the input of 2022-02-16 15:10:00
2022-02-16 21:05:10,722 [simulator_env.py | 175] INFO: Get 0 unallocated orders, 11 ongoing orders, 787 completed orders.
2022-02-16 21:05:12,063 [simulator_env.py | 100] INFO: Finish the dispatch.
2022-02-16 21:05:12,066 [simulator_env.py | 281] INFO: 2022-02-16 15:10:00, the status of all orders is greater than 1, we could finish the simulation
2022-02-16 21:05:12,068 [simulator_env.py | 124] INFO: finished the left ongoing orders
2022-02-16 21:05:12,069 [evaluator.py    | 116] INFO: Traveling Distance of driver D_1 is  55.660, visited node list: 25
2022-02-16 21:05:12,070 [evaluator.py    | 116] INFO: Traveling Distance of driver D_2 is  111.390, visited node list: 40
2022-02-16 21:05:12,071 [evaluator.py    | 116] INFO: Traveling Distance of driver D_3 is  118.380, visited node list: 37
2022-02-16 21:05:12,073 [evaluator.py    | 116] INFO: Traveling Distance of driver D_4 is  106.640, visited node list: 40
2022-02-16 21:05:12,074 [evaluator.py    | 116] INFO: Traveling Distance of driver D_5 is  98.380, visited node list: 37
2022-02-16 21:05:12,075 [evaluator.py    | 116] INFO: Traveling Distance of driver D_6 is  112.410, visited node list: 42
2022-02-16 21:05:12,075 [evaluator.py    | 116] INFO: Traveling Distance of driver D_7 is  121.490, visited node list: 42
2022-02-16 21:05:12,077 [evaluator.py    | 116] INFO: Traveling Distance of driver D_8 is  116.090, visited node list: 39
2022-02-16 21:05:12,078 [evaluator.py    | 116] INFO: Traveling Distance of driver D_9 is  117.330, visited node list: 43
2022-02-16 21:05:12,081 [evaluator.py    | 116] INFO: Traveling Distance of driver D_10 is  112.260, visited node list: 45
2022-02-16 21:05:12,082 [evaluator.py    | 116] INFO: Traveling Distance of driver D_11 is  104.850, visited node list: 42
2022-02-16 21:05:12,084 [evaluator.py    | 116] INFO: Traveling Distance of driver D_12 is  113.470, visited node list: 39
2022-02-16 21:05:12,085 [evaluator.py    | 116] INFO: Traveling Distance of driver D_13 is  107.560, visited node list: 40
2022-02-16 21:05:12,087 [evaluator.py    | 116] INFO: Traveling Distance of driver D_14 is  121.130, visited node list: 41
2022-02-16 21:05:12,089 [evaluator.py    | 116] INFO: Traveling Distance of driver D_15 is  112.580, visited node list: 43
2022-02-16 21:05:12,091 [evaluator.py    | 116] INFO: Traveling Distance of driver D_16 is  106.350, visited node list: 41
2022-02-16 21:05:12,094 [evaluator.py    | 116] INFO: Traveling Distance of driver D_17 is  111.850, visited node list: 42
2022-02-16 21:05:12,095 [evaluator.py    | 116] INFO: Traveling Distance of driver D_18 is  107.810, visited node list: 43
2022-02-16 21:05:12,096 [evaluator.py    | 116] INFO: Traveling Distance of driver D_19 is  97.590, visited node list: 39
2022-02-16 21:05:12,097 [evaluator.py    | 116] INFO: Traveling Distance of driver D_20 is  110.640, visited node list: 39
2022-02-16 21:05:12,099 [evaluator.py    | 116] INFO: Traveling Distance of driver D_21 is  118.250, visited node list: 39
2022-02-16 21:05:12,101 [evaluator.py    | 116] INFO: Traveling Distance of driver D_22 is  71.340, visited node list: 23
2022-02-16 21:05:12,102 [evaluator.py    | 116] INFO: Traveling Distance of driver D_23 is  64.200, visited node list: 26
2022-02-16 21:05:12,103 [evaluator.py    | 116] INFO: Traveling Distance of driver D_24 is  89.490, visited node list: 37
2022-02-16 21:05:12,103 [evaluator.py    | 116] INFO: Traveling Distance of driver D_25 is  93.060, visited node list: 38
2022-02-16 21:05:12,104 [evaluator.py    | 116] INFO: Traveling Distance of driver D_26 is  91.520, visited node list: 39
2022-02-16 21:05:12,105 [evaluator.py    | 116] INFO: Traveling Distance of driver D_27 is  87.000, visited node list: 35
2022-02-16 21:05:12,106 [evaluator.py    | 116] INFO: Traveling Distance of driver D_28 is  71.650, visited node list: 25
2022-02-16 21:05:12,107 [evaluator.py    | 116] INFO: Traveling Distance of driver D_29 is  93.730, visited node list: 33
2022-02-16 21:05:12,108 [evaluator.py    | 116] INFO: Traveling Distance of driver D_30 is  89.620, visited node list: 33
2022-02-16 21:05:12,109 [evaluator.py    | 116] INFO: Traveling Distance of driver D_31 is  71.240, visited node list: 28
2022-02-16 21:05:12,111 [evaluator.py    | 116] INFO: Traveling Distance of driver D_32 is  75.470, visited node list: 24
2022-02-16 21:05:12,114 [evaluator.py    | 116] INFO: Traveling Distance of driver D_33 is  72.720, visited node list: 27
2022-02-16 21:05:12,116 [evaluator.py    | 116] INFO: Traveling Distance of driver D_34 is  52.340, visited node list: 21
2022-02-16 21:05:12,117 [evaluator.py    | 116] INFO: Traveling Distance of driver D_35 is  73.690, visited node list: 25
2022-02-16 21:05:12,120 [evaluator.py    | 116] INFO: Traveling Distance of driver D_36 is  71.280, visited node list: 31
2022-02-16 21:05:12,143 [evaluator.py    | 116] INFO: Traveling Distance of driver D_37 is  37.790, visited node list: 18
2022-02-16 21:05:12,145 [evaluator.py    | 116] INFO: Traveling Distance of driver D_38 is  58.400, visited node list: 25
2022-02-16 21:05:12,145 [evaluator.py    | 116] INFO: Traveling Distance of driver D_39 is  58.560, visited node list: 27
2022-02-16 21:05:12,150 [evaluator.py    | 116] INFO: Traveling Distance of driver D_40 is  53.260, visited node list: 19
2022-02-16 21:05:12,151 [evaluator.py    | 116] INFO: Traveling Distance of driver D_41 is  50.810, visited node list: 22
2022-02-16 21:05:12,152 [evaluator.py    | 116] INFO: Traveling Distance of driver D_42 is  47.530, visited node list: 20
2022-02-16 21:05:12,153 [evaluator.py    | 116] INFO: Traveling Distance of driver D_43 is  44.410, visited node list: 18
2022-02-16 21:05:12,154 [evaluator.py    | 116] INFO: Traveling Distance of driver D_44 is  38.060, visited node list: 13
2022-02-16 21:05:12,155 [evaluator.py    | 116] INFO: Traveling Distance of driver D_45 is  43.830, visited node list: 24
2022-02-16 21:05:12,156 [evaluator.py    | 116] INFO: Traveling Distance of driver D_46 is  44.150, visited node list: 17
2022-02-16 21:05:12,157 [evaluator.py    | 116] INFO: Traveling Distance of driver D_47 is  43.770, visited node list: 21
2022-02-16 21:05:12,158 [evaluator.py    | 116] INFO: Traveling Distance of driver D_48 is  40.440, visited node list: 19
2022-02-16 21:05:12,169 [evaluator.py    | 116] INFO: Traveling Distance of driver D_49 is  38.830, visited node list: 17
2022-02-16 21:05:12,170 [evaluator.py    | 116] INFO: Traveling Distance of driver D_50 is  32.060, visited node list: 13
2022-02-16 21:05:12,171 [evaluator.py    | 116] INFO: Traveling Distance of driver D_51 is  42.010, visited node list: 16
2022-02-16 21:05:12,172 [evaluator.py    | 116] INFO: Traveling Distance of driver D_52 is  20.990, visited node list: 8
2022-02-16 21:05:12,173 [evaluator.py    | 116] INFO: Traveling Distance of driver D_53 is  43.400, visited node list: 21
2022-02-16 21:05:12,174 [evaluator.py    | 116] INFO: Traveling Distance of driver D_54 is  28.970, visited node list: 12
2022-02-16 21:05:12,175 [evaluator.py    | 116] INFO: Traveling Distance of driver D_55 is  27.450, visited node list: 18
2022-02-16 21:05:12,178 [evaluator.py    | 18] INFO: Total distance:  4245.180
2022-02-16 21:05:12,281 [evaluator.py    | 22] INFO: Sum over time:  0.000
2022-02-16 21:05:12,291 [evaluator.py    | 26] INFO: Total score:  77.185
2022-02-16 21:05:12,391 [main.py         | 43] INFO: Score of instance_50: 77.18509090909087
