2022-02-21 17:54:53,016 [main.py         | 38] INFO: Start to run /Users/yangjingfeng/Library/CloudStorage/OneDrive-Personal/Public/PhD Study/Papers/Food_Delivery/Code/Food_delivery_simulator/Benchmark/Instance_small_2: instance_1
2022-02-21 17:54:53,023 [simulator_api.py | 43] INFO: Start time of the simulator: 2022-02-21 09:00:00, time interval:  600.00
2022-02-21 17:54:53,249 [input_utils.py  | 35] INFO: Get 2165 locations
2022-02-21 17:54:53,264 [input_utils.py  | 39] INFO: Get 50 drivers
2022-02-21 17:54:53,607 [input_utils.py  | 43] INFO: Get 1605 orders
2022-02-21 17:54:53,607 [simulator_api.py | 75] INFO: Initial position of D_1 is Lorong 8 Toa Payoh Hawker Centre
2022-02-21 17:54:53,607 [simulator_api.py | 75] INFO: Initial position of D_2 is Lorong 8 Toa Payoh Hawker Centre
2022-02-21 17:54:53,608 [simulator_api.py | 75] INFO: Initial position of D_3 is Old Airport Road Food Centre
2022-02-21 17:54:53,608 [simulator_api.py | 75] INFO: Initial position of D_4 is Bedok Interchange Hawker Centre
2022-02-21 17:54:53,608 [simulator_api.py | 75] INFO: Initial position of D_5 is Chomp Chomp
2022-02-21 17:54:53,608 [simulator_api.py | 75] INFO: Initial position of D_6 is Lorong 8 Toa Payoh Hawker Centre
2022-02-21 17:54:53,608 [simulator_api.py | 75] INFO: Initial position of D_7 is Lorong 8 Toa Payoh Hawker Centre
2022-02-21 17:54:53,608 [simulator_api.py | 75] INFO: Initial position of D_8 is Bedok Interchange Hawker Centre
2022-02-21 17:54:53,608 [simulator_api.py | 75] INFO: Initial position of D_9 is Lorong 8 Toa Payoh Hawker Centre
2022-02-21 17:54:53,608 [simulator_api.py | 75] INFO: Initial position of D_10 is Bedok Interchange Hawker Centre
2022-02-21 17:54:53,610 [simulator_api.py | 75] INFO: Initial position of D_11 is Chomp Chomp
2022-02-21 17:54:53,610 [simulator_api.py | 75] INFO: Initial position of D_12 is Kovan Food Centre (209 Hougang Street 21)
2022-02-21 17:54:53,610 [simulator_api.py | 75] INFO: Initial position of D_13 is Chomp Chomp
2022-02-21 17:54:53,610 [simulator_api.py | 75] INFO: Initial position of D_14 is Kovan Food Centre (209 Hougang Street 21)
2022-02-21 17:54:53,610 [simulator_api.py | 75] INFO: Initial position of D_15 is Bedok Interchange Hawker Centre
2022-02-21 17:54:53,610 [simulator_api.py | 75] INFO: Initial position of D_16 is Kovan Food Centre (209 Hougang Street 21)
2022-02-21 17:54:53,610 [simulator_api.py | 75] INFO: Initial position of D_17 is Old Airport Road Food Centre
2022-02-21 17:54:53,611 [simulator_api.py | 75] INFO: Initial position of D_18 is Chomp Chomp
2022-02-21 17:54:53,611 [simulator_api.py | 75] INFO: Initial position of D_19 is Bedok Interchange Hawker Centre
2022-02-21 17:54:53,611 [simulator_api.py | 75] INFO: Initial position of D_20 is Chomp Chomp
2022-02-21 17:54:53,611 [simulator_api.py | 75] INFO: Initial position of D_21 is Breadtalk Ihq, 30 Tai Seng St, Singapore 534013, Singapore
2022-02-21 17:54:53,611 [simulator_api.py | 75] INFO: Initial position of D_22 is Chomp Chomp
2022-02-21 17:54:53,611 [simulator_api.py | 75] INFO: Initial position of D_23 is Kovan Food Centre (209 Hougang Street 21)
2022-02-21 17:54:53,611 [simulator_api.py | 75] INFO: Initial position of D_24 is Bedok Interchange Hawker Centre
2022-02-21 17:54:53,611 [simulator_api.py | 75] INFO: Initial position of D_25 is Old Airport Road Food Centre
2022-02-21 17:54:53,611 [simulator_api.py | 75] INFO: Initial position of D_26 is Breadtalk Ihq, 30 Tai Seng St, Singapore 534013, Singapore
2022-02-21 17:54:53,612 [simulator_api.py | 75] INFO: Initial position of D_27 is Old Airport Road Food Centre
2022-02-21 17:54:53,612 [simulator_api.py | 75] INFO: Initial position of D_28 is Breadtalk Ihq, 30 Tai Seng St, Singapore 534013, Singapore
2022-02-21 17:54:53,613 [simulator_api.py | 75] INFO: Initial position of D_29 is Bedok Interchange Hawker Centre
2022-02-21 17:54:53,613 [simulator_api.py | 75] INFO: Initial position of D_30 is Lorong 8 Toa Payoh Hawker Centre
2022-02-21 17:54:53,613 [simulator_api.py | 75] INFO: Initial position of D_31 is Chomp Chomp
2022-02-21 17:54:53,613 [simulator_api.py | 75] INFO: Initial position of D_32 is Old Airport Road Food Centre
2022-02-21 17:54:53,613 [simulator_api.py | 75] INFO: Initial position of D_33 is Bedok Interchange Hawker Centre
2022-02-21 17:54:53,613 [simulator_api.py | 75] INFO: Initial position of D_34 is Lorong 8 Toa Payoh Hawker Centre
2022-02-21 17:54:53,614 [simulator_api.py | 75] INFO: Initial position of D_35 is Bedok Interchange Hawker Centre
2022-02-21 17:54:53,614 [simulator_api.py | 75] INFO: Initial position of D_36 is Chomp Chomp
2022-02-21 17:54:53,614 [simulator_api.py | 75] INFO: Initial position of D_37 is Breadtalk Ihq, 30 Tai Seng St, Singapore 534013, Singapore
2022-02-21 17:54:53,615 [simulator_api.py | 75] INFO: Initial position of D_38 is Kovan Food Centre (209 Hougang Street 21)
2022-02-21 17:54:53,615 [simulator_api.py | 75] INFO: Initial position of D_39 is Chomp Chomp
2022-02-21 17:54:53,615 [simulator_api.py | 75] INFO: Initial position of D_40 is Lorong 8 Toa Payoh Hawker Centre
2022-02-21 17:54:53,615 [simulator_api.py | 75] INFO: Initial position of D_41 is Lorong 8 Toa Payoh Hawker Centre
2022-02-21 17:54:53,615 [simulator_api.py | 75] INFO: Initial position of D_42 is Chomp Chomp
2022-02-21 17:54:53,616 [simulator_api.py | 75] INFO: Initial position of D_43 is Bedok Interchange Hawker Centre
2022-02-21 17:54:53,616 [simulator_api.py | 75] INFO: Initial position of D_44 is Old Airport Road Food Centre
2022-02-21 17:54:53,616 [simulator_api.py | 75] INFO: Initial position of D_45 is Chomp Chomp
2022-02-21 17:54:53,619 [simulator_api.py | 75] INFO: Initial position of D_46 is Old Airport Road Food Centre
2022-02-21 17:54:53,620 [simulator_api.py | 75] INFO: Initial position of D_47 is Old Airport Road Food Centre
2022-02-21 17:54:53,620 [simulator_api.py | 75] INFO: Initial position of D_48 is Breadtalk Ihq, 30 Tai Seng St, Singapore 534013, Singapore
2022-02-21 17:54:53,620 [simulator_api.py | 75] INFO: Initial position of D_49 is Lorong 8 Toa Payoh Hawker Centre
2022-02-21 17:54:53,620 [simulator_api.py | 75] INFO: Initial position of D_50 is Breadtalk Ihq, 30 Tai Seng St, Singapore 534013, Singapore
2022-02-21 17:54:53,637 [simulator_env.py | 87] INFO: **************************************************
2022-02-21 17:54:53,638 [simulator_env.py | 91] INFO: cur time: 2022-02-21 09:10:00, pre time: 2022-02-21 09:00:00
2022-02-21 17:54:53,638 [simulator_env.py | 147] INFO: Start to update the input of 2022-02-21 09:10:00
2022-02-21 17:54:53,640 [simulator_env.py | 175] INFO: Get 40 unallocated orders, 0 ongoing orders, 0 completed orders.
2022-02-21 17:54:55,110 [simulator_env.py | 100] INFO: Finish the dispatch.
2022-02-21 17:54:55,112 [simulator_env.py | 278] INFO: 2022-02-21 09:10:00, Order 09002100000: state = 1 < 2, we can not finish the simulation
2022-02-21 17:54:55,113 [simulator_env.py | 87] INFO: **************************************************
2022-02-21 17:54:55,113 [simulator_env.py | 91] INFO: cur time: 2022-02-21 09:20:00, pre time: 2022-02-21 09:10:00
2022-02-21 17:54:55,113 [simulator_env.py | 147] INFO: Start to update the input of 2022-02-21 09:20:00
2022-02-21 17:54:55,121 [simulator_env.py | 175] INFO: Get 43 unallocated orders, 23 ongoing orders, 17 completed orders.
2022-02-21 17:54:56,014 [simulator_env.py | 100] INFO: Finish the dispatch.
2022-02-21 17:54:56,017 [simulator_env.py | 278] INFO: 2022-02-21 09:20:00, Order 09100600040: state = 1 < 2, we can not finish the simulation
2022-02-21 17:54:56,019 [simulator_env.py | 87] INFO: **************************************************
2022-02-21 17:54:56,019 [simulator_env.py | 91] INFO: cur time: 2022-02-21 09:30:00, pre time: 2022-02-21 09:20:00
2022-02-21 17:54:56,019 [simulator_env.py | 147] INFO: Start to update the input of 2022-02-21 09:30:00
2022-02-21 17:54:56,032 [simulator_env.py | 175] INFO: Get 56 unallocated orders, 20 ongoing orders, 53 completed orders.
2022-02-21 17:54:56,761 [simulator_env.py | 100] INFO: Finish the dispatch.
2022-02-21 17:54:56,764 [simulator_env.py | 278] INFO: 2022-02-21 09:30:00, Order 09171600067: state = 1 < 2, we can not finish the simulation
2022-02-21 17:54:56,765 [simulator_env.py | 87] INFO: **************************************************
2022-02-21 17:54:56,765 [simulator_env.py | 91] INFO: cur time: 2022-02-21 09:40:00, pre time: 2022-02-21 09:30:00
2022-02-21 17:54:56,765 [simulator_env.py | 147] INFO: Start to update the input of 2022-02-21 09:40:00
2022-02-21 17:54:56,777 [simulator_env.py | 175] INFO: Get 81 unallocated orders, 22 ongoing orders, 90 completed orders.
2022-02-21 17:54:57,601 [simulator_env.py | 100] INFO: Finish the dispatch.
2022-02-21 17:54:57,604 [simulator_env.py | 278] INFO: 2022-02-21 09:40:00, Order 09250400103: state = 1 < 2, we can not finish the simulation
2022-02-21 17:54:57,605 [simulator_env.py | 87] INFO: **************************************************
2022-02-21 17:54:57,605 [simulator_env.py | 91] INFO: cur time: 2022-02-21 09:50:00, pre time: 2022-02-21 09:40:00
2022-02-21 17:54:57,605 [simulator_env.py | 147] INFO: Start to update the input of 2022-02-21 09:50:00
2022-02-21 17:54:57,623 [simulator_env.py | 175] INFO: Get 79 unallocated orders, 46 ongoing orders, 118 completed orders.
2022-02-21 17:54:58,483 [simulator_env.py | 100] INFO: Finish the dispatch.
2022-02-21 17:54:58,487 [simulator_env.py | 278] INFO: 2022-02-21 09:50:00, Order 09265700115: state = 1 < 2, we can not finish the simulation
2022-02-21 17:54:58,489 [simulator_env.py | 87] INFO: **************************************************
2022-02-21 17:54:58,489 [simulator_env.py | 91] INFO: cur time: 2022-02-21 10:00:00, pre time: 2022-02-21 09:50:00
2022-02-21 17:54:58,489 [simulator_env.py | 147] INFO: Start to update the input of 2022-02-21 10:00:00
2022-02-21 17:54:58,505 [simulator_env.py | 175] INFO: Get 109 unallocated orders, 42 ongoing orders, 164 completed orders.
2022-02-21 17:54:59,440 [simulator_env.py | 100] INFO: Finish the dispatch.
2022-02-21 17:54:59,446 [simulator_env.py | 278] INFO: 2022-02-21 10:00:00, Order 09353900161: state = 1 < 2, we can not finish the simulation
2022-02-21 17:54:59,452 [simulator_env.py | 87] INFO: **************************************************
2022-02-21 17:54:59,453 [simulator_env.py | 91] INFO: cur time: 2022-02-21 10:10:00, pre time: 2022-02-21 10:00:00
2022-02-21 17:54:59,454 [simulator_env.py | 147] INFO: Start to update the input of 2022-02-21 10:10:00
2022-02-21 17:54:59,475 [simulator_env.py | 175] INFO: Get 110 unallocated orders, 67 ongoing orders, 198 completed orders.
2022-02-21 17:55:00,663 [simulator_env.py | 100] INFO: Finish the dispatch.
2022-02-21 17:55:00,669 [simulator_env.py | 278] INFO: 2022-02-21 10:10:00, Order 09380700179: state = 1 < 2, we can not finish the simulation
2022-02-21 17:55:00,671 [simulator_env.py | 87] INFO: **************************************************
2022-02-21 17:55:00,672 [simulator_env.py | 91] INFO: cur time: 2022-02-21 10:20:00, pre time: 2022-02-21 10:10:00
2022-02-21 17:55:00,672 [simulator_env.py | 147] INFO: Start to update the input of 2022-02-21 10:20:00
2022-02-21 17:55:00,709 [simulator_env.py | 175] INFO: Get 111 unallocated orders, 95 ongoing orders, 232 completed orders.
2022-02-21 17:55:01,650 [simulator_env.py | 100] INFO: Finish the dispatch.
2022-02-21 17:55:01,658 [simulator_env.py | 278] INFO: 2022-02-21 10:20:00, Order 09395600192: state = 1 < 2, we can not finish the simulation
2022-02-21 17:55:01,663 [simulator_env.py | 87] INFO: **************************************************
2022-02-21 17:55:01,664 [simulator_env.py | 91] INFO: cur time: 2022-02-21 10:30:00, pre time: 2022-02-21 10:20:00
2022-02-21 17:55:01,664 [simulator_env.py | 147] INFO: Start to update the input of 2022-02-21 10:30:00
2022-02-21 17:55:01,694 [simulator_env.py | 175] INFO: Get 129 unallocated orders, 97 ongoing orders, 280 completed orders.
2022-02-21 17:55:02,835 [simulator_env.py | 100] INFO: Finish the dispatch.
2022-02-21 17:55:02,844 [simulator_env.py | 278] INFO: 2022-02-21 10:30:00, Order 09395600192: state = 1 < 2, we can not finish the simulation
2022-02-21 17:55:02,850 [simulator_env.py | 87] INFO: **************************************************
2022-02-21 17:55:02,850 [simulator_env.py | 91] INFO: cur time: 2022-02-21 10:40:00, pre time: 2022-02-21 10:30:00
2022-02-21 17:55:02,850 [simulator_env.py | 147] INFO: Start to update the input of 2022-02-21 10:40:00
2022-02-21 17:55:02,884 [simulator_env.py | 175] INFO: Get 160 unallocated orders, 102 ongoing orders, 316 completed orders.
2022-02-21 17:55:04,024 [simulator_env.py | 100] INFO: Finish the dispatch.
2022-02-21 17:55:04,034 [simulator_env.py | 278] INFO: 2022-02-21 10:40:00, Order 09454300219: state = 1 < 2, we can not finish the simulation
2022-02-21 17:55:04,039 [simulator_env.py | 87] INFO: **************************************************
2022-02-21 17:55:04,039 [simulator_env.py | 91] INFO: cur time: 2022-02-21 10:50:00, pre time: 2022-02-21 10:40:00
2022-02-21 17:55:04,039 [simulator_env.py | 147] INFO: Start to update the input of 2022-02-21 10:50:00
2022-02-21 17:55:04,087 [simulator_env.py | 175] INFO: Get 167 unallocated orders, 125 ongoing orders, 353 completed orders.
2022-02-21 17:55:05,230 [simulator_env.py | 100] INFO: Finish the dispatch.
2022-02-21 17:55:05,241 [simulator_env.py | 278] INFO: 2022-02-21 10:50:00, Order 09454300219: state = 1 < 2, we can not finish the simulation
2022-02-21 17:55:05,246 [simulator_env.py | 87] INFO: **************************************************
2022-02-21 17:55:05,247 [simulator_env.py | 91] INFO: cur time: 2022-02-21 11:00:00, pre time: 2022-02-21 10:50:00
2022-02-21 17:55:05,247 [simulator_env.py | 147] INFO: Start to update the input of 2022-02-21 11:00:00
2022-02-21 17:55:05,295 [simulator_env.py | 175] INFO: Get 171 unallocated orders, 155 ongoing orders, 390 completed orders.
2022-02-21 17:55:06,329 [simulator_env.py | 267] ERROR: 2022-02-21 17:55:06,243 [main_algorithm.py | 13] ERROR: Failed to run algorithm
2022-02-21 17:55:06,245 [main_algorithm.py | 14] ERROR: Error: min() arg is an empty sequence, Traceback (most recent call last):
  File "main_algorithm.py", line 10, in <module>
    scheduling()
  File "/Users/yangjingfeng/Library/CloudStorage/OneDrive-Personal/Public/PhD Study/Papers/Food_Delivery/Code/Food_delivery_simulator/Algorithm/algorithm_demo.py", line 439, in scheduling
    id_to_restaurant,
  File "/Users/yangjingfeng/Library/CloudStorage/OneDrive-Personal/Public/PhD Study/Papers/Food_Delivery/Code/Food_delivery_simulator/Algorithm/algorithm_demo.py", line 122, in dispatch_orders_to_drivers
    min_distance = min(order_driver_distance_dict.values())
ValueError: min() arg is an empty sequence

FAIL

2022-02-21 17:55:06,330 [simulator_env.py | 268] ERROR: Can not catch the 'SUCCESS' from the algorithm.
