2022-02-16 22:30:53,038 [main.py         | 38] INFO: Start to run /Users/yangjingfeng/Library/CloudStorage/OneDrive-Personal/Public/PhD Study/Papers/Food_Delivery/Code/Food_delivery_simulator/Benchmark/Instance_small: instance_65
2022-02-16 22:30:53,043 [simulator_api.py | 43] INFO: Start time of the simulator: 2022-02-16 09:00:00, time interval:  600.00
2022-02-16 22:30:53,567 [input_utils.py  | 35] INFO: Get 1158 locations
2022-02-16 22:30:53,583 [input_utils.py  | 39] INFO: Get 50 drivers
2022-02-16 22:30:53,909 [input_utils.py  | 43] INFO: Get 900 orders
2022-02-16 22:30:53,909 [simulator_api.py | 75] INFO: Initial position of D_1 is Bukit Timah Market & Food Centre
2022-02-16 22:30:53,910 [simulator_api.py | 75] INFO: Initial position of D_2 is Bukit Timah Market & Food Centre
2022-02-16 22:30:53,910 [simulator_api.py | 75] INFO: Initial position of D_3 is Ghim Moh Market & Food Centre
2022-02-16 22:30:53,911 [simulator_api.py | 75] INFO: Initial position of D_4 is Bukit Timah Market & Food Centre
2022-02-16 22:30:53,912 [simulator_api.py | 75] INFO: Initial position of D_5 is Alexandra Village Food Centre
2022-02-16 22:30:53,913 [simulator_api.py | 75] INFO: Initial position of D_6 is Bukit Timah Market & Food Centre
2022-02-16 22:30:53,914 [simulator_api.py | 75] INFO: Initial position of D_7 is Bukit Timah Market & Food Centre
2022-02-16 22:30:53,915 [simulator_api.py | 75] INFO: Initial position of D_8 is Bukit Timah Market & Food Centre
2022-02-16 22:30:53,916 [simulator_api.py | 75] INFO: Initial position of D_9 is Bukit Timah Market & Food Centre
2022-02-16 22:30:53,918 [simulator_api.py | 75] INFO: Initial position of D_10 is Bukit Timah Market & Food Centre
2022-02-16 22:30:53,919 [simulator_api.py | 75] INFO: Initial position of D_11 is Alexandra Village Food Centre
2022-02-16 22:30:53,920 [simulator_api.py | 75] INFO: Initial position of D_12 is Ghim Moh Market & Food Centre
2022-02-16 22:30:53,920 [simulator_api.py | 75] INFO: Initial position of D_13 is Alexandra Village Food Centre
2022-02-16 22:30:53,921 [simulator_api.py | 75] INFO: Initial position of D_14 is Ghim Moh Market & Food Centre
2022-02-16 22:30:53,922 [simulator_api.py | 75] INFO: Initial position of D_15 is Bukit Timah Market & Food Centre
2022-02-16 22:30:53,923 [simulator_api.py | 75] INFO: Initial position of D_16 is Ghim Moh Market & Food Centre
2022-02-16 22:30:53,925 [simulator_api.py | 75] INFO: Initial position of D_17 is Ghim Moh Market & Food Centre
2022-02-16 22:30:53,925 [simulator_api.py | 75] INFO: Initial position of D_18 is Alexandra Village Food Centre
2022-02-16 22:30:53,926 [simulator_api.py | 75] INFO: Initial position of D_19 is Bukit Timah Market & Food Centre
2022-02-16 22:30:53,926 [simulator_api.py | 75] INFO: Initial position of D_20 is Alexandra Village Food Centre
2022-02-16 22:30:53,927 [simulator_api.py | 75] INFO: Initial position of D_21 is Alexandra Village Food Centre
2022-02-16 22:30:53,927 [simulator_api.py | 75] INFO: Initial position of D_22 is Alexandra Village Food Centre
2022-02-16 22:30:53,928 [simulator_api.py | 75] INFO: Initial position of D_23 is Ghim Moh Market & Food Centre
2022-02-16 22:30:53,928 [simulator_api.py | 75] INFO: Initial position of D_24 is Bukit Timah Market & Food Centre
2022-02-16 22:30:53,929 [simulator_api.py | 75] INFO: Initial position of D_25 is Ghim Moh Market & Food Centre
2022-02-16 22:30:53,929 [simulator_api.py | 75] INFO: Initial position of D_26 is Alexandra Village Food Centre
2022-02-16 22:30:53,930 [simulator_api.py | 75] INFO: Initial position of D_27 is Ghim Moh Market & Food Centre
2022-02-16 22:30:53,931 [simulator_api.py | 75] INFO: Initial position of D_28 is Alexandra Village Food Centre
2022-02-16 22:30:53,931 [simulator_api.py | 75] INFO: Initial position of D_29 is Bukit Timah Market & Food Centre
2022-02-16 22:30:53,931 [simulator_api.py | 75] INFO: Initial position of D_30 is Bukit Timah Market & Food Centre
2022-02-16 22:30:53,931 [simulator_api.py | 75] INFO: Initial position of D_31 is Alexandra Village Food Centre
2022-02-16 22:30:53,932 [simulator_api.py | 75] INFO: Initial position of D_32 is Ghim Moh Market & Food Centre
2022-02-16 22:30:53,933 [simulator_api.py | 75] INFO: Initial position of D_33 is Bukit Timah Market & Food Centre
2022-02-16 22:30:53,934 [simulator_api.py | 75] INFO: Initial position of D_34 is Bukit Timah Market & Food Centre
2022-02-16 22:30:53,935 [simulator_api.py | 75] INFO: Initial position of D_35 is Bukit Timah Market & Food Centre
2022-02-16 22:30:53,936 [simulator_api.py | 75] INFO: Initial position of D_36 is Alexandra Village Food Centre
2022-02-16 22:30:53,938 [simulator_api.py | 75] INFO: Initial position of D_37 is Alexandra Village Food Centre
2022-02-16 22:30:53,939 [simulator_api.py | 75] INFO: Initial position of D_38 is Ghim Moh Market & Food Centre
2022-02-16 22:30:53,939 [simulator_api.py | 75] INFO: Initial position of D_39 is Alexandra Village Food Centre
2022-02-16 22:30:53,940 [simulator_api.py | 75] INFO: Initial position of D_40 is Bukit Timah Market & Food Centre
2022-02-16 22:30:53,940 [simulator_api.py | 75] INFO: Initial position of D_41 is Bukit Timah Market & Food Centre
2022-02-16 22:30:53,941 [simulator_api.py | 75] INFO: Initial position of D_42 is Alexandra Village Food Centre
2022-02-16 22:30:53,941 [simulator_api.py | 75] INFO: Initial position of D_43 is Bukit Timah Market & Food Centre
2022-02-16 22:30:53,942 [simulator_api.py | 75] INFO: Initial position of D_44 is Ghim Moh Market & Food Centre
2022-02-16 22:30:53,942 [simulator_api.py | 75] INFO: Initial position of D_45 is Alexandra Village Food Centre
2022-02-16 22:30:53,943 [simulator_api.py | 75] INFO: Initial position of D_46 is Ghim Moh Market & Food Centre
2022-02-16 22:30:53,943 [simulator_api.py | 75] INFO: Initial position of D_47 is Ghim Moh Market & Food Centre
2022-02-16 22:30:53,943 [simulator_api.py | 75] INFO: Initial position of D_48 is Alexandra Village Food Centre
2022-02-16 22:30:53,945 [simulator_api.py | 75] INFO: Initial position of D_49 is Bukit Timah Market & Food Centre
2022-02-16 22:30:53,945 [simulator_api.py | 75] INFO: Initial position of D_50 is Alexandra Village Food Centre
2022-02-16 22:30:53,965 [simulator_env.py | 87] INFO: **************************************************
2022-02-16 22:30:53,965 [simulator_env.py | 91] INFO: cur time: 2022-02-16 09:10:00, pre time: 2022-02-16 09:00:00
2022-02-16 22:30:53,966 [simulator_env.py | 147] INFO: Start to update the input of 2022-02-16 09:10:00
2022-02-16 22:30:53,971 [simulator_env.py | 175] INFO: Get 28 unallocated orders, 0 ongoing orders, 0 completed orders.
2022-02-16 22:30:55,204 [simulator_env.py | 100] INFO: Finish the dispatch.
2022-02-16 22:30:55,205 [simulator_env.py | 278] INFO: 2022-02-16 09:10:00, Order 09001700000: state = 1 < 2, we can not finish the simulation
2022-02-16 22:30:55,206 [simulator_env.py | 87] INFO: **************************************************
2022-02-16 22:30:55,206 [simulator_env.py | 91] INFO: cur time: 2022-02-16 09:20:00, pre time: 2022-02-16 09:10:00
2022-02-16 22:30:55,206 [simulator_env.py | 147] INFO: Start to update the input of 2022-02-16 09:20:00
2022-02-16 22:30:55,211 [simulator_env.py | 175] INFO: Get 23 unallocated orders, 13 ongoing orders, 15 completed orders.
2022-02-16 22:30:56,348 [simulator_env.py | 100] INFO: Finish the dispatch.
2022-02-16 22:30:56,351 [simulator_env.py | 278] INFO: 2022-02-16 09:20:00, Order 09112100028: state = 1 < 2, we can not finish the simulation
2022-02-16 22:30:56,352 [simulator_env.py | 87] INFO: **************************************************
2022-02-16 22:30:56,352 [simulator_env.py | 91] INFO: cur time: 2022-02-16 09:30:00, pre time: 2022-02-16 09:20:00
2022-02-16 22:30:56,352 [simulator_env.py | 147] INFO: Start to update the input of 2022-02-16 09:30:00
2022-02-16 22:30:56,361 [simulator_env.py | 175] INFO: Get 29 unallocated orders, 14 ongoing orders, 37 completed orders.
2022-02-16 22:30:57,786 [simulator_env.py | 100] INFO: Finish the dispatch.
2022-02-16 22:30:57,789 [simulator_env.py | 278] INFO: 2022-02-16 09:30:00, Order 09203700051: state = 1 < 2, we can not finish the simulation
2022-02-16 22:30:57,790 [simulator_env.py | 87] INFO: **************************************************
2022-02-16 22:30:57,790 [simulator_env.py | 91] INFO: cur time: 2022-02-16 09:40:00, pre time: 2022-02-16 09:30:00
2022-02-16 22:30:57,790 [simulator_env.py | 147] INFO: Start to update the input of 2022-02-16 09:40:00
2022-02-16 22:30:57,800 [simulator_env.py | 175] INFO: Get 26 unallocated orders, 19 ongoing orders, 61 completed orders.
2022-02-16 22:30:58,970 [simulator_env.py | 100] INFO: Finish the dispatch.
2022-02-16 22:30:58,973 [simulator_env.py | 278] INFO: 2022-02-16 09:40:00, Order 09311000080: state = 1 < 2, we can not finish the simulation
2022-02-16 22:30:58,974 [simulator_env.py | 87] INFO: **************************************************
2022-02-16 22:30:58,974 [simulator_env.py | 91] INFO: cur time: 2022-02-16 09:50:00, pre time: 2022-02-16 09:40:00
2022-02-16 22:30:58,974 [simulator_env.py | 147] INFO: Start to update the input of 2022-02-16 09:50:00
2022-02-16 22:30:58,982 [simulator_env.py | 175] INFO: Get 42 unallocated orders, 13 ongoing orders, 93 completed orders.
2022-02-16 22:31:00,374 [simulator_env.py | 100] INFO: Finish the dispatch.
2022-02-16 22:31:00,378 [simulator_env.py | 278] INFO: 2022-02-16 09:50:00, Order 09403400106: state = 1 < 2, we can not finish the simulation
2022-02-16 22:31:00,379 [simulator_env.py | 87] INFO: **************************************************
2022-02-16 22:31:00,379 [simulator_env.py | 91] INFO: cur time: 2022-02-16 10:00:00, pre time: 2022-02-16 09:50:00
2022-02-16 22:31:00,379 [simulator_env.py | 147] INFO: Start to update the input of 2022-02-16 10:00:00
2022-02-16 22:31:00,393 [simulator_env.py | 175] INFO: Get 40 unallocated orders, 28 ongoing orders, 118 completed orders.
2022-02-16 22:31:01,786 [simulator_env.py | 100] INFO: Finish the dispatch.
2022-02-16 22:31:01,791 [simulator_env.py | 278] INFO: 2022-02-16 10:00:00, Order 09491500144: state = 1 < 2, we can not finish the simulation
2022-02-16 22:31:01,792 [simulator_env.py | 87] INFO: **************************************************
2022-02-16 22:31:01,792 [simulator_env.py | 91] INFO: cur time: 2022-02-16 10:10:00, pre time: 2022-02-16 10:00:00
2022-02-16 22:31:01,792 [simulator_env.py | 147] INFO: Start to update the input of 2022-02-16 10:10:00
2022-02-16 22:31:01,806 [simulator_env.py | 175] INFO: Get 42 unallocated orders, 27 ongoing orders, 151 completed orders.
2022-02-16 22:31:03,047 [simulator_env.py | 100] INFO: Finish the dispatch.
2022-02-16 22:31:03,051 [simulator_env.py | 278] INFO: 2022-02-16 10:10:00, Order 09552800168: state = 1 < 2, we can not finish the simulation
2022-02-16 22:31:03,052 [simulator_env.py | 87] INFO: **************************************************
2022-02-16 22:31:03,053 [simulator_env.py | 91] INFO: cur time: 2022-02-16 10:20:00, pre time: 2022-02-16 10:10:00
2022-02-16 22:31:03,053 [simulator_env.py | 147] INFO: Start to update the input of 2022-02-16 10:20:00
2022-02-16 22:31:03,066 [simulator_env.py | 175] INFO: Get 40 unallocated orders, 22 ongoing orders, 189 completed orders.
2022-02-16 22:31:04,417 [simulator_env.py | 100] INFO: Finish the dispatch.
2022-02-16 22:31:04,420 [simulator_env.py | 278] INFO: 2022-02-16 10:20:00, Order 10024900201: state = 1 < 2, we can not finish the simulation
2022-02-16 22:31:04,421 [simulator_env.py | 87] INFO: **************************************************
2022-02-16 22:31:04,423 [simulator_env.py | 91] INFO: cur time: 2022-02-16 10:30:00, pre time: 2022-02-16 10:20:00
2022-02-16 22:31:04,425 [simulator_env.py | 147] INFO: Start to update the input of 2022-02-16 10:30:00
2022-02-16 22:31:04,439 [simulator_env.py | 175] INFO: Get 40 unallocated orders, 22 ongoing orders, 223 completed orders.
2022-02-16 22:31:05,757 [simulator_env.py | 100] INFO: Finish the dispatch.
2022-02-16 22:31:05,761 [simulator_env.py | 278] INFO: 2022-02-16 10:30:00, Order 10152800237: state = 1 < 2, we can not finish the simulation
2022-02-16 22:31:05,762 [simulator_env.py | 87] INFO: **************************************************
2022-02-16 22:31:05,763 [simulator_env.py | 91] INFO: cur time: 2022-02-16 10:40:00, pre time: 2022-02-16 10:30:00
2022-02-16 22:31:05,763 [simulator_env.py | 147] INFO: Start to update the input of 2022-02-16 10:40:00
2022-02-16 22:31:05,775 [simulator_env.py | 175] INFO: Get 57 unallocated orders, 25 ongoing orders, 253 completed orders.
2022-02-16 22:31:06,949 [simulator_env.py | 100] INFO: Finish the dispatch.
2022-02-16 22:31:06,952 [simulator_env.py | 278] INFO: 2022-02-16 10:40:00, Order 10270200274: state = 1 < 2, we can not finish the simulation
2022-02-16 22:31:06,953 [simulator_env.py | 87] INFO: **************************************************
2022-02-16 22:31:06,953 [simulator_env.py | 91] INFO: cur time: 2022-02-16 10:50:00, pre time: 2022-02-16 10:40:00
2022-02-16 22:31:06,953 [simulator_env.py | 147] INFO: Start to update the input of 2022-02-16 10:50:00
2022-02-16 22:31:06,963 [simulator_env.py | 175] INFO: Get 49 unallocated orders, 28 ongoing orders, 288 completed orders.
2022-02-16 22:31:08,199 [simulator_env.py | 100] INFO: Finish the dispatch.
2022-02-16 22:31:08,203 [simulator_env.py | 278] INFO: 2022-02-16 10:50:00, Order 10340400301: state = 1 < 2, we can not finish the simulation
2022-02-16 22:31:08,207 [simulator_env.py | 87] INFO: **************************************************
2022-02-16 22:31:08,207 [simulator_env.py | 91] INFO: cur time: 2022-02-16 11:00:00, pre time: 2022-02-16 10:50:00
2022-02-16 22:31:08,209 [simulator_env.py | 147] INFO: Start to update the input of 2022-02-16 11:00:00
2022-02-16 22:31:08,227 [simulator_env.py | 175] INFO: Get 45 unallocated orders, 30 ongoing orders, 327 completed orders.
2022-02-16 22:31:09,412 [simulator_env.py | 100] INFO: Finish the dispatch.
2022-02-16 22:31:09,415 [simulator_env.py | 278] INFO: 2022-02-16 11:00:00, Order 10385300328: state = 1 < 2, we can not finish the simulation
2022-02-16 22:31:09,416 [simulator_env.py | 87] INFO: **************************************************
2022-02-16 22:31:09,416 [simulator_env.py | 91] INFO: cur time: 2022-02-16 11:10:00, pre time: 2022-02-16 11:00:00
2022-02-16 22:31:09,417 [simulator_env.py | 147] INFO: Start to update the input of 2022-02-16 11:10:00
2022-02-16 22:31:09,429 [simulator_env.py | 175] INFO: Get 49 unallocated orders, 26 ongoing orders, 368 completed orders.
2022-02-16 22:31:10,746 [simulator_env.py | 100] INFO: Finish the dispatch.
2022-02-16 22:31:10,749 [simulator_env.py | 278] INFO: 2022-02-16 11:10:00, Order 10544100380: state = 1 < 2, we can not finish the simulation
2022-02-16 22:31:10,750 [simulator_env.py | 87] INFO: **************************************************
2022-02-16 22:31:10,751 [simulator_env.py | 91] INFO: cur time: 2022-02-16 11:20:00, pre time: 2022-02-16 11:10:00
2022-02-16 22:31:10,751 [simulator_env.py | 147] INFO: Start to update the input of 2022-02-16 11:20:00
2022-02-16 22:31:10,767 [simulator_env.py | 175] INFO: Get 44 unallocated orders, 27 ongoing orders, 406 completed orders.
2022-02-16 22:31:12,082 [simulator_env.py | 100] INFO: Finish the dispatch.
2022-02-16 22:31:12,085 [simulator_env.py | 278] INFO: 2022-02-16 11:20:00, Order 11043100418: state = 1 < 2, we can not finish the simulation
2022-02-16 22:31:12,086 [simulator_env.py | 87] INFO: **************************************************
2022-02-16 22:31:12,086 [simulator_env.py | 91] INFO: cur time: 2022-02-16 11:30:00, pre time: 2022-02-16 11:20:00
2022-02-16 22:31:12,086 [simulator_env.py | 147] INFO: Start to update the input of 2022-02-16 11:30:00
2022-02-16 22:31:12,099 [simulator_env.py | 175] INFO: Get 40 unallocated orders, 23 ongoing orders, 446 completed orders.
2022-02-16 22:31:13,287 [simulator_env.py | 100] INFO: Finish the dispatch.
2022-02-16 22:31:13,290 [simulator_env.py | 278] INFO: 2022-02-16 11:30:00, Order 11125200456: state = 1 < 2, we can not finish the simulation
2022-02-16 22:31:13,291 [simulator_env.py | 87] INFO: **************************************************
2022-02-16 22:31:13,292 [simulator_env.py | 91] INFO: cur time: 2022-02-16 11:40:00, pre time: 2022-02-16 11:30:00
2022-02-16 22:31:13,292 [simulator_env.py | 147] INFO: Start to update the input of 2022-02-16 11:40:00
2022-02-16 22:31:13,303 [simulator_env.py | 175] INFO: Get 39 unallocated orders, 21 ongoing orders, 480 completed orders.
2022-02-16 22:31:14,632 [simulator_env.py | 100] INFO: Finish the dispatch.
2022-02-16 22:31:14,634 [simulator_env.py | 278] INFO: 2022-02-16 11:40:00, Order 11240000491: state = 1 < 2, we can not finish the simulation
2022-02-16 22:31:14,635 [simulator_env.py | 87] INFO: **************************************************
2022-02-16 22:31:14,635 [simulator_env.py | 91] INFO: cur time: 2022-02-16 11:50:00, pre time: 2022-02-16 11:40:00
2022-02-16 22:31:14,635 [simulator_env.py | 147] INFO: Start to update the input of 2022-02-16 11:50:00
2022-02-16 22:31:14,645 [simulator_env.py | 175] INFO: Get 44 unallocated orders, 25 ongoing orders, 509 completed orders.
2022-02-16 22:31:16,018 [simulator_env.py | 100] INFO: Finish the dispatch.
2022-02-16 22:31:16,021 [simulator_env.py | 278] INFO: 2022-02-16 11:50:00, Order 11324400518: state = 1 < 2, we can not finish the simulation
2022-02-16 22:31:16,022 [simulator_env.py | 87] INFO: **************************************************
2022-02-16 22:31:16,022 [simulator_env.py | 91] INFO: cur time: 2022-02-16 12:00:00, pre time: 2022-02-16 11:50:00
2022-02-16 22:31:16,022 [simulator_env.py | 147] INFO: Start to update the input of 2022-02-16 12:00:00
2022-02-16 22:31:16,031 [simulator_env.py | 175] INFO: Get 52 unallocated orders, 23 ongoing orders, 545 completed orders.
2022-02-16 22:31:17,168 [simulator_env.py | 100] INFO: Finish the dispatch.
2022-02-16 22:31:17,171 [simulator_env.py | 278] INFO: 2022-02-16 12:00:00, Order 11434100559: state = 1 < 2, we can not finish the simulation
2022-02-16 22:31:17,173 [simulator_env.py | 87] INFO: **************************************************
2022-02-16 22:31:17,173 [simulator_env.py | 91] INFO: cur time: 2022-02-16 12:10:00, pre time: 2022-02-16 12:00:00
2022-02-16 22:31:17,174 [simulator_env.py | 147] INFO: Start to update the input of 2022-02-16 12:10:00
2022-02-16 22:31:17,187 [simulator_env.py | 175] INFO: Get 33 unallocated orders, 27 ongoing orders, 580 completed orders.
2022-02-16 22:31:18,528 [simulator_env.py | 100] INFO: Finish the dispatch.
2022-02-16 22:31:18,531 [simulator_env.py | 278] INFO: 2022-02-16 12:10:00, Order 11544600597: state = 1 < 2, we can not finish the simulation
2022-02-16 22:31:18,533 [simulator_env.py | 87] INFO: **************************************************
2022-02-16 22:31:18,533 [simulator_env.py | 91] INFO: cur time: 2022-02-16 12:20:00, pre time: 2022-02-16 12:10:00
2022-02-16 22:31:18,533 [simulator_env.py | 147] INFO: Start to update the input of 2022-02-16 12:20:00
2022-02-16 22:31:18,544 [simulator_env.py | 175] INFO: Get 22 unallocated orders, 22 ongoing orders, 615 completed orders.
2022-02-16 22:31:19,748 [simulator_env.py | 100] INFO: Finish the dispatch.
2022-02-16 22:31:19,752 [simulator_env.py | 278] INFO: 2022-02-16 12:20:00, Order 12060800632: state = 1 < 2, we can not finish the simulation
2022-02-16 22:31:19,753 [simulator_env.py | 87] INFO: **************************************************
2022-02-16 22:31:19,753 [simulator_env.py | 91] INFO: cur time: 2022-02-16 12:30:00, pre time: 2022-02-16 12:20:00
2022-02-16 22:31:19,753 [simulator_env.py | 147] INFO: Start to update the input of 2022-02-16 12:30:00
2022-02-16 22:31:19,760 [simulator_env.py | 175] INFO: Get 21 unallocated orders, 12 ongoing orders, 647 completed orders.
2022-02-16 22:31:21,161 [simulator_env.py | 100] INFO: Finish the dispatch.
2022-02-16 22:31:21,164 [simulator_env.py | 278] INFO: 2022-02-16 12:30:00, Order 12212200659: state = 1 < 2, we can not finish the simulation
2022-02-16 22:31:21,165 [simulator_env.py | 87] INFO: **************************************************
2022-02-16 22:31:21,165 [simulator_env.py | 91] INFO: cur time: 2022-02-16 12:40:00, pre time: 2022-02-16 12:30:00
2022-02-16 22:31:21,165 [simulator_env.py | 147] INFO: Start to update the input of 2022-02-16 12:40:00
2022-02-16 22:31:21,173 [simulator_env.py | 175] INFO: Get 18 unallocated orders, 14 ongoing orders, 666 completed orders.
2022-02-16 22:31:22,316 [simulator_env.py | 100] INFO: Finish the dispatch.
2022-02-16 22:31:22,318 [simulator_env.py | 278] INFO: 2022-02-16 12:40:00, Order 12301800680: state = 1 < 2, we can not finish the simulation
2022-02-16 22:31:22,318 [simulator_env.py | 87] INFO: **************************************************
2022-02-16 22:31:22,318 [simulator_env.py | 91] INFO: cur time: 2022-02-16 12:50:00, pre time: 2022-02-16 12:40:00
2022-02-16 22:31:22,319 [simulator_env.py | 147] INFO: Start to update the input of 2022-02-16 12:50:00
2022-02-16 22:31:22,326 [simulator_env.py | 175] INFO: Get 19 unallocated orders, 14 ongoing orders, 684 completed orders.
2022-02-16 22:31:23,609 [simulator_env.py | 100] INFO: Finish the dispatch.
2022-02-16 22:31:23,612 [simulator_env.py | 278] INFO: 2022-02-16 12:50:00, Order 12401000698: state = 1 < 2, we can not finish the simulation
2022-02-16 22:31:23,612 [simulator_env.py | 87] INFO: **************************************************
2022-02-16 22:31:23,612 [simulator_env.py | 91] INFO: cur time: 2022-02-16 13:00:00, pre time: 2022-02-16 12:50:00
2022-02-16 22:31:23,613 [simulator_env.py | 147] INFO: Start to update the input of 2022-02-16 13:00:00
2022-02-16 22:31:23,621 [simulator_env.py | 175] INFO: Get 22 unallocated orders, 16 ongoing orders, 701 completed orders.
2022-02-16 22:31:24,932 [simulator_env.py | 100] INFO: Finish the dispatch.
2022-02-16 22:31:24,935 [simulator_env.py | 278] INFO: 2022-02-16 13:00:00, Order 12501300717: state = 1 < 2, we can not finish the simulation
2022-02-16 22:31:24,936 [simulator_env.py | 87] INFO: **************************************************
2022-02-16 22:31:24,936 [simulator_env.py | 91] INFO: cur time: 2022-02-16 13:10:00, pre time: 2022-02-16 13:00:00
2022-02-16 22:31:24,937 [simulator_env.py | 147] INFO: Start to update the input of 2022-02-16 13:10:00
2022-02-16 22:31:24,946 [simulator_env.py | 175] INFO: Get 8 unallocated orders, 18 ongoing orders, 721 completed orders.
2022-02-16 22:31:26,152 [simulator_env.py | 100] INFO: Finish the dispatch.
2022-02-16 22:31:26,155 [simulator_env.py | 278] INFO: 2022-02-16 13:10:00, Order 13014400739: state = 1 < 2, we can not finish the simulation
2022-02-16 22:31:26,156 [simulator_env.py | 87] INFO: **************************************************
2022-02-16 22:31:26,157 [simulator_env.py | 91] INFO: cur time: 2022-02-16 13:20:00, pre time: 2022-02-16 13:10:00
2022-02-16 22:31:26,157 [simulator_env.py | 147] INFO: Start to update the input of 2022-02-16 13:20:00
2022-02-16 22:31:26,162 [simulator_env.py | 175] INFO: Get 14 unallocated orders, 7 ongoing orders, 740 completed orders.
2022-02-16 22:31:27,402 [simulator_env.py | 100] INFO: Finish the dispatch.
2022-02-16 22:31:27,404 [simulator_env.py | 278] INFO: 2022-02-16 13:20:00, Order 13121500747: state = 1 < 2, we can not finish the simulation
2022-02-16 22:31:27,405 [simulator_env.py | 87] INFO: **************************************************
2022-02-16 22:31:27,405 [simulator_env.py | 91] INFO: cur time: 2022-02-16 13:30:00, pre time: 2022-02-16 13:20:00
2022-02-16 22:31:27,405 [simulator_env.py | 147] INFO: Start to update the input of 2022-02-16 13:30:00
2022-02-16 22:31:27,409 [simulator_env.py | 175] INFO: Get 21 unallocated orders, 11 ongoing orders, 750 completed orders.
2022-02-16 22:31:28,661 [simulator_env.py | 100] INFO: Finish the dispatch.
2022-02-16 22:31:28,663 [simulator_env.py | 278] INFO: 2022-02-16 13:30:00, Order 13211400761: state = 1 < 2, we can not finish the simulation
2022-02-16 22:31:28,664 [simulator_env.py | 87] INFO: **************************************************
2022-02-16 22:31:28,664 [simulator_env.py | 91] INFO: cur time: 2022-02-16 13:40:00, pre time: 2022-02-16 13:30:00
2022-02-16 22:31:28,665 [simulator_env.py | 147] INFO: Start to update the input of 2022-02-16 13:40:00
2022-02-16 22:31:28,671 [simulator_env.py | 175] INFO: Get 10 unallocated orders, 18 ongoing orders, 764 completed orders.
2022-02-16 22:31:29,965 [simulator_env.py | 100] INFO: Finish the dispatch.
2022-02-16 22:31:29,969 [simulator_env.py | 278] INFO: 2022-02-16 13:40:00, Order 13304800782: state = 1 < 2, we can not finish the simulation
2022-02-16 22:31:29,969 [simulator_env.py | 87] INFO: **************************************************
2022-02-16 22:31:29,970 [simulator_env.py | 91] INFO: cur time: 2022-02-16 13:50:00, pre time: 2022-02-16 13:40:00
2022-02-16 22:31:29,970 [simulator_env.py | 147] INFO: Start to update the input of 2022-02-16 13:50:00
2022-02-16 22:31:29,976 [simulator_env.py | 175] INFO: Get 15 unallocated orders, 6 ongoing orders, 786 completed orders.
2022-02-16 22:31:31,343 [simulator_env.py | 100] INFO: Finish the dispatch.
2022-02-16 22:31:31,346 [simulator_env.py | 278] INFO: 2022-02-16 13:50:00, Order 13404900792: state = 1 < 2, we can not finish the simulation
2022-02-16 22:31:31,346 [simulator_env.py | 87] INFO: **************************************************
2022-02-16 22:31:31,347 [simulator_env.py | 91] INFO: cur time: 2022-02-16 14:00:00, pre time: 2022-02-16 13:50:00
2022-02-16 22:31:31,347 [simulator_env.py | 147] INFO: Start to update the input of 2022-02-16 14:00:00
2022-02-16 22:31:31,353 [simulator_env.py | 175] INFO: Get 9 unallocated orders, 9 ongoing orders, 798 completed orders.
2022-02-16 22:31:32,649 [simulator_env.py | 100] INFO: Finish the dispatch.
2022-02-16 22:31:32,651 [simulator_env.py | 278] INFO: 2022-02-16 14:00:00, Order 13500600807: state = 1 < 2, we can not finish the simulation
2022-02-16 22:31:32,652 [simulator_env.py | 87] INFO: **************************************************
2022-02-16 22:31:32,652 [simulator_env.py | 91] INFO: cur time: 2022-02-16 14:10:00, pre time: 2022-02-16 14:00:00
2022-02-16 22:31:32,652 [simulator_env.py | 147] INFO: Start to update the input of 2022-02-16 14:10:00
2022-02-16 22:31:32,659 [simulator_env.py | 175] INFO: Get 18 unallocated orders, 8 ongoing orders, 808 completed orders.
2022-02-16 22:31:33,925 [simulator_env.py | 100] INFO: Finish the dispatch.
2022-02-16 22:31:33,928 [simulator_env.py | 278] INFO: 2022-02-16 14:10:00, Order 14005000816: state = 1 < 2, we can not finish the simulation
2022-02-16 22:31:33,929 [simulator_env.py | 87] INFO: **************************************************
2022-02-16 22:31:33,929 [simulator_env.py | 91] INFO: cur time: 2022-02-16 14:20:00, pre time: 2022-02-16 14:10:00
2022-02-16 22:31:33,929 [simulator_env.py | 147] INFO: Start to update the input of 2022-02-16 14:20:00
2022-02-16 22:31:33,935 [simulator_env.py | 175] INFO: Get 15 unallocated orders, 14 ongoing orders, 820 completed orders.
2022-02-16 22:31:35,107 [simulator_env.py | 100] INFO: Finish the dispatch.
2022-02-16 22:31:35,110 [simulator_env.py | 278] INFO: 2022-02-16 14:20:00, Order 14105600834: state = 1 < 2, we can not finish the simulation
2022-02-16 22:31:35,110 [simulator_env.py | 87] INFO: **************************************************
2022-02-16 22:31:35,110 [simulator_env.py | 91] INFO: cur time: 2022-02-16 14:30:00, pre time: 2022-02-16 14:20:00
2022-02-16 22:31:35,111 [simulator_env.py | 147] INFO: Start to update the input of 2022-02-16 14:30:00
2022-02-16 22:31:35,117 [simulator_env.py | 175] INFO: Get 7 unallocated orders, 9 ongoing orders, 840 completed orders.
2022-02-16 22:31:36,410 [simulator_env.py | 100] INFO: Finish the dispatch.
2022-02-16 22:31:36,413 [simulator_env.py | 278] INFO: 2022-02-16 14:30:00, Order 14201500849: state = 1 < 2, we can not finish the simulation
2022-02-16 22:31:36,414 [simulator_env.py | 87] INFO: **************************************************
2022-02-16 22:31:36,414 [simulator_env.py | 91] INFO: cur time: 2022-02-16 14:40:00, pre time: 2022-02-16 14:30:00
2022-02-16 22:31:36,414 [simulator_env.py | 147] INFO: Start to update the input of 2022-02-16 14:40:00
2022-02-16 22:31:36,420 [simulator_env.py | 175] INFO: Get 6 unallocated orders, 6 ongoing orders, 850 completed orders.
2022-02-16 22:31:37,661 [simulator_env.py | 100] INFO: Finish the dispatch.
2022-02-16 22:31:37,663 [simulator_env.py | 278] INFO: 2022-02-16 14:40:00, Order 14301900856: state = 1 < 2, we can not finish the simulation
2022-02-16 22:31:37,663 [simulator_env.py | 87] INFO: **************************************************
2022-02-16 22:31:37,664 [simulator_env.py | 91] INFO: cur time: 2022-02-16 14:50:00, pre time: 2022-02-16 14:40:00
2022-02-16 22:31:37,664 [simulator_env.py | 147] INFO: Start to update the input of 2022-02-16 14:50:00
2022-02-16 22:31:37,670 [simulator_env.py | 175] INFO: Get 22 unallocated orders, 4 ongoing orders, 858 completed orders.
2022-02-16 22:31:38,946 [simulator_env.py | 100] INFO: Finish the dispatch.
2022-02-16 22:31:38,948 [simulator_env.py | 278] INFO: 2022-02-16 14:50:00, Order 14400900862: state = 1 < 2, we can not finish the simulation
2022-02-16 22:31:38,949 [simulator_env.py | 87] INFO: **************************************************
2022-02-16 22:31:38,949 [simulator_env.py | 91] INFO: cur time: 2022-02-16 15:00:00, pre time: 2022-02-16 14:50:00
2022-02-16 22:31:38,949 [simulator_env.py | 147] INFO: Start to update the input of 2022-02-16 15:00:00
2022-02-16 22:31:38,958 [simulator_env.py | 175] INFO: Get 16 unallocated orders, 16 ongoing orders, 868 completed orders.
2022-02-16 22:31:40,312 [simulator_env.py | 100] INFO: Finish the dispatch.
2022-02-16 22:31:40,315 [simulator_env.py | 278] INFO: 2022-02-16 15:00:00, Order 14504500884: state = 1 < 2, we can not finish the simulation
2022-02-16 22:31:40,316 [simulator_env.py | 87] INFO: **************************************************
2022-02-16 22:31:40,316 [simulator_env.py | 91] INFO: cur time: 2022-02-16 15:10:00, pre time: 2022-02-16 15:00:00
2022-02-16 22:31:40,317 [simulator_env.py | 147] INFO: Start to update the input of 2022-02-16 15:10:00
2022-02-16 22:31:40,326 [simulator_env.py | 175] INFO: Get 0 unallocated orders, 8 ongoing orders, 892 completed orders.
2022-02-16 22:31:42,378 [simulator_env.py | 100] INFO: Finish the dispatch.
2022-02-16 22:31:42,380 [simulator_env.py | 281] INFO: 2022-02-16 15:10:00, the status of all orders is greater than 1, we could finish the simulation
2022-02-16 22:31:42,382 [simulator_env.py | 124] INFO: finished the left ongoing orders
2022-02-16 22:31:42,383 [evaluator.py    | 116] INFO: Traveling Distance of driver D_1 is  95.920, visited node list: 35
2022-02-16 22:31:42,384 [evaluator.py    | 116] INFO: Traveling Distance of driver D_2 is  120.870, visited node list: 44
2022-02-16 22:31:42,385 [evaluator.py    | 116] INFO: Traveling Distance of driver D_3 is  114.480, visited node list: 41
2022-02-16 22:31:42,386 [evaluator.py    | 116] INFO: Traveling Distance of driver D_4 is  127.130, visited node list: 51
2022-02-16 22:31:42,387 [evaluator.py    | 116] INFO: Traveling Distance of driver D_5 is  124.070, visited node list: 49
2022-02-16 22:31:42,388 [evaluator.py    | 116] INFO: Traveling Distance of driver D_6 is  135.000, visited node list: 46
2022-02-16 22:31:42,389 [evaluator.py    | 116] INFO: Traveling Distance of driver D_7 is  118.620, visited node list: 43
2022-02-16 22:31:42,390 [evaluator.py    | 116] INFO: Traveling Distance of driver D_8 is  121.240, visited node list: 42
2022-02-16 22:31:42,390 [evaluator.py    | 116] INFO: Traveling Distance of driver D_9 is  131.490, visited node list: 52
2022-02-16 22:31:42,391 [evaluator.py    | 116] INFO: Traveling Distance of driver D_10 is  124.000, visited node list: 42
2022-02-16 22:31:42,392 [evaluator.py    | 116] INFO: Traveling Distance of driver D_11 is  120.400, visited node list: 42
2022-02-16 22:31:42,392 [evaluator.py    | 116] INFO: Traveling Distance of driver D_12 is  118.440, visited node list: 51
2022-02-16 22:31:42,393 [evaluator.py    | 116] INFO: Traveling Distance of driver D_13 is  130.110, visited node list: 46
2022-02-16 22:31:42,393 [evaluator.py    | 116] INFO: Traveling Distance of driver D_14 is  126.660, visited node list: 51
2022-02-16 22:31:42,394 [evaluator.py    | 116] INFO: Traveling Distance of driver D_15 is  126.750, visited node list: 43
2022-02-16 22:31:42,394 [evaluator.py    | 116] INFO: Traveling Distance of driver D_16 is  113.890, visited node list: 45
2022-02-16 22:31:42,395 [evaluator.py    | 116] INFO: Traveling Distance of driver D_17 is  117.090, visited node list: 45
2022-02-16 22:31:42,395 [evaluator.py    | 116] INFO: Traveling Distance of driver D_18 is  121.460, visited node list: 42
2022-02-16 22:31:42,395 [evaluator.py    | 116] INFO: Traveling Distance of driver D_19 is  110.170, visited node list: 43
2022-02-16 22:31:42,396 [evaluator.py    | 116] INFO: Traveling Distance of driver D_20 is  103.330, visited node list: 44
2022-02-16 22:31:42,396 [evaluator.py    | 116] INFO: Traveling Distance of driver D_21 is  108.490, visited node list: 42
2022-02-16 22:31:42,397 [evaluator.py    | 116] INFO: Traveling Distance of driver D_22 is  108.700, visited node list: 39
2022-02-16 22:31:42,398 [evaluator.py    | 116] INFO: Traveling Distance of driver D_23 is  106.700, visited node list: 36
2022-02-16 22:31:42,400 [evaluator.py    | 116] INFO: Traveling Distance of driver D_24 is  111.650, visited node list: 41
2022-02-16 22:31:42,400 [evaluator.py    | 116] INFO: Traveling Distance of driver D_25 is  105.240, visited node list: 38
2022-02-16 22:31:42,400 [evaluator.py    | 116] INFO: Traveling Distance of driver D_26 is  98.130, visited node list: 43
2022-02-16 22:31:42,401 [evaluator.py    | 116] INFO: Traveling Distance of driver D_27 is  105.110, visited node list: 39
2022-02-16 22:31:42,401 [evaluator.py    | 116] INFO: Traveling Distance of driver D_28 is  111.840, visited node list: 43
2022-02-16 22:31:42,401 [evaluator.py    | 116] INFO: Traveling Distance of driver D_29 is  85.960, visited node list: 35
2022-02-16 22:31:42,402 [evaluator.py    | 116] INFO: Traveling Distance of driver D_30 is  90.420, visited node list: 35
2022-02-16 22:31:42,402 [evaluator.py    | 116] INFO: Traveling Distance of driver D_31 is  92.060, visited node list: 41
2022-02-16 22:31:42,402 [evaluator.py    | 116] INFO: Traveling Distance of driver D_32 is  93.670, visited node list: 30
2022-02-16 22:31:42,403 [evaluator.py    | 116] INFO: Traveling Distance of driver D_33 is  86.050, visited node list: 31
2022-02-16 22:31:42,403 [evaluator.py    | 116] INFO: Traveling Distance of driver D_34 is  77.420, visited node list: 33
2022-02-16 22:31:42,403 [evaluator.py    | 116] INFO: Traveling Distance of driver D_35 is  81.790, visited node list: 29
2022-02-16 22:31:42,403 [evaluator.py    | 116] INFO: Traveling Distance of driver D_36 is  85.190, visited node list: 31
2022-02-16 22:31:42,404 [evaluator.py    | 116] INFO: Traveling Distance of driver D_37 is  68.400, visited node list: 31
2022-02-16 22:31:42,404 [evaluator.py    | 116] INFO: Traveling Distance of driver D_38 is  69.430, visited node list: 28
2022-02-16 22:31:42,404 [evaluator.py    | 116] INFO: Traveling Distance of driver D_39 is  65.150, visited node list: 27
2022-02-16 22:31:42,405 [evaluator.py    | 116] INFO: Traveling Distance of driver D_40 is  63.820, visited node list: 25
2022-02-16 22:31:42,405 [evaluator.py    | 116] INFO: Traveling Distance of driver D_41 is  62.400, visited node list: 27
2022-02-16 22:31:42,405 [evaluator.py    | 116] INFO: Traveling Distance of driver D_42 is  72.840, visited node list: 27
2022-02-16 22:31:42,405 [evaluator.py    | 116] INFO: Traveling Distance of driver D_43 is  70.820, visited node list: 23
2022-02-16 22:31:42,405 [evaluator.py    | 116] INFO: Traveling Distance of driver D_44 is  70.820, visited node list: 21
2022-02-16 22:31:42,406 [evaluator.py    | 116] INFO: Traveling Distance of driver D_45 is  53.800, visited node list: 24
2022-02-16 22:31:42,406 [evaluator.py    | 116] INFO: Traveling Distance of driver D_46 is  54.170, visited node list: 23
2022-02-16 22:31:42,406 [evaluator.py    | 116] INFO: Traveling Distance of driver D_47 is  49.470, visited node list: 19
2022-02-16 22:31:42,406 [evaluator.py    | 116] INFO: Traveling Distance of driver D_48 is  48.700, visited node list: 17
2022-02-16 22:31:42,407 [evaluator.py    | 116] INFO: Traveling Distance of driver D_49 is  52.830, visited node list: 19
2022-02-16 22:31:42,407 [evaluator.py    | 116] INFO: Traveling Distance of driver D_50 is  55.570, visited node list: 23
2022-02-16 22:31:42,407 [evaluator.py    | 18] INFO: Total distance:  4807.760
2022-02-16 22:31:42,496 [evaluator.py    | 22] INFO: Sum over time:  0.000
2022-02-16 22:31:42,498 [evaluator.py    | 26] INFO: Total score:  96.155
2022-02-16 22:31:43,095 [main.py         | 43] INFO: Score of instance_65: 96.15519999999998
