2022-02-16 20:59:02,482 [main.py         | 38] INFO: Start to run /Users/yangjingfeng/Library/CloudStorage/OneDrive-Personal/Public/PhD Study/Papers/Food_Delivery/Code/Food_delivery_simulator/Benchmark/Instance_small: instance_44
2022-02-16 20:59:02,483 [simulator_api.py | 43] INFO: Start time of the simulator: 2022-02-16 09:00:00, time interval:  600.00
2022-02-16 20:59:02,771 [input_utils.py  | 35] INFO: Get 1158 locations
2022-02-16 20:59:02,837 [input_utils.py  | 39] INFO: Get 65 drivers
2022-02-16 20:59:03,203 [input_utils.py  | 43] INFO: Get 749 orders
2022-02-16 20:59:03,203 [simulator_api.py | 75] INFO: Initial position of D_1 is Bukit Timah Market & Food Centre
2022-02-16 20:59:03,204 [simulator_api.py | 75] INFO: Initial position of D_2 is Bukit Timah Market & Food Centre
2022-02-16 20:59:03,204 [simulator_api.py | 75] INFO: Initial position of D_3 is Ghim Moh Market & Food Centre
2022-02-16 20:59:03,204 [simulator_api.py | 75] INFO: Initial position of D_4 is Bukit Timah Market & Food Centre
2022-02-16 20:59:03,204 [simulator_api.py | 75] INFO: Initial position of D_5 is Alexandra Village Food Centre
2022-02-16 20:59:03,204 [simulator_api.py | 75] INFO: Initial position of D_6 is Bukit Timah Market & Food Centre
2022-02-16 20:59:03,204 [simulator_api.py | 75] INFO: Initial position of D_7 is Bukit Timah Market & Food Centre
2022-02-16 20:59:03,204 [simulator_api.py | 75] INFO: Initial position of D_8 is Bukit Timah Market & Food Centre
2022-02-16 20:59:03,204 [simulator_api.py | 75] INFO: Initial position of D_9 is Bukit Timah Market & Food Centre
2022-02-16 20:59:03,204 [simulator_api.py | 75] INFO: Initial position of D_10 is Bukit Timah Market & Food Centre
2022-02-16 20:59:03,204 [simulator_api.py | 75] INFO: Initial position of D_11 is Alexandra Village Food Centre
2022-02-16 20:59:03,204 [simulator_api.py | 75] INFO: Initial position of D_12 is Ghim Moh Market & Food Centre
2022-02-16 20:59:03,206 [simulator_api.py | 75] INFO: Initial position of D_13 is Alexandra Village Food Centre
2022-02-16 20:59:03,206 [simulator_api.py | 75] INFO: Initial position of D_14 is Ghim Moh Market & Food Centre
2022-02-16 20:59:03,206 [simulator_api.py | 75] INFO: Initial position of D_15 is Bukit Timah Market & Food Centre
2022-02-16 20:59:03,206 [simulator_api.py | 75] INFO: Initial position of D_16 is Ghim Moh Market & Food Centre
2022-02-16 20:59:03,206 [simulator_api.py | 75] INFO: Initial position of D_17 is Ghim Moh Market & Food Centre
2022-02-16 20:59:03,206 [simulator_api.py | 75] INFO: Initial position of D_18 is Alexandra Village Food Centre
2022-02-16 20:59:03,207 [simulator_api.py | 75] INFO: Initial position of D_19 is Bukit Timah Market & Food Centre
2022-02-16 20:59:03,207 [simulator_api.py | 75] INFO: Initial position of D_20 is Alexandra Village Food Centre
2022-02-16 20:59:03,207 [simulator_api.py | 75] INFO: Initial position of D_21 is Alexandra Village Food Centre
2022-02-16 20:59:03,207 [simulator_api.py | 75] INFO: Initial position of D_22 is Alexandra Village Food Centre
2022-02-16 20:59:03,207 [simulator_api.py | 75] INFO: Initial position of D_23 is Ghim Moh Market & Food Centre
2022-02-16 20:59:03,207 [simulator_api.py | 75] INFO: Initial position of D_24 is Bukit Timah Market & Food Centre
2022-02-16 20:59:03,207 [simulator_api.py | 75] INFO: Initial position of D_25 is Ghim Moh Market & Food Centre
2022-02-16 20:59:03,207 [simulator_api.py | 75] INFO: Initial position of D_26 is Alexandra Village Food Centre
2022-02-16 20:59:03,208 [simulator_api.py | 75] INFO: Initial position of D_27 is Ghim Moh Market & Food Centre
2022-02-16 20:59:03,208 [simulator_api.py | 75] INFO: Initial position of D_28 is Alexandra Village Food Centre
2022-02-16 20:59:03,208 [simulator_api.py | 75] INFO: Initial position of D_29 is Bukit Timah Market & Food Centre
2022-02-16 20:59:03,208 [simulator_api.py | 75] INFO: Initial position of D_30 is Bukit Timah Market & Food Centre
2022-02-16 20:59:03,208 [simulator_api.py | 75] INFO: Initial position of D_31 is Alexandra Village Food Centre
2022-02-16 20:59:03,208 [simulator_api.py | 75] INFO: Initial position of D_32 is Ghim Moh Market & Food Centre
2022-02-16 20:59:03,208 [simulator_api.py | 75] INFO: Initial position of D_33 is Bukit Timah Market & Food Centre
2022-02-16 20:59:03,208 [simulator_api.py | 75] INFO: Initial position of D_34 is Bukit Timah Market & Food Centre
2022-02-16 20:59:03,209 [simulator_api.py | 75] INFO: Initial position of D_35 is Bukit Timah Market & Food Centre
2022-02-16 20:59:03,210 [simulator_api.py | 75] INFO: Initial position of D_36 is Alexandra Village Food Centre
2022-02-16 20:59:03,210 [simulator_api.py | 75] INFO: Initial position of D_37 is Alexandra Village Food Centre
2022-02-16 20:59:03,210 [simulator_api.py | 75] INFO: Initial position of D_38 is Ghim Moh Market & Food Centre
2022-02-16 20:59:03,210 [simulator_api.py | 75] INFO: Initial position of D_39 is Alexandra Village Food Centre
2022-02-16 20:59:03,210 [simulator_api.py | 75] INFO: Initial position of D_40 is Bukit Timah Market & Food Centre
2022-02-16 20:59:03,210 [simulator_api.py | 75] INFO: Initial position of D_41 is Bukit Timah Market & Food Centre
2022-02-16 20:59:03,210 [simulator_api.py | 75] INFO: Initial position of D_42 is Alexandra Village Food Centre
2022-02-16 20:59:03,210 [simulator_api.py | 75] INFO: Initial position of D_43 is Bukit Timah Market & Food Centre
2022-02-16 20:59:03,210 [simulator_api.py | 75] INFO: Initial position of D_44 is Ghim Moh Market & Food Centre
2022-02-16 20:59:03,211 [simulator_api.py | 75] INFO: Initial position of D_45 is Alexandra Village Food Centre
2022-02-16 20:59:03,211 [simulator_api.py | 75] INFO: Initial position of D_46 is Ghim Moh Market & Food Centre
2022-02-16 20:59:03,211 [simulator_api.py | 75] INFO: Initial position of D_47 is Ghim Moh Market & Food Centre
2022-02-16 20:59:03,211 [simulator_api.py | 75] INFO: Initial position of D_48 is Alexandra Village Food Centre
2022-02-16 20:59:03,211 [simulator_api.py | 75] INFO: Initial position of D_49 is Bukit Timah Market & Food Centre
2022-02-16 20:59:03,211 [simulator_api.py | 75] INFO: Initial position of D_50 is Alexandra Village Food Centre
2022-02-16 20:59:03,211 [simulator_api.py | 75] INFO: Initial position of D_51 is Alexandra Village Food Centre
2022-02-16 20:59:03,211 [simulator_api.py | 75] INFO: Initial position of D_52 is Alexandra Village Food Centre
2022-02-16 20:59:03,211 [simulator_api.py | 75] INFO: Initial position of D_53 is Ghim Moh Market & Food Centre
2022-02-16 20:59:03,211 [simulator_api.py | 75] INFO: Initial position of D_54 is Alexandra Village Food Centre
2022-02-16 20:59:03,213 [simulator_api.py | 75] INFO: Initial position of D_55 is Bukit Timah Market & Food Centre
2022-02-16 20:59:03,213 [simulator_api.py | 75] INFO: Initial position of D_56 is Bukit Timah Market & Food Centre
2022-02-16 20:59:03,213 [simulator_api.py | 75] INFO: Initial position of D_57 is Ghim Moh Market & Food Centre
2022-02-16 20:59:03,214 [simulator_api.py | 75] INFO: Initial position of D_58 is Alexandra Village Food Centre
2022-02-16 20:59:03,214 [simulator_api.py | 75] INFO: Initial position of D_59 is Bukit Timah Market & Food Centre
2022-02-16 20:59:03,214 [simulator_api.py | 75] INFO: Initial position of D_60 is Alexandra Village Food Centre
2022-02-16 20:59:03,214 [simulator_api.py | 75] INFO: Initial position of D_61 is Ghim Moh Market & Food Centre
2022-02-16 20:59:03,214 [simulator_api.py | 75] INFO: Initial position of D_62 is Ghim Moh Market & Food Centre
2022-02-16 20:59:03,214 [simulator_api.py | 75] INFO: Initial position of D_63 is Alexandra Village Food Centre
2022-02-16 20:59:03,216 [simulator_api.py | 75] INFO: Initial position of D_64 is Ghim Moh Market & Food Centre
2022-02-16 20:59:03,216 [simulator_api.py | 75] INFO: Initial position of D_65 is Ghim Moh Market & Food Centre
2022-02-16 20:59:03,230 [simulator_env.py | 87] INFO: **************************************************
2022-02-16 20:59:03,230 [simulator_env.py | 91] INFO: cur time: 2022-02-16 09:10:00, pre time: 2022-02-16 09:00:00
2022-02-16 20:59:03,230 [simulator_env.py | 147] INFO: Start to update the input of 2022-02-16 09:10:00
2022-02-16 20:59:03,233 [simulator_env.py | 175] INFO: Get 19 unallocated orders, 0 ongoing orders, 0 completed orders.
2022-02-16 20:59:04,460 [simulator_env.py | 100] INFO: Finish the dispatch.
2022-02-16 20:59:04,462 [simulator_env.py | 278] INFO: 2022-02-16 09:10:00, Order 09010800000: state = 1 < 2, we can not finish the simulation
2022-02-16 20:59:04,462 [simulator_env.py | 87] INFO: **************************************************
2022-02-16 20:59:04,462 [simulator_env.py | 91] INFO: cur time: 2022-02-16 09:20:00, pre time: 2022-02-16 09:10:00
2022-02-16 20:59:04,462 [simulator_env.py | 147] INFO: Start to update the input of 2022-02-16 09:20:00
2022-02-16 20:59:04,469 [simulator_env.py | 175] INFO: Get 18 unallocated orders, 14 ongoing orders, 5 completed orders.
2022-02-16 20:59:05,592 [simulator_env.py | 100] INFO: Finish the dispatch.
2022-02-16 20:59:05,595 [simulator_env.py | 278] INFO: 2022-02-16 09:20:00, Order 09104800019: state = 1 < 2, we can not finish the simulation
2022-02-16 20:59:05,597 [simulator_env.py | 87] INFO: **************************************************
2022-02-16 20:59:05,597 [simulator_env.py | 91] INFO: cur time: 2022-02-16 09:30:00, pre time: 2022-02-16 09:20:00
2022-02-16 20:59:05,597 [simulator_env.py | 147] INFO: Start to update the input of 2022-02-16 09:30:00
2022-02-16 20:59:05,606 [simulator_env.py | 175] INFO: Get 32 unallocated orders, 9 ongoing orders, 28 completed orders.
2022-02-16 20:59:06,774 [simulator_env.py | 100] INFO: Finish the dispatch.
2022-02-16 20:59:06,776 [simulator_env.py | 278] INFO: 2022-02-16 09:30:00, Order 09201000037: state = 1 < 2, we can not finish the simulation
2022-02-16 20:59:06,776 [simulator_env.py | 87] INFO: **************************************************
2022-02-16 20:59:06,776 [simulator_env.py | 91] INFO: cur time: 2022-02-16 09:40:00, pre time: 2022-02-16 09:30:00
2022-02-16 20:59:06,776 [simulator_env.py | 147] INFO: Start to update the input of 2022-02-16 09:40:00
2022-02-16 20:59:06,783 [simulator_env.py | 175] INFO: Get 16 unallocated orders, 20 ongoing orders, 49 completed orders.
2022-02-16 20:59:08,024 [simulator_env.py | 100] INFO: Finish the dispatch.
2022-02-16 20:59:08,027 [simulator_env.py | 278] INFO: 2022-02-16 09:40:00, Order 09302600069: state = 1 < 2, we can not finish the simulation
2022-02-16 20:59:08,030 [simulator_env.py | 87] INFO: **************************************************
2022-02-16 20:59:08,031 [simulator_env.py | 91] INFO: cur time: 2022-02-16 09:50:00, pre time: 2022-02-16 09:40:00
2022-02-16 20:59:08,031 [simulator_env.py | 147] INFO: Start to update the input of 2022-02-16 09:50:00
2022-02-16 20:59:08,042 [simulator_env.py | 175] INFO: Get 31 unallocated orders, 11 ongoing orders, 74 completed orders.
2022-02-16 20:59:09,183 [simulator_env.py | 100] INFO: Finish the dispatch.
2022-02-16 20:59:09,186 [simulator_env.py | 278] INFO: 2022-02-16 09:50:00, Order 09400500085: state = 1 < 2, we can not finish the simulation
2022-02-16 20:59:09,187 [simulator_env.py | 87] INFO: **************************************************
2022-02-16 20:59:09,187 [simulator_env.py | 91] INFO: cur time: 2022-02-16 10:00:00, pre time: 2022-02-16 09:50:00
2022-02-16 20:59:09,187 [simulator_env.py | 147] INFO: Start to update the input of 2022-02-16 10:00:00
2022-02-16 20:59:09,202 [simulator_env.py | 175] INFO: Get 26 unallocated orders, 17 ongoing orders, 99 completed orders.
2022-02-16 20:59:10,307 [simulator_env.py | 100] INFO: Finish the dispatch.
2022-02-16 20:59:10,310 [simulator_env.py | 278] INFO: 2022-02-16 10:00:00, Order 09500100116: state = 1 < 2, we can not finish the simulation
2022-02-16 20:59:10,311 [simulator_env.py | 87] INFO: **************************************************
2022-02-16 20:59:10,311 [simulator_env.py | 91] INFO: cur time: 2022-02-16 10:10:00, pre time: 2022-02-16 10:00:00
2022-02-16 20:59:10,311 [simulator_env.py | 147] INFO: Start to update the input of 2022-02-16 10:10:00
2022-02-16 20:59:10,322 [simulator_env.py | 175] INFO: Get 33 unallocated orders, 14 ongoing orders, 128 completed orders.
2022-02-16 20:59:11,510 [simulator_env.py | 100] INFO: Finish the dispatch.
2022-02-16 20:59:11,514 [simulator_env.py | 278] INFO: 2022-02-16 10:10:00, Order 10000100142: state = 1 < 2, we can not finish the simulation
2022-02-16 20:59:11,515 [simulator_env.py | 87] INFO: **************************************************
2022-02-16 20:59:11,515 [simulator_env.py | 91] INFO: cur time: 2022-02-16 10:20:00, pre time: 2022-02-16 10:10:00
2022-02-16 20:59:11,516 [simulator_env.py | 147] INFO: Start to update the input of 2022-02-16 10:20:00
2022-02-16 20:59:11,527 [simulator_env.py | 175] INFO: Get 28 unallocated orders, 24 ongoing orders, 151 completed orders.
2022-02-16 20:59:12,647 [simulator_env.py | 100] INFO: Finish the dispatch.
2022-02-16 20:59:12,650 [simulator_env.py | 278] INFO: 2022-02-16 10:20:00, Order 10100400175: state = 1 < 2, we can not finish the simulation
2022-02-16 20:59:12,651 [simulator_env.py | 87] INFO: **************************************************
2022-02-16 20:59:12,652 [simulator_env.py | 91] INFO: cur time: 2022-02-16 10:30:00, pre time: 2022-02-16 10:20:00
2022-02-16 20:59:12,652 [simulator_env.py | 147] INFO: Start to update the input of 2022-02-16 10:30:00
2022-02-16 20:59:12,663 [simulator_env.py | 175] INFO: Get 33 unallocated orders, 21 ongoing orders, 182 completed orders.
2022-02-16 20:59:13,801 [simulator_env.py | 100] INFO: Finish the dispatch.
2022-02-16 20:59:13,805 [simulator_env.py | 278] INFO: 2022-02-16 10:30:00, Order 10200100203: state = 1 < 2, we can not finish the simulation
2022-02-16 20:59:13,806 [simulator_env.py | 87] INFO: **************************************************
2022-02-16 20:59:13,806 [simulator_env.py | 91] INFO: cur time: 2022-02-16 10:40:00, pre time: 2022-02-16 10:30:00
2022-02-16 20:59:13,806 [simulator_env.py | 147] INFO: Start to update the input of 2022-02-16 10:40:00
2022-02-16 20:59:13,819 [simulator_env.py | 175] INFO: Get 42 unallocated orders, 27 ongoing orders, 209 completed orders.
2022-02-16 20:59:15,153 [simulator_env.py | 100] INFO: Finish the dispatch.
2022-02-16 20:59:15,157 [simulator_env.py | 278] INFO: 2022-02-16 10:40:00, Order 10300100236: state = 1 < 2, we can not finish the simulation
2022-02-16 20:59:15,159 [simulator_env.py | 87] INFO: **************************************************
2022-02-16 20:59:15,159 [simulator_env.py | 91] INFO: cur time: 2022-02-16 10:50:00, pre time: 2022-02-16 10:40:00
2022-02-16 20:59:15,159 [simulator_env.py | 147] INFO: Start to update the input of 2022-02-16 10:50:00
2022-02-16 20:59:15,178 [simulator_env.py | 175] INFO: Get 40 unallocated orders, 25 ongoing orders, 251 completed orders.
2022-02-16 20:59:16,317 [simulator_env.py | 100] INFO: Finish the dispatch.
2022-02-16 20:59:16,321 [simulator_env.py | 278] INFO: 2022-02-16 10:50:00, Order 10392700274: state = 1 < 2, we can not finish the simulation
2022-02-16 20:59:16,323 [simulator_env.py | 87] INFO: **************************************************
2022-02-16 20:59:16,323 [simulator_env.py | 91] INFO: cur time: 2022-02-16 11:00:00, pre time: 2022-02-16 10:50:00
2022-02-16 20:59:16,323 [simulator_env.py | 147] INFO: Start to update the input of 2022-02-16 11:00:00
2022-02-16 20:59:16,336 [simulator_env.py | 175] INFO: Get 23 unallocated orders, 27 ongoing orders, 289 completed orders.
2022-02-16 20:59:17,630 [simulator_env.py | 100] INFO: Finish the dispatch.
2022-02-16 20:59:17,632 [simulator_env.py | 278] INFO: 2022-02-16 11:00:00, Order 10505000316: state = 1 < 2, we can not finish the simulation
2022-02-16 20:59:17,633 [simulator_env.py | 87] INFO: **************************************************
2022-02-16 20:59:17,634 [simulator_env.py | 91] INFO: cur time: 2022-02-16 11:10:00, pre time: 2022-02-16 11:00:00
2022-02-16 20:59:17,634 [simulator_env.py | 147] INFO: Start to update the input of 2022-02-16 11:10:00
2022-02-16 20:59:17,646 [simulator_env.py | 175] INFO: Get 32 unallocated orders, 14 ongoing orders, 325 completed orders.
2022-02-16 20:59:18,877 [simulator_env.py | 100] INFO: Finish the dispatch.
2022-02-16 20:59:18,879 [simulator_env.py | 278] INFO: 2022-02-16 11:10:00, Order 11001400339: state = 1 < 2, we can not finish the simulation
2022-02-16 20:59:18,881 [simulator_env.py | 87] INFO: **************************************************
2022-02-16 20:59:18,881 [simulator_env.py | 91] INFO: cur time: 2022-02-16 11:20:00, pre time: 2022-02-16 11:10:00
2022-02-16 20:59:18,881 [simulator_env.py | 147] INFO: Start to update the input of 2022-02-16 11:20:00
2022-02-16 20:59:18,891 [simulator_env.py | 175] INFO: Get 30 unallocated orders, 26 ongoing orders, 345 completed orders.
2022-02-16 20:59:20,115 [simulator_env.py | 100] INFO: Finish the dispatch.
2022-02-16 20:59:20,119 [simulator_env.py | 278] INFO: 2022-02-16 11:20:00, Order 11101700371: state = 1 < 2, we can not finish the simulation
2022-02-16 20:59:20,121 [simulator_env.py | 87] INFO: **************************************************
2022-02-16 20:59:20,122 [simulator_env.py | 91] INFO: cur time: 2022-02-16 11:30:00, pre time: 2022-02-16 11:20:00
2022-02-16 20:59:20,122 [simulator_env.py | 147] INFO: Start to update the input of 2022-02-16 11:30:00
2022-02-16 20:59:20,134 [simulator_env.py | 175] INFO: Get 26 unallocated orders, 19 ongoing orders, 382 completed orders.
2022-02-16 20:59:21,215 [simulator_env.py | 100] INFO: Finish the dispatch.
2022-02-16 20:59:21,218 [simulator_env.py | 278] INFO: 2022-02-16 11:30:00, Order 11200700401: state = 1 < 2, we can not finish the simulation
2022-02-16 20:59:21,218 [simulator_env.py | 87] INFO: **************************************************
2022-02-16 20:59:21,218 [simulator_env.py | 91] INFO: cur time: 2022-02-16 11:40:00, pre time: 2022-02-16 11:30:00
2022-02-16 20:59:21,218 [simulator_env.py | 147] INFO: Start to update the input of 2022-02-16 11:40:00
2022-02-16 20:59:21,225 [simulator_env.py | 175] INFO: Get 31 unallocated orders, 15 ongoing orders, 412 completed orders.
2022-02-16 20:59:22,446 [simulator_env.py | 100] INFO: Finish the dispatch.
2022-02-16 20:59:22,450 [simulator_env.py | 278] INFO: 2022-02-16 11:40:00, Order 11300100427: state = 1 < 2, we can not finish the simulation
2022-02-16 20:59:22,451 [simulator_env.py | 87] INFO: **************************************************
2022-02-16 20:59:22,451 [simulator_env.py | 91] INFO: cur time: 2022-02-16 11:50:00, pre time: 2022-02-16 11:40:00
2022-02-16 20:59:22,451 [simulator_env.py | 147] INFO: Start to update the input of 2022-02-16 11:50:00
2022-02-16 20:59:22,461 [simulator_env.py | 175] INFO: Get 26 unallocated orders, 20 ongoing orders, 438 completed orders.
2022-02-16 20:59:23,646 [simulator_env.py | 100] INFO: Finish the dispatch.
2022-02-16 20:59:23,648 [simulator_env.py | 278] INFO: 2022-02-16 11:50:00, Order 11411600458: state = 1 < 2, we can not finish the simulation
2022-02-16 20:59:23,649 [simulator_env.py | 87] INFO: **************************************************
2022-02-16 20:59:23,649 [simulator_env.py | 91] INFO: cur time: 2022-02-16 12:00:00, pre time: 2022-02-16 11:50:00
2022-02-16 20:59:23,649 [simulator_env.py | 147] INFO: Start to update the input of 2022-02-16 12:00:00
2022-02-16 20:59:23,657 [simulator_env.py | 175] INFO: Get 31 unallocated orders, 14 ongoing orders, 470 completed orders.
2022-02-16 20:59:24,694 [simulator_env.py | 100] INFO: Finish the dispatch.
2022-02-16 20:59:24,697 [simulator_env.py | 278] INFO: 2022-02-16 12:00:00, Order 11500100484: state = 1 < 2, we can not finish the simulation
2022-02-16 20:59:24,698 [simulator_env.py | 87] INFO: **************************************************
2022-02-16 20:59:24,698 [simulator_env.py | 91] INFO: cur time: 2022-02-16 12:10:00, pre time: 2022-02-16 12:00:00
2022-02-16 20:59:24,698 [simulator_env.py | 147] INFO: Start to update the input of 2022-02-16 12:10:00
2022-02-16 20:59:24,721 [simulator_env.py | 175] INFO: Get 17 unallocated orders, 21 ongoing orders, 494 completed orders.
2022-02-16 20:59:25,754 [simulator_env.py | 100] INFO: Finish the dispatch.
2022-02-16 20:59:25,758 [simulator_env.py | 278] INFO: 2022-02-16 12:10:00, Order 12001600515: state = 1 < 2, we can not finish the simulation
2022-02-16 20:59:25,760 [simulator_env.py | 87] INFO: **************************************************
2022-02-16 20:59:25,760 [simulator_env.py | 91] INFO: cur time: 2022-02-16 12:20:00, pre time: 2022-02-16 12:10:00
2022-02-16 20:59:25,760 [simulator_env.py | 147] INFO: Start to update the input of 2022-02-16 12:20:00
2022-02-16 20:59:25,768 [simulator_env.py | 175] INFO: Get 19 unallocated orders, 13 ongoing orders, 519 completed orders.
2022-02-16 20:59:26,886 [simulator_env.py | 100] INFO: Finish the dispatch.
2022-02-16 20:59:26,889 [simulator_env.py | 278] INFO: 2022-02-16 12:20:00, Order 12102200532: state = 1 < 2, we can not finish the simulation
2022-02-16 20:59:26,890 [simulator_env.py | 87] INFO: **************************************************
2022-02-16 20:59:26,890 [simulator_env.py | 91] INFO: cur time: 2022-02-16 12:30:00, pre time: 2022-02-16 12:20:00
2022-02-16 20:59:26,890 [simulator_env.py | 147] INFO: Start to update the input of 2022-02-16 12:30:00
2022-02-16 20:59:26,899 [simulator_env.py | 175] INFO: Get 11 unallocated orders, 10 ongoing orders, 541 completed orders.
2022-02-16 20:59:27,970 [simulator_env.py | 100] INFO: Finish the dispatch.
2022-02-16 20:59:27,972 [simulator_env.py | 278] INFO: 2022-02-16 12:30:00, Order 12210300551: state = 1 < 2, we can not finish the simulation
2022-02-16 20:59:27,973 [simulator_env.py | 87] INFO: **************************************************
2022-02-16 20:59:27,974 [simulator_env.py | 91] INFO: cur time: 2022-02-16 12:40:00, pre time: 2022-02-16 12:30:00
2022-02-16 20:59:27,974 [simulator_env.py | 147] INFO: Start to update the input of 2022-02-16 12:40:00
2022-02-16 20:59:27,981 [simulator_env.py | 175] INFO: Get 21 unallocated orders, 8 ongoing orders, 554 completed orders.
2022-02-16 20:59:29,203 [simulator_env.py | 100] INFO: Finish the dispatch.
2022-02-16 20:59:29,206 [simulator_env.py | 278] INFO: 2022-02-16 12:40:00, Order 12302300562: state = 1 < 2, we can not finish the simulation
2022-02-16 20:59:29,207 [simulator_env.py | 87] INFO: **************************************************
2022-02-16 20:59:29,207 [simulator_env.py | 91] INFO: cur time: 2022-02-16 12:50:00, pre time: 2022-02-16 12:40:00
2022-02-16 20:59:29,207 [simulator_env.py | 147] INFO: Start to update the input of 2022-02-16 12:50:00
2022-02-16 20:59:29,217 [simulator_env.py | 175] INFO: Get 15 unallocated orders, 15 ongoing orders, 568 completed orders.
2022-02-16 20:59:30,457 [simulator_env.py | 100] INFO: Finish the dispatch.
2022-02-16 20:59:30,460 [simulator_env.py | 278] INFO: 2022-02-16 12:50:00, Order 12403800583: state = 1 < 2, we can not finish the simulation
2022-02-16 20:59:30,461 [simulator_env.py | 87] INFO: **************************************************
2022-02-16 20:59:30,461 [simulator_env.py | 91] INFO: cur time: 2022-02-16 13:00:00, pre time: 2022-02-16 12:50:00
2022-02-16 20:59:30,461 [simulator_env.py | 147] INFO: Start to update the input of 2022-02-16 13:00:00
2022-02-16 20:59:30,469 [simulator_env.py | 175] INFO: Get 15 unallocated orders, 8 ongoing orders, 589 completed orders.
2022-02-16 20:59:31,764 [simulator_env.py | 100] INFO: Finish the dispatch.
2022-02-16 20:59:31,766 [simulator_env.py | 278] INFO: 2022-02-16 13:00:00, Order 12443500589: state = 1 < 2, we can not finish the simulation
2022-02-16 20:59:31,767 [simulator_env.py | 87] INFO: **************************************************
2022-02-16 20:59:31,767 [simulator_env.py | 91] INFO: cur time: 2022-02-16 13:10:00, pre time: 2022-02-16 13:00:00
2022-02-16 20:59:31,767 [simulator_env.py | 147] INFO: Start to update the input of 2022-02-16 13:10:00
2022-02-16 20:59:31,775 [simulator_env.py | 175] INFO: Get 16 unallocated orders, 10 ongoing orders, 601 completed orders.
2022-02-16 20:59:33,149 [simulator_env.py | 100] INFO: Finish the dispatch.
2022-02-16 20:59:33,152 [simulator_env.py | 278] INFO: 2022-02-16 13:10:00, Order 12550000605: state = 1 < 2, we can not finish the simulation
2022-02-16 20:59:33,152 [simulator_env.py | 87] INFO: **************************************************
2022-02-16 20:59:33,152 [simulator_env.py | 91] INFO: cur time: 2022-02-16 13:20:00, pre time: 2022-02-16 13:10:00
2022-02-16 20:59:33,153 [simulator_env.py | 147] INFO: Start to update the input of 2022-02-16 13:20:00
2022-02-16 20:59:33,161 [simulator_env.py | 175] INFO: Get 12 unallocated orders, 10 ongoing orders, 617 completed orders.
2022-02-16 20:59:34,306 [simulator_env.py | 100] INFO: Finish the dispatch.
2022-02-16 20:59:34,308 [simulator_env.py | 278] INFO: 2022-02-16 13:20:00, Order 13120000627: state = 1 < 2, we can not finish the simulation
2022-02-16 20:59:34,309 [simulator_env.py | 87] INFO: **************************************************
2022-02-16 20:59:34,309 [simulator_env.py | 91] INFO: cur time: 2022-02-16 13:30:00, pre time: 2022-02-16 13:20:00
2022-02-16 20:59:34,309 [simulator_env.py | 147] INFO: Start to update the input of 2022-02-16 13:30:00
2022-02-16 20:59:34,316 [simulator_env.py | 175] INFO: Get 11 unallocated orders, 10 ongoing orders, 629 completed orders.
2022-02-16 20:59:35,550 [simulator_env.py | 100] INFO: Finish the dispatch.
2022-02-16 20:59:35,552 [simulator_env.py | 278] INFO: 2022-02-16 13:30:00, Order 13201700639: state = 1 < 2, we can not finish the simulation
2022-02-16 20:59:35,552 [simulator_env.py | 87] INFO: **************************************************
2022-02-16 20:59:35,552 [simulator_env.py | 91] INFO: cur time: 2022-02-16 13:40:00, pre time: 2022-02-16 13:30:00
2022-02-16 20:59:35,552 [simulator_env.py | 147] INFO: Start to update the input of 2022-02-16 13:40:00
2022-02-16 20:59:35,557 [simulator_env.py | 175] INFO: Get 11 unallocated orders, 7 ongoing orders, 643 completed orders.
2022-02-16 20:59:36,834 [simulator_env.py | 100] INFO: Finish the dispatch.
2022-02-16 20:59:36,835 [simulator_env.py | 278] INFO: 2022-02-16 13:40:00, Order 13314200650: state = 1 < 2, we can not finish the simulation
2022-02-16 20:59:36,836 [simulator_env.py | 87] INFO: **************************************************
2022-02-16 20:59:36,836 [simulator_env.py | 91] INFO: cur time: 2022-02-16 13:50:00, pre time: 2022-02-16 13:40:00
2022-02-16 20:59:36,836 [simulator_env.py | 147] INFO: Start to update the input of 2022-02-16 13:50:00
2022-02-16 20:59:36,842 [simulator_env.py | 175] INFO: Get 9 unallocated orders, 6 ongoing orders, 655 completed orders.
2022-02-16 20:59:37,929 [simulator_env.py | 100] INFO: Finish the dispatch.
2022-02-16 20:59:37,931 [simulator_env.py | 278] INFO: 2022-02-16 13:50:00, Order 13420300661: state = 1 < 2, we can not finish the simulation
2022-02-16 20:59:37,932 [simulator_env.py | 87] INFO: **************************************************
2022-02-16 20:59:37,932 [simulator_env.py | 91] INFO: cur time: 2022-02-16 14:00:00, pre time: 2022-02-16 13:50:00
2022-02-16 20:59:37,932 [simulator_env.py | 147] INFO: Start to update the input of 2022-02-16 14:00:00
2022-02-16 20:59:37,939 [simulator_env.py | 175] INFO: Get 6 unallocated orders, 7 ongoing orders, 663 completed orders.
2022-02-16 20:59:39,170 [simulator_env.py | 100] INFO: Finish the dispatch.
2022-02-16 20:59:39,178 [simulator_env.py | 278] INFO: 2022-02-16 14:00:00, Order 13510500670: state = 1 < 2, we can not finish the simulation
2022-02-16 20:59:39,178 [simulator_env.py | 87] INFO: **************************************************
2022-02-16 20:59:39,178 [simulator_env.py | 91] INFO: cur time: 2022-02-16 14:10:00, pre time: 2022-02-16 14:00:00
2022-02-16 20:59:39,179 [simulator_env.py | 147] INFO: Start to update the input of 2022-02-16 14:10:00
2022-02-16 20:59:39,184 [simulator_env.py | 175] INFO: Get 14 unallocated orders, 5 ongoing orders, 671 completed orders.
2022-02-16 20:59:40,473 [simulator_env.py | 100] INFO: Finish the dispatch.
2022-02-16 20:59:40,474 [simulator_env.py | 278] INFO: 2022-02-16 14:10:00, Order 14000300676: state = 1 < 2, we can not finish the simulation
2022-02-16 20:59:40,475 [simulator_env.py | 87] INFO: **************************************************
2022-02-16 20:59:40,475 [simulator_env.py | 91] INFO: cur time: 2022-02-16 14:20:00, pre time: 2022-02-16 14:10:00
2022-02-16 20:59:40,476 [simulator_env.py | 147] INFO: Start to update the input of 2022-02-16 14:20:00
2022-02-16 20:59:40,483 [simulator_env.py | 175] INFO: Get 16 unallocated orders, 13 ongoing orders, 677 completed orders.
2022-02-16 20:59:41,670 [simulator_env.py | 100] INFO: Finish the dispatch.
2022-02-16 20:59:41,673 [simulator_env.py | 278] INFO: 2022-02-16 14:20:00, Order 14103200690: state = 1 < 2, we can not finish the simulation
2022-02-16 20:59:41,674 [simulator_env.py | 87] INFO: **************************************************
2022-02-16 20:59:41,674 [simulator_env.py | 91] INFO: cur time: 2022-02-16 14:30:00, pre time: 2022-02-16 14:20:00
2022-02-16 20:59:41,674 [simulator_env.py | 147] INFO: Start to update the input of 2022-02-16 14:30:00
2022-02-16 20:59:41,680 [simulator_env.py | 175] INFO: Get 10 unallocated orders, 10 ongoing orders, 696 completed orders.
2022-02-16 20:59:42,758 [simulator_env.py | 100] INFO: Finish the dispatch.
2022-02-16 20:59:42,760 [simulator_env.py | 278] INFO: 2022-02-16 14:30:00, Order 14204100706: state = 1 < 2, we can not finish the simulation
2022-02-16 20:59:42,762 [simulator_env.py | 87] INFO: **************************************************
2022-02-16 20:59:42,762 [simulator_env.py | 91] INFO: cur time: 2022-02-16 14:40:00, pre time: 2022-02-16 14:30:00
2022-02-16 20:59:42,762 [simulator_env.py | 147] INFO: Start to update the input of 2022-02-16 14:40:00
2022-02-16 20:59:42,769 [simulator_env.py | 175] INFO: Get 14 unallocated orders, 10 ongoing orders, 706 completed orders.
2022-02-16 20:59:43,794 [simulator_env.py | 100] INFO: Finish the dispatch.
2022-02-16 20:59:43,796 [simulator_env.py | 278] INFO: 2022-02-16 14:40:00, Order 14302800716: state = 1 < 2, we can not finish the simulation
2022-02-16 20:59:43,797 [simulator_env.py | 87] INFO: **************************************************
2022-02-16 20:59:43,797 [simulator_env.py | 91] INFO: cur time: 2022-02-16 14:50:00, pre time: 2022-02-16 14:40:00
2022-02-16 20:59:43,797 [simulator_env.py | 147] INFO: Start to update the input of 2022-02-16 14:50:00
2022-02-16 20:59:43,803 [simulator_env.py | 175] INFO: Get 9 unallocated orders, 14 ongoing orders, 716 completed orders.
2022-02-16 20:59:45,141 [simulator_env.py | 100] INFO: Finish the dispatch.
2022-02-16 20:59:45,145 [simulator_env.py | 278] INFO: 2022-02-16 14:50:00, Order 14401100730: state = 1 < 2, we can not finish the simulation
2022-02-16 20:59:45,147 [simulator_env.py | 87] INFO: **************************************************
2022-02-16 20:59:45,148 [simulator_env.py | 91] INFO: cur time: 2022-02-16 15:00:00, pre time: 2022-02-16 14:50:00
2022-02-16 20:59:45,148 [simulator_env.py | 147] INFO: Start to update the input of 2022-02-16 15:00:00
2022-02-16 20:59:45,163 [simulator_env.py | 175] INFO: Get 10 unallocated orders, 7 ongoing orders, 732 completed orders.
2022-02-16 20:59:46,346 [simulator_env.py | 100] INFO: Finish the dispatch.
2022-02-16 20:59:46,349 [simulator_env.py | 278] INFO: 2022-02-16 15:00:00, Order 14504300739: state = 1 < 2, we can not finish the simulation
2022-02-16 20:59:46,350 [simulator_env.py | 87] INFO: **************************************************
2022-02-16 20:59:46,350 [simulator_env.py | 91] INFO: cur time: 2022-02-16 15:10:00, pre time: 2022-02-16 15:00:00
2022-02-16 20:59:46,350 [simulator_env.py | 147] INFO: Start to update the input of 2022-02-16 15:10:00
2022-02-16 20:59:46,357 [simulator_env.py | 175] INFO: Get 0 unallocated orders, 7 ongoing orders, 742 completed orders.
2022-02-16 20:59:47,486 [simulator_env.py | 100] INFO: Finish the dispatch.
2022-02-16 20:59:47,488 [simulator_env.py | 281] INFO: 2022-02-16 15:10:00, the status of all orders is greater than 1, we could finish the simulation
2022-02-16 20:59:47,492 [simulator_env.py | 124] INFO: finished the left ongoing orders
2022-02-16 20:59:47,493 [evaluator.py    | 116] INFO: Traveling Distance of driver D_1 is  48.630, visited node list: 16
2022-02-16 20:59:47,494 [evaluator.py    | 116] INFO: Traveling Distance of driver D_2 is  98.950, visited node list: 34
2022-02-16 20:59:47,496 [evaluator.py    | 116] INFO: Traveling Distance of driver D_3 is  81.570, visited node list: 26
2022-02-16 20:59:47,497 [evaluator.py    | 116] INFO: Traveling Distance of driver D_4 is  116.670, visited node list: 41
2022-02-16 20:59:47,498 [evaluator.py    | 116] INFO: Traveling Distance of driver D_5 is  109.850, visited node list: 43
2022-02-16 20:59:47,499 [evaluator.py    | 116] INFO: Traveling Distance of driver D_6 is  112.850, visited node list: 43
2022-02-16 20:59:47,500 [evaluator.py    | 116] INFO: Traveling Distance of driver D_7 is  102.080, visited node list: 37
2022-02-16 20:59:47,502 [evaluator.py    | 116] INFO: Traveling Distance of driver D_8 is  124.680, visited node list: 45
2022-02-16 20:59:47,503 [evaluator.py    | 116] INFO: Traveling Distance of driver D_9 is  117.670, visited node list: 39
2022-02-16 20:59:47,503 [evaluator.py    | 116] INFO: Traveling Distance of driver D_10 is  110.200, visited node list: 41
2022-02-16 20:59:47,504 [evaluator.py    | 116] INFO: Traveling Distance of driver D_11 is  110.310, visited node list: 46
2022-02-16 20:59:47,507 [evaluator.py    | 116] INFO: Traveling Distance of driver D_12 is  112.500, visited node list: 43
2022-02-16 20:59:47,509 [evaluator.py    | 116] INFO: Traveling Distance of driver D_13 is  109.500, visited node list: 41
2022-02-16 20:59:47,511 [evaluator.py    | 116] INFO: Traveling Distance of driver D_14 is  104.680, visited node list: 33
2022-02-16 20:59:47,513 [evaluator.py    | 116] INFO: Traveling Distance of driver D_15 is  118.440, visited node list: 45
2022-02-16 20:59:47,515 [evaluator.py    | 116] INFO: Traveling Distance of driver D_16 is  116.620, visited node list: 43
2022-02-16 20:59:47,516 [evaluator.py    | 116] INFO: Traveling Distance of driver D_17 is  102.860, visited node list: 40
2022-02-16 20:59:47,517 [evaluator.py    | 116] INFO: Traveling Distance of driver D_18 is  90.040, visited node list: 31
2022-02-16 20:59:47,517 [evaluator.py    | 116] INFO: Traveling Distance of driver D_19 is  97.160, visited node list: 35
2022-02-16 20:59:47,518 [evaluator.py    | 116] INFO: Traveling Distance of driver D_20 is  98.560, visited node list: 39
2022-02-16 20:59:47,519 [evaluator.py    | 116] INFO: Traveling Distance of driver D_21 is  70.900, visited node list: 26
2022-02-16 20:59:47,520 [evaluator.py    | 116] INFO: Traveling Distance of driver D_22 is  88.500, visited node list: 36
2022-02-16 20:59:47,521 [evaluator.py    | 116] INFO: Traveling Distance of driver D_23 is  98.330, visited node list: 38
2022-02-16 20:59:47,521 [evaluator.py    | 116] INFO: Traveling Distance of driver D_24 is  93.420, visited node list: 43
2022-02-16 20:59:47,521 [evaluator.py    | 116] INFO: Traveling Distance of driver D_25 is  83.570, visited node list: 34
2022-02-16 20:59:47,522 [evaluator.py    | 116] INFO: Traveling Distance of driver D_26 is  89.820, visited node list: 33
2022-02-16 20:59:47,522 [evaluator.py    | 116] INFO: Traveling Distance of driver D_27 is  70.190, visited node list: 27
2022-02-16 20:59:47,523 [evaluator.py    | 116] INFO: Traveling Distance of driver D_28 is  81.840, visited node list: 33
2022-02-16 20:59:47,523 [evaluator.py    | 116] INFO: Traveling Distance of driver D_29 is  69.740, visited node list: 31
2022-02-16 20:59:47,523 [evaluator.py    | 116] INFO: Traveling Distance of driver D_30 is  61.430, visited node list: 24
2022-02-16 20:59:47,523 [evaluator.py    | 116] INFO: Traveling Distance of driver D_31 is  69.210, visited node list: 28
2022-02-16 20:59:47,524 [evaluator.py    | 116] INFO: Traveling Distance of driver D_32 is  64.050, visited node list: 25
2022-02-16 20:59:47,524 [evaluator.py    | 116] INFO: Traveling Distance of driver D_33 is  60.940, visited node list: 24
2022-02-16 20:59:47,524 [evaluator.py    | 116] INFO: Traveling Distance of driver D_34 is  41.910, visited node list: 17
2022-02-16 20:59:47,525 [evaluator.py    | 116] INFO: Traveling Distance of driver D_35 is  26.360, visited node list: 10
2022-02-16 20:59:47,525 [evaluator.py    | 116] INFO: Traveling Distance of driver D_36 is  50.510, visited node list: 21
2022-02-16 20:59:47,525 [evaluator.py    | 116] INFO: Traveling Distance of driver D_37 is  44.790, visited node list: 19
2022-02-16 20:59:47,525 [evaluator.py    | 116] INFO: Traveling Distance of driver D_38 is  48.740, visited node list: 16
2022-02-16 20:59:47,525 [evaluator.py    | 116] INFO: Traveling Distance of driver D_39 is  41.650, visited node list: 24
2022-02-16 20:59:47,526 [evaluator.py    | 116] INFO: Traveling Distance of driver D_40 is  46.660, visited node list: 16
2022-02-16 20:59:47,526 [evaluator.py    | 116] INFO: Traveling Distance of driver D_41 is  28.630, visited node list: 10
2022-02-16 20:59:47,526 [evaluator.py    | 116] INFO: Traveling Distance of driver D_42 is  43.740, visited node list: 16
2022-02-16 20:59:47,526 [evaluator.py    | 116] INFO: Traveling Distance of driver D_43 is  53.850, visited node list: 23
2022-02-16 20:59:47,526 [evaluator.py    | 116] INFO: Traveling Distance of driver D_44 is  48.190, visited node list: 18
2022-02-16 20:59:47,527 [evaluator.py    | 116] INFO: Traveling Distance of driver D_45 is  49.640, visited node list: 16
2022-02-16 20:59:47,527 [evaluator.py    | 116] INFO: Traveling Distance of driver D_46 is  44.390, visited node list: 22
2022-02-16 20:59:47,527 [evaluator.py    | 116] INFO: Traveling Distance of driver D_47 is  31.890, visited node list: 14
2022-02-16 20:59:47,527 [evaluator.py    | 116] INFO: Traveling Distance of driver D_48 is  42.610, visited node list: 17
2022-02-16 20:59:47,527 [evaluator.py    | 116] INFO: Traveling Distance of driver D_49 is  27.740, visited node list: 12
2022-02-16 20:59:47,528 [evaluator.py    | 116] INFO: Traveling Distance of driver D_50 is  21.580, visited node list: 9
2022-02-16 20:59:47,528 [evaluator.py    | 116] INFO: Traveling Distance of driver D_51 is  21.200, visited node list: 8
2022-02-16 20:59:47,528 [evaluator.py    | 116] INFO: Traveling Distance of driver D_52 is  22.540, visited node list: 9
2022-02-16 20:59:47,528 [evaluator.py    | 116] INFO: Traveling Distance of driver D_53 is  24.930, visited node list: 10
2022-02-16 20:59:47,528 [evaluator.py    | 116] INFO: Traveling Distance of driver D_54 is  13.550, visited node list: 7
2022-02-16 20:59:47,528 [evaluator.py    | 116] INFO: Traveling Distance of driver D_55 is  11.320, visited node list: 5
2022-02-16 20:59:47,528 [evaluator.py    | 116] INFO: Traveling Distance of driver D_56 is  6.700, visited node list: 3
2022-02-16 20:59:47,529 [evaluator.py    | 116] INFO: Traveling Distance of driver D_57 is  10.160, visited node list: 5
2022-02-16 20:59:47,529 [evaluator.py    | 116] INFO: Traveling Distance of driver D_58 is  25.000, visited node list: 9
2022-02-16 20:59:47,529 [evaluator.py    | 116] INFO: Traveling Distance of driver D_59 is  11.520, visited node list: 5
2022-02-16 20:59:47,529 [evaluator.py    | 116] INFO: Traveling Distance of driver D_60 is  5.130, visited node list: 6
2022-02-16 20:59:47,529 [evaluator.py    | 116] INFO: Traveling Distance of driver D_61 is  16.380, visited node list: 7
2022-02-16 20:59:47,530 [evaluator.py    | 116] INFO: Traveling Distance of driver D_62 is  8.580, visited node list: 4
2022-02-16 20:59:47,530 [evaluator.py    | 116] INFO: Traveling Distance of driver D_63 is  10.320, visited node list: 4
2022-02-16 20:59:47,530 [evaluator.py    | 116] INFO: Traveling Distance of driver D_64 is  8.020, visited node list: 4
2022-02-16 20:59:47,531 [evaluator.py    | 116] INFO: Traveling Distance of driver D_65 is  11.480, visited node list: 5
2022-02-16 20:59:47,531 [evaluator.py    | 18] INFO: Total distance:  3985.470
2022-02-16 20:59:47,615 [evaluator.py    | 22] INFO: Sum over time:  0.000
2022-02-16 20:59:47,616 [evaluator.py    | 26] INFO: Total score:  61.315
2022-02-16 20:59:47,793 [main.py         | 43] INFO: Score of instance_44: 61.31492307692308
