2022-02-16 22:33:32,253 [main.py         | 38] INFO: Start to run /Users/yangjingfeng/Library/CloudStorage/OneDrive-Personal/Public/PhD Study/Papers/Food_Delivery/Code/Food_delivery_simulator/Benchmark/Instance_small: instance_68
2022-02-16 22:33:32,257 [simulator_api.py | 43] INFO: Start time of the simulator: 2022-02-16 09:00:00, time interval:  600.00
2022-02-16 22:33:32,483 [input_utils.py  | 35] INFO: Get 1158 locations
2022-02-16 22:33:32,504 [input_utils.py  | 39] INFO: Get 65 drivers
2022-02-16 22:33:32,953 [input_utils.py  | 43] INFO: Get 900 orders
2022-02-16 22:33:32,954 [simulator_api.py | 75] INFO: Initial position of D_1 is Bukit Timah Market & Food Centre
2022-02-16 22:33:32,955 [simulator_api.py | 75] INFO: Initial position of D_2 is Bukit Timah Market & Food Centre
2022-02-16 22:33:32,956 [simulator_api.py | 75] INFO: Initial position of D_3 is Ghim Moh Market & Food Centre
2022-02-16 22:33:32,956 [simulator_api.py | 75] INFO: Initial position of D_4 is Bukit Timah Market & Food Centre
2022-02-16 22:33:32,958 [simulator_api.py | 75] INFO: Initial position of D_5 is Alexandra Village Food Centre
2022-02-16 22:33:32,959 [simulator_api.py | 75] INFO: Initial position of D_6 is Bukit Timah Market & Food Centre
2022-02-16 22:33:32,960 [simulator_api.py | 75] INFO: Initial position of D_7 is Bukit Timah Market & Food Centre
2022-02-16 22:33:32,961 [simulator_api.py | 75] INFO: Initial position of D_8 is Bukit Timah Market & Food Centre
2022-02-16 22:33:32,966 [simulator_api.py | 75] INFO: Initial position of D_9 is Bukit Timah Market & Food Centre
2022-02-16 22:33:32,973 [simulator_api.py | 75] INFO: Initial position of D_10 is Bukit Timah Market & Food Centre
2022-02-16 22:33:32,974 [simulator_api.py | 75] INFO: Initial position of D_11 is Alexandra Village Food Centre
2022-02-16 22:33:32,976 [simulator_api.py | 75] INFO: Initial position of D_12 is Ghim Moh Market & Food Centre
2022-02-16 22:33:32,979 [simulator_api.py | 75] INFO: Initial position of D_13 is Alexandra Village Food Centre
2022-02-16 22:33:32,983 [simulator_api.py | 75] INFO: Initial position of D_14 is Ghim Moh Market & Food Centre
2022-02-16 22:33:32,986 [simulator_api.py | 75] INFO: Initial position of D_15 is Bukit Timah Market & Food Centre
2022-02-16 22:33:32,989 [simulator_api.py | 75] INFO: Initial position of D_16 is Ghim Moh Market & Food Centre
2022-02-16 22:33:32,991 [simulator_api.py | 75] INFO: Initial position of D_17 is Ghim Moh Market & Food Centre
2022-02-16 22:33:32,993 [simulator_api.py | 75] INFO: Initial position of D_18 is Alexandra Village Food Centre
2022-02-16 22:33:33,009 [simulator_api.py | 75] INFO: Initial position of D_19 is Bukit Timah Market & Food Centre
2022-02-16 22:33:33,010 [simulator_api.py | 75] INFO: Initial position of D_20 is Alexandra Village Food Centre
2022-02-16 22:33:33,011 [simulator_api.py | 75] INFO: Initial position of D_21 is Alexandra Village Food Centre
2022-02-16 22:33:33,014 [simulator_api.py | 75] INFO: Initial position of D_22 is Alexandra Village Food Centre
2022-02-16 22:33:33,017 [simulator_api.py | 75] INFO: Initial position of D_23 is Ghim Moh Market & Food Centre
2022-02-16 22:33:33,018 [simulator_api.py | 75] INFO: Initial position of D_24 is Bukit Timah Market & Food Centre
2022-02-16 22:33:33,020 [simulator_api.py | 75] INFO: Initial position of D_25 is Ghim Moh Market & Food Centre
2022-02-16 22:33:33,021 [simulator_api.py | 75] INFO: Initial position of D_26 is Alexandra Village Food Centre
2022-02-16 22:33:33,022 [simulator_api.py | 75] INFO: Initial position of D_27 is Ghim Moh Market & Food Centre
2022-02-16 22:33:33,023 [simulator_api.py | 75] INFO: Initial position of D_28 is Alexandra Village Food Centre
2022-02-16 22:33:33,097 [simulator_api.py | 75] INFO: Initial position of D_29 is Bukit Timah Market & Food Centre
2022-02-16 22:33:33,099 [simulator_api.py | 75] INFO: Initial position of D_30 is Bukit Timah Market & Food Centre
2022-02-16 22:33:33,102 [simulator_api.py | 75] INFO: Initial position of D_31 is Alexandra Village Food Centre
2022-02-16 22:33:33,104 [simulator_api.py | 75] INFO: Initial position of D_32 is Ghim Moh Market & Food Centre
2022-02-16 22:33:33,105 [simulator_api.py | 75] INFO: Initial position of D_33 is Bukit Timah Market & Food Centre
2022-02-16 22:33:33,106 [simulator_api.py | 75] INFO: Initial position of D_34 is Bukit Timah Market & Food Centre
2022-02-16 22:33:33,107 [simulator_api.py | 75] INFO: Initial position of D_35 is Bukit Timah Market & Food Centre
2022-02-16 22:33:33,108 [simulator_api.py | 75] INFO: Initial position of D_36 is Alexandra Village Food Centre
2022-02-16 22:33:33,109 [simulator_api.py | 75] INFO: Initial position of D_37 is Alexandra Village Food Centre
2022-02-16 22:33:33,111 [simulator_api.py | 75] INFO: Initial position of D_38 is Ghim Moh Market & Food Centre
2022-02-16 22:33:33,111 [simulator_api.py | 75] INFO: Initial position of D_39 is Alexandra Village Food Centre
2022-02-16 22:33:33,114 [simulator_api.py | 75] INFO: Initial position of D_40 is Bukit Timah Market & Food Centre
2022-02-16 22:33:33,119 [simulator_api.py | 75] INFO: Initial position of D_41 is Bukit Timah Market & Food Centre
2022-02-16 22:33:33,121 [simulator_api.py | 75] INFO: Initial position of D_42 is Alexandra Village Food Centre
2022-02-16 22:33:33,121 [simulator_api.py | 75] INFO: Initial position of D_43 is Bukit Timah Market & Food Centre
2022-02-16 22:33:33,122 [simulator_api.py | 75] INFO: Initial position of D_44 is Ghim Moh Market & Food Centre
2022-02-16 22:33:33,122 [simulator_api.py | 75] INFO: Initial position of D_45 is Alexandra Village Food Centre
2022-02-16 22:33:33,123 [simulator_api.py | 75] INFO: Initial position of D_46 is Ghim Moh Market & Food Centre
2022-02-16 22:33:33,124 [simulator_api.py | 75] INFO: Initial position of D_47 is Ghim Moh Market & Food Centre
2022-02-16 22:33:33,124 [simulator_api.py | 75] INFO: Initial position of D_48 is Alexandra Village Food Centre
2022-02-16 22:33:33,125 [simulator_api.py | 75] INFO: Initial position of D_49 is Bukit Timah Market & Food Centre
2022-02-16 22:33:33,126 [simulator_api.py | 75] INFO: Initial position of D_50 is Alexandra Village Food Centre
2022-02-16 22:33:33,126 [simulator_api.py | 75] INFO: Initial position of D_51 is Alexandra Village Food Centre
2022-02-16 22:33:33,127 [simulator_api.py | 75] INFO: Initial position of D_52 is Alexandra Village Food Centre
2022-02-16 22:33:33,127 [simulator_api.py | 75] INFO: Initial position of D_53 is Ghim Moh Market & Food Centre
2022-02-16 22:33:33,127 [simulator_api.py | 75] INFO: Initial position of D_54 is Alexandra Village Food Centre
2022-02-16 22:33:33,128 [simulator_api.py | 75] INFO: Initial position of D_55 is Bukit Timah Market & Food Centre
2022-02-16 22:33:33,129 [simulator_api.py | 75] INFO: Initial position of D_56 is Bukit Timah Market & Food Centre
2022-02-16 22:33:33,130 [simulator_api.py | 75] INFO: Initial position of D_57 is Ghim Moh Market & Food Centre
2022-02-16 22:33:33,131 [simulator_api.py | 75] INFO: Initial position of D_58 is Alexandra Village Food Centre
2022-02-16 22:33:33,133 [simulator_api.py | 75] INFO: Initial position of D_59 is Bukit Timah Market & Food Centre
2022-02-16 22:33:33,138 [simulator_api.py | 75] INFO: Initial position of D_60 is Alexandra Village Food Centre
2022-02-16 22:33:33,139 [simulator_api.py | 75] INFO: Initial position of D_61 is Ghim Moh Market & Food Centre
2022-02-16 22:33:33,139 [simulator_api.py | 75] INFO: Initial position of D_62 is Ghim Moh Market & Food Centre
2022-02-16 22:33:33,140 [simulator_api.py | 75] INFO: Initial position of D_63 is Alexandra Village Food Centre
2022-02-16 22:33:33,141 [simulator_api.py | 75] INFO: Initial position of D_64 is Ghim Moh Market & Food Centre
2022-02-16 22:33:33,142 [simulator_api.py | 75] INFO: Initial position of D_65 is Ghim Moh Market & Food Centre
2022-02-16 22:33:33,164 [simulator_env.py | 87] INFO: **************************************************
2022-02-16 22:33:33,164 [simulator_env.py | 91] INFO: cur time: 2022-02-16 09:10:00, pre time: 2022-02-16 09:00:00
2022-02-16 22:33:33,165 [simulator_env.py | 147] INFO: Start to update the input of 2022-02-16 09:10:00
2022-02-16 22:33:33,170 [simulator_env.py | 175] INFO: Get 28 unallocated orders, 0 ongoing orders, 0 completed orders.
2022-02-16 22:33:34,542 [simulator_env.py | 100] INFO: Finish the dispatch.
2022-02-16 22:33:34,544 [simulator_env.py | 278] INFO: 2022-02-16 09:10:00, Order 09001700000: state = 1 < 2, we can not finish the simulation
2022-02-16 22:33:34,544 [simulator_env.py | 87] INFO: **************************************************
2022-02-16 22:33:34,544 [simulator_env.py | 91] INFO: cur time: 2022-02-16 09:20:00, pre time: 2022-02-16 09:10:00
2022-02-16 22:33:34,545 [simulator_env.py | 147] INFO: Start to update the input of 2022-02-16 09:20:00
2022-02-16 22:33:34,552 [simulator_env.py | 175] INFO: Get 23 unallocated orders, 12 ongoing orders, 16 completed orders.
2022-02-16 22:33:35,734 [simulator_env.py | 100] INFO: Finish the dispatch.
2022-02-16 22:33:35,738 [simulator_env.py | 278] INFO: 2022-02-16 09:20:00, Order 09112100028: state = 1 < 2, we can not finish the simulation
2022-02-16 22:33:35,740 [simulator_env.py | 87] INFO: **************************************************
2022-02-16 22:33:35,740 [simulator_env.py | 91] INFO: cur time: 2022-02-16 09:30:00, pre time: 2022-02-16 09:20:00
2022-02-16 22:33:35,740 [simulator_env.py | 147] INFO: Start to update the input of 2022-02-16 09:30:00
2022-02-16 22:33:35,746 [simulator_env.py | 175] INFO: Get 29 unallocated orders, 11 ongoing orders, 40 completed orders.
2022-02-16 22:33:37,093 [simulator_env.py | 100] INFO: Finish the dispatch.
2022-02-16 22:33:37,095 [simulator_env.py | 278] INFO: 2022-02-16 09:30:00, Order 09203700051: state = 1 < 2, we can not finish the simulation
2022-02-16 22:33:37,096 [simulator_env.py | 87] INFO: **************************************************
2022-02-16 22:33:37,096 [simulator_env.py | 91] INFO: cur time: 2022-02-16 09:40:00, pre time: 2022-02-16 09:30:00
2022-02-16 22:33:37,096 [simulator_env.py | 147] INFO: Start to update the input of 2022-02-16 09:40:00
2022-02-16 22:33:37,106 [simulator_env.py | 175] INFO: Get 26 unallocated orders, 20 ongoing orders, 60 completed orders.
2022-02-16 22:33:38,497 [simulator_env.py | 100] INFO: Finish the dispatch.
2022-02-16 22:33:38,501 [simulator_env.py | 278] INFO: 2022-02-16 09:40:00, Order 09311000080: state = 1 < 2, we can not finish the simulation
2022-02-16 22:33:38,502 [simulator_env.py | 87] INFO: **************************************************
2022-02-16 22:33:38,502 [simulator_env.py | 91] INFO: cur time: 2022-02-16 09:50:00, pre time: 2022-02-16 09:40:00
2022-02-16 22:33:38,502 [simulator_env.py | 147] INFO: Start to update the input of 2022-02-16 09:50:00
2022-02-16 22:33:38,513 [simulator_env.py | 175] INFO: Get 42 unallocated orders, 16 ongoing orders, 90 completed orders.
2022-02-16 22:33:40,054 [simulator_env.py | 100] INFO: Finish the dispatch.
2022-02-16 22:33:40,059 [simulator_env.py | 278] INFO: 2022-02-16 09:50:00, Order 09403400106: state = 1 < 2, we can not finish the simulation
2022-02-16 22:33:40,061 [simulator_env.py | 87] INFO: **************************************************
2022-02-16 22:33:40,061 [simulator_env.py | 91] INFO: cur time: 2022-02-16 10:00:00, pre time: 2022-02-16 09:50:00
2022-02-16 22:33:40,061 [simulator_env.py | 147] INFO: Start to update the input of 2022-02-16 10:00:00
2022-02-16 22:33:40,076 [simulator_env.py | 175] INFO: Get 38 unallocated orders, 29 ongoing orders, 119 completed orders.
2022-02-16 22:33:41,572 [simulator_env.py | 100] INFO: Finish the dispatch.
2022-02-16 22:33:41,576 [simulator_env.py | 278] INFO: 2022-02-16 10:00:00, Order 09500100148: state = 1 < 2, we can not finish the simulation
2022-02-16 22:33:41,577 [simulator_env.py | 87] INFO: **************************************************
2022-02-16 22:33:41,577 [simulator_env.py | 91] INFO: cur time: 2022-02-16 10:10:00, pre time: 2022-02-16 10:00:00
2022-02-16 22:33:41,577 [simulator_env.py | 147] INFO: Start to update the input of 2022-02-16 10:10:00
2022-02-16 22:33:41,591 [simulator_env.py | 175] INFO: Get 35 unallocated orders, 29 ongoing orders, 156 completed orders.
2022-02-16 22:33:43,181 [simulator_env.py | 100] INFO: Finish the dispatch.
2022-02-16 22:33:43,184 [simulator_env.py | 278] INFO: 2022-02-16 10:10:00, Order 09594100185: state = 1 < 2, we can not finish the simulation
2022-02-16 22:33:43,185 [simulator_env.py | 87] INFO: **************************************************
2022-02-16 22:33:43,186 [simulator_env.py | 91] INFO: cur time: 2022-02-16 10:20:00, pre time: 2022-02-16 10:10:00
2022-02-16 22:33:43,186 [simulator_env.py | 147] INFO: Start to update the input of 2022-02-16 10:20:00
2022-02-16 22:33:43,197 [simulator_env.py | 175] INFO: Get 31 unallocated orders, 24 ongoing orders, 196 completed orders.
2022-02-16 22:33:44,697 [simulator_env.py | 100] INFO: Finish the dispatch.
2022-02-16 22:33:44,701 [simulator_env.py | 278] INFO: 2022-02-16 10:20:00, Order 10102900220: state = 1 < 2, we can not finish the simulation
2022-02-16 22:33:44,702 [simulator_env.py | 87] INFO: **************************************************
2022-02-16 22:33:44,702 [simulator_env.py | 91] INFO: cur time: 2022-02-16 10:30:00, pre time: 2022-02-16 10:20:00
2022-02-16 22:33:44,702 [simulator_env.py | 147] INFO: Start to update the input of 2022-02-16 10:30:00
2022-02-16 22:33:44,713 [simulator_env.py | 175] INFO: Get 34 unallocated orders, 25 ongoing orders, 226 completed orders.
2022-02-16 22:33:46,205 [simulator_env.py | 100] INFO: Finish the dispatch.
2022-02-16 22:33:46,212 [simulator_env.py | 278] INFO: 2022-02-16 10:30:00, Order 10203000251: state = 1 < 2, we can not finish the simulation
2022-02-16 22:33:46,213 [simulator_env.py | 87] INFO: **************************************************
2022-02-16 22:33:46,214 [simulator_env.py | 91] INFO: cur time: 2022-02-16 10:40:00, pre time: 2022-02-16 10:30:00
2022-02-16 22:33:46,214 [simulator_env.py | 147] INFO: Start to update the input of 2022-02-16 10:40:00
2022-02-16 22:33:46,226 [simulator_env.py | 175] INFO: Get 50 unallocated orders, 23 ongoing orders, 262 completed orders.
2022-02-16 22:33:47,782 [simulator_env.py | 100] INFO: Finish the dispatch.
2022-02-16 22:33:47,786 [simulator_env.py | 278] INFO: 2022-02-16 10:40:00, Order 10300800285: state = 1 < 2, we can not finish the simulation
2022-02-16 22:33:47,787 [simulator_env.py | 87] INFO: **************************************************
2022-02-16 22:33:47,787 [simulator_env.py | 91] INFO: cur time: 2022-02-16 10:50:00, pre time: 2022-02-16 10:40:00
2022-02-16 22:33:47,787 [simulator_env.py | 147] INFO: Start to update the input of 2022-02-16 10:50:00
2022-02-16 22:33:47,805 [simulator_env.py | 175] INFO: Get 35 unallocated orders, 38 ongoing orders, 292 completed orders.
2022-02-16 22:33:49,224 [simulator_env.py | 100] INFO: Finish the dispatch.
2022-02-16 22:33:49,228 [simulator_env.py | 278] INFO: 2022-02-16 10:50:00, Order 10373800322: state = 1 < 2, we can not finish the simulation
2022-02-16 22:33:49,229 [simulator_env.py | 87] INFO: **************************************************
2022-02-16 22:33:49,230 [simulator_env.py | 91] INFO: cur time: 2022-02-16 11:00:00, pre time: 2022-02-16 10:50:00
2022-02-16 22:33:49,230 [simulator_env.py | 147] INFO: Start to update the input of 2022-02-16 11:00:00
2022-02-16 22:33:49,242 [simulator_env.py | 175] INFO: Get 39 unallocated orders, 23 ongoing orders, 340 completed orders.
2022-02-16 22:33:50,783 [simulator_env.py | 100] INFO: Finish the dispatch.
2022-02-16 22:33:50,787 [simulator_env.py | 278] INFO: 2022-02-16 11:00:00, Order 10473000358: state = 1 < 2, we can not finish the simulation
2022-02-16 22:33:50,788 [simulator_env.py | 87] INFO: **************************************************
2022-02-16 22:33:50,788 [simulator_env.py | 91] INFO: cur time: 2022-02-16 11:10:00, pre time: 2022-02-16 11:00:00
2022-02-16 22:33:50,788 [simulator_env.py | 147] INFO: Start to update the input of 2022-02-16 11:10:00
2022-02-16 22:33:50,802 [simulator_env.py | 175] INFO: Get 41 unallocated orders, 25 ongoing orders, 377 completed orders.
2022-02-16 22:33:52,302 [simulator_env.py | 100] INFO: Finish the dispatch.
2022-02-16 22:33:52,307 [simulator_env.py | 278] INFO: 2022-02-16 11:10:00, Order 11003300402: state = 1 < 2, we can not finish the simulation
2022-02-16 22:33:52,309 [simulator_env.py | 87] INFO: **************************************************
2022-02-16 22:33:52,309 [simulator_env.py | 91] INFO: cur time: 2022-02-16 11:20:00, pre time: 2022-02-16 11:10:00
2022-02-16 22:33:52,309 [simulator_env.py | 147] INFO: Start to update the input of 2022-02-16 11:20:00
2022-02-16 22:33:52,327 [simulator_env.py | 175] INFO: Get 35 unallocated orders, 27 ongoing orders, 415 completed orders.
2022-02-16 22:33:53,945 [simulator_env.py | 100] INFO: Finish the dispatch.
2022-02-16 22:33:53,950 [simulator_env.py | 278] INFO: 2022-02-16 11:20:00, Order 11094700442: state = 1 < 2, we can not finish the simulation
2022-02-16 22:33:53,952 [simulator_env.py | 87] INFO: **************************************************
2022-02-16 22:33:53,952 [simulator_env.py | 91] INFO: cur time: 2022-02-16 11:30:00, pre time: 2022-02-16 11:20:00
2022-02-16 22:33:53,952 [simulator_env.py | 147] INFO: Start to update the input of 2022-02-16 11:30:00
2022-02-16 22:33:53,965 [simulator_env.py | 175] INFO: Get 33 unallocated orders, 28 ongoing orders, 448 completed orders.
2022-02-16 22:33:55,309 [simulator_env.py | 100] INFO: Finish the dispatch.
2022-02-16 22:33:55,313 [simulator_env.py | 278] INFO: 2022-02-16 11:30:00, Order 11130800458: state = 1 < 2, we can not finish the simulation
2022-02-16 22:33:55,314 [simulator_env.py | 87] INFO: **************************************************
2022-02-16 22:33:55,314 [simulator_env.py | 91] INFO: cur time: 2022-02-16 11:40:00, pre time: 2022-02-16 11:30:00
2022-02-16 22:33:55,314 [simulator_env.py | 147] INFO: Start to update the input of 2022-02-16 11:40:00
2022-02-16 22:33:55,329 [simulator_env.py | 175] INFO: Get 32 unallocated orders, 22 ongoing orders, 486 completed orders.
2022-02-16 22:33:56,942 [simulator_env.py | 100] INFO: Finish the dispatch.
2022-02-16 22:33:56,947 [simulator_env.py | 278] INFO: 2022-02-16 11:40:00, Order 11295800508: state = 1 < 2, we can not finish the simulation
2022-02-16 22:33:56,949 [simulator_env.py | 87] INFO: **************************************************
2022-02-16 22:33:56,949 [simulator_env.py | 91] INFO: cur time: 2022-02-16 11:50:00, pre time: 2022-02-16 11:40:00
2022-02-16 22:33:56,950 [simulator_env.py | 147] INFO: Start to update the input of 2022-02-16 11:50:00
2022-02-16 22:33:56,964 [simulator_env.py | 175] INFO: Get 38 unallocated orders, 21 ongoing orders, 519 completed orders.
2022-02-16 22:33:58,526 [simulator_env.py | 100] INFO: Finish the dispatch.
2022-02-16 22:33:58,530 [simulator_env.py | 278] INFO: 2022-02-16 11:50:00, Order 11400500540: state = 1 < 2, we can not finish the simulation
2022-02-16 22:33:58,532 [simulator_env.py | 87] INFO: **************************************************
2022-02-16 22:33:58,532 [simulator_env.py | 91] INFO: cur time: 2022-02-16 12:00:00, pre time: 2022-02-16 11:50:00
2022-02-16 22:33:58,532 [simulator_env.py | 147] INFO: Start to update the input of 2022-02-16 12:00:00
2022-02-16 22:33:58,552 [simulator_env.py | 175] INFO: Get 42 unallocated orders, 28 ongoing orders, 550 completed orders.
2022-02-16 22:34:00,187 [simulator_env.py | 100] INFO: Finish the dispatch.
2022-02-16 22:34:00,192 [simulator_env.py | 278] INFO: 2022-02-16 12:00:00, Order 11501700578: state = 1 < 2, we can not finish the simulation
2022-02-16 22:34:00,194 [simulator_env.py | 87] INFO: **************************************************
2022-02-16 22:34:00,195 [simulator_env.py | 91] INFO: cur time: 2022-02-16 12:10:00, pre time: 2022-02-16 12:00:00
2022-02-16 22:34:00,195 [simulator_env.py | 147] INFO: Start to update the input of 2022-02-16 12:10:00
2022-02-16 22:34:00,212 [simulator_env.py | 175] INFO: Get 23 unallocated orders, 28 ongoing orders, 589 completed orders.
2022-02-16 22:34:01,839 [simulator_env.py | 100] INFO: Finish the dispatch.
2022-02-16 22:34:01,843 [simulator_env.py | 278] INFO: 2022-02-16 12:10:00, Order 11584000615: state = 1 < 2, we can not finish the simulation
2022-02-16 22:34:01,844 [simulator_env.py | 87] INFO: **************************************************
2022-02-16 22:34:01,844 [simulator_env.py | 91] INFO: cur time: 2022-02-16 12:20:00, pre time: 2022-02-16 12:10:00
2022-02-16 22:34:01,844 [simulator_env.py | 147] INFO: Start to update the input of 2022-02-16 12:20:00
2022-02-16 22:34:01,856 [simulator_env.py | 175] INFO: Get 19 unallocated orders, 17 ongoing orders, 623 completed orders.
2022-02-16 22:34:03,457 [simulator_env.py | 100] INFO: Finish the dispatch.
2022-02-16 22:34:03,460 [simulator_env.py | 278] INFO: 2022-02-16 12:20:00, Order 12102300640: state = 1 < 2, we can not finish the simulation
2022-02-16 22:34:03,461 [simulator_env.py | 87] INFO: **************************************************
2022-02-16 22:34:03,461 [simulator_env.py | 91] INFO: cur time: 2022-02-16 12:30:00, pre time: 2022-02-16 12:20:00
2022-02-16 22:34:03,461 [simulator_env.py | 147] INFO: Start to update the input of 2022-02-16 12:30:00
2022-02-16 22:34:03,470 [simulator_env.py | 175] INFO: Get 21 unallocated orders, 13 ongoing orders, 646 completed orders.
2022-02-16 22:34:04,969 [simulator_env.py | 100] INFO: Finish the dispatch.
2022-02-16 22:34:04,972 [simulator_env.py | 278] INFO: 2022-02-16 12:30:00, Order 12212200659: state = 1 < 2, we can not finish the simulation
2022-02-16 22:34:04,974 [simulator_env.py | 87] INFO: **************************************************
2022-02-16 22:34:04,974 [simulator_env.py | 91] INFO: cur time: 2022-02-16 12:40:00, pre time: 2022-02-16 12:30:00
2022-02-16 22:34:04,974 [simulator_env.py | 147] INFO: Start to update the input of 2022-02-16 12:40:00
2022-02-16 22:34:04,984 [simulator_env.py | 175] INFO: Get 18 unallocated orders, 16 ongoing orders, 664 completed orders.
2022-02-16 22:34:06,430 [simulator_env.py | 100] INFO: Finish the dispatch.
2022-02-16 22:34:06,433 [simulator_env.py | 278] INFO: 2022-02-16 12:40:00, Order 12301800680: state = 1 < 2, we can not finish the simulation
2022-02-16 22:34:06,434 [simulator_env.py | 87] INFO: **************************************************
2022-02-16 22:34:06,434 [simulator_env.py | 91] INFO: cur time: 2022-02-16 12:50:00, pre time: 2022-02-16 12:40:00
2022-02-16 22:34:06,434 [simulator_env.py | 147] INFO: Start to update the input of 2022-02-16 12:50:00
2022-02-16 22:34:06,442 [simulator_env.py | 175] INFO: Get 19 unallocated orders, 12 ongoing orders, 686 completed orders.
2022-02-16 22:34:08,084 [simulator_env.py | 100] INFO: Finish the dispatch.
2022-02-16 22:34:08,088 [simulator_env.py | 278] INFO: 2022-02-16 12:50:00, Order 12401000698: state = 1 < 2, we can not finish the simulation
2022-02-16 22:34:08,088 [simulator_env.py | 87] INFO: **************************************************
2022-02-16 22:34:08,089 [simulator_env.py | 91] INFO: cur time: 2022-02-16 13:00:00, pre time: 2022-02-16 12:50:00
2022-02-16 22:34:08,089 [simulator_env.py | 147] INFO: Start to update the input of 2022-02-16 13:00:00
2022-02-16 22:34:08,096 [simulator_env.py | 175] INFO: Get 22 unallocated orders, 14 ongoing orders, 703 completed orders.
2022-02-16 22:34:09,719 [simulator_env.py | 100] INFO: Finish the dispatch.
2022-02-16 22:34:09,722 [simulator_env.py | 278] INFO: 2022-02-16 13:00:00, Order 12501300717: state = 1 < 2, we can not finish the simulation
2022-02-16 22:34:09,724 [simulator_env.py | 87] INFO: **************************************************
2022-02-16 22:34:09,724 [simulator_env.py | 91] INFO: cur time: 2022-02-16 13:10:00, pre time: 2022-02-16 13:00:00
2022-02-16 22:34:09,725 [simulator_env.py | 147] INFO: Start to update the input of 2022-02-16 13:10:00
2022-02-16 22:34:09,735 [simulator_env.py | 175] INFO: Get 8 unallocated orders, 16 ongoing orders, 723 completed orders.
2022-02-16 22:34:11,278 [simulator_env.py | 100] INFO: Finish the dispatch.
2022-02-16 22:34:11,281 [simulator_env.py | 278] INFO: 2022-02-16 13:10:00, Order 13014400739: state = 1 < 2, we can not finish the simulation
2022-02-16 22:34:11,283 [simulator_env.py | 87] INFO: **************************************************
2022-02-16 22:34:11,283 [simulator_env.py | 91] INFO: cur time: 2022-02-16 13:20:00, pre time: 2022-02-16 13:10:00
2022-02-16 22:34:11,283 [simulator_env.py | 147] INFO: Start to update the input of 2022-02-16 13:20:00
2022-02-16 22:34:11,291 [simulator_env.py | 175] INFO: Get 14 unallocated orders, 6 ongoing orders, 741 completed orders.
2022-02-16 22:34:12,721 [simulator_env.py | 100] INFO: Finish the dispatch.
2022-02-16 22:34:12,724 [simulator_env.py | 278] INFO: 2022-02-16 13:20:00, Order 13121500747: state = 1 < 2, we can not finish the simulation
2022-02-16 22:34:12,725 [simulator_env.py | 87] INFO: **************************************************
2022-02-16 22:34:12,725 [simulator_env.py | 91] INFO: cur time: 2022-02-16 13:30:00, pre time: 2022-02-16 13:20:00
2022-02-16 22:34:12,725 [simulator_env.py | 147] INFO: Start to update the input of 2022-02-16 13:30:00
2022-02-16 22:34:12,732 [simulator_env.py | 175] INFO: Get 21 unallocated orders, 12 ongoing orders, 749 completed orders.
2022-02-16 22:34:14,551 [simulator_env.py | 100] INFO: Finish the dispatch.
2022-02-16 22:34:14,554 [simulator_env.py | 278] INFO: 2022-02-16 13:30:00, Order 13211400761: state = 1 < 2, we can not finish the simulation
2022-02-16 22:34:14,556 [simulator_env.py | 87] INFO: **************************************************
2022-02-16 22:34:14,557 [simulator_env.py | 91] INFO: cur time: 2022-02-16 13:40:00, pre time: 2022-02-16 13:30:00
2022-02-16 22:34:14,557 [simulator_env.py | 147] INFO: Start to update the input of 2022-02-16 13:40:00
2022-02-16 22:34:14,565 [simulator_env.py | 175] INFO: Get 10 unallocated orders, 16 ongoing orders, 766 completed orders.
2022-02-16 22:34:16,149 [simulator_env.py | 100] INFO: Finish the dispatch.
2022-02-16 22:34:16,152 [simulator_env.py | 278] INFO: 2022-02-16 13:40:00, Order 13304800782: state = 1 < 2, we can not finish the simulation
2022-02-16 22:34:16,153 [simulator_env.py | 87] INFO: **************************************************
2022-02-16 22:34:16,153 [simulator_env.py | 91] INFO: cur time: 2022-02-16 13:50:00, pre time: 2022-02-16 13:40:00
2022-02-16 22:34:16,153 [simulator_env.py | 147] INFO: Start to update the input of 2022-02-16 13:50:00
2022-02-16 22:34:16,160 [simulator_env.py | 175] INFO: Get 15 unallocated orders, 8 ongoing orders, 784 completed orders.
2022-02-16 22:34:17,653 [simulator_env.py | 100] INFO: Finish the dispatch.
2022-02-16 22:34:17,656 [simulator_env.py | 278] INFO: 2022-02-16 13:50:00, Order 13404900792: state = 1 < 2, we can not finish the simulation
2022-02-16 22:34:17,657 [simulator_env.py | 87] INFO: **************************************************
2022-02-16 22:34:17,657 [simulator_env.py | 91] INFO: cur time: 2022-02-16 14:00:00, pre time: 2022-02-16 13:50:00
2022-02-16 22:34:17,657 [simulator_env.py | 147] INFO: Start to update the input of 2022-02-16 14:00:00
2022-02-16 22:34:17,663 [simulator_env.py | 175] INFO: Get 9 unallocated orders, 9 ongoing orders, 798 completed orders.
2022-02-16 22:34:19,289 [simulator_env.py | 100] INFO: Finish the dispatch.
2022-02-16 22:34:19,291 [simulator_env.py | 278] INFO: 2022-02-16 14:00:00, Order 13500600807: state = 1 < 2, we can not finish the simulation
2022-02-16 22:34:19,292 [simulator_env.py | 87] INFO: **************************************************
2022-02-16 22:34:19,292 [simulator_env.py | 91] INFO: cur time: 2022-02-16 14:10:00, pre time: 2022-02-16 14:00:00
2022-02-16 22:34:19,292 [simulator_env.py | 147] INFO: Start to update the input of 2022-02-16 14:10:00
2022-02-16 22:34:19,301 [simulator_env.py | 175] INFO: Get 18 unallocated orders, 8 ongoing orders, 808 completed orders.
2022-02-16 22:34:20,808 [simulator_env.py | 100] INFO: Finish the dispatch.
2022-02-16 22:34:20,810 [simulator_env.py | 278] INFO: 2022-02-16 14:10:00, Order 14005000816: state = 1 < 2, we can not finish the simulation
2022-02-16 22:34:20,811 [simulator_env.py | 87] INFO: **************************************************
2022-02-16 22:34:20,811 [simulator_env.py | 91] INFO: cur time: 2022-02-16 14:20:00, pre time: 2022-02-16 14:10:00
2022-02-16 22:34:20,811 [simulator_env.py | 147] INFO: Start to update the input of 2022-02-16 14:20:00
2022-02-16 22:34:20,819 [simulator_env.py | 175] INFO: Get 15 unallocated orders, 15 ongoing orders, 819 completed orders.
2022-02-16 22:34:22,401 [simulator_env.py | 100] INFO: Finish the dispatch.
2022-02-16 22:34:22,403 [simulator_env.py | 278] INFO: 2022-02-16 14:20:00, Order 14105600834: state = 1 < 2, we can not finish the simulation
2022-02-16 22:34:22,404 [simulator_env.py | 87] INFO: **************************************************
2022-02-16 22:34:22,404 [simulator_env.py | 91] INFO: cur time: 2022-02-16 14:30:00, pre time: 2022-02-16 14:20:00
2022-02-16 22:34:22,405 [simulator_env.py | 147] INFO: Start to update the input of 2022-02-16 14:30:00
2022-02-16 22:34:22,414 [simulator_env.py | 175] INFO: Get 7 unallocated orders, 9 ongoing orders, 840 completed orders.
2022-02-16 22:34:24,049 [simulator_env.py | 100] INFO: Finish the dispatch.
2022-02-16 22:34:24,051 [simulator_env.py | 278] INFO: 2022-02-16 14:30:00, Order 14201500849: state = 1 < 2, we can not finish the simulation
2022-02-16 22:34:24,052 [simulator_env.py | 87] INFO: **************************************************
2022-02-16 22:34:24,052 [simulator_env.py | 91] INFO: cur time: 2022-02-16 14:40:00, pre time: 2022-02-16 14:30:00
2022-02-16 22:34:24,052 [simulator_env.py | 147] INFO: Start to update the input of 2022-02-16 14:40:00
2022-02-16 22:34:24,059 [simulator_env.py | 175] INFO: Get 6 unallocated orders, 4 ongoing orders, 852 completed orders.
2022-02-16 22:34:25,484 [simulator_env.py | 100] INFO: Finish the dispatch.
2022-02-16 22:34:25,486 [simulator_env.py | 278] INFO: 2022-02-16 14:40:00, Order 14301900856: state = 1 < 2, we can not finish the simulation
2022-02-16 22:34:25,486 [simulator_env.py | 87] INFO: **************************************************
2022-02-16 22:34:25,486 [simulator_env.py | 91] INFO: cur time: 2022-02-16 14:50:00, pre time: 2022-02-16 14:40:00
2022-02-16 22:34:25,486 [simulator_env.py | 147] INFO: Start to update the input of 2022-02-16 14:50:00
2022-02-16 22:34:25,492 [simulator_env.py | 175] INFO: Get 22 unallocated orders, 5 ongoing orders, 857 completed orders.
2022-02-16 22:34:27,196 [simulator_env.py | 100] INFO: Finish the dispatch.
2022-02-16 22:34:27,199 [simulator_env.py | 278] INFO: 2022-02-16 14:50:00, Order 14400900862: state = 1 < 2, we can not finish the simulation
2022-02-16 22:34:27,200 [simulator_env.py | 87] INFO: **************************************************
2022-02-16 22:34:27,200 [simulator_env.py | 91] INFO: cur time: 2022-02-16 15:00:00, pre time: 2022-02-16 14:50:00
2022-02-16 22:34:27,200 [simulator_env.py | 147] INFO: Start to update the input of 2022-02-16 15:00:00
2022-02-16 22:34:27,211 [simulator_env.py | 175] INFO: Get 16 unallocated orders, 17 ongoing orders, 867 completed orders.
2022-02-16 22:34:28,822 [simulator_env.py | 100] INFO: Finish the dispatch.
2022-02-16 22:34:28,826 [simulator_env.py | 278] INFO: 2022-02-16 15:00:00, Order 14504500884: state = 1 < 2, we can not finish the simulation
2022-02-16 22:34:28,827 [simulator_env.py | 87] INFO: **************************************************
2022-02-16 22:34:28,827 [simulator_env.py | 91] INFO: cur time: 2022-02-16 15:10:00, pre time: 2022-02-16 15:00:00
2022-02-16 22:34:28,827 [simulator_env.py | 147] INFO: Start to update the input of 2022-02-16 15:10:00
2022-02-16 22:34:28,836 [simulator_env.py | 175] INFO: Get 0 unallocated orders, 10 ongoing orders, 890 completed orders.
2022-02-16 22:34:30,330 [simulator_env.py | 100] INFO: Finish the dispatch.
2022-02-16 22:34:30,332 [simulator_env.py | 281] INFO: 2022-02-16 15:10:00, the status of all orders is greater than 1, we could finish the simulation
2022-02-16 22:34:30,336 [simulator_env.py | 124] INFO: finished the left ongoing orders
2022-02-16 22:34:30,337 [evaluator.py    | 116] INFO: Traveling Distance of driver D_1 is  49.110, visited node list: 16
2022-02-16 22:34:30,339 [evaluator.py    | 116] INFO: Traveling Distance of driver D_2 is  98.050, visited node list: 38
2022-02-16 22:34:30,340 [evaluator.py    | 116] INFO: Traveling Distance of driver D_3 is  115.430, visited node list: 41
2022-02-16 22:34:30,341 [evaluator.py    | 116] INFO: Traveling Distance of driver D_4 is  120.330, visited node list: 38
2022-02-16 22:34:30,342 [evaluator.py    | 116] INFO: Traveling Distance of driver D_5 is  124.310, visited node list: 45
2022-02-16 22:34:30,345 [evaluator.py    | 116] INFO: Traveling Distance of driver D_6 is  108.510, visited node list: 38
2022-02-16 22:34:30,346 [evaluator.py    | 116] INFO: Traveling Distance of driver D_7 is  109.560, visited node list: 43
2022-02-16 22:34:30,346 [evaluator.py    | 116] INFO: Traveling Distance of driver D_8 is  120.010, visited node list: 40
2022-02-16 22:34:30,347 [evaluator.py    | 116] INFO: Traveling Distance of driver D_9 is  109.270, visited node list: 42
2022-02-16 22:34:30,348 [evaluator.py    | 116] INFO: Traveling Distance of driver D_10 is  113.230, visited node list: 43
2022-02-16 22:34:30,348 [evaluator.py    | 116] INFO: Traveling Distance of driver D_11 is  121.060, visited node list: 47
2022-02-16 22:34:30,349 [evaluator.py    | 116] INFO: Traveling Distance of driver D_12 is  106.990, visited node list: 45
2022-02-16 22:34:30,349 [evaluator.py    | 116] INFO: Traveling Distance of driver D_13 is  116.690, visited node list: 37
2022-02-16 22:34:30,349 [evaluator.py    | 116] INFO: Traveling Distance of driver D_14 is  104.770, visited node list: 43
2022-02-16 22:34:30,353 [evaluator.py    | 116] INFO: Traveling Distance of driver D_15 is  109.690, visited node list: 42
2022-02-16 22:34:30,354 [evaluator.py    | 116] INFO: Traveling Distance of driver D_16 is  109.650, visited node list: 48
2022-02-16 22:34:30,355 [evaluator.py    | 116] INFO: Traveling Distance of driver D_17 is  103.210, visited node list: 46
2022-02-16 22:34:30,356 [evaluator.py    | 116] INFO: Traveling Distance of driver D_18 is  107.950, visited node list: 38
2022-02-16 22:34:30,356 [evaluator.py    | 116] INFO: Traveling Distance of driver D_19 is  113.420, visited node list: 41
2022-02-16 22:34:30,357 [evaluator.py    | 116] INFO: Traveling Distance of driver D_20 is  107.820, visited node list: 39
2022-02-16 22:34:30,357 [evaluator.py    | 116] INFO: Traveling Distance of driver D_21 is  99.640, visited node list: 37
2022-02-16 22:34:30,357 [evaluator.py    | 116] INFO: Traveling Distance of driver D_22 is  99.470, visited node list: 38
2022-02-16 22:34:30,358 [evaluator.py    | 116] INFO: Traveling Distance of driver D_23 is  95.000, visited node list: 35
2022-02-16 22:34:30,358 [evaluator.py    | 116] INFO: Traveling Distance of driver D_24 is  101.280, visited node list: 40
2022-02-16 22:34:30,358 [evaluator.py    | 116] INFO: Traveling Distance of driver D_25 is  104.930, visited node list: 36
2022-02-16 22:34:30,359 [evaluator.py    | 116] INFO: Traveling Distance of driver D_26 is  102.940, visited node list: 39
2022-02-16 22:34:30,359 [evaluator.py    | 116] INFO: Traveling Distance of driver D_27 is  86.950, visited node list: 31
2022-02-16 22:34:30,359 [evaluator.py    | 116] INFO: Traveling Distance of driver D_28 is  89.280, visited node list: 39
2022-02-16 22:34:30,359 [evaluator.py    | 116] INFO: Traveling Distance of driver D_29 is  92.480, visited node list: 31
2022-02-16 22:34:30,360 [evaluator.py    | 116] INFO: Traveling Distance of driver D_30 is  79.200, visited node list: 29
2022-02-16 22:34:30,360 [evaluator.py    | 116] INFO: Traveling Distance of driver D_31 is  72.650, visited node list: 28
2022-02-16 22:34:30,360 [evaluator.py    | 116] INFO: Traveling Distance of driver D_32 is  70.020, visited node list: 29
2022-02-16 22:34:30,360 [evaluator.py    | 116] INFO: Traveling Distance of driver D_33 is  59.940, visited node list: 23
2022-02-16 22:34:30,360 [evaluator.py    | 116] INFO: Traveling Distance of driver D_34 is  61.780, visited node list: 19
2022-02-16 22:34:30,361 [evaluator.py    | 116] INFO: Traveling Distance of driver D_35 is  90.910, visited node list: 33
2022-02-16 22:34:30,361 [evaluator.py    | 116] INFO: Traveling Distance of driver D_36 is  77.910, visited node list: 37
2022-02-16 22:34:30,361 [evaluator.py    | 116] INFO: Traveling Distance of driver D_37 is  86.730, visited node list: 33
2022-02-16 22:34:30,362 [evaluator.py    | 116] INFO: Traveling Distance of driver D_38 is  62.340, visited node list: 23
2022-02-16 22:34:30,362 [evaluator.py    | 116] INFO: Traveling Distance of driver D_39 is  54.500, visited node list: 23
2022-02-16 22:34:30,363 [evaluator.py    | 116] INFO: Traveling Distance of driver D_40 is  63.830, visited node list: 24
2022-02-16 22:34:30,366 [evaluator.py    | 116] INFO: Traveling Distance of driver D_41 is  60.270, visited node list: 21
2022-02-16 22:34:30,366 [evaluator.py    | 116] INFO: Traveling Distance of driver D_42 is  45.950, visited node list: 18
2022-02-16 22:34:30,367 [evaluator.py    | 116] INFO: Traveling Distance of driver D_43 is  39.870, visited node list: 17
2022-02-16 22:34:30,367 [evaluator.py    | 116] INFO: Traveling Distance of driver D_44 is  51.200, visited node list: 18
2022-02-16 22:34:30,367 [evaluator.py    | 116] INFO: Traveling Distance of driver D_45 is  50.320, visited node list: 17
2022-02-16 22:34:30,368 [evaluator.py    | 116] INFO: Traveling Distance of driver D_46 is  54.380, visited node list: 21
2022-02-16 22:34:30,369 [evaluator.py    | 116] INFO: Traveling Distance of driver D_47 is  51.150, visited node list: 23
2022-02-16 22:34:30,369 [evaluator.py    | 116] INFO: Traveling Distance of driver D_48 is  45.470, visited node list: 18
2022-02-16 22:34:30,369 [evaluator.py    | 116] INFO: Traveling Distance of driver D_49 is  43.400, visited node list: 17
2022-02-16 22:34:30,369 [evaluator.py    | 116] INFO: Traveling Distance of driver D_50 is  42.590, visited node list: 20
2022-02-16 22:34:30,369 [evaluator.py    | 116] INFO: Traveling Distance of driver D_51 is  40.130, visited node list: 15
2022-02-16 22:34:30,370 [evaluator.py    | 116] INFO: Traveling Distance of driver D_52 is  36.810, visited node list: 16
2022-02-16 22:34:30,370 [evaluator.py    | 116] INFO: Traveling Distance of driver D_53 is  40.200, visited node list: 13
2022-02-16 22:34:30,370 [evaluator.py    | 116] INFO: Traveling Distance of driver D_54 is  38.700, visited node list: 16
2022-02-16 22:34:30,370 [evaluator.py    | 116] INFO: Traveling Distance of driver D_55 is  40.380, visited node list: 15
2022-02-16 22:34:30,370 [evaluator.py    | 116] INFO: Traveling Distance of driver D_56 is  43.540, visited node list: 14
2022-02-16 22:34:30,370 [evaluator.py    | 116] INFO: Traveling Distance of driver D_57 is  37.820, visited node list: 13
2022-02-16 22:34:30,371 [evaluator.py    | 116] INFO: Traveling Distance of driver D_58 is  48.990, visited node list: 20
2022-02-16 22:34:30,371 [evaluator.py    | 116] INFO: Traveling Distance of driver D_59 is  40.230, visited node list: 17
2022-02-16 22:34:30,371 [evaluator.py    | 116] INFO: Traveling Distance of driver D_60 is  33.380, visited node list: 12
2022-02-16 22:34:30,371 [evaluator.py    | 116] INFO: Traveling Distance of driver D_61 is  32.350, visited node list: 16
2022-02-16 22:34:30,371 [evaluator.py    | 116] INFO: Traveling Distance of driver D_62 is  21.340, visited node list: 8
2022-02-16 22:34:30,371 [evaluator.py    | 116] INFO: Traveling Distance of driver D_63 is  25.890, visited node list: 11
2022-02-16 22:34:30,372 [evaluator.py    | 116] INFO: Traveling Distance of driver D_64 is  34.660, visited node list: 13
2022-02-16 22:34:30,372 [evaluator.py    | 116] INFO: Traveling Distance of driver D_65 is  35.260, visited node list: 13
2022-02-16 22:34:30,372 [evaluator.py    | 18] INFO: Total distance:  4855.120
2022-02-16 22:34:30,448 [evaluator.py    | 22] INFO: Sum over time:  0.000
2022-02-16 22:34:30,448 [evaluator.py    | 26] INFO: Total score:  74.694
2022-02-16 22:34:30,581 [main.py         | 43] INFO: Score of instance_68: 74.69415384615384
