2022-02-16 20:29:39,449 [main.py         | 38] INFO: Start to run /Users/yangjingfeng/Library/CloudStorage/OneDrive-Personal/Public/PhD Study/Papers/Food_Delivery/Code/Food_delivery_simulator/Benchmark/Instance_small: instance_32
2022-02-16 20:29:39,449 [simulator_api.py | 43] INFO: Start time of the simulator: 2022-02-16 09:00:00, time interval:  600.00
2022-02-16 20:29:39,709 [input_utils.py  | 35] INFO: Get 1158 locations
2022-02-16 20:29:39,732 [input_utils.py  | 39] INFO: Get 60 drivers
2022-02-16 20:29:40,307 [input_utils.py  | 43] INFO: Get 650 orders
2022-02-16 20:29:40,307 [simulator_api.py | 75] INFO: Initial position of D_1 is Bukit Timah Market & Food Centre
2022-02-16 20:29:40,308 [simulator_api.py | 75] INFO: Initial position of D_2 is Bukit Timah Market & Food Centre
2022-02-16 20:29:40,308 [simulator_api.py | 75] INFO: Initial position of D_3 is Ghim Moh Market & Food Centre
2022-02-16 20:29:40,308 [simulator_api.py | 75] INFO: Initial position of D_4 is Bukit Timah Market & Food Centre
2022-02-16 20:29:40,312 [simulator_api.py | 75] INFO: Initial position of D_5 is Alexandra Village Food Centre
2022-02-16 20:29:40,312 [simulator_api.py | 75] INFO: Initial position of D_6 is Bukit Timah Market & Food Centre
2022-02-16 20:29:40,314 [simulator_api.py | 75] INFO: Initial position of D_7 is Bukit Timah Market & Food Centre
2022-02-16 20:29:40,315 [simulator_api.py | 75] INFO: Initial position of D_8 is Bukit Timah Market & Food Centre
2022-02-16 20:29:40,315 [simulator_api.py | 75] INFO: Initial position of D_9 is Bukit Timah Market & Food Centre
2022-02-16 20:29:40,316 [simulator_api.py | 75] INFO: Initial position of D_10 is Bukit Timah Market & Food Centre
2022-02-16 20:29:40,316 [simulator_api.py | 75] INFO: Initial position of D_11 is Alexandra Village Food Centre
2022-02-16 20:29:40,317 [simulator_api.py | 75] INFO: Initial position of D_12 is Ghim Moh Market & Food Centre
2022-02-16 20:29:40,319 [simulator_api.py | 75] INFO: Initial position of D_13 is Alexandra Village Food Centre
2022-02-16 20:29:40,320 [simulator_api.py | 75] INFO: Initial position of D_14 is Ghim Moh Market & Food Centre
2022-02-16 20:29:40,321 [simulator_api.py | 75] INFO: Initial position of D_15 is Bukit Timah Market & Food Centre
2022-02-16 20:29:40,322 [simulator_api.py | 75] INFO: Initial position of D_16 is Ghim Moh Market & Food Centre
2022-02-16 20:29:40,322 [simulator_api.py | 75] INFO: Initial position of D_17 is Ghim Moh Market & Food Centre
2022-02-16 20:29:40,323 [simulator_api.py | 75] INFO: Initial position of D_18 is Alexandra Village Food Centre
2022-02-16 20:29:40,324 [simulator_api.py | 75] INFO: Initial position of D_19 is Bukit Timah Market & Food Centre
2022-02-16 20:29:40,325 [simulator_api.py | 75] INFO: Initial position of D_20 is Alexandra Village Food Centre
2022-02-16 20:29:40,325 [simulator_api.py | 75] INFO: Initial position of D_21 is Alexandra Village Food Centre
2022-02-16 20:29:40,326 [simulator_api.py | 75] INFO: Initial position of D_22 is Alexandra Village Food Centre
2022-02-16 20:29:40,326 [simulator_api.py | 75] INFO: Initial position of D_23 is Ghim Moh Market & Food Centre
2022-02-16 20:29:40,331 [simulator_api.py | 75] INFO: Initial position of D_24 is Bukit Timah Market & Food Centre
2022-02-16 20:29:40,332 [simulator_api.py | 75] INFO: Initial position of D_25 is Ghim Moh Market & Food Centre
2022-02-16 20:29:40,334 [simulator_api.py | 75] INFO: Initial position of D_26 is Alexandra Village Food Centre
2022-02-16 20:29:40,334 [simulator_api.py | 75] INFO: Initial position of D_27 is Ghim Moh Market & Food Centre
2022-02-16 20:29:40,473 [simulator_api.py | 75] INFO: Initial position of D_28 is Alexandra Village Food Centre
2022-02-16 20:29:40,473 [simulator_api.py | 75] INFO: Initial position of D_29 is Bukit Timah Market & Food Centre
2022-02-16 20:29:40,473 [simulator_api.py | 75] INFO: Initial position of D_30 is Bukit Timah Market & Food Centre
2022-02-16 20:29:40,473 [simulator_api.py | 75] INFO: Initial position of D_31 is Alexandra Village Food Centre
2022-02-16 20:29:40,473 [simulator_api.py | 75] INFO: Initial position of D_32 is Ghim Moh Market & Food Centre
2022-02-16 20:29:40,474 [simulator_api.py | 75] INFO: Initial position of D_33 is Bukit Timah Market & Food Centre
2022-02-16 20:29:40,474 [simulator_api.py | 75] INFO: Initial position of D_34 is Bukit Timah Market & Food Centre
2022-02-16 20:29:40,474 [simulator_api.py | 75] INFO: Initial position of D_35 is Bukit Timah Market & Food Centre
2022-02-16 20:29:40,475 [simulator_api.py | 75] INFO: Initial position of D_36 is Alexandra Village Food Centre
2022-02-16 20:29:40,476 [simulator_api.py | 75] INFO: Initial position of D_37 is Alexandra Village Food Centre
2022-02-16 20:29:40,476 [simulator_api.py | 75] INFO: Initial position of D_38 is Ghim Moh Market & Food Centre
2022-02-16 20:29:40,476 [simulator_api.py | 75] INFO: Initial position of D_39 is Alexandra Village Food Centre
2022-02-16 20:29:40,476 [simulator_api.py | 75] INFO: Initial position of D_40 is Bukit Timah Market & Food Centre
2022-02-16 20:29:40,480 [simulator_api.py | 75] INFO: Initial position of D_41 is Bukit Timah Market & Food Centre
2022-02-16 20:29:40,481 [simulator_api.py | 75] INFO: Initial position of D_42 is Alexandra Village Food Centre
2022-02-16 20:29:40,482 [simulator_api.py | 75] INFO: Initial position of D_43 is Bukit Timah Market & Food Centre
2022-02-16 20:29:40,482 [simulator_api.py | 75] INFO: Initial position of D_44 is Ghim Moh Market & Food Centre
2022-02-16 20:29:40,482 [simulator_api.py | 75] INFO: Initial position of D_45 is Alexandra Village Food Centre
2022-02-16 20:29:40,482 [simulator_api.py | 75] INFO: Initial position of D_46 is Ghim Moh Market & Food Centre
2022-02-16 20:29:40,482 [simulator_api.py | 75] INFO: Initial position of D_47 is Ghim Moh Market & Food Centre
2022-02-16 20:29:40,482 [simulator_api.py | 75] INFO: Initial position of D_48 is Alexandra Village Food Centre
2022-02-16 20:29:40,483 [simulator_api.py | 75] INFO: Initial position of D_49 is Bukit Timah Market & Food Centre
2022-02-16 20:29:40,483 [simulator_api.py | 75] INFO: Initial position of D_50 is Alexandra Village Food Centre
2022-02-16 20:29:40,483 [simulator_api.py | 75] INFO: Initial position of D_51 is Alexandra Village Food Centre
2022-02-16 20:29:40,499 [simulator_api.py | 75] INFO: Initial position of D_52 is Alexandra Village Food Centre
2022-02-16 20:29:40,501 [simulator_api.py | 75] INFO: Initial position of D_53 is Ghim Moh Market & Food Centre
2022-02-16 20:29:40,501 [simulator_api.py | 75] INFO: Initial position of D_54 is Alexandra Village Food Centre
2022-02-16 20:29:40,501 [simulator_api.py | 75] INFO: Initial position of D_55 is Bukit Timah Market & Food Centre
2022-02-16 20:29:40,503 [simulator_api.py | 75] INFO: Initial position of D_56 is Bukit Timah Market & Food Centre
2022-02-16 20:29:40,503 [simulator_api.py | 75] INFO: Initial position of D_57 is Ghim Moh Market & Food Centre
2022-02-16 20:29:40,504 [simulator_api.py | 75] INFO: Initial position of D_58 is Alexandra Village Food Centre
2022-02-16 20:29:40,504 [simulator_api.py | 75] INFO: Initial position of D_59 is Bukit Timah Market & Food Centre
2022-02-16 20:29:40,505 [simulator_api.py | 75] INFO: Initial position of D_60 is Alexandra Village Food Centre
2022-02-16 20:29:40,551 [simulator_env.py | 87] INFO: **************************************************
2022-02-16 20:29:40,551 [simulator_env.py | 91] INFO: cur time: 2022-02-16 09:10:00, pre time: 2022-02-16 09:00:00
2022-02-16 20:29:40,551 [simulator_env.py | 147] INFO: Start to update the input of 2022-02-16 09:10:00
2022-02-16 20:29:40,556 [simulator_env.py | 175] INFO: Get 15 unallocated orders, 0 ongoing orders, 0 completed orders.
2022-02-16 20:29:42,170 [simulator_env.py | 100] INFO: Finish the dispatch.
2022-02-16 20:29:42,172 [simulator_env.py | 278] INFO: 2022-02-16 09:10:00, Order 09000200000: state = 1 < 2, we can not finish the simulation
2022-02-16 20:29:42,172 [simulator_env.py | 87] INFO: **************************************************
2022-02-16 20:29:42,173 [simulator_env.py | 91] INFO: cur time: 2022-02-16 09:20:00, pre time: 2022-02-16 09:10:00
2022-02-16 20:29:42,173 [simulator_env.py | 147] INFO: Start to update the input of 2022-02-16 09:20:00
2022-02-16 20:29:42,178 [simulator_env.py | 175] INFO: Get 21 unallocated orders, 7 ongoing orders, 8 completed orders.
2022-02-16 20:29:43,723 [simulator_env.py | 100] INFO: Finish the dispatch.
2022-02-16 20:29:43,725 [simulator_env.py | 278] INFO: 2022-02-16 09:20:00, Order 09101800015: state = 1 < 2, we can not finish the simulation
2022-02-16 20:29:43,726 [simulator_env.py | 87] INFO: **************************************************
2022-02-16 20:29:43,726 [simulator_env.py | 91] INFO: cur time: 2022-02-16 09:30:00, pre time: 2022-02-16 09:20:00
2022-02-16 20:29:43,726 [simulator_env.py | 147] INFO: Start to update the input of 2022-02-16 09:30:00
2022-02-16 20:29:43,731 [simulator_env.py | 175] INFO: Get 13 unallocated orders, 12 ongoing orders, 24 completed orders.
2022-02-16 20:29:45,460 [simulator_env.py | 100] INFO: Finish the dispatch.
2022-02-16 20:29:45,462 [simulator_env.py | 278] INFO: 2022-02-16 09:30:00, Order 09203400036: state = 1 < 2, we can not finish the simulation
2022-02-16 20:29:45,463 [simulator_env.py | 87] INFO: **************************************************
2022-02-16 20:29:45,463 [simulator_env.py | 91] INFO: cur time: 2022-02-16 09:40:00, pre time: 2022-02-16 09:30:00
2022-02-16 20:29:45,463 [simulator_env.py | 147] INFO: Start to update the input of 2022-02-16 09:40:00
2022-02-16 20:29:45,469 [simulator_env.py | 175] INFO: Get 23 unallocated orders, 6 ongoing orders, 43 completed orders.
2022-02-16 20:29:46,989 [simulator_env.py | 100] INFO: Finish the dispatch.
2022-02-16 20:29:46,991 [simulator_env.py | 278] INFO: 2022-02-16 09:40:00, Order 09301000049: state = 1 < 2, we can not finish the simulation
2022-02-16 20:29:46,992 [simulator_env.py | 87] INFO: **************************************************
2022-02-16 20:29:46,992 [simulator_env.py | 91] INFO: cur time: 2022-02-16 09:50:00, pre time: 2022-02-16 09:40:00
2022-02-16 20:29:46,992 [simulator_env.py | 147] INFO: Start to update the input of 2022-02-16 09:50:00
2022-02-16 20:29:47,000 [simulator_env.py | 175] INFO: Get 36 unallocated orders, 18 ongoing orders, 54 completed orders.
2022-02-16 20:29:48,696 [simulator_env.py | 100] INFO: Finish the dispatch.
2022-02-16 20:29:48,699 [simulator_env.py | 278] INFO: 2022-02-16 09:50:00, Order 09400400072: state = 1 < 2, we can not finish the simulation
2022-02-16 20:29:48,700 [simulator_env.py | 87] INFO: **************************************************
2022-02-16 20:29:48,701 [simulator_env.py | 91] INFO: cur time: 2022-02-16 10:00:00, pre time: 2022-02-16 09:50:00
2022-02-16 20:29:48,701 [simulator_env.py | 147] INFO: Start to update the input of 2022-02-16 10:00:00
2022-02-16 20:29:48,708 [simulator_env.py | 175] INFO: Get 19 unallocated orders, 21 ongoing orders, 87 completed orders.
2022-02-16 20:29:50,501 [simulator_env.py | 100] INFO: Finish the dispatch.
2022-02-16 20:29:50,507 [simulator_env.py | 278] INFO: 2022-02-16 10:00:00, Order 09501100108: state = 1 < 2, we can not finish the simulation
2022-02-16 20:29:50,508 [simulator_env.py | 87] INFO: **************************************************
2022-02-16 20:29:50,508 [simulator_env.py | 91] INFO: cur time: 2022-02-16 10:10:00, pre time: 2022-02-16 10:00:00
2022-02-16 20:29:50,508 [simulator_env.py | 147] INFO: Start to update the input of 2022-02-16 10:10:00
2022-02-16 20:29:50,516 [simulator_env.py | 175] INFO: Get 31 unallocated orders, 14 ongoing orders, 113 completed orders.
2022-02-16 20:29:52,217 [simulator_env.py | 100] INFO: Finish the dispatch.
2022-02-16 20:29:52,221 [simulator_env.py | 278] INFO: 2022-02-16 10:10:00, Order 10001500127: state = 1 < 2, we can not finish the simulation
2022-02-16 20:29:52,222 [simulator_env.py | 87] INFO: **************************************************
2022-02-16 20:29:52,222 [simulator_env.py | 91] INFO: cur time: 2022-02-16 10:20:00, pre time: 2022-02-16 10:10:00
2022-02-16 20:29:52,222 [simulator_env.py | 147] INFO: Start to update the input of 2022-02-16 10:20:00
2022-02-16 20:29:52,230 [simulator_env.py | 175] INFO: Get 30 unallocated orders, 20 ongoing orders, 137 completed orders.
2022-02-16 20:29:53,800 [simulator_env.py | 100] INFO: Finish the dispatch.
2022-02-16 20:29:53,803 [simulator_env.py | 278] INFO: 2022-02-16 10:20:00, Order 10001500127: state = 1 < 2, we can not finish the simulation
2022-02-16 20:29:53,805 [simulator_env.py | 87] INFO: **************************************************
2022-02-16 20:29:53,805 [simulator_env.py | 91] INFO: cur time: 2022-02-16 10:30:00, pre time: 2022-02-16 10:20:00
2022-02-16 20:29:53,805 [simulator_env.py | 147] INFO: Start to update the input of 2022-02-16 10:30:00
2022-02-16 20:29:53,812 [simulator_env.py | 175] INFO: Get 18 unallocated orders, 25 ongoing orders, 162 completed orders.
2022-02-16 20:29:55,490 [simulator_env.py | 100] INFO: Finish the dispatch.
2022-02-16 20:29:55,494 [simulator_env.py | 278] INFO: 2022-02-16 10:30:00, Order 10200900187: state = 1 < 2, we can not finish the simulation
2022-02-16 20:29:55,495 [simulator_env.py | 87] INFO: **************************************************
2022-02-16 20:29:55,495 [simulator_env.py | 91] INFO: cur time: 2022-02-16 10:40:00, pre time: 2022-02-16 10:30:00
2022-02-16 20:29:55,495 [simulator_env.py | 147] INFO: Start to update the input of 2022-02-16 10:40:00
2022-02-16 20:29:55,503 [simulator_env.py | 175] INFO: Get 29 unallocated orders, 14 ongoing orders, 191 completed orders.
2022-02-16 20:29:57,162 [simulator_env.py | 100] INFO: Finish the dispatch.
2022-02-16 20:29:57,166 [simulator_env.py | 278] INFO: 2022-02-16 10:40:00, Order 10300900205: state = 1 < 2, we can not finish the simulation
2022-02-16 20:29:57,168 [simulator_env.py | 87] INFO: **************************************************
2022-02-16 20:29:57,168 [simulator_env.py | 91] INFO: cur time: 2022-02-16 10:50:00, pre time: 2022-02-16 10:40:00
2022-02-16 20:29:57,168 [simulator_env.py | 147] INFO: Start to update the input of 2022-02-16 10:50:00
2022-02-16 20:29:57,179 [simulator_env.py | 175] INFO: Get 26 unallocated orders, 24 ongoing orders, 210 completed orders.
2022-02-16 20:29:58,960 [simulator_env.py | 100] INFO: Finish the dispatch.
2022-02-16 20:29:58,962 [simulator_env.py | 278] INFO: 2022-02-16 10:50:00, Order 10401800234: state = 1 < 2, we can not finish the simulation
2022-02-16 20:29:58,963 [simulator_env.py | 87] INFO: **************************************************
2022-02-16 20:29:58,963 [simulator_env.py | 91] INFO: cur time: 2022-02-16 11:00:00, pre time: 2022-02-16 10:50:00
2022-02-16 20:29:58,963 [simulator_env.py | 147] INFO: Start to update the input of 2022-02-16 11:00:00
2022-02-16 20:29:58,972 [simulator_env.py | 175] INFO: Get 31 unallocated orders, 20 ongoing orders, 240 completed orders.
2022-02-16 20:30:01,338 [simulator_env.py | 100] INFO: Finish the dispatch.
2022-02-16 20:30:01,341 [simulator_env.py | 278] INFO: 2022-02-16 11:00:00, Order 10500800260: state = 1 < 2, we can not finish the simulation
2022-02-16 20:30:01,342 [simulator_env.py | 87] INFO: **************************************************
2022-02-16 20:30:01,342 [simulator_env.py | 91] INFO: cur time: 2022-02-16 11:10:00, pre time: 2022-02-16 11:00:00
2022-02-16 20:30:01,342 [simulator_env.py | 147] INFO: Start to update the input of 2022-02-16 11:10:00
2022-02-16 20:30:01,352 [simulator_env.py | 175] INFO: Get 26 unallocated orders, 21 ongoing orders, 270 completed orders.
2022-02-16 20:30:03,414 [simulator_env.py | 100] INFO: Finish the dispatch.
2022-02-16 20:30:03,417 [simulator_env.py | 278] INFO: 2022-02-16 11:10:00, Order 11002100291: state = 1 < 2, we can not finish the simulation
2022-02-16 20:30:03,418 [simulator_env.py | 87] INFO: **************************************************
2022-02-16 20:30:03,418 [simulator_env.py | 91] INFO: cur time: 2022-02-16 11:20:00, pre time: 2022-02-16 11:10:00
2022-02-16 20:30:03,419 [simulator_env.py | 147] INFO: Start to update the input of 2022-02-16 11:20:00
2022-02-16 20:30:03,427 [simulator_env.py | 175] INFO: Get 32 unallocated orders, 19 ongoing orders, 298 completed orders.
2022-02-16 20:30:05,095 [simulator_env.py | 100] INFO: Finish the dispatch.
2022-02-16 20:30:05,098 [simulator_env.py | 278] INFO: 2022-02-16 11:20:00, Order 11100300317: state = 1 < 2, we can not finish the simulation
2022-02-16 20:30:05,100 [simulator_env.py | 87] INFO: **************************************************
2022-02-16 20:30:05,100 [simulator_env.py | 91] INFO: cur time: 2022-02-16 11:30:00, pre time: 2022-02-16 11:20:00
2022-02-16 20:30:05,100 [simulator_env.py | 147] INFO: Start to update the input of 2022-02-16 11:30:00
2022-02-16 20:30:05,112 [simulator_env.py | 175] INFO: Get 24 unallocated orders, 23 ongoing orders, 326 completed orders.
2022-02-16 20:30:06,560 [simulator_env.py | 100] INFO: Finish the dispatch.
2022-02-16 20:30:06,563 [simulator_env.py | 278] INFO: 2022-02-16 11:30:00, Order 11200500349: state = 1 < 2, we can not finish the simulation
2022-02-16 20:30:06,564 [simulator_env.py | 87] INFO: **************************************************
2022-02-16 20:30:06,565 [simulator_env.py | 91] INFO: cur time: 2022-02-16 11:40:00, pre time: 2022-02-16 11:30:00
2022-02-16 20:30:06,565 [simulator_env.py | 147] INFO: Start to update the input of 2022-02-16 11:40:00
2022-02-16 20:30:06,571 [simulator_env.py | 175] INFO: Get 23 unallocated orders, 19 ongoing orders, 354 completed orders.
2022-02-16 20:30:07,916 [simulator_env.py | 100] INFO: Finish the dispatch.
2022-02-16 20:30:07,918 [simulator_env.py | 278] INFO: 2022-02-16 11:40:00, Order 11301900373: state = 1 < 2, we can not finish the simulation
2022-02-16 20:30:07,919 [simulator_env.py | 87] INFO: **************************************************
2022-02-16 20:30:07,920 [simulator_env.py | 91] INFO: cur time: 2022-02-16 11:50:00, pre time: 2022-02-16 11:40:00
2022-02-16 20:30:07,920 [simulator_env.py | 147] INFO: Start to update the input of 2022-02-16 11:50:00
2022-02-16 20:30:07,926 [simulator_env.py | 175] INFO: Get 25 unallocated orders, 17 ongoing orders, 378 completed orders.
2022-02-16 20:30:09,384 [simulator_env.py | 100] INFO: Finish the dispatch.
2022-02-16 20:30:09,387 [simulator_env.py | 278] INFO: 2022-02-16 11:50:00, Order 11372700392: state = 1 < 2, we can not finish the simulation
2022-02-16 20:30:09,388 [simulator_env.py | 87] INFO: **************************************************
2022-02-16 20:30:09,388 [simulator_env.py | 91] INFO: cur time: 2022-02-16 12:00:00, pre time: 2022-02-16 11:50:00
2022-02-16 20:30:09,388 [simulator_env.py | 147] INFO: Start to update the input of 2022-02-16 12:00:00
2022-02-16 20:30:09,396 [simulator_env.py | 175] INFO: Get 27 unallocated orders, 20 ongoing orders, 400 completed orders.
2022-02-16 20:30:11,186 [simulator_env.py | 100] INFO: Finish the dispatch.
2022-02-16 20:30:11,189 [simulator_env.py | 278] INFO: 2022-02-16 12:00:00, Order 11501000420: state = 1 < 2, we can not finish the simulation
2022-02-16 20:30:11,190 [simulator_env.py | 87] INFO: **************************************************
2022-02-16 20:30:11,190 [simulator_env.py | 91] INFO: cur time: 2022-02-16 12:10:00, pre time: 2022-02-16 12:00:00
2022-02-16 20:30:11,190 [simulator_env.py | 147] INFO: Start to update the input of 2022-02-16 12:10:00
2022-02-16 20:30:11,199 [simulator_env.py | 175] INFO: Get 17 unallocated orders, 21 ongoing orders, 426 completed orders.
2022-02-16 20:30:12,780 [simulator_env.py | 100] INFO: Finish the dispatch.
2022-02-16 20:30:12,783 [simulator_env.py | 278] INFO: 2022-02-16 12:10:00, Order 12013000447: state = 1 < 2, we can not finish the simulation
2022-02-16 20:30:12,784 [simulator_env.py | 87] INFO: **************************************************
2022-02-16 20:30:12,784 [simulator_env.py | 91] INFO: cur time: 2022-02-16 12:20:00, pre time: 2022-02-16 12:10:00
2022-02-16 20:30:12,784 [simulator_env.py | 147] INFO: Start to update the input of 2022-02-16 12:20:00
2022-02-16 20:30:12,793 [simulator_env.py | 175] INFO: Get 15 unallocated orders, 15 ongoing orders, 449 completed orders.
2022-02-16 20:30:14,386 [simulator_env.py | 100] INFO: Finish the dispatch.
2022-02-16 20:30:14,388 [simulator_env.py | 278] INFO: 2022-02-16 12:20:00, Order 12100200464: state = 1 < 2, we can not finish the simulation
2022-02-16 20:30:14,389 [simulator_env.py | 87] INFO: **************************************************
2022-02-16 20:30:14,389 [simulator_env.py | 91] INFO: cur time: 2022-02-16 12:30:00, pre time: 2022-02-16 12:20:00
2022-02-16 20:30:14,389 [simulator_env.py | 147] INFO: Start to update the input of 2022-02-16 12:30:00
2022-02-16 20:30:14,396 [simulator_env.py | 175] INFO: Get 15 unallocated orders, 13 ongoing orders, 466 completed orders.
2022-02-16 20:30:16,223 [simulator_env.py | 100] INFO: Finish the dispatch.
2022-02-16 20:30:16,226 [simulator_env.py | 278] INFO: 2022-02-16 12:30:00, Order 12200600479: state = 1 < 2, we can not finish the simulation
2022-02-16 20:30:16,226 [simulator_env.py | 87] INFO: **************************************************
2022-02-16 20:30:16,226 [simulator_env.py | 91] INFO: cur time: 2022-02-16 12:40:00, pre time: 2022-02-16 12:30:00
2022-02-16 20:30:16,227 [simulator_env.py | 147] INFO: Start to update the input of 2022-02-16 12:40:00
2022-02-16 20:30:16,233 [simulator_env.py | 175] INFO: Get 12 unallocated orders, 11 ongoing orders, 483 completed orders.
2022-02-16 20:30:17,847 [simulator_env.py | 100] INFO: Finish the dispatch.
2022-02-16 20:30:17,849 [simulator_env.py | 278] INFO: 2022-02-16 12:40:00, Order 12300100494: state = 1 < 2, we can not finish the simulation
2022-02-16 20:30:17,850 [simulator_env.py | 87] INFO: **************************************************
2022-02-16 20:30:17,850 [simulator_env.py | 91] INFO: cur time: 2022-02-16 12:50:00, pre time: 2022-02-16 12:40:00
2022-02-16 20:30:17,850 [simulator_env.py | 147] INFO: Start to update the input of 2022-02-16 12:50:00
2022-02-16 20:30:17,855 [simulator_env.py | 175] INFO: Get 17 unallocated orders, 10 ongoing orders, 496 completed orders.
2022-02-16 20:30:19,532 [simulator_env.py | 100] INFO: Finish the dispatch.
2022-02-16 20:30:19,534 [simulator_env.py | 278] INFO: 2022-02-16 12:50:00, Order 12421200506: state = 1 < 2, we can not finish the simulation
2022-02-16 20:30:19,535 [simulator_env.py | 87] INFO: **************************************************
2022-02-16 20:30:19,535 [simulator_env.py | 91] INFO: cur time: 2022-02-16 13:00:00, pre time: 2022-02-16 12:50:00
2022-02-16 20:30:19,535 [simulator_env.py | 147] INFO: Start to update the input of 2022-02-16 13:00:00
2022-02-16 20:30:19,541 [simulator_env.py | 175] INFO: Get 11 unallocated orders, 13 ongoing orders, 510 completed orders.
2022-02-16 20:30:21,449 [simulator_env.py | 100] INFO: Finish the dispatch.
2022-02-16 20:30:21,451 [simulator_env.py | 278] INFO: 2022-02-16 13:00:00, Order 12515900523: state = 1 < 2, we can not finish the simulation
2022-02-16 20:30:21,452 [simulator_env.py | 87] INFO: **************************************************
2022-02-16 20:30:21,452 [simulator_env.py | 91] INFO: cur time: 2022-02-16 13:10:00, pre time: 2022-02-16 13:00:00
2022-02-16 20:30:21,452 [simulator_env.py | 147] INFO: Start to update the input of 2022-02-16 13:10:00
2022-02-16 20:30:21,458 [simulator_env.py | 175] INFO: Get 10 unallocated orders, 8 ongoing orders, 526 completed orders.
2022-02-16 20:30:23,163 [simulator_env.py | 100] INFO: Finish the dispatch.
2022-02-16 20:30:23,165 [simulator_env.py | 278] INFO: 2022-02-16 13:10:00, Order 13005600534: state = 1 < 2, we can not finish the simulation
2022-02-16 20:30:23,167 [simulator_env.py | 87] INFO: **************************************************
2022-02-16 20:30:23,167 [simulator_env.py | 91] INFO: cur time: 2022-02-16 13:20:00, pre time: 2022-02-16 13:10:00
2022-02-16 20:30:23,167 [simulator_env.py | 147] INFO: Start to update the input of 2022-02-16 13:20:00
2022-02-16 20:30:23,172 [simulator_env.py | 175] INFO: Get 10 unallocated orders, 9 ongoing orders, 535 completed orders.
2022-02-16 20:30:24,765 [simulator_env.py | 100] INFO: Finish the dispatch.
2022-02-16 20:30:24,766 [simulator_env.py | 278] INFO: 2022-02-16 13:20:00, Order 13100200544: state = 1 < 2, we can not finish the simulation
2022-02-16 20:30:24,767 [simulator_env.py | 87] INFO: **************************************************
2022-02-16 20:30:24,767 [simulator_env.py | 91] INFO: cur time: 2022-02-16 13:30:00, pre time: 2022-02-16 13:20:00
2022-02-16 20:30:24,767 [simulator_env.py | 147] INFO: Start to update the input of 2022-02-16 13:30:00
2022-02-16 20:30:24,771 [simulator_env.py | 175] INFO: Get 10 unallocated orders, 9 ongoing orders, 545 completed orders.
2022-02-16 20:30:26,687 [simulator_env.py | 100] INFO: Finish the dispatch.
2022-02-16 20:30:26,689 [simulator_env.py | 278] INFO: 2022-02-16 13:30:00, Order 13205300554: state = 1 < 2, we can not finish the simulation
2022-02-16 20:30:26,691 [simulator_env.py | 87] INFO: **************************************************
2022-02-16 20:30:26,691 [simulator_env.py | 91] INFO: cur time: 2022-02-16 13:40:00, pre time: 2022-02-16 13:30:00
2022-02-16 20:30:26,692 [simulator_env.py | 147] INFO: Start to update the input of 2022-02-16 13:40:00
2022-02-16 20:30:26,697 [simulator_env.py | 175] INFO: Get 7 unallocated orders, 6 ongoing orders, 558 completed orders.
2022-02-16 20:30:28,348 [simulator_env.py | 100] INFO: Finish the dispatch.
2022-02-16 20:30:28,350 [simulator_env.py | 278] INFO: 2022-02-16 13:40:00, Order 13330900564: state = 1 < 2, we can not finish the simulation
2022-02-16 20:30:28,350 [simulator_env.py | 87] INFO: **************************************************
2022-02-16 20:30:28,350 [simulator_env.py | 91] INFO: cur time: 2022-02-16 13:50:00, pre time: 2022-02-16 13:40:00
2022-02-16 20:30:28,351 [simulator_env.py | 147] INFO: Start to update the input of 2022-02-16 13:50:00
2022-02-16 20:30:28,355 [simulator_env.py | 175] INFO: Get 8 unallocated orders, 6 ongoing orders, 565 completed orders.
2022-02-16 20:30:29,982 [simulator_env.py | 100] INFO: Finish the dispatch.
2022-02-16 20:30:29,984 [simulator_env.py | 278] INFO: 2022-02-16 13:50:00, Order 13400900571: state = 1 < 2, we can not finish the simulation
2022-02-16 20:30:29,985 [simulator_env.py | 87] INFO: **************************************************
2022-02-16 20:30:29,985 [simulator_env.py | 91] INFO: cur time: 2022-02-16 14:00:00, pre time: 2022-02-16 13:50:00
2022-02-16 20:30:29,985 [simulator_env.py | 147] INFO: Start to update the input of 2022-02-16 14:00:00
2022-02-16 20:30:29,990 [simulator_env.py | 175] INFO: Get 16 unallocated orders, 4 ongoing orders, 575 completed orders.
2022-02-16 20:30:31,763 [simulator_env.py | 100] INFO: Finish the dispatch.
2022-02-16 20:30:31,765 [simulator_env.py | 278] INFO: 2022-02-16 14:00:00, Order 13502700579: state = 1 < 2, we can not finish the simulation
2022-02-16 20:30:31,766 [simulator_env.py | 87] INFO: **************************************************
2022-02-16 20:30:31,766 [simulator_env.py | 91] INFO: cur time: 2022-02-16 14:10:00, pre time: 2022-02-16 14:00:00
2022-02-16 20:30:31,766 [simulator_env.py | 147] INFO: Start to update the input of 2022-02-16 14:10:00
2022-02-16 20:30:31,773 [simulator_env.py | 175] INFO: Get 8 unallocated orders, 8 ongoing orders, 587 completed orders.
2022-02-16 20:30:33,424 [simulator_env.py | 100] INFO: Finish the dispatch.
2022-02-16 20:30:33,426 [simulator_env.py | 278] INFO: 2022-02-16 14:10:00, Order 14001000595: state = 1 < 2, we can not finish the simulation
2022-02-16 20:30:33,427 [simulator_env.py | 87] INFO: **************************************************
2022-02-16 20:30:33,427 [simulator_env.py | 91] INFO: cur time: 2022-02-16 14:20:00, pre time: 2022-02-16 14:10:00
2022-02-16 20:30:33,427 [simulator_env.py | 147] INFO: Start to update the input of 2022-02-16 14:20:00
2022-02-16 20:30:33,433 [simulator_env.py | 175] INFO: Get 6 unallocated orders, 6 ongoing orders, 597 completed orders.
2022-02-16 20:30:35,051 [simulator_env.py | 100] INFO: Finish the dispatch.
2022-02-16 20:30:35,053 [simulator_env.py | 278] INFO: 2022-02-16 14:20:00, Order 14111300603: state = 1 < 2, we can not finish the simulation
2022-02-16 20:30:35,054 [simulator_env.py | 87] INFO: **************************************************
2022-02-16 20:30:35,054 [simulator_env.py | 91] INFO: cur time: 2022-02-16 14:30:00, pre time: 2022-02-16 14:20:00
2022-02-16 20:30:35,054 [simulator_env.py | 147] INFO: Start to update the input of 2022-02-16 14:30:00
2022-02-16 20:30:35,058 [simulator_env.py | 175] INFO: Get 9 unallocated orders, 5 ongoing orders, 604 completed orders.
2022-02-16 20:30:36,878 [simulator_env.py | 100] INFO: Finish the dispatch.
2022-02-16 20:30:36,880 [simulator_env.py | 278] INFO: 2022-02-16 14:30:00, Order 14201900609: state = 1 < 2, we can not finish the simulation
2022-02-16 20:30:36,880 [simulator_env.py | 87] INFO: **************************************************
2022-02-16 20:30:36,881 [simulator_env.py | 91] INFO: cur time: 2022-02-16 14:40:00, pre time: 2022-02-16 14:30:00
2022-02-16 20:30:36,881 [simulator_env.py | 147] INFO: Start to update the input of 2022-02-16 14:40:00
2022-02-16 20:30:36,885 [simulator_env.py | 175] INFO: Get 12 unallocated orders, 6 ongoing orders, 612 completed orders.
2022-02-16 20:30:38,662 [simulator_env.py | 100] INFO: Finish the dispatch.
2022-02-16 20:30:38,665 [simulator_env.py | 278] INFO: 2022-02-16 14:40:00, Order 14304700618: state = 1 < 2, we can not finish the simulation
2022-02-16 20:30:38,666 [simulator_env.py | 87] INFO: **************************************************
2022-02-16 20:30:38,666 [simulator_env.py | 91] INFO: cur time: 2022-02-16 14:50:00, pre time: 2022-02-16 14:40:00
2022-02-16 20:30:38,666 [simulator_env.py | 147] INFO: Start to update the input of 2022-02-16 14:50:00
2022-02-16 20:30:38,672 [simulator_env.py | 175] INFO: Get 10 unallocated orders, 8 ongoing orders, 622 completed orders.
2022-02-16 20:30:40,431 [simulator_env.py | 100] INFO: Finish the dispatch.
2022-02-16 20:30:40,434 [simulator_env.py | 278] INFO: 2022-02-16 14:50:00, Order 14422500630: state = 1 < 2, we can not finish the simulation
2022-02-16 20:30:40,436 [simulator_env.py | 87] INFO: **************************************************
2022-02-16 20:30:40,436 [simulator_env.py | 91] INFO: cur time: 2022-02-16 15:00:00, pre time: 2022-02-16 14:50:00
2022-02-16 20:30:40,436 [simulator_env.py | 147] INFO: Start to update the input of 2022-02-16 15:00:00
2022-02-16 20:30:40,442 [simulator_env.py | 175] INFO: Get 10 unallocated orders, 7 ongoing orders, 633 completed orders.
2022-02-16 20:30:42,043 [simulator_env.py | 100] INFO: Finish the dispatch.
2022-02-16 20:30:42,045 [simulator_env.py | 278] INFO: 2022-02-16 15:00:00, Order 14510500640: state = 1 < 2, we can not finish the simulation
2022-02-16 20:30:42,045 [simulator_env.py | 87] INFO: **************************************************
2022-02-16 20:30:42,046 [simulator_env.py | 91] INFO: cur time: 2022-02-16 15:10:00, pre time: 2022-02-16 15:00:00
2022-02-16 20:30:42,046 [simulator_env.py | 147] INFO: Start to update the input of 2022-02-16 15:10:00
2022-02-16 20:30:42,051 [simulator_env.py | 175] INFO: Get 0 unallocated orders, 5 ongoing orders, 645 completed orders.
2022-02-16 20:30:43,598 [simulator_env.py | 100] INFO: Finish the dispatch.
2022-02-16 20:30:43,599 [simulator_env.py | 281] INFO: 2022-02-16 15:10:00, the status of all orders is greater than 1, we could finish the simulation
2022-02-16 20:30:43,604 [simulator_env.py | 124] INFO: finished the left ongoing orders
2022-02-16 20:30:43,605 [evaluator.py    | 116] INFO: Traveling Distance of driver D_1 is  48.810, visited node list: 16
2022-02-16 20:30:43,605 [evaluator.py    | 116] INFO: Traveling Distance of driver D_2 is  68.780, visited node list: 26
2022-02-16 20:30:43,606 [evaluator.py    | 116] INFO: Traveling Distance of driver D_3 is  118.210, visited node list: 39
2022-02-16 20:30:43,607 [evaluator.py    | 116] INFO: Traveling Distance of driver D_4 is  116.160, visited node list: 44
2022-02-16 20:30:43,607 [evaluator.py    | 116] INFO: Traveling Distance of driver D_5 is  102.650, visited node list: 35
2022-02-16 20:30:43,608 [evaluator.py    | 116] INFO: Traveling Distance of driver D_6 is  124.430, visited node list: 36
2022-02-16 20:30:43,608 [evaluator.py    | 116] INFO: Traveling Distance of driver D_7 is  109.920, visited node list: 44
2022-02-16 20:30:43,609 [evaluator.py    | 116] INFO: Traveling Distance of driver D_8 is  104.650, visited node list: 37
2022-02-16 20:30:43,609 [evaluator.py    | 116] INFO: Traveling Distance of driver D_9 is  90.510, visited node list: 37
2022-02-16 20:30:43,609 [evaluator.py    | 116] INFO: Traveling Distance of driver D_10 is  113.630, visited node list: 35
2022-02-16 20:30:43,610 [evaluator.py    | 116] INFO: Traveling Distance of driver D_11 is  115.180, visited node list: 41
2022-02-16 20:30:43,611 [evaluator.py    | 116] INFO: Traveling Distance of driver D_12 is  112.150, visited node list: 51
2022-02-16 20:30:43,611 [evaluator.py    | 116] INFO: Traveling Distance of driver D_13 is  113.380, visited node list: 40
2022-02-16 20:30:43,612 [evaluator.py    | 116] INFO: Traveling Distance of driver D_14 is  112.160, visited node list: 43
2022-02-16 20:30:43,612 [evaluator.py    | 116] INFO: Traveling Distance of driver D_15 is  95.270, visited node list: 39
2022-02-16 20:30:43,612 [evaluator.py    | 116] INFO: Traveling Distance of driver D_16 is  100.140, visited node list: 35
2022-02-16 20:30:43,613 [evaluator.py    | 116] INFO: Traveling Distance of driver D_17 is  108.990, visited node list: 37
2022-02-16 20:30:43,613 [evaluator.py    | 116] INFO: Traveling Distance of driver D_18 is  68.680, visited node list: 23
2022-02-16 20:30:43,613 [evaluator.py    | 116] INFO: Traveling Distance of driver D_19 is  98.010, visited node list: 34
2022-02-16 20:30:43,614 [evaluator.py    | 116] INFO: Traveling Distance of driver D_20 is  106.880, visited node list: 37
2022-02-16 20:30:43,614 [evaluator.py    | 116] INFO: Traveling Distance of driver D_21 is  66.670, visited node list: 25
2022-02-16 20:30:43,614 [evaluator.py    | 116] INFO: Traveling Distance of driver D_22 is  59.890, visited node list: 22
2022-02-16 20:30:43,615 [evaluator.py    | 116] INFO: Traveling Distance of driver D_23 is  55.440, visited node list: 17
2022-02-16 20:30:43,615 [evaluator.py    | 116] INFO: Traveling Distance of driver D_24 is  105.870, visited node list: 39
2022-02-16 20:30:43,615 [evaluator.py    | 116] INFO: Traveling Distance of driver D_25 is  83.360, visited node list: 32
2022-02-16 20:30:43,615 [evaluator.py    | 116] INFO: Traveling Distance of driver D_26 is  78.250, visited node list: 30
2022-02-16 20:30:43,615 [evaluator.py    | 116] INFO: Traveling Distance of driver D_27 is  73.820, visited node list: 28
2022-02-16 20:30:43,616 [evaluator.py    | 116] INFO: Traveling Distance of driver D_28 is  66.970, visited node list: 25
2022-02-16 20:30:43,616 [evaluator.py    | 116] INFO: Traveling Distance of driver D_29 is  62.900, visited node list: 19
2022-02-16 20:30:43,616 [evaluator.py    | 116] INFO: Traveling Distance of driver D_30 is  58.370, visited node list: 23
2022-02-16 20:30:43,616 [evaluator.py    | 116] INFO: Traveling Distance of driver D_31 is  64.540, visited node list: 25
2022-02-16 20:30:43,617 [evaluator.py    | 116] INFO: Traveling Distance of driver D_32 is  52.100, visited node list: 22
2022-02-16 20:30:43,617 [evaluator.py    | 116] INFO: Traveling Distance of driver D_33 is  52.160, visited node list: 21
2022-02-16 20:30:43,617 [evaluator.py    | 116] INFO: Traveling Distance of driver D_34 is  45.380, visited node list: 17
2022-02-16 20:30:43,617 [evaluator.py    | 116] INFO: Traveling Distance of driver D_35 is  48.410, visited node list: 19
2022-02-16 20:30:43,617 [evaluator.py    | 116] INFO: Traveling Distance of driver D_36 is  62.770, visited node list: 19
2022-02-16 20:30:43,618 [evaluator.py    | 116] INFO: Traveling Distance of driver D_37 is  45.640, visited node list: 19
2022-02-16 20:30:43,618 [evaluator.py    | 116] INFO: Traveling Distance of driver D_38 is  43.720, visited node list: 20
2022-02-16 20:30:43,618 [evaluator.py    | 116] INFO: Traveling Distance of driver D_39 is  44.420, visited node list: 16
2022-02-16 20:30:43,618 [evaluator.py    | 116] INFO: Traveling Distance of driver D_40 is  42.870, visited node list: 19
2022-02-16 20:30:43,618 [evaluator.py    | 116] INFO: Traveling Distance of driver D_41 is  36.300, visited node list: 12
2022-02-16 20:30:43,618 [evaluator.py    | 116] INFO: Traveling Distance of driver D_42 is  35.220, visited node list: 14
2022-02-16 20:30:43,619 [evaluator.py    | 116] INFO: Traveling Distance of driver D_43 is  30.790, visited node list: 12
2022-02-16 20:30:43,619 [evaluator.py    | 116] INFO: Traveling Distance of driver D_44 is  25.220, visited node list: 9
2022-02-16 20:30:43,619 [evaluator.py    | 116] INFO: Traveling Distance of driver D_45 is  35.930, visited node list: 14
2022-02-16 20:30:43,619 [evaluator.py    | 116] INFO: Traveling Distance of driver D_46 is  37.370, visited node list: 15
2022-02-16 20:30:43,619 [evaluator.py    | 116] INFO: Traveling Distance of driver D_47 is  22.910, visited node list: 10
2022-02-16 20:30:43,619 [evaluator.py    | 116] INFO: Traveling Distance of driver D_48 is  27.110, visited node list: 10
2022-02-16 20:30:43,619 [evaluator.py    | 116] INFO: Traveling Distance of driver D_49 is  21.600, visited node list: 8
2022-02-16 20:30:43,619 [evaluator.py    | 116] INFO: Traveling Distance of driver D_50 is  13.960, visited node list: 8
2022-02-16 20:30:43,620 [evaluator.py    | 116] INFO: Traveling Distance of driver D_51 is  13.400, visited node list: 8
2022-02-16 20:30:43,620 [evaluator.py    | 116] INFO: Traveling Distance of driver D_52 is  17.630, visited node list: 6
2022-02-16 20:30:43,620 [evaluator.py    | 116] INFO: Traveling Distance of driver D_53 is  3.630, visited node list: 3
2022-02-16 20:30:43,620 [evaluator.py    | 116] INFO: Traveling Distance of driver D_54 is  1.710, visited node list: 2
2022-02-16 20:30:43,620 [evaluator.py    | 116] INFO: Traveling Distance of driver D_55 is  0.000, visited node list: 1
2022-02-16 20:30:43,620 [evaluator.py    | 116] INFO: Traveling Distance of driver D_56 is  0.000, visited node list: 1
2022-02-16 20:30:43,620 [evaluator.py    | 116] INFO: Traveling Distance of driver D_57 is  6.310, visited node list: 3
2022-02-16 20:30:43,620 [evaluator.py    | 116] INFO: Traveling Distance of driver D_58 is  4.260, visited node list: 2
2022-02-16 20:30:43,620 [evaluator.py    | 116] INFO: Traveling Distance of driver D_59 is  3.530, visited node list: 3
2022-02-16 20:30:43,621 [evaluator.py    | 116] INFO: Traveling Distance of driver D_60 is  18.990, visited node list: 7
2022-02-16 20:30:43,621 [evaluator.py    | 18] INFO: Total distance:  3598.010
2022-02-16 20:30:43,670 [evaluator.py    | 22] INFO: Sum over time:  0.000
2022-02-16 20:30:43,670 [evaluator.py    | 26] INFO: Total score:  59.967
2022-02-16 20:30:43,776 [main.py         | 43] INFO: Score of instance_32: 59.96683333333332
