2022-02-16 22:36:38,328 [main.py         | 38] INFO: Start to run /Users/yangjingfeng/Library/CloudStorage/OneDrive-Personal/Public/PhD Study/Papers/Food_Delivery/Code/Food_delivery_simulator/Benchmark/Instance_small: instance_71
2022-02-16 22:36:38,329 [simulator_api.py | 43] INFO: Start time of the simulator: 2022-02-16 09:00:00, time interval:  600.00
2022-02-16 22:36:38,805 [input_utils.py  | 35] INFO: Get 1158 locations
2022-02-16 22:36:38,861 [input_utils.py  | 39] INFO: Get 80 drivers
2022-02-16 22:36:39,134 [input_utils.py  | 43] INFO: Get 900 orders
2022-02-16 22:36:39,135 [simulator_api.py | 75] INFO: Initial position of D_1 is Bukit Timah Market & Food Centre
2022-02-16 22:36:39,136 [simulator_api.py | 75] INFO: Initial position of D_2 is Bukit Timah Market & Food Centre
2022-02-16 22:36:39,136 [simulator_api.py | 75] INFO: Initial position of D_3 is Ghim Moh Market & Food Centre
2022-02-16 22:36:39,136 [simulator_api.py | 75] INFO: Initial position of D_4 is Bukit Timah Market & Food Centre
2022-02-16 22:36:39,137 [simulator_api.py | 75] INFO: Initial position of D_5 is Alexandra Village Food Centre
2022-02-16 22:36:39,137 [simulator_api.py | 75] INFO: Initial position of D_6 is Bukit Timah Market & Food Centre
2022-02-16 22:36:39,137 [simulator_api.py | 75] INFO: Initial position of D_7 is Bukit Timah Market & Food Centre
2022-02-16 22:36:39,137 [simulator_api.py | 75] INFO: Initial position of D_8 is Bukit Timah Market & Food Centre
2022-02-16 22:36:39,137 [simulator_api.py | 75] INFO: Initial position of D_9 is Bukit Timah Market & Food Centre
2022-02-16 22:36:39,137 [simulator_api.py | 75] INFO: Initial position of D_10 is Bukit Timah Market & Food Centre
2022-02-16 22:36:39,137 [simulator_api.py | 75] INFO: Initial position of D_11 is Alexandra Village Food Centre
2022-02-16 22:36:39,137 [simulator_api.py | 75] INFO: Initial position of D_12 is Ghim Moh Market & Food Centre
2022-02-16 22:36:39,137 [simulator_api.py | 75] INFO: Initial position of D_13 is Alexandra Village Food Centre
2022-02-16 22:36:39,139 [simulator_api.py | 75] INFO: Initial position of D_14 is Ghim Moh Market & Food Centre
2022-02-16 22:36:39,139 [simulator_api.py | 75] INFO: Initial position of D_15 is Bukit Timah Market & Food Centre
2022-02-16 22:36:39,139 [simulator_api.py | 75] INFO: Initial position of D_16 is Ghim Moh Market & Food Centre
2022-02-16 22:36:39,139 [simulator_api.py | 75] INFO: Initial position of D_17 is Ghim Moh Market & Food Centre
2022-02-16 22:36:39,140 [simulator_api.py | 75] INFO: Initial position of D_18 is Alexandra Village Food Centre
2022-02-16 22:36:39,140 [simulator_api.py | 75] INFO: Initial position of D_19 is Bukit Timah Market & Food Centre
2022-02-16 22:36:39,140 [simulator_api.py | 75] INFO: Initial position of D_20 is Alexandra Village Food Centre
2022-02-16 22:36:39,140 [simulator_api.py | 75] INFO: Initial position of D_21 is Alexandra Village Food Centre
2022-02-16 22:36:39,140 [simulator_api.py | 75] INFO: Initial position of D_22 is Alexandra Village Food Centre
2022-02-16 22:36:39,140 [simulator_api.py | 75] INFO: Initial position of D_23 is Ghim Moh Market & Food Centre
2022-02-16 22:36:39,141 [simulator_api.py | 75] INFO: Initial position of D_24 is Bukit Timah Market & Food Centre
2022-02-16 22:36:39,141 [simulator_api.py | 75] INFO: Initial position of D_25 is Ghim Moh Market & Food Centre
2022-02-16 22:36:39,141 [simulator_api.py | 75] INFO: Initial position of D_26 is Alexandra Village Food Centre
2022-02-16 22:36:39,141 [simulator_api.py | 75] INFO: Initial position of D_27 is Ghim Moh Market & Food Centre
2022-02-16 22:36:39,141 [simulator_api.py | 75] INFO: Initial position of D_28 is Alexandra Village Food Centre
2022-02-16 22:36:39,142 [simulator_api.py | 75] INFO: Initial position of D_29 is Bukit Timah Market & Food Centre
2022-02-16 22:36:39,142 [simulator_api.py | 75] INFO: Initial position of D_30 is Bukit Timah Market & Food Centre
2022-02-16 22:36:39,142 [simulator_api.py | 75] INFO: Initial position of D_31 is Alexandra Village Food Centre
2022-02-16 22:36:39,142 [simulator_api.py | 75] INFO: Initial position of D_32 is Ghim Moh Market & Food Centre
2022-02-16 22:36:39,142 [simulator_api.py | 75] INFO: Initial position of D_33 is Bukit Timah Market & Food Centre
2022-02-16 22:36:39,149 [simulator_api.py | 75] INFO: Initial position of D_34 is Bukit Timah Market & Food Centre
2022-02-16 22:36:39,149 [simulator_api.py | 75] INFO: Initial position of D_35 is Bukit Timah Market & Food Centre
2022-02-16 22:36:39,150 [simulator_api.py | 75] INFO: Initial position of D_36 is Alexandra Village Food Centre
2022-02-16 22:36:39,150 [simulator_api.py | 75] INFO: Initial position of D_37 is Alexandra Village Food Centre
2022-02-16 22:36:39,150 [simulator_api.py | 75] INFO: Initial position of D_38 is Ghim Moh Market & Food Centre
2022-02-16 22:36:39,150 [simulator_api.py | 75] INFO: Initial position of D_39 is Alexandra Village Food Centre
2022-02-16 22:36:39,150 [simulator_api.py | 75] INFO: Initial position of D_40 is Bukit Timah Market & Food Centre
2022-02-16 22:36:39,150 [simulator_api.py | 75] INFO: Initial position of D_41 is Bukit Timah Market & Food Centre
2022-02-16 22:36:39,150 [simulator_api.py | 75] INFO: Initial position of D_42 is Alexandra Village Food Centre
2022-02-16 22:36:39,158 [simulator_api.py | 75] INFO: Initial position of D_43 is Bukit Timah Market & Food Centre
2022-02-16 22:36:39,158 [simulator_api.py | 75] INFO: Initial position of D_44 is Ghim Moh Market & Food Centre
2022-02-16 22:36:39,158 [simulator_api.py | 75] INFO: Initial position of D_45 is Alexandra Village Food Centre
2022-02-16 22:36:39,159 [simulator_api.py | 75] INFO: Initial position of D_46 is Ghim Moh Market & Food Centre
2022-02-16 22:36:39,159 [simulator_api.py | 75] INFO: Initial position of D_47 is Ghim Moh Market & Food Centre
2022-02-16 22:36:39,159 [simulator_api.py | 75] INFO: Initial position of D_48 is Alexandra Village Food Centre
2022-02-16 22:36:39,159 [simulator_api.py | 75] INFO: Initial position of D_49 is Bukit Timah Market & Food Centre
2022-02-16 22:36:39,159 [simulator_api.py | 75] INFO: Initial position of D_50 is Alexandra Village Food Centre
2022-02-16 22:36:39,159 [simulator_api.py | 75] INFO: Initial position of D_51 is Alexandra Village Food Centre
2022-02-16 22:36:39,159 [simulator_api.py | 75] INFO: Initial position of D_52 is Alexandra Village Food Centre
2022-02-16 22:36:39,159 [simulator_api.py | 75] INFO: Initial position of D_53 is Ghim Moh Market & Food Centre
2022-02-16 22:36:39,159 [simulator_api.py | 75] INFO: Initial position of D_54 is Alexandra Village Food Centre
2022-02-16 22:36:39,159 [simulator_api.py | 75] INFO: Initial position of D_55 is Bukit Timah Market & Food Centre
2022-02-16 22:36:39,159 [simulator_api.py | 75] INFO: Initial position of D_56 is Bukit Timah Market & Food Centre
2022-02-16 22:36:39,159 [simulator_api.py | 75] INFO: Initial position of D_57 is Ghim Moh Market & Food Centre
2022-02-16 22:36:39,159 [simulator_api.py | 75] INFO: Initial position of D_58 is Alexandra Village Food Centre
2022-02-16 22:36:39,162 [simulator_api.py | 75] INFO: Initial position of D_59 is Bukit Timah Market & Food Centre
2022-02-16 22:36:39,162 [simulator_api.py | 75] INFO: Initial position of D_60 is Alexandra Village Food Centre
2022-02-16 22:36:39,162 [simulator_api.py | 75] INFO: Initial position of D_61 is Ghim Moh Market & Food Centre
2022-02-16 22:36:39,163 [simulator_api.py | 75] INFO: Initial position of D_62 is Ghim Moh Market & Food Centre
2022-02-16 22:36:39,163 [simulator_api.py | 75] INFO: Initial position of D_63 is Alexandra Village Food Centre
2022-02-16 22:36:39,163 [simulator_api.py | 75] INFO: Initial position of D_64 is Ghim Moh Market & Food Centre
2022-02-16 22:36:39,163 [simulator_api.py | 75] INFO: Initial position of D_65 is Ghim Moh Market & Food Centre
2022-02-16 22:36:39,163 [simulator_api.py | 75] INFO: Initial position of D_66 is Ghim Moh Market & Food Centre
2022-02-16 22:36:39,163 [simulator_api.py | 75] INFO: Initial position of D_67 is Alexandra Village Food Centre
2022-02-16 22:36:39,163 [simulator_api.py | 75] INFO: Initial position of D_68 is Bukit Timah Market & Food Centre
2022-02-16 22:36:39,163 [simulator_api.py | 75] INFO: Initial position of D_69 is Ghim Moh Market & Food Centre
2022-02-16 22:36:39,163 [simulator_api.py | 75] INFO: Initial position of D_70 is Ghim Moh Market & Food Centre
2022-02-16 22:36:39,163 [simulator_api.py | 75] INFO: Initial position of D_71 is Bukit Timah Market & Food Centre
2022-02-16 22:36:39,164 [simulator_api.py | 75] INFO: Initial position of D_72 is Alexandra Village Food Centre
2022-02-16 22:36:39,164 [simulator_api.py | 75] INFO: Initial position of D_73 is Bukit Timah Market & Food Centre
2022-02-16 22:36:39,164 [simulator_api.py | 75] INFO: Initial position of D_74 is Ghim Moh Market & Food Centre
2022-02-16 22:36:39,164 [simulator_api.py | 75] INFO: Initial position of D_75 is Bukit Timah Market & Food Centre
2022-02-16 22:36:39,178 [simulator_api.py | 75] INFO: Initial position of D_76 is Alexandra Village Food Centre
2022-02-16 22:36:39,178 [simulator_api.py | 75] INFO: Initial position of D_77 is Bukit Timah Market & Food Centre
2022-02-16 22:36:39,178 [simulator_api.py | 75] INFO: Initial position of D_78 is Alexandra Village Food Centre
2022-02-16 22:36:39,178 [simulator_api.py | 75] INFO: Initial position of D_79 is Ghim Moh Market & Food Centre
2022-02-16 22:36:39,178 [simulator_api.py | 75] INFO: Initial position of D_80 is Alexandra Village Food Centre
2022-02-16 22:36:39,214 [simulator_env.py | 87] INFO: **************************************************
2022-02-16 22:36:39,214 [simulator_env.py | 91] INFO: cur time: 2022-02-16 09:10:00, pre time: 2022-02-16 09:00:00
2022-02-16 22:36:39,214 [simulator_env.py | 147] INFO: Start to update the input of 2022-02-16 09:10:00
2022-02-16 22:36:39,218 [simulator_env.py | 175] INFO: Get 28 unallocated orders, 0 ongoing orders, 0 completed orders.
2022-02-16 22:36:40,973 [simulator_env.py | 100] INFO: Finish the dispatch.
2022-02-16 22:36:40,975 [simulator_env.py | 278] INFO: 2022-02-16 09:10:00, Order 09001700000: state = 1 < 2, we can not finish the simulation
2022-02-16 22:36:40,975 [simulator_env.py | 87] INFO: **************************************************
2022-02-16 22:36:40,975 [simulator_env.py | 91] INFO: cur time: 2022-02-16 09:20:00, pre time: 2022-02-16 09:10:00
2022-02-16 22:36:40,975 [simulator_env.py | 147] INFO: Start to update the input of 2022-02-16 09:20:00
2022-02-16 22:36:40,982 [simulator_env.py | 175] INFO: Get 23 unallocated orders, 17 ongoing orders, 11 completed orders.
2022-02-16 22:36:42,720 [simulator_env.py | 100] INFO: Finish the dispatch.
2022-02-16 22:36:42,722 [simulator_env.py | 278] INFO: 2022-02-16 09:20:00, Order 09112100028: state = 1 < 2, we can not finish the simulation
2022-02-16 22:36:42,723 [simulator_env.py | 87] INFO: **************************************************
2022-02-16 22:36:42,723 [simulator_env.py | 91] INFO: cur time: 2022-02-16 09:30:00, pre time: 2022-02-16 09:20:00
2022-02-16 22:36:42,723 [simulator_env.py | 147] INFO: Start to update the input of 2022-02-16 09:30:00
2022-02-16 22:36:42,733 [simulator_env.py | 175] INFO: Get 29 unallocated orders, 14 ongoing orders, 37 completed orders.
2022-02-16 22:36:44,546 [simulator_env.py | 100] INFO: Finish the dispatch.
2022-02-16 22:36:44,548 [simulator_env.py | 278] INFO: 2022-02-16 09:30:00, Order 09203700051: state = 1 < 2, we can not finish the simulation
2022-02-16 22:36:44,550 [simulator_env.py | 87] INFO: **************************************************
2022-02-16 22:36:44,550 [simulator_env.py | 91] INFO: cur time: 2022-02-16 09:40:00, pre time: 2022-02-16 09:30:00
2022-02-16 22:36:44,550 [simulator_env.py | 147] INFO: Start to update the input of 2022-02-16 09:40:00
2022-02-16 22:36:44,562 [simulator_env.py | 175] INFO: Get 26 unallocated orders, 21 ongoing orders, 59 completed orders.
2022-02-16 22:36:46,205 [simulator_env.py | 100] INFO: Finish the dispatch.
2022-02-16 22:36:46,207 [simulator_env.py | 278] INFO: 2022-02-16 09:40:00, Order 09311000080: state = 1 < 2, we can not finish the simulation
2022-02-16 22:36:46,208 [simulator_env.py | 87] INFO: **************************************************
2022-02-16 22:36:46,208 [simulator_env.py | 91] INFO: cur time: 2022-02-16 09:50:00, pre time: 2022-02-16 09:40:00
2022-02-16 22:36:46,208 [simulator_env.py | 147] INFO: Start to update the input of 2022-02-16 09:50:00
2022-02-16 22:36:46,217 [simulator_env.py | 175] INFO: Get 42 unallocated orders, 15 ongoing orders, 91 completed orders.
2022-02-16 22:36:47,985 [simulator_env.py | 100] INFO: Finish the dispatch.
2022-02-16 22:36:47,989 [simulator_env.py | 278] INFO: 2022-02-16 09:50:00, Order 09403400106: state = 1 < 2, we can not finish the simulation
2022-02-16 22:36:47,990 [simulator_env.py | 87] INFO: **************************************************
2022-02-16 22:36:47,990 [simulator_env.py | 91] INFO: cur time: 2022-02-16 10:00:00, pre time: 2022-02-16 09:50:00
2022-02-16 22:36:47,990 [simulator_env.py | 147] INFO: Start to update the input of 2022-02-16 10:00:00
2022-02-16 22:36:48,003 [simulator_env.py | 175] INFO: Get 38 unallocated orders, 28 ongoing orders, 120 completed orders.
2022-02-16 22:36:49,617 [simulator_env.py | 100] INFO: Finish the dispatch.
2022-02-16 22:36:49,620 [simulator_env.py | 278] INFO: 2022-02-16 10:00:00, Order 09500100148: state = 1 < 2, we can not finish the simulation
2022-02-16 22:36:49,621 [simulator_env.py | 87] INFO: **************************************************
2022-02-16 22:36:49,621 [simulator_env.py | 91] INFO: cur time: 2022-02-16 10:10:00, pre time: 2022-02-16 10:00:00
2022-02-16 22:36:49,621 [simulator_env.py | 147] INFO: Start to update the input of 2022-02-16 10:10:00
2022-02-16 22:36:49,634 [simulator_env.py | 175] INFO: Get 34 unallocated orders, 28 ongoing orders, 158 completed orders.
2022-02-16 22:36:51,510 [simulator_env.py | 100] INFO: Finish the dispatch.
2022-02-16 22:36:51,515 [simulator_env.py | 278] INFO: 2022-02-16 10:10:00, Order 10000700186: state = 1 < 2, we can not finish the simulation
2022-02-16 22:36:51,517 [simulator_env.py | 87] INFO: **************************************************
2022-02-16 22:36:51,517 [simulator_env.py | 91] INFO: cur time: 2022-02-16 10:20:00, pre time: 2022-02-16 10:10:00
2022-02-16 22:36:51,518 [simulator_env.py | 147] INFO: Start to update the input of 2022-02-16 10:20:00
2022-02-16 22:36:51,529 [simulator_env.py | 175] INFO: Get 31 unallocated orders, 28 ongoing orders, 192 completed orders.
2022-02-16 22:36:53,305 [simulator_env.py | 100] INFO: Finish the dispatch.
2022-02-16 22:36:53,309 [simulator_env.py | 278] INFO: 2022-02-16 10:20:00, Order 10102900220: state = 1 < 2, we can not finish the simulation
2022-02-16 22:36:53,310 [simulator_env.py | 87] INFO: **************************************************
2022-02-16 22:36:53,310 [simulator_env.py | 91] INFO: cur time: 2022-02-16 10:30:00, pre time: 2022-02-16 10:20:00
2022-02-16 22:36:53,311 [simulator_env.py | 147] INFO: Start to update the input of 2022-02-16 10:30:00
2022-02-16 22:36:53,323 [simulator_env.py | 175] INFO: Get 34 unallocated orders, 26 ongoing orders, 225 completed orders.
2022-02-16 22:36:55,092 [simulator_env.py | 100] INFO: Finish the dispatch.
2022-02-16 22:36:55,096 [simulator_env.py | 278] INFO: 2022-02-16 10:30:00, Order 10203000251: state = 1 < 2, we can not finish the simulation
2022-02-16 22:36:55,097 [simulator_env.py | 87] INFO: **************************************************
2022-02-16 22:36:55,097 [simulator_env.py | 91] INFO: cur time: 2022-02-16 10:40:00, pre time: 2022-02-16 10:30:00
2022-02-16 22:36:55,097 [simulator_env.py | 147] INFO: Start to update the input of 2022-02-16 10:40:00
2022-02-16 22:36:55,111 [simulator_env.py | 175] INFO: Get 50 unallocated orders, 21 ongoing orders, 264 completed orders.
2022-02-16 22:36:56,912 [simulator_env.py | 100] INFO: Finish the dispatch.
2022-02-16 22:36:56,916 [simulator_env.py | 278] INFO: 2022-02-16 10:40:00, Order 10300800285: state = 1 < 2, we can not finish the simulation
2022-02-16 22:36:56,917 [simulator_env.py | 87] INFO: **************************************************
2022-02-16 22:36:56,917 [simulator_env.py | 91] INFO: cur time: 2022-02-16 10:50:00, pre time: 2022-02-16 10:40:00
2022-02-16 22:36:56,917 [simulator_env.py | 147] INFO: Start to update the input of 2022-02-16 10:50:00
2022-02-16 22:36:56,933 [simulator_env.py | 175] INFO: Get 30 unallocated orders, 36 ongoing orders, 299 completed orders.
2022-02-16 22:36:59,733 [simulator_env.py | 100] INFO: Finish the dispatch.
2022-02-16 22:36:59,736 [simulator_env.py | 278] INFO: 2022-02-16 10:50:00, Order 10400600335: state = 1 < 2, we can not finish the simulation
2022-02-16 22:36:59,738 [simulator_env.py | 87] INFO: **************************************************
2022-02-16 22:36:59,738 [simulator_env.py | 91] INFO: cur time: 2022-02-16 11:00:00, pre time: 2022-02-16 10:50:00
2022-02-16 22:36:59,738 [simulator_env.py | 147] INFO: Start to update the input of 2022-02-16 11:00:00
2022-02-16 22:36:59,748 [simulator_env.py | 175] INFO: Get 37 unallocated orders, 21 ongoing orders, 344 completed orders.
2022-02-16 22:37:01,646 [simulator_env.py | 100] INFO: Finish the dispatch.
2022-02-16 22:37:01,650 [simulator_env.py | 278] INFO: 2022-02-16 11:00:00, Order 10501900365: state = 1 < 2, we can not finish the simulation
2022-02-16 22:37:01,651 [simulator_env.py | 87] INFO: **************************************************
2022-02-16 22:37:01,651 [simulator_env.py | 91] INFO: cur time: 2022-02-16 11:10:00, pre time: 2022-02-16 11:00:00
2022-02-16 22:37:01,652 [simulator_env.py | 147] INFO: Start to update the input of 2022-02-16 11:10:00
2022-02-16 22:37:01,667 [simulator_env.py | 175] INFO: Get 41 unallocated orders, 26 ongoing orders, 376 completed orders.
2022-02-16 22:37:03,563 [simulator_env.py | 100] INFO: Finish the dispatch.
2022-02-16 22:37:03,568 [simulator_env.py | 278] INFO: 2022-02-16 11:10:00, Order 11003300402: state = 1 < 2, we can not finish the simulation
2022-02-16 22:37:03,570 [simulator_env.py | 87] INFO: **************************************************
2022-02-16 22:37:03,571 [simulator_env.py | 91] INFO: cur time: 2022-02-16 11:20:00, pre time: 2022-02-16 11:10:00
2022-02-16 22:37:03,571 [simulator_env.py | 147] INFO: Start to update the input of 2022-02-16 11:20:00
2022-02-16 22:37:03,584 [simulator_env.py | 175] INFO: Get 34 unallocated orders, 30 ongoing orders, 413 completed orders.
2022-02-16 22:37:05,252 [simulator_env.py | 100] INFO: Finish the dispatch.
2022-02-16 22:37:05,259 [simulator_env.py | 278] INFO: 2022-02-16 11:20:00, Order 11104400443: state = 1 < 2, we can not finish the simulation
2022-02-16 22:37:05,261 [simulator_env.py | 87] INFO: **************************************************
2022-02-16 22:37:05,261 [simulator_env.py | 91] INFO: cur time: 2022-02-16 11:30:00, pre time: 2022-02-16 11:20:00
2022-02-16 22:37:05,261 [simulator_env.py | 147] INFO: Start to update the input of 2022-02-16 11:30:00
2022-02-16 22:37:05,273 [simulator_env.py | 175] INFO: Get 33 unallocated orders, 23 ongoing orders, 453 completed orders.
2022-02-16 22:37:06,939 [simulator_env.py | 100] INFO: Finish the dispatch.
2022-02-16 22:37:06,943 [simulator_env.py | 278] INFO: 2022-02-16 11:30:00, Order 11145300465: state = 1 < 2, we can not finish the simulation
2022-02-16 22:37:06,944 [simulator_env.py | 87] INFO: **************************************************
2022-02-16 22:37:06,944 [simulator_env.py | 91] INFO: cur time: 2022-02-16 11:40:00, pre time: 2022-02-16 11:30:00
2022-02-16 22:37:06,944 [simulator_env.py | 147] INFO: Start to update the input of 2022-02-16 11:40:00
2022-02-16 22:37:06,955 [simulator_env.py | 175] INFO: Get 31 unallocated orders, 19 ongoing orders, 490 completed orders.
2022-02-16 22:37:08,842 [simulator_env.py | 100] INFO: Finish the dispatch.
2022-02-16 22:37:08,845 [simulator_env.py | 278] INFO: 2022-02-16 11:40:00, Order 11300500509: state = 1 < 2, we can not finish the simulation
2022-02-16 22:37:08,846 [simulator_env.py | 87] INFO: **************************************************
2022-02-16 22:37:08,847 [simulator_env.py | 91] INFO: cur time: 2022-02-16 11:50:00, pre time: 2022-02-16 11:40:00
2022-02-16 22:37:08,847 [simulator_env.py | 147] INFO: Start to update the input of 2022-02-16 11:50:00
2022-02-16 22:37:08,867 [simulator_env.py | 175] INFO: Get 39 unallocated orders, 21 ongoing orders, 518 completed orders.
2022-02-16 22:37:10,507 [simulator_env.py | 100] INFO: Finish the dispatch.
2022-02-16 22:37:10,511 [simulator_env.py | 278] INFO: 2022-02-16 11:50:00, Order 11395100538: state = 1 < 2, we can not finish the simulation
2022-02-16 22:37:10,513 [simulator_env.py | 87] INFO: **************************************************
2022-02-16 22:37:10,513 [simulator_env.py | 91] INFO: cur time: 2022-02-16 12:00:00, pre time: 2022-02-16 11:50:00
2022-02-16 22:37:10,513 [simulator_env.py | 147] INFO: Start to update the input of 2022-02-16 12:00:00
2022-02-16 22:37:10,527 [simulator_env.py | 175] INFO: Get 42 unallocated orders, 29 ongoing orders, 549 completed orders.
2022-02-16 22:37:12,351 [simulator_env.py | 100] INFO: Finish the dispatch.
2022-02-16 22:37:12,356 [simulator_env.py | 278] INFO: 2022-02-16 12:00:00, Order 11501700578: state = 1 < 2, we can not finish the simulation
2022-02-16 22:37:12,359 [simulator_env.py | 87] INFO: **************************************************
2022-02-16 22:37:12,359 [simulator_env.py | 91] INFO: cur time: 2022-02-16 12:10:00, pre time: 2022-02-16 12:00:00
2022-02-16 22:37:12,359 [simulator_env.py | 147] INFO: Start to update the input of 2022-02-16 12:10:00
2022-02-16 22:37:12,375 [simulator_env.py | 175] INFO: Get 20 unallocated orders, 24 ongoing orders, 596 completed orders.
2022-02-16 22:37:14,486 [simulator_env.py | 100] INFO: Finish the dispatch.
2022-02-16 22:37:14,489 [simulator_env.py | 278] INFO: 2022-02-16 12:10:00, Order 12003400620: state = 1 < 2, we can not finish the simulation
2022-02-16 22:37:14,490 [simulator_env.py | 87] INFO: **************************************************
2022-02-16 22:37:14,490 [simulator_env.py | 91] INFO: cur time: 2022-02-16 12:20:00, pre time: 2022-02-16 12:10:00
2022-02-16 22:37:14,490 [simulator_env.py | 147] INFO: Start to update the input of 2022-02-16 12:20:00
2022-02-16 22:37:14,499 [simulator_env.py | 175] INFO: Get 19 unallocated orders, 16 ongoing orders, 624 completed orders.
2022-02-16 22:37:16,295 [simulator_env.py | 100] INFO: Finish the dispatch.
2022-02-16 22:37:16,299 [simulator_env.py | 278] INFO: 2022-02-16 12:20:00, Order 12102300640: state = 1 < 2, we can not finish the simulation
2022-02-16 22:37:16,300 [simulator_env.py | 87] INFO: **************************************************
2022-02-16 22:37:16,300 [simulator_env.py | 91] INFO: cur time: 2022-02-16 12:30:00, pre time: 2022-02-16 12:20:00
2022-02-16 22:37:16,300 [simulator_env.py | 147] INFO: Start to update the input of 2022-02-16 12:30:00
2022-02-16 22:37:16,310 [simulator_env.py | 175] INFO: Get 21 unallocated orders, 15 ongoing orders, 644 completed orders.
2022-02-16 22:37:18,244 [simulator_env.py | 100] INFO: Finish the dispatch.
2022-02-16 22:37:18,247 [simulator_env.py | 278] INFO: 2022-02-16 12:30:00, Order 12212200659: state = 1 < 2, we can not finish the simulation
2022-02-16 22:37:18,248 [simulator_env.py | 87] INFO: **************************************************
2022-02-16 22:37:18,248 [simulator_env.py | 91] INFO: cur time: 2022-02-16 12:40:00, pre time: 2022-02-16 12:30:00
2022-02-16 22:37:18,248 [simulator_env.py | 147] INFO: Start to update the input of 2022-02-16 12:40:00
2022-02-16 22:37:18,258 [simulator_env.py | 175] INFO: Get 18 unallocated orders, 17 ongoing orders, 663 completed orders.
2022-02-16 22:37:20,020 [simulator_env.py | 100] INFO: Finish the dispatch.
2022-02-16 22:37:20,024 [simulator_env.py | 278] INFO: 2022-02-16 12:40:00, Order 12301800680: state = 1 < 2, we can not finish the simulation
2022-02-16 22:37:20,025 [simulator_env.py | 87] INFO: **************************************************
2022-02-16 22:37:20,025 [simulator_env.py | 91] INFO: cur time: 2022-02-16 12:50:00, pre time: 2022-02-16 12:40:00
2022-02-16 22:37:20,025 [simulator_env.py | 147] INFO: Start to update the input of 2022-02-16 12:50:00
2022-02-16 22:37:20,032 [simulator_env.py | 175] INFO: Get 19 unallocated orders, 14 ongoing orders, 684 completed orders.
2022-02-16 22:37:21,896 [simulator_env.py | 100] INFO: Finish the dispatch.
2022-02-16 22:37:21,899 [simulator_env.py | 278] INFO: 2022-02-16 12:50:00, Order 12401000698: state = 1 < 2, we can not finish the simulation
2022-02-16 22:37:21,900 [simulator_env.py | 87] INFO: **************************************************
2022-02-16 22:37:21,900 [simulator_env.py | 91] INFO: cur time: 2022-02-16 13:00:00, pre time: 2022-02-16 12:50:00
2022-02-16 22:37:21,901 [simulator_env.py | 147] INFO: Start to update the input of 2022-02-16 13:00:00
2022-02-16 22:37:21,912 [simulator_env.py | 175] INFO: Get 22 unallocated orders, 11 ongoing orders, 706 completed orders.
2022-02-16 22:37:23,701 [simulator_env.py | 100] INFO: Finish the dispatch.
2022-02-16 22:37:23,703 [simulator_env.py | 278] INFO: 2022-02-16 13:00:00, Order 12501300717: state = 1 < 2, we can not finish the simulation
2022-02-16 22:37:23,704 [simulator_env.py | 87] INFO: **************************************************
2022-02-16 22:37:23,704 [simulator_env.py | 91] INFO: cur time: 2022-02-16 13:10:00, pre time: 2022-02-16 13:00:00
2022-02-16 22:37:23,704 [simulator_env.py | 147] INFO: Start to update the input of 2022-02-16 13:10:00
2022-02-16 22:37:23,715 [simulator_env.py | 175] INFO: Get 8 unallocated orders, 15 ongoing orders, 724 completed orders.
2022-02-16 22:37:25,443 [simulator_env.py | 100] INFO: Finish the dispatch.
2022-02-16 22:37:25,445 [simulator_env.py | 278] INFO: 2022-02-16 13:10:00, Order 13014400739: state = 1 < 2, we can not finish the simulation
2022-02-16 22:37:25,446 [simulator_env.py | 87] INFO: **************************************************
2022-02-16 22:37:25,446 [simulator_env.py | 91] INFO: cur time: 2022-02-16 13:20:00, pre time: 2022-02-16 13:10:00
2022-02-16 22:37:25,446 [simulator_env.py | 147] INFO: Start to update the input of 2022-02-16 13:20:00
2022-02-16 22:37:25,453 [simulator_env.py | 175] INFO: Get 14 unallocated orders, 6 ongoing orders, 741 completed orders.
2022-02-16 22:37:27,184 [simulator_env.py | 100] INFO: Finish the dispatch.
2022-02-16 22:37:27,186 [simulator_env.py | 278] INFO: 2022-02-16 13:20:00, Order 13121500747: state = 1 < 2, we can not finish the simulation
2022-02-16 22:37:27,187 [simulator_env.py | 87] INFO: **************************************************
2022-02-16 22:37:27,187 [simulator_env.py | 91] INFO: cur time: 2022-02-16 13:30:00, pre time: 2022-02-16 13:20:00
2022-02-16 22:37:27,187 [simulator_env.py | 147] INFO: Start to update the input of 2022-02-16 13:30:00
2022-02-16 22:37:27,196 [simulator_env.py | 175] INFO: Get 21 unallocated orders, 11 ongoing orders, 750 completed orders.
2022-02-16 22:37:29,049 [simulator_env.py | 100] INFO: Finish the dispatch.
2022-02-16 22:37:29,052 [simulator_env.py | 278] INFO: 2022-02-16 13:30:00, Order 13211400761: state = 1 < 2, we can not finish the simulation
2022-02-16 22:37:29,053 [simulator_env.py | 87] INFO: **************************************************
2022-02-16 22:37:29,053 [simulator_env.py | 91] INFO: cur time: 2022-02-16 13:40:00, pre time: 2022-02-16 13:30:00
2022-02-16 22:37:29,053 [simulator_env.py | 147] INFO: Start to update the input of 2022-02-16 13:40:00
2022-02-16 22:37:29,065 [simulator_env.py | 175] INFO: Get 10 unallocated orders, 15 ongoing orders, 767 completed orders.
2022-02-16 22:37:30,826 [simulator_env.py | 100] INFO: Finish the dispatch.
2022-02-16 22:37:30,829 [simulator_env.py | 278] INFO: 2022-02-16 13:40:00, Order 13304800782: state = 1 < 2, we can not finish the simulation
2022-02-16 22:37:30,830 [simulator_env.py | 87] INFO: **************************************************
2022-02-16 22:37:30,830 [simulator_env.py | 91] INFO: cur time: 2022-02-16 13:50:00, pre time: 2022-02-16 13:40:00
2022-02-16 22:37:30,830 [simulator_env.py | 147] INFO: Start to update the input of 2022-02-16 13:50:00
2022-02-16 22:37:30,837 [simulator_env.py | 175] INFO: Get 15 unallocated orders, 8 ongoing orders, 784 completed orders.
2022-02-16 22:37:32,629 [simulator_env.py | 100] INFO: Finish the dispatch.
2022-02-16 22:37:32,632 [simulator_env.py | 278] INFO: 2022-02-16 13:50:00, Order 13404900792: state = 1 < 2, we can not finish the simulation
2022-02-16 22:37:32,633 [simulator_env.py | 87] INFO: **************************************************
2022-02-16 22:37:32,633 [simulator_env.py | 91] INFO: cur time: 2022-02-16 14:00:00, pre time: 2022-02-16 13:50:00
2022-02-16 22:37:32,633 [simulator_env.py | 147] INFO: Start to update the input of 2022-02-16 14:00:00
2022-02-16 22:37:32,640 [simulator_env.py | 175] INFO: Get 9 unallocated orders, 10 ongoing orders, 797 completed orders.
2022-02-16 22:37:34,553 [simulator_env.py | 100] INFO: Finish the dispatch.
2022-02-16 22:37:34,556 [simulator_env.py | 278] INFO: 2022-02-16 14:00:00, Order 13500600807: state = 1 < 2, we can not finish the simulation
2022-02-16 22:37:34,557 [simulator_env.py | 87] INFO: **************************************************
2022-02-16 22:37:34,557 [simulator_env.py | 91] INFO: cur time: 2022-02-16 14:10:00, pre time: 2022-02-16 14:00:00
2022-02-16 22:37:34,557 [simulator_env.py | 147] INFO: Start to update the input of 2022-02-16 14:10:00
2022-02-16 22:37:34,564 [simulator_env.py | 175] INFO: Get 18 unallocated orders, 8 ongoing orders, 808 completed orders.
2022-02-16 22:37:36,390 [simulator_env.py | 100] INFO: Finish the dispatch.
2022-02-16 22:37:36,392 [simulator_env.py | 278] INFO: 2022-02-16 14:10:00, Order 14005000816: state = 1 < 2, we can not finish the simulation
2022-02-16 22:37:36,392 [simulator_env.py | 87] INFO: **************************************************
2022-02-16 22:37:36,392 [simulator_env.py | 91] INFO: cur time: 2022-02-16 14:20:00, pre time: 2022-02-16 14:10:00
2022-02-16 22:37:36,392 [simulator_env.py | 147] INFO: Start to update the input of 2022-02-16 14:20:00
2022-02-16 22:37:36,398 [simulator_env.py | 175] INFO: Get 15 unallocated orders, 13 ongoing orders, 821 completed orders.
2022-02-16 22:37:38,149 [simulator_env.py | 100] INFO: Finish the dispatch.
2022-02-16 22:37:38,152 [simulator_env.py | 278] INFO: 2022-02-16 14:20:00, Order 14105600834: state = 1 < 2, we can not finish the simulation
2022-02-16 22:37:38,153 [simulator_env.py | 87] INFO: **************************************************
2022-02-16 22:37:38,153 [simulator_env.py | 91] INFO: cur time: 2022-02-16 14:30:00, pre time: 2022-02-16 14:20:00
2022-02-16 22:37:38,153 [simulator_env.py | 147] INFO: Start to update the input of 2022-02-16 14:30:00
2022-02-16 22:37:38,161 [simulator_env.py | 175] INFO: Get 7 unallocated orders, 11 ongoing orders, 838 completed orders.
2022-02-16 22:37:39,757 [simulator_env.py | 100] INFO: Finish the dispatch.
2022-02-16 22:37:39,760 [simulator_env.py | 278] INFO: 2022-02-16 14:30:00, Order 14201500849: state = 1 < 2, we can not finish the simulation
2022-02-16 22:37:39,761 [simulator_env.py | 87] INFO: **************************************************
2022-02-16 22:37:39,761 [simulator_env.py | 91] INFO: cur time: 2022-02-16 14:40:00, pre time: 2022-02-16 14:30:00
2022-02-16 22:37:39,761 [simulator_env.py | 147] INFO: Start to update the input of 2022-02-16 14:40:00
2022-02-16 22:37:39,769 [simulator_env.py | 175] INFO: Get 6 unallocated orders, 3 ongoing orders, 853 completed orders.
2022-02-16 22:37:41,285 [simulator_env.py | 100] INFO: Finish the dispatch.
2022-02-16 22:37:41,288 [simulator_env.py | 278] INFO: 2022-02-16 14:40:00, Order 14301900856: state = 1 < 2, we can not finish the simulation
2022-02-16 22:37:41,289 [simulator_env.py | 87] INFO: **************************************************
2022-02-16 22:37:41,289 [simulator_env.py | 91] INFO: cur time: 2022-02-16 14:50:00, pre time: 2022-02-16 14:40:00
2022-02-16 22:37:41,289 [simulator_env.py | 147] INFO: Start to update the input of 2022-02-16 14:50:00
2022-02-16 22:37:41,295 [simulator_env.py | 175] INFO: Get 22 unallocated orders, 3 ongoing orders, 859 completed orders.
2022-02-16 22:37:42,722 [simulator_env.py | 100] INFO: Finish the dispatch.
2022-02-16 22:37:42,725 [simulator_env.py | 278] INFO: 2022-02-16 14:50:00, Order 14400900862: state = 1 < 2, we can not finish the simulation
2022-02-16 22:37:42,726 [simulator_env.py | 87] INFO: **************************************************
2022-02-16 22:37:42,726 [simulator_env.py | 91] INFO: cur time: 2022-02-16 15:00:00, pre time: 2022-02-16 14:50:00
2022-02-16 22:37:42,726 [simulator_env.py | 147] INFO: Start to update the input of 2022-02-16 15:00:00
2022-02-16 22:37:42,736 [simulator_env.py | 175] INFO: Get 16 unallocated orders, 16 ongoing orders, 868 completed orders.
2022-02-16 22:37:44,289 [simulator_env.py | 100] INFO: Finish the dispatch.
2022-02-16 22:37:44,293 [simulator_env.py | 278] INFO: 2022-02-16 15:00:00, Order 14504500884: state = 1 < 2, we can not finish the simulation
2022-02-16 22:37:44,293 [simulator_env.py | 87] INFO: **************************************************
2022-02-16 22:37:44,294 [simulator_env.py | 91] INFO: cur time: 2022-02-16 15:10:00, pre time: 2022-02-16 15:00:00
2022-02-16 22:37:44,294 [simulator_env.py | 147] INFO: Start to update the input of 2022-02-16 15:10:00
2022-02-16 22:37:44,302 [simulator_env.py | 175] INFO: Get 1 unallocated orders, 8 ongoing orders, 891 completed orders.
2022-02-16 22:37:45,928 [simulator_env.py | 100] INFO: Finish the dispatch.
2022-02-16 22:37:45,930 [simulator_env.py | 278] INFO: 2022-02-16 15:10:00, Order 14531700891: state = 1 < 2, we can not finish the simulation
2022-02-16 22:37:45,930 [simulator_env.py | 87] INFO: **************************************************
2022-02-16 22:37:45,930 [simulator_env.py | 91] INFO: cur time: 2022-02-16 15:20:00, pre time: 2022-02-16 15:10:00
2022-02-16 22:37:45,931 [simulator_env.py | 147] INFO: Start to update the input of 2022-02-16 15:20:00
2022-02-16 22:37:45,935 [simulator_env.py | 175] INFO: Get 0 unallocated orders, 0 ongoing orders, 900 completed orders.
2022-02-16 22:37:47,482 [simulator_env.py | 100] INFO: Finish the dispatch.
2022-02-16 22:37:47,485 [simulator_env.py | 281] INFO: 2022-02-16 15:20:00, the status of all orders is greater than 1, we could finish the simulation
2022-02-16 22:37:47,488 [simulator_env.py | 124] INFO: finished the left ongoing orders
2022-02-16 22:37:47,489 [evaluator.py    | 116] INFO: Traveling Distance of driver D_1 is  33.730, visited node list: 11
2022-02-16 22:37:47,490 [evaluator.py    | 116] INFO: Traveling Distance of driver D_2 is  68.860, visited node list: 22
2022-02-16 22:37:47,491 [evaluator.py    | 116] INFO: Traveling Distance of driver D_3 is  113.830, visited node list: 34
2022-02-16 22:37:47,493 [evaluator.py    | 116] INFO: Traveling Distance of driver D_4 is  109.810, visited node list: 41
2022-02-16 22:37:47,495 [evaluator.py    | 116] INFO: Traveling Distance of driver D_5 is  108.800, visited node list: 41
2022-02-16 22:37:47,496 [evaluator.py    | 116] INFO: Traveling Distance of driver D_6 is  120.690, visited node list: 39
2022-02-16 22:37:47,497 [evaluator.py    | 116] INFO: Traveling Distance of driver D_7 is  107.060, visited node list: 37
2022-02-16 22:37:47,499 [evaluator.py    | 116] INFO: Traveling Distance of driver D_8 is  111.430, visited node list: 43
2022-02-16 22:37:47,499 [evaluator.py    | 116] INFO: Traveling Distance of driver D_9 is  112.380, visited node list: 43
2022-02-16 22:37:47,500 [evaluator.py    | 116] INFO: Traveling Distance of driver D_10 is  113.250, visited node list: 41
2022-02-16 22:37:47,501 [evaluator.py    | 116] INFO: Traveling Distance of driver D_11 is  100.550, visited node list: 35
2022-02-16 22:37:47,501 [evaluator.py    | 116] INFO: Traveling Distance of driver D_12 is  105.660, visited node list: 42
2022-02-16 22:37:47,502 [evaluator.py    | 116] INFO: Traveling Distance of driver D_13 is  110.580, visited node list: 43
2022-02-16 22:37:47,503 [evaluator.py    | 116] INFO: Traveling Distance of driver D_14 is  117.460, visited node list: 38
2022-02-16 22:37:47,503 [evaluator.py    | 116] INFO: Traveling Distance of driver D_15 is  108.100, visited node list: 39
2022-02-16 22:37:47,504 [evaluator.py    | 116] INFO: Traveling Distance of driver D_16 is  97.660, visited node list: 40
2022-02-16 22:37:47,504 [evaluator.py    | 116] INFO: Traveling Distance of driver D_17 is  106.960, visited node list: 43
2022-02-16 22:37:47,505 [evaluator.py    | 116] INFO: Traveling Distance of driver D_18 is  105.970, visited node list: 41
2022-02-16 22:37:47,505 [evaluator.py    | 116] INFO: Traveling Distance of driver D_19 is  99.600, visited node list: 39
2022-02-16 22:37:47,505 [evaluator.py    | 116] INFO: Traveling Distance of driver D_20 is  109.330, visited node list: 35
2022-02-16 22:37:47,506 [evaluator.py    | 116] INFO: Traveling Distance of driver D_21 is  108.000, visited node list: 39
2022-02-16 22:37:47,506 [evaluator.py    | 116] INFO: Traveling Distance of driver D_22 is  98.080, visited node list: 34
2022-02-16 22:37:47,506 [evaluator.py    | 116] INFO: Traveling Distance of driver D_23 is  105.750, visited node list: 43
2022-02-16 22:37:47,507 [evaluator.py    | 116] INFO: Traveling Distance of driver D_24 is  101.130, visited node list: 35
2022-02-16 22:37:47,507 [evaluator.py    | 116] INFO: Traveling Distance of driver D_25 is  82.330, visited node list: 27
2022-02-16 22:37:47,507 [evaluator.py    | 116] INFO: Traveling Distance of driver D_26 is  89.790, visited node list: 35
2022-02-16 22:37:47,508 [evaluator.py    | 116] INFO: Traveling Distance of driver D_27 is  81.200, visited node list: 38
2022-02-16 22:37:47,509 [evaluator.py    | 116] INFO: Traveling Distance of driver D_28 is  82.320, visited node list: 34
2022-02-16 22:37:47,509 [evaluator.py    | 116] INFO: Traveling Distance of driver D_29 is  93.540, visited node list: 36
2022-02-16 22:37:47,509 [evaluator.py    | 116] INFO: Traveling Distance of driver D_30 is  89.320, visited node list: 35
2022-02-16 22:37:47,510 [evaluator.py    | 116] INFO: Traveling Distance of driver D_31 is  84.750, visited node list: 34
2022-02-16 22:37:47,510 [evaluator.py    | 116] INFO: Traveling Distance of driver D_32 is  79.830, visited node list: 30
2022-02-16 22:37:47,510 [evaluator.py    | 116] INFO: Traveling Distance of driver D_33 is  81.810, visited node list: 31
2022-02-16 22:37:47,511 [evaluator.py    | 116] INFO: Traveling Distance of driver D_34 is  84.550, visited node list: 31
2022-02-16 22:37:47,512 [evaluator.py    | 116] INFO: Traveling Distance of driver D_35 is  65.240, visited node list: 25
2022-02-16 22:37:47,512 [evaluator.py    | 116] INFO: Traveling Distance of driver D_36 is  61.610, visited node list: 26
2022-02-16 22:37:47,512 [evaluator.py    | 116] INFO: Traveling Distance of driver D_37 is  61.290, visited node list: 26
2022-02-16 22:37:47,513 [evaluator.py    | 116] INFO: Traveling Distance of driver D_38 is  58.790, visited node list: 25
2022-02-16 22:37:47,513 [evaluator.py    | 116] INFO: Traveling Distance of driver D_39 is  57.450, visited node list: 27
2022-02-16 22:37:47,513 [evaluator.py    | 116] INFO: Traveling Distance of driver D_40 is  66.430, visited node list: 26
2022-02-16 22:37:47,513 [evaluator.py    | 116] INFO: Traveling Distance of driver D_41 is  45.900, visited node list: 19
2022-02-16 22:37:47,513 [evaluator.py    | 116] INFO: Traveling Distance of driver D_42 is  40.490, visited node list: 15
2022-02-16 22:37:47,514 [evaluator.py    | 116] INFO: Traveling Distance of driver D_43 is  54.270, visited node list: 20
2022-02-16 22:37:47,514 [evaluator.py    | 116] INFO: Traveling Distance of driver D_44 is  45.580, visited node list: 17
2022-02-16 22:37:47,514 [evaluator.py    | 116] INFO: Traveling Distance of driver D_45 is  38.240, visited node list: 15
2022-02-16 22:37:47,514 [evaluator.py    | 116] INFO: Traveling Distance of driver D_46 is  64.700, visited node list: 23
2022-02-16 22:37:47,514 [evaluator.py    | 116] INFO: Traveling Distance of driver D_47 is  53.350, visited node list: 20
2022-02-16 22:37:47,515 [evaluator.py    | 116] INFO: Traveling Distance of driver D_48 is  47.980, visited node list: 18
2022-02-16 22:37:47,515 [evaluator.py    | 116] INFO: Traveling Distance of driver D_49 is  42.750, visited node list: 20
2022-02-16 22:37:47,515 [evaluator.py    | 116] INFO: Traveling Distance of driver D_50 is  40.830, visited node list: 18
2022-02-16 22:37:47,515 [evaluator.py    | 116] INFO: Traveling Distance of driver D_51 is  23.740, visited node list: 10
2022-02-16 22:37:47,516 [evaluator.py    | 116] INFO: Traveling Distance of driver D_52 is  44.200, visited node list: 18
2022-02-16 22:37:47,516 [evaluator.py    | 116] INFO: Traveling Distance of driver D_53 is  46.620, visited node list: 17
2022-02-16 22:37:47,516 [evaluator.py    | 116] INFO: Traveling Distance of driver D_54 is  48.710, visited node list: 22
2022-02-16 22:37:47,516 [evaluator.py    | 116] INFO: Traveling Distance of driver D_55 is  40.120, visited node list: 15
2022-02-16 22:37:47,517 [evaluator.py    | 116] INFO: Traveling Distance of driver D_56 is  36.490, visited node list: 13
2022-02-16 22:37:47,517 [evaluator.py    | 116] INFO: Traveling Distance of driver D_57 is  18.520, visited node list: 7
2022-02-16 22:37:47,517 [evaluator.py    | 116] INFO: Traveling Distance of driver D_58 is  37.050, visited node list: 16
2022-02-16 22:37:47,517 [evaluator.py    | 116] INFO: Traveling Distance of driver D_59 is  45.470, visited node list: 18
2022-02-16 22:37:47,517 [evaluator.py    | 116] INFO: Traveling Distance of driver D_60 is  39.870, visited node list: 16
2022-02-16 22:37:47,517 [evaluator.py    | 116] INFO: Traveling Distance of driver D_61 is  42.370, visited node list: 16
2022-02-16 22:37:47,518 [evaluator.py    | 116] INFO: Traveling Distance of driver D_62 is  43.750, visited node list: 17
2022-02-16 22:37:47,518 [evaluator.py    | 116] INFO: Traveling Distance of driver D_63 is  34.260, visited node list: 16
2022-02-16 22:37:47,518 [evaluator.py    | 116] INFO: Traveling Distance of driver D_64 is  19.930, visited node list: 7
2022-02-16 22:37:47,518 [evaluator.py    | 116] INFO: Traveling Distance of driver D_65 is  32.190, visited node list: 13
2022-02-16 22:37:47,518 [evaluator.py    | 116] INFO: Traveling Distance of driver D_66 is  35.390, visited node list: 13
2022-02-16 22:37:47,518 [evaluator.py    | 116] INFO: Traveling Distance of driver D_67 is  21.790, visited node list: 9
2022-02-16 22:37:47,519 [evaluator.py    | 116] INFO: Traveling Distance of driver D_68 is  11.310, visited node list: 5
2022-02-16 22:37:47,519 [evaluator.py    | 116] INFO: Traveling Distance of driver D_69 is  11.180, visited node list: 7
2022-02-16 22:37:47,519 [evaluator.py    | 116] INFO: Traveling Distance of driver D_70 is  19.360, visited node list: 7
2022-02-16 22:37:47,519 [evaluator.py    | 116] INFO: Traveling Distance of driver D_71 is  15.120, visited node list: 5
2022-02-16 22:37:47,519 [evaluator.py    | 116] INFO: Traveling Distance of driver D_72 is  1.010, visited node list: 2
2022-02-16 22:37:47,519 [evaluator.py    | 116] INFO: Traveling Distance of driver D_73 is  5.930, visited node list: 3
2022-02-16 22:37:47,519 [evaluator.py    | 116] INFO: Traveling Distance of driver D_74 is  5.340, visited node list: 3
2022-02-16 22:37:47,519 [evaluator.py    | 116] INFO: Traveling Distance of driver D_75 is  0.000, visited node list: 1
2022-02-16 22:37:47,520 [evaluator.py    | 116] INFO: Traveling Distance of driver D_76 is  1.260, visited node list: 2
2022-02-16 22:37:47,520 [evaluator.py    | 116] INFO: Traveling Distance of driver D_77 is  0.000, visited node list: 1
2022-02-16 22:37:47,520 [evaluator.py    | 116] INFO: Traveling Distance of driver D_78 is  0.000, visited node list: 1
2022-02-16 22:37:47,520 [evaluator.py    | 116] INFO: Traveling Distance of driver D_79 is  0.000, visited node list: 1
2022-02-16 22:37:47,520 [evaluator.py    | 116] INFO: Traveling Distance of driver D_80 is  0.000, visited node list: 1
2022-02-16 22:37:47,520 [evaluator.py    | 18] INFO: Total distance:  4849.990
2022-02-16 22:37:47,604 [evaluator.py    | 22] INFO: Sum over time:  0.000
2022-02-16 22:37:47,605 [evaluator.py    | 26] INFO: Total score:  60.625
2022-02-16 22:37:47,747 [main.py         | 43] INFO: Score of instance_71: 60.62487500000001
