2022-02-16 20:38:16,551 [main.py         | 38] INFO: Start to run /Users/yangjingfeng/Library/CloudStorage/OneDrive-Personal/Public/PhD Study/Papers/Food_Delivery/Code/Food_delivery_simulator/Benchmark/Instance_small: instance_39
2022-02-16 20:38:16,551 [simulator_api.py | 43] INFO: Start time of the simulator: 2022-02-16 09:00:00, time interval:  600.00
2022-02-16 20:38:16,740 [input_utils.py  | 35] INFO: Get 1158 locations
2022-02-16 20:38:16,753 [input_utils.py  | 39] INFO: Get 55 drivers
2022-02-16 20:38:17,025 [input_utils.py  | 43] INFO: Get 699 orders
2022-02-16 20:38:17,026 [simulator_api.py | 75] INFO: Initial position of D_1 is Bukit Timah Market & Food Centre
2022-02-16 20:38:17,026 [simulator_api.py | 75] INFO: Initial position of D_2 is Bukit Timah Market & Food Centre
2022-02-16 20:38:17,026 [simulator_api.py | 75] INFO: Initial position of D_3 is Ghim Moh Market & Food Centre
2022-02-16 20:38:17,026 [simulator_api.py | 75] INFO: Initial position of D_4 is Bukit Timah Market & Food Centre
2022-02-16 20:38:17,026 [simulator_api.py | 75] INFO: Initial position of D_5 is Alexandra Village Food Centre
2022-02-16 20:38:17,026 [simulator_api.py | 75] INFO: Initial position of D_6 is Bukit Timah Market & Food Centre
2022-02-16 20:38:17,026 [simulator_api.py | 75] INFO: Initial position of D_7 is Bukit Timah Market & Food Centre
2022-02-16 20:38:17,026 [simulator_api.py | 75] INFO: Initial position of D_8 is Bukit Timah Market & Food Centre
2022-02-16 20:38:17,027 [simulator_api.py | 75] INFO: Initial position of D_9 is Bukit Timah Market & Food Centre
2022-02-16 20:38:17,027 [simulator_api.py | 75] INFO: Initial position of D_10 is Bukit Timah Market & Food Centre
2022-02-16 20:38:17,027 [simulator_api.py | 75] INFO: Initial position of D_11 is Alexandra Village Food Centre
2022-02-16 20:38:17,028 [simulator_api.py | 75] INFO: Initial position of D_12 is Ghim Moh Market & Food Centre
2022-02-16 20:38:17,028 [simulator_api.py | 75] INFO: Initial position of D_13 is Alexandra Village Food Centre
2022-02-16 20:38:17,028 [simulator_api.py | 75] INFO: Initial position of D_14 is Ghim Moh Market & Food Centre
2022-02-16 20:38:17,028 [simulator_api.py | 75] INFO: Initial position of D_15 is Bukit Timah Market & Food Centre
2022-02-16 20:38:17,028 [simulator_api.py | 75] INFO: Initial position of D_16 is Ghim Moh Market & Food Centre
2022-02-16 20:38:17,029 [simulator_api.py | 75] INFO: Initial position of D_17 is Ghim Moh Market & Food Centre
2022-02-16 20:38:17,029 [simulator_api.py | 75] INFO: Initial position of D_18 is Alexandra Village Food Centre
2022-02-16 20:38:17,029 [simulator_api.py | 75] INFO: Initial position of D_19 is Bukit Timah Market & Food Centre
2022-02-16 20:38:17,029 [simulator_api.py | 75] INFO: Initial position of D_20 is Alexandra Village Food Centre
2022-02-16 20:38:17,029 [simulator_api.py | 75] INFO: Initial position of D_21 is Alexandra Village Food Centre
2022-02-16 20:38:17,029 [simulator_api.py | 75] INFO: Initial position of D_22 is Alexandra Village Food Centre
2022-02-16 20:38:17,029 [simulator_api.py | 75] INFO: Initial position of D_23 is Ghim Moh Market & Food Centre
2022-02-16 20:38:17,029 [simulator_api.py | 75] INFO: Initial position of D_24 is Bukit Timah Market & Food Centre
2022-02-16 20:38:17,029 [simulator_api.py | 75] INFO: Initial position of D_25 is Ghim Moh Market & Food Centre
2022-02-16 20:38:17,030 [simulator_api.py | 75] INFO: Initial position of D_26 is Alexandra Village Food Centre
2022-02-16 20:38:17,030 [simulator_api.py | 75] INFO: Initial position of D_27 is Ghim Moh Market & Food Centre
2022-02-16 20:38:17,030 [simulator_api.py | 75] INFO: Initial position of D_28 is Alexandra Village Food Centre
2022-02-16 20:38:17,030 [simulator_api.py | 75] INFO: Initial position of D_29 is Bukit Timah Market & Food Centre
2022-02-16 20:38:17,030 [simulator_api.py | 75] INFO: Initial position of D_30 is Bukit Timah Market & Food Centre
2022-02-16 20:38:17,030 [simulator_api.py | 75] INFO: Initial position of D_31 is Alexandra Village Food Centre
2022-02-16 20:38:17,030 [simulator_api.py | 75] INFO: Initial position of D_32 is Ghim Moh Market & Food Centre
2022-02-16 20:38:17,031 [simulator_api.py | 75] INFO: Initial position of D_33 is Bukit Timah Market & Food Centre
2022-02-16 20:38:17,031 [simulator_api.py | 75] INFO: Initial position of D_34 is Bukit Timah Market & Food Centre
2022-02-16 20:38:17,031 [simulator_api.py | 75] INFO: Initial position of D_35 is Bukit Timah Market & Food Centre
2022-02-16 20:38:17,031 [simulator_api.py | 75] INFO: Initial position of D_36 is Alexandra Village Food Centre
2022-02-16 20:38:17,031 [simulator_api.py | 75] INFO: Initial position of D_37 is Alexandra Village Food Centre
2022-02-16 20:38:17,031 [simulator_api.py | 75] INFO: Initial position of D_38 is Ghim Moh Market & Food Centre
2022-02-16 20:38:17,031 [simulator_api.py | 75] INFO: Initial position of D_39 is Alexandra Village Food Centre
2022-02-16 20:38:17,031 [simulator_api.py | 75] INFO: Initial position of D_40 is Bukit Timah Market & Food Centre
2022-02-16 20:38:17,031 [simulator_api.py | 75] INFO: Initial position of D_41 is Bukit Timah Market & Food Centre
2022-02-16 20:38:17,032 [simulator_api.py | 75] INFO: Initial position of D_42 is Alexandra Village Food Centre
2022-02-16 20:38:17,032 [simulator_api.py | 75] INFO: Initial position of D_43 is Bukit Timah Market & Food Centre
2022-02-16 20:38:17,032 [simulator_api.py | 75] INFO: Initial position of D_44 is Ghim Moh Market & Food Centre
2022-02-16 20:38:17,032 [simulator_api.py | 75] INFO: Initial position of D_45 is Alexandra Village Food Centre
2022-02-16 20:38:17,032 [simulator_api.py | 75] INFO: Initial position of D_46 is Ghim Moh Market & Food Centre
2022-02-16 20:38:17,032 [simulator_api.py | 75] INFO: Initial position of D_47 is Ghim Moh Market & Food Centre
2022-02-16 20:38:17,032 [simulator_api.py | 75] INFO: Initial position of D_48 is Alexandra Village Food Centre
2022-02-16 20:38:17,032 [simulator_api.py | 75] INFO: Initial position of D_49 is Bukit Timah Market & Food Centre
2022-02-16 20:38:17,032 [simulator_api.py | 75] INFO: Initial position of D_50 is Alexandra Village Food Centre
2022-02-16 20:38:17,032 [simulator_api.py | 75] INFO: Initial position of D_51 is Alexandra Village Food Centre
2022-02-16 20:38:17,032 [simulator_api.py | 75] INFO: Initial position of D_52 is Alexandra Village Food Centre
2022-02-16 20:38:17,032 [simulator_api.py | 75] INFO: Initial position of D_53 is Ghim Moh Market & Food Centre
2022-02-16 20:38:17,032 [simulator_api.py | 75] INFO: Initial position of D_54 is Alexandra Village Food Centre
2022-02-16 20:38:17,032 [simulator_api.py | 75] INFO: Initial position of D_55 is Bukit Timah Market & Food Centre
2022-02-16 20:38:17,046 [simulator_env.py | 87] INFO: **************************************************
2022-02-16 20:38:17,046 [simulator_env.py | 91] INFO: cur time: 2022-02-16 09:10:00, pre time: 2022-02-16 09:00:00
2022-02-16 20:38:17,046 [simulator_env.py | 147] INFO: Start to update the input of 2022-02-16 09:10:00
2022-02-16 20:38:17,048 [simulator_env.py | 175] INFO: Get 24 unallocated orders, 0 ongoing orders, 0 completed orders.
2022-02-16 20:38:18,903 [simulator_env.py | 100] INFO: Finish the dispatch.
2022-02-16 20:38:18,905 [simulator_env.py | 278] INFO: 2022-02-16 09:10:00, Order 09002800000: state = 1 < 2, we can not finish the simulation
2022-02-16 20:38:18,905 [simulator_env.py | 87] INFO: **************************************************
2022-02-16 20:38:18,905 [simulator_env.py | 91] INFO: cur time: 2022-02-16 09:20:00, pre time: 2022-02-16 09:10:00
2022-02-16 20:38:18,905 [simulator_env.py | 147] INFO: Start to update the input of 2022-02-16 09:20:00
2022-02-16 20:38:18,911 [simulator_env.py | 175] INFO: Get 20 unallocated orders, 13 ongoing orders, 11 completed orders.
2022-02-16 20:38:21,181 [simulator_env.py | 100] INFO: Finish the dispatch.
2022-02-16 20:38:21,184 [simulator_env.py | 278] INFO: 2022-02-16 09:20:00, Order 09100200024: state = 1 < 2, we can not finish the simulation
2022-02-16 20:38:21,185 [simulator_env.py | 87] INFO: **************************************************
2022-02-16 20:38:21,185 [simulator_env.py | 91] INFO: cur time: 2022-02-16 09:30:00, pre time: 2022-02-16 09:20:00
2022-02-16 20:38:21,185 [simulator_env.py | 147] INFO: Start to update the input of 2022-02-16 09:30:00
2022-02-16 20:38:21,191 [simulator_env.py | 175] INFO: Get 20 unallocated orders, 14 ongoing orders, 30 completed orders.
2022-02-16 20:38:23,260 [simulator_env.py | 100] INFO: Finish the dispatch.
2022-02-16 20:38:23,262 [simulator_env.py | 278] INFO: 2022-02-16 09:30:00, Order 09204300044: state = 1 < 2, we can not finish the simulation
2022-02-16 20:38:23,263 [simulator_env.py | 87] INFO: **************************************************
2022-02-16 20:38:23,263 [simulator_env.py | 91] INFO: cur time: 2022-02-16 09:40:00, pre time: 2022-02-16 09:30:00
2022-02-16 20:38:23,264 [simulator_env.py | 147] INFO: Start to update the input of 2022-02-16 09:40:00
2022-02-16 20:38:23,270 [simulator_env.py | 175] INFO: Get 22 unallocated orders, 13 ongoing orders, 50 completed orders.
2022-02-16 20:38:25,643 [simulator_env.py | 100] INFO: Finish the dispatch.
2022-02-16 20:38:25,646 [simulator_env.py | 278] INFO: 2022-02-16 09:40:00, Order 09204300044: state = 1 < 2, we can not finish the simulation
2022-02-16 20:38:25,647 [simulator_env.py | 87] INFO: **************************************************
2022-02-16 20:38:25,647 [simulator_env.py | 91] INFO: cur time: 2022-02-16 09:50:00, pre time: 2022-02-16 09:40:00
2022-02-16 20:38:25,647 [simulator_env.py | 147] INFO: Start to update the input of 2022-02-16 09:50:00
2022-02-16 20:38:25,655 [simulator_env.py | 175] INFO: Get 23 unallocated orders, 12 ongoing orders, 73 completed orders.
2022-02-16 20:38:27,853 [simulator_env.py | 100] INFO: Finish the dispatch.
2022-02-16 20:38:27,855 [simulator_env.py | 278] INFO: 2022-02-16 09:50:00, Order 09404200085: state = 1 < 2, we can not finish the simulation
2022-02-16 20:38:27,856 [simulator_env.py | 87] INFO: **************************************************
2022-02-16 20:38:27,856 [simulator_env.py | 91] INFO: cur time: 2022-02-16 10:00:00, pre time: 2022-02-16 09:50:00
2022-02-16 20:38:27,857 [simulator_env.py | 147] INFO: Start to update the input of 2022-02-16 10:00:00
2022-02-16 20:38:27,865 [simulator_env.py | 175] INFO: Get 18 unallocated orders, 17 ongoing orders, 91 completed orders.
2022-02-16 20:38:30,129 [simulator_env.py | 100] INFO: Finish the dispatch.
2022-02-16 20:38:30,132 [simulator_env.py | 278] INFO: 2022-02-16 10:00:00, Order 09500600108: state = 1 < 2, we can not finish the simulation
2022-02-16 20:38:30,133 [simulator_env.py | 87] INFO: **************************************************
2022-02-16 20:38:30,134 [simulator_env.py | 91] INFO: cur time: 2022-02-16 10:10:00, pre time: 2022-02-16 10:00:00
2022-02-16 20:38:30,134 [simulator_env.py | 147] INFO: Start to update the input of 2022-02-16 10:10:00
2022-02-16 20:38:30,142 [simulator_env.py | 175] INFO: Get 31 unallocated orders, 12 ongoing orders, 114 completed orders.
2022-02-16 20:38:32,418 [simulator_env.py | 100] INFO: Finish the dispatch.
2022-02-16 20:38:32,420 [simulator_env.py | 278] INFO: 2022-02-16 10:10:00, Order 10001600126: state = 1 < 2, we can not finish the simulation
2022-02-16 20:38:32,421 [simulator_env.py | 87] INFO: **************************************************
2022-02-16 20:38:32,421 [simulator_env.py | 91] INFO: cur time: 2022-02-16 10:20:00, pre time: 2022-02-16 10:10:00
2022-02-16 20:38:32,421 [simulator_env.py | 147] INFO: Start to update the input of 2022-02-16 10:20:00
2022-02-16 20:38:32,429 [simulator_env.py | 175] INFO: Get 32 unallocated orders, 19 ongoing orders, 138 completed orders.
2022-02-16 20:38:34,737 [simulator_env.py | 100] INFO: Finish the dispatch.
2022-02-16 20:38:34,744 [simulator_env.py | 278] INFO: 2022-02-16 10:20:00, Order 10101000157: state = 1 < 2, we can not finish the simulation
2022-02-16 20:38:34,745 [simulator_env.py | 87] INFO: **************************************************
2022-02-16 20:38:34,745 [simulator_env.py | 91] INFO: cur time: 2022-02-16 10:30:00, pre time: 2022-02-16 10:20:00
2022-02-16 20:38:34,745 [simulator_env.py | 147] INFO: Start to update the input of 2022-02-16 10:30:00
2022-02-16 20:38:34,756 [simulator_env.py | 175] INFO: Get 33 unallocated orders, 26 ongoing orders, 162 completed orders.
2022-02-16 20:38:36,962 [simulator_env.py | 100] INFO: Finish the dispatch.
2022-02-16 20:38:36,968 [simulator_env.py | 278] INFO: 2022-02-16 10:30:00, Order 10124000165: state = 1 < 2, we can not finish the simulation
2022-02-16 20:38:36,970 [simulator_env.py | 87] INFO: **************************************************
2022-02-16 20:38:36,970 [simulator_env.py | 91] INFO: cur time: 2022-02-16 10:40:00, pre time: 2022-02-16 10:30:00
2022-02-16 20:38:36,970 [simulator_env.py | 147] INFO: Start to update the input of 2022-02-16 10:40:00
2022-02-16 20:38:36,986 [simulator_env.py | 175] INFO: Get 39 unallocated orders, 26 ongoing orders, 193 completed orders.
2022-02-16 20:38:39,376 [simulator_env.py | 100] INFO: Finish the dispatch.
2022-02-16 20:38:39,380 [simulator_env.py | 278] INFO: 2022-02-16 10:40:00, Order 10280400215: state = 1 < 2, we can not finish the simulation
2022-02-16 20:38:39,383 [simulator_env.py | 87] INFO: **************************************************
2022-02-16 20:38:39,385 [simulator_env.py | 91] INFO: cur time: 2022-02-16 10:50:00, pre time: 2022-02-16 10:40:00
2022-02-16 20:38:39,386 [simulator_env.py | 147] INFO: Start to update the input of 2022-02-16 10:50:00
2022-02-16 20:38:39,401 [simulator_env.py | 175] INFO: Get 37 unallocated orders, 23 ongoing orders, 229 completed orders.
2022-02-16 20:38:41,609 [simulator_env.py | 100] INFO: Finish the dispatch.
2022-02-16 20:38:41,612 [simulator_env.py | 278] INFO: 2022-02-16 10:50:00, Order 10364500244: state = 1 < 2, we can not finish the simulation
2022-02-16 20:38:41,613 [simulator_env.py | 87] INFO: **************************************************
2022-02-16 20:38:41,613 [simulator_env.py | 91] INFO: cur time: 2022-02-16 11:00:00, pre time: 2022-02-16 10:50:00
2022-02-16 20:38:41,613 [simulator_env.py | 147] INFO: Start to update the input of 2022-02-16 11:00:00
2022-02-16 20:38:41,624 [simulator_env.py | 175] INFO: Get 39 unallocated orders, 16 ongoing orders, 269 completed orders.
2022-02-16 20:38:44,140 [simulator_env.py | 100] INFO: Finish the dispatch.
2022-02-16 20:38:44,143 [simulator_env.py | 278] INFO: 2022-02-16 11:00:00, Order 10474300283: state = 1 < 2, we can not finish the simulation
2022-02-16 20:38:44,144 [simulator_env.py | 87] INFO: **************************************************
2022-02-16 20:38:44,145 [simulator_env.py | 91] INFO: cur time: 2022-02-16 11:10:00, pre time: 2022-02-16 11:00:00
2022-02-16 20:38:44,145 [simulator_env.py | 147] INFO: Start to update the input of 2022-02-16 11:10:00
2022-02-16 20:38:44,156 [simulator_env.py | 175] INFO: Get 23 unallocated orders, 32 ongoing orders, 292 completed orders.
2022-02-16 20:38:46,338 [simulator_env.py | 100] INFO: Finish the dispatch.
2022-02-16 20:38:46,341 [simulator_env.py | 278] INFO: 2022-02-16 11:10:00, Order 11000300324: state = 1 < 2, we can not finish the simulation
2022-02-16 20:38:46,342 [simulator_env.py | 87] INFO: **************************************************
2022-02-16 20:38:46,342 [simulator_env.py | 91] INFO: cur time: 2022-02-16 11:20:00, pre time: 2022-02-16 11:10:00
2022-02-16 20:38:46,342 [simulator_env.py | 147] INFO: Start to update the input of 2022-02-16 11:20:00
2022-02-16 20:38:46,350 [simulator_env.py | 175] INFO: Get 30 unallocated orders, 15 ongoing orders, 332 completed orders.
2022-02-16 20:38:48,503 [simulator_env.py | 100] INFO: Finish the dispatch.
2022-02-16 20:38:48,506 [simulator_env.py | 278] INFO: 2022-02-16 11:20:00, Order 11110300347: state = 1 < 2, we can not finish the simulation
2022-02-16 20:38:48,507 [simulator_env.py | 87] INFO: **************************************************
2022-02-16 20:38:48,507 [simulator_env.py | 91] INFO: cur time: 2022-02-16 11:30:00, pre time: 2022-02-16 11:20:00
2022-02-16 20:38:48,507 [simulator_env.py | 147] INFO: Start to update the input of 2022-02-16 11:30:00
2022-02-16 20:38:48,519 [simulator_env.py | 175] INFO: Get 18 unallocated orders, 23 ongoing orders, 354 completed orders.
2022-02-16 20:38:51,612 [simulator_env.py | 100] INFO: Finish the dispatch.
2022-02-16 20:38:51,616 [simulator_env.py | 278] INFO: 2022-02-16 11:30:00, Order 11202500377: state = 1 < 2, we can not finish the simulation
2022-02-16 20:38:51,616 [simulator_env.py | 87] INFO: **************************************************
2022-02-16 20:38:51,617 [simulator_env.py | 91] INFO: cur time: 2022-02-16 11:40:00, pre time: 2022-02-16 11:30:00
2022-02-16 20:38:51,617 [simulator_env.py | 147] INFO: Start to update the input of 2022-02-16 11:40:00
2022-02-16 20:38:51,622 [simulator_env.py | 175] INFO: Get 24 unallocated orders, 12 ongoing orders, 383 completed orders.
2022-02-16 20:38:53,751 [simulator_env.py | 100] INFO: Finish the dispatch.
2022-02-16 20:38:53,755 [simulator_env.py | 278] INFO: 2022-02-16 11:40:00, Order 11304800395: state = 1 < 2, we can not finish the simulation
2022-02-16 20:38:53,756 [simulator_env.py | 87] INFO: **************************************************
2022-02-16 20:38:53,757 [simulator_env.py | 91] INFO: cur time: 2022-02-16 11:50:00, pre time: 2022-02-16 11:40:00
2022-02-16 20:38:53,757 [simulator_env.py | 147] INFO: Start to update the input of 2022-02-16 11:50:00
2022-02-16 20:38:53,771 [simulator_env.py | 175] INFO: Get 30 unallocated orders, 12 ongoing orders, 407 completed orders.
2022-02-16 20:38:56,139 [simulator_env.py | 100] INFO: Finish the dispatch.
2022-02-16 20:38:56,142 [simulator_env.py | 278] INFO: 2022-02-16 11:50:00, Order 11400200419: state = 1 < 2, we can not finish the simulation
2022-02-16 20:38:56,143 [simulator_env.py | 87] INFO: **************************************************
2022-02-16 20:38:56,143 [simulator_env.py | 91] INFO: cur time: 2022-02-16 12:00:00, pre time: 2022-02-16 11:50:00
2022-02-16 20:38:56,143 [simulator_env.py | 147] INFO: Start to update the input of 2022-02-16 12:00:00
2022-02-16 20:38:56,151 [simulator_env.py | 175] INFO: Get 32 unallocated orders, 20 ongoing orders, 429 completed orders.
2022-02-16 20:38:58,265 [simulator_env.py | 100] INFO: Finish the dispatch.
2022-02-16 20:38:58,268 [simulator_env.py | 278] INFO: 2022-02-16 12:00:00, Order 11500200449: state = 1 < 2, we can not finish the simulation
2022-02-16 20:38:58,269 [simulator_env.py | 87] INFO: **************************************************
2022-02-16 20:38:58,270 [simulator_env.py | 91] INFO: cur time: 2022-02-16 12:10:00, pre time: 2022-02-16 12:00:00
2022-02-16 20:38:58,270 [simulator_env.py | 147] INFO: Start to update the input of 2022-02-16 12:10:00
2022-02-16 20:38:58,278 [simulator_env.py | 175] INFO: Get 11 unallocated orders, 23 ongoing orders, 458 completed orders.
2022-02-16 20:39:00,763 [simulator_env.py | 100] INFO: Finish the dispatch.
2022-02-16 20:39:00,767 [simulator_env.py | 278] INFO: 2022-02-16 12:10:00, Order 12005700481: state = 1 < 2, we can not finish the simulation
2022-02-16 20:39:00,768 [simulator_env.py | 87] INFO: **************************************************
2022-02-16 20:39:00,768 [simulator_env.py | 91] INFO: cur time: 2022-02-16 12:20:00, pre time: 2022-02-16 12:10:00
2022-02-16 20:39:00,768 [simulator_env.py | 147] INFO: Start to update the input of 2022-02-16 12:20:00
2022-02-16 20:39:00,775 [simulator_env.py | 175] INFO: Get 17 unallocated orders, 9 ongoing orders, 483 completed orders.
2022-02-16 20:39:03,184 [simulator_env.py | 100] INFO: Finish the dispatch.
2022-02-16 20:39:03,186 [simulator_env.py | 278] INFO: 2022-02-16 12:20:00, Order 12102800492: state = 1 < 2, we can not finish the simulation
2022-02-16 20:39:03,187 [simulator_env.py | 87] INFO: **************************************************
2022-02-16 20:39:03,187 [simulator_env.py | 91] INFO: cur time: 2022-02-16 12:30:00, pre time: 2022-02-16 12:20:00
2022-02-16 20:39:03,187 [simulator_env.py | 147] INFO: Start to update the input of 2022-02-16 12:30:00
2022-02-16 20:39:03,194 [simulator_env.py | 175] INFO: Get 12 unallocated orders, 14 ongoing orders, 495 completed orders.
2022-02-16 20:39:05,578 [simulator_env.py | 100] INFO: Finish the dispatch.
2022-02-16 20:39:05,580 [simulator_env.py | 278] INFO: 2022-02-16 12:30:00, Order 12201200509: state = 1 < 2, we can not finish the simulation
2022-02-16 20:39:05,581 [simulator_env.py | 87] INFO: **************************************************
2022-02-16 20:39:05,582 [simulator_env.py | 91] INFO: cur time: 2022-02-16 12:40:00, pre time: 2022-02-16 12:30:00
2022-02-16 20:39:05,582 [simulator_env.py | 147] INFO: Start to update the input of 2022-02-16 12:40:00
2022-02-16 20:39:05,589 [simulator_env.py | 175] INFO: Get 19 unallocated orders, 8 ongoing orders, 513 completed orders.
2022-02-16 20:39:07,654 [simulator_env.py | 100] INFO: Finish the dispatch.
2022-02-16 20:39:07,657 [simulator_env.py | 278] INFO: 2022-02-16 12:40:00, Order 12303100521: state = 1 < 2, we can not finish the simulation
2022-02-16 20:39:07,657 [simulator_env.py | 87] INFO: **************************************************
2022-02-16 20:39:07,658 [simulator_env.py | 91] INFO: cur time: 2022-02-16 12:50:00, pre time: 2022-02-16 12:40:00
2022-02-16 20:39:07,658 [simulator_env.py | 147] INFO: Start to update the input of 2022-02-16 12:50:00
2022-02-16 20:39:07,663 [simulator_env.py | 175] INFO: Get 18 unallocated orders, 16 ongoing orders, 524 completed orders.
2022-02-16 20:39:09,561 [simulator_env.py | 100] INFO: Finish the dispatch.
2022-02-16 20:39:09,564 [simulator_env.py | 278] INFO: 2022-02-16 12:50:00, Order 12401300540: state = 1 < 2, we can not finish the simulation
2022-02-16 20:39:09,565 [simulator_env.py | 87] INFO: **************************************************
2022-02-16 20:39:09,565 [simulator_env.py | 91] INFO: cur time: 2022-02-16 13:00:00, pre time: 2022-02-16 12:50:00
2022-02-16 20:39:09,565 [simulator_env.py | 147] INFO: Start to update the input of 2022-02-16 13:00:00
2022-02-16 20:39:09,573 [simulator_env.py | 175] INFO: Get 12 unallocated orders, 13 ongoing orders, 545 completed orders.
2022-02-16 20:39:11,436 [simulator_env.py | 100] INFO: Finish the dispatch.
2022-02-16 20:39:11,438 [simulator_env.py | 278] INFO: 2022-02-16 13:00:00, Order 12512400558: state = 1 < 2, we can not finish the simulation
2022-02-16 20:39:11,439 [simulator_env.py | 87] INFO: **************************************************
2022-02-16 20:39:11,440 [simulator_env.py | 91] INFO: cur time: 2022-02-16 13:10:00, pre time: 2022-02-16 13:00:00
2022-02-16 20:39:11,440 [simulator_env.py | 147] INFO: Start to update the input of 2022-02-16 13:10:00
2022-02-16 20:39:11,447 [simulator_env.py | 175] INFO: Get 8 unallocated orders, 8 ongoing orders, 562 completed orders.
2022-02-16 20:39:13,137 [simulator_env.py | 100] INFO: Finish the dispatch.
2022-02-16 20:39:13,139 [simulator_env.py | 278] INFO: 2022-02-16 13:10:00, Order 13004300570: state = 1 < 2, we can not finish the simulation
2022-02-16 20:39:13,140 [simulator_env.py | 87] INFO: **************************************************
2022-02-16 20:39:13,140 [simulator_env.py | 91] INFO: cur time: 2022-02-16 13:20:00, pre time: 2022-02-16 13:10:00
2022-02-16 20:39:13,140 [simulator_env.py | 147] INFO: Start to update the input of 2022-02-16 13:20:00
2022-02-16 20:39:13,145 [simulator_env.py | 175] INFO: Get 14 unallocated orders, 7 ongoing orders, 571 completed orders.
2022-02-16 20:39:15,064 [simulator_env.py | 100] INFO: Finish the dispatch.
2022-02-16 20:39:15,066 [simulator_env.py | 278] INFO: 2022-02-16 13:20:00, Order 13101200578: state = 1 < 2, we can not finish the simulation
2022-02-16 20:39:15,067 [simulator_env.py | 87] INFO: **************************************************
2022-02-16 20:39:15,067 [simulator_env.py | 91] INFO: cur time: 2022-02-16 13:30:00, pre time: 2022-02-16 13:20:00
2022-02-16 20:39:15,067 [simulator_env.py | 147] INFO: Start to update the input of 2022-02-16 13:30:00
2022-02-16 20:39:15,075 [simulator_env.py | 175] INFO: Get 15 unallocated orders, 9 ongoing orders, 583 completed orders.
2022-02-16 20:39:16,786 [simulator_env.py | 100] INFO: Finish the dispatch.
2022-02-16 20:39:16,788 [simulator_env.py | 278] INFO: 2022-02-16 13:30:00, Order 13201800592: state = 1 < 2, we can not finish the simulation
2022-02-16 20:39:16,789 [simulator_env.py | 87] INFO: **************************************************
2022-02-16 20:39:16,789 [simulator_env.py | 91] INFO: cur time: 2022-02-16 13:40:00, pre time: 2022-02-16 13:30:00
2022-02-16 20:39:16,789 [simulator_env.py | 147] INFO: Start to update the input of 2022-02-16 13:40:00
2022-02-16 20:39:16,795 [simulator_env.py | 175] INFO: Get 12 unallocated orders, 12 ongoing orders, 595 completed orders.
2022-02-16 20:39:18,505 [simulator_env.py | 100] INFO: Finish the dispatch.
2022-02-16 20:39:18,509 [simulator_env.py | 278] INFO: 2022-02-16 13:40:00, Order 13301300607: state = 1 < 2, we can not finish the simulation
2022-02-16 20:39:18,510 [simulator_env.py | 87] INFO: **************************************************
2022-02-16 20:39:18,510 [simulator_env.py | 91] INFO: cur time: 2022-02-16 13:50:00, pre time: 2022-02-16 13:40:00
2022-02-16 20:39:18,510 [simulator_env.py | 147] INFO: Start to update the input of 2022-02-16 13:50:00
2022-02-16 20:39:18,516 [simulator_env.py | 175] INFO: Get 9 unallocated orders, 10 ongoing orders, 609 completed orders.
2022-02-16 20:39:20,481 [simulator_env.py | 100] INFO: Finish the dispatch.
2022-02-16 20:39:20,484 [simulator_env.py | 278] INFO: 2022-02-16 13:50:00, Order 13404300619: state = 1 < 2, we can not finish the simulation
2022-02-16 20:39:20,485 [simulator_env.py | 87] INFO: **************************************************
2022-02-16 20:39:20,485 [simulator_env.py | 91] INFO: cur time: 2022-02-16 14:00:00, pre time: 2022-02-16 13:50:00
2022-02-16 20:39:20,485 [simulator_env.py | 147] INFO: Start to update the input of 2022-02-16 14:00:00
2022-02-16 20:39:20,490 [simulator_env.py | 175] INFO: Get 9 unallocated orders, 5 ongoing orders, 623 completed orders.
2022-02-16 20:39:22,207 [simulator_env.py | 100] INFO: Finish the dispatch.
2022-02-16 20:39:22,209 [simulator_env.py | 278] INFO: 2022-02-16 14:00:00, Order 13522900628: state = 1 < 2, we can not finish the simulation
2022-02-16 20:39:22,210 [simulator_env.py | 87] INFO: **************************************************
2022-02-16 20:39:22,210 [simulator_env.py | 91] INFO: cur time: 2022-02-16 14:10:00, pre time: 2022-02-16 14:00:00
2022-02-16 20:39:22,210 [simulator_env.py | 147] INFO: Start to update the input of 2022-02-16 14:10:00
2022-02-16 20:39:22,215 [simulator_env.py | 175] INFO: Get 8 unallocated orders, 7 ongoing orders, 630 completed orders.
2022-02-16 20:39:23,911 [simulator_env.py | 100] INFO: Finish the dispatch.
2022-02-16 20:39:23,913 [simulator_env.py | 278] INFO: 2022-02-16 14:10:00, Order 14003200637: state = 1 < 2, we can not finish the simulation
2022-02-16 20:39:23,913 [simulator_env.py | 87] INFO: **************************************************
2022-02-16 20:39:23,914 [simulator_env.py | 91] INFO: cur time: 2022-02-16 14:20:00, pre time: 2022-02-16 14:10:00
2022-02-16 20:39:23,914 [simulator_env.py | 147] INFO: Start to update the input of 2022-02-16 14:20:00
2022-02-16 20:39:23,919 [simulator_env.py | 175] INFO: Get 12 unallocated orders, 4 ongoing orders, 641 completed orders.
2022-02-16 20:39:25,667 [simulator_env.py | 100] INFO: Finish the dispatch.
2022-02-16 20:39:25,670 [simulator_env.py | 278] INFO: 2022-02-16 14:20:00, Order 14110200645: state = 1 < 2, we can not finish the simulation
2022-02-16 20:39:25,671 [simulator_env.py | 87] INFO: **************************************************
2022-02-16 20:39:25,671 [simulator_env.py | 91] INFO: cur time: 2022-02-16 14:30:00, pre time: 2022-02-16 14:20:00
2022-02-16 20:39:25,671 [simulator_env.py | 147] INFO: Start to update the input of 2022-02-16 14:30:00
2022-02-16 20:39:25,677 [simulator_env.py | 175] INFO: Get 12 unallocated orders, 5 ongoing orders, 652 completed orders.
2022-02-16 20:39:27,328 [simulator_env.py | 100] INFO: Finish the dispatch.
2022-02-16 20:39:27,330 [simulator_env.py | 278] INFO: 2022-02-16 14:30:00, Order 14220100657: state = 1 < 2, we can not finish the simulation
2022-02-16 20:39:27,331 [simulator_env.py | 87] INFO: **************************************************
2022-02-16 20:39:27,331 [simulator_env.py | 91] INFO: cur time: 2022-02-16 14:40:00, pre time: 2022-02-16 14:30:00
2022-02-16 20:39:27,331 [simulator_env.py | 147] INFO: Start to update the input of 2022-02-16 14:40:00
2022-02-16 20:39:27,338 [simulator_env.py | 175] INFO: Get 14 unallocated orders, 11 ongoing orders, 658 completed orders.
2022-02-16 20:39:29,194 [simulator_env.py | 100] INFO: Finish the dispatch.
2022-02-16 20:39:29,196 [simulator_env.py | 278] INFO: 2022-02-16 14:40:00, Order 14305200669: state = 1 < 2, we can not finish the simulation
2022-02-16 20:39:29,197 [simulator_env.py | 87] INFO: **************************************************
2022-02-16 20:39:29,197 [simulator_env.py | 91] INFO: cur time: 2022-02-16 14:50:00, pre time: 2022-02-16 14:40:00
2022-02-16 20:39:29,197 [simulator_env.py | 147] INFO: Start to update the input of 2022-02-16 14:50:00
2022-02-16 20:39:29,204 [simulator_env.py | 175] INFO: Get 7 unallocated orders, 9 ongoing orders, 674 completed orders.
2022-02-16 20:39:31,074 [simulator_env.py | 100] INFO: Finish the dispatch.
2022-02-16 20:39:31,077 [simulator_env.py | 278] INFO: 2022-02-16 14:50:00, Order 14403100683: state = 1 < 2, we can not finish the simulation
2022-02-16 20:39:31,078 [simulator_env.py | 87] INFO: **************************************************
2022-02-16 20:39:31,079 [simulator_env.py | 91] INFO: cur time: 2022-02-16 15:00:00, pre time: 2022-02-16 14:50:00
2022-02-16 20:39:31,079 [simulator_env.py | 147] INFO: Start to update the input of 2022-02-16 15:00:00
2022-02-16 20:39:31,085 [simulator_env.py | 175] INFO: Get 9 unallocated orders, 4 ongoing orders, 686 completed orders.
2022-02-16 20:39:32,901 [simulator_env.py | 100] INFO: Finish the dispatch.
2022-02-16 20:39:32,902 [simulator_env.py | 278] INFO: 2022-02-16 15:00:00, Order 14514900690: state = 1 < 2, we can not finish the simulation
2022-02-16 20:39:32,903 [simulator_env.py | 87] INFO: **************************************************
2022-02-16 20:39:32,903 [simulator_env.py | 91] INFO: cur time: 2022-02-16 15:10:00, pre time: 2022-02-16 15:00:00
2022-02-16 20:39:32,903 [simulator_env.py | 147] INFO: Start to update the input of 2022-02-16 15:10:00
2022-02-16 20:39:32,907 [simulator_env.py | 175] INFO: Get 0 unallocated orders, 6 ongoing orders, 693 completed orders.
2022-02-16 20:39:34,656 [simulator_env.py | 100] INFO: Finish the dispatch.
2022-02-16 20:39:34,658 [simulator_env.py | 281] INFO: 2022-02-16 15:10:00, the status of all orders is greater than 1, we could finish the simulation
2022-02-16 20:39:34,662 [simulator_env.py | 124] INFO: finished the left ongoing orders
2022-02-16 20:39:34,663 [evaluator.py    | 116] INFO: Traveling Distance of driver D_1 is  41.420, visited node list: 15
2022-02-16 20:39:34,664 [evaluator.py    | 116] INFO: Traveling Distance of driver D_2 is  59.500, visited node list: 22
2022-02-16 20:39:34,665 [evaluator.py    | 116] INFO: Traveling Distance of driver D_3 is  109.340, visited node list: 43
2022-02-16 20:39:34,666 [evaluator.py    | 116] INFO: Traveling Distance of driver D_4 is  119.080, visited node list: 44
2022-02-16 20:39:34,667 [evaluator.py    | 116] INFO: Traveling Distance of driver D_5 is  121.840, visited node list: 45
2022-02-16 20:39:34,668 [evaluator.py    | 116] INFO: Traveling Distance of driver D_6 is  101.930, visited node list: 42
2022-02-16 20:39:34,668 [evaluator.py    | 116] INFO: Traveling Distance of driver D_7 is  111.350, visited node list: 36
2022-02-16 20:39:34,669 [evaluator.py    | 116] INFO: Traveling Distance of driver D_8 is  112.930, visited node list: 46
2022-02-16 20:39:34,669 [evaluator.py    | 116] INFO: Traveling Distance of driver D_9 is  119.530, visited node list: 41
2022-02-16 20:39:34,670 [evaluator.py    | 116] INFO: Traveling Distance of driver D_10 is  111.480, visited node list: 44
2022-02-16 20:39:34,671 [evaluator.py    | 116] INFO: Traveling Distance of driver D_11 is  112.250, visited node list: 42
2022-02-16 20:39:34,671 [evaluator.py    | 116] INFO: Traveling Distance of driver D_12 is  115.290, visited node list: 39
2022-02-16 20:39:34,672 [evaluator.py    | 116] INFO: Traveling Distance of driver D_13 is  101.590, visited node list: 36
2022-02-16 20:39:34,673 [evaluator.py    | 116] INFO: Traveling Distance of driver D_14 is  110.490, visited node list: 41
2022-02-16 20:39:34,673 [evaluator.py    | 116] INFO: Traveling Distance of driver D_15 is  114.020, visited node list: 41
2022-02-16 20:39:34,673 [evaluator.py    | 116] INFO: Traveling Distance of driver D_16 is  111.120, visited node list: 45
2022-02-16 20:39:34,674 [evaluator.py    | 116] INFO: Traveling Distance of driver D_17 is  95.640, visited node list: 41
2022-02-16 20:39:34,675 [evaluator.py    | 116] INFO: Traveling Distance of driver D_18 is  97.440, visited node list: 39
2022-02-16 20:39:34,675 [evaluator.py    | 116] INFO: Traveling Distance of driver D_19 is  95.960, visited node list: 41
2022-02-16 20:39:34,676 [evaluator.py    | 116] INFO: Traveling Distance of driver D_20 is  91.940, visited node list: 36
2022-02-16 20:39:34,676 [evaluator.py    | 116] INFO: Traveling Distance of driver D_21 is  74.080, visited node list: 25
2022-02-16 20:39:34,676 [evaluator.py    | 116] INFO: Traveling Distance of driver D_22 is  88.450, visited node list: 31
2022-02-16 20:39:34,677 [evaluator.py    | 116] INFO: Traveling Distance of driver D_23 is  78.860, visited node list: 31
2022-02-16 20:39:34,677 [evaluator.py    | 116] INFO: Traveling Distance of driver D_24 is  83.380, visited node list: 32
2022-02-16 20:39:34,677 [evaluator.py    | 116] INFO: Traveling Distance of driver D_25 is  81.110, visited node list: 32
2022-02-16 20:39:34,678 [evaluator.py    | 116] INFO: Traveling Distance of driver D_26 is  84.900, visited node list: 29
2022-02-16 20:39:34,678 [evaluator.py    | 116] INFO: Traveling Distance of driver D_27 is  79.300, visited node list: 28
2022-02-16 20:39:34,678 [evaluator.py    | 116] INFO: Traveling Distance of driver D_28 is  76.030, visited node list: 31
2022-02-16 20:39:34,678 [evaluator.py    | 116] INFO: Traveling Distance of driver D_29 is  53.730, visited node list: 21
2022-02-16 20:39:34,679 [evaluator.py    | 116] INFO: Traveling Distance of driver D_30 is  75.560, visited node list: 29
2022-02-16 20:39:34,679 [evaluator.py    | 116] INFO: Traveling Distance of driver D_31 is  53.500, visited node list: 21
2022-02-16 20:39:34,679 [evaluator.py    | 116] INFO: Traveling Distance of driver D_32 is  59.350, visited node list: 24
2022-02-16 20:39:34,679 [evaluator.py    | 116] INFO: Traveling Distance of driver D_33 is  49.800, visited node list: 18
2022-02-16 20:39:34,680 [evaluator.py    | 116] INFO: Traveling Distance of driver D_34 is  57.380, visited node list: 23
2022-02-16 20:39:34,680 [evaluator.py    | 116] INFO: Traveling Distance of driver D_35 is  45.750, visited node list: 18
2022-02-16 20:39:34,681 [evaluator.py    | 116] INFO: Traveling Distance of driver D_36 is  54.250, visited node list: 23
2022-02-16 20:39:34,681 [evaluator.py    | 116] INFO: Traveling Distance of driver D_37 is  54.780, visited node list: 21
2022-02-16 20:39:34,681 [evaluator.py    | 116] INFO: Traveling Distance of driver D_38 is  36.250, visited node list: 14
2022-02-16 20:39:34,681 [evaluator.py    | 116] INFO: Traveling Distance of driver D_39 is  32.580, visited node list: 12
2022-02-16 20:39:34,681 [evaluator.py    | 116] INFO: Traveling Distance of driver D_40 is  33.550, visited node list: 15
2022-02-16 20:39:34,681 [evaluator.py    | 116] INFO: Traveling Distance of driver D_41 is  39.750, visited node list: 16
2022-02-16 20:39:34,682 [evaluator.py    | 116] INFO: Traveling Distance of driver D_42 is  48.140, visited node list: 17
2022-02-16 20:39:34,682 [evaluator.py    | 116] INFO: Traveling Distance of driver D_43 is  30.210, visited node list: 13
2022-02-16 20:39:34,682 [evaluator.py    | 116] INFO: Traveling Distance of driver D_44 is  30.430, visited node list: 12
2022-02-16 20:39:34,682 [evaluator.py    | 116] INFO: Traveling Distance of driver D_45 is  29.530, visited node list: 11
2022-02-16 20:39:34,682 [evaluator.py    | 116] INFO: Traveling Distance of driver D_46 is  24.170, visited node list: 11
2022-02-16 20:39:34,682 [evaluator.py    | 116] INFO: Traveling Distance of driver D_47 is  33.960, visited node list: 10
2022-02-16 20:39:34,683 [evaluator.py    | 116] INFO: Traveling Distance of driver D_48 is  30.700, visited node list: 13
2022-02-16 20:39:34,683 [evaluator.py    | 116] INFO: Traveling Distance of driver D_49 is  29.180, visited node list: 13
2022-02-16 20:39:34,683 [evaluator.py    | 116] INFO: Traveling Distance of driver D_50 is  42.980, visited node list: 15
2022-02-16 20:39:34,684 [evaluator.py    | 116] INFO: Traveling Distance of driver D_51 is  19.650, visited node list: 8
2022-02-16 20:39:34,684 [evaluator.py    | 116] INFO: Traveling Distance of driver D_52 is  23.120, visited node list: 11
2022-02-16 20:39:34,684 [evaluator.py    | 116] INFO: Traveling Distance of driver D_53 is  16.490, visited node list: 10
2022-02-16 20:39:34,684 [evaluator.py    | 116] INFO: Traveling Distance of driver D_54 is  16.070, visited node list: 7
2022-02-16 20:39:34,684 [evaluator.py    | 116] INFO: Traveling Distance of driver D_55 is  17.350, visited node list: 7
2022-02-16 20:39:34,684 [evaluator.py    | 18] INFO: Total distance:  3738.460
2022-02-16 20:39:34,747 [evaluator.py    | 22] INFO: Sum over time:  0.000
2022-02-16 20:39:34,747 [evaluator.py    | 26] INFO: Total score:  67.972
2022-02-16 20:39:34,848 [main.py         | 43] INFO: Score of instance_39: 67.97200000000001
