2022-02-16 20:25:44,094 [main.py         | 38] INFO: Start to run /Users/yangjingfeng/Library/CloudStorage/OneDrive-Personal/Public/PhD Study/Papers/Food_Delivery/Code/Food_delivery_simulator/Benchmark/Instance_small: instance_28
2022-02-16 20:25:44,095 [simulator_api.py | 43] INFO: Start time of the simulator: 2022-02-16 09:00:00, time interval:  600.00
2022-02-16 20:25:44,300 [input_utils.py  | 35] INFO: Get 1158 locations
2022-02-16 20:25:44,311 [input_utils.py  | 39] INFO: Get 40 drivers
2022-02-16 20:25:44,686 [input_utils.py  | 43] INFO: Get 650 orders
2022-02-16 20:25:44,687 [simulator_api.py | 75] INFO: Initial position of D_1 is Bukit Timah Market & Food Centre
2022-02-16 20:25:44,687 [simulator_api.py | 75] INFO: Initial position of D_2 is Bukit Timah Market & Food Centre
2022-02-16 20:25:44,687 [simulator_api.py | 75] INFO: Initial position of D_3 is Ghim Moh Market & Food Centre
2022-02-16 20:25:44,687 [simulator_api.py | 75] INFO: Initial position of D_4 is Bukit Timah Market & Food Centre
2022-02-16 20:25:44,687 [simulator_api.py | 75] INFO: Initial position of D_5 is Alexandra Village Food Centre
2022-02-16 20:25:44,687 [simulator_api.py | 75] INFO: Initial position of D_6 is Bukit Timah Market & Food Centre
2022-02-16 20:25:44,688 [simulator_api.py | 75] INFO: Initial position of D_7 is Bukit Timah Market & Food Centre
2022-02-16 20:25:44,688 [simulator_api.py | 75] INFO: Initial position of D_8 is Bukit Timah Market & Food Centre
2022-02-16 20:25:44,688 [simulator_api.py | 75] INFO: Initial position of D_9 is Bukit Timah Market & Food Centre
2022-02-16 20:25:44,688 [simulator_api.py | 75] INFO: Initial position of D_10 is Bukit Timah Market & Food Centre
2022-02-16 20:25:44,688 [simulator_api.py | 75] INFO: Initial position of D_11 is Alexandra Village Food Centre
2022-02-16 20:25:44,688 [simulator_api.py | 75] INFO: Initial position of D_12 is Ghim Moh Market & Food Centre
2022-02-16 20:25:44,688 [simulator_api.py | 75] INFO: Initial position of D_13 is Alexandra Village Food Centre
2022-02-16 20:25:44,688 [simulator_api.py | 75] INFO: Initial position of D_14 is Ghim Moh Market & Food Centre
2022-02-16 20:25:44,688 [simulator_api.py | 75] INFO: Initial position of D_15 is Bukit Timah Market & Food Centre
2022-02-16 20:25:44,688 [simulator_api.py | 75] INFO: Initial position of D_16 is Ghim Moh Market & Food Centre
2022-02-16 20:25:44,688 [simulator_api.py | 75] INFO: Initial position of D_17 is Ghim Moh Market & Food Centre
2022-02-16 20:25:44,688 [simulator_api.py | 75] INFO: Initial position of D_18 is Alexandra Village Food Centre
2022-02-16 20:25:44,688 [simulator_api.py | 75] INFO: Initial position of D_19 is Bukit Timah Market & Food Centre
2022-02-16 20:25:44,688 [simulator_api.py | 75] INFO: Initial position of D_20 is Alexandra Village Food Centre
2022-02-16 20:25:44,689 [simulator_api.py | 75] INFO: Initial position of D_21 is Alexandra Village Food Centre
2022-02-16 20:25:44,689 [simulator_api.py | 75] INFO: Initial position of D_22 is Alexandra Village Food Centre
2022-02-16 20:25:44,689 [simulator_api.py | 75] INFO: Initial position of D_23 is Ghim Moh Market & Food Centre
2022-02-16 20:25:44,689 [simulator_api.py | 75] INFO: Initial position of D_24 is Bukit Timah Market & Food Centre
2022-02-16 20:25:44,689 [simulator_api.py | 75] INFO: Initial position of D_25 is Ghim Moh Market & Food Centre
2022-02-16 20:25:44,689 [simulator_api.py | 75] INFO: Initial position of D_26 is Alexandra Village Food Centre
2022-02-16 20:25:44,689 [simulator_api.py | 75] INFO: Initial position of D_27 is Ghim Moh Market & Food Centre
2022-02-16 20:25:44,689 [simulator_api.py | 75] INFO: Initial position of D_28 is Alexandra Village Food Centre
2022-02-16 20:25:44,689 [simulator_api.py | 75] INFO: Initial position of D_29 is Bukit Timah Market & Food Centre
2022-02-16 20:25:44,689 [simulator_api.py | 75] INFO: Initial position of D_30 is Bukit Timah Market & Food Centre
2022-02-16 20:25:44,690 [simulator_api.py | 75] INFO: Initial position of D_31 is Alexandra Village Food Centre
2022-02-16 20:25:44,690 [simulator_api.py | 75] INFO: Initial position of D_32 is Ghim Moh Market & Food Centre
2022-02-16 20:25:44,690 [simulator_api.py | 75] INFO: Initial position of D_33 is Bukit Timah Market & Food Centre
2022-02-16 20:25:44,690 [simulator_api.py | 75] INFO: Initial position of D_34 is Bukit Timah Market & Food Centre
2022-02-16 20:25:44,690 [simulator_api.py | 75] INFO: Initial position of D_35 is Bukit Timah Market & Food Centre
2022-02-16 20:25:44,690 [simulator_api.py | 75] INFO: Initial position of D_36 is Alexandra Village Food Centre
2022-02-16 20:25:44,690 [simulator_api.py | 75] INFO: Initial position of D_37 is Alexandra Village Food Centre
2022-02-16 20:25:44,690 [simulator_api.py | 75] INFO: Initial position of D_38 is Ghim Moh Market & Food Centre
2022-02-16 20:25:44,691 [simulator_api.py | 75] INFO: Initial position of D_39 is Alexandra Village Food Centre
2022-02-16 20:25:44,691 [simulator_api.py | 75] INFO: Initial position of D_40 is Bukit Timah Market & Food Centre
2022-02-16 20:25:44,700 [simulator_env.py | 87] INFO: **************************************************
2022-02-16 20:25:44,700 [simulator_env.py | 91] INFO: cur time: 2022-02-16 09:10:00, pre time: 2022-02-16 09:00:00
2022-02-16 20:25:44,700 [simulator_env.py | 147] INFO: Start to update the input of 2022-02-16 09:10:00
2022-02-16 20:25:44,703 [simulator_env.py | 175] INFO: Get 15 unallocated orders, 0 ongoing orders, 0 completed orders.
2022-02-16 20:25:46,277 [simulator_env.py | 100] INFO: Finish the dispatch.
2022-02-16 20:25:46,278 [simulator_env.py | 278] INFO: 2022-02-16 09:10:00, Order 09000200000: state = 1 < 2, we can not finish the simulation
2022-02-16 20:25:46,278 [simulator_env.py | 87] INFO: **************************************************
2022-02-16 20:25:46,278 [simulator_env.py | 91] INFO: cur time: 2022-02-16 09:20:00, pre time: 2022-02-16 09:10:00
2022-02-16 20:25:46,278 [simulator_env.py | 147] INFO: Start to update the input of 2022-02-16 09:20:00
2022-02-16 20:25:46,283 [simulator_env.py | 175] INFO: Get 21 unallocated orders, 7 ongoing orders, 8 completed orders.
2022-02-16 20:25:47,661 [simulator_env.py | 100] INFO: Finish the dispatch.
2022-02-16 20:25:47,663 [simulator_env.py | 278] INFO: 2022-02-16 09:20:00, Order 09101800015: state = 1 < 2, we can not finish the simulation
2022-02-16 20:25:47,663 [simulator_env.py | 87] INFO: **************************************************
2022-02-16 20:25:47,664 [simulator_env.py | 91] INFO: cur time: 2022-02-16 09:30:00, pre time: 2022-02-16 09:20:00
2022-02-16 20:25:47,664 [simulator_env.py | 147] INFO: Start to update the input of 2022-02-16 09:30:00
2022-02-16 20:25:47,670 [simulator_env.py | 175] INFO: Get 13 unallocated orders, 9 ongoing orders, 27 completed orders.
2022-02-16 20:25:49,002 [simulator_env.py | 100] INFO: Finish the dispatch.
2022-02-16 20:25:49,003 [simulator_env.py | 278] INFO: 2022-02-16 09:30:00, Order 09203400036: state = 1 < 2, we can not finish the simulation
2022-02-16 20:25:49,004 [simulator_env.py | 87] INFO: **************************************************
2022-02-16 20:25:49,004 [simulator_env.py | 91] INFO: cur time: 2022-02-16 09:40:00, pre time: 2022-02-16 09:30:00
2022-02-16 20:25:49,004 [simulator_env.py | 147] INFO: Start to update the input of 2022-02-16 09:40:00
2022-02-16 20:25:49,010 [simulator_env.py | 175] INFO: Get 23 unallocated orders, 8 ongoing orders, 41 completed orders.
2022-02-16 20:25:50,656 [simulator_env.py | 100] INFO: Finish the dispatch.
2022-02-16 20:25:50,658 [simulator_env.py | 278] INFO: 2022-02-16 09:40:00, Order 09301000049: state = 1 < 2, we can not finish the simulation
2022-02-16 20:25:50,658 [simulator_env.py | 87] INFO: **************************************************
2022-02-16 20:25:50,659 [simulator_env.py | 91] INFO: cur time: 2022-02-16 09:50:00, pre time: 2022-02-16 09:40:00
2022-02-16 20:25:50,659 [simulator_env.py | 147] INFO: Start to update the input of 2022-02-16 09:50:00
2022-02-16 20:25:50,665 [simulator_env.py | 175] INFO: Get 36 unallocated orders, 17 ongoing orders, 55 completed orders.
2022-02-16 20:25:52,055 [simulator_env.py | 100] INFO: Finish the dispatch.
2022-02-16 20:25:52,058 [simulator_env.py | 278] INFO: 2022-02-16 09:50:00, Order 09400400072: state = 1 < 2, we can not finish the simulation
2022-02-16 20:25:52,059 [simulator_env.py | 87] INFO: **************************************************
2022-02-16 20:25:52,059 [simulator_env.py | 91] INFO: cur time: 2022-02-16 10:00:00, pre time: 2022-02-16 09:50:00
2022-02-16 20:25:52,060 [simulator_env.py | 147] INFO: Start to update the input of 2022-02-16 10:00:00
2022-02-16 20:25:52,069 [simulator_env.py | 175] INFO: Get 27 unallocated orders, 23 ongoing orders, 77 completed orders.
2022-02-16 20:25:53,450 [simulator_env.py | 100] INFO: Finish the dispatch.
2022-02-16 20:25:53,452 [simulator_env.py | 278] INFO: 2022-02-16 10:00:00, Order 09453800092: state = 1 < 2, we can not finish the simulation
2022-02-16 20:25:53,453 [simulator_env.py | 87] INFO: **************************************************
2022-02-16 20:25:53,453 [simulator_env.py | 91] INFO: cur time: 2022-02-16 10:10:00, pre time: 2022-02-16 10:00:00
2022-02-16 20:25:53,453 [simulator_env.py | 147] INFO: Start to update the input of 2022-02-16 10:10:00
2022-02-16 20:25:53,458 [simulator_env.py | 175] INFO: Get 34 unallocated orders, 17 ongoing orders, 107 completed orders.
2022-02-16 20:25:54,891 [simulator_env.py | 100] INFO: Finish the dispatch.
2022-02-16 20:25:54,894 [simulator_env.py | 278] INFO: 2022-02-16 10:10:00, Order 09561600119: state = 1 < 2, we can not finish the simulation
2022-02-16 20:25:54,895 [simulator_env.py | 87] INFO: **************************************************
2022-02-16 20:25:54,895 [simulator_env.py | 91] INFO: cur time: 2022-02-16 10:20:00, pre time: 2022-02-16 10:10:00
2022-02-16 20:25:54,895 [simulator_env.py | 147] INFO: Start to update the input of 2022-02-16 10:20:00
2022-02-16 20:25:54,906 [simulator_env.py | 175] INFO: Get 31 unallocated orders, 23 ongoing orders, 133 completed orders.
2022-02-16 20:25:56,297 [simulator_env.py | 100] INFO: Finish the dispatch.
2022-02-16 20:25:56,300 [simulator_env.py | 278] INFO: 2022-02-16 10:20:00, Order 10062000146: state = 1 < 2, we can not finish the simulation
2022-02-16 20:25:56,302 [simulator_env.py | 87] INFO: **************************************************
2022-02-16 20:25:56,302 [simulator_env.py | 91] INFO: cur time: 2022-02-16 10:30:00, pre time: 2022-02-16 10:20:00
2022-02-16 20:25:56,302 [simulator_env.py | 147] INFO: Start to update the input of 2022-02-16 10:30:00
2022-02-16 20:25:56,310 [simulator_env.py | 175] INFO: Get 27 unallocated orders, 19 ongoing orders, 159 completed orders.
2022-02-16 20:25:57,784 [simulator_env.py | 100] INFO: Finish the dispatch.
2022-02-16 20:25:57,787 [simulator_env.py | 278] INFO: 2022-02-16 10:30:00, Order 10170500173: state = 1 < 2, we can not finish the simulation
2022-02-16 20:25:57,789 [simulator_env.py | 87] INFO: **************************************************
2022-02-16 20:25:57,789 [simulator_env.py | 91] INFO: cur time: 2022-02-16 10:40:00, pre time: 2022-02-16 10:30:00
2022-02-16 20:25:57,789 [simulator_env.py | 147] INFO: Start to update the input of 2022-02-16 10:40:00
2022-02-16 20:25:57,796 [simulator_env.py | 175] INFO: Get 31 unallocated orders, 15 ongoing orders, 188 completed orders.
2022-02-16 20:25:59,266 [simulator_env.py | 100] INFO: Finish the dispatch.
2022-02-16 20:25:59,269 [simulator_env.py | 278] INFO: 2022-02-16 10:40:00, Order 10274700203: state = 1 < 2, we can not finish the simulation
2022-02-16 20:25:59,270 [simulator_env.py | 87] INFO: **************************************************
2022-02-16 20:25:59,270 [simulator_env.py | 91] INFO: cur time: 2022-02-16 10:50:00, pre time: 2022-02-16 10:40:00
2022-02-16 20:25:59,270 [simulator_env.py | 147] INFO: Start to update the input of 2022-02-16 10:50:00
2022-02-16 20:25:59,279 [simulator_env.py | 175] INFO: Get 28 unallocated orders, 24 ongoing orders, 208 completed orders.
2022-02-16 20:26:00,925 [simulator_env.py | 100] INFO: Finish the dispatch.
2022-02-16 20:26:00,928 [simulator_env.py | 278] INFO: 2022-02-16 10:50:00, Order 10371600230: state = 1 < 2, we can not finish the simulation
2022-02-16 20:26:00,929 [simulator_env.py | 87] INFO: **************************************************
2022-02-16 20:26:00,929 [simulator_env.py | 91] INFO: cur time: 2022-02-16 11:00:00, pre time: 2022-02-16 10:50:00
2022-02-16 20:26:00,929 [simulator_env.py | 147] INFO: Start to update the input of 2022-02-16 11:00:00
2022-02-16 20:26:00,935 [simulator_env.py | 175] INFO: Get 33 unallocated orders, 23 ongoing orders, 235 completed orders.
2022-02-16 20:26:02,259 [simulator_env.py | 100] INFO: Finish the dispatch.
2022-02-16 20:26:02,262 [simulator_env.py | 278] INFO: 2022-02-16 11:00:00, Order 10455500249: state = 1 < 2, we can not finish the simulation
2022-02-16 20:26:02,263 [simulator_env.py | 87] INFO: **************************************************
2022-02-16 20:26:02,264 [simulator_env.py | 91] INFO: cur time: 2022-02-16 11:10:00, pre time: 2022-02-16 11:00:00
2022-02-16 20:26:02,264 [simulator_env.py | 147] INFO: Start to update the input of 2022-02-16 11:10:00
2022-02-16 20:26:02,271 [simulator_env.py | 175] INFO: Get 31 unallocated orders, 24 ongoing orders, 262 completed orders.
2022-02-16 20:26:03,768 [simulator_env.py | 100] INFO: Finish the dispatch.
2022-02-16 20:26:03,770 [simulator_env.py | 278] INFO: 2022-02-16 11:10:00, Order 10534700275: state = 1 < 2, we can not finish the simulation
2022-02-16 20:26:03,771 [simulator_env.py | 87] INFO: **************************************************
2022-02-16 20:26:03,771 [simulator_env.py | 91] INFO: cur time: 2022-02-16 11:20:00, pre time: 2022-02-16 11:10:00
2022-02-16 20:26:03,771 [simulator_env.py | 147] INFO: Start to update the input of 2022-02-16 11:20:00
2022-02-16 20:26:03,779 [simulator_env.py | 175] INFO: Get 40 unallocated orders, 18 ongoing orders, 291 completed orders.
2022-02-16 20:26:05,339 [simulator_env.py | 100] INFO: Finish the dispatch.
2022-02-16 20:26:05,342 [simulator_env.py | 278] INFO: 2022-02-16 11:20:00, Order 11045900303: state = 1 < 2, we can not finish the simulation
2022-02-16 20:26:05,342 [simulator_env.py | 87] INFO: **************************************************
2022-02-16 20:26:05,343 [simulator_env.py | 91] INFO: cur time: 2022-02-16 11:30:00, pre time: 2022-02-16 11:20:00
2022-02-16 20:26:05,343 [simulator_env.py | 147] INFO: Start to update the input of 2022-02-16 11:30:00
2022-02-16 20:26:05,353 [simulator_env.py | 175] INFO: Get 31 unallocated orders, 25 ongoing orders, 317 completed orders.
2022-02-16 20:26:06,797 [simulator_env.py | 100] INFO: Finish the dispatch.
2022-02-16 20:26:06,801 [simulator_env.py | 278] INFO: 2022-02-16 11:30:00, Order 11115100329: state = 1 < 2, we can not finish the simulation
2022-02-16 20:26:06,802 [simulator_env.py | 87] INFO: **************************************************
2022-02-16 20:26:06,802 [simulator_env.py | 91] INFO: cur time: 2022-02-16 11:40:00, pre time: 2022-02-16 11:30:00
2022-02-16 20:26:06,802 [simulator_env.py | 147] INFO: Start to update the input of 2022-02-16 11:40:00
2022-02-16 20:26:06,810 [simulator_env.py | 175] INFO: Get 31 unallocated orders, 19 ongoing orders, 346 completed orders.
2022-02-16 20:26:08,253 [simulator_env.py | 100] INFO: Finish the dispatch.
2022-02-16 20:26:08,256 [simulator_env.py | 278] INFO: 2022-02-16 11:40:00, Order 11243100356: state = 1 < 2, we can not finish the simulation
2022-02-16 20:26:08,257 [simulator_env.py | 87] INFO: **************************************************
2022-02-16 20:26:08,258 [simulator_env.py | 91] INFO: cur time: 2022-02-16 11:50:00, pre time: 2022-02-16 11:40:00
2022-02-16 20:26:08,258 [simulator_env.py | 147] INFO: Start to update the input of 2022-02-16 11:50:00
2022-02-16 20:26:08,266 [simulator_env.py | 175] INFO: Get 30 unallocated orders, 15 ongoing orders, 375 completed orders.
2022-02-16 20:26:09,659 [simulator_env.py | 100] INFO: Finish the dispatch.
2022-02-16 20:26:09,662 [simulator_env.py | 278] INFO: 2022-02-16 11:50:00, Order 11351100387: state = 1 < 2, we can not finish the simulation
2022-02-16 20:26:09,663 [simulator_env.py | 87] INFO: **************************************************
2022-02-16 20:26:09,663 [simulator_env.py | 91] INFO: cur time: 2022-02-16 12:00:00, pre time: 2022-02-16 11:50:00
2022-02-16 20:26:09,663 [simulator_env.py | 147] INFO: Start to update the input of 2022-02-16 12:00:00
2022-02-16 20:26:09,669 [simulator_env.py | 175] INFO: Get 29 unallocated orders, 20 ongoing orders, 398 completed orders.
2022-02-16 20:26:11,260 [simulator_env.py | 100] INFO: Finish the dispatch.
2022-02-16 20:26:11,262 [simulator_env.py | 278] INFO: 2022-02-16 12:00:00, Order 11485100416: state = 1 < 2, we can not finish the simulation
2022-02-16 20:26:11,263 [simulator_env.py | 87] INFO: **************************************************
2022-02-16 20:26:11,263 [simulator_env.py | 91] INFO: cur time: 2022-02-16 12:10:00, pre time: 2022-02-16 12:00:00
2022-02-16 20:26:11,263 [simulator_env.py | 147] INFO: Start to update the input of 2022-02-16 12:10:00
2022-02-16 20:26:11,270 [simulator_env.py | 175] INFO: Get 19 unallocated orders, 23 ongoing orders, 422 completed orders.
2022-02-16 20:26:12,765 [simulator_env.py | 100] INFO: Finish the dispatch.
2022-02-16 20:26:12,768 [simulator_env.py | 278] INFO: 2022-02-16 12:10:00, Order 11585700445: state = 1 < 2, we can not finish the simulation
2022-02-16 20:26:12,769 [simulator_env.py | 87] INFO: **************************************************
2022-02-16 20:26:12,769 [simulator_env.py | 91] INFO: cur time: 2022-02-16 12:20:00, pre time: 2022-02-16 12:10:00
2022-02-16 20:26:12,769 [simulator_env.py | 147] INFO: Start to update the input of 2022-02-16 12:20:00
2022-02-16 20:26:12,774 [simulator_env.py | 175] INFO: Get 16 unallocated orders, 17 ongoing orders, 446 completed orders.
2022-02-16 20:26:14,116 [simulator_env.py | 100] INFO: Finish the dispatch.
2022-02-16 20:26:14,120 [simulator_env.py | 278] INFO: 2022-02-16 12:20:00, Order 12073300460: state = 1 < 2, we can not finish the simulation
2022-02-16 20:26:14,120 [simulator_env.py | 87] INFO: **************************************************
2022-02-16 20:26:14,121 [simulator_env.py | 91] INFO: cur time: 2022-02-16 12:30:00, pre time: 2022-02-16 12:20:00
2022-02-16 20:26:14,121 [simulator_env.py | 147] INFO: Start to update the input of 2022-02-16 12:30:00
2022-02-16 20:26:14,125 [simulator_env.py | 175] INFO: Get 15 unallocated orders, 13 ongoing orders, 466 completed orders.
2022-02-16 20:26:15,654 [simulator_env.py | 100] INFO: Finish the dispatch.
2022-02-16 20:26:15,656 [simulator_env.py | 278] INFO: 2022-02-16 12:30:00, Order 12200600479: state = 1 < 2, we can not finish the simulation
2022-02-16 20:26:15,657 [simulator_env.py | 87] INFO: **************************************************
2022-02-16 20:26:15,657 [simulator_env.py | 91] INFO: cur time: 2022-02-16 12:40:00, pre time: 2022-02-16 12:30:00
2022-02-16 20:26:15,657 [simulator_env.py | 147] INFO: Start to update the input of 2022-02-16 12:40:00
2022-02-16 20:26:15,663 [simulator_env.py | 175] INFO: Get 13 unallocated orders, 10 ongoing orders, 483 completed orders.
2022-02-16 20:26:17,086 [simulator_env.py | 100] INFO: Finish the dispatch.
2022-02-16 20:26:17,089 [simulator_env.py | 278] INFO: 2022-02-16 12:40:00, Order 12253500487: state = 1 < 2, we can not finish the simulation
2022-02-16 20:26:17,090 [simulator_env.py | 87] INFO: **************************************************
2022-02-16 20:26:17,090 [simulator_env.py | 91] INFO: cur time: 2022-02-16 12:50:00, pre time: 2022-02-16 12:40:00
2022-02-16 20:26:17,090 [simulator_env.py | 147] INFO: Start to update the input of 2022-02-16 12:50:00
2022-02-16 20:26:17,095 [simulator_env.py | 175] INFO: Get 17 unallocated orders, 7 ongoing orders, 499 completed orders.
2022-02-16 20:26:18,439 [simulator_env.py | 100] INFO: Finish the dispatch.
2022-02-16 20:26:18,441 [simulator_env.py | 278] INFO: 2022-02-16 12:50:00, Order 12421200506: state = 1 < 2, we can not finish the simulation
2022-02-16 20:26:18,441 [simulator_env.py | 87] INFO: **************************************************
2022-02-16 20:26:18,442 [simulator_env.py | 91] INFO: cur time: 2022-02-16 13:00:00, pre time: 2022-02-16 12:50:00
2022-02-16 20:26:18,442 [simulator_env.py | 147] INFO: Start to update the input of 2022-02-16 13:00:00
2022-02-16 20:26:18,447 [simulator_env.py | 175] INFO: Get 11 unallocated orders, 12 ongoing orders, 511 completed orders.
2022-02-16 20:26:19,890 [simulator_env.py | 100] INFO: Finish the dispatch.
2022-02-16 20:26:19,893 [simulator_env.py | 278] INFO: 2022-02-16 13:00:00, Order 12515900523: state = 1 < 2, we can not finish the simulation
2022-02-16 20:26:19,894 [simulator_env.py | 87] INFO: **************************************************
2022-02-16 20:26:19,895 [simulator_env.py | 91] INFO: cur time: 2022-02-16 13:10:00, pre time: 2022-02-16 13:00:00
2022-02-16 20:26:19,895 [simulator_env.py | 147] INFO: Start to update the input of 2022-02-16 13:10:00
2022-02-16 20:26:19,900 [simulator_env.py | 175] INFO: Get 10 unallocated orders, 8 ongoing orders, 526 completed orders.
2022-02-16 20:26:21,545 [simulator_env.py | 100] INFO: Finish the dispatch.
2022-02-16 20:26:21,547 [simulator_env.py | 278] INFO: 2022-02-16 13:10:00, Order 13005600534: state = 1 < 2, we can not finish the simulation
2022-02-16 20:26:21,547 [simulator_env.py | 87] INFO: **************************************************
2022-02-16 20:26:21,547 [simulator_env.py | 91] INFO: cur time: 2022-02-16 13:20:00, pre time: 2022-02-16 13:10:00
2022-02-16 20:26:21,547 [simulator_env.py | 147] INFO: Start to update the input of 2022-02-16 13:20:00
2022-02-16 20:26:21,551 [simulator_env.py | 175] INFO: Get 10 unallocated orders, 7 ongoing orders, 537 completed orders.
2022-02-16 20:26:23,455 [simulator_env.py | 100] INFO: Finish the dispatch.
2022-02-16 20:26:23,457 [simulator_env.py | 278] INFO: 2022-02-16 13:20:00, Order 13100200544: state = 1 < 2, we can not finish the simulation
2022-02-16 20:26:23,458 [simulator_env.py | 87] INFO: **************************************************
2022-02-16 20:26:23,458 [simulator_env.py | 91] INFO: cur time: 2022-02-16 13:30:00, pre time: 2022-02-16 13:20:00
2022-02-16 20:26:23,458 [simulator_env.py | 147] INFO: Start to update the input of 2022-02-16 13:30:00
2022-02-16 20:26:23,462 [simulator_env.py | 175] INFO: Get 10 unallocated orders, 8 ongoing orders, 546 completed orders.
2022-02-16 20:26:25,769 [simulator_env.py | 100] INFO: Finish the dispatch.
2022-02-16 20:26:25,772 [simulator_env.py | 278] INFO: 2022-02-16 13:30:00, Order 13205300554: state = 1 < 2, we can not finish the simulation
2022-02-16 20:26:25,772 [simulator_env.py | 87] INFO: **************************************************
2022-02-16 20:26:25,773 [simulator_env.py | 91] INFO: cur time: 2022-02-16 13:40:00, pre time: 2022-02-16 13:30:00
2022-02-16 20:26:25,773 [simulator_env.py | 147] INFO: Start to update the input of 2022-02-16 13:40:00
2022-02-16 20:26:25,777 [simulator_env.py | 175] INFO: Get 7 unallocated orders, 6 ongoing orders, 558 completed orders.
2022-02-16 20:26:27,165 [simulator_env.py | 100] INFO: Finish the dispatch.
2022-02-16 20:26:27,166 [simulator_env.py | 278] INFO: 2022-02-16 13:40:00, Order 13330900564: state = 1 < 2, we can not finish the simulation
2022-02-16 20:26:27,167 [simulator_env.py | 87] INFO: **************************************************
2022-02-16 20:26:27,167 [simulator_env.py | 91] INFO: cur time: 2022-02-16 13:50:00, pre time: 2022-02-16 13:40:00
2022-02-16 20:26:27,167 [simulator_env.py | 147] INFO: Start to update the input of 2022-02-16 13:50:00
2022-02-16 20:26:27,171 [simulator_env.py | 175] INFO: Get 8 unallocated orders, 5 ongoing orders, 566 completed orders.
2022-02-16 20:26:28,513 [simulator_env.py | 100] INFO: Finish the dispatch.
2022-02-16 20:26:28,514 [simulator_env.py | 278] INFO: 2022-02-16 13:50:00, Order 13400900571: state = 1 < 2, we can not finish the simulation
2022-02-16 20:26:28,515 [simulator_env.py | 87] INFO: **************************************************
2022-02-16 20:26:28,515 [simulator_env.py | 91] INFO: cur time: 2022-02-16 14:00:00, pre time: 2022-02-16 13:50:00
2022-02-16 20:26:28,515 [simulator_env.py | 147] INFO: Start to update the input of 2022-02-16 14:00:00
2022-02-16 20:26:28,520 [simulator_env.py | 175] INFO: Get 16 unallocated orders, 6 ongoing orders, 573 completed orders.
2022-02-16 20:26:29,963 [simulator_env.py | 100] INFO: Finish the dispatch.
2022-02-16 20:26:29,965 [simulator_env.py | 278] INFO: 2022-02-16 14:00:00, Order 13502700579: state = 1 < 2, we can not finish the simulation
2022-02-16 20:26:29,965 [simulator_env.py | 87] INFO: **************************************************
2022-02-16 20:26:29,966 [simulator_env.py | 91] INFO: cur time: 2022-02-16 14:10:00, pre time: 2022-02-16 14:00:00
2022-02-16 20:26:29,966 [simulator_env.py | 147] INFO: Start to update the input of 2022-02-16 14:10:00
2022-02-16 20:26:29,970 [simulator_env.py | 175] INFO: Get 9 unallocated orders, 10 ongoing orders, 584 completed orders.
2022-02-16 20:26:31,619 [simulator_env.py | 100] INFO: Finish the dispatch.
2022-02-16 20:26:31,621 [simulator_env.py | 278] INFO: 2022-02-16 14:10:00, Order 13511400580: state = 1 < 2, we can not finish the simulation
2022-02-16 20:26:31,621 [simulator_env.py | 87] INFO: **************************************************
2022-02-16 20:26:31,622 [simulator_env.py | 91] INFO: cur time: 2022-02-16 14:20:00, pre time: 2022-02-16 14:10:00
2022-02-16 20:26:31,622 [simulator_env.py | 147] INFO: Start to update the input of 2022-02-16 14:20:00
2022-02-16 20:26:31,626 [simulator_env.py | 175] INFO: Get 6 unallocated orders, 7 ongoing orders, 596 completed orders.
2022-02-16 20:26:33,209 [simulator_env.py | 100] INFO: Finish the dispatch.
2022-02-16 20:26:33,211 [simulator_env.py | 278] INFO: 2022-02-16 14:20:00, Order 14111300603: state = 1 < 2, we can not finish the simulation
2022-02-16 20:26:33,211 [simulator_env.py | 87] INFO: **************************************************
2022-02-16 20:26:33,212 [simulator_env.py | 91] INFO: cur time: 2022-02-16 14:30:00, pre time: 2022-02-16 14:20:00
2022-02-16 20:26:33,212 [simulator_env.py | 147] INFO: Start to update the input of 2022-02-16 14:30:00
2022-02-16 20:26:33,216 [simulator_env.py | 175] INFO: Get 9 unallocated orders, 5 ongoing orders, 604 completed orders.
2022-02-16 20:26:34,767 [simulator_env.py | 100] INFO: Finish the dispatch.
2022-02-16 20:26:34,769 [simulator_env.py | 278] INFO: 2022-02-16 14:30:00, Order 14201900609: state = 1 < 2, we can not finish the simulation
2022-02-16 20:26:34,770 [simulator_env.py | 87] INFO: **************************************************
2022-02-16 20:26:34,770 [simulator_env.py | 91] INFO: cur time: 2022-02-16 14:40:00, pre time: 2022-02-16 14:30:00
2022-02-16 20:26:34,770 [simulator_env.py | 147] INFO: Start to update the input of 2022-02-16 14:40:00
2022-02-16 20:26:34,776 [simulator_env.py | 175] INFO: Get 12 unallocated orders, 5 ongoing orders, 613 completed orders.
2022-02-16 20:26:36,160 [simulator_env.py | 100] INFO: Finish the dispatch.
2022-02-16 20:26:36,161 [simulator_env.py | 278] INFO: 2022-02-16 14:40:00, Order 14304700618: state = 1 < 2, we can not finish the simulation
2022-02-16 20:26:36,162 [simulator_env.py | 87] INFO: **************************************************
2022-02-16 20:26:36,163 [simulator_env.py | 91] INFO: cur time: 2022-02-16 14:50:00, pre time: 2022-02-16 14:40:00
2022-02-16 20:26:36,163 [simulator_env.py | 147] INFO: Start to update the input of 2022-02-16 14:50:00
2022-02-16 20:26:36,167 [simulator_env.py | 175] INFO: Get 10 unallocated orders, 9 ongoing orders, 621 completed orders.
2022-02-16 20:26:37,452 [simulator_env.py | 100] INFO: Finish the dispatch.
2022-02-16 20:26:37,455 [simulator_env.py | 278] INFO: 2022-02-16 14:50:00, Order 14422500630: state = 1 < 2, we can not finish the simulation
2022-02-16 20:26:37,456 [simulator_env.py | 87] INFO: **************************************************
2022-02-16 20:26:37,456 [simulator_env.py | 91] INFO: cur time: 2022-02-16 15:00:00, pre time: 2022-02-16 14:50:00
2022-02-16 20:26:37,456 [simulator_env.py | 147] INFO: Start to update the input of 2022-02-16 15:00:00
2022-02-16 20:26:37,469 [simulator_env.py | 175] INFO: Get 10 unallocated orders, 7 ongoing orders, 633 completed orders.
2022-02-16 20:26:38,686 [simulator_env.py | 100] INFO: Finish the dispatch.
2022-02-16 20:26:38,688 [simulator_env.py | 278] INFO: 2022-02-16 15:00:00, Order 14510500640: state = 1 < 2, we can not finish the simulation
2022-02-16 20:26:38,688 [simulator_env.py | 87] INFO: **************************************************
2022-02-16 20:26:38,688 [simulator_env.py | 91] INFO: cur time: 2022-02-16 15:10:00, pre time: 2022-02-16 15:00:00
2022-02-16 20:26:38,688 [simulator_env.py | 147] INFO: Start to update the input of 2022-02-16 15:10:00
2022-02-16 20:26:38,694 [simulator_env.py | 175] INFO: Get 0 unallocated orders, 8 ongoing orders, 642 completed orders.
2022-02-16 20:26:39,861 [simulator_env.py | 100] INFO: Finish the dispatch.
2022-02-16 20:26:39,862 [simulator_env.py | 281] INFO: 2022-02-16 15:10:00, the status of all orders is greater than 1, we could finish the simulation
2022-02-16 20:26:39,864 [simulator_env.py | 124] INFO: finished the left ongoing orders
2022-02-16 20:26:39,865 [evaluator.py    | 116] INFO: Traveling Distance of driver D_1 is  106.780, visited node list: 42
2022-02-16 20:26:39,865 [evaluator.py    | 116] INFO: Traveling Distance of driver D_2 is  122.240, visited node list: 46
2022-02-16 20:26:39,866 [evaluator.py    | 116] INFO: Traveling Distance of driver D_3 is  107.740, visited node list: 38
2022-02-16 20:26:39,867 [evaluator.py    | 116] INFO: Traveling Distance of driver D_4 is  123.100, visited node list: 51
2022-02-16 20:26:39,867 [evaluator.py    | 116] INFO: Traveling Distance of driver D_5 is  129.930, visited node list: 51
2022-02-16 20:26:39,868 [evaluator.py    | 116] INFO: Traveling Distance of driver D_6 is  120.640, visited node list: 42
2022-02-16 20:26:39,869 [evaluator.py    | 116] INFO: Traveling Distance of driver D_7 is  120.630, visited node list: 50
2022-02-16 20:26:39,870 [evaluator.py    | 116] INFO: Traveling Distance of driver D_8 is  119.980, visited node list: 42
2022-02-16 20:26:39,870 [evaluator.py    | 116] INFO: Traveling Distance of driver D_9 is  125.990, visited node list: 47
2022-02-16 20:26:39,871 [evaluator.py    | 116] INFO: Traveling Distance of driver D_10 is  125.830, visited node list: 45
2022-02-16 20:26:39,872 [evaluator.py    | 116] INFO: Traveling Distance of driver D_11 is  123.200, visited node list: 45
2022-02-16 20:26:39,872 [evaluator.py    | 116] INFO: Traveling Distance of driver D_12 is  104.780, visited node list: 36
2022-02-16 20:26:39,873 [evaluator.py    | 116] INFO: Traveling Distance of driver D_13 is  95.640, visited node list: 31
2022-02-16 20:26:39,873 [evaluator.py    | 116] INFO: Traveling Distance of driver D_14 is  118.180, visited node list: 41
2022-02-16 20:26:39,873 [evaluator.py    | 116] INFO: Traveling Distance of driver D_15 is  125.920, visited node list: 45
2022-02-16 20:26:39,874 [evaluator.py    | 116] INFO: Traveling Distance of driver D_16 is  118.000, visited node list: 41
2022-02-16 20:26:39,875 [evaluator.py    | 116] INFO: Traveling Distance of driver D_17 is  119.530, visited node list: 41
2022-02-16 20:26:39,875 [evaluator.py    | 116] INFO: Traveling Distance of driver D_18 is  110.740, visited node list: 41
2022-02-16 20:26:39,875 [evaluator.py    | 116] INFO: Traveling Distance of driver D_19 is  66.780, visited node list: 22
2022-02-16 20:26:39,876 [evaluator.py    | 116] INFO: Traveling Distance of driver D_20 is  68.170, visited node list: 26
2022-02-16 20:26:39,876 [evaluator.py    | 116] INFO: Traveling Distance of driver D_21 is  105.480, visited node list: 43
2022-02-16 20:26:39,877 [evaluator.py    | 116] INFO: Traveling Distance of driver D_22 is  95.200, visited node list: 36
2022-02-16 20:26:39,877 [evaluator.py    | 116] INFO: Traveling Distance of driver D_23 is  85.710, visited node list: 32
2022-02-16 20:26:39,877 [evaluator.py    | 116] INFO: Traveling Distance of driver D_24 is  59.320, visited node list: 18
2022-02-16 20:26:39,877 [evaluator.py    | 116] INFO: Traveling Distance of driver D_25 is  82.290, visited node list: 35
2022-02-16 20:26:39,878 [evaluator.py    | 116] INFO: Traveling Distance of driver D_26 is  91.760, visited node list: 31
2022-02-16 20:26:39,878 [evaluator.py    | 116] INFO: Traveling Distance of driver D_27 is  76.060, visited node list: 30
2022-02-16 20:26:39,878 [evaluator.py    | 116] INFO: Traveling Distance of driver D_28 is  81.260, visited node list: 30
2022-02-16 20:26:39,878 [evaluator.py    | 116] INFO: Traveling Distance of driver D_29 is  60.740, visited node list: 23
2022-02-16 20:26:39,879 [evaluator.py    | 116] INFO: Traveling Distance of driver D_30 is  69.390, visited node list: 21
2022-02-16 20:26:39,879 [evaluator.py    | 116] INFO: Traveling Distance of driver D_31 is  58.070, visited node list: 21
2022-02-16 20:26:39,879 [evaluator.py    | 116] INFO: Traveling Distance of driver D_32 is  55.570, visited node list: 23
2022-02-16 20:26:39,879 [evaluator.py    | 116] INFO: Traveling Distance of driver D_33 is  58.040, visited node list: 20
2022-02-16 20:26:39,879 [evaluator.py    | 116] INFO: Traveling Distance of driver D_34 is  58.360, visited node list: 22
2022-02-16 20:26:39,879 [evaluator.py    | 116] INFO: Traveling Distance of driver D_35 is  59.150, visited node list: 20
2022-02-16 20:26:39,880 [evaluator.py    | 116] INFO: Traveling Distance of driver D_36 is  56.960, visited node list: 18
2022-02-16 20:26:39,880 [evaluator.py    | 116] INFO: Traveling Distance of driver D_37 is  49.980, visited node list: 19
2022-02-16 20:26:39,880 [evaluator.py    | 116] INFO: Traveling Distance of driver D_38 is  54.390, visited node list: 20
2022-02-16 20:26:39,880 [evaluator.py    | 116] INFO: Traveling Distance of driver D_39 is  48.010, visited node list: 16
2022-02-16 20:26:39,880 [evaluator.py    | 116] INFO: Traveling Distance of driver D_40 is  50.650, visited node list: 19
2022-02-16 20:26:39,881 [evaluator.py    | 18] INFO: Total distance:  3610.190
2022-02-16 20:26:39,932 [evaluator.py    | 22] INFO: Sum over time:  0.000
2022-02-16 20:26:39,932 [evaluator.py    | 26] INFO: Total score:  90.255
2022-02-16 20:26:40,049 [main.py         | 43] INFO: Score of instance_28: 90.25475
