2022-02-16 22:38:57,183 [main.py         | 38] INFO: Start to run /Users/yangjingfeng/Library/CloudStorage/OneDrive-Personal/Public/PhD Study/Papers/Food_Delivery/Code/Food_delivery_simulator/Benchmark/Instance_small: instance_73
2022-02-16 22:38:57,184 [simulator_api.py | 43] INFO: Start time of the simulator: 2022-02-16 09:00:00, time interval:  600.00
2022-02-16 22:38:57,367 [input_utils.py  | 35] INFO: Get 1158 locations
2022-02-16 22:38:57,382 [input_utils.py  | 39] INFO: Get 50 drivers
2022-02-16 22:38:57,830 [input_utils.py  | 43] INFO: Get 949 orders
2022-02-16 22:38:57,831 [simulator_api.py | 75] INFO: Initial position of D_1 is Bukit Timah Market & Food Centre
2022-02-16 22:38:57,836 [simulator_api.py | 75] INFO: Initial position of D_2 is Bukit Timah Market & Food Centre
2022-02-16 22:38:57,838 [simulator_api.py | 75] INFO: Initial position of D_3 is Ghim Moh Market & Food Centre
2022-02-16 22:38:57,838 [simulator_api.py | 75] INFO: Initial position of D_4 is Bukit Timah Market & Food Centre
2022-02-16 22:38:57,839 [simulator_api.py | 75] INFO: Initial position of D_5 is Alexandra Village Food Centre
2022-02-16 22:38:57,840 [simulator_api.py | 75] INFO: Initial position of D_6 is Bukit Timah Market & Food Centre
2022-02-16 22:38:57,847 [simulator_api.py | 75] INFO: Initial position of D_7 is Bukit Timah Market & Food Centre
2022-02-16 22:38:57,848 [simulator_api.py | 75] INFO: Initial position of D_8 is Bukit Timah Market & Food Centre
2022-02-16 22:38:57,848 [simulator_api.py | 75] INFO: Initial position of D_9 is Bukit Timah Market & Food Centre
2022-02-16 22:38:57,850 [simulator_api.py | 75] INFO: Initial position of D_10 is Bukit Timah Market & Food Centre
2022-02-16 22:38:57,851 [simulator_api.py | 75] INFO: Initial position of D_11 is Alexandra Village Food Centre
2022-02-16 22:38:57,851 [simulator_api.py | 75] INFO: Initial position of D_12 is Ghim Moh Market & Food Centre
2022-02-16 22:38:57,853 [simulator_api.py | 75] INFO: Initial position of D_13 is Alexandra Village Food Centre
2022-02-16 22:38:57,854 [simulator_api.py | 75] INFO: Initial position of D_14 is Ghim Moh Market & Food Centre
2022-02-16 22:38:57,855 [simulator_api.py | 75] INFO: Initial position of D_15 is Bukit Timah Market & Food Centre
2022-02-16 22:38:57,855 [simulator_api.py | 75] INFO: Initial position of D_16 is Ghim Moh Market & Food Centre
2022-02-16 22:38:57,856 [simulator_api.py | 75] INFO: Initial position of D_17 is Ghim Moh Market & Food Centre
2022-02-16 22:38:57,861 [simulator_api.py | 75] INFO: Initial position of D_18 is Alexandra Village Food Centre
2022-02-16 22:38:57,864 [simulator_api.py | 75] INFO: Initial position of D_19 is Bukit Timah Market & Food Centre
2022-02-16 22:38:57,864 [simulator_api.py | 75] INFO: Initial position of D_20 is Alexandra Village Food Centre
2022-02-16 22:38:57,864 [simulator_api.py | 75] INFO: Initial position of D_21 is Alexandra Village Food Centre
2022-02-16 22:38:57,865 [simulator_api.py | 75] INFO: Initial position of D_22 is Alexandra Village Food Centre
2022-02-16 22:38:57,866 [simulator_api.py | 75] INFO: Initial position of D_23 is Ghim Moh Market & Food Centre
2022-02-16 22:38:57,867 [simulator_api.py | 75] INFO: Initial position of D_24 is Bukit Timah Market & Food Centre
2022-02-16 22:38:57,868 [simulator_api.py | 75] INFO: Initial position of D_25 is Ghim Moh Market & Food Centre
2022-02-16 22:38:57,868 [simulator_api.py | 75] INFO: Initial position of D_26 is Alexandra Village Food Centre
2022-02-16 22:38:57,870 [simulator_api.py | 75] INFO: Initial position of D_27 is Ghim Moh Market & Food Centre
2022-02-16 22:38:57,871 [simulator_api.py | 75] INFO: Initial position of D_28 is Alexandra Village Food Centre
2022-02-16 22:38:57,872 [simulator_api.py | 75] INFO: Initial position of D_29 is Bukit Timah Market & Food Centre
2022-02-16 22:38:57,872 [simulator_api.py | 75] INFO: Initial position of D_30 is Bukit Timah Market & Food Centre
2022-02-16 22:38:57,873 [simulator_api.py | 75] INFO: Initial position of D_31 is Alexandra Village Food Centre
2022-02-16 22:38:57,874 [simulator_api.py | 75] INFO: Initial position of D_32 is Ghim Moh Market & Food Centre
2022-02-16 22:38:57,879 [simulator_api.py | 75] INFO: Initial position of D_33 is Bukit Timah Market & Food Centre
2022-02-16 22:38:57,880 [simulator_api.py | 75] INFO: Initial position of D_34 is Bukit Timah Market & Food Centre
2022-02-16 22:38:57,881 [simulator_api.py | 75] INFO: Initial position of D_35 is Bukit Timah Market & Food Centre
2022-02-16 22:38:57,882 [simulator_api.py | 75] INFO: Initial position of D_36 is Alexandra Village Food Centre
2022-02-16 22:38:57,883 [simulator_api.py | 75] INFO: Initial position of D_37 is Alexandra Village Food Centre
2022-02-16 22:38:57,884 [simulator_api.py | 75] INFO: Initial position of D_38 is Ghim Moh Market & Food Centre
2022-02-16 22:38:57,885 [simulator_api.py | 75] INFO: Initial position of D_39 is Alexandra Village Food Centre
2022-02-16 22:38:57,886 [simulator_api.py | 75] INFO: Initial position of D_40 is Bukit Timah Market & Food Centre
2022-02-16 22:38:57,886 [simulator_api.py | 75] INFO: Initial position of D_41 is Bukit Timah Market & Food Centre
2022-02-16 22:38:57,887 [simulator_api.py | 75] INFO: Initial position of D_42 is Alexandra Village Food Centre
2022-02-16 22:38:57,888 [simulator_api.py | 75] INFO: Initial position of D_43 is Bukit Timah Market & Food Centre
2022-02-16 22:38:57,889 [simulator_api.py | 75] INFO: Initial position of D_44 is Ghim Moh Market & Food Centre
2022-02-16 22:38:57,890 [simulator_api.py | 75] INFO: Initial position of D_45 is Alexandra Village Food Centre
2022-02-16 22:38:57,890 [simulator_api.py | 75] INFO: Initial position of D_46 is Ghim Moh Market & Food Centre
2022-02-16 22:38:57,896 [simulator_api.py | 75] INFO: Initial position of D_47 is Ghim Moh Market & Food Centre
2022-02-16 22:38:57,898 [simulator_api.py | 75] INFO: Initial position of D_48 is Alexandra Village Food Centre
2022-02-16 22:38:57,899 [simulator_api.py | 75] INFO: Initial position of D_49 is Bukit Timah Market & Food Centre
2022-02-16 22:38:57,900 [simulator_api.py | 75] INFO: Initial position of D_50 is Alexandra Village Food Centre
2022-02-16 22:38:57,933 [simulator_env.py | 87] INFO: **************************************************
2022-02-16 22:38:57,933 [simulator_env.py | 91] INFO: cur time: 2022-02-16 09:10:00, pre time: 2022-02-16 09:00:00
2022-02-16 22:38:57,954 [simulator_env.py | 147] INFO: Start to update the input of 2022-02-16 09:10:00
2022-02-16 22:38:58,012 [simulator_env.py | 175] INFO: Get 27 unallocated orders, 0 ongoing orders, 0 completed orders.
2022-02-16 22:38:59,908 [simulator_env.py | 100] INFO: Finish the dispatch.
2022-02-16 22:38:59,910 [simulator_env.py | 278] INFO: 2022-02-16 09:10:00, Order 09000300000: state = 1 < 2, we can not finish the simulation
2022-02-16 22:38:59,910 [simulator_env.py | 87] INFO: **************************************************
2022-02-16 22:38:59,910 [simulator_env.py | 91] INFO: cur time: 2022-02-16 09:20:00, pre time: 2022-02-16 09:10:00
2022-02-16 22:38:59,910 [simulator_env.py | 147] INFO: Start to update the input of 2022-02-16 09:20:00
2022-02-16 22:38:59,915 [simulator_env.py | 175] INFO: Get 23 unallocated orders, 15 ongoing orders, 12 completed orders.
2022-02-16 22:39:02,028 [simulator_env.py | 100] INFO: Finish the dispatch.
2022-02-16 22:39:02,030 [simulator_env.py | 278] INFO: 2022-02-16 09:20:00, Order 09104100027: state = 1 < 2, we can not finish the simulation
2022-02-16 22:39:02,031 [simulator_env.py | 87] INFO: **************************************************
2022-02-16 22:39:02,031 [simulator_env.py | 91] INFO: cur time: 2022-02-16 09:30:00, pre time: 2022-02-16 09:20:00
2022-02-16 22:39:02,031 [simulator_env.py | 147] INFO: Start to update the input of 2022-02-16 09:30:00
2022-02-16 22:39:02,041 [simulator_env.py | 175] INFO: Get 28 unallocated orders, 13 ongoing orders, 37 completed orders.
2022-02-16 22:39:04,016 [simulator_env.py | 100] INFO: Finish the dispatch.
2022-02-16 22:39:04,019 [simulator_env.py | 278] INFO: 2022-02-16 09:30:00, Order 09200300050: state = 1 < 2, we can not finish the simulation
2022-02-16 22:39:04,020 [simulator_env.py | 87] INFO: **************************************************
2022-02-16 22:39:04,020 [simulator_env.py | 91] INFO: cur time: 2022-02-16 09:40:00, pre time: 2022-02-16 09:30:00
2022-02-16 22:39:04,020 [simulator_env.py | 147] INFO: Start to update the input of 2022-02-16 09:40:00
2022-02-16 22:39:04,031 [simulator_env.py | 175] INFO: Get 34 unallocated orders, 21 ongoing orders, 57 completed orders.
2022-02-16 22:39:05,889 [simulator_env.py | 100] INFO: Finish the dispatch.
2022-02-16 22:39:05,893 [simulator_env.py | 278] INFO: 2022-02-16 09:40:00, Order 09301600078: state = 1 < 2, we can not finish the simulation
2022-02-16 22:39:05,894 [simulator_env.py | 87] INFO: **************************************************
2022-02-16 22:39:05,894 [simulator_env.py | 91] INFO: cur time: 2022-02-16 09:50:00, pre time: 2022-02-16 09:40:00
2022-02-16 22:39:05,894 [simulator_env.py | 147] INFO: Start to update the input of 2022-02-16 09:50:00
2022-02-16 22:39:05,906 [simulator_env.py | 175] INFO: Get 37 unallocated orders, 27 ongoing orders, 84 completed orders.
2022-02-16 22:39:07,812 [simulator_env.py | 100] INFO: Finish the dispatch.
2022-02-16 22:39:07,816 [simulator_env.py | 278] INFO: 2022-02-16 09:50:00, Order 09394800110: state = 1 < 2, we can not finish the simulation
2022-02-16 22:39:07,817 [simulator_env.py | 87] INFO: **************************************************
2022-02-16 22:39:07,819 [simulator_env.py | 91] INFO: cur time: 2022-02-16 10:00:00, pre time: 2022-02-16 09:50:00
2022-02-16 22:39:07,819 [simulator_env.py | 147] INFO: Start to update the input of 2022-02-16 10:00:00
2022-02-16 22:39:07,830 [simulator_env.py | 175] INFO: Get 51 unallocated orders, 24 ongoing orders, 116 completed orders.
2022-02-16 22:39:09,945 [simulator_env.py | 100] INFO: Finish the dispatch.
2022-02-16 22:39:09,950 [simulator_env.py | 278] INFO: 2022-02-16 10:00:00, Order 09464600135: state = 1 < 2, we can not finish the simulation
2022-02-16 22:39:09,951 [simulator_env.py | 87] INFO: **************************************************
2022-02-16 22:39:09,951 [simulator_env.py | 91] INFO: cur time: 2022-02-16 10:10:00, pre time: 2022-02-16 10:00:00
2022-02-16 22:39:09,951 [simulator_env.py | 147] INFO: Start to update the input of 2022-02-16 10:10:00
2022-02-16 22:39:09,967 [simulator_env.py | 175] INFO: Get 49 unallocated orders, 23 ongoing orders, 151 completed orders.
2022-02-16 22:39:11,827 [simulator_env.py | 100] INFO: Finish the dispatch.
2022-02-16 22:39:11,832 [simulator_env.py | 278] INFO: 2022-02-16 10:10:00, Order 09512100151: state = 1 < 2, we can not finish the simulation
2022-02-16 22:39:11,833 [simulator_env.py | 87] INFO: **************************************************
2022-02-16 22:39:11,833 [simulator_env.py | 91] INFO: cur time: 2022-02-16 10:20:00, pre time: 2022-02-16 10:10:00
2022-02-16 22:39:11,833 [simulator_env.py | 147] INFO: Start to update the input of 2022-02-16 10:20:00
2022-02-16 22:39:11,847 [simulator_env.py | 175] INFO: Get 45 unallocated orders, 24 ongoing orders, 189 completed orders.
2022-02-16 22:39:13,703 [simulator_env.py | 100] INFO: Finish the dispatch.
2022-02-16 22:39:13,706 [simulator_env.py | 278] INFO: 2022-02-16 10:20:00, Order 10044300203: state = 1 < 2, we can not finish the simulation
2022-02-16 22:39:13,707 [simulator_env.py | 87] INFO: **************************************************
2022-02-16 22:39:13,707 [simulator_env.py | 91] INFO: cur time: 2022-02-16 10:30:00, pre time: 2022-02-16 10:20:00
2022-02-16 22:39:13,707 [simulator_env.py | 147] INFO: Start to update the input of 2022-02-16 10:30:00
2022-02-16 22:39:13,720 [simulator_env.py | 175] INFO: Get 49 unallocated orders, 24 ongoing orders, 227 completed orders.
2022-02-16 22:39:15,839 [simulator_env.py | 100] INFO: Finish the dispatch.
2022-02-16 22:39:15,843 [simulator_env.py | 278] INFO: 2022-02-16 10:30:00, Order 10155900240: state = 1 < 2, we can not finish the simulation
2022-02-16 22:39:15,845 [simulator_env.py | 87] INFO: **************************************************
2022-02-16 22:39:15,845 [simulator_env.py | 91] INFO: cur time: 2022-02-16 10:40:00, pre time: 2022-02-16 10:30:00
2022-02-16 22:39:15,846 [simulator_env.py | 147] INFO: Start to update the input of 2022-02-16 10:40:00
2022-02-16 22:39:15,861 [simulator_env.py | 175] INFO: Get 49 unallocated orders, 25 ongoing orders, 265 completed orders.
2022-02-16 22:39:17,822 [simulator_env.py | 100] INFO: Finish the dispatch.
2022-02-16 22:39:17,827 [simulator_env.py | 278] INFO: 2022-02-16 10:40:00, Order 10255800278: state = 1 < 2, we can not finish the simulation
2022-02-16 22:39:17,829 [simulator_env.py | 87] INFO: **************************************************
2022-02-16 22:39:17,829 [simulator_env.py | 91] INFO: cur time: 2022-02-16 10:50:00, pre time: 2022-02-16 10:40:00
2022-02-16 22:39:17,829 [simulator_env.py | 147] INFO: Start to update the input of 2022-02-16 10:50:00
2022-02-16 22:39:17,844 [simulator_env.py | 175] INFO: Get 51 unallocated orders, 28 ongoing orders, 301 completed orders.
2022-02-16 22:39:19,963 [simulator_env.py | 100] INFO: Finish the dispatch.
2022-02-16 22:39:19,967 [simulator_env.py | 278] INFO: 2022-02-16 10:50:00, Order 10274800290: state = 1 < 2, we can not finish the simulation
2022-02-16 22:39:19,969 [simulator_env.py | 87] INFO: **************************************************
2022-02-16 22:39:19,969 [simulator_env.py | 91] INFO: cur time: 2022-02-16 11:00:00, pre time: 2022-02-16 10:50:00
2022-02-16 22:39:19,969 [simulator_env.py | 147] INFO: Start to update the input of 2022-02-16 11:00:00
2022-02-16 22:39:19,986 [simulator_env.py | 175] INFO: Get 55 unallocated orders, 25 ongoing orders, 339 completed orders.
2022-02-16 22:39:21,796 [simulator_env.py | 100] INFO: Finish the dispatch.
2022-02-16 22:39:21,800 [simulator_env.py | 278] INFO: 2022-02-16 11:00:00, Order 10460000356: state = 1 < 2, we can not finish the simulation
2022-02-16 22:39:21,802 [simulator_env.py | 87] INFO: **************************************************
2022-02-16 22:39:21,802 [simulator_env.py | 91] INFO: cur time: 2022-02-16 11:10:00, pre time: 2022-02-16 11:00:00
2022-02-16 22:39:21,802 [simulator_env.py | 147] INFO: Start to update the input of 2022-02-16 11:10:00
2022-02-16 22:39:21,820 [simulator_env.py | 175] INFO: Get 63 unallocated orders, 28 ongoing orders, 380 completed orders.
2022-02-16 22:39:23,772 [simulator_env.py | 100] INFO: Finish the dispatch.
2022-02-16 22:39:23,776 [simulator_env.py | 278] INFO: 2022-02-16 11:10:00, Order 10530000390: state = 1 < 2, we can not finish the simulation
2022-02-16 22:39:23,778 [simulator_env.py | 87] INFO: **************************************************
2022-02-16 22:39:23,778 [simulator_env.py | 91] INFO: cur time: 2022-02-16 11:20:00, pre time: 2022-02-16 11:10:00
2022-02-16 22:39:23,778 [simulator_env.py | 147] INFO: Start to update the input of 2022-02-16 11:20:00
2022-02-16 22:39:23,796 [simulator_env.py | 175] INFO: Get 54 unallocated orders, 33 ongoing orders, 415 completed orders.
2022-02-16 22:39:25,735 [simulator_env.py | 100] INFO: Finish the dispatch.
2022-02-16 22:39:25,739 [simulator_env.py | 278] INFO: 2022-02-16 11:20:00, Order 11021500429: state = 1 < 2, we can not finish the simulation
2022-02-16 22:39:25,741 [simulator_env.py | 87] INFO: **************************************************
2022-02-16 22:39:25,741 [simulator_env.py | 91] INFO: cur time: 2022-02-16 11:30:00, pre time: 2022-02-16 11:20:00
2022-02-16 22:39:25,741 [simulator_env.py | 147] INFO: Start to update the input of 2022-02-16 11:30:00
2022-02-16 22:39:25,758 [simulator_env.py | 175] INFO: Get 51 unallocated orders, 31 ongoing orders, 451 completed orders.
2022-02-16 22:39:27,640 [simulator_env.py | 100] INFO: Finish the dispatch.
2022-02-16 22:39:27,643 [simulator_env.py | 278] INFO: 2022-02-16 11:30:00, Order 11070900453: state = 1 < 2, we can not finish the simulation
2022-02-16 22:39:27,647 [simulator_env.py | 87] INFO: **************************************************
2022-02-16 22:39:27,648 [simulator_env.py | 91] INFO: cur time: 2022-02-16 11:40:00, pre time: 2022-02-16 11:30:00
2022-02-16 22:39:27,650 [simulator_env.py | 147] INFO: Start to update the input of 2022-02-16 11:40:00
2022-02-16 22:39:27,670 [simulator_env.py | 175] INFO: Get 55 unallocated orders, 40 ongoing orders, 483 completed orders.
2022-02-16 22:39:29,600 [simulator_env.py | 100] INFO: Finish the dispatch.
2022-02-16 22:39:29,606 [simulator_env.py | 278] INFO: 2022-02-16 11:40:00, Order 11220800510: state = 1 < 2, we can not finish the simulation
2022-02-16 22:39:29,609 [simulator_env.py | 87] INFO: **************************************************
2022-02-16 22:39:29,609 [simulator_env.py | 91] INFO: cur time: 2022-02-16 11:50:00, pre time: 2022-02-16 11:40:00
2022-02-16 22:39:29,609 [simulator_env.py | 147] INFO: Start to update the input of 2022-02-16 11:50:00
2022-02-16 22:39:29,627 [simulator_env.py | 175] INFO: Get 56 unallocated orders, 36 ongoing orders, 523 completed orders.
2022-02-16 22:39:31,738 [simulator_env.py | 100] INFO: Finish the dispatch.
2022-02-16 22:39:31,742 [simulator_env.py | 278] INFO: 2022-02-16 11:50:00, Order 11312200539: state = 1 < 2, we can not finish the simulation
2022-02-16 22:39:31,744 [simulator_env.py | 87] INFO: **************************************************
2022-02-16 22:39:31,744 [simulator_env.py | 91] INFO: cur time: 2022-02-16 12:00:00, pre time: 2022-02-16 11:50:00
2022-02-16 22:39:31,744 [simulator_env.py | 147] INFO: Start to update the input of 2022-02-16 12:00:00
2022-02-16 22:39:31,760 [simulator_env.py | 175] INFO: Get 56 unallocated orders, 31 ongoing orders, 567 completed orders.
2022-02-16 22:39:33,714 [simulator_env.py | 100] INFO: Finish the dispatch.
2022-02-16 22:39:33,719 [simulator_env.py | 278] INFO: 2022-02-16 12:00:00, Order 11390400575: state = 1 < 2, we can not finish the simulation
2022-02-16 22:39:33,722 [simulator_env.py | 87] INFO: **************************************************
2022-02-16 22:39:33,723 [simulator_env.py | 91] INFO: cur time: 2022-02-16 12:10:00, pre time: 2022-02-16 12:00:00
2022-02-16 22:39:33,724 [simulator_env.py | 147] INFO: Start to update the input of 2022-02-16 12:10:00
2022-02-16 22:39:33,736 [simulator_env.py | 175] INFO: Get 40 unallocated orders, 32 ongoing orders, 604 completed orders.
2022-02-16 22:39:35,579 [simulator_env.py | 100] INFO: Finish the dispatch.
2022-02-16 22:39:35,586 [simulator_env.py | 278] INFO: 2022-02-16 12:10:00, Order 11523600623: state = 1 < 2, we can not finish the simulation
2022-02-16 22:39:35,588 [simulator_env.py | 87] INFO: **************************************************
2022-02-16 22:39:35,588 [simulator_env.py | 91] INFO: cur time: 2022-02-16 12:20:00, pre time: 2022-02-16 12:10:00
2022-02-16 22:39:35,588 [simulator_env.py | 147] INFO: Start to update the input of 2022-02-16 12:20:00
2022-02-16 22:39:35,596 [simulator_env.py | 175] INFO: Get 31 unallocated orders, 23 ongoing orders, 641 completed orders.
2022-02-16 22:39:37,466 [simulator_env.py | 100] INFO: Finish the dispatch.
2022-02-16 22:39:37,469 [simulator_env.py | 278] INFO: 2022-02-16 12:20:00, Order 11562100637: state = 1 < 2, we can not finish the simulation
2022-02-16 22:39:37,470 [simulator_env.py | 87] INFO: **************************************************
2022-02-16 22:39:37,470 [simulator_env.py | 91] INFO: cur time: 2022-02-16 12:30:00, pre time: 2022-02-16 12:20:00
2022-02-16 22:39:37,470 [simulator_env.py | 147] INFO: Start to update the input of 2022-02-16 12:30:00
2022-02-16 22:39:37,481 [simulator_env.py | 175] INFO: Get 26 unallocated orders, 18 ongoing orders, 674 completed orders.
2022-02-16 22:39:39,512 [simulator_env.py | 100] INFO: Finish the dispatch.
2022-02-16 22:39:39,515 [simulator_env.py | 278] INFO: 2022-02-16 12:30:00, Order 12150500687: state = 1 < 2, we can not finish the simulation
2022-02-16 22:39:39,516 [simulator_env.py | 87] INFO: **************************************************
2022-02-16 22:39:39,516 [simulator_env.py | 91] INFO: cur time: 2022-02-16 12:40:00, pre time: 2022-02-16 12:30:00
2022-02-16 22:39:39,516 [simulator_env.py | 147] INFO: Start to update the input of 2022-02-16 12:40:00
2022-02-16 22:39:39,524 [simulator_env.py | 175] INFO: Get 23 unallocated orders, 18 ongoing orders, 700 completed orders.
2022-02-16 22:39:41,643 [simulator_env.py | 100] INFO: Finish the dispatch.
2022-02-16 22:39:41,647 [simulator_env.py | 278] INFO: 2022-02-16 12:40:00, Order 12302100718: state = 1 < 2, we can not finish the simulation
2022-02-16 22:39:41,649 [simulator_env.py | 87] INFO: **************************************************
2022-02-16 22:39:41,649 [simulator_env.py | 91] INFO: cur time: 2022-02-16 12:50:00, pre time: 2022-02-16 12:40:00
2022-02-16 22:39:41,649 [simulator_env.py | 147] INFO: Start to update the input of 2022-02-16 12:50:00
2022-02-16 22:39:41,655 [simulator_env.py | 175] INFO: Get 22 unallocated orders, 18 ongoing orders, 723 completed orders.
2022-02-16 22:39:43,608 [simulator_env.py | 100] INFO: Finish the dispatch.
2022-02-16 22:39:43,611 [simulator_env.py | 278] INFO: 2022-02-16 12:50:00, Order 12404800741: state = 1 < 2, we can not finish the simulation
2022-02-16 22:39:43,612 [simulator_env.py | 87] INFO: **************************************************
2022-02-16 22:39:43,612 [simulator_env.py | 91] INFO: cur time: 2022-02-16 13:00:00, pre time: 2022-02-16 12:50:00
2022-02-16 22:39:43,613 [simulator_env.py | 147] INFO: Start to update the input of 2022-02-16 13:00:00
2022-02-16 22:39:43,621 [simulator_env.py | 175] INFO: Get 22 unallocated orders, 16 ongoing orders, 746 completed orders.
2022-02-16 22:39:45,595 [simulator_env.py | 100] INFO: Finish the dispatch.
2022-02-16 22:39:45,598 [simulator_env.py | 278] INFO: 2022-02-16 13:00:00, Order 12445200746: state = 1 < 2, we can not finish the simulation
2022-02-16 22:39:45,599 [simulator_env.py | 87] INFO: **************************************************
2022-02-16 22:39:45,599 [simulator_env.py | 91] INFO: cur time: 2022-02-16 13:10:00, pre time: 2022-02-16 13:00:00
2022-02-16 22:39:45,599 [simulator_env.py | 147] INFO: Start to update the input of 2022-02-16 13:10:00
2022-02-16 22:39:45,609 [simulator_env.py | 175] INFO: Get 12 unallocated orders, 14 ongoing orders, 770 completed orders.
2022-02-16 22:39:47,477 [simulator_env.py | 100] INFO: Finish the dispatch.
2022-02-16 22:39:47,480 [simulator_env.py | 278] INFO: 2022-02-16 13:10:00, Order 13025800784: state = 1 < 2, we can not finish the simulation
2022-02-16 22:39:47,481 [simulator_env.py | 87] INFO: **************************************************
2022-02-16 22:39:47,481 [simulator_env.py | 91] INFO: cur time: 2022-02-16 13:20:00, pre time: 2022-02-16 13:10:00
2022-02-16 22:39:47,481 [simulator_env.py | 147] INFO: Start to update the input of 2022-02-16 13:20:00
2022-02-16 22:39:47,490 [simulator_env.py | 175] INFO: Get 9 unallocated orders, 7 ongoing orders, 789 completed orders.
2022-02-16 22:39:49,445 [simulator_env.py | 100] INFO: Finish the dispatch.
2022-02-16 22:39:49,448 [simulator_env.py | 278] INFO: 2022-02-16 13:20:00, Order 13103200796: state = 1 < 2, we can not finish the simulation
2022-02-16 22:39:49,448 [simulator_env.py | 87] INFO: **************************************************
2022-02-16 22:39:49,448 [simulator_env.py | 91] INFO: cur time: 2022-02-16 13:30:00, pre time: 2022-02-16 13:20:00
2022-02-16 22:39:49,449 [simulator_env.py | 147] INFO: Start to update the input of 2022-02-16 13:30:00
2022-02-16 22:39:49,492 [simulator_env.py | 175] INFO: Get 20 unallocated orders, 6 ongoing orders, 798 completed orders.
2022-02-16 22:39:51,640 [simulator_env.py | 100] INFO: Finish the dispatch.
2022-02-16 22:39:51,643 [simulator_env.py | 278] INFO: 2022-02-16 13:30:00, Order 13194500803: state = 1 < 2, we can not finish the simulation
2022-02-16 22:39:51,643 [simulator_env.py | 87] INFO: **************************************************
2022-02-16 22:39:51,644 [simulator_env.py | 91] INFO: cur time: 2022-02-16 13:40:00, pre time: 2022-02-16 13:30:00
2022-02-16 22:39:51,644 [simulator_env.py | 147] INFO: Start to update the input of 2022-02-16 13:40:00
2022-02-16 22:39:51,650 [simulator_env.py | 175] INFO: Get 13 unallocated orders, 14 ongoing orders, 810 completed orders.
2022-02-16 22:39:53,276 [simulator_env.py | 100] INFO: Finish the dispatch.
2022-02-16 22:39:53,279 [simulator_env.py | 278] INFO: 2022-02-16 13:40:00, Order 13300200824: state = 1 < 2, we can not finish the simulation
2022-02-16 22:39:53,280 [simulator_env.py | 87] INFO: **************************************************
2022-02-16 22:39:53,280 [simulator_env.py | 91] INFO: cur time: 2022-02-16 13:50:00, pre time: 2022-02-16 13:40:00
2022-02-16 22:39:53,280 [simulator_env.py | 147] INFO: Start to update the input of 2022-02-16 13:50:00
2022-02-16 22:39:53,286 [simulator_env.py | 175] INFO: Get 14 unallocated orders, 7 ongoing orders, 830 completed orders.
2022-02-16 22:39:54,871 [simulator_env.py | 100] INFO: Finish the dispatch.
2022-02-16 22:39:54,873 [simulator_env.py | 278] INFO: 2022-02-16 13:50:00, Order 13405400837: state = 1 < 2, we can not finish the simulation
2022-02-16 22:39:54,874 [simulator_env.py | 87] INFO: **************************************************
2022-02-16 22:39:54,875 [simulator_env.py | 91] INFO: cur time: 2022-02-16 14:00:00, pre time: 2022-02-16 13:50:00
2022-02-16 22:39:54,875 [simulator_env.py | 147] INFO: Start to update the input of 2022-02-16 14:00:00
2022-02-16 22:39:54,882 [simulator_env.py | 175] INFO: Get 16 unallocated orders, 11 ongoing orders, 840 completed orders.
2022-02-16 22:39:56,508 [simulator_env.py | 100] INFO: Finish the dispatch.
2022-02-16 22:39:56,511 [simulator_env.py | 278] INFO: 2022-02-16 14:00:00, Order 13515600851: state = 1 < 2, we can not finish the simulation
2022-02-16 22:39:56,512 [simulator_env.py | 87] INFO: **************************************************
2022-02-16 22:39:56,512 [simulator_env.py | 91] INFO: cur time: 2022-02-16 14:10:00, pre time: 2022-02-16 14:00:00
2022-02-16 22:39:56,512 [simulator_env.py | 147] INFO: Start to update the input of 2022-02-16 14:10:00
2022-02-16 22:39:56,518 [simulator_env.py | 175] INFO: Get 12 unallocated orders, 11 ongoing orders, 856 completed orders.
2022-02-16 22:39:58,085 [simulator_env.py | 100] INFO: Finish the dispatch.
2022-02-16 22:39:58,088 [simulator_env.py | 278] INFO: 2022-02-16 14:10:00, Order 14003100867: state = 1 < 2, we can not finish the simulation
2022-02-16 22:39:58,088 [simulator_env.py | 87] INFO: **************************************************
2022-02-16 22:39:58,088 [simulator_env.py | 91] INFO: cur time: 2022-02-16 14:20:00, pre time: 2022-02-16 14:10:00
2022-02-16 22:39:58,088 [simulator_env.py | 147] INFO: Start to update the input of 2022-02-16 14:20:00
2022-02-16 22:39:58,093 [simulator_env.py | 175] INFO: Get 14 unallocated orders, 10 ongoing orders, 868 completed orders.
2022-02-16 22:39:59,694 [simulator_env.py | 100] INFO: Finish the dispatch.
2022-02-16 22:39:59,696 [simulator_env.py | 278] INFO: 2022-02-16 14:20:00, Order 14094900877: state = 1 < 2, we can not finish the simulation
2022-02-16 22:39:59,697 [simulator_env.py | 87] INFO: **************************************************
2022-02-16 22:39:59,697 [simulator_env.py | 91] INFO: cur time: 2022-02-16 14:30:00, pre time: 2022-02-16 14:20:00
2022-02-16 22:39:59,697 [simulator_env.py | 147] INFO: Start to update the input of 2022-02-16 14:30:00
2022-02-16 22:39:59,705 [simulator_env.py | 175] INFO: Get 16 unallocated orders, 12 ongoing orders, 880 completed orders.
2022-02-16 22:40:01,212 [simulator_env.py | 100] INFO: Finish the dispatch.
2022-02-16 22:40:01,216 [simulator_env.py | 278] INFO: 2022-02-16 14:30:00, Order 14200400892: state = 1 < 2, we can not finish the simulation
2022-02-16 22:40:01,217 [simulator_env.py | 87] INFO: **************************************************
2022-02-16 22:40:01,218 [simulator_env.py | 91] INFO: cur time: 2022-02-16 14:40:00, pre time: 2022-02-16 14:30:00
2022-02-16 22:40:01,218 [simulator_env.py | 147] INFO: Start to update the input of 2022-02-16 14:40:00
2022-02-16 22:40:01,227 [simulator_env.py | 175] INFO: Get 16 unallocated orders, 13 ongoing orders, 895 completed orders.
2022-02-16 22:40:03,038 [simulator_env.py | 100] INFO: Finish the dispatch.
2022-02-16 22:40:03,041 [simulator_env.py | 278] INFO: 2022-02-16 14:40:00, Order 14303200908: state = 1 < 2, we can not finish the simulation
2022-02-16 22:40:03,042 [simulator_env.py | 87] INFO: **************************************************
2022-02-16 22:40:03,042 [simulator_env.py | 91] INFO: cur time: 2022-02-16 14:50:00, pre time: 2022-02-16 14:40:00
2022-02-16 22:40:03,042 [simulator_env.py | 147] INFO: Start to update the input of 2022-02-16 14:50:00
2022-02-16 22:40:03,049 [simulator_env.py | 175] INFO: Get 9 unallocated orders, 11 ongoing orders, 913 completed orders.
2022-02-16 22:40:04,661 [simulator_env.py | 100] INFO: Finish the dispatch.
2022-02-16 22:40:04,663 [simulator_env.py | 278] INFO: 2022-02-16 14:50:00, Order 14401900924: state = 1 < 2, we can not finish the simulation
2022-02-16 22:40:04,664 [simulator_env.py | 87] INFO: **************************************************
2022-02-16 22:40:04,664 [simulator_env.py | 91] INFO: cur time: 2022-02-16 15:00:00, pre time: 2022-02-16 14:50:00
2022-02-16 22:40:04,664 [simulator_env.py | 147] INFO: Start to update the input of 2022-02-16 15:00:00
2022-02-16 22:40:04,669 [simulator_env.py | 175] INFO: Get 16 unallocated orders, 8 ongoing orders, 925 completed orders.
2022-02-16 22:40:06,202 [simulator_env.py | 100] INFO: Finish the dispatch.
2022-02-16 22:40:06,204 [simulator_env.py | 278] INFO: 2022-02-16 15:00:00, Order 14503500933: state = 1 < 2, we can not finish the simulation
2022-02-16 22:40:06,204 [simulator_env.py | 87] INFO: **************************************************
2022-02-16 22:40:06,204 [simulator_env.py | 91] INFO: cur time: 2022-02-16 15:10:00, pre time: 2022-02-16 15:00:00
2022-02-16 22:40:06,204 [simulator_env.py | 147] INFO: Start to update the input of 2022-02-16 15:10:00
2022-02-16 22:40:06,210 [simulator_env.py | 175] INFO: Get 0 unallocated orders, 14 ongoing orders, 935 completed orders.
2022-02-16 22:40:07,775 [simulator_env.py | 100] INFO: Finish the dispatch.
2022-02-16 22:40:07,777 [simulator_env.py | 281] INFO: 2022-02-16 15:10:00, the status of all orders is greater than 1, we could finish the simulation
2022-02-16 22:40:07,779 [simulator_env.py | 124] INFO: finished the left ongoing orders
2022-02-16 22:40:07,781 [evaluator.py    | 116] INFO: Traveling Distance of driver D_1 is  88.620, visited node list: 30
2022-02-16 22:40:07,782 [evaluator.py    | 116] INFO: Traveling Distance of driver D_2 is  138.540, visited node list: 45
2022-02-16 22:40:07,783 [evaluator.py    | 116] INFO: Traveling Distance of driver D_3 is  131.900, visited node list: 52
2022-02-16 22:40:07,784 [evaluator.py    | 116] INFO: Traveling Distance of driver D_4 is  120.090, visited node list: 49
2022-02-16 22:40:07,785 [evaluator.py    | 116] INFO: Traveling Distance of driver D_5 is  136.440, visited node list: 47
2022-02-16 22:40:07,786 [evaluator.py    | 116] INFO: Traveling Distance of driver D_6 is  137.270, visited node list: 46
2022-02-16 22:40:07,787 [evaluator.py    | 116] INFO: Traveling Distance of driver D_7 is  125.190, visited node list: 53
2022-02-16 22:40:07,787 [evaluator.py    | 116] INFO: Traveling Distance of driver D_8 is  138.210, visited node list: 45
2022-02-16 22:40:07,788 [evaluator.py    | 116] INFO: Traveling Distance of driver D_9 is  122.240, visited node list: 49
2022-02-16 22:40:07,789 [evaluator.py    | 116] INFO: Traveling Distance of driver D_10 is  131.060, visited node list: 49
2022-02-16 22:40:07,791 [evaluator.py    | 116] INFO: Traveling Distance of driver D_11 is  124.420, visited node list: 52
2022-02-16 22:40:07,791 [evaluator.py    | 116] INFO: Traveling Distance of driver D_12 is  132.180, visited node list: 47
2022-02-16 22:40:07,792 [evaluator.py    | 116] INFO: Traveling Distance of driver D_13 is  123.770, visited node list: 47
2022-02-16 22:40:07,792 [evaluator.py    | 116] INFO: Traveling Distance of driver D_14 is  136.280, visited node list: 42
2022-02-16 22:40:07,793 [evaluator.py    | 116] INFO: Traveling Distance of driver D_15 is  122.390, visited node list: 44
2022-02-16 22:40:07,794 [evaluator.py    | 116] INFO: Traveling Distance of driver D_16 is  141.430, visited node list: 42
2022-02-16 22:40:07,794 [evaluator.py    | 116] INFO: Traveling Distance of driver D_17 is  118.140, visited node list: 47
2022-02-16 22:40:07,795 [evaluator.py    | 116] INFO: Traveling Distance of driver D_18 is  116.090, visited node list: 50
2022-02-16 22:40:07,795 [evaluator.py    | 116] INFO: Traveling Distance of driver D_19 is  116.280, visited node list: 40
2022-02-16 22:40:07,795 [evaluator.py    | 116] INFO: Traveling Distance of driver D_20 is  122.440, visited node list: 44
2022-02-16 22:40:07,796 [evaluator.py    | 116] INFO: Traveling Distance of driver D_21 is  111.130, visited node list: 43
2022-02-16 22:40:07,796 [evaluator.py    | 116] INFO: Traveling Distance of driver D_22 is  125.870, visited node list: 48
2022-02-16 22:40:07,797 [evaluator.py    | 116] INFO: Traveling Distance of driver D_23 is  115.670, visited node list: 41
2022-02-16 22:40:07,797 [evaluator.py    | 116] INFO: Traveling Distance of driver D_24 is  113.010, visited node list: 37
2022-02-16 22:40:07,798 [evaluator.py    | 116] INFO: Traveling Distance of driver D_25 is  108.140, visited node list: 41
2022-02-16 22:40:07,798 [evaluator.py    | 116] INFO: Traveling Distance of driver D_26 is  111.350, visited node list: 40
2022-02-16 22:40:07,799 [evaluator.py    | 116] INFO: Traveling Distance of driver D_27 is  100.520, visited node list: 40
2022-02-16 22:40:07,799 [evaluator.py    | 116] INFO: Traveling Distance of driver D_28 is  102.420, visited node list: 38
2022-02-16 22:40:07,802 [evaluator.py    | 116] INFO: Traveling Distance of driver D_29 is  91.970, visited node list: 34
2022-02-16 22:40:07,802 [evaluator.py    | 116] INFO: Traveling Distance of driver D_30 is  82.230, visited node list: 34
2022-02-16 22:40:07,802 [evaluator.py    | 116] INFO: Traveling Distance of driver D_31 is  88.770, visited node list: 35
2022-02-16 22:40:07,811 [evaluator.py    | 116] INFO: Traveling Distance of driver D_32 is  95.240, visited node list: 31
2022-02-16 22:40:07,811 [evaluator.py    | 116] INFO: Traveling Distance of driver D_33 is  82.190, visited node list: 31
2022-02-16 22:40:07,812 [evaluator.py    | 116] INFO: Traveling Distance of driver D_34 is  85.910, visited node list: 31
2022-02-16 22:40:07,812 [evaluator.py    | 116] INFO: Traveling Distance of driver D_35 is  83.420, visited node list: 30
2022-02-16 22:40:07,812 [evaluator.py    | 116] INFO: Traveling Distance of driver D_36 is  80.460, visited node list: 31
2022-02-16 22:40:07,813 [evaluator.py    | 116] INFO: Traveling Distance of driver D_37 is  80.810, visited node list: 31
2022-02-16 22:40:07,813 [evaluator.py    | 116] INFO: Traveling Distance of driver D_38 is  79.280, visited node list: 28
2022-02-16 22:40:07,813 [evaluator.py    | 116] INFO: Traveling Distance of driver D_39 is  84.450, visited node list: 31
2022-02-16 22:40:07,814 [evaluator.py    | 116] INFO: Traveling Distance of driver D_40 is  70.190, visited node list: 28
2022-02-16 22:40:07,814 [evaluator.py    | 116] INFO: Traveling Distance of driver D_41 is  78.540, visited node list: 28
2022-02-16 22:40:07,819 [evaluator.py    | 116] INFO: Traveling Distance of driver D_42 is  80.110, visited node list: 27
2022-02-16 22:40:07,819 [evaluator.py    | 116] INFO: Traveling Distance of driver D_43 is  76.980, visited node list: 31
2022-02-16 22:40:07,819 [evaluator.py    | 116] INFO: Traveling Distance of driver D_44 is  75.290, visited node list: 23
2022-02-16 22:40:07,820 [evaluator.py    | 116] INFO: Traveling Distance of driver D_45 is  55.910, visited node list: 27
2022-02-16 22:40:07,820 [evaluator.py    | 116] INFO: Traveling Distance of driver D_46 is  74.270, visited node list: 27
2022-02-16 22:40:07,820 [evaluator.py    | 116] INFO: Traveling Distance of driver D_47 is  58.910, visited node list: 27
2022-02-16 22:40:07,820 [evaluator.py    | 116] INFO: Traveling Distance of driver D_48 is  64.120, visited node list: 27
2022-02-16 22:40:07,854 [evaluator.py    | 116] INFO: Traveling Distance of driver D_49 is  68.890, visited node list: 27
2022-02-16 22:40:07,857 [evaluator.py    | 116] INFO: Traveling Distance of driver D_50 is  68.980, visited node list: 24
2022-02-16 22:40:07,857 [evaluator.py    | 18] INFO: Total distance:  5118.010
2022-02-16 22:40:07,992 [evaluator.py    | 22] INFO: Sum over time:  5103.000
2022-02-16 22:40:07,993 [evaluator.py    | 26] INFO: Total score:  14277.360
2022-02-16 22:40:08,099 [main.py         | 43] INFO: Score of instance_73: 14277.3602
