2022-02-16 21:16:24,147 [main.py         | 38] INFO: Start to run /Users/yangjingfeng/Library/CloudStorage/OneDrive-Personal/Public/PhD Study/Papers/Food_Delivery/Code/Food_delivery_simulator/Benchmark/Instance_small: instance_60
2022-02-16 21:16:24,148 [simulator_api.py | 43] INFO: Start time of the simulator: 2022-02-16 09:00:00, time interval:  600.00
2022-02-16 21:16:24,493 [input_utils.py  | 35] INFO: Get 1158 locations
2022-02-16 21:16:24,514 [input_utils.py  | 39] INFO: Get 65 drivers
2022-02-16 21:16:24,810 [input_utils.py  | 43] INFO: Get 851 orders
2022-02-16 21:16:24,810 [simulator_api.py | 75] INFO: Initial position of D_1 is Bukit Timah Market & Food Centre
2022-02-16 21:16:24,810 [simulator_api.py | 75] INFO: Initial position of D_2 is Bukit Timah Market & Food Centre
2022-02-16 21:16:24,810 [simulator_api.py | 75] INFO: Initial position of D_3 is Ghim Moh Market & Food Centre
2022-02-16 21:16:24,811 [simulator_api.py | 75] INFO: Initial position of D_4 is Bukit Timah Market & Food Centre
2022-02-16 21:16:24,811 [simulator_api.py | 75] INFO: Initial position of D_5 is Alexandra Village Food Centre
2022-02-16 21:16:24,811 [simulator_api.py | 75] INFO: Initial position of D_6 is Bukit Timah Market & Food Centre
2022-02-16 21:16:24,811 [simulator_api.py | 75] INFO: Initial position of D_7 is Bukit Timah Market & Food Centre
2022-02-16 21:16:24,811 [simulator_api.py | 75] INFO: Initial position of D_8 is Bukit Timah Market & Food Centre
2022-02-16 21:16:24,811 [simulator_api.py | 75] INFO: Initial position of D_9 is Bukit Timah Market & Food Centre
2022-02-16 21:16:24,811 [simulator_api.py | 75] INFO: Initial position of D_10 is Bukit Timah Market & Food Centre
2022-02-16 21:16:24,811 [simulator_api.py | 75] INFO: Initial position of D_11 is Alexandra Village Food Centre
2022-02-16 21:16:24,811 [simulator_api.py | 75] INFO: Initial position of D_12 is Ghim Moh Market & Food Centre
2022-02-16 21:16:24,811 [simulator_api.py | 75] INFO: Initial position of D_13 is Alexandra Village Food Centre
2022-02-16 21:16:24,811 [simulator_api.py | 75] INFO: Initial position of D_14 is Ghim Moh Market & Food Centre
2022-02-16 21:16:24,811 [simulator_api.py | 75] INFO: Initial position of D_15 is Bukit Timah Market & Food Centre
2022-02-16 21:16:24,811 [simulator_api.py | 75] INFO: Initial position of D_16 is Ghim Moh Market & Food Centre
2022-02-16 21:16:24,811 [simulator_api.py | 75] INFO: Initial position of D_17 is Ghim Moh Market & Food Centre
2022-02-16 21:16:24,812 [simulator_api.py | 75] INFO: Initial position of D_18 is Alexandra Village Food Centre
2022-02-16 21:16:24,812 [simulator_api.py | 75] INFO: Initial position of D_19 is Bukit Timah Market & Food Centre
2022-02-16 21:16:24,812 [simulator_api.py | 75] INFO: Initial position of D_20 is Alexandra Village Food Centre
2022-02-16 21:16:24,812 [simulator_api.py | 75] INFO: Initial position of D_21 is Alexandra Village Food Centre
2022-02-16 21:16:24,812 [simulator_api.py | 75] INFO: Initial position of D_22 is Alexandra Village Food Centre
2022-02-16 21:16:24,812 [simulator_api.py | 75] INFO: Initial position of D_23 is Ghim Moh Market & Food Centre
2022-02-16 21:16:24,812 [simulator_api.py | 75] INFO: Initial position of D_24 is Bukit Timah Market & Food Centre
2022-02-16 21:16:24,812 [simulator_api.py | 75] INFO: Initial position of D_25 is Ghim Moh Market & Food Centre
2022-02-16 21:16:24,812 [simulator_api.py | 75] INFO: Initial position of D_26 is Alexandra Village Food Centre
2022-02-16 21:16:24,812 [simulator_api.py | 75] INFO: Initial position of D_27 is Ghim Moh Market & Food Centre
2022-02-16 21:16:24,813 [simulator_api.py | 75] INFO: Initial position of D_28 is Alexandra Village Food Centre
2022-02-16 21:16:24,813 [simulator_api.py | 75] INFO: Initial position of D_29 is Bukit Timah Market & Food Centre
2022-02-16 21:16:24,813 [simulator_api.py | 75] INFO: Initial position of D_30 is Bukit Timah Market & Food Centre
2022-02-16 21:16:24,813 [simulator_api.py | 75] INFO: Initial position of D_31 is Alexandra Village Food Centre
2022-02-16 21:16:24,813 [simulator_api.py | 75] INFO: Initial position of D_32 is Ghim Moh Market & Food Centre
2022-02-16 21:16:24,813 [simulator_api.py | 75] INFO: Initial position of D_33 is Bukit Timah Market & Food Centre
2022-02-16 21:16:24,813 [simulator_api.py | 75] INFO: Initial position of D_34 is Bukit Timah Market & Food Centre
2022-02-16 21:16:24,813 [simulator_api.py | 75] INFO: Initial position of D_35 is Bukit Timah Market & Food Centre
2022-02-16 21:16:24,813 [simulator_api.py | 75] INFO: Initial position of D_36 is Alexandra Village Food Centre
2022-02-16 21:16:24,813 [simulator_api.py | 75] INFO: Initial position of D_37 is Alexandra Village Food Centre
2022-02-16 21:16:24,814 [simulator_api.py | 75] INFO: Initial position of D_38 is Ghim Moh Market & Food Centre
2022-02-16 21:16:24,815 [simulator_api.py | 75] INFO: Initial position of D_39 is Alexandra Village Food Centre
2022-02-16 21:16:24,815 [simulator_api.py | 75] INFO: Initial position of D_40 is Bukit Timah Market & Food Centre
2022-02-16 21:16:24,815 [simulator_api.py | 75] INFO: Initial position of D_41 is Bukit Timah Market & Food Centre
2022-02-16 21:16:24,815 [simulator_api.py | 75] INFO: Initial position of D_42 is Alexandra Village Food Centre
2022-02-16 21:16:24,815 [simulator_api.py | 75] INFO: Initial position of D_43 is Bukit Timah Market & Food Centre
2022-02-16 21:16:24,815 [simulator_api.py | 75] INFO: Initial position of D_44 is Ghim Moh Market & Food Centre
2022-02-16 21:16:24,815 [simulator_api.py | 75] INFO: Initial position of D_45 is Alexandra Village Food Centre
2022-02-16 21:16:24,815 [simulator_api.py | 75] INFO: Initial position of D_46 is Ghim Moh Market & Food Centre
2022-02-16 21:16:24,816 [simulator_api.py | 75] INFO: Initial position of D_47 is Ghim Moh Market & Food Centre
2022-02-16 21:16:24,816 [simulator_api.py | 75] INFO: Initial position of D_48 is Alexandra Village Food Centre
2022-02-16 21:16:24,816 [simulator_api.py | 75] INFO: Initial position of D_49 is Bukit Timah Market & Food Centre
2022-02-16 21:16:24,817 [simulator_api.py | 75] INFO: Initial position of D_50 is Alexandra Village Food Centre
2022-02-16 21:16:24,817 [simulator_api.py | 75] INFO: Initial position of D_51 is Alexandra Village Food Centre
2022-02-16 21:16:24,817 [simulator_api.py | 75] INFO: Initial position of D_52 is Alexandra Village Food Centre
2022-02-16 21:16:24,817 [simulator_api.py | 75] INFO: Initial position of D_53 is Ghim Moh Market & Food Centre
2022-02-16 21:16:24,817 [simulator_api.py | 75] INFO: Initial position of D_54 is Alexandra Village Food Centre
2022-02-16 21:16:24,817 [simulator_api.py | 75] INFO: Initial position of D_55 is Bukit Timah Market & Food Centre
2022-02-16 21:16:24,817 [simulator_api.py | 75] INFO: Initial position of D_56 is Bukit Timah Market & Food Centre
2022-02-16 21:16:24,818 [simulator_api.py | 75] INFO: Initial position of D_57 is Ghim Moh Market & Food Centre
2022-02-16 21:16:24,818 [simulator_api.py | 75] INFO: Initial position of D_58 is Alexandra Village Food Centre
2022-02-16 21:16:24,818 [simulator_api.py | 75] INFO: Initial position of D_59 is Bukit Timah Market & Food Centre
2022-02-16 21:16:24,818 [simulator_api.py | 75] INFO: Initial position of D_60 is Alexandra Village Food Centre
2022-02-16 21:16:24,819 [simulator_api.py | 75] INFO: Initial position of D_61 is Ghim Moh Market & Food Centre
2022-02-16 21:16:24,819 [simulator_api.py | 75] INFO: Initial position of D_62 is Ghim Moh Market & Food Centre
2022-02-16 21:16:24,819 [simulator_api.py | 75] INFO: Initial position of D_63 is Alexandra Village Food Centre
2022-02-16 21:16:24,819 [simulator_api.py | 75] INFO: Initial position of D_64 is Ghim Moh Market & Food Centre
2022-02-16 21:16:24,819 [simulator_api.py | 75] INFO: Initial position of D_65 is Ghim Moh Market & Food Centre
2022-02-16 21:16:24,831 [simulator_env.py | 87] INFO: **************************************************
2022-02-16 21:16:24,831 [simulator_env.py | 91] INFO: cur time: 2022-02-16 09:10:00, pre time: 2022-02-16 09:00:00
2022-02-16 21:16:24,831 [simulator_env.py | 147] INFO: Start to update the input of 2022-02-16 09:10:00
2022-02-16 21:16:24,833 [simulator_env.py | 175] INFO: Get 28 unallocated orders, 0 ongoing orders, 0 completed orders.
2022-02-16 21:16:26,702 [simulator_env.py | 100] INFO: Finish the dispatch.
2022-02-16 21:16:26,705 [simulator_env.py | 278] INFO: 2022-02-16 09:10:00, Order 09012400000: state = 1 < 2, we can not finish the simulation
2022-02-16 21:16:26,705 [simulator_env.py | 87] INFO: **************************************************
2022-02-16 21:16:26,705 [simulator_env.py | 91] INFO: cur time: 2022-02-16 09:20:00, pre time: 2022-02-16 09:10:00
2022-02-16 21:16:26,705 [simulator_env.py | 147] INFO: Start to update the input of 2022-02-16 09:20:00
2022-02-16 21:16:26,714 [simulator_env.py | 175] INFO: Get 30 unallocated orders, 19 ongoing orders, 9 completed orders.
2022-02-16 21:16:29,131 [simulator_env.py | 100] INFO: Finish the dispatch.
2022-02-16 21:16:29,134 [simulator_env.py | 278] INFO: 2022-02-16 09:20:00, Order 09101700028: state = 1 < 2, we can not finish the simulation
2022-02-16 21:16:29,134 [simulator_env.py | 87] INFO: **************************************************
2022-02-16 21:16:29,134 [simulator_env.py | 91] INFO: cur time: 2022-02-16 09:30:00, pre time: 2022-02-16 09:20:00
2022-02-16 21:16:29,135 [simulator_env.py | 147] INFO: Start to update the input of 2022-02-16 09:30:00
2022-02-16 21:16:29,144 [simulator_env.py | 175] INFO: Get 21 unallocated orders, 18 ongoing orders, 40 completed orders.
2022-02-16 21:16:31,585 [simulator_env.py | 100] INFO: Finish the dispatch.
2022-02-16 21:16:31,587 [simulator_env.py | 278] INFO: 2022-02-16 09:30:00, Order 09202300058: state = 1 < 2, we can not finish the simulation
2022-02-16 21:16:31,588 [simulator_env.py | 87] INFO: **************************************************
2022-02-16 21:16:31,588 [simulator_env.py | 91] INFO: cur time: 2022-02-16 09:40:00, pre time: 2022-02-16 09:30:00
2022-02-16 21:16:31,588 [simulator_env.py | 147] INFO: Start to update the input of 2022-02-16 09:40:00
2022-02-16 21:16:31,597 [simulator_env.py | 175] INFO: Get 26 unallocated orders, 15 ongoing orders, 64 completed orders.
2022-02-16 21:16:35,167 [simulator_env.py | 100] INFO: Finish the dispatch.
2022-02-16 21:16:35,169 [simulator_env.py | 278] INFO: 2022-02-16 09:40:00, Order 09300100079: state = 1 < 2, we can not finish the simulation
2022-02-16 21:16:35,171 [simulator_env.py | 87] INFO: **************************************************
2022-02-16 21:16:35,171 [simulator_env.py | 91] INFO: cur time: 2022-02-16 09:50:00, pre time: 2022-02-16 09:40:00
2022-02-16 21:16:35,171 [simulator_env.py | 147] INFO: Start to update the input of 2022-02-16 09:50:00
2022-02-16 21:16:35,180 [simulator_env.py | 175] INFO: Get 32 unallocated orders, 17 ongoing orders, 88 completed orders.
2022-02-16 21:16:37,488 [simulator_env.py | 100] INFO: Finish the dispatch.
2022-02-16 21:16:37,491 [simulator_env.py | 278] INFO: 2022-02-16 09:50:00, Order 09401400105: state = 1 < 2, we can not finish the simulation
2022-02-16 21:16:37,492 [simulator_env.py | 87] INFO: **************************************************
2022-02-16 21:16:37,492 [simulator_env.py | 91] INFO: cur time: 2022-02-16 10:00:00, pre time: 2022-02-16 09:50:00
2022-02-16 21:16:37,492 [simulator_env.py | 147] INFO: Start to update the input of 2022-02-16 10:00:00
2022-02-16 21:16:37,503 [simulator_env.py | 175] INFO: Get 26 unallocated orders, 22 ongoing orders, 115 completed orders.
2022-02-16 21:16:39,829 [simulator_env.py | 100] INFO: Finish the dispatch.
2022-02-16 21:16:39,831 [simulator_env.py | 278] INFO: 2022-02-16 10:00:00, Order 09512300137: state = 1 < 2, we can not finish the simulation
2022-02-16 21:16:39,832 [simulator_env.py | 87] INFO: **************************************************
2022-02-16 21:16:39,832 [simulator_env.py | 91] INFO: cur time: 2022-02-16 10:10:00, pre time: 2022-02-16 10:00:00
2022-02-16 21:16:39,832 [simulator_env.py | 147] INFO: Start to update the input of 2022-02-16 10:10:00
2022-02-16 21:16:39,842 [simulator_env.py | 175] INFO: Get 29 unallocated orders, 12 ongoing orders, 151 completed orders.
2022-02-16 21:16:42,179 [simulator_env.py | 100] INFO: Finish the dispatch.
2022-02-16 21:16:42,181 [simulator_env.py | 278] INFO: 2022-02-16 10:10:00, Order 10004600163: state = 1 < 2, we can not finish the simulation
2022-02-16 21:16:42,182 [simulator_env.py | 87] INFO: **************************************************
2022-02-16 21:16:42,182 [simulator_env.py | 91] INFO: cur time: 2022-02-16 10:20:00, pre time: 2022-02-16 10:10:00
2022-02-16 21:16:42,183 [simulator_env.py | 147] INFO: Start to update the input of 2022-02-16 10:20:00
2022-02-16 21:16:42,192 [simulator_env.py | 175] INFO: Get 38 unallocated orders, 20 ongoing orders, 172 completed orders.
2022-02-16 21:16:44,386 [simulator_env.py | 100] INFO: Finish the dispatch.
2022-02-16 21:16:44,388 [simulator_env.py | 278] INFO: 2022-02-16 10:20:00, Order 10100900192: state = 1 < 2, we can not finish the simulation
2022-02-16 21:16:44,389 [simulator_env.py | 87] INFO: **************************************************
2022-02-16 21:16:44,389 [simulator_env.py | 91] INFO: cur time: 2022-02-16 10:30:00, pre time: 2022-02-16 10:20:00
2022-02-16 21:16:44,389 [simulator_env.py | 147] INFO: Start to update the input of 2022-02-16 10:30:00
2022-02-16 21:16:44,398 [simulator_env.py | 175] INFO: Get 39 unallocated orders, 25 ongoing orders, 205 completed orders.
2022-02-16 21:16:46,893 [simulator_env.py | 100] INFO: Finish the dispatch.
2022-02-16 21:16:46,897 [simulator_env.py | 278] INFO: 2022-02-16 10:30:00, Order 10201300230: state = 1 < 2, we can not finish the simulation
2022-02-16 21:16:46,898 [simulator_env.py | 87] INFO: **************************************************
2022-02-16 21:16:46,898 [simulator_env.py | 91] INFO: cur time: 2022-02-16 10:40:00, pre time: 2022-02-16 10:30:00
2022-02-16 21:16:46,899 [simulator_env.py | 147] INFO: Start to update the input of 2022-02-16 10:40:00
2022-02-16 21:16:46,913 [simulator_env.py | 175] INFO: Get 35 unallocated orders, 25 ongoing orders, 244 completed orders.
2022-02-16 21:16:49,317 [simulator_env.py | 100] INFO: Finish the dispatch.
2022-02-16 21:16:49,320 [simulator_env.py | 278] INFO: 2022-02-16 10:40:00, Order 10300900269: state = 1 < 2, we can not finish the simulation
2022-02-16 21:16:49,321 [simulator_env.py | 87] INFO: **************************************************
2022-02-16 21:16:49,321 [simulator_env.py | 91] INFO: cur time: 2022-02-16 10:50:00, pre time: 2022-02-16 10:40:00
2022-02-16 21:16:49,321 [simulator_env.py | 147] INFO: Start to update the input of 2022-02-16 10:50:00
2022-02-16 21:16:49,328 [simulator_env.py | 175] INFO: Get 47 unallocated orders, 28 ongoing orders, 276 completed orders.
2022-02-16 21:16:51,666 [simulator_env.py | 100] INFO: Finish the dispatch.
2022-02-16 21:16:51,671 [simulator_env.py | 278] INFO: 2022-02-16 10:50:00, Order 10400700304: state = 1 < 2, we can not finish the simulation
2022-02-16 21:16:51,674 [simulator_env.py | 87] INFO: **************************************************
2022-02-16 21:16:51,675 [simulator_env.py | 91] INFO: cur time: 2022-02-16 11:00:00, pre time: 2022-02-16 10:50:00
2022-02-16 21:16:51,677 [simulator_env.py | 147] INFO: Start to update the input of 2022-02-16 11:00:00
2022-02-16 21:16:51,692 [simulator_env.py | 175] INFO: Get 37 unallocated orders, 28 ongoing orders, 317 completed orders.
2022-02-16 21:16:54,082 [simulator_env.py | 100] INFO: Finish the dispatch.
2022-02-16 21:16:54,087 [simulator_env.py | 278] INFO: 2022-02-16 11:00:00, Order 10485100340: state = 1 < 2, we can not finish the simulation
2022-02-16 21:16:54,089 [simulator_env.py | 87] INFO: **************************************************
2022-02-16 21:16:54,089 [simulator_env.py | 91] INFO: cur time: 2022-02-16 11:10:00, pre time: 2022-02-16 11:00:00
2022-02-16 21:16:54,089 [simulator_env.py | 147] INFO: Start to update the input of 2022-02-16 11:10:00
2022-02-16 21:16:54,100 [simulator_env.py | 175] INFO: Get 38 unallocated orders, 27 ongoing orders, 355 completed orders.
2022-02-16 21:16:56,373 [simulator_env.py | 100] INFO: Finish the dispatch.
2022-02-16 21:16:56,375 [simulator_env.py | 278] INFO: 2022-02-16 11:10:00, Order 11001000382: state = 1 < 2, we can not finish the simulation
2022-02-16 21:16:56,376 [simulator_env.py | 87] INFO: **************************************************
2022-02-16 21:16:56,377 [simulator_env.py | 91] INFO: cur time: 2022-02-16 11:20:00, pre time: 2022-02-16 11:10:00
2022-02-16 21:16:56,377 [simulator_env.py | 147] INFO: Start to update the input of 2022-02-16 11:20:00
2022-02-16 21:16:56,384 [simulator_env.py | 175] INFO: Get 30 unallocated orders, 29 ongoing orders, 391 completed orders.
2022-02-16 21:16:58,653 [simulator_env.py | 100] INFO: Finish the dispatch.
2022-02-16 21:16:58,656 [simulator_env.py | 278] INFO: 2022-02-16 11:20:00, Order 11100100420: state = 1 < 2, we can not finish the simulation
2022-02-16 21:16:58,657 [simulator_env.py | 87] INFO: **************************************************
2022-02-16 21:16:58,657 [simulator_env.py | 91] INFO: cur time: 2022-02-16 11:30:00, pre time: 2022-02-16 11:20:00
2022-02-16 21:16:58,658 [simulator_env.py | 147] INFO: Start to update the input of 2022-02-16 11:30:00
2022-02-16 21:16:58,669 [simulator_env.py | 175] INFO: Get 38 unallocated orders, 20 ongoing orders, 429 completed orders.
2022-02-16 21:17:00,996 [simulator_env.py | 100] INFO: Finish the dispatch.
2022-02-16 21:17:00,999 [simulator_env.py | 278] INFO: 2022-02-16 11:30:00, Order 11171500443: state = 1 < 2, we can not finish the simulation
2022-02-16 21:17:01,000 [simulator_env.py | 87] INFO: **************************************************
2022-02-16 21:17:01,000 [simulator_env.py | 91] INFO: cur time: 2022-02-16 11:40:00, pre time: 2022-02-16 11:30:00
2022-02-16 21:17:01,001 [simulator_env.py | 147] INFO: Start to update the input of 2022-02-16 11:40:00
2022-02-16 21:17:01,014 [simulator_env.py | 175] INFO: Get 30 unallocated orders, 22 ongoing orders, 465 completed orders.
2022-02-16 21:17:03,532 [simulator_env.py | 100] INFO: Finish the dispatch.
2022-02-16 21:17:03,536 [simulator_env.py | 278] INFO: 2022-02-16 11:40:00, Order 11302200487: state = 1 < 2, we can not finish the simulation
2022-02-16 21:17:03,537 [simulator_env.py | 87] INFO: **************************************************
2022-02-16 21:17:03,537 [simulator_env.py | 91] INFO: cur time: 2022-02-16 11:50:00, pre time: 2022-02-16 11:40:00
2022-02-16 21:17:03,537 [simulator_env.py | 147] INFO: Start to update the input of 2022-02-16 11:50:00
2022-02-16 21:17:03,548 [simulator_env.py | 175] INFO: Get 33 unallocated orders, 21 ongoing orders, 496 completed orders.
2022-02-16 21:17:06,063 [simulator_env.py | 100] INFO: Finish the dispatch.
2022-02-16 21:17:06,067 [simulator_env.py | 278] INFO: 2022-02-16 11:50:00, Order 11401200517: state = 1 < 2, we can not finish the simulation
2022-02-16 21:17:06,068 [simulator_env.py | 87] INFO: **************************************************
2022-02-16 21:17:06,068 [simulator_env.py | 91] INFO: cur time: 2022-02-16 12:00:00, pre time: 2022-02-16 11:50:00
2022-02-16 21:17:06,069 [simulator_env.py | 147] INFO: Start to update the input of 2022-02-16 12:00:00
2022-02-16 21:17:06,079 [simulator_env.py | 175] INFO: Get 35 unallocated orders, 21 ongoing orders, 529 completed orders.
2022-02-16 21:17:08,525 [simulator_env.py | 100] INFO: Finish the dispatch.
2022-02-16 21:17:08,529 [simulator_env.py | 278] INFO: 2022-02-16 12:00:00, Order 11501700550: state = 1 < 2, we can not finish the simulation
2022-02-16 21:17:08,530 [simulator_env.py | 87] INFO: **************************************************
2022-02-16 21:17:08,530 [simulator_env.py | 91] INFO: cur time: 2022-02-16 12:10:00, pre time: 2022-02-16 12:00:00
2022-02-16 21:17:08,532 [simulator_env.py | 147] INFO: Start to update the input of 2022-02-16 12:10:00
2022-02-16 21:17:08,542 [simulator_env.py | 175] INFO: Get 25 unallocated orders, 25 ongoing orders, 560 completed orders.
2022-02-16 21:17:10,912 [simulator_env.py | 100] INFO: Finish the dispatch.
2022-02-16 21:17:10,916 [simulator_env.py | 278] INFO: 2022-02-16 12:10:00, Order 12000800585: state = 1 < 2, we can not finish the simulation
2022-02-16 21:17:10,917 [simulator_env.py | 87] INFO: **************************************************
2022-02-16 21:17:10,917 [simulator_env.py | 91] INFO: cur time: 2022-02-16 12:20:00, pre time: 2022-02-16 12:10:00
2022-02-16 21:17:10,917 [simulator_env.py | 147] INFO: Start to update the input of 2022-02-16 12:20:00
2022-02-16 21:17:10,928 [simulator_env.py | 175] INFO: Get 21 unallocated orders, 16 ongoing orders, 594 completed orders.
2022-02-16 21:17:13,092 [simulator_env.py | 100] INFO: Finish the dispatch.
2022-02-16 21:17:13,096 [simulator_env.py | 278] INFO: 2022-02-16 12:20:00, Order 12102200610: state = 1 < 2, we can not finish the simulation
2022-02-16 21:17:13,097 [simulator_env.py | 87] INFO: **************************************************
2022-02-16 21:17:13,097 [simulator_env.py | 91] INFO: cur time: 2022-02-16 12:30:00, pre time: 2022-02-16 12:20:00
2022-02-16 21:17:13,097 [simulator_env.py | 147] INFO: Start to update the input of 2022-02-16 12:30:00
2022-02-16 21:17:13,105 [simulator_env.py | 175] INFO: Get 17 unallocated orders, 17 ongoing orders, 614 completed orders.
2022-02-16 21:17:15,196 [simulator_env.py | 100] INFO: Finish the dispatch.
2022-02-16 21:17:15,199 [simulator_env.py | 278] INFO: 2022-02-16 12:30:00, Order 12201000631: state = 1 < 2, we can not finish the simulation
2022-02-16 21:17:15,200 [simulator_env.py | 87] INFO: **************************************************
2022-02-16 21:17:15,200 [simulator_env.py | 91] INFO: cur time: 2022-02-16 12:40:00, pre time: 2022-02-16 12:30:00
2022-02-16 21:17:15,200 [simulator_env.py | 147] INFO: Start to update the input of 2022-02-16 12:40:00
2022-02-16 21:17:15,210 [simulator_env.py | 175] INFO: Get 16 unallocated orders, 12 ongoing orders, 636 completed orders.
2022-02-16 21:17:17,039 [simulator_env.py | 100] INFO: Finish the dispatch.
2022-02-16 21:17:17,041 [simulator_env.py | 278] INFO: 2022-02-16 12:40:00, Order 12304100648: state = 1 < 2, we can not finish the simulation
2022-02-16 21:17:17,042 [simulator_env.py | 87] INFO: **************************************************
2022-02-16 21:17:17,042 [simulator_env.py | 91] INFO: cur time: 2022-02-16 12:50:00, pre time: 2022-02-16 12:40:00
2022-02-16 21:17:17,042 [simulator_env.py | 147] INFO: Start to update the input of 2022-02-16 12:50:00
2022-02-16 21:17:17,049 [simulator_env.py | 175] INFO: Get 12 unallocated orders, 12 ongoing orders, 652 completed orders.
2022-02-16 21:17:18,909 [simulator_env.py | 100] INFO: Finish the dispatch.
2022-02-16 21:17:18,911 [simulator_env.py | 278] INFO: 2022-02-16 12:50:00, Order 12401800664: state = 1 < 2, we can not finish the simulation
2022-02-16 21:17:18,912 [simulator_env.py | 87] INFO: **************************************************
2022-02-16 21:17:18,912 [simulator_env.py | 91] INFO: cur time: 2022-02-16 13:00:00, pre time: 2022-02-16 12:50:00
2022-02-16 21:17:18,912 [simulator_env.py | 147] INFO: Start to update the input of 2022-02-16 13:00:00
2022-02-16 21:17:18,917 [simulator_env.py | 175] INFO: Get 23 unallocated orders, 9 ongoing orders, 667 completed orders.
2022-02-16 21:17:20,801 [simulator_env.py | 100] INFO: Finish the dispatch.
2022-02-16 21:17:20,804 [simulator_env.py | 278] INFO: 2022-02-16 13:00:00, Order 12500600676: state = 1 < 2, we can not finish the simulation
2022-02-16 21:17:20,805 [simulator_env.py | 87] INFO: **************************************************
2022-02-16 21:17:20,805 [simulator_env.py | 91] INFO: cur time: 2022-02-16 13:10:00, pre time: 2022-02-16 13:00:00
2022-02-16 21:17:20,805 [simulator_env.py | 147] INFO: Start to update the input of 2022-02-16 13:10:00
2022-02-16 21:17:20,811 [simulator_env.py | 175] INFO: Get 16 unallocated orders, 17 ongoing orders, 682 completed orders.
2022-02-16 21:17:22,713 [simulator_env.py | 100] INFO: Finish the dispatch.
2022-02-16 21:17:22,716 [simulator_env.py | 278] INFO: 2022-02-16 13:10:00, Order 13000800699: state = 1 < 2, we can not finish the simulation
2022-02-16 21:17:22,717 [simulator_env.py | 87] INFO: **************************************************
2022-02-16 21:17:22,718 [simulator_env.py | 91] INFO: cur time: 2022-02-16 13:20:00, pre time: 2022-02-16 13:10:00
2022-02-16 21:17:22,718 [simulator_env.py | 147] INFO: Start to update the input of 2022-02-16 13:20:00
2022-02-16 21:17:22,723 [simulator_env.py | 175] INFO: Get 16 unallocated orders, 12 ongoing orders, 703 completed orders.
2022-02-16 21:17:24,632 [simulator_env.py | 100] INFO: Finish the dispatch.
2022-02-16 21:17:24,635 [simulator_env.py | 278] INFO: 2022-02-16 13:20:00, Order 13101900715: state = 1 < 2, we can not finish the simulation
2022-02-16 21:17:24,636 [simulator_env.py | 87] INFO: **************************************************
2022-02-16 21:17:24,636 [simulator_env.py | 91] INFO: cur time: 2022-02-16 13:30:00, pre time: 2022-02-16 13:20:00
2022-02-16 21:17:24,636 [simulator_env.py | 147] INFO: Start to update the input of 2022-02-16 13:30:00
2022-02-16 21:17:24,644 [simulator_env.py | 175] INFO: Get 8 unallocated orders, 13 ongoing orders, 718 completed orders.
2022-02-16 21:17:26,508 [simulator_env.py | 100] INFO: Finish the dispatch.
2022-02-16 21:17:26,510 [simulator_env.py | 278] INFO: 2022-02-16 13:30:00, Order 13200100731: state = 1 < 2, we can not finish the simulation
2022-02-16 21:17:26,511 [simulator_env.py | 87] INFO: **************************************************
2022-02-16 21:17:26,511 [simulator_env.py | 91] INFO: cur time: 2022-02-16 13:40:00, pre time: 2022-02-16 13:30:00
2022-02-16 21:17:26,511 [simulator_env.py | 147] INFO: Start to update the input of 2022-02-16 13:40:00
2022-02-16 21:17:26,517 [simulator_env.py | 175] INFO: Get 14 unallocated orders, 6 ongoing orders, 733 completed orders.
2022-02-16 21:17:28,324 [simulator_env.py | 100] INFO: Finish the dispatch.
2022-02-16 21:17:28,327 [simulator_env.py | 278] INFO: 2022-02-16 13:40:00, Order 13302300739: state = 1 < 2, we can not finish the simulation
2022-02-16 21:17:28,328 [simulator_env.py | 87] INFO: **************************************************
2022-02-16 21:17:28,328 [simulator_env.py | 91] INFO: cur time: 2022-02-16 13:50:00, pre time: 2022-02-16 13:40:00
2022-02-16 21:17:28,328 [simulator_env.py | 147] INFO: Start to update the input of 2022-02-16 13:50:00
2022-02-16 21:17:28,333 [simulator_env.py | 175] INFO: Get 10 unallocated orders, 10 ongoing orders, 743 completed orders.
2022-02-16 21:17:30,192 [simulator_env.py | 100] INFO: Finish the dispatch.
2022-02-16 21:17:30,195 [simulator_env.py | 278] INFO: 2022-02-16 13:50:00, Order 13411400753: state = 1 < 2, we can not finish the simulation
2022-02-16 21:17:30,196 [simulator_env.py | 87] INFO: **************************************************
2022-02-16 21:17:30,196 [simulator_env.py | 91] INFO: cur time: 2022-02-16 14:00:00, pre time: 2022-02-16 13:50:00
2022-02-16 21:17:30,196 [simulator_env.py | 147] INFO: Start to update the input of 2022-02-16 14:00:00
2022-02-16 21:17:30,204 [simulator_env.py | 175] INFO: Get 9 unallocated orders, 6 ongoing orders, 757 completed orders.
2022-02-16 21:17:32,069 [simulator_env.py | 100] INFO: Finish the dispatch.
2022-02-16 21:17:32,072 [simulator_env.py | 278] INFO: 2022-02-16 14:00:00, Order 13505200763: state = 1 < 2, we can not finish the simulation
2022-02-16 21:17:32,073 [simulator_env.py | 87] INFO: **************************************************
2022-02-16 21:17:32,073 [simulator_env.py | 91] INFO: cur time: 2022-02-16 14:10:00, pre time: 2022-02-16 14:00:00
2022-02-16 21:17:32,073 [simulator_env.py | 147] INFO: Start to update the input of 2022-02-16 14:10:00
2022-02-16 21:17:32,079 [simulator_env.py | 175] INFO: Get 13 unallocated orders, 6 ongoing orders, 766 completed orders.
2022-02-16 21:17:33,957 [simulator_env.py | 100] INFO: Finish the dispatch.
2022-02-16 21:17:33,959 [simulator_env.py | 278] INFO: 2022-02-16 14:10:00, Order 14004000772: state = 1 < 2, we can not finish the simulation
2022-02-16 21:17:33,960 [simulator_env.py | 87] INFO: **************************************************
2022-02-16 21:17:33,960 [simulator_env.py | 91] INFO: cur time: 2022-02-16 14:20:00, pre time: 2022-02-16 14:10:00
2022-02-16 21:17:33,960 [simulator_env.py | 147] INFO: Start to update the input of 2022-02-16 14:20:00
2022-02-16 21:17:33,966 [simulator_env.py | 175] INFO: Get 13 unallocated orders, 11 ongoing orders, 774 completed orders.
2022-02-16 21:17:35,758 [simulator_env.py | 100] INFO: Finish the dispatch.
2022-02-16 21:17:35,760 [simulator_env.py | 278] INFO: 2022-02-16 14:20:00, Order 14105600785: state = 1 < 2, we can not finish the simulation
2022-02-16 21:17:35,761 [simulator_env.py | 87] INFO: **************************************************
2022-02-16 21:17:35,761 [simulator_env.py | 91] INFO: cur time: 2022-02-16 14:30:00, pre time: 2022-02-16 14:20:00
2022-02-16 21:17:35,761 [simulator_env.py | 147] INFO: Start to update the input of 2022-02-16 14:30:00
2022-02-16 21:17:35,765 [simulator_env.py | 175] INFO: Get 15 unallocated orders, 8 ongoing orders, 790 completed orders.
2022-02-16 21:17:37,625 [simulator_env.py | 100] INFO: Finish the dispatch.
2022-02-16 21:17:37,628 [simulator_env.py | 278] INFO: 2022-02-16 14:30:00, Order 14204600798: state = 1 < 2, we can not finish the simulation
2022-02-16 21:17:37,629 [simulator_env.py | 87] INFO: **************************************************
2022-02-16 21:17:37,629 [simulator_env.py | 91] INFO: cur time: 2022-02-16 14:40:00, pre time: 2022-02-16 14:30:00
2022-02-16 21:17:37,629 [simulator_env.py | 147] INFO: Start to update the input of 2022-02-16 14:40:00
2022-02-16 21:17:37,635 [simulator_env.py | 175] INFO: Get 12 unallocated orders, 11 ongoing orders, 802 completed orders.
2022-02-16 21:17:39,491 [simulator_env.py | 100] INFO: Finish the dispatch.
2022-02-16 21:17:39,493 [simulator_env.py | 278] INFO: 2022-02-16 14:40:00, Order 14301600813: state = 1 < 2, we can not finish the simulation
2022-02-16 21:17:39,494 [simulator_env.py | 87] INFO: **************************************************
2022-02-16 21:17:39,494 [simulator_env.py | 91] INFO: cur time: 2022-02-16 14:50:00, pre time: 2022-02-16 14:40:00
2022-02-16 21:17:39,494 [simulator_env.py | 147] INFO: Start to update the input of 2022-02-16 14:50:00
2022-02-16 21:17:39,498 [simulator_env.py | 175] INFO: Get 15 unallocated orders, 8 ongoing orders, 817 completed orders.
2022-02-16 21:17:41,291 [simulator_env.py | 100] INFO: Finish the dispatch.
2022-02-16 21:17:41,293 [simulator_env.py | 278] INFO: 2022-02-16 14:50:00, Order 14404100825: state = 1 < 2, we can not finish the simulation
2022-02-16 21:17:41,294 [simulator_env.py | 87] INFO: **************************************************
2022-02-16 21:17:41,294 [simulator_env.py | 91] INFO: cur time: 2022-02-16 15:00:00, pre time: 2022-02-16 14:50:00
2022-02-16 21:17:41,294 [simulator_env.py | 147] INFO: Start to update the input of 2022-02-16 15:00:00
2022-02-16 21:17:41,303 [simulator_env.py | 175] INFO: Get 11 unallocated orders, 8 ongoing orders, 832 completed orders.
2022-02-16 21:17:43,242 [simulator_env.py | 100] INFO: Finish the dispatch.
2022-02-16 21:17:43,244 [simulator_env.py | 278] INFO: 2022-02-16 15:00:00, Order 14502500840: state = 1 < 2, we can not finish the simulation
2022-02-16 21:17:43,245 [simulator_env.py | 87] INFO: **************************************************
2022-02-16 21:17:43,245 [simulator_env.py | 91] INFO: cur time: 2022-02-16 15:10:00, pre time: 2022-02-16 15:00:00
2022-02-16 21:17:43,245 [simulator_env.py | 147] INFO: Start to update the input of 2022-02-16 15:10:00
2022-02-16 21:17:43,251 [simulator_env.py | 175] INFO: Get 0 unallocated orders, 6 ongoing orders, 845 completed orders.
2022-02-16 21:17:45,058 [simulator_env.py | 100] INFO: Finish the dispatch.
2022-02-16 21:17:45,060 [simulator_env.py | 281] INFO: 2022-02-16 15:10:00, the status of all orders is greater than 1, we could finish the simulation
2022-02-16 21:17:45,063 [simulator_env.py | 124] INFO: finished the left ongoing orders
2022-02-16 21:17:45,064 [evaluator.py    | 116] INFO: Traveling Distance of driver D_1 is  52.430, visited node list: 18
2022-02-16 21:17:45,065 [evaluator.py    | 116] INFO: Traveling Distance of driver D_2 is  78.270, visited node list: 28
2022-02-16 21:17:45,067 [evaluator.py    | 116] INFO: Traveling Distance of driver D_3 is  91.010, visited node list: 32
2022-02-16 21:17:45,067 [evaluator.py    | 116] INFO: Traveling Distance of driver D_4 is  120.200, visited node list: 38
2022-02-16 21:17:45,067 [evaluator.py    | 116] INFO: Traveling Distance of driver D_5 is  116.110, visited node list: 45
2022-02-16 21:17:45,068 [evaluator.py    | 116] INFO: Traveling Distance of driver D_6 is  106.410, visited node list: 41
2022-02-16 21:17:45,068 [evaluator.py    | 116] INFO: Traveling Distance of driver D_7 is  120.180, visited node list: 39
2022-02-16 21:17:45,068 [evaluator.py    | 116] INFO: Traveling Distance of driver D_8 is  106.830, visited node list: 43
2022-02-16 21:17:45,070 [evaluator.py    | 116] INFO: Traveling Distance of driver D_9 is  109.060, visited node list: 41
2022-02-16 21:17:45,071 [evaluator.py    | 116] INFO: Traveling Distance of driver D_10 is  118.000, visited node list: 45
2022-02-16 21:17:45,071 [evaluator.py    | 116] INFO: Traveling Distance of driver D_11 is  110.350, visited node list: 39
2022-02-16 21:17:45,072 [evaluator.py    | 116] INFO: Traveling Distance of driver D_12 is  118.410, visited node list: 47
2022-02-16 21:17:45,072 [evaluator.py    | 116] INFO: Traveling Distance of driver D_13 is  107.690, visited node list: 44
2022-02-16 21:17:45,072 [evaluator.py    | 116] INFO: Traveling Distance of driver D_14 is  106.890, visited node list: 41
2022-02-16 21:17:45,073 [evaluator.py    | 116] INFO: Traveling Distance of driver D_15 is  109.210, visited node list: 46
2022-02-16 21:17:45,073 [evaluator.py    | 116] INFO: Traveling Distance of driver D_16 is  111.040, visited node list: 43
2022-02-16 21:17:45,073 [evaluator.py    | 116] INFO: Traveling Distance of driver D_17 is  112.120, visited node list: 39
2022-02-16 21:17:45,073 [evaluator.py    | 116] INFO: Traveling Distance of driver D_18 is  96.860, visited node list: 37
2022-02-16 21:17:45,074 [evaluator.py    | 116] INFO: Traveling Distance of driver D_19 is  74.800, visited node list: 27
2022-02-16 21:17:45,074 [evaluator.py    | 116] INFO: Traveling Distance of driver D_20 is  79.710, visited node list: 31
2022-02-16 21:17:45,074 [evaluator.py    | 116] INFO: Traveling Distance of driver D_21 is  80.070, visited node list: 29
2022-02-16 21:17:45,074 [evaluator.py    | 116] INFO: Traveling Distance of driver D_22 is  102.620, visited node list: 41
2022-02-16 21:17:45,075 [evaluator.py    | 116] INFO: Traveling Distance of driver D_23 is  116.370, visited node list: 49
2022-02-16 21:17:45,075 [evaluator.py    | 116] INFO: Traveling Distance of driver D_24 is  105.910, visited node list: 42
2022-02-16 21:17:45,075 [evaluator.py    | 116] INFO: Traveling Distance of driver D_25 is  104.430, visited node list: 38
2022-02-16 21:17:45,076 [evaluator.py    | 116] INFO: Traveling Distance of driver D_26 is  71.660, visited node list: 29
2022-02-16 21:17:45,076 [evaluator.py    | 116] INFO: Traveling Distance of driver D_27 is  104.980, visited node list: 39
2022-02-16 21:17:45,076 [evaluator.py    | 116] INFO: Traveling Distance of driver D_28 is  81.600, visited node list: 31
2022-02-16 21:17:45,076 [evaluator.py    | 116] INFO: Traveling Distance of driver D_29 is  90.410, visited node list: 36
2022-02-16 21:17:45,077 [evaluator.py    | 116] INFO: Traveling Distance of driver D_30 is  61.480, visited node list: 23
2022-02-16 21:17:45,077 [evaluator.py    | 116] INFO: Traveling Distance of driver D_31 is  78.790, visited node list: 35
2022-02-16 21:17:45,077 [evaluator.py    | 116] INFO: Traveling Distance of driver D_32 is  46.980, visited node list: 24
2022-02-16 21:17:45,077 [evaluator.py    | 116] INFO: Traveling Distance of driver D_33 is  65.400, visited node list: 29
2022-02-16 21:17:45,077 [evaluator.py    | 116] INFO: Traveling Distance of driver D_34 is  73.340, visited node list: 31
2022-02-16 21:17:45,078 [evaluator.py    | 116] INFO: Traveling Distance of driver D_35 is  68.960, visited node list: 29
2022-02-16 21:17:45,078 [evaluator.py    | 116] INFO: Traveling Distance of driver D_36 is  59.760, visited node list: 25
2022-02-16 21:17:45,078 [evaluator.py    | 116] INFO: Traveling Distance of driver D_37 is  60.670, visited node list: 25
2022-02-16 21:17:45,078 [evaluator.py    | 116] INFO: Traveling Distance of driver D_38 is  48.720, visited node list: 18
2022-02-16 21:17:45,078 [evaluator.py    | 116] INFO: Traveling Distance of driver D_39 is  53.820, visited node list: 21
2022-02-16 21:17:45,078 [evaluator.py    | 116] INFO: Traveling Distance of driver D_40 is  44.570, visited node list: 22
2022-02-16 21:17:45,079 [evaluator.py    | 116] INFO: Traveling Distance of driver D_41 is  50.430, visited node list: 21
2022-02-16 21:17:45,079 [evaluator.py    | 116] INFO: Traveling Distance of driver D_42 is  56.010, visited node list: 21
2022-02-16 21:17:45,079 [evaluator.py    | 116] INFO: Traveling Distance of driver D_43 is  51.030, visited node list: 21
2022-02-16 21:17:45,079 [evaluator.py    | 116] INFO: Traveling Distance of driver D_44 is  67.350, visited node list: 23
2022-02-16 21:17:45,080 [evaluator.py    | 116] INFO: Traveling Distance of driver D_45 is  53.040, visited node list: 19
2022-02-16 21:17:45,080 [evaluator.py    | 116] INFO: Traveling Distance of driver D_46 is  45.750, visited node list: 16
2022-02-16 21:17:45,080 [evaluator.py    | 116] INFO: Traveling Distance of driver D_47 is  54.730, visited node list: 22
2022-02-16 21:17:45,080 [evaluator.py    | 116] INFO: Traveling Distance of driver D_48 is  41.450, visited node list: 17
2022-02-16 21:17:45,081 [evaluator.py    | 116] INFO: Traveling Distance of driver D_49 is  45.270, visited node list: 19
2022-02-16 21:17:45,081 [evaluator.py    | 116] INFO: Traveling Distance of driver D_50 is  35.220, visited node list: 13
2022-02-16 21:17:45,081 [evaluator.py    | 116] INFO: Traveling Distance of driver D_51 is  42.240, visited node list: 15
2022-02-16 21:17:45,081 [evaluator.py    | 116] INFO: Traveling Distance of driver D_52 is  36.650, visited node list: 16
2022-02-16 21:17:45,081 [evaluator.py    | 116] INFO: Traveling Distance of driver D_53 is  28.300, visited node list: 14
2022-02-16 21:17:45,081 [evaluator.py    | 116] INFO: Traveling Distance of driver D_54 is  45.420, visited node list: 16
2022-02-16 21:17:45,082 [evaluator.py    | 116] INFO: Traveling Distance of driver D_55 is  43.840, visited node list: 17
2022-02-16 21:17:45,082 [evaluator.py    | 116] INFO: Traveling Distance of driver D_56 is  36.760, visited node list: 15
2022-02-16 21:17:45,082 [evaluator.py    | 116] INFO: Traveling Distance of driver D_57 is  29.800, visited node list: 14
2022-02-16 21:17:45,082 [evaluator.py    | 116] INFO: Traveling Distance of driver D_58 is  27.140, visited node list: 9
2022-02-16 21:17:45,082 [evaluator.py    | 116] INFO: Traveling Distance of driver D_59 is  23.360, visited node list: 10
2022-02-16 21:17:45,083 [evaluator.py    | 116] INFO: Traveling Distance of driver D_60 is  24.230, visited node list: 9
2022-02-16 21:17:45,083 [evaluator.py    | 116] INFO: Traveling Distance of driver D_61 is  16.580, visited node list: 7
2022-02-16 21:17:45,083 [evaluator.py    | 116] INFO: Traveling Distance of driver D_62 is  10.670, visited node list: 6
2022-02-16 21:17:45,083 [evaluator.py    | 116] INFO: Traveling Distance of driver D_63 is  27.730, visited node list: 12
2022-02-16 21:17:45,083 [evaluator.py    | 116] INFO: Traveling Distance of driver D_64 is  13.180, visited node list: 6
2022-02-16 21:17:45,083 [evaluator.py    | 116] INFO: Traveling Distance of driver D_65 is  12.150, visited node list: 6
2022-02-16 21:17:45,083 [evaluator.py    | 18] INFO: Total distance:  4484.450
2022-02-16 21:17:45,129 [evaluator.py    | 22] INFO: Sum over time:  0.000
2022-02-16 21:17:45,129 [evaluator.py    | 26] INFO: Total score:  68.992
2022-02-16 21:17:45,249 [main.py         | 43] INFO: Score of instance_60: 68.99153846153844
