2022-02-16 22:41:20,724 [main.py         | 38] INFO: Start to run /Users/yangjingfeng/Library/CloudStorage/OneDrive-Personal/Public/PhD Study/Papers/Food_Delivery/Code/Food_delivery_simulator/Benchmark/Instance_small: instance_75
2022-02-16 22:41:20,725 [simulator_api.py | 43] INFO: Start time of the simulator: 2022-02-16 09:00:00, time interval:  600.00
2022-02-16 22:41:20,861 [input_utils.py  | 35] INFO: Get 1158 locations
2022-02-16 22:41:20,875 [input_utils.py  | 39] INFO: Get 60 drivers
2022-02-16 22:41:21,395 [input_utils.py  | 43] INFO: Get 949 orders
2022-02-16 22:41:21,396 [simulator_api.py | 75] INFO: Initial position of D_1 is Bukit Timah Market & Food Centre
2022-02-16 22:41:21,396 [simulator_api.py | 75] INFO: Initial position of D_2 is Bukit Timah Market & Food Centre
2022-02-16 22:41:21,396 [simulator_api.py | 75] INFO: Initial position of D_3 is Ghim Moh Market & Food Centre
2022-02-16 22:41:21,396 [simulator_api.py | 75] INFO: Initial position of D_4 is Bukit Timah Market & Food Centre
2022-02-16 22:41:21,396 [simulator_api.py | 75] INFO: Initial position of D_5 is Alexandra Village Food Centre
2022-02-16 22:41:21,396 [simulator_api.py | 75] INFO: Initial position of D_6 is Bukit Timah Market & Food Centre
2022-02-16 22:41:21,396 [simulator_api.py | 75] INFO: Initial position of D_7 is Bukit Timah Market & Food Centre
2022-02-16 22:41:21,396 [simulator_api.py | 75] INFO: Initial position of D_8 is Bukit Timah Market & Food Centre
2022-02-16 22:41:21,396 [simulator_api.py | 75] INFO: Initial position of D_9 is Bukit Timah Market & Food Centre
2022-02-16 22:41:21,396 [simulator_api.py | 75] INFO: Initial position of D_10 is Bukit Timah Market & Food Centre
2022-02-16 22:41:21,396 [simulator_api.py | 75] INFO: Initial position of D_11 is Alexandra Village Food Centre
2022-02-16 22:41:21,396 [simulator_api.py | 75] INFO: Initial position of D_12 is Ghim Moh Market & Food Centre
2022-02-16 22:41:21,397 [simulator_api.py | 75] INFO: Initial position of D_13 is Alexandra Village Food Centre
2022-02-16 22:41:21,397 [simulator_api.py | 75] INFO: Initial position of D_14 is Ghim Moh Market & Food Centre
2022-02-16 22:41:21,397 [simulator_api.py | 75] INFO: Initial position of D_15 is Bukit Timah Market & Food Centre
2022-02-16 22:41:21,397 [simulator_api.py | 75] INFO: Initial position of D_16 is Ghim Moh Market & Food Centre
2022-02-16 22:41:21,397 [simulator_api.py | 75] INFO: Initial position of D_17 is Ghim Moh Market & Food Centre
2022-02-16 22:41:21,397 [simulator_api.py | 75] INFO: Initial position of D_18 is Alexandra Village Food Centre
2022-02-16 22:41:21,397 [simulator_api.py | 75] INFO: Initial position of D_19 is Bukit Timah Market & Food Centre
2022-02-16 22:41:21,397 [simulator_api.py | 75] INFO: Initial position of D_20 is Alexandra Village Food Centre
2022-02-16 22:41:21,397 [simulator_api.py | 75] INFO: Initial position of D_21 is Alexandra Village Food Centre
2022-02-16 22:41:21,397 [simulator_api.py | 75] INFO: Initial position of D_22 is Alexandra Village Food Centre
2022-02-16 22:41:21,397 [simulator_api.py | 75] INFO: Initial position of D_23 is Ghim Moh Market & Food Centre
2022-02-16 22:41:21,397 [simulator_api.py | 75] INFO: Initial position of D_24 is Bukit Timah Market & Food Centre
2022-02-16 22:41:21,398 [simulator_api.py | 75] INFO: Initial position of D_25 is Ghim Moh Market & Food Centre
2022-02-16 22:41:21,398 [simulator_api.py | 75] INFO: Initial position of D_26 is Alexandra Village Food Centre
2022-02-16 22:41:21,398 [simulator_api.py | 75] INFO: Initial position of D_27 is Ghim Moh Market & Food Centre
2022-02-16 22:41:21,398 [simulator_api.py | 75] INFO: Initial position of D_28 is Alexandra Village Food Centre
2022-02-16 22:41:21,398 [simulator_api.py | 75] INFO: Initial position of D_29 is Bukit Timah Market & Food Centre
2022-02-16 22:41:21,399 [simulator_api.py | 75] INFO: Initial position of D_30 is Bukit Timah Market & Food Centre
2022-02-16 22:41:21,399 [simulator_api.py | 75] INFO: Initial position of D_31 is Alexandra Village Food Centre
2022-02-16 22:41:21,399 [simulator_api.py | 75] INFO: Initial position of D_32 is Ghim Moh Market & Food Centre
2022-02-16 22:41:21,399 [simulator_api.py | 75] INFO: Initial position of D_33 is Bukit Timah Market & Food Centre
2022-02-16 22:41:21,400 [simulator_api.py | 75] INFO: Initial position of D_34 is Bukit Timah Market & Food Centre
2022-02-16 22:41:21,400 [simulator_api.py | 75] INFO: Initial position of D_35 is Bukit Timah Market & Food Centre
2022-02-16 22:41:21,400 [simulator_api.py | 75] INFO: Initial position of D_36 is Alexandra Village Food Centre
2022-02-16 22:41:21,400 [simulator_api.py | 75] INFO: Initial position of D_37 is Alexandra Village Food Centre
2022-02-16 22:41:21,400 [simulator_api.py | 75] INFO: Initial position of D_38 is Ghim Moh Market & Food Centre
2022-02-16 22:41:21,400 [simulator_api.py | 75] INFO: Initial position of D_39 is Alexandra Village Food Centre
2022-02-16 22:41:21,400 [simulator_api.py | 75] INFO: Initial position of D_40 is Bukit Timah Market & Food Centre
2022-02-16 22:41:21,400 [simulator_api.py | 75] INFO: Initial position of D_41 is Bukit Timah Market & Food Centre
2022-02-16 22:41:21,400 [simulator_api.py | 75] INFO: Initial position of D_42 is Alexandra Village Food Centre
2022-02-16 22:41:21,401 [simulator_api.py | 75] INFO: Initial position of D_43 is Bukit Timah Market & Food Centre
2022-02-16 22:41:21,401 [simulator_api.py | 75] INFO: Initial position of D_44 is Ghim Moh Market & Food Centre
2022-02-16 22:41:21,401 [simulator_api.py | 75] INFO: Initial position of D_45 is Alexandra Village Food Centre
2022-02-16 22:41:21,401 [simulator_api.py | 75] INFO: Initial position of D_46 is Ghim Moh Market & Food Centre
2022-02-16 22:41:21,401 [simulator_api.py | 75] INFO: Initial position of D_47 is Ghim Moh Market & Food Centre
2022-02-16 22:41:21,404 [simulator_api.py | 75] INFO: Initial position of D_48 is Alexandra Village Food Centre
2022-02-16 22:41:21,404 [simulator_api.py | 75] INFO: Initial position of D_49 is Bukit Timah Market & Food Centre
2022-02-16 22:41:21,404 [simulator_api.py | 75] INFO: Initial position of D_50 is Alexandra Village Food Centre
2022-02-16 22:41:21,404 [simulator_api.py | 75] INFO: Initial position of D_51 is Alexandra Village Food Centre
2022-02-16 22:41:21,404 [simulator_api.py | 75] INFO: Initial position of D_52 is Alexandra Village Food Centre
2022-02-16 22:41:21,404 [simulator_api.py | 75] INFO: Initial position of D_53 is Ghim Moh Market & Food Centre
2022-02-16 22:41:21,404 [simulator_api.py | 75] INFO: Initial position of D_54 is Alexandra Village Food Centre
2022-02-16 22:41:21,405 [simulator_api.py | 75] INFO: Initial position of D_55 is Bukit Timah Market & Food Centre
2022-02-16 22:41:21,405 [simulator_api.py | 75] INFO: Initial position of D_56 is Bukit Timah Market & Food Centre
2022-02-16 22:41:21,405 [simulator_api.py | 75] INFO: Initial position of D_57 is Ghim Moh Market & Food Centre
2022-02-16 22:41:21,405 [simulator_api.py | 75] INFO: Initial position of D_58 is Alexandra Village Food Centre
2022-02-16 22:41:21,405 [simulator_api.py | 75] INFO: Initial position of D_59 is Bukit Timah Market & Food Centre
2022-02-16 22:41:21,406 [simulator_api.py | 75] INFO: Initial position of D_60 is Alexandra Village Food Centre
2022-02-16 22:41:21,426 [simulator_env.py | 87] INFO: **************************************************
2022-02-16 22:41:21,427 [simulator_env.py | 91] INFO: cur time: 2022-02-16 09:10:00, pre time: 2022-02-16 09:00:00
2022-02-16 22:41:21,427 [simulator_env.py | 147] INFO: Start to update the input of 2022-02-16 09:10:00
2022-02-16 22:41:21,430 [simulator_env.py | 175] INFO: Get 27 unallocated orders, 0 ongoing orders, 0 completed orders.
2022-02-16 22:41:23,358 [simulator_env.py | 100] INFO: Finish the dispatch.
2022-02-16 22:41:23,359 [simulator_env.py | 278] INFO: 2022-02-16 09:10:00, Order 09000300000: state = 1 < 2, we can not finish the simulation
2022-02-16 22:41:23,360 [simulator_env.py | 87] INFO: **************************************************
2022-02-16 22:41:23,360 [simulator_env.py | 91] INFO: cur time: 2022-02-16 09:20:00, pre time: 2022-02-16 09:10:00
2022-02-16 22:41:23,360 [simulator_env.py | 147] INFO: Start to update the input of 2022-02-16 09:20:00
2022-02-16 22:41:23,367 [simulator_env.py | 175] INFO: Get 23 unallocated orders, 15 ongoing orders, 12 completed orders.
2022-02-16 22:41:25,846 [simulator_env.py | 100] INFO: Finish the dispatch.
2022-02-16 22:41:25,852 [simulator_env.py | 278] INFO: 2022-02-16 09:20:00, Order 09104100027: state = 1 < 2, we can not finish the simulation
2022-02-16 22:41:25,853 [simulator_env.py | 87] INFO: **************************************************
2022-02-16 22:41:25,854 [simulator_env.py | 91] INFO: cur time: 2022-02-16 09:30:00, pre time: 2022-02-16 09:20:00
2022-02-16 22:41:25,854 [simulator_env.py | 147] INFO: Start to update the input of 2022-02-16 09:30:00
2022-02-16 22:41:25,870 [simulator_env.py | 175] INFO: Get 28 unallocated orders, 16 ongoing orders, 34 completed orders.
2022-02-16 22:41:31,515 [simulator_env.py | 100] INFO: Finish the dispatch.
2022-02-16 22:41:31,519 [simulator_env.py | 278] INFO: 2022-02-16 09:30:00, Order 09200300050: state = 1 < 2, we can not finish the simulation
2022-02-16 22:41:31,520 [simulator_env.py | 87] INFO: **************************************************
2022-02-16 22:41:31,520 [simulator_env.py | 91] INFO: cur time: 2022-02-16 09:40:00, pre time: 2022-02-16 09:30:00
2022-02-16 22:41:31,521 [simulator_env.py | 147] INFO: Start to update the input of 2022-02-16 09:40:00
2022-02-16 22:41:31,530 [simulator_env.py | 175] INFO: Get 34 unallocated orders, 18 ongoing orders, 60 completed orders.
2022-02-16 22:41:35,737 [simulator_env.py | 100] INFO: Finish the dispatch.
2022-02-16 22:41:35,741 [simulator_env.py | 278] INFO: 2022-02-16 09:40:00, Order 09301600078: state = 1 < 2, we can not finish the simulation
2022-02-16 22:41:35,743 [simulator_env.py | 87] INFO: **************************************************
2022-02-16 22:41:35,744 [simulator_env.py | 91] INFO: cur time: 2022-02-16 09:50:00, pre time: 2022-02-16 09:40:00
2022-02-16 22:41:35,745 [simulator_env.py | 147] INFO: Start to update the input of 2022-02-16 09:50:00
2022-02-16 22:41:35,756 [simulator_env.py | 175] INFO: Get 36 unallocated orders, 23 ongoing orders, 89 completed orders.
2022-02-16 22:41:43,632 [simulator_env.py | 100] INFO: Finish the dispatch.
2022-02-16 22:41:43,656 [simulator_env.py | 278] INFO: 2022-02-16 09:50:00, Order 09400300112: state = 1 < 2, we can not finish the simulation
2022-02-16 22:41:43,657 [simulator_env.py | 87] INFO: **************************************************
2022-02-16 22:41:43,657 [simulator_env.py | 91] INFO: cur time: 2022-02-16 10:00:00, pre time: 2022-02-16 09:50:00
2022-02-16 22:41:43,658 [simulator_env.py | 147] INFO: Start to update the input of 2022-02-16 10:00:00
2022-02-16 22:41:43,668 [simulator_env.py | 175] INFO: Get 43 unallocated orders, 26 ongoing orders, 122 completed orders.
2022-02-16 22:41:50,359 [simulator_env.py | 100] INFO: Finish the dispatch.
2022-02-16 22:41:50,364 [simulator_env.py | 278] INFO: 2022-02-16 10:00:00, Order 09504300148: state = 1 < 2, we can not finish the simulation
2022-02-16 22:41:50,366 [simulator_env.py | 87] INFO: **************************************************
2022-02-16 22:41:50,366 [simulator_env.py | 91] INFO: cur time: 2022-02-16 10:10:00, pre time: 2022-02-16 10:00:00
2022-02-16 22:41:50,366 [simulator_env.py | 147] INFO: Start to update the input of 2022-02-16 10:10:00
2022-02-16 22:41:50,378 [simulator_env.py | 175] INFO: Get 36 unallocated orders, 30 ongoing orders, 157 completed orders.
2022-02-16 22:41:53,346 [simulator_env.py | 100] INFO: Finish the dispatch.
2022-02-16 22:41:53,350 [simulator_env.py | 278] INFO: 2022-02-16 10:10:00, Order 09570100182: state = 1 < 2, we can not finish the simulation
2022-02-16 22:41:53,351 [simulator_env.py | 87] INFO: **************************************************
2022-02-16 22:41:53,351 [simulator_env.py | 91] INFO: cur time: 2022-02-16 10:20:00, pre time: 2022-02-16 10:10:00
2022-02-16 22:41:53,352 [simulator_env.py | 147] INFO: Start to update the input of 2022-02-16 10:20:00
2022-02-16 22:41:53,365 [simulator_env.py | 175] INFO: Get 37 unallocated orders, 21 ongoing orders, 200 completed orders.
2022-02-16 22:41:55,828 [simulator_env.py | 100] INFO: Finish the dispatch.
2022-02-16 22:41:55,832 [simulator_env.py | 278] INFO: 2022-02-16 10:20:00, Order 10051500204: state = 1 < 2, we can not finish the simulation
2022-02-16 22:41:55,833 [simulator_env.py | 87] INFO: **************************************************
2022-02-16 22:41:55,833 [simulator_env.py | 91] INFO: cur time: 2022-02-16 10:30:00, pre time: 2022-02-16 10:20:00
2022-02-16 22:41:55,834 [simulator_env.py | 147] INFO: Start to update the input of 2022-02-16 10:30:00
2022-02-16 22:41:55,844 [simulator_env.py | 175] INFO: Get 42 unallocated orders, 25 ongoing orders, 233 completed orders.
2022-02-16 22:41:57,970 [simulator_env.py | 100] INFO: Finish the dispatch.
2022-02-16 22:41:57,975 [simulator_env.py | 278] INFO: 2022-02-16 10:30:00, Order 10200500258: state = 1 < 2, we can not finish the simulation
2022-02-16 22:41:57,976 [simulator_env.py | 87] INFO: **************************************************
2022-02-16 22:41:57,976 [simulator_env.py | 91] INFO: cur time: 2022-02-16 10:40:00, pre time: 2022-02-16 10:30:00
2022-02-16 22:41:57,978 [simulator_env.py | 147] INFO: Start to update the input of 2022-02-16 10:40:00
2022-02-16 22:41:57,992 [simulator_env.py | 175] INFO: Get 44 unallocated orders, 23 ongoing orders, 272 completed orders.
2022-02-16 22:42:00,063 [simulator_env.py | 100] INFO: Finish the dispatch.
2022-02-16 22:42:00,067 [simulator_env.py | 278] INFO: 2022-02-16 10:40:00, Order 10275800292: state = 1 < 2, we can not finish the simulation
2022-02-16 22:42:00,068 [simulator_env.py | 87] INFO: **************************************************
2022-02-16 22:42:00,068 [simulator_env.py | 91] INFO: cur time: 2022-02-16 10:50:00, pre time: 2022-02-16 10:40:00
2022-02-16 22:42:00,068 [simulator_env.py | 147] INFO: Start to update the input of 2022-02-16 10:50:00
2022-02-16 22:42:00,082 [simulator_env.py | 175] INFO: Get 44 unallocated orders, 23 ongoing orders, 313 completed orders.
2022-02-16 22:42:03,189 [simulator_env.py | 100] INFO: Finish the dispatch.
2022-02-16 22:42:03,192 [simulator_env.py | 278] INFO: 2022-02-16 10:50:00, Order 10383700332: state = 1 < 2, we can not finish the simulation
2022-02-16 22:42:03,193 [simulator_env.py | 87] INFO: **************************************************
2022-02-16 22:42:03,193 [simulator_env.py | 91] INFO: cur time: 2022-02-16 11:00:00, pre time: 2022-02-16 10:50:00
2022-02-16 22:42:03,193 [simulator_env.py | 147] INFO: Start to update the input of 2022-02-16 11:00:00
2022-02-16 22:42:03,210 [simulator_env.py | 175] INFO: Get 43 unallocated orders, 27 ongoing orders, 349 completed orders.
2022-02-16 22:42:05,481 [simulator_env.py | 100] INFO: Finish the dispatch.
2022-02-16 22:42:05,485 [simulator_env.py | 278] INFO: 2022-02-16 11:00:00, Order 10484200369: state = 1 < 2, we can not finish the simulation
2022-02-16 22:42:05,486 [simulator_env.py | 87] INFO: **************************************************
2022-02-16 22:42:05,486 [simulator_env.py | 91] INFO: cur time: 2022-02-16 11:10:00, pre time: 2022-02-16 11:00:00
2022-02-16 22:42:05,486 [simulator_env.py | 147] INFO: Start to update the input of 2022-02-16 11:10:00
2022-02-16 22:42:05,497 [simulator_env.py | 175] INFO: Get 57 unallocated orders, 25 ongoing orders, 389 completed orders.
2022-02-16 22:42:07,619 [simulator_env.py | 100] INFO: Finish the dispatch.
2022-02-16 22:42:07,623 [simulator_env.py | 278] INFO: 2022-02-16 11:10:00, Order 10563300407: state = 1 < 2, we can not finish the simulation
2022-02-16 22:42:07,625 [simulator_env.py | 87] INFO: **************************************************
2022-02-16 22:42:07,625 [simulator_env.py | 91] INFO: cur time: 2022-02-16 11:20:00, pre time: 2022-02-16 11:10:00
2022-02-16 22:42:07,625 [simulator_env.py | 147] INFO: Start to update the input of 2022-02-16 11:20:00
2022-02-16 22:42:07,638 [simulator_env.py | 175] INFO: Get 43 unallocated orders, 36 ongoing orders, 423 completed orders.
2022-02-16 22:42:09,912 [simulator_env.py | 100] INFO: Finish the dispatch.
2022-02-16 22:42:09,915 [simulator_env.py | 278] INFO: 2022-02-16 11:20:00, Order 11053700446: state = 1 < 2, we can not finish the simulation
2022-02-16 22:42:09,917 [simulator_env.py | 87] INFO: **************************************************
2022-02-16 22:42:09,918 [simulator_env.py | 91] INFO: cur time: 2022-02-16 11:30:00, pre time: 2022-02-16 11:20:00
2022-02-16 22:42:09,918 [simulator_env.py | 147] INFO: Start to update the input of 2022-02-16 11:30:00
2022-02-16 22:42:09,929 [simulator_env.py | 175] INFO: Get 35 unallocated orders, 26 ongoing orders, 472 completed orders.
2022-02-16 22:42:11,966 [simulator_env.py | 100] INFO: Finish the dispatch.
2022-02-16 22:42:11,970 [simulator_env.py | 278] INFO: 2022-02-16 11:30:00, Order 11124400482: state = 1 < 2, we can not finish the simulation
2022-02-16 22:42:11,972 [simulator_env.py | 87] INFO: **************************************************
2022-02-16 22:42:11,972 [simulator_env.py | 91] INFO: cur time: 2022-02-16 11:40:00, pre time: 2022-02-16 11:30:00
2022-02-16 22:42:11,972 [simulator_env.py | 147] INFO: Start to update the input of 2022-02-16 11:40:00
2022-02-16 22:42:11,985 [simulator_env.py | 175] INFO: Get 49 unallocated orders, 17 ongoing orders, 512 completed orders.
2022-02-16 22:42:14,657 [simulator_env.py | 100] INFO: Finish the dispatch.
2022-02-16 22:42:14,660 [simulator_env.py | 278] INFO: 2022-02-16 11:40:00, Order 11274800527: state = 1 < 2, we can not finish the simulation
2022-02-16 22:42:14,661 [simulator_env.py | 87] INFO: **************************************************
2022-02-16 22:42:14,661 [simulator_env.py | 91] INFO: cur time: 2022-02-16 11:50:00, pre time: 2022-02-16 11:40:00
2022-02-16 22:42:14,661 [simulator_env.py | 147] INFO: Start to update the input of 2022-02-16 11:50:00
2022-02-16 22:42:14,706 [simulator_env.py | 175] INFO: Get 40 unallocated orders, 33 ongoing orders, 542 completed orders.
2022-02-16 22:42:16,995 [simulator_env.py | 100] INFO: Finish the dispatch.
2022-02-16 22:42:16,999 [simulator_env.py | 278] INFO: 2022-02-16 11:50:00, Order 11385900573: state = 1 < 2, we can not finish the simulation
2022-02-16 22:42:17,001 [simulator_env.py | 87] INFO: **************************************************
2022-02-16 22:42:17,001 [simulator_env.py | 91] INFO: cur time: 2022-02-16 12:00:00, pre time: 2022-02-16 11:50:00
2022-02-16 22:42:17,001 [simulator_env.py | 147] INFO: Start to update the input of 2022-02-16 12:00:00
2022-02-16 22:42:17,012 [simulator_env.py | 175] INFO: Get 47 unallocated orders, 24 ongoing orders, 583 completed orders.
2022-02-16 22:42:19,174 [simulator_env.py | 100] INFO: Finish the dispatch.
2022-02-16 22:42:19,179 [simulator_env.py | 278] INFO: 2022-02-16 12:00:00, Order 11465300602: state = 1 < 2, we can not finish the simulation
2022-02-16 22:42:19,180 [simulator_env.py | 87] INFO: **************************************************
2022-02-16 22:42:19,180 [simulator_env.py | 91] INFO: cur time: 2022-02-16 12:10:00, pre time: 2022-02-16 12:00:00
2022-02-16 22:42:19,180 [simulator_env.py | 147] INFO: Start to update the input of 2022-02-16 12:10:00
2022-02-16 22:42:19,195 [simulator_env.py | 175] INFO: Get 29 unallocated orders, 33 ongoing orders, 614 completed orders.
2022-02-16 22:42:21,720 [simulator_env.py | 100] INFO: Finish the dispatch.
2022-02-16 22:42:21,725 [simulator_env.py | 278] INFO: 2022-02-16 12:10:00, Order 11562600639: state = 1 < 2, we can not finish the simulation
2022-02-16 22:42:21,727 [simulator_env.py | 87] INFO: **************************************************
2022-02-16 22:42:21,727 [simulator_env.py | 91] INFO: cur time: 2022-02-16 12:20:00, pre time: 2022-02-16 12:10:00
2022-02-16 22:42:21,727 [simulator_env.py | 147] INFO: Start to update the input of 2022-02-16 12:20:00
2022-02-16 22:42:21,738 [simulator_env.py | 175] INFO: Get 20 unallocated orders, 15 ongoing orders, 660 completed orders.
2022-02-16 22:42:23,912 [simulator_env.py | 100] INFO: Finish the dispatch.
2022-02-16 22:42:23,915 [simulator_env.py | 278] INFO: 2022-02-16 12:20:00, Order 12083700671: state = 1 < 2, we can not finish the simulation
2022-02-16 22:42:23,916 [simulator_env.py | 87] INFO: **************************************************
2022-02-16 22:42:23,916 [simulator_env.py | 91] INFO: cur time: 2022-02-16 12:30:00, pre time: 2022-02-16 12:20:00
2022-02-16 22:42:23,916 [simulator_env.py | 147] INFO: Start to update the input of 2022-02-16 12:30:00
2022-02-16 22:42:23,923 [simulator_env.py | 175] INFO: Get 23 unallocated orders, 18 ongoing orders, 677 completed orders.
2022-02-16 22:42:26,413 [simulator_env.py | 100] INFO: Finish the dispatch.
2022-02-16 22:42:26,416 [simulator_env.py | 278] INFO: 2022-02-16 12:30:00, Order 12203800695: state = 1 < 2, we can not finish the simulation
2022-02-16 22:42:26,417 [simulator_env.py | 87] INFO: **************************************************
2022-02-16 22:42:26,417 [simulator_env.py | 91] INFO: cur time: 2022-02-16 12:40:00, pre time: 2022-02-16 12:30:00
2022-02-16 22:42:26,417 [simulator_env.py | 147] INFO: Start to update the input of 2022-02-16 12:40:00
2022-02-16 22:42:26,426 [simulator_env.py | 175] INFO: Get 23 unallocated orders, 17 ongoing orders, 701 completed orders.
2022-02-16 22:42:28,351 [simulator_env.py | 100] INFO: Finish the dispatch.
2022-02-16 22:42:28,355 [simulator_env.py | 278] INFO: 2022-02-16 12:40:00, Order 12302100718: state = 1 < 2, we can not finish the simulation
2022-02-16 22:42:28,356 [simulator_env.py | 87] INFO: **************************************************
2022-02-16 22:42:28,356 [simulator_env.py | 91] INFO: cur time: 2022-02-16 12:50:00, pre time: 2022-02-16 12:40:00
2022-02-16 22:42:28,356 [simulator_env.py | 147] INFO: Start to update the input of 2022-02-16 12:50:00
2022-02-16 22:42:28,365 [simulator_env.py | 175] INFO: Get 22 unallocated orders, 20 ongoing orders, 721 completed orders.
2022-02-16 22:42:30,552 [simulator_env.py | 100] INFO: Finish the dispatch.
2022-02-16 22:42:30,555 [simulator_env.py | 278] INFO: 2022-02-16 12:50:00, Order 12404800741: state = 1 < 2, we can not finish the simulation
2022-02-16 22:42:30,557 [simulator_env.py | 87] INFO: **************************************************
2022-02-16 22:42:30,557 [simulator_env.py | 91] INFO: cur time: 2022-02-16 13:00:00, pre time: 2022-02-16 12:50:00
2022-02-16 22:42:30,557 [simulator_env.py | 147] INFO: Start to update the input of 2022-02-16 13:00:00
2022-02-16 22:42:30,564 [simulator_env.py | 175] INFO: Get 21 unallocated orders, 14 ongoing orders, 749 completed orders.
2022-02-16 22:42:32,428 [simulator_env.py | 100] INFO: Finish the dispatch.
2022-02-16 22:42:32,430 [simulator_env.py | 278] INFO: 2022-02-16 13:00:00, Order 12500800763: state = 1 < 2, we can not finish the simulation
2022-02-16 22:42:32,431 [simulator_env.py | 87] INFO: **************************************************
2022-02-16 22:42:32,431 [simulator_env.py | 91] INFO: cur time: 2022-02-16 13:10:00, pre time: 2022-02-16 13:00:00
2022-02-16 22:42:32,431 [simulator_env.py | 147] INFO: Start to update the input of 2022-02-16 13:10:00
2022-02-16 22:42:32,436 [simulator_env.py | 175] INFO: Get 12 unallocated orders, 16 ongoing orders, 768 completed orders.
2022-02-16 22:42:34,295 [simulator_env.py | 100] INFO: Finish the dispatch.
2022-02-16 22:42:34,298 [simulator_env.py | 278] INFO: 2022-02-16 13:10:00, Order 13025800784: state = 1 < 2, we can not finish the simulation
2022-02-16 22:42:34,299 [simulator_env.py | 87] INFO: **************************************************
2022-02-16 22:42:34,299 [simulator_env.py | 91] INFO: cur time: 2022-02-16 13:20:00, pre time: 2022-02-16 13:10:00
2022-02-16 22:42:34,300 [simulator_env.py | 147] INFO: Start to update the input of 2022-02-16 13:20:00
2022-02-16 22:42:34,305 [simulator_env.py | 175] INFO: Get 9 unallocated orders, 9 ongoing orders, 787 completed orders.
2022-02-16 22:42:37,148 [simulator_env.py | 100] INFO: Finish the dispatch.
2022-02-16 22:42:37,150 [simulator_env.py | 278] INFO: 2022-02-16 13:20:00, Order 13103200796: state = 1 < 2, we can not finish the simulation
2022-02-16 22:42:37,151 [simulator_env.py | 87] INFO: **************************************************
2022-02-16 22:42:37,151 [simulator_env.py | 91] INFO: cur time: 2022-02-16 13:30:00, pre time: 2022-02-16 13:20:00
2022-02-16 22:42:37,151 [simulator_env.py | 147] INFO: Start to update the input of 2022-02-16 13:30:00
2022-02-16 22:42:37,157 [simulator_env.py | 175] INFO: Get 20 unallocated orders, 7 ongoing orders, 797 completed orders.
2022-02-16 22:42:39,187 [simulator_env.py | 100] INFO: Finish the dispatch.
2022-02-16 22:42:39,189 [simulator_env.py | 278] INFO: 2022-02-16 13:30:00, Order 13113700797: state = 1 < 2, we can not finish the simulation
2022-02-16 22:42:39,190 [simulator_env.py | 87] INFO: **************************************************
2022-02-16 22:42:39,190 [simulator_env.py | 91] INFO: cur time: 2022-02-16 13:40:00, pre time: 2022-02-16 13:30:00
2022-02-16 22:42:39,190 [simulator_env.py | 147] INFO: Start to update the input of 2022-02-16 13:40:00
2022-02-16 22:42:39,199 [simulator_env.py | 175] INFO: Get 13 unallocated orders, 13 ongoing orders, 811 completed orders.
2022-02-16 22:42:42,389 [simulator_env.py | 100] INFO: Finish the dispatch.
2022-02-16 22:42:42,392 [simulator_env.py | 278] INFO: 2022-02-16 13:40:00, Order 13300200824: state = 1 < 2, we can not finish the simulation
2022-02-16 22:42:42,393 [simulator_env.py | 87] INFO: **************************************************
2022-02-16 22:42:42,393 [simulator_env.py | 91] INFO: cur time: 2022-02-16 13:50:00, pre time: 2022-02-16 13:40:00
2022-02-16 22:42:42,393 [simulator_env.py | 147] INFO: Start to update the input of 2022-02-16 13:50:00
2022-02-16 22:42:42,400 [simulator_env.py | 175] INFO: Get 14 unallocated orders, 7 ongoing orders, 830 completed orders.
2022-02-16 22:42:44,302 [simulator_env.py | 100] INFO: Finish the dispatch.
2022-02-16 22:42:44,305 [simulator_env.py | 278] INFO: 2022-02-16 13:50:00, Order 13405400837: state = 1 < 2, we can not finish the simulation
2022-02-16 22:42:44,307 [simulator_env.py | 87] INFO: **************************************************
2022-02-16 22:42:44,307 [simulator_env.py | 91] INFO: cur time: 2022-02-16 14:00:00, pre time: 2022-02-16 13:50:00
2022-02-16 22:42:44,307 [simulator_env.py | 147] INFO: Start to update the input of 2022-02-16 14:00:00
2022-02-16 22:42:44,314 [simulator_env.py | 175] INFO: Get 16 unallocated orders, 12 ongoing orders, 839 completed orders.
2022-02-16 22:42:46,081 [simulator_env.py | 100] INFO: Finish the dispatch.
2022-02-16 22:42:46,084 [simulator_env.py | 278] INFO: 2022-02-16 14:00:00, Order 13515600851: state = 1 < 2, we can not finish the simulation
2022-02-16 22:42:46,085 [simulator_env.py | 87] INFO: **************************************************
2022-02-16 22:42:46,085 [simulator_env.py | 91] INFO: cur time: 2022-02-16 14:10:00, pre time: 2022-02-16 14:00:00
2022-02-16 22:42:46,085 [simulator_env.py | 147] INFO: Start to update the input of 2022-02-16 14:10:00
2022-02-16 22:42:46,092 [simulator_env.py | 175] INFO: Get 12 unallocated orders, 13 ongoing orders, 854 completed orders.
2022-02-16 22:42:47,978 [simulator_env.py | 100] INFO: Finish the dispatch.
2022-02-16 22:42:47,980 [simulator_env.py | 278] INFO: 2022-02-16 14:10:00, Order 14003100867: state = 1 < 2, we can not finish the simulation
2022-02-16 22:42:47,981 [simulator_env.py | 87] INFO: **************************************************
2022-02-16 22:42:47,981 [simulator_env.py | 91] INFO: cur time: 2022-02-16 14:20:00, pre time: 2022-02-16 14:10:00
2022-02-16 22:42:47,981 [simulator_env.py | 147] INFO: Start to update the input of 2022-02-16 14:20:00
2022-02-16 22:42:47,986 [simulator_env.py | 175] INFO: Get 13 unallocated orders, 9 ongoing orders, 870 completed orders.
2022-02-16 22:42:50,019 [simulator_env.py | 100] INFO: Finish the dispatch.
2022-02-16 22:42:50,023 [simulator_env.py | 278] INFO: 2022-02-16 14:20:00, Order 14111100879: state = 1 < 2, we can not finish the simulation
2022-02-16 22:42:50,024 [simulator_env.py | 87] INFO: **************************************************
2022-02-16 22:42:50,024 [simulator_env.py | 91] INFO: cur time: 2022-02-16 14:30:00, pre time: 2022-02-16 14:20:00
2022-02-16 22:42:50,024 [simulator_env.py | 147] INFO: Start to update the input of 2022-02-16 14:30:00
2022-02-16 22:42:50,029 [simulator_env.py | 175] INFO: Get 16 unallocated orders, 10 ongoing orders, 882 completed orders.
2022-02-16 22:42:53,220 [simulator_env.py | 100] INFO: Finish the dispatch.
2022-02-16 22:42:53,222 [simulator_env.py | 278] INFO: 2022-02-16 14:30:00, Order 14200400892: state = 1 < 2, we can not finish the simulation
2022-02-16 22:42:53,223 [simulator_env.py | 87] INFO: **************************************************
2022-02-16 22:42:53,223 [simulator_env.py | 91] INFO: cur time: 2022-02-16 14:40:00, pre time: 2022-02-16 14:30:00
2022-02-16 22:42:53,223 [simulator_env.py | 147] INFO: Start to update the input of 2022-02-16 14:40:00
2022-02-16 22:42:53,231 [simulator_env.py | 175] INFO: Get 16 unallocated orders, 14 ongoing orders, 894 completed orders.
2022-02-16 22:42:57,534 [simulator_env.py | 100] INFO: Finish the dispatch.
2022-02-16 22:42:57,538 [simulator_env.py | 278] INFO: 2022-02-16 14:40:00, Order 14303200908: state = 1 < 2, we can not finish the simulation
2022-02-16 22:42:57,539 [simulator_env.py | 87] INFO: **************************************************
2022-02-16 22:42:57,539 [simulator_env.py | 91] INFO: cur time: 2022-02-16 14:50:00, pre time: 2022-02-16 14:40:00
2022-02-16 22:42:57,539 [simulator_env.py | 147] INFO: Start to update the input of 2022-02-16 14:50:00
2022-02-16 22:42:57,545 [simulator_env.py | 175] INFO: Get 9 unallocated orders, 13 ongoing orders, 911 completed orders.
2022-02-16 22:43:00,459 [simulator_env.py | 100] INFO: Finish the dispatch.
2022-02-16 22:43:00,464 [simulator_env.py | 278] INFO: 2022-02-16 14:50:00, Order 14401900924: state = 1 < 2, we can not finish the simulation
2022-02-16 22:43:00,465 [simulator_env.py | 87] INFO: **************************************************
2022-02-16 22:43:00,465 [simulator_env.py | 91] INFO: cur time: 2022-02-16 15:00:00, pre time: 2022-02-16 14:50:00
2022-02-16 22:43:00,465 [simulator_env.py | 147] INFO: Start to update the input of 2022-02-16 15:00:00
2022-02-16 22:43:00,471 [simulator_env.py | 175] INFO: Get 16 unallocated orders, 6 ongoing orders, 927 completed orders.
2022-02-16 22:43:03,807 [simulator_env.py | 100] INFO: Finish the dispatch.
2022-02-16 22:43:03,810 [simulator_env.py | 278] INFO: 2022-02-16 15:00:00, Order 14503500933: state = 1 < 2, we can not finish the simulation
2022-02-16 22:43:03,810 [simulator_env.py | 87] INFO: **************************************************
2022-02-16 22:43:03,810 [simulator_env.py | 91] INFO: cur time: 2022-02-16 15:10:00, pre time: 2022-02-16 15:00:00
2022-02-16 22:43:03,810 [simulator_env.py | 147] INFO: Start to update the input of 2022-02-16 15:10:00
2022-02-16 22:43:03,817 [simulator_env.py | 175] INFO: Get 0 unallocated orders, 10 ongoing orders, 939 completed orders.
2022-02-16 22:43:10,673 [simulator_env.py | 100] INFO: Finish the dispatch.
2022-02-16 22:43:10,676 [simulator_env.py | 281] INFO: 2022-02-16 15:10:00, the status of all orders is greater than 1, we could finish the simulation
2022-02-16 22:43:10,678 [simulator_env.py | 124] INFO: finished the left ongoing orders
2022-02-16 22:43:10,678 [evaluator.py    | 116] INFO: Traveling Distance of driver D_1 is  71.030, visited node list: 35
2022-02-16 22:43:10,680 [evaluator.py    | 116] INFO: Traveling Distance of driver D_2 is  100.440, visited node list: 28
2022-02-16 22:43:10,681 [evaluator.py    | 116] INFO: Traveling Distance of driver D_3 is  115.800, visited node list: 43
2022-02-16 22:43:10,682 [evaluator.py    | 116] INFO: Traveling Distance of driver D_4 is  114.740, visited node list: 42
2022-02-16 22:43:10,682 [evaluator.py    | 116] INFO: Traveling Distance of driver D_5 is  123.390, visited node list: 42
2022-02-16 22:43:10,683 [evaluator.py    | 116] INFO: Traveling Distance of driver D_6 is  122.040, visited node list: 48
2022-02-16 22:43:10,683 [evaluator.py    | 116] INFO: Traveling Distance of driver D_7 is  130.240, visited node list: 49
2022-02-16 22:43:10,684 [evaluator.py    | 116] INFO: Traveling Distance of driver D_8 is  134.110, visited node list: 38
2022-02-16 22:43:10,684 [evaluator.py    | 116] INFO: Traveling Distance of driver D_9 is  120.420, visited node list: 46
2022-02-16 22:43:10,686 [evaluator.py    | 116] INFO: Traveling Distance of driver D_10 is  112.750, visited node list: 44
2022-02-16 22:43:10,687 [evaluator.py    | 116] INFO: Traveling Distance of driver D_11 is  121.760, visited node list: 48
2022-02-16 22:43:10,687 [evaluator.py    | 116] INFO: Traveling Distance of driver D_12 is  124.740, visited node list: 43
2022-02-16 22:43:10,688 [evaluator.py    | 116] INFO: Traveling Distance of driver D_13 is  104.240, visited node list: 40
2022-02-16 22:43:10,688 [evaluator.py    | 116] INFO: Traveling Distance of driver D_14 is  121.140, visited node list: 47
2022-02-16 22:43:10,690 [evaluator.py    | 116] INFO: Traveling Distance of driver D_15 is  124.370, visited node list: 47
2022-02-16 22:43:10,690 [evaluator.py    | 116] INFO: Traveling Distance of driver D_16 is  117.000, visited node list: 41
2022-02-16 22:43:10,690 [evaluator.py    | 116] INFO: Traveling Distance of driver D_17 is  110.740, visited node list: 44
2022-02-16 22:43:10,691 [evaluator.py    | 116] INFO: Traveling Distance of driver D_18 is  121.120, visited node list: 45
2022-02-16 22:43:10,691 [evaluator.py    | 116] INFO: Traveling Distance of driver D_19 is  107.680, visited node list: 39
2022-02-16 22:43:10,691 [evaluator.py    | 116] INFO: Traveling Distance of driver D_20 is  116.620, visited node list: 43
2022-02-16 22:43:10,691 [evaluator.py    | 116] INFO: Traveling Distance of driver D_21 is  121.610, visited node list: 42
2022-02-16 22:43:10,692 [evaluator.py    | 116] INFO: Traveling Distance of driver D_22 is  107.300, visited node list: 39
2022-02-16 22:43:10,692 [evaluator.py    | 116] INFO: Traveling Distance of driver D_23 is  104.090, visited node list: 41
2022-02-16 22:43:10,693 [evaluator.py    | 116] INFO: Traveling Distance of driver D_24 is  111.750, visited node list: 38
2022-02-16 22:43:10,694 [evaluator.py    | 116] INFO: Traveling Distance of driver D_25 is  109.240, visited node list: 39
2022-02-16 22:43:10,694 [evaluator.py    | 116] INFO: Traveling Distance of driver D_26 is  104.170, visited node list: 41
2022-02-16 22:43:10,694 [evaluator.py    | 116] INFO: Traveling Distance of driver D_27 is  90.020, visited node list: 38
2022-02-16 22:43:10,695 [evaluator.py    | 116] INFO: Traveling Distance of driver D_28 is  100.160, visited node list: 37
2022-02-16 22:43:10,695 [evaluator.py    | 116] INFO: Traveling Distance of driver D_29 is  96.620, visited node list: 39
2022-02-16 22:43:10,695 [evaluator.py    | 116] INFO: Traveling Distance of driver D_30 is  101.300, visited node list: 37
2022-02-16 22:43:10,696 [evaluator.py    | 116] INFO: Traveling Distance of driver D_31 is  71.480, visited node list: 30
2022-02-16 22:43:10,696 [evaluator.py    | 116] INFO: Traveling Distance of driver D_32 is  80.600, visited node list: 28
2022-02-16 22:43:10,696 [evaluator.py    | 116] INFO: Traveling Distance of driver D_33 is  79.370, visited node list: 27
2022-02-16 22:43:10,696 [evaluator.py    | 116] INFO: Traveling Distance of driver D_34 is  67.190, visited node list: 27
2022-02-16 22:43:10,696 [evaluator.py    | 116] INFO: Traveling Distance of driver D_35 is  72.790, visited node list: 23
2022-02-16 22:43:10,697 [evaluator.py    | 116] INFO: Traveling Distance of driver D_36 is  72.350, visited node list: 31
2022-02-16 22:43:10,697 [evaluator.py    | 116] INFO: Traveling Distance of driver D_37 is  76.400, visited node list: 29
2022-02-16 22:43:10,697 [evaluator.py    | 116] INFO: Traveling Distance of driver D_38 is  66.950, visited node list: 32
2022-02-16 22:43:10,697 [evaluator.py    | 116] INFO: Traveling Distance of driver D_39 is  77.810, visited node list: 25
2022-02-16 22:43:10,698 [evaluator.py    | 116] INFO: Traveling Distance of driver D_40 is  70.220, visited node list: 27
2022-02-16 22:43:10,698 [evaluator.py    | 116] INFO: Traveling Distance of driver D_41 is  67.440, visited node list: 27
2022-02-16 22:43:10,699 [evaluator.py    | 116] INFO: Traveling Distance of driver D_42 is  56.570, visited node list: 24
2022-02-16 22:43:10,699 [evaluator.py    | 116] INFO: Traveling Distance of driver D_43 is  57.530, visited node list: 21
2022-02-16 22:43:10,699 [evaluator.py    | 116] INFO: Traveling Distance of driver D_44 is  58.280, visited node list: 18
2022-02-16 22:43:10,699 [evaluator.py    | 116] INFO: Traveling Distance of driver D_45 is  64.370, visited node list: 25
2022-02-16 22:43:10,700 [evaluator.py    | 116] INFO: Traveling Distance of driver D_46 is  51.860, visited node list: 17
2022-02-16 22:43:10,700 [evaluator.py    | 116] INFO: Traveling Distance of driver D_47 is  53.050, visited node list: 26
2022-02-16 22:43:10,700 [evaluator.py    | 116] INFO: Traveling Distance of driver D_48 is  61.030, visited node list: 23
2022-02-16 22:43:10,700 [evaluator.py    | 116] INFO: Traveling Distance of driver D_49 is  52.630, visited node list: 20
2022-02-16 22:43:10,701 [evaluator.py    | 116] INFO: Traveling Distance of driver D_50 is  53.800, visited node list: 19
2022-02-16 22:43:10,701 [evaluator.py    | 116] INFO: Traveling Distance of driver D_51 is  55.390, visited node list: 21
2022-02-16 22:43:10,701 [evaluator.py    | 116] INFO: Traveling Distance of driver D_52 is  58.180, visited node list: 17
2022-02-16 22:43:10,702 [evaluator.py    | 116] INFO: Traveling Distance of driver D_53 is  46.600, visited node list: 24
2022-02-16 22:43:10,702 [evaluator.py    | 116] INFO: Traveling Distance of driver D_54 is  51.560, visited node list: 22
2022-02-16 22:43:10,702 [evaluator.py    | 116] INFO: Traveling Distance of driver D_55 is  50.490, visited node list: 20
2022-02-16 22:43:10,702 [evaluator.py    | 116] INFO: Traveling Distance of driver D_56 is  50.400, visited node list: 19
2022-02-16 22:43:10,702 [evaluator.py    | 116] INFO: Traveling Distance of driver D_57 is  36.780, visited node list: 14
2022-02-16 22:43:10,703 [evaluator.py    | 116] INFO: Traveling Distance of driver D_58 is  55.000, visited node list: 19
2022-02-16 22:43:10,703 [evaluator.py    | 116] INFO: Traveling Distance of driver D_59 is  52.790, visited node list: 20
2022-02-16 22:43:10,703 [evaluator.py    | 116] INFO: Traveling Distance of driver D_60 is  39.970, visited node list: 17
2022-02-16 22:43:10,703 [evaluator.py    | 18] INFO: Total distance:  5169.510
2022-02-16 22:43:10,777 [evaluator.py    | 22] INFO: Sum over time:  27.000
2022-02-16 22:43:10,777 [evaluator.py    | 26] INFO: Total score:  161.159
2022-02-16 22:43:11,012 [main.py         | 43] INFO: Score of instance_75: 161.1585
