2022-02-16 21:05:12,392 [main.py         | 38] INFO: Start to run /Users/yangjingfeng/Library/CloudStorage/OneDrive-Personal/Public/PhD Study/Papers/Food_Delivery/Code/Food_delivery_simulator/Benchmark/Instance_small: instance_51
2022-02-16 21:05:12,393 [simulator_api.py | 43] INFO: Start time of the simulator: 2022-02-16 09:00:00, time interval:  600.00
2022-02-16 21:05:12,653 [input_utils.py  | 35] INFO: Get 1158 locations
2022-02-16 21:05:12,674 [input_utils.py  | 39] INFO: Get 60 drivers
2022-02-16 21:05:13,006 [input_utils.py  | 43] INFO: Get 798 orders
2022-02-16 21:05:13,006 [simulator_api.py | 75] INFO: Initial position of D_1 is Bukit Timah Market & Food Centre
2022-02-16 21:05:13,007 [simulator_api.py | 75] INFO: Initial position of D_2 is Bukit Timah Market & Food Centre
2022-02-16 21:05:13,007 [simulator_api.py | 75] INFO: Initial position of D_3 is Ghim Moh Market & Food Centre
2022-02-16 21:05:13,007 [simulator_api.py | 75] INFO: Initial position of D_4 is Bukit Timah Market & Food Centre
2022-02-16 21:05:13,008 [simulator_api.py | 75] INFO: Initial position of D_5 is Alexandra Village Food Centre
2022-02-16 21:05:13,008 [simulator_api.py | 75] INFO: Initial position of D_6 is Bukit Timah Market & Food Centre
2022-02-16 21:05:13,008 [simulator_api.py | 75] INFO: Initial position of D_7 is Bukit Timah Market & Food Centre
2022-02-16 21:05:13,008 [simulator_api.py | 75] INFO: Initial position of D_8 is Bukit Timah Market & Food Centre
2022-02-16 21:05:13,008 [simulator_api.py | 75] INFO: Initial position of D_9 is Bukit Timah Market & Food Centre
2022-02-16 21:05:13,008 [simulator_api.py | 75] INFO: Initial position of D_10 is Bukit Timah Market & Food Centre
2022-02-16 21:05:13,008 [simulator_api.py | 75] INFO: Initial position of D_11 is Alexandra Village Food Centre
2022-02-16 21:05:13,009 [simulator_api.py | 75] INFO: Initial position of D_12 is Ghim Moh Market & Food Centre
2022-02-16 21:05:13,009 [simulator_api.py | 75] INFO: Initial position of D_13 is Alexandra Village Food Centre
2022-02-16 21:05:13,009 [simulator_api.py | 75] INFO: Initial position of D_14 is Ghim Moh Market & Food Centre
2022-02-16 21:05:13,009 [simulator_api.py | 75] INFO: Initial position of D_15 is Bukit Timah Market & Food Centre
2022-02-16 21:05:13,009 [simulator_api.py | 75] INFO: Initial position of D_16 is Ghim Moh Market & Food Centre
2022-02-16 21:05:13,009 [simulator_api.py | 75] INFO: Initial position of D_17 is Ghim Moh Market & Food Centre
2022-02-16 21:05:13,009 [simulator_api.py | 75] INFO: Initial position of D_18 is Alexandra Village Food Centre
2022-02-16 21:05:13,010 [simulator_api.py | 75] INFO: Initial position of D_19 is Bukit Timah Market & Food Centre
2022-02-16 21:05:13,011 [simulator_api.py | 75] INFO: Initial position of D_20 is Alexandra Village Food Centre
2022-02-16 21:05:13,011 [simulator_api.py | 75] INFO: Initial position of D_21 is Alexandra Village Food Centre
2022-02-16 21:05:13,011 [simulator_api.py | 75] INFO: Initial position of D_22 is Alexandra Village Food Centre
2022-02-16 21:05:13,011 [simulator_api.py | 75] INFO: Initial position of D_23 is Ghim Moh Market & Food Centre
2022-02-16 21:05:13,011 [simulator_api.py | 75] INFO: Initial position of D_24 is Bukit Timah Market & Food Centre
2022-02-16 21:05:13,011 [simulator_api.py | 75] INFO: Initial position of D_25 is Ghim Moh Market & Food Centre
2022-02-16 21:05:13,011 [simulator_api.py | 75] INFO: Initial position of D_26 is Alexandra Village Food Centre
2022-02-16 21:05:13,011 [simulator_api.py | 75] INFO: Initial position of D_27 is Ghim Moh Market & Food Centre
2022-02-16 21:05:13,011 [simulator_api.py | 75] INFO: Initial position of D_28 is Alexandra Village Food Centre
2022-02-16 21:05:13,013 [simulator_api.py | 75] INFO: Initial position of D_29 is Bukit Timah Market & Food Centre
2022-02-16 21:05:13,013 [simulator_api.py | 75] INFO: Initial position of D_30 is Bukit Timah Market & Food Centre
2022-02-16 21:05:13,013 [simulator_api.py | 75] INFO: Initial position of D_31 is Alexandra Village Food Centre
2022-02-16 21:05:13,013 [simulator_api.py | 75] INFO: Initial position of D_32 is Ghim Moh Market & Food Centre
2022-02-16 21:05:13,013 [simulator_api.py | 75] INFO: Initial position of D_33 is Bukit Timah Market & Food Centre
2022-02-16 21:05:13,013 [simulator_api.py | 75] INFO: Initial position of D_34 is Bukit Timah Market & Food Centre
2022-02-16 21:05:13,014 [simulator_api.py | 75] INFO: Initial position of D_35 is Bukit Timah Market & Food Centre
2022-02-16 21:05:13,014 [simulator_api.py | 75] INFO: Initial position of D_36 is Alexandra Village Food Centre
2022-02-16 21:05:13,014 [simulator_api.py | 75] INFO: Initial position of D_37 is Alexandra Village Food Centre
2022-02-16 21:05:13,014 [simulator_api.py | 75] INFO: Initial position of D_38 is Ghim Moh Market & Food Centre
2022-02-16 21:05:13,014 [simulator_api.py | 75] INFO: Initial position of D_39 is Alexandra Village Food Centre
2022-02-16 21:05:13,014 [simulator_api.py | 75] INFO: Initial position of D_40 is Bukit Timah Market & Food Centre
2022-02-16 21:05:13,014 [simulator_api.py | 75] INFO: Initial position of D_41 is Bukit Timah Market & Food Centre
2022-02-16 21:05:13,014 [simulator_api.py | 75] INFO: Initial position of D_42 is Alexandra Village Food Centre
2022-02-16 21:05:13,015 [simulator_api.py | 75] INFO: Initial position of D_43 is Bukit Timah Market & Food Centre
2022-02-16 21:05:13,015 [simulator_api.py | 75] INFO: Initial position of D_44 is Ghim Moh Market & Food Centre
2022-02-16 21:05:13,015 [simulator_api.py | 75] INFO: Initial position of D_45 is Alexandra Village Food Centre
2022-02-16 21:05:13,015 [simulator_api.py | 75] INFO: Initial position of D_46 is Ghim Moh Market & Food Centre
2022-02-16 21:05:13,015 [simulator_api.py | 75] INFO: Initial position of D_47 is Ghim Moh Market & Food Centre
2022-02-16 21:05:13,015 [simulator_api.py | 75] INFO: Initial position of D_48 is Alexandra Village Food Centre
2022-02-16 21:05:13,015 [simulator_api.py | 75] INFO: Initial position of D_49 is Bukit Timah Market & Food Centre
2022-02-16 21:05:13,015 [simulator_api.py | 75] INFO: Initial position of D_50 is Alexandra Village Food Centre
2022-02-16 21:05:13,016 [simulator_api.py | 75] INFO: Initial position of D_51 is Alexandra Village Food Centre
2022-02-16 21:05:13,016 [simulator_api.py | 75] INFO: Initial position of D_52 is Alexandra Village Food Centre
2022-02-16 21:05:13,016 [simulator_api.py | 75] INFO: Initial position of D_53 is Ghim Moh Market & Food Centre
2022-02-16 21:05:13,016 [simulator_api.py | 75] INFO: Initial position of D_54 is Alexandra Village Food Centre
2022-02-16 21:05:13,016 [simulator_api.py | 75] INFO: Initial position of D_55 is Bukit Timah Market & Food Centre
2022-02-16 21:05:13,016 [simulator_api.py | 75] INFO: Initial position of D_56 is Bukit Timah Market & Food Centre
2022-02-16 21:05:13,016 [simulator_api.py | 75] INFO: Initial position of D_57 is Ghim Moh Market & Food Centre
2022-02-16 21:05:13,018 [simulator_api.py | 75] INFO: Initial position of D_58 is Alexandra Village Food Centre
2022-02-16 21:05:13,018 [simulator_api.py | 75] INFO: Initial position of D_59 is Bukit Timah Market & Food Centre
2022-02-16 21:05:13,018 [simulator_api.py | 75] INFO: Initial position of D_60 is Alexandra Village Food Centre
2022-02-16 21:05:13,035 [simulator_env.py | 87] INFO: **************************************************
2022-02-16 21:05:13,035 [simulator_env.py | 91] INFO: cur time: 2022-02-16 09:10:00, pre time: 2022-02-16 09:00:00
2022-02-16 21:05:13,035 [simulator_env.py | 147] INFO: Start to update the input of 2022-02-16 09:10:00
2022-02-16 21:05:13,038 [simulator_env.py | 175] INFO: Get 17 unallocated orders, 0 ongoing orders, 0 completed orders.
2022-02-16 21:05:14,379 [simulator_env.py | 100] INFO: Finish the dispatch.
2022-02-16 21:05:14,381 [simulator_env.py | 278] INFO: 2022-02-16 09:10:00, Order 09001000000: state = 1 < 2, we can not finish the simulation
2022-02-16 21:05:14,381 [simulator_env.py | 87] INFO: **************************************************
2022-02-16 21:05:14,381 [simulator_env.py | 91] INFO: cur time: 2022-02-16 09:20:00, pre time: 2022-02-16 09:10:00
2022-02-16 21:05:14,381 [simulator_env.py | 147] INFO: Start to update the input of 2022-02-16 09:20:00
2022-02-16 21:05:14,390 [simulator_env.py | 175] INFO: Get 33 unallocated orders, 11 ongoing orders, 6 completed orders.
2022-02-16 21:05:16,003 [simulator_env.py | 100] INFO: Finish the dispatch.
2022-02-16 21:05:16,006 [simulator_env.py | 278] INFO: 2022-02-16 09:20:00, Order 09100600017: state = 1 < 2, we can not finish the simulation
2022-02-16 21:05:16,007 [simulator_env.py | 87] INFO: **************************************************
2022-02-16 21:05:16,007 [simulator_env.py | 91] INFO: cur time: 2022-02-16 09:30:00, pre time: 2022-02-16 09:20:00
2022-02-16 21:05:16,007 [simulator_env.py | 147] INFO: Start to update the input of 2022-02-16 09:30:00
2022-02-16 21:05:16,013 [simulator_env.py | 175] INFO: Get 27 unallocated orders, 24 ongoing orders, 26 completed orders.
2022-02-16 21:05:17,617 [simulator_env.py | 100] INFO: Finish the dispatch.
2022-02-16 21:05:17,620 [simulator_env.py | 278] INFO: 2022-02-16 09:30:00, Order 09201500050: state = 1 < 2, we can not finish the simulation
2022-02-16 21:05:17,621 [simulator_env.py | 87] INFO: **************************************************
2022-02-16 21:05:17,621 [simulator_env.py | 91] INFO: cur time: 2022-02-16 09:40:00, pre time: 2022-02-16 09:30:00
2022-02-16 21:05:17,621 [simulator_env.py | 147] INFO: Start to update the input of 2022-02-16 09:40:00
2022-02-16 21:05:17,640 [simulator_env.py | 175] INFO: Get 24 unallocated orders, 22 ongoing orders, 55 completed orders.
2022-02-16 21:05:19,311 [simulator_env.py | 100] INFO: Finish the dispatch.
2022-02-16 21:05:19,314 [simulator_env.py | 278] INFO: 2022-02-16 09:40:00, Order 09300900077: state = 1 < 2, we can not finish the simulation
2022-02-16 21:05:19,315 [simulator_env.py | 87] INFO: **************************************************
2022-02-16 21:05:19,316 [simulator_env.py | 91] INFO: cur time: 2022-02-16 09:50:00, pre time: 2022-02-16 09:40:00
2022-02-16 21:05:19,316 [simulator_env.py | 147] INFO: Start to update the input of 2022-02-16 09:50:00
2022-02-16 21:05:19,328 [simulator_env.py | 175] INFO: Get 25 unallocated orders, 17 ongoing orders, 84 completed orders.
2022-02-16 21:05:20,888 [simulator_env.py | 100] INFO: Finish the dispatch.
2022-02-16 21:05:20,890 [simulator_env.py | 278] INFO: 2022-02-16 09:50:00, Order 09402800101: state = 1 < 2, we can not finish the simulation
2022-02-16 21:05:20,891 [simulator_env.py | 87] INFO: **************************************************
2022-02-16 21:05:20,892 [simulator_env.py | 91] INFO: cur time: 2022-02-16 10:00:00, pre time: 2022-02-16 09:50:00
2022-02-16 21:05:20,892 [simulator_env.py | 147] INFO: Start to update the input of 2022-02-16 10:00:00
2022-02-16 21:05:20,902 [simulator_env.py | 175] INFO: Get 38 unallocated orders, 16 ongoing orders, 110 completed orders.
2022-02-16 21:05:22,640 [simulator_env.py | 100] INFO: Finish the dispatch.
2022-02-16 21:05:22,643 [simulator_env.py | 278] INFO: 2022-02-16 10:00:00, Order 09503700126: state = 1 < 2, we can not finish the simulation
2022-02-16 21:05:22,644 [simulator_env.py | 87] INFO: **************************************************
2022-02-16 21:05:22,644 [simulator_env.py | 91] INFO: cur time: 2022-02-16 10:10:00, pre time: 2022-02-16 10:00:00
2022-02-16 21:05:22,644 [simulator_env.py | 147] INFO: Start to update the input of 2022-02-16 10:10:00
2022-02-16 21:05:22,657 [simulator_env.py | 175] INFO: Get 32 unallocated orders, 28 ongoing orders, 136 completed orders.
2022-02-16 21:05:24,211 [simulator_env.py | 100] INFO: Finish the dispatch.
2022-02-16 21:05:24,214 [simulator_env.py | 278] INFO: 2022-02-16 10:10:00, Order 10000500164: state = 1 < 2, we can not finish the simulation
2022-02-16 21:05:24,216 [simulator_env.py | 87] INFO: **************************************************
2022-02-16 21:05:24,216 [simulator_env.py | 91] INFO: cur time: 2022-02-16 10:20:00, pre time: 2022-02-16 10:10:00
2022-02-16 21:05:24,216 [simulator_env.py | 147] INFO: Start to update the input of 2022-02-16 10:20:00
2022-02-16 21:05:24,229 [simulator_env.py | 175] INFO: Get 26 unallocated orders, 16 ongoing orders, 180 completed orders.
2022-02-16 21:05:25,899 [simulator_env.py | 100] INFO: Finish the dispatch.
2022-02-16 21:05:25,901 [simulator_env.py | 278] INFO: 2022-02-16 10:20:00, Order 10104200196: state = 1 < 2, we can not finish the simulation
2022-02-16 21:05:25,902 [simulator_env.py | 87] INFO: **************************************************
2022-02-16 21:05:25,902 [simulator_env.py | 91] INFO: cur time: 2022-02-16 10:30:00, pre time: 2022-02-16 10:20:00
2022-02-16 21:05:25,902 [simulator_env.py | 147] INFO: Start to update the input of 2022-02-16 10:30:00
2022-02-16 21:05:25,910 [simulator_env.py | 175] INFO: Get 30 unallocated orders, 19 ongoing orders, 203 completed orders.
2022-02-16 21:05:27,602 [simulator_env.py | 100] INFO: Finish the dispatch.
2022-02-16 21:05:27,605 [simulator_env.py | 278] INFO: 2022-02-16 10:30:00, Order 10201000222: state = 1 < 2, we can not finish the simulation
2022-02-16 21:05:27,605 [simulator_env.py | 87] INFO: **************************************************
2022-02-16 21:05:27,605 [simulator_env.py | 91] INFO: cur time: 2022-02-16 10:40:00, pre time: 2022-02-16 10:30:00
2022-02-16 21:05:27,606 [simulator_env.py | 147] INFO: Start to update the input of 2022-02-16 10:40:00
2022-02-16 21:05:27,614 [simulator_env.py | 175] INFO: Get 40 unallocated orders, 18 ongoing orders, 234 completed orders.
2022-02-16 21:05:29,322 [simulator_env.py | 100] INFO: Finish the dispatch.
2022-02-16 21:05:29,326 [simulator_env.py | 278] INFO: 2022-02-16 10:40:00, Order 10300500252: state = 1 < 2, we can not finish the simulation
2022-02-16 21:05:29,327 [simulator_env.py | 87] INFO: **************************************************
2022-02-16 21:05:29,327 [simulator_env.py | 91] INFO: cur time: 2022-02-16 10:50:00, pre time: 2022-02-16 10:40:00
2022-02-16 21:05:29,327 [simulator_env.py | 147] INFO: Start to update the input of 2022-02-16 10:50:00
2022-02-16 21:05:29,341 [simulator_env.py | 175] INFO: Get 37 unallocated orders, 23 ongoing orders, 269 completed orders.
2022-02-16 21:05:31,000 [simulator_env.py | 100] INFO: Finish the dispatch.
2022-02-16 21:05:31,005 [simulator_env.py | 278] INFO: 2022-02-16 10:50:00, Order 10402600292: state = 1 < 2, we can not finish the simulation
2022-02-16 21:05:31,006 [simulator_env.py | 87] INFO: **************************************************
2022-02-16 21:05:31,007 [simulator_env.py | 91] INFO: cur time: 2022-02-16 11:00:00, pre time: 2022-02-16 10:50:00
2022-02-16 21:05:31,007 [simulator_env.py | 147] INFO: Start to update the input of 2022-02-16 11:00:00
2022-02-16 21:05:31,020 [simulator_env.py | 175] INFO: Get 32 unallocated orders, 22 ongoing orders, 307 completed orders.
2022-02-16 21:05:32,615 [simulator_env.py | 100] INFO: Finish the dispatch.
2022-02-16 21:05:32,618 [simulator_env.py | 278] INFO: 2022-02-16 11:00:00, Order 10501500329: state = 1 < 2, we can not finish the simulation
2022-02-16 21:05:32,619 [simulator_env.py | 87] INFO: **************************************************
2022-02-16 21:05:32,619 [simulator_env.py | 91] INFO: cur time: 2022-02-16 11:10:00, pre time: 2022-02-16 11:00:00
2022-02-16 21:05:32,619 [simulator_env.py | 147] INFO: Start to update the input of 2022-02-16 11:10:00
2022-02-16 21:05:32,628 [simulator_env.py | 175] INFO: Get 24 unallocated orders, 16 ongoing orders, 345 completed orders.
2022-02-16 21:05:34,264 [simulator_env.py | 100] INFO: Finish the dispatch.
2022-02-16 21:05:34,268 [simulator_env.py | 278] INFO: 2022-02-16 11:10:00, Order 11010600361: state = 1 < 2, we can not finish the simulation
2022-02-16 21:05:34,269 [simulator_env.py | 87] INFO: **************************************************
2022-02-16 21:05:34,269 [simulator_env.py | 91] INFO: cur time: 2022-02-16 11:20:00, pre time: 2022-02-16 11:10:00
2022-02-16 21:05:34,269 [simulator_env.py | 147] INFO: Start to update the input of 2022-02-16 11:20:00
2022-02-16 21:05:34,279 [simulator_env.py | 175] INFO: Get 38 unallocated orders, 16 ongoing orders, 369 completed orders.
2022-02-16 21:05:35,922 [simulator_env.py | 100] INFO: Finish the dispatch.
2022-02-16 21:05:35,925 [simulator_env.py | 278] INFO: 2022-02-16 11:20:00, Order 11100800385: state = 1 < 2, we can not finish the simulation
2022-02-16 21:05:35,926 [simulator_env.py | 87] INFO: **************************************************
2022-02-16 21:05:35,926 [simulator_env.py | 91] INFO: cur time: 2022-02-16 11:30:00, pre time: 2022-02-16 11:20:00
2022-02-16 21:05:35,926 [simulator_env.py | 147] INFO: Start to update the input of 2022-02-16 11:30:00
2022-02-16 21:05:35,938 [simulator_env.py | 175] INFO: Get 25 unallocated orders, 30 ongoing orders, 393 completed orders.
2022-02-16 21:05:37,572 [simulator_env.py | 100] INFO: Finish the dispatch.
2022-02-16 21:05:37,576 [simulator_env.py | 278] INFO: 2022-02-16 11:30:00, Order 11214000423: state = 1 < 2, we can not finish the simulation
2022-02-16 21:05:37,577 [simulator_env.py | 87] INFO: **************************************************
2022-02-16 21:05:37,578 [simulator_env.py | 91] INFO: cur time: 2022-02-16 11:40:00, pre time: 2022-02-16 11:30:00
2022-02-16 21:05:37,578 [simulator_env.py | 147] INFO: Start to update the input of 2022-02-16 11:40:00
2022-02-16 21:05:37,589 [simulator_env.py | 175] INFO: Get 30 unallocated orders, 18 ongoing orders, 429 completed orders.
2022-02-16 21:05:39,470 [simulator_env.py | 100] INFO: Finish the dispatch.
2022-02-16 21:05:39,474 [simulator_env.py | 278] INFO: 2022-02-16 11:40:00, Order 11292800446: state = 1 < 2, we can not finish the simulation
2022-02-16 21:05:39,475 [simulator_env.py | 87] INFO: **************************************************
2022-02-16 21:05:39,475 [simulator_env.py | 91] INFO: cur time: 2022-02-16 11:50:00, pre time: 2022-02-16 11:40:00
2022-02-16 21:05:39,475 [simulator_env.py | 147] INFO: Start to update the input of 2022-02-16 11:50:00
2022-02-16 21:05:39,495 [simulator_env.py | 175] INFO: Get 33 unallocated orders, 19 ongoing orders, 457 completed orders.
2022-02-16 21:05:41,184 [simulator_env.py | 100] INFO: Finish the dispatch.
2022-02-16 21:05:41,188 [simulator_env.py | 278] INFO: 2022-02-16 11:50:00, Order 11292800446: state = 1 < 2, we can not finish the simulation
2022-02-16 21:05:41,189 [simulator_env.py | 87] INFO: **************************************************
2022-02-16 21:05:41,189 [simulator_env.py | 91] INFO: cur time: 2022-02-16 12:00:00, pre time: 2022-02-16 11:50:00
2022-02-16 21:05:41,189 [simulator_env.py | 147] INFO: Start to update the input of 2022-02-16 12:00:00
2022-02-16 21:05:41,207 [simulator_env.py | 175] INFO: Get 41 unallocated orders, 21 ongoing orders, 487 completed orders.
2022-02-16 21:05:43,051 [simulator_env.py | 100] INFO: Finish the dispatch.
2022-02-16 21:05:43,054 [simulator_env.py | 278] INFO: 2022-02-16 12:00:00, Order 11412300483: state = 1 < 2, we can not finish the simulation
2022-02-16 21:05:43,055 [simulator_env.py | 87] INFO: **************************************************
2022-02-16 21:05:43,056 [simulator_env.py | 91] INFO: cur time: 2022-02-16 12:10:00, pre time: 2022-02-16 12:00:00
2022-02-16 21:05:43,056 [simulator_env.py | 147] INFO: Start to update the input of 2022-02-16 12:10:00
2022-02-16 21:05:43,071 [simulator_env.py | 175] INFO: Get 14 unallocated orders, 27 ongoing orders, 522 completed orders.
2022-02-16 21:05:44,853 [simulator_env.py | 100] INFO: Finish the dispatch.
2022-02-16 21:05:44,856 [simulator_env.py | 278] INFO: 2022-02-16 12:10:00, Order 12002600549: state = 1 < 2, we can not finish the simulation
2022-02-16 21:05:44,856 [simulator_env.py | 87] INFO: **************************************************
2022-02-16 21:05:44,856 [simulator_env.py | 91] INFO: cur time: 2022-02-16 12:20:00, pre time: 2022-02-16 12:10:00
2022-02-16 21:05:44,857 [simulator_env.py | 147] INFO: Start to update the input of 2022-02-16 12:20:00
2022-02-16 21:05:44,864 [simulator_env.py | 175] INFO: Get 19 unallocated orders, 8 ongoing orders, 555 completed orders.
2022-02-16 21:05:46,605 [simulator_env.py | 100] INFO: Finish the dispatch.
2022-02-16 21:05:46,608 [simulator_env.py | 278] INFO: 2022-02-16 12:20:00, Order 12102000563: state = 1 < 2, we can not finish the simulation
2022-02-16 21:05:46,608 [simulator_env.py | 87] INFO: **************************************************
2022-02-16 21:05:46,608 [simulator_env.py | 91] INFO: cur time: 2022-02-16 12:30:00, pre time: 2022-02-16 12:20:00
2022-02-16 21:05:46,608 [simulator_env.py | 147] INFO: Start to update the input of 2022-02-16 12:30:00
2022-02-16 21:05:46,615 [simulator_env.py | 175] INFO: Get 21 unallocated orders, 16 ongoing orders, 566 completed orders.
2022-02-16 21:05:48,247 [simulator_env.py | 100] INFO: Finish the dispatch.
2022-02-16 21:05:48,250 [simulator_env.py | 278] INFO: 2022-02-16 12:30:00, Order 12201000582: state = 1 < 2, we can not finish the simulation
2022-02-16 21:05:48,251 [simulator_env.py | 87] INFO: **************************************************
2022-02-16 21:05:48,251 [simulator_env.py | 91] INFO: cur time: 2022-02-16 12:40:00, pre time: 2022-02-16 12:30:00
2022-02-16 21:05:48,251 [simulator_env.py | 147] INFO: Start to update the input of 2022-02-16 12:40:00
2022-02-16 21:05:48,262 [simulator_env.py | 175] INFO: Get 13 unallocated orders, 14 ongoing orders, 589 completed orders.
2022-02-16 21:05:49,838 [simulator_env.py | 100] INFO: Finish the dispatch.
2022-02-16 21:05:49,841 [simulator_env.py | 278] INFO: 2022-02-16 12:40:00, Order 12304400603: state = 1 < 2, we can not finish the simulation
2022-02-16 21:05:49,842 [simulator_env.py | 87] INFO: **************************************************
2022-02-16 21:05:49,842 [simulator_env.py | 91] INFO: cur time: 2022-02-16 12:50:00, pre time: 2022-02-16 12:40:00
2022-02-16 21:05:49,842 [simulator_env.py | 147] INFO: Start to update the input of 2022-02-16 12:50:00
2022-02-16 21:05:49,848 [simulator_env.py | 175] INFO: Get 20 unallocated orders, 9 ongoing orders, 607 completed orders.
2022-02-16 21:05:51,575 [simulator_env.py | 100] INFO: Finish the dispatch.
2022-02-16 21:05:51,577 [simulator_env.py | 278] INFO: 2022-02-16 12:50:00, Order 12402100616: state = 1 < 2, we can not finish the simulation
2022-02-16 21:05:51,578 [simulator_env.py | 87] INFO: **************************************************
2022-02-16 21:05:51,579 [simulator_env.py | 91] INFO: cur time: 2022-02-16 13:00:00, pre time: 2022-02-16 12:50:00
2022-02-16 21:05:51,579 [simulator_env.py | 147] INFO: Start to update the input of 2022-02-16 13:00:00
2022-02-16 21:05:51,587 [simulator_env.py | 175] INFO: Get 11 unallocated orders, 14 ongoing orders, 621 completed orders.
2022-02-16 21:05:53,261 [simulator_env.py | 100] INFO: Finish the dispatch.
2022-02-16 21:05:53,264 [simulator_env.py | 278] INFO: 2022-02-16 13:00:00, Order 12402100616: state = 1 < 2, we can not finish the simulation
2022-02-16 21:05:53,264 [simulator_env.py | 87] INFO: **************************************************
2022-02-16 21:05:53,265 [simulator_env.py | 91] INFO: cur time: 2022-02-16 13:10:00, pre time: 2022-02-16 13:00:00
2022-02-16 21:05:53,265 [simulator_env.py | 147] INFO: Start to update the input of 2022-02-16 13:10:00
2022-02-16 21:05:53,271 [simulator_env.py | 175] INFO: Get 15 unallocated orders, 4 ongoing orders, 642 completed orders.
2022-02-16 21:05:55,005 [simulator_env.py | 100] INFO: Finish the dispatch.
2022-02-16 21:05:55,008 [simulator_env.py | 278] INFO: 2022-02-16 13:10:00, Order 13003800646: state = 1 < 2, we can not finish the simulation
2022-02-16 21:05:55,008 [simulator_env.py | 87] INFO: **************************************************
2022-02-16 21:05:55,009 [simulator_env.py | 91] INFO: cur time: 2022-02-16 13:20:00, pre time: 2022-02-16 13:10:00
2022-02-16 21:05:55,009 [simulator_env.py | 147] INFO: Start to update the input of 2022-02-16 13:20:00
2022-02-16 21:05:55,016 [simulator_env.py | 175] INFO: Get 19 unallocated orders, 14 ongoing orders, 647 completed orders.
2022-02-16 21:05:56,628 [simulator_env.py | 100] INFO: Finish the dispatch.
2022-02-16 21:05:56,631 [simulator_env.py | 278] INFO: 2022-02-16 13:20:00, Order 13100500661: state = 1 < 2, we can not finish the simulation
2022-02-16 21:05:56,632 [simulator_env.py | 87] INFO: **************************************************
2022-02-16 21:05:56,632 [simulator_env.py | 91] INFO: cur time: 2022-02-16 13:30:00, pre time: 2022-02-16 13:20:00
2022-02-16 21:05:56,632 [simulator_env.py | 147] INFO: Start to update the input of 2022-02-16 13:30:00
2022-02-16 21:05:56,641 [simulator_env.py | 175] INFO: Get 13 unallocated orders, 15 ongoing orders, 665 completed orders.
2022-02-16 21:05:58,275 [simulator_env.py | 100] INFO: Finish the dispatch.
2022-02-16 21:05:58,277 [simulator_env.py | 278] INFO: 2022-02-16 13:30:00, Order 13204100680: state = 1 < 2, we can not finish the simulation
2022-02-16 21:05:58,278 [simulator_env.py | 87] INFO: **************************************************
2022-02-16 21:05:58,278 [simulator_env.py | 91] INFO: cur time: 2022-02-16 13:40:00, pre time: 2022-02-16 13:30:00
2022-02-16 21:05:58,279 [simulator_env.py | 147] INFO: Start to update the input of 2022-02-16 13:40:00
2022-02-16 21:05:58,286 [simulator_env.py | 175] INFO: Get 14 unallocated orders, 11 ongoing orders, 682 completed orders.
2022-02-16 21:05:59,868 [simulator_env.py | 100] INFO: Finish the dispatch.
2022-02-16 21:05:59,871 [simulator_env.py | 278] INFO: 2022-02-16 13:40:00, Order 13300200693: state = 1 < 2, we can not finish the simulation
2022-02-16 21:05:59,871 [simulator_env.py | 87] INFO: **************************************************
2022-02-16 21:05:59,871 [simulator_env.py | 91] INFO: cur time: 2022-02-16 13:50:00, pre time: 2022-02-16 13:40:00
2022-02-16 21:05:59,872 [simulator_env.py | 147] INFO: Start to update the input of 2022-02-16 13:50:00
2022-02-16 21:05:59,879 [simulator_env.py | 175] INFO: Get 9 unallocated orders, 8 ongoing orders, 699 completed orders.
2022-02-16 21:06:01,687 [simulator_env.py | 100] INFO: Finish the dispatch.
2022-02-16 21:06:01,689 [simulator_env.py | 278] INFO: 2022-02-16 13:50:00, Order 13411400707: state = 1 < 2, we can not finish the simulation
2022-02-16 21:06:01,690 [simulator_env.py | 87] INFO: **************************************************
2022-02-16 21:06:01,690 [simulator_env.py | 91] INFO: cur time: 2022-02-16 14:00:00, pre time: 2022-02-16 13:50:00
2022-02-16 21:06:01,690 [simulator_env.py | 147] INFO: Start to update the input of 2022-02-16 14:00:00
2022-02-16 21:06:01,695 [simulator_env.py | 175] INFO: Get 9 unallocated orders, 7 ongoing orders, 709 completed orders.
2022-02-16 21:06:03,619 [simulator_env.py | 100] INFO: Finish the dispatch.
2022-02-16 21:06:03,621 [simulator_env.py | 278] INFO: 2022-02-16 14:00:00, Order 13521500716: state = 1 < 2, we can not finish the simulation
2022-02-16 21:06:03,621 [simulator_env.py | 87] INFO: **************************************************
2022-02-16 21:06:03,621 [simulator_env.py | 91] INFO: cur time: 2022-02-16 14:10:00, pre time: 2022-02-16 14:00:00
2022-02-16 21:06:03,621 [simulator_env.py | 147] INFO: Start to update the input of 2022-02-16 14:10:00
2022-02-16 21:06:03,628 [simulator_env.py | 175] INFO: Get 12 unallocated orders, 6 ongoing orders, 719 completed orders.
2022-02-16 21:06:05,345 [simulator_env.py | 100] INFO: Finish the dispatch.
2022-02-16 21:06:05,347 [simulator_env.py | 278] INFO: 2022-02-16 14:10:00, Order 14010600725: state = 1 < 2, we can not finish the simulation
2022-02-16 21:06:05,348 [simulator_env.py | 87] INFO: **************************************************
2022-02-16 21:06:05,348 [simulator_env.py | 91] INFO: cur time: 2022-02-16 14:20:00, pre time: 2022-02-16 14:10:00
2022-02-16 21:06:05,349 [simulator_env.py | 147] INFO: Start to update the input of 2022-02-16 14:20:00
2022-02-16 21:06:05,354 [simulator_env.py | 175] INFO: Get 8 unallocated orders, 10 ongoing orders, 727 completed orders.
2022-02-16 21:06:07,013 [simulator_env.py | 100] INFO: Finish the dispatch.
2022-02-16 21:06:07,015 [simulator_env.py | 278] INFO: 2022-02-16 14:20:00, Order 14105700737: state = 1 < 2, we can not finish the simulation
2022-02-16 21:06:07,016 [simulator_env.py | 87] INFO: **************************************************
2022-02-16 21:06:07,017 [simulator_env.py | 91] INFO: cur time: 2022-02-16 14:30:00, pre time: 2022-02-16 14:20:00
2022-02-16 21:06:07,017 [simulator_env.py | 147] INFO: Start to update the input of 2022-02-16 14:30:00
2022-02-16 21:06:07,022 [simulator_env.py | 175] INFO: Get 10 unallocated orders, 4 ongoing orders, 741 completed orders.
2022-02-16 21:06:08,503 [simulator_env.py | 100] INFO: Finish the dispatch.
2022-02-16 21:06:08,505 [simulator_env.py | 278] INFO: 2022-02-16 14:30:00, Order 14222300745: state = 1 < 2, we can not finish the simulation
2022-02-16 21:06:08,506 [simulator_env.py | 87] INFO: **************************************************
2022-02-16 21:06:08,507 [simulator_env.py | 91] INFO: cur time: 2022-02-16 14:40:00, pre time: 2022-02-16 14:30:00
2022-02-16 21:06:08,507 [simulator_env.py | 147] INFO: Start to update the input of 2022-02-16 14:40:00
2022-02-16 21:06:08,514 [simulator_env.py | 175] INFO: Get 14 unallocated orders, 9 ongoing orders, 746 completed orders.
2022-02-16 21:06:09,940 [simulator_env.py | 100] INFO: Finish the dispatch.
2022-02-16 21:06:09,943 [simulator_env.py | 278] INFO: 2022-02-16 14:40:00, Order 14300400755: state = 1 < 2, we can not finish the simulation
2022-02-16 21:06:09,944 [simulator_env.py | 87] INFO: **************************************************
2022-02-16 21:06:09,944 [simulator_env.py | 91] INFO: cur time: 2022-02-16 14:50:00, pre time: 2022-02-16 14:40:00
2022-02-16 21:06:09,944 [simulator_env.py | 147] INFO: Start to update the input of 2022-02-16 14:50:00
2022-02-16 21:06:09,952 [simulator_env.py | 175] INFO: Get 12 unallocated orders, 7 ongoing orders, 762 completed orders.
2022-02-16 21:06:11,339 [simulator_env.py | 100] INFO: Finish the dispatch.
2022-02-16 21:06:11,341 [simulator_env.py | 278] INFO: 2022-02-16 14:50:00, Order 14414100769: state = 1 < 2, we can not finish the simulation
2022-02-16 21:06:11,342 [simulator_env.py | 87] INFO: **************************************************
2022-02-16 21:06:11,342 [simulator_env.py | 91] INFO: cur time: 2022-02-16 15:00:00, pre time: 2022-02-16 14:50:00
2022-02-16 21:06:11,342 [simulator_env.py | 147] INFO: Start to update the input of 2022-02-16 15:00:00
2022-02-16 21:06:11,350 [simulator_env.py | 175] INFO: Get 17 unallocated orders, 9 ongoing orders, 772 completed orders.
2022-02-16 21:06:12,651 [simulator_env.py | 100] INFO: Finish the dispatch.
2022-02-16 21:06:12,653 [simulator_env.py | 278] INFO: 2022-02-16 15:00:00, Order 14503100781: state = 1 < 2, we can not finish the simulation
2022-02-16 21:06:12,654 [simulator_env.py | 87] INFO: **************************************************
2022-02-16 21:06:12,654 [simulator_env.py | 91] INFO: cur time: 2022-02-16 15:10:00, pre time: 2022-02-16 15:00:00
2022-02-16 21:06:12,654 [simulator_env.py | 147] INFO: Start to update the input of 2022-02-16 15:10:00
2022-02-16 21:06:12,661 [simulator_env.py | 175] INFO: Get 0 unallocated orders, 12 ongoing orders, 786 completed orders.
2022-02-16 21:06:14,071 [simulator_env.py | 100] INFO: Finish the dispatch.
2022-02-16 21:06:14,074 [simulator_env.py | 281] INFO: 2022-02-16 15:10:00, the status of all orders is greater than 1, we could finish the simulation
2022-02-16 21:06:14,077 [simulator_env.py | 124] INFO: finished the left ongoing orders
2022-02-16 21:06:14,078 [evaluator.py    | 116] INFO: Traveling Distance of driver D_1 is  57.880, visited node list: 22
2022-02-16 21:06:14,079 [evaluator.py    | 116] INFO: Traveling Distance of driver D_2 is  63.340, visited node list: 20
2022-02-16 21:06:14,080 [evaluator.py    | 116] INFO: Traveling Distance of driver D_3 is  107.580, visited node list: 37
2022-02-16 21:06:14,081 [evaluator.py    | 116] INFO: Traveling Distance of driver D_4 is  114.580, visited node list: 38
2022-02-16 21:06:14,082 [evaluator.py    | 116] INFO: Traveling Distance of driver D_5 is  120.670, visited node list: 42
2022-02-16 21:06:14,083 [evaluator.py    | 116] INFO: Traveling Distance of driver D_6 is  113.630, visited node list: 38
2022-02-16 21:06:14,083 [evaluator.py    | 116] INFO: Traveling Distance of driver D_7 is  110.360, visited node list: 42
2022-02-16 21:06:14,085 [evaluator.py    | 116] INFO: Traveling Distance of driver D_8 is  110.430, visited node list: 41
2022-02-16 21:06:14,085 [evaluator.py    | 116] INFO: Traveling Distance of driver D_9 is  105.020, visited node list: 37
2022-02-16 21:06:14,086 [evaluator.py    | 116] INFO: Traveling Distance of driver D_10 is  108.880, visited node list: 47
2022-02-16 21:06:14,087 [evaluator.py    | 116] INFO: Traveling Distance of driver D_11 is  109.290, visited node list: 44
2022-02-16 21:06:14,087 [evaluator.py    | 116] INFO: Traveling Distance of driver D_12 is  117.610, visited node list: 41
2022-02-16 21:06:14,087 [evaluator.py    | 116] INFO: Traveling Distance of driver D_13 is  108.570, visited node list: 36
2022-02-16 21:06:14,088 [evaluator.py    | 116] INFO: Traveling Distance of driver D_14 is  104.860, visited node list: 43
2022-02-16 21:06:14,088 [evaluator.py    | 116] INFO: Traveling Distance of driver D_15 is  121.460, visited node list: 39
2022-02-16 21:06:14,089 [evaluator.py    | 116] INFO: Traveling Distance of driver D_16 is  113.550, visited node list: 43
2022-02-16 21:06:14,089 [evaluator.py    | 116] INFO: Traveling Distance of driver D_17 is  112.490, visited node list: 40
2022-02-16 21:06:14,090 [evaluator.py    | 116] INFO: Traveling Distance of driver D_18 is  107.550, visited node list: 41
2022-02-16 21:06:14,090 [evaluator.py    | 116] INFO: Traveling Distance of driver D_19 is  99.730, visited node list: 41
2022-02-16 21:06:14,090 [evaluator.py    | 116] INFO: Traveling Distance of driver D_20 is  92.330, visited node list: 33
2022-02-16 21:06:14,091 [evaluator.py    | 116] INFO: Traveling Distance of driver D_21 is  104.980, visited node list: 37
2022-02-16 21:06:14,091 [evaluator.py    | 116] INFO: Traveling Distance of driver D_22 is  80.760, visited node list: 37
2022-02-16 21:06:14,092 [evaluator.py    | 116] INFO: Traveling Distance of driver D_23 is  96.510, visited node list: 38
2022-02-16 21:06:14,092 [evaluator.py    | 116] INFO: Traveling Distance of driver D_24 is  90.920, visited node list: 33
2022-02-16 21:06:14,093 [evaluator.py    | 116] INFO: Traveling Distance of driver D_25 is  83.640, visited node list: 32
2022-02-16 21:06:14,094 [evaluator.py    | 116] INFO: Traveling Distance of driver D_26 is  80.440, visited node list: 32
2022-02-16 21:06:14,095 [evaluator.py    | 116] INFO: Traveling Distance of driver D_27 is  77.920, visited node list: 28
2022-02-16 21:06:14,095 [evaluator.py    | 116] INFO: Traveling Distance of driver D_28 is  76.310, visited node list: 37
2022-02-16 21:06:14,095 [evaluator.py    | 116] INFO: Traveling Distance of driver D_29 is  95.610, visited node list: 41
2022-02-16 21:06:14,096 [evaluator.py    | 116] INFO: Traveling Distance of driver D_30 is  75.380, visited node list: 30
2022-02-16 21:06:14,096 [evaluator.py    | 116] INFO: Traveling Distance of driver D_31 is  74.270, visited node list: 29
2022-02-16 21:06:14,096 [evaluator.py    | 116] INFO: Traveling Distance of driver D_32 is  66.720, visited node list: 27
2022-02-16 21:06:14,097 [evaluator.py    | 116] INFO: Traveling Distance of driver D_33 is  56.560, visited node list: 23
2022-02-16 21:06:14,097 [evaluator.py    | 116] INFO: Traveling Distance of driver D_34 is  61.860, visited node list: 27
2022-02-16 21:06:14,097 [evaluator.py    | 116] INFO: Traveling Distance of driver D_35 is  53.200, visited node list: 21
2022-02-16 21:06:14,097 [evaluator.py    | 116] INFO: Traveling Distance of driver D_36 is  63.030, visited node list: 27
2022-02-16 21:06:14,098 [evaluator.py    | 116] INFO: Traveling Distance of driver D_37 is  73.770, visited node list: 29
2022-02-16 21:06:14,098 [evaluator.py    | 116] INFO: Traveling Distance of driver D_38 is  58.690, visited node list: 26
2022-02-16 21:06:14,098 [evaluator.py    | 116] INFO: Traveling Distance of driver D_39 is  43.490, visited node list: 15
2022-02-16 21:06:14,098 [evaluator.py    | 116] INFO: Traveling Distance of driver D_40 is  47.680, visited node list: 17
2022-02-16 21:06:14,098 [evaluator.py    | 116] INFO: Traveling Distance of driver D_41 is  52.810, visited node list: 17
2022-02-16 21:06:14,099 [evaluator.py    | 116] INFO: Traveling Distance of driver D_42 is  46.990, visited node list: 20
2022-02-16 21:06:14,099 [evaluator.py    | 116] INFO: Traveling Distance of driver D_43 is  51.080, visited node list: 21
2022-02-16 21:06:14,099 [evaluator.py    | 116] INFO: Traveling Distance of driver D_44 is  36.860, visited node list: 23
2022-02-16 21:06:14,100 [evaluator.py    | 116] INFO: Traveling Distance of driver D_45 is  37.980, visited node list: 15
2022-02-16 21:06:14,100 [evaluator.py    | 116] INFO: Traveling Distance of driver D_46 is  39.410, visited node list: 20
2022-02-16 21:06:14,100 [evaluator.py    | 116] INFO: Traveling Distance of driver D_47 is  36.990, visited node list: 14
2022-02-16 21:06:14,100 [evaluator.py    | 116] INFO: Traveling Distance of driver D_48 is  39.170, visited node list: 17
2022-02-16 21:06:14,100 [evaluator.py    | 116] INFO: Traveling Distance of driver D_49 is  24.410, visited node list: 14
2022-02-16 21:06:14,101 [evaluator.py    | 116] INFO: Traveling Distance of driver D_50 is  28.170, visited node list: 11
2022-02-16 21:06:14,101 [evaluator.py    | 116] INFO: Traveling Distance of driver D_51 is  33.820, visited node list: 17
2022-02-16 21:06:14,101 [evaluator.py    | 116] INFO: Traveling Distance of driver D_52 is  27.100, visited node list: 10
2022-02-16 21:06:14,101 [evaluator.py    | 116] INFO: Traveling Distance of driver D_53 is  32.430, visited node list: 13
2022-02-16 21:06:14,101 [evaluator.py    | 116] INFO: Traveling Distance of driver D_54 is  32.480, visited node list: 13
2022-02-16 21:06:14,101 [evaluator.py    | 116] INFO: Traveling Distance of driver D_55 is  20.940, visited node list: 11
2022-02-16 21:06:14,102 [evaluator.py    | 116] INFO: Traveling Distance of driver D_56 is  21.000, visited node list: 11
2022-02-16 21:06:14,102 [evaluator.py    | 116] INFO: Traveling Distance of driver D_57 is  15.440, visited node list: 10
2022-02-16 21:06:14,102 [evaluator.py    | 116] INFO: Traveling Distance of driver D_58 is  27.440, visited node list: 9
2022-02-16 21:06:14,102 [evaluator.py    | 116] INFO: Traveling Distance of driver D_59 is  26.840, visited node list: 9
2022-02-16 21:06:14,102 [evaluator.py    | 116] INFO: Traveling Distance of driver D_60 is  21.440, visited node list: 9
2022-02-16 21:06:14,103 [evaluator.py    | 18] INFO: Total distance:  4214.350
2022-02-16 21:06:14,199 [evaluator.py    | 22] INFO: Sum over time:  0.000
2022-02-16 21:06:14,200 [evaluator.py    | 26] INFO: Total score:  70.239
2022-02-16 21:06:14,362 [main.py         | 43] INFO: Score of instance_51: 70.23916666666665
