2022-02-16 20:59:47,797 [main.py         | 38] INFO: Start to run /Users/yangjingfeng/Library/CloudStorage/OneDrive-Personal/Public/PhD Study/Papers/Food_Delivery/Code/Food_delivery_simulator/Benchmark/Instance_small: instance_45
2022-02-16 20:59:47,799 [simulator_api.py | 43] INFO: Start time of the simulator: 2022-02-16 09:00:00, time interval:  600.00
2022-02-16 20:59:48,016 [input_utils.py  | 35] INFO: Get 1158 locations
2022-02-16 20:59:48,042 [input_utils.py  | 39] INFO: Get 70 drivers
2022-02-16 20:59:48,627 [input_utils.py  | 43] INFO: Get 749 orders
2022-02-16 20:59:48,628 [simulator_api.py | 75] INFO: Initial position of D_1 is Bukit Timah Market & Food Centre
2022-02-16 20:59:48,629 [simulator_api.py | 75] INFO: Initial position of D_2 is Bukit Timah Market & Food Centre
2022-02-16 20:59:48,632 [simulator_api.py | 75] INFO: Initial position of D_3 is Ghim Moh Market & Food Centre
2022-02-16 20:59:48,632 [simulator_api.py | 75] INFO: Initial position of D_4 is Bukit Timah Market & Food Centre
2022-02-16 20:59:48,636 [simulator_api.py | 75] INFO: Initial position of D_5 is Alexandra Village Food Centre
2022-02-16 20:59:48,640 [simulator_api.py | 75] INFO: Initial position of D_6 is Bukit Timah Market & Food Centre
2022-02-16 20:59:48,641 [simulator_api.py | 75] INFO: Initial position of D_7 is Bukit Timah Market & Food Centre
2022-02-16 20:59:48,642 [simulator_api.py | 75] INFO: Initial position of D_8 is Bukit Timah Market & Food Centre
2022-02-16 20:59:48,644 [simulator_api.py | 75] INFO: Initial position of D_9 is Bukit Timah Market & Food Centre
2022-02-16 20:59:48,645 [simulator_api.py | 75] INFO: Initial position of D_10 is Bukit Timah Market & Food Centre
2022-02-16 20:59:48,645 [simulator_api.py | 75] INFO: Initial position of D_11 is Alexandra Village Food Centre
2022-02-16 20:59:48,646 [simulator_api.py | 75] INFO: Initial position of D_12 is Ghim Moh Market & Food Centre
2022-02-16 20:59:48,646 [simulator_api.py | 75] INFO: Initial position of D_13 is Alexandra Village Food Centre
2022-02-16 20:59:48,647 [simulator_api.py | 75] INFO: Initial position of D_14 is Ghim Moh Market & Food Centre
2022-02-16 20:59:48,648 [simulator_api.py | 75] INFO: Initial position of D_15 is Bukit Timah Market & Food Centre
2022-02-16 20:59:48,648 [simulator_api.py | 75] INFO: Initial position of D_16 is Ghim Moh Market & Food Centre
2022-02-16 20:59:48,649 [simulator_api.py | 75] INFO: Initial position of D_17 is Ghim Moh Market & Food Centre
2022-02-16 20:59:48,650 [simulator_api.py | 75] INFO: Initial position of D_18 is Alexandra Village Food Centre
2022-02-16 20:59:48,650 [simulator_api.py | 75] INFO: Initial position of D_19 is Bukit Timah Market & Food Centre
2022-02-16 20:59:48,650 [simulator_api.py | 75] INFO: Initial position of D_20 is Alexandra Village Food Centre
2022-02-16 20:59:48,651 [simulator_api.py | 75] INFO: Initial position of D_21 is Alexandra Village Food Centre
2022-02-16 20:59:48,651 [simulator_api.py | 75] INFO: Initial position of D_22 is Alexandra Village Food Centre
2022-02-16 20:59:48,651 [simulator_api.py | 75] INFO: Initial position of D_23 is Ghim Moh Market & Food Centre
2022-02-16 20:59:48,652 [simulator_api.py | 75] INFO: Initial position of D_24 is Bukit Timah Market & Food Centre
2022-02-16 20:59:48,653 [simulator_api.py | 75] INFO: Initial position of D_25 is Ghim Moh Market & Food Centre
2022-02-16 20:59:48,654 [simulator_api.py | 75] INFO: Initial position of D_26 is Alexandra Village Food Centre
2022-02-16 20:59:48,656 [simulator_api.py | 75] INFO: Initial position of D_27 is Ghim Moh Market & Food Centre
2022-02-16 20:59:48,657 [simulator_api.py | 75] INFO: Initial position of D_28 is Alexandra Village Food Centre
2022-02-16 20:59:48,658 [simulator_api.py | 75] INFO: Initial position of D_29 is Bukit Timah Market & Food Centre
2022-02-16 20:59:48,660 [simulator_api.py | 75] INFO: Initial position of D_30 is Bukit Timah Market & Food Centre
2022-02-16 20:59:48,660 [simulator_api.py | 75] INFO: Initial position of D_31 is Alexandra Village Food Centre
2022-02-16 20:59:48,662 [simulator_api.py | 75] INFO: Initial position of D_32 is Ghim Moh Market & Food Centre
2022-02-16 20:59:48,662 [simulator_api.py | 75] INFO: Initial position of D_33 is Bukit Timah Market & Food Centre
2022-02-16 20:59:48,663 [simulator_api.py | 75] INFO: Initial position of D_34 is Bukit Timah Market & Food Centre
2022-02-16 20:59:48,663 [simulator_api.py | 75] INFO: Initial position of D_35 is Bukit Timah Market & Food Centre
2022-02-16 20:59:48,664 [simulator_api.py | 75] INFO: Initial position of D_36 is Alexandra Village Food Centre
2022-02-16 20:59:48,665 [simulator_api.py | 75] INFO: Initial position of D_37 is Alexandra Village Food Centre
2022-02-16 20:59:48,666 [simulator_api.py | 75] INFO: Initial position of D_38 is Ghim Moh Market & Food Centre
2022-02-16 20:59:48,666 [simulator_api.py | 75] INFO: Initial position of D_39 is Alexandra Village Food Centre
2022-02-16 20:59:48,667 [simulator_api.py | 75] INFO: Initial position of D_40 is Bukit Timah Market & Food Centre
2022-02-16 20:59:48,668 [simulator_api.py | 75] INFO: Initial position of D_41 is Bukit Timah Market & Food Centre
2022-02-16 20:59:48,668 [simulator_api.py | 75] INFO: Initial position of D_42 is Alexandra Village Food Centre
2022-02-16 20:59:48,669 [simulator_api.py | 75] INFO: Initial position of D_43 is Bukit Timah Market & Food Centre
2022-02-16 20:59:48,670 [simulator_api.py | 75] INFO: Initial position of D_44 is Ghim Moh Market & Food Centre
2022-02-16 20:59:48,673 [simulator_api.py | 75] INFO: Initial position of D_45 is Alexandra Village Food Centre
2022-02-16 20:59:48,673 [simulator_api.py | 75] INFO: Initial position of D_46 is Ghim Moh Market & Food Centre
2022-02-16 20:59:48,674 [simulator_api.py | 75] INFO: Initial position of D_47 is Ghim Moh Market & Food Centre
2022-02-16 20:59:48,676 [simulator_api.py | 75] INFO: Initial position of D_48 is Alexandra Village Food Centre
2022-02-16 20:59:48,676 [simulator_api.py | 75] INFO: Initial position of D_49 is Bukit Timah Market & Food Centre
2022-02-16 20:59:48,678 [simulator_api.py | 75] INFO: Initial position of D_50 is Alexandra Village Food Centre
2022-02-16 20:59:48,678 [simulator_api.py | 75] INFO: Initial position of D_51 is Alexandra Village Food Centre
2022-02-16 20:59:48,679 [simulator_api.py | 75] INFO: Initial position of D_52 is Alexandra Village Food Centre
2022-02-16 20:59:48,680 [simulator_api.py | 75] INFO: Initial position of D_53 is Ghim Moh Market & Food Centre
2022-02-16 20:59:48,680 [simulator_api.py | 75] INFO: Initial position of D_54 is Alexandra Village Food Centre
2022-02-16 20:59:48,681 [simulator_api.py | 75] INFO: Initial position of D_55 is Bukit Timah Market & Food Centre
2022-02-16 20:59:48,682 [simulator_api.py | 75] INFO: Initial position of D_56 is Bukit Timah Market & Food Centre
2022-02-16 20:59:48,682 [simulator_api.py | 75] INFO: Initial position of D_57 is Ghim Moh Market & Food Centre
2022-02-16 20:59:48,683 [simulator_api.py | 75] INFO: Initial position of D_58 is Alexandra Village Food Centre
2022-02-16 20:59:48,683 [simulator_api.py | 75] INFO: Initial position of D_59 is Bukit Timah Market & Food Centre
2022-02-16 20:59:48,685 [simulator_api.py | 75] INFO: Initial position of D_60 is Alexandra Village Food Centre
2022-02-16 20:59:48,685 [simulator_api.py | 75] INFO: Initial position of D_61 is Ghim Moh Market & Food Centre
2022-02-16 20:59:48,686 [simulator_api.py | 75] INFO: Initial position of D_62 is Ghim Moh Market & Food Centre
2022-02-16 20:59:48,686 [simulator_api.py | 75] INFO: Initial position of D_63 is Alexandra Village Food Centre
2022-02-16 20:59:48,690 [simulator_api.py | 75] INFO: Initial position of D_64 is Ghim Moh Market & Food Centre
2022-02-16 20:59:48,692 [simulator_api.py | 75] INFO: Initial position of D_65 is Ghim Moh Market & Food Centre
2022-02-16 20:59:48,693 [simulator_api.py | 75] INFO: Initial position of D_66 is Ghim Moh Market & Food Centre
2022-02-16 20:59:48,694 [simulator_api.py | 75] INFO: Initial position of D_67 is Alexandra Village Food Centre
2022-02-16 20:59:48,695 [simulator_api.py | 75] INFO: Initial position of D_68 is Bukit Timah Market & Food Centre
2022-02-16 20:59:48,695 [simulator_api.py | 75] INFO: Initial position of D_69 is Ghim Moh Market & Food Centre
2022-02-16 20:59:48,696 [simulator_api.py | 75] INFO: Initial position of D_70 is Ghim Moh Market & Food Centre
2022-02-16 20:59:48,720 [simulator_env.py | 87] INFO: **************************************************
2022-02-16 20:59:48,721 [simulator_env.py | 91] INFO: cur time: 2022-02-16 09:10:00, pre time: 2022-02-16 09:00:00
2022-02-16 20:59:48,721 [simulator_env.py | 147] INFO: Start to update the input of 2022-02-16 09:10:00
2022-02-16 20:59:48,724 [simulator_env.py | 175] INFO: Get 19 unallocated orders, 0 ongoing orders, 0 completed orders.
2022-02-16 20:59:49,871 [simulator_env.py | 100] INFO: Finish the dispatch.
2022-02-16 20:59:49,872 [simulator_env.py | 278] INFO: 2022-02-16 09:10:00, Order 09010800000: state = 1 < 2, we can not finish the simulation
2022-02-16 20:59:49,872 [simulator_env.py | 87] INFO: **************************************************
2022-02-16 20:59:49,872 [simulator_env.py | 91] INFO: cur time: 2022-02-16 09:20:00, pre time: 2022-02-16 09:10:00
2022-02-16 20:59:49,872 [simulator_env.py | 147] INFO: Start to update the input of 2022-02-16 09:20:00
2022-02-16 20:59:49,879 [simulator_env.py | 175] INFO: Get 18 unallocated orders, 13 ongoing orders, 6 completed orders.
2022-02-16 20:59:51,492 [simulator_env.py | 100] INFO: Finish the dispatch.
2022-02-16 20:59:51,495 [simulator_env.py | 278] INFO: 2022-02-16 09:20:00, Order 09104800019: state = 1 < 2, we can not finish the simulation
2022-02-16 20:59:51,495 [simulator_env.py | 87] INFO: **************************************************
2022-02-16 20:59:51,495 [simulator_env.py | 91] INFO: cur time: 2022-02-16 09:30:00, pre time: 2022-02-16 09:20:00
2022-02-16 20:59:51,496 [simulator_env.py | 147] INFO: Start to update the input of 2022-02-16 09:30:00
2022-02-16 20:59:51,502 [simulator_env.py | 175] INFO: Get 32 unallocated orders, 11 ongoing orders, 26 completed orders.
2022-02-16 20:59:52,983 [simulator_env.py | 100] INFO: Finish the dispatch.
2022-02-16 20:59:52,985 [simulator_env.py | 278] INFO: 2022-02-16 09:30:00, Order 09201000037: state = 1 < 2, we can not finish the simulation
2022-02-16 20:59:52,986 [simulator_env.py | 87] INFO: **************************************************
2022-02-16 20:59:52,986 [simulator_env.py | 91] INFO: cur time: 2022-02-16 09:40:00, pre time: 2022-02-16 09:30:00
2022-02-16 20:59:52,986 [simulator_env.py | 147] INFO: Start to update the input of 2022-02-16 09:40:00
2022-02-16 20:59:52,994 [simulator_env.py | 175] INFO: Get 16 unallocated orders, 15 ongoing orders, 54 completed orders.
2022-02-16 20:59:54,186 [simulator_env.py | 100] INFO: Finish the dispatch.
2022-02-16 20:59:54,188 [simulator_env.py | 278] INFO: 2022-02-16 09:40:00, Order 09302600069: state = 1 < 2, we can not finish the simulation
2022-02-16 20:59:54,189 [simulator_env.py | 87] INFO: **************************************************
2022-02-16 20:59:54,189 [simulator_env.py | 91] INFO: cur time: 2022-02-16 09:50:00, pre time: 2022-02-16 09:40:00
2022-02-16 20:59:54,190 [simulator_env.py | 147] INFO: Start to update the input of 2022-02-16 09:50:00
2022-02-16 20:59:54,198 [simulator_env.py | 175] INFO: Get 31 unallocated orders, 13 ongoing orders, 72 completed orders.
2022-02-16 20:59:55,656 [simulator_env.py | 100] INFO: Finish the dispatch.
2022-02-16 20:59:55,659 [simulator_env.py | 278] INFO: 2022-02-16 09:50:00, Order 09400500085: state = 1 < 2, we can not finish the simulation
2022-02-16 20:59:55,660 [simulator_env.py | 87] INFO: **************************************************
2022-02-16 20:59:55,660 [simulator_env.py | 91] INFO: cur time: 2022-02-16 10:00:00, pre time: 2022-02-16 09:50:00
2022-02-16 20:59:55,661 [simulator_env.py | 147] INFO: Start to update the input of 2022-02-16 10:00:00
2022-02-16 20:59:55,688 [simulator_env.py | 175] INFO: Get 26 unallocated orders, 19 ongoing orders, 97 completed orders.
2022-02-16 20:59:57,199 [simulator_env.py | 100] INFO: Finish the dispatch.
2022-02-16 20:59:57,205 [simulator_env.py | 278] INFO: 2022-02-16 10:00:00, Order 09500100116: state = 1 < 2, we can not finish the simulation
2022-02-16 20:59:57,207 [simulator_env.py | 87] INFO: **************************************************
2022-02-16 20:59:57,207 [simulator_env.py | 91] INFO: cur time: 2022-02-16 10:10:00, pre time: 2022-02-16 10:00:00
2022-02-16 20:59:57,207 [simulator_env.py | 147] INFO: Start to update the input of 2022-02-16 10:10:00
2022-02-16 20:59:57,217 [simulator_env.py | 175] INFO: Get 33 unallocated orders, 18 ongoing orders, 124 completed orders.
2022-02-16 20:59:58,623 [simulator_env.py | 100] INFO: Finish the dispatch.
2022-02-16 20:59:58,626 [simulator_env.py | 278] INFO: 2022-02-16 10:10:00, Order 10000100142: state = 1 < 2, we can not finish the simulation
2022-02-16 20:59:58,627 [simulator_env.py | 87] INFO: **************************************************
2022-02-16 20:59:58,627 [simulator_env.py | 91] INFO: cur time: 2022-02-16 10:20:00, pre time: 2022-02-16 10:10:00
2022-02-16 20:59:58,627 [simulator_env.py | 147] INFO: Start to update the input of 2022-02-16 10:20:00
2022-02-16 20:59:58,641 [simulator_env.py | 175] INFO: Get 28 unallocated orders, 26 ongoing orders, 149 completed orders.
2022-02-16 20:59:59,929 [simulator_env.py | 100] INFO: Finish the dispatch.
2022-02-16 20:59:59,933 [simulator_env.py | 278] INFO: 2022-02-16 10:20:00, Order 10100400175: state = 1 < 2, we can not finish the simulation
2022-02-16 20:59:59,935 [simulator_env.py | 87] INFO: **************************************************
2022-02-16 20:59:59,936 [simulator_env.py | 91] INFO: cur time: 2022-02-16 10:30:00, pre time: 2022-02-16 10:20:00
2022-02-16 20:59:59,937 [simulator_env.py | 147] INFO: Start to update the input of 2022-02-16 10:30:00
2022-02-16 20:59:59,950 [simulator_env.py | 175] INFO: Get 33 unallocated orders, 22 ongoing orders, 181 completed orders.
2022-02-16 21:00:01,238 [simulator_env.py | 100] INFO: Finish the dispatch.
2022-02-16 21:00:01,241 [simulator_env.py | 278] INFO: 2022-02-16 10:30:00, Order 10200100203: state = 1 < 2, we can not finish the simulation
2022-02-16 21:00:01,242 [simulator_env.py | 87] INFO: **************************************************
2022-02-16 21:00:01,242 [simulator_env.py | 91] INFO: cur time: 2022-02-16 10:40:00, pre time: 2022-02-16 10:30:00
2022-02-16 21:00:01,242 [simulator_env.py | 147] INFO: Start to update the input of 2022-02-16 10:40:00
2022-02-16 21:00:01,254 [simulator_env.py | 175] INFO: Get 42 unallocated orders, 27 ongoing orders, 209 completed orders.
2022-02-16 21:00:02,724 [simulator_env.py | 100] INFO: Finish the dispatch.
2022-02-16 21:00:02,729 [simulator_env.py | 278] INFO: 2022-02-16 10:40:00, Order 10300100236: state = 1 < 2, we can not finish the simulation
2022-02-16 21:00:02,730 [simulator_env.py | 87] INFO: **************************************************
2022-02-16 21:00:02,731 [simulator_env.py | 91] INFO: cur time: 2022-02-16 10:50:00, pre time: 2022-02-16 10:40:00
2022-02-16 21:00:02,731 [simulator_env.py | 147] INFO: Start to update the input of 2022-02-16 10:50:00
2022-02-16 21:00:02,753 [simulator_env.py | 175] INFO: Get 38 unallocated orders, 29 ongoing orders, 249 completed orders.
2022-02-16 21:00:04,036 [simulator_env.py | 100] INFO: Finish the dispatch.
2022-02-16 21:00:04,041 [simulator_env.py | 278] INFO: 2022-02-16 10:50:00, Order 10400100278: state = 1 < 2, we can not finish the simulation
2022-02-16 21:00:04,043 [simulator_env.py | 87] INFO: **************************************************
2022-02-16 21:00:04,043 [simulator_env.py | 91] INFO: cur time: 2022-02-16 11:00:00, pre time: 2022-02-16 10:50:00
2022-02-16 21:00:04,043 [simulator_env.py | 147] INFO: Start to update the input of 2022-02-16 11:00:00
2022-02-16 21:00:04,059 [simulator_env.py | 175] INFO: Get 23 unallocated orders, 26 ongoing orders, 290 completed orders.
2022-02-16 21:00:05,202 [simulator_env.py | 100] INFO: Finish the dispatch.
2022-02-16 21:00:05,205 [simulator_env.py | 278] INFO: 2022-02-16 11:00:00, Order 10505000316: state = 1 < 2, we can not finish the simulation
2022-02-16 21:00:05,206 [simulator_env.py | 87] INFO: **************************************************
2022-02-16 21:00:05,206 [simulator_env.py | 91] INFO: cur time: 2022-02-16 11:10:00, pre time: 2022-02-16 11:00:00
2022-02-16 21:00:05,206 [simulator_env.py | 147] INFO: Start to update the input of 2022-02-16 11:10:00
2022-02-16 21:00:05,216 [simulator_env.py | 175] INFO: Get 32 unallocated orders, 15 ongoing orders, 324 completed orders.
2022-02-16 21:00:06,615 [simulator_env.py | 100] INFO: Finish the dispatch.
2022-02-16 21:00:06,618 [simulator_env.py | 278] INFO: 2022-02-16 11:10:00, Order 11001400339: state = 1 < 2, we can not finish the simulation
2022-02-16 21:00:06,618 [simulator_env.py | 87] INFO: **************************************************
2022-02-16 21:00:06,619 [simulator_env.py | 91] INFO: cur time: 2022-02-16 11:20:00, pre time: 2022-02-16 11:10:00
2022-02-16 21:00:06,619 [simulator_env.py | 147] INFO: Start to update the input of 2022-02-16 11:20:00
2022-02-16 21:00:06,640 [simulator_env.py | 175] INFO: Get 30 unallocated orders, 26 ongoing orders, 345 completed orders.
2022-02-16 21:00:07,985 [simulator_env.py | 100] INFO: Finish the dispatch.
2022-02-16 21:00:07,989 [simulator_env.py | 278] INFO: 2022-02-16 11:20:00, Order 11101700371: state = 1 < 2, we can not finish the simulation
2022-02-16 21:00:07,990 [simulator_env.py | 87] INFO: **************************************************
2022-02-16 21:00:07,990 [simulator_env.py | 91] INFO: cur time: 2022-02-16 11:30:00, pre time: 2022-02-16 11:20:00
2022-02-16 21:00:07,990 [simulator_env.py | 147] INFO: Start to update the input of 2022-02-16 11:30:00
2022-02-16 21:00:08,001 [simulator_env.py | 175] INFO: Get 26 unallocated orders, 22 ongoing orders, 379 completed orders.
2022-02-16 21:00:09,623 [simulator_env.py | 100] INFO: Finish the dispatch.
2022-02-16 21:00:09,626 [simulator_env.py | 278] INFO: 2022-02-16 11:30:00, Order 11200700401: state = 1 < 2, we can not finish the simulation
2022-02-16 21:00:09,627 [simulator_env.py | 87] INFO: **************************************************
2022-02-16 21:00:09,627 [simulator_env.py | 91] INFO: cur time: 2022-02-16 11:40:00, pre time: 2022-02-16 11:30:00
2022-02-16 21:00:09,627 [simulator_env.py | 147] INFO: Start to update the input of 2022-02-16 11:40:00
2022-02-16 21:00:09,639 [simulator_env.py | 175] INFO: Get 31 unallocated orders, 17 ongoing orders, 410 completed orders.
2022-02-16 21:00:10,971 [simulator_env.py | 100] INFO: Finish the dispatch.
2022-02-16 21:00:10,973 [simulator_env.py | 278] INFO: 2022-02-16 11:40:00, Order 11300100427: state = 1 < 2, we can not finish the simulation
2022-02-16 21:00:10,974 [simulator_env.py | 87] INFO: **************************************************
2022-02-16 21:00:10,974 [simulator_env.py | 91] INFO: cur time: 2022-02-16 11:50:00, pre time: 2022-02-16 11:40:00
2022-02-16 21:00:10,974 [simulator_env.py | 147] INFO: Start to update the input of 2022-02-16 11:50:00
2022-02-16 21:00:10,989 [simulator_env.py | 175] INFO: Get 26 unallocated orders, 21 ongoing orders, 437 completed orders.
2022-02-16 21:00:12,391 [simulator_env.py | 100] INFO: Finish the dispatch.
2022-02-16 21:00:12,395 [simulator_env.py | 278] INFO: 2022-02-16 11:50:00, Order 11411600458: state = 1 < 2, we can not finish the simulation
2022-02-16 21:00:12,396 [simulator_env.py | 87] INFO: **************************************************
2022-02-16 21:00:12,396 [simulator_env.py | 91] INFO: cur time: 2022-02-16 12:00:00, pre time: 2022-02-16 11:50:00
2022-02-16 21:00:12,396 [simulator_env.py | 147] INFO: Start to update the input of 2022-02-16 12:00:00
2022-02-16 21:00:12,407 [simulator_env.py | 175] INFO: Get 31 unallocated orders, 17 ongoing orders, 467 completed orders.
2022-02-16 21:00:13,718 [simulator_env.py | 100] INFO: Finish the dispatch.
2022-02-16 21:00:13,721 [simulator_env.py | 278] INFO: 2022-02-16 12:00:00, Order 11500100484: state = 1 < 2, we can not finish the simulation
2022-02-16 21:00:13,721 [simulator_env.py | 87] INFO: **************************************************
2022-02-16 21:00:13,721 [simulator_env.py | 91] INFO: cur time: 2022-02-16 12:10:00, pre time: 2022-02-16 12:00:00
2022-02-16 21:00:13,722 [simulator_env.py | 147] INFO: Start to update the input of 2022-02-16 12:10:00
2022-02-16 21:00:13,734 [simulator_env.py | 175] INFO: Get 17 unallocated orders, 19 ongoing orders, 496 completed orders.
2022-02-16 21:00:14,931 [simulator_env.py | 100] INFO: Finish the dispatch.
2022-02-16 21:00:14,934 [simulator_env.py | 278] INFO: 2022-02-16 12:10:00, Order 12001600515: state = 1 < 2, we can not finish the simulation
2022-02-16 21:00:14,935 [simulator_env.py | 87] INFO: **************************************************
2022-02-16 21:00:14,935 [simulator_env.py | 91] INFO: cur time: 2022-02-16 12:20:00, pre time: 2022-02-16 12:10:00
2022-02-16 21:00:14,935 [simulator_env.py | 147] INFO: Start to update the input of 2022-02-16 12:20:00
2022-02-16 21:00:14,944 [simulator_env.py | 175] INFO: Get 19 unallocated orders, 12 ongoing orders, 520 completed orders.
2022-02-16 21:00:16,239 [simulator_env.py | 100] INFO: Finish the dispatch.
2022-02-16 21:00:16,241 [simulator_env.py | 278] INFO: 2022-02-16 12:20:00, Order 12102200532: state = 1 < 2, we can not finish the simulation
2022-02-16 21:00:16,242 [simulator_env.py | 87] INFO: **************************************************
2022-02-16 21:00:16,242 [simulator_env.py | 91] INFO: cur time: 2022-02-16 12:30:00, pre time: 2022-02-16 12:20:00
2022-02-16 21:00:16,242 [simulator_env.py | 147] INFO: Start to update the input of 2022-02-16 12:30:00
2022-02-16 21:00:16,251 [simulator_env.py | 175] INFO: Get 11 unallocated orders, 11 ongoing orders, 540 completed orders.
2022-02-16 21:00:17,459 [simulator_env.py | 100] INFO: Finish the dispatch.
2022-02-16 21:00:17,461 [simulator_env.py | 278] INFO: 2022-02-16 12:30:00, Order 12210300551: state = 1 < 2, we can not finish the simulation
2022-02-16 21:00:17,462 [simulator_env.py | 87] INFO: **************************************************
2022-02-16 21:00:17,462 [simulator_env.py | 91] INFO: cur time: 2022-02-16 12:40:00, pre time: 2022-02-16 12:30:00
2022-02-16 21:00:17,462 [simulator_env.py | 147] INFO: Start to update the input of 2022-02-16 12:40:00
2022-02-16 21:00:17,469 [simulator_env.py | 175] INFO: Get 21 unallocated orders, 9 ongoing orders, 553 completed orders.
2022-02-16 21:00:18,601 [simulator_env.py | 100] INFO: Finish the dispatch.
2022-02-16 21:00:18,603 [simulator_env.py | 278] INFO: 2022-02-16 12:40:00, Order 12302300562: state = 1 < 2, we can not finish the simulation
2022-02-16 21:00:18,604 [simulator_env.py | 87] INFO: **************************************************
2022-02-16 21:00:18,604 [simulator_env.py | 91] INFO: cur time: 2022-02-16 12:50:00, pre time: 2022-02-16 12:40:00
2022-02-16 21:00:18,605 [simulator_env.py | 147] INFO: Start to update the input of 2022-02-16 12:50:00
2022-02-16 21:00:18,614 [simulator_env.py | 175] INFO: Get 15 unallocated orders, 14 ongoing orders, 569 completed orders.
2022-02-16 21:00:19,877 [simulator_env.py | 100] INFO: Finish the dispatch.
2022-02-16 21:00:19,880 [simulator_env.py | 278] INFO: 2022-02-16 12:50:00, Order 12403800583: state = 1 < 2, we can not finish the simulation
2022-02-16 21:00:19,881 [simulator_env.py | 87] INFO: **************************************************
2022-02-16 21:00:19,882 [simulator_env.py | 91] INFO: cur time: 2022-02-16 13:00:00, pre time: 2022-02-16 12:50:00
2022-02-16 21:00:19,882 [simulator_env.py | 147] INFO: Start to update the input of 2022-02-16 13:00:00
2022-02-16 21:00:19,890 [simulator_env.py | 175] INFO: Get 14 unallocated orders, 12 ongoing orders, 586 completed orders.
2022-02-16 21:00:21,014 [simulator_env.py | 100] INFO: Finish the dispatch.
2022-02-16 21:00:21,017 [simulator_env.py | 278] INFO: 2022-02-16 13:00:00, Order 12514200598: state = 1 < 2, we can not finish the simulation
2022-02-16 21:00:21,019 [simulator_env.py | 87] INFO: **************************************************
2022-02-16 21:00:21,019 [simulator_env.py | 91] INFO: cur time: 2022-02-16 13:10:00, pre time: 2022-02-16 13:00:00
2022-02-16 21:00:21,019 [simulator_env.py | 147] INFO: Start to update the input of 2022-02-16 13:10:00
2022-02-16 21:00:21,026 [simulator_env.py | 175] INFO: Get 15 unallocated orders, 12 ongoing orders, 600 completed orders.
2022-02-16 21:00:22,126 [simulator_env.py | 100] INFO: Finish the dispatch.
2022-02-16 21:00:22,128 [simulator_env.py | 278] INFO: 2022-02-16 13:10:00, Order 13001600612: state = 1 < 2, we can not finish the simulation
2022-02-16 21:00:22,129 [simulator_env.py | 87] INFO: **************************************************
2022-02-16 21:00:22,129 [simulator_env.py | 91] INFO: cur time: 2022-02-16 13:20:00, pre time: 2022-02-16 13:10:00
2022-02-16 21:00:22,129 [simulator_env.py | 147] INFO: Start to update the input of 2022-02-16 13:20:00
2022-02-16 21:00:22,138 [simulator_env.py | 175] INFO: Get 12 unallocated orders, 9 ongoing orders, 618 completed orders.
2022-02-16 21:00:23,376 [simulator_env.py | 100] INFO: Finish the dispatch.
2022-02-16 21:00:23,378 [simulator_env.py | 278] INFO: 2022-02-16 13:20:00, Order 13120000627: state = 1 < 2, we can not finish the simulation
2022-02-16 21:00:23,379 [simulator_env.py | 87] INFO: **************************************************
2022-02-16 21:00:23,379 [simulator_env.py | 91] INFO: cur time: 2022-02-16 13:30:00, pre time: 2022-02-16 13:20:00
2022-02-16 21:00:23,379 [simulator_env.py | 147] INFO: Start to update the input of 2022-02-16 13:30:00
2022-02-16 21:00:23,387 [simulator_env.py | 175] INFO: Get 11 unallocated orders, 8 ongoing orders, 631 completed orders.
2022-02-16 21:00:24,575 [simulator_env.py | 100] INFO: Finish the dispatch.
2022-02-16 21:00:24,577 [simulator_env.py | 278] INFO: 2022-02-16 13:30:00, Order 13201700639: state = 1 < 2, we can not finish the simulation
2022-02-16 21:00:24,578 [simulator_env.py | 87] INFO: **************************************************
2022-02-16 21:00:24,578 [simulator_env.py | 91] INFO: cur time: 2022-02-16 13:40:00, pre time: 2022-02-16 13:30:00
2022-02-16 21:00:24,578 [simulator_env.py | 147] INFO: Start to update the input of 2022-02-16 13:40:00
2022-02-16 21:00:24,586 [simulator_env.py | 175] INFO: Get 11 unallocated orders, 7 ongoing orders, 643 completed orders.
2022-02-16 21:00:25,867 [simulator_env.py | 100] INFO: Finish the dispatch.
2022-02-16 21:00:25,869 [simulator_env.py | 278] INFO: 2022-02-16 13:40:00, Order 13314200650: state = 1 < 2, we can not finish the simulation
2022-02-16 21:00:25,870 [simulator_env.py | 87] INFO: **************************************************
2022-02-16 21:00:25,870 [simulator_env.py | 91] INFO: cur time: 2022-02-16 13:50:00, pre time: 2022-02-16 13:40:00
2022-02-16 21:00:25,870 [simulator_env.py | 147] INFO: Start to update the input of 2022-02-16 13:50:00
2022-02-16 21:00:25,876 [simulator_env.py | 175] INFO: Get 9 unallocated orders, 7 ongoing orders, 654 completed orders.
2022-02-16 21:00:27,174 [simulator_env.py | 100] INFO: Finish the dispatch.
2022-02-16 21:00:27,177 [simulator_env.py | 278] INFO: 2022-02-16 13:50:00, Order 13420300661: state = 1 < 2, we can not finish the simulation
2022-02-16 21:00:27,178 [simulator_env.py | 87] INFO: **************************************************
2022-02-16 21:00:27,178 [simulator_env.py | 91] INFO: cur time: 2022-02-16 14:00:00, pre time: 2022-02-16 13:50:00
2022-02-16 21:00:27,178 [simulator_env.py | 147] INFO: Start to update the input of 2022-02-16 14:00:00
2022-02-16 21:00:27,185 [simulator_env.py | 175] INFO: Get 6 unallocated orders, 8 ongoing orders, 662 completed orders.
2022-02-16 21:00:28,441 [simulator_env.py | 100] INFO: Finish the dispatch.
2022-02-16 21:00:28,443 [simulator_env.py | 278] INFO: 2022-02-16 14:00:00, Order 13510500670: state = 1 < 2, we can not finish the simulation
2022-02-16 21:00:28,444 [simulator_env.py | 87] INFO: **************************************************
2022-02-16 21:00:28,444 [simulator_env.py | 91] INFO: cur time: 2022-02-16 14:10:00, pre time: 2022-02-16 14:00:00
2022-02-16 21:00:28,444 [simulator_env.py | 147] INFO: Start to update the input of 2022-02-16 14:10:00
2022-02-16 21:00:28,449 [simulator_env.py | 175] INFO: Get 14 unallocated orders, 6 ongoing orders, 670 completed orders.
2022-02-16 21:00:29,633 [simulator_env.py | 100] INFO: Finish the dispatch.
2022-02-16 21:00:29,635 [simulator_env.py | 278] INFO: 2022-02-16 14:10:00, Order 14000300676: state = 1 < 2, we can not finish the simulation
2022-02-16 21:00:29,637 [simulator_env.py | 87] INFO: **************************************************
2022-02-16 21:00:29,637 [simulator_env.py | 91] INFO: cur time: 2022-02-16 14:20:00, pre time: 2022-02-16 14:10:00
2022-02-16 21:00:29,637 [simulator_env.py | 147] INFO: Start to update the input of 2022-02-16 14:20:00
2022-02-16 21:00:29,644 [simulator_env.py | 175] INFO: Get 16 unallocated orders, 12 ongoing orders, 678 completed orders.
2022-02-16 21:00:31,009 [simulator_env.py | 100] INFO: Finish the dispatch.
2022-02-16 21:00:31,012 [simulator_env.py | 278] INFO: 2022-02-16 14:20:00, Order 14103200690: state = 1 < 2, we can not finish the simulation
2022-02-16 21:00:31,013 [simulator_env.py | 87] INFO: **************************************************
2022-02-16 21:00:31,013 [simulator_env.py | 91] INFO: cur time: 2022-02-16 14:30:00, pre time: 2022-02-16 14:20:00
2022-02-16 21:00:31,013 [simulator_env.py | 147] INFO: Start to update the input of 2022-02-16 14:30:00
2022-02-16 21:00:31,021 [simulator_env.py | 175] INFO: Get 11 unallocated orders, 10 ongoing orders, 695 completed orders.
2022-02-16 21:00:32,293 [simulator_env.py | 100] INFO: Finish the dispatch.
2022-02-16 21:00:32,296 [simulator_env.py | 278] INFO: 2022-02-16 14:30:00, Order 14103400692: state = 1 < 2, we can not finish the simulation
2022-02-16 21:00:32,296 [simulator_env.py | 87] INFO: **************************************************
2022-02-16 21:00:32,296 [simulator_env.py | 91] INFO: cur time: 2022-02-16 14:40:00, pre time: 2022-02-16 14:30:00
2022-02-16 21:00:32,297 [simulator_env.py | 147] INFO: Start to update the input of 2022-02-16 14:40:00
2022-02-16 21:00:32,305 [simulator_env.py | 175] INFO: Get 14 unallocated orders, 8 ongoing orders, 708 completed orders.
2022-02-16 21:00:33,511 [simulator_env.py | 100] INFO: Finish the dispatch.
2022-02-16 21:00:33,517 [simulator_env.py | 278] INFO: 2022-02-16 14:40:00, Order 14302800716: state = 1 < 2, we can not finish the simulation
2022-02-16 21:00:33,518 [simulator_env.py | 87] INFO: **************************************************
2022-02-16 21:00:33,518 [simulator_env.py | 91] INFO: cur time: 2022-02-16 14:50:00, pre time: 2022-02-16 14:40:00
2022-02-16 21:00:33,518 [simulator_env.py | 147] INFO: Start to update the input of 2022-02-16 14:50:00
2022-02-16 21:00:33,524 [simulator_env.py | 175] INFO: Get 10 unallocated orders, 13 ongoing orders, 716 completed orders.
2022-02-16 21:00:34,866 [simulator_env.py | 100] INFO: Finish the dispatch.
2022-02-16 21:00:34,868 [simulator_env.py | 278] INFO: 2022-02-16 14:50:00, Order 14331500720: state = 1 < 2, we can not finish the simulation
2022-02-16 21:00:34,869 [simulator_env.py | 87] INFO: **************************************************
2022-02-16 21:00:34,869 [simulator_env.py | 91] INFO: cur time: 2022-02-16 15:00:00, pre time: 2022-02-16 14:50:00
2022-02-16 21:00:34,870 [simulator_env.py | 147] INFO: Start to update the input of 2022-02-16 15:00:00
2022-02-16 21:00:34,875 [simulator_env.py | 175] INFO: Get 10 unallocated orders, 7 ongoing orders, 732 completed orders.
2022-02-16 21:00:36,138 [simulator_env.py | 100] INFO: Finish the dispatch.
2022-02-16 21:00:36,141 [simulator_env.py | 278] INFO: 2022-02-16 15:00:00, Order 14504300739: state = 1 < 2, we can not finish the simulation
2022-02-16 21:00:36,142 [simulator_env.py | 87] INFO: **************************************************
2022-02-16 21:00:36,142 [simulator_env.py | 91] INFO: cur time: 2022-02-16 15:10:00, pre time: 2022-02-16 15:00:00
2022-02-16 21:00:36,142 [simulator_env.py | 147] INFO: Start to update the input of 2022-02-16 15:10:00
2022-02-16 21:00:36,148 [simulator_env.py | 175] INFO: Get 0 unallocated orders, 9 ongoing orders, 740 completed orders.
2022-02-16 21:00:37,286 [simulator_env.py | 100] INFO: Finish the dispatch.
2022-02-16 21:00:37,288 [simulator_env.py | 281] INFO: 2022-02-16 15:10:00, the status of all orders is greater than 1, we could finish the simulation
2022-02-16 21:00:37,292 [simulator_env.py | 124] INFO: finished the left ongoing orders
2022-02-16 21:00:37,293 [evaluator.py    | 116] INFO: Traveling Distance of driver D_1 is  31.010, visited node list: 12
2022-02-16 21:00:37,294 [evaluator.py    | 116] INFO: Traveling Distance of driver D_2 is  48.190, visited node list: 16
2022-02-16 21:00:37,295 [evaluator.py    | 116] INFO: Traveling Distance of driver D_3 is  112.030, visited node list: 40
2022-02-16 21:00:37,297 [evaluator.py    | 116] INFO: Traveling Distance of driver D_4 is  113.820, visited node list: 37
2022-02-16 21:00:37,299 [evaluator.py    | 116] INFO: Traveling Distance of driver D_5 is  108.330, visited node list: 37
2022-02-16 21:00:37,301 [evaluator.py    | 116] INFO: Traveling Distance of driver D_6 is  112.420, visited node list: 43
2022-02-16 21:00:37,304 [evaluator.py    | 116] INFO: Traveling Distance of driver D_7 is  124.910, visited node list: 43
2022-02-16 21:00:37,307 [evaluator.py    | 116] INFO: Traveling Distance of driver D_8 is  104.850, visited node list: 39
2022-02-16 21:00:37,308 [evaluator.py    | 116] INFO: Traveling Distance of driver D_9 is  109.030, visited node list: 37
2022-02-16 21:00:37,310 [evaluator.py    | 116] INFO: Traveling Distance of driver D_10 is  114.350, visited node list: 47
2022-02-16 21:00:37,311 [evaluator.py    | 116] INFO: Traveling Distance of driver D_11 is  105.680, visited node list: 40
2022-02-16 21:00:37,313 [evaluator.py    | 116] INFO: Traveling Distance of driver D_12 is  116.250, visited node list: 37
2022-02-16 21:00:37,316 [evaluator.py    | 116] INFO: Traveling Distance of driver D_13 is  110.790, visited node list: 38
2022-02-16 21:00:37,317 [evaluator.py    | 116] INFO: Traveling Distance of driver D_14 is  93.420, visited node list: 35
2022-02-16 21:00:37,320 [evaluator.py    | 116] INFO: Traveling Distance of driver D_15 is  109.730, visited node list: 41
2022-02-16 21:00:37,325 [evaluator.py    | 116] INFO: Traveling Distance of driver D_16 is  108.620, visited node list: 40
2022-02-16 21:00:37,328 [evaluator.py    | 116] INFO: Traveling Distance of driver D_17 is  110.560, visited node list: 38
2022-02-16 21:00:37,330 [evaluator.py    | 116] INFO: Traveling Distance of driver D_18 is  104.100, visited node list: 39
2022-02-16 21:00:37,334 [evaluator.py    | 116] INFO: Traveling Distance of driver D_19 is  108.940, visited node list: 38
2022-02-16 21:00:37,336 [evaluator.py    | 116] INFO: Traveling Distance of driver D_20 is  90.780, visited node list: 35
2022-02-16 21:00:37,338 [evaluator.py    | 116] INFO: Traveling Distance of driver D_21 is  89.420, visited node list: 35
2022-02-16 21:00:37,340 [evaluator.py    | 116] INFO: Traveling Distance of driver D_22 is  74.360, visited node list: 28
2022-02-16 21:00:37,341 [evaluator.py    | 116] INFO: Traveling Distance of driver D_23 is  107.020, visited node list: 36
2022-02-16 21:00:37,342 [evaluator.py    | 116] INFO: Traveling Distance of driver D_24 is  83.020, visited node list: 32
2022-02-16 21:00:37,343 [evaluator.py    | 116] INFO: Traveling Distance of driver D_25 is  84.400, visited node list: 34
2022-02-16 21:00:37,344 [evaluator.py    | 116] INFO: Traveling Distance of driver D_26 is  86.420, visited node list: 35
2022-02-16 21:00:37,345 [evaluator.py    | 116] INFO: Traveling Distance of driver D_27 is  77.290, visited node list: 27
2022-02-16 21:00:37,347 [evaluator.py    | 116] INFO: Traveling Distance of driver D_28 is  77.390, visited node list: 30
2022-02-16 21:00:37,350 [evaluator.py    | 116] INFO: Traveling Distance of driver D_29 is  76.290, visited node list: 30
2022-02-16 21:00:37,351 [evaluator.py    | 116] INFO: Traveling Distance of driver D_30 is  63.610, visited node list: 26
2022-02-16 21:00:37,352 [evaluator.py    | 116] INFO: Traveling Distance of driver D_31 is  79.040, visited node list: 29
2022-02-16 21:00:37,362 [evaluator.py    | 116] INFO: Traveling Distance of driver D_32 is  56.920, visited node list: 21
2022-02-16 21:00:37,387 [evaluator.py    | 116] INFO: Traveling Distance of driver D_33 is  64.700, visited node list: 25
2022-02-16 21:00:37,411 [evaluator.py    | 116] INFO: Traveling Distance of driver D_34 is  54.690, visited node list: 20
2022-02-16 21:00:37,411 [evaluator.py    | 116] INFO: Traveling Distance of driver D_35 is  43.210, visited node list: 19
2022-02-16 21:00:37,412 [evaluator.py    | 116] INFO: Traveling Distance of driver D_36 is  40.920, visited node list: 17
2022-02-16 21:00:37,415 [evaluator.py    | 116] INFO: Traveling Distance of driver D_37 is  41.290, visited node list: 20
2022-02-16 21:00:37,415 [evaluator.py    | 116] INFO: Traveling Distance of driver D_38 is  53.330, visited node list: 21
2022-02-16 21:00:37,415 [evaluator.py    | 116] INFO: Traveling Distance of driver D_39 is  39.380, visited node list: 20
2022-02-16 21:00:37,416 [evaluator.py    | 116] INFO: Traveling Distance of driver D_40 is  49.400, visited node list: 17
2022-02-16 21:00:37,416 [evaluator.py    | 116] INFO: Traveling Distance of driver D_41 is  47.110, visited node list: 19
2022-02-16 21:00:37,416 [evaluator.py    | 116] INFO: Traveling Distance of driver D_42 is  44.610, visited node list: 17
2022-02-16 21:00:37,417 [evaluator.py    | 116] INFO: Traveling Distance of driver D_43 is  40.870, visited node list: 21
2022-02-16 21:00:37,417 [evaluator.py    | 116] INFO: Traveling Distance of driver D_44 is  37.200, visited node list: 14
2022-02-16 21:00:37,417 [evaluator.py    | 116] INFO: Traveling Distance of driver D_45 is  41.090, visited node list: 19
2022-02-16 21:00:37,424 [evaluator.py    | 116] INFO: Traveling Distance of driver D_46 is  49.730, visited node list: 16
2022-02-16 21:00:37,424 [evaluator.py    | 116] INFO: Traveling Distance of driver D_47 is  35.240, visited node list: 14
2022-02-16 21:00:37,425 [evaluator.py    | 116] INFO: Traveling Distance of driver D_48 is  34.830, visited node list: 15
2022-02-16 21:00:37,425 [evaluator.py    | 116] INFO: Traveling Distance of driver D_49 is  34.710, visited node list: 15
2022-02-16 21:00:37,425 [evaluator.py    | 116] INFO: Traveling Distance of driver D_50 is  26.630, visited node list: 11
2022-02-16 21:00:37,426 [evaluator.py    | 116] INFO: Traveling Distance of driver D_51 is  22.420, visited node list: 8
2022-02-16 21:00:37,426 [evaluator.py    | 116] INFO: Traveling Distance of driver D_52 is  31.490, visited node list: 13
2022-02-16 21:00:37,426 [evaluator.py    | 116] INFO: Traveling Distance of driver D_53 is  24.150, visited node list: 11
2022-02-16 21:00:37,427 [evaluator.py    | 116] INFO: Traveling Distance of driver D_54 is  19.220, visited node list: 8
2022-02-16 21:00:37,427 [evaluator.py    | 116] INFO: Traveling Distance of driver D_55 is  16.080, visited node list: 7
2022-02-16 21:00:37,427 [evaluator.py    | 116] INFO: Traveling Distance of driver D_56 is  13.220, visited node list: 5
2022-02-16 21:00:37,427 [evaluator.py    | 116] INFO: Traveling Distance of driver D_57 is  11.000, visited node list: 5
2022-02-16 21:00:37,427 [evaluator.py    | 116] INFO: Traveling Distance of driver D_58 is  10.000, visited node list: 4
2022-02-16 21:00:37,427 [evaluator.py    | 116] INFO: Traveling Distance of driver D_59 is  9.640, visited node list: 5
2022-02-16 21:00:37,432 [evaluator.py    | 116] INFO: Traveling Distance of driver D_60 is  6.140, visited node list: 4
2022-02-16 21:00:37,432 [evaluator.py    | 116] INFO: Traveling Distance of driver D_61 is  14.940, visited node list: 9
2022-02-16 21:00:37,433 [evaluator.py    | 116] INFO: Traveling Distance of driver D_62 is  9.520, visited node list: 4
2022-02-16 21:00:37,433 [evaluator.py    | 116] INFO: Traveling Distance of driver D_63 is  8.050, visited node list: 4
2022-02-16 21:00:37,434 [evaluator.py    | 116] INFO: Traveling Distance of driver D_64 is  8.020, visited node list: 4
2022-02-16 21:00:37,434 [evaluator.py    | 116] INFO: Traveling Distance of driver D_65 is  8.810, visited node list: 4
2022-02-16 21:00:37,434 [evaluator.py    | 116] INFO: Traveling Distance of driver D_66 is  10.530, visited node list: 6
2022-02-16 21:00:37,434 [evaluator.py    | 116] INFO: Traveling Distance of driver D_67 is  5.110, visited node list: 4
2022-02-16 21:00:37,435 [evaluator.py    | 116] INFO: Traveling Distance of driver D_68 is  20.100, visited node list: 7
2022-02-16 21:00:37,441 [evaluator.py    | 116] INFO: Traveling Distance of driver D_69 is  12.460, visited node list: 5
2022-02-16 21:00:37,441 [evaluator.py    | 116] INFO: Traveling Distance of driver D_70 is  8.530, visited node list: 4
2022-02-16 21:00:37,441 [evaluator.py    | 18] INFO: Total distance:  4041.360
2022-02-16 21:00:37,542 [evaluator.py    | 22] INFO: Sum over time:  0.000
2022-02-16 21:00:37,543 [evaluator.py    | 26] INFO: Total score:  57.734
2022-02-16 21:00:37,716 [main.py         | 43] INFO: Score of instance_45: 57.733714285714285
