2022-02-09 23:29:18,743 [main.py         | 31] INFO: Start to run instance_2
2022-02-09 23:29:18,743 [simulator_api.py | 43] INFO: Start time of the simulator: 2022-02-09 06:00:00, time interval:  900.00
2022-02-09 23:29:18,828 [input_utils.py  | 36] INFO: Get 794 locations
2022-02-09 23:30:27,642 [input_utils.py  | 40] INFO: Get 630436 routes
2022-02-09 23:30:28,505 [input_utils.py  | 45] INFO: Get 50 drivers
2022-02-09 23:30:29,074 [input_utils.py  | 49] INFO: Get 2491 orders
2022-02-09 23:30:29,075 [simulator_api.py | 76] INFO: Initial position of D_1 is Bukit Timah Market & Food Centre
2022-02-09 23:30:29,076 [simulator_api.py | 76] INFO: Initial position of D_2 is Bukit Timah Market & Food Centre
2022-02-09 23:30:29,076 [simulator_api.py | 76] INFO: Initial position of D_3 is Ghim Moh Market & Food Centre
2022-02-09 23:30:29,078 [simulator_api.py | 76] INFO: Initial position of D_4 is Bukit Timah Market & Food Centre
2022-02-09 23:30:29,079 [simulator_api.py | 76] INFO: Initial position of D_5 is Alexandra Village Food Centre
2022-02-09 23:30:29,080 [simulator_api.py | 76] INFO: Initial position of D_6 is Bukit Timah Market & Food Centre
2022-02-09 23:30:29,082 [simulator_api.py | 76] INFO: Initial position of D_7 is Bukit Timah Market & Food Centre
2022-02-09 23:30:29,084 [simulator_api.py | 76] INFO: Initial position of D_8 is Bukit Timah Market & Food Centre
2022-02-09 23:30:29,087 [simulator_api.py | 76] INFO: Initial position of D_9 is Bukit Timah Market & Food Centre
2022-02-09 23:30:29,088 [simulator_api.py | 76] INFO: Initial position of D_10 is Bukit Timah Market & Food Centre
2022-02-09 23:30:29,090 [simulator_api.py | 76] INFO: Initial position of D_11 is Alexandra Village Food Centre
2022-02-09 23:30:29,092 [simulator_api.py | 76] INFO: Initial position of D_12 is Ghim Moh Market & Food Centre
2022-02-09 23:30:29,093 [simulator_api.py | 76] INFO: Initial position of D_13 is Alexandra Village Food Centre
2022-02-09 23:30:29,094 [simulator_api.py | 76] INFO: Initial position of D_14 is Ghim Moh Market & Food Centre
2022-02-09 23:30:29,094 [simulator_api.py | 76] INFO: Initial position of D_15 is Bukit Timah Market & Food Centre
2022-02-09 23:30:29,095 [simulator_api.py | 76] INFO: Initial position of D_16 is Ghim Moh Market & Food Centre
2022-02-09 23:30:29,095 [simulator_api.py | 76] INFO: Initial position of D_17 is Ghim Moh Market & Food Centre
2022-02-09 23:30:29,096 [simulator_api.py | 76] INFO: Initial position of D_18 is Alexandra Village Food Centre
2022-02-09 23:30:29,097 [simulator_api.py | 76] INFO: Initial position of D_19 is Bukit Timah Market & Food Centre
2022-02-09 23:30:29,097 [simulator_api.py | 76] INFO: Initial position of D_20 is Alexandra Village Food Centre
2022-02-09 23:30:29,098 [simulator_api.py | 76] INFO: Initial position of D_21 is Alexandra Village Food Centre
2022-02-09 23:30:29,099 [simulator_api.py | 76] INFO: Initial position of D_22 is Alexandra Village Food Centre
2022-02-09 23:30:29,099 [simulator_api.py | 76] INFO: Initial position of D_23 is Ghim Moh Market & Food Centre
2022-02-09 23:30:29,104 [simulator_api.py | 76] INFO: Initial position of D_24 is Bukit Timah Market & Food Centre
2022-02-09 23:30:29,109 [simulator_api.py | 76] INFO: Initial position of D_25 is Ghim Moh Market & Food Centre
2022-02-09 23:30:29,112 [simulator_api.py | 76] INFO: Initial position of D_26 is Alexandra Village Food Centre
2022-02-09 23:30:29,114 [simulator_api.py | 76] INFO: Initial position of D_27 is Ghim Moh Market & Food Centre
2022-02-09 23:30:29,116 [simulator_api.py | 76] INFO: Initial position of D_28 is Alexandra Village Food Centre
2022-02-09 23:30:29,117 [simulator_api.py | 76] INFO: Initial position of D_29 is Bukit Timah Market & Food Centre
2022-02-09 23:30:29,119 [simulator_api.py | 76] INFO: Initial position of D_30 is Bukit Timah Market & Food Centre
2022-02-09 23:30:29,120 [simulator_api.py | 76] INFO: Initial position of D_31 is Alexandra Village Food Centre
2022-02-09 23:30:29,121 [simulator_api.py | 76] INFO: Initial position of D_32 is Ghim Moh Market & Food Centre
2022-02-09 23:30:29,122 [simulator_api.py | 76] INFO: Initial position of D_33 is Bukit Timah Market & Food Centre
2022-02-09 23:30:29,124 [simulator_api.py | 76] INFO: Initial position of D_34 is Bukit Timah Market & Food Centre
2022-02-09 23:30:29,126 [simulator_api.py | 76] INFO: Initial position of D_35 is Bukit Timah Market & Food Centre
2022-02-09 23:30:29,126 [simulator_api.py | 76] INFO: Initial position of D_36 is Alexandra Village Food Centre
2022-02-09 23:30:29,127 [simulator_api.py | 76] INFO: Initial position of D_37 is Alexandra Village Food Centre
2022-02-09 23:30:29,128 [simulator_api.py | 76] INFO: Initial position of D_38 is Ghim Moh Market & Food Centre
2022-02-09 23:30:29,128 [simulator_api.py | 76] INFO: Initial position of D_39 is Alexandra Village Food Centre
2022-02-09 23:30:29,129 [simulator_api.py | 76] INFO: Initial position of D_40 is Bukit Timah Market & Food Centre
2022-02-09 23:30:29,130 [simulator_api.py | 76] INFO: Initial position of D_41 is Bukit Timah Market & Food Centre
2022-02-09 23:30:29,131 [simulator_api.py | 76] INFO: Initial position of D_42 is Alexandra Village Food Centre
2022-02-09 23:30:29,131 [simulator_api.py | 76] INFO: Initial position of D_43 is Bukit Timah Market & Food Centre
2022-02-09 23:30:29,132 [simulator_api.py | 76] INFO: Initial position of D_44 is Ghim Moh Market & Food Centre
2022-02-09 23:30:29,132 [simulator_api.py | 76] INFO: Initial position of D_45 is Alexandra Village Food Centre
2022-02-09 23:30:29,134 [simulator_api.py | 76] INFO: Initial position of D_46 is Ghim Moh Market & Food Centre
2022-02-09 23:30:29,137 [simulator_api.py | 76] INFO: Initial position of D_47 is Ghim Moh Market & Food Centre
2022-02-09 23:30:29,140 [simulator_api.py | 76] INFO: Initial position of D_48 is Alexandra Village Food Centre
2022-02-09 23:30:29,141 [simulator_api.py | 76] INFO: Initial position of D_49 is Bukit Timah Market & Food Centre
2022-02-09 23:30:29,142 [simulator_api.py | 76] INFO: Initial position of D_50 is Alexandra Village Food Centre
2022-02-09 23:30:29,182 [simulator_env.py | 87] INFO: **************************************************
2022-02-09 23:30:29,182 [simulator_env.py | 91] INFO: cur time: 2022-02-09 06:15:00, pre time: 2022-02-09 06:00:00
2022-02-09 23:30:29,182 [simulator_env.py | 138] INFO: Start to update the input of 2022-02-09 06:15:00
2022-02-09 23:30:29,189 [simulator_env.py | 166] INFO: Get 11 unallocated orders, 0 ongoing orders, 0 completed orders.
2022-02-09 23:30:30,574 [simulator_env.py | 100] INFO: Finish the dispatch.
2022-02-09 23:30:30,575 [simulator_env.py | 272] INFO: 2022-02-09 06:15:00, Order 06042300000: state = 1 < 2, we can not finish the simulation
2022-02-09 23:30:30,575 [simulator_env.py | 87] INFO: **************************************************
2022-02-09 23:30:30,575 [simulator_env.py | 91] INFO: cur time: 2022-02-09 06:30:00, pre time: 2022-02-09 06:15:00
2022-02-09 23:30:30,576 [simulator_env.py | 138] INFO: Start to update the input of 2022-02-09 06:30:00
2022-02-09 23:30:30,580 [simulator_env.py | 166] INFO: Get 10 unallocated orders, 1 ongoing orders, 10 completed orders.
2022-02-09 23:30:31,176 [simulator_env.py | 100] INFO: Finish the dispatch.
2022-02-09 23:30:31,177 [simulator_env.py | 272] INFO: 2022-02-09 06:30:00, Order 06173000011: state = 1 < 2, we can not finish the simulation
2022-02-09 23:30:31,177 [simulator_env.py | 87] INFO: **************************************************
2022-02-09 23:30:31,177 [simulator_env.py | 91] INFO: cur time: 2022-02-09 06:45:00, pre time: 2022-02-09 06:30:00
2022-02-09 23:30:31,177 [simulator_env.py | 138] INFO: Start to update the input of 2022-02-09 06:45:00
2022-02-09 23:30:31,181 [simulator_env.py | 166] INFO: Get 5 unallocated orders, 8 ongoing orders, 13 completed orders.
2022-02-09 23:30:31,942 [simulator_env.py | 100] INFO: Finish the dispatch.
2022-02-09 23:30:31,943 [simulator_env.py | 272] INFO: 2022-02-09 06:45:00, Order 06390700021: state = 1 < 2, we can not finish the simulation
2022-02-09 23:30:31,944 [simulator_env.py | 87] INFO: **************************************************
2022-02-09 23:30:31,944 [simulator_env.py | 91] INFO: cur time: 2022-02-09 07:00:00, pre time: 2022-02-09 06:45:00
2022-02-09 23:30:31,945 [simulator_env.py | 138] INFO: Start to update the input of 2022-02-09 07:00:00
2022-02-09 23:30:31,949 [simulator_env.py | 166] INFO: Get 20 unallocated orders, 2 ongoing orders, 24 completed orders.
2022-02-09 23:30:32,899 [simulator_env.py | 100] INFO: Finish the dispatch.
2022-02-09 23:30:32,900 [simulator_env.py | 272] INFO: 2022-02-09 07:00:00, Order 06450700026: state = 1 < 2, we can not finish the simulation
2022-02-09 23:30:32,901 [simulator_env.py | 87] INFO: **************************************************
2022-02-09 23:30:32,901 [simulator_env.py | 91] INFO: cur time: 2022-02-09 07:15:00, pre time: 2022-02-09 07:00:00
2022-02-09 23:30:32,901 [simulator_env.py | 138] INFO: Start to update the input of 2022-02-09 07:15:00
2022-02-09 23:30:32,907 [simulator_env.py | 166] INFO: Get 13 unallocated orders, 5 ongoing orders, 41 completed orders.
2022-02-09 23:30:33,514 [simulator_env.py | 100] INFO: Finish the dispatch.
2022-02-09 23:30:33,516 [simulator_env.py | 272] INFO: 2022-02-09 07:15:00, Order 07003600046: state = 1 < 2, we can not finish the simulation
2022-02-09 23:30:33,517 [simulator_env.py | 87] INFO: **************************************************
2022-02-09 23:30:33,517 [simulator_env.py | 91] INFO: cur time: 2022-02-09 07:30:00, pre time: 2022-02-09 07:15:00
2022-02-09 23:30:33,518 [simulator_env.py | 138] INFO: Start to update the input of 2022-02-09 07:30:00
2022-02-09 23:30:33,525 [simulator_env.py | 166] INFO: Get 15 unallocated orders, 6 ongoing orders, 52 completed orders.
2022-02-09 23:30:34,137 [simulator_env.py | 100] INFO: Finish the dispatch.
2022-02-09 23:30:34,139 [simulator_env.py | 272] INFO: 2022-02-09 07:30:00, Order 07111400053: state = 1 < 2, we can not finish the simulation
2022-02-09 23:30:34,139 [simulator_env.py | 87] INFO: **************************************************
2022-02-09 23:30:34,140 [simulator_env.py | 91] INFO: cur time: 2022-02-09 07:45:00, pre time: 2022-02-09 07:30:00
2022-02-09 23:30:34,140 [simulator_env.py | 138] INFO: Start to update the input of 2022-02-09 07:45:00
2022-02-09 23:30:34,146 [simulator_env.py | 166] INFO: Get 21 unallocated orders, 2 ongoing orders, 69 completed orders.
2022-02-09 23:30:34,798 [simulator_env.py | 100] INFO: Finish the dispatch.
2022-02-09 23:30:34,800 [simulator_env.py | 272] INFO: 2022-02-09 07:45:00, Order 07155000059: state = 1 < 2, we can not finish the simulation
2022-02-09 23:30:34,800 [simulator_env.py | 87] INFO: **************************************************
2022-02-09 23:30:34,800 [simulator_env.py | 91] INFO: cur time: 2022-02-09 08:00:00, pre time: 2022-02-09 07:45:00
2022-02-09 23:30:34,800 [simulator_env.py | 138] INFO: Start to update the input of 2022-02-09 08:00:00
2022-02-09 23:30:34,806 [simulator_env.py | 166] INFO: Get 23 unallocated orders, 6 ongoing orders, 83 completed orders.
2022-02-09 23:30:35,570 [simulator_env.py | 100] INFO: Finish the dispatch.
2022-02-09 23:30:35,572 [simulator_env.py | 272] INFO: 2022-02-09 08:00:00, Order 07400500086: state = 1 < 2, we can not finish the simulation
2022-02-09 23:30:35,573 [simulator_env.py | 87] INFO: **************************************************
2022-02-09 23:30:35,573 [simulator_env.py | 91] INFO: cur time: 2022-02-09 08:15:00, pre time: 2022-02-09 08:00:00
2022-02-09 23:30:35,573 [simulator_env.py | 138] INFO: Start to update the input of 2022-02-09 08:15:00
2022-02-09 23:30:35,579 [simulator_env.py | 166] INFO: Get 28 unallocated orders, 9 ongoing orders, 102 completed orders.
2022-02-09 23:30:36,385 [simulator_env.py | 100] INFO: Finish the dispatch.
2022-02-09 23:30:36,386 [simulator_env.py | 272] INFO: 2022-02-09 08:15:00, Order 07545900105: state = 1 < 2, we can not finish the simulation
2022-02-09 23:30:36,387 [simulator_env.py | 87] INFO: **************************************************
2022-02-09 23:30:36,387 [simulator_env.py | 91] INFO: cur time: 2022-02-09 08:30:00, pre time: 2022-02-09 08:15:00
2022-02-09 23:30:36,387 [simulator_env.py | 138] INFO: Start to update the input of 2022-02-09 08:30:00
2022-02-09 23:30:36,395 [simulator_env.py | 166] INFO: Get 33 unallocated orders, 5 ongoing orders, 132 completed orders.
2022-02-09 23:30:37,505 [simulator_env.py | 100] INFO: Finish the dispatch.
2022-02-09 23:30:37,508 [simulator_env.py | 272] INFO: 2022-02-09 08:30:00, Order 08084400127: state = 1 < 2, we can not finish the simulation
2022-02-09 23:30:37,508 [simulator_env.py | 87] INFO: **************************************************
2022-02-09 23:30:37,508 [simulator_env.py | 91] INFO: cur time: 2022-02-09 08:45:00, pre time: 2022-02-09 08:30:00
2022-02-09 23:30:37,509 [simulator_env.py | 138] INFO: Start to update the input of 2022-02-09 08:45:00
2022-02-09 23:30:37,520 [simulator_env.py | 166] INFO: Get 32 unallocated orders, 11 ongoing orders, 155 completed orders.
2022-02-09 23:30:38,649 [simulator_env.py | 100] INFO: Finish the dispatch.
2022-02-09 23:30:38,651 [simulator_env.py | 272] INFO: 2022-02-09 08:45:00, Order 08172300145: state = 1 < 2, we can not finish the simulation
2022-02-09 23:30:38,652 [simulator_env.py | 87] INFO: **************************************************
2022-02-09 23:30:38,652 [simulator_env.py | 91] INFO: cur time: 2022-02-09 09:00:00, pre time: 2022-02-09 08:45:00
2022-02-09 23:30:38,652 [simulator_env.py | 138] INFO: Start to update the input of 2022-02-09 09:00:00
2022-02-09 23:30:38,662 [simulator_env.py | 166] INFO: Get 43 unallocated orders, 9 ongoing orders, 186 completed orders.
2022-02-09 23:30:39,901 [simulator_env.py | 100] INFO: Finish the dispatch.
2022-02-09 23:30:39,904 [simulator_env.py | 272] INFO: 2022-02-09 09:00:00, Order 08322900173: state = 1 < 2, we can not finish the simulation
2022-02-09 23:30:39,905 [simulator_env.py | 87] INFO: **************************************************
2022-02-09 23:30:39,905 [simulator_env.py | 91] INFO: cur time: 2022-02-09 09:15:00, pre time: 2022-02-09 09:00:00
2022-02-09 23:30:39,905 [simulator_env.py | 138] INFO: Start to update the input of 2022-02-09 09:15:00
2022-02-09 23:30:39,917 [simulator_env.py | 166] INFO: Get 50 unallocated orders, 15 ongoing orders, 217 completed orders.
2022-02-09 23:30:40,898 [simulator_env.py | 100] INFO: Finish the dispatch.
2022-02-09 23:30:40,900 [simulator_env.py | 272] INFO: 2022-02-09 09:15:00, Order 08522100213: state = 1 < 2, we can not finish the simulation
2022-02-09 23:30:40,901 [simulator_env.py | 87] INFO: **************************************************
2022-02-09 23:30:40,901 [simulator_env.py | 91] INFO: cur time: 2022-02-09 09:30:00, pre time: 2022-02-09 09:15:00
2022-02-09 23:30:40,901 [simulator_env.py | 138] INFO: Start to update the input of 2022-02-09 09:30:00
2022-02-09 23:30:40,913 [simulator_env.py | 166] INFO: Get 60 unallocated orders, 12 ongoing orders, 259 completed orders.
2022-02-09 23:30:42,102 [simulator_env.py | 100] INFO: Finish the dispatch.
2022-02-09 23:30:42,105 [simulator_env.py | 272] INFO: 2022-02-09 09:30:00, Order 09051800251: state = 1 < 2, we can not finish the simulation
2022-02-09 23:30:42,106 [simulator_env.py | 87] INFO: **************************************************
2022-02-09 23:30:42,106 [simulator_env.py | 91] INFO: cur time: 2022-02-09 09:45:00, pre time: 2022-02-09 09:30:00
2022-02-09 23:30:42,107 [simulator_env.py | 138] INFO: Start to update the input of 2022-02-09 09:45:00
2022-02-09 23:30:42,123 [simulator_env.py | 166] INFO: Get 53 unallocated orders, 18 ongoing orders, 301 completed orders.
2022-02-09 23:30:43,235 [simulator_env.py | 100] INFO: Finish the dispatch.
2022-02-09 23:30:43,239 [simulator_env.py | 272] INFO: 2022-02-09 09:45:00, Order 09161100283: state = 1 < 2, we can not finish the simulation
2022-02-09 23:30:43,241 [simulator_env.py | 87] INFO: **************************************************
2022-02-09 23:30:43,241 [simulator_env.py | 91] INFO: cur time: 2022-02-09 10:00:00, pre time: 2022-02-09 09:45:00
2022-02-09 23:30:43,241 [simulator_env.py | 138] INFO: Start to update the input of 2022-02-09 10:00:00
2022-02-09 23:30:43,258 [simulator_env.py | 166] INFO: Get 76 unallocated orders, 19 ongoing orders, 348 completed orders.
2022-02-09 23:30:44,650 [simulator_env.py | 100] INFO: Finish the dispatch.
2022-02-09 23:30:44,654 [simulator_env.py | 272] INFO: 2022-02-09 10:00:00, Order 09375600354: state = 1 < 2, we can not finish the simulation
2022-02-09 23:30:44,656 [simulator_env.py | 87] INFO: **************************************************
2022-02-09 23:30:44,657 [simulator_env.py | 91] INFO: cur time: 2022-02-09 10:15:00, pre time: 2022-02-09 10:00:00
2022-02-09 23:30:44,657 [simulator_env.py | 138] INFO: Start to update the input of 2022-02-09 10:15:00
2022-02-09 23:30:44,677 [simulator_env.py | 166] INFO: Get 82 unallocated orders, 29 ongoing orders, 391 completed orders.
2022-02-09 23:30:45,906 [simulator_env.py | 100] INFO: Finish the dispatch.
2022-02-09 23:30:45,912 [simulator_env.py | 272] INFO: 2022-02-09 10:15:00, Order 09471800380: state = 1 < 2, we can not finish the simulation
2022-02-09 23:30:45,914 [simulator_env.py | 87] INFO: **************************************************
2022-02-09 23:30:45,915 [simulator_env.py | 91] INFO: cur time: 2022-02-09 10:30:00, pre time: 2022-02-09 10:15:00
2022-02-09 23:30:45,915 [simulator_env.py | 138] INFO: Start to update the input of 2022-02-09 10:30:00
2022-02-09 23:30:45,940 [simulator_env.py | 166] INFO: Get 80 unallocated orders, 35 ongoing orders, 442 completed orders.
2022-02-09 23:30:47,024 [simulator_env.py | 100] INFO: Finish the dispatch.
2022-02-09 23:30:47,027 [simulator_env.py | 272] INFO: 2022-02-09 10:30:00, Order 10012000445: state = 1 < 2, we can not finish the simulation
2022-02-09 23:30:47,031 [simulator_env.py | 87] INFO: **************************************************
2022-02-09 23:30:47,031 [simulator_env.py | 91] INFO: cur time: 2022-02-09 10:45:00, pre time: 2022-02-09 10:30:00
2022-02-09 23:30:47,031 [simulator_env.py | 138] INFO: Start to update the input of 2022-02-09 10:45:00
2022-02-09 23:30:47,052 [simulator_env.py | 166] INFO: Get 104 unallocated orders, 37 ongoing orders, 496 completed orders.
2022-02-09 23:30:48,290 [simulator_env.py | 100] INFO: Finish the dispatch.
2022-02-09 23:30:48,300 [simulator_env.py | 272] INFO: 2022-02-09 10:45:00, Order 10075100472: state = 1 < 2, we can not finish the simulation
2022-02-09 23:30:48,303 [simulator_env.py | 87] INFO: **************************************************
2022-02-09 23:30:48,303 [simulator_env.py | 91] INFO: cur time: 2022-02-09 11:00:00, pre time: 2022-02-09 10:45:00
2022-02-09 23:30:48,304 [simulator_env.py | 138] INFO: Start to update the input of 2022-02-09 11:00:00
2022-02-09 23:30:48,329 [simulator_env.py | 166] INFO: Get 103 unallocated orders, 41 ongoing orders, 555 completed orders.
2022-02-09 23:30:49,762 [simulator_env.py | 100] INFO: Finish the dispatch.
2022-02-09 23:30:49,768 [simulator_env.py | 272] INFO: 2022-02-09 11:00:00, Order 10213100523: state = 1 < 2, we can not finish the simulation
2022-02-09 23:30:49,772 [simulator_env.py | 87] INFO: **************************************************
2022-02-09 23:30:49,773 [simulator_env.py | 91] INFO: cur time: 2022-02-09 11:15:00, pre time: 2022-02-09 11:00:00
2022-02-09 23:30:49,774 [simulator_env.py | 138] INFO: Start to update the input of 2022-02-09 11:15:00
2022-02-09 23:30:49,799 [simulator_env.py | 166] INFO: Get 106 unallocated orders, 50 ongoing orders, 603 completed orders.
2022-02-09 23:30:51,073 [simulator_env.py | 100] INFO: Finish the dispatch.
2022-02-09 23:30:51,078 [simulator_env.py | 272] INFO: 2022-02-09 11:15:00, Order 10274500550: state = 1 < 2, we can not finish the simulation
2022-02-09 23:30:51,082 [simulator_env.py | 87] INFO: **************************************************
2022-02-09 23:30:51,082 [simulator_env.py | 91] INFO: cur time: 2022-02-09 11:30:00, pre time: 2022-02-09 11:15:00
2022-02-09 23:30:51,082 [simulator_env.py | 138] INFO: Start to update the input of 2022-02-09 11:30:00
2022-02-09 23:30:51,107 [simulator_env.py | 166] INFO: Get 104 unallocated orders, 50 ongoing orders, 665 completed orders.
2022-02-09 23:30:52,579 [simulator_env.py | 100] INFO: Finish the dispatch.
2022-02-09 23:30:52,590 [simulator_env.py | 272] INFO: 2022-02-09 11:30:00, Order 10333900575: state = 1 < 2, we can not finish the simulation
2022-02-09 23:30:52,594 [simulator_env.py | 87] INFO: **************************************************
2022-02-09 23:30:52,596 [simulator_env.py | 91] INFO: cur time: 2022-02-09 11:45:00, pre time: 2022-02-09 11:30:00
2022-02-09 23:30:52,596 [simulator_env.py | 138] INFO: Start to update the input of 2022-02-09 11:45:00
2022-02-09 23:30:52,618 [simulator_env.py | 166] INFO: Get 113 unallocated orders, 52 ongoing orders, 715 completed orders.
2022-02-09 23:30:53,947 [simulator_env.py | 100] INFO: Finish the dispatch.
2022-02-09 23:30:53,954 [simulator_env.py | 272] INFO: 2022-02-09 11:45:00, Order 10423500628: state = 1 < 2, we can not finish the simulation
2022-02-09 23:30:53,956 [simulator_env.py | 87] INFO: **************************************************
2022-02-09 23:30:53,956 [simulator_env.py | 91] INFO: cur time: 2022-02-09 12:00:00, pre time: 2022-02-09 11:45:00
2022-02-09 23:30:53,956 [simulator_env.py | 138] INFO: Start to update the input of 2022-02-09 12:00:00
2022-02-09 23:30:53,980 [simulator_env.py | 166] INFO: Get 105 unallocated orders, 52 ongoing orders, 779 completed orders.
2022-02-09 23:30:55,525 [simulator_env.py | 100] INFO: Finish the dispatch.
2022-02-09 23:30:55,533 [simulator_env.py | 272] INFO: 2022-02-09 12:00:00, Order 10522700668: state = 1 < 2, we can not finish the simulation
2022-02-09 23:30:55,537 [simulator_env.py | 87] INFO: **************************************************
2022-02-09 23:30:55,538 [simulator_env.py | 91] INFO: cur time: 2022-02-09 12:15:00, pre time: 2022-02-09 12:00:00
2022-02-09 23:30:55,538 [simulator_env.py | 138] INFO: Start to update the input of 2022-02-09 12:15:00
2022-02-09 23:30:55,564 [simulator_env.py | 166] INFO: Get 82 unallocated orders, 43 ongoing orders, 838 completed orders.
2022-02-09 23:30:56,756 [simulator_env.py | 100] INFO: Finish the dispatch.
2022-02-09 23:30:56,762 [simulator_env.py | 272] INFO: 2022-02-09 12:15:00, Order 11023500713: state = 1 < 2, we can not finish the simulation
2022-02-09 23:30:56,765 [simulator_env.py | 87] INFO: **************************************************
2022-02-09 23:30:56,765 [simulator_env.py | 91] INFO: cur time: 2022-02-09 12:30:00, pre time: 2022-02-09 12:15:00
2022-02-09 23:30:56,765 [simulator_env.py | 138] INFO: Start to update the input of 2022-02-09 12:30:00
2022-02-09 23:30:56,787 [simulator_env.py | 166] INFO: Get 51 unallocated orders, 50 ongoing orders, 896 completed orders.
2022-02-09 23:30:57,927 [simulator_env.py | 100] INFO: Finish the dispatch.
2022-02-09 23:30:57,932 [simulator_env.py | 272] INFO: 2022-02-09 12:30:00, Order 11381200854: state = 1 < 2, we can not finish the simulation
2022-02-09 23:30:57,935 [simulator_env.py | 87] INFO: **************************************************
2022-02-09 23:30:57,935 [simulator_env.py | 91] INFO: cur time: 2022-02-09 12:45:00, pre time: 2022-02-09 12:30:00
2022-02-09 23:30:57,935 [simulator_env.py | 138] INFO: Start to update the input of 2022-02-09 12:45:00
2022-02-09 23:30:57,953 [simulator_env.py | 166] INFO: Get 59 unallocated orders, 22 ongoing orders, 957 completed orders.
2022-02-09 23:30:58,976 [simulator_env.py | 100] INFO: Finish the dispatch.
2022-02-09 23:30:58,980 [simulator_env.py | 272] INFO: 2022-02-09 12:45:00, Order 12022100939: state = 1 < 2, we can not finish the simulation
2022-02-09 23:30:58,982 [simulator_env.py | 87] INFO: **************************************************
2022-02-09 23:30:58,982 [simulator_env.py | 91] INFO: cur time: 2022-02-09 13:00:00, pre time: 2022-02-09 12:45:00
2022-02-09 23:30:58,982 [simulator_env.py | 138] INFO: Start to update the input of 2022-02-09 13:00:00
2022-02-09 23:30:58,995 [simulator_env.py | 166] INFO: Get 45 unallocated orders, 21 ongoing orders, 997 completed orders.
2022-02-09 23:30:59,903 [simulator_env.py | 100] INFO: Finish the dispatch.
2022-02-09 23:30:59,905 [simulator_env.py | 272] INFO: 2022-02-09 13:00:00, Order 12155500967: state = 1 < 2, we can not finish the simulation
2022-02-09 23:30:59,906 [simulator_env.py | 87] INFO: **************************************************
2022-02-09 23:30:59,906 [simulator_env.py | 91] INFO: cur time: 2022-02-09 13:15:00, pre time: 2022-02-09 13:00:00
2022-02-09 23:30:59,906 [simulator_env.py | 138] INFO: Start to update the input of 2022-02-09 13:15:00
2022-02-09 23:30:59,917 [simulator_env.py | 166] INFO: Get 39 unallocated orders, 14 ongoing orders, 1043 completed orders.
2022-02-09 23:31:00,740 [simulator_env.py | 100] INFO: Finish the dispatch.
2022-02-09 23:31:00,743 [simulator_env.py | 272] INFO: 2022-02-09 13:15:00, Order 12454901041: state = 1 < 2, we can not finish the simulation
2022-02-09 23:31:00,743 [simulator_env.py | 87] INFO: **************************************************
2022-02-09 23:31:00,744 [simulator_env.py | 91] INFO: cur time: 2022-02-09 13:30:00, pre time: 2022-02-09 13:15:00
2022-02-09 23:31:00,744 [simulator_env.py | 138] INFO: Start to update the input of 2022-02-09 13:30:00
2022-02-09 23:31:00,754 [simulator_env.py | 166] INFO: Get 30 unallocated orders, 13 ongoing orders, 1080 completed orders.
2022-02-09 23:31:01,727 [simulator_env.py | 100] INFO: Finish the dispatch.
2022-02-09 23:31:01,730 [simulator_env.py | 272] INFO: 2022-02-09 13:30:00, Order 13024601070: state = 1 < 2, we can not finish the simulation
2022-02-09 23:31:01,731 [simulator_env.py | 87] INFO: **************************************************
2022-02-09 23:31:01,731 [simulator_env.py | 91] INFO: cur time: 2022-02-09 13:45:00, pre time: 2022-02-09 13:30:00
2022-02-09 23:31:01,732 [simulator_env.py | 138] INFO: Start to update the input of 2022-02-09 13:45:00
2022-02-09 23:31:01,739 [simulator_env.py | 166] INFO: Get 22 unallocated orders, 16 ongoing orders, 1107 completed orders.
2022-02-09 23:31:02,614 [simulator_env.py | 100] INFO: Finish the dispatch.
2022-02-09 23:31:02,617 [simulator_env.py | 272] INFO: 2022-02-09 13:45:00, Order 13303401123: state = 1 < 2, we can not finish the simulation
2022-02-09 23:31:02,619 [simulator_env.py | 87] INFO: **************************************************
2022-02-09 23:31:02,619 [simulator_env.py | 91] INFO: cur time: 2022-02-09 14:00:00, pre time: 2022-02-09 13:45:00
2022-02-09 23:31:02,619 [simulator_env.py | 138] INFO: Start to update the input of 2022-02-09 14:00:00
2022-02-09 23:31:02,627 [simulator_env.py | 166] INFO: Get 25 unallocated orders, 6 ongoing orders, 1137 completed orders.
2022-02-09 23:31:03,534 [simulator_env.py | 100] INFO: Finish the dispatch.
2022-02-09 23:31:03,536 [simulator_env.py | 272] INFO: 2022-02-09 14:00:00, Order 13344001127: state = 1 < 2, we can not finish the simulation
2022-02-09 23:31:03,537 [simulator_env.py | 87] INFO: **************************************************
2022-02-09 23:31:03,537 [simulator_env.py | 91] INFO: cur time: 2022-02-09 14:15:00, pre time: 2022-02-09 14:00:00
2022-02-09 23:31:03,538 [simulator_env.py | 138] INFO: Start to update the input of 2022-02-09 14:15:00
2022-02-09 23:31:03,546 [simulator_env.py | 166] INFO: Get 21 unallocated orders, 11 ongoing orders, 1155 completed orders.
2022-02-09 23:31:04,619 [simulator_env.py | 100] INFO: Finish the dispatch.
2022-02-09 23:31:04,621 [simulator_env.py | 272] INFO: 2022-02-09 14:15:00, Order 13492001148: state = 1 < 2, we can not finish the simulation
2022-02-09 23:31:04,622 [simulator_env.py | 87] INFO: **************************************************
2022-02-09 23:31:04,622 [simulator_env.py | 91] INFO: cur time: 2022-02-09 14:30:00, pre time: 2022-02-09 14:15:00
2022-02-09 23:31:04,622 [simulator_env.py | 138] INFO: Start to update the input of 2022-02-09 14:30:00
2022-02-09 23:31:04,629 [simulator_env.py | 166] INFO: Get 24 unallocated orders, 3 ongoing orders, 1180 completed orders.
2022-02-09 23:31:05,446 [simulator_env.py | 100] INFO: Finish the dispatch.
2022-02-09 23:31:05,449 [simulator_env.py | 272] INFO: 2022-02-09 14:30:00, Order 14034501172: state = 1 < 2, we can not finish the simulation
2022-02-09 23:31:05,449 [simulator_env.py | 87] INFO: **************************************************
2022-02-09 23:31:05,450 [simulator_env.py | 91] INFO: cur time: 2022-02-09 14:45:00, pre time: 2022-02-09 14:30:00
2022-02-09 23:31:05,450 [simulator_env.py | 138] INFO: Start to update the input of 2022-02-09 14:45:00
2022-02-09 23:31:05,458 [simulator_env.py | 166] INFO: Get 29 unallocated orders, 11 ongoing orders, 1195 completed orders.
2022-02-09 23:31:06,268 [simulator_env.py | 100] INFO: Finish the dispatch.
2022-02-09 23:31:06,270 [simulator_env.py | 272] INFO: 2022-02-09 14:45:00, Order 14274301205: state = 1 < 2, we can not finish the simulation
2022-02-09 23:31:06,271 [simulator_env.py | 87] INFO: **************************************************
2022-02-09 23:31:06,271 [simulator_env.py | 91] INFO: cur time: 2022-02-09 15:00:00, pre time: 2022-02-09 14:45:00
2022-02-09 23:31:06,271 [simulator_env.py | 138] INFO: Start to update the input of 2022-02-09 15:00:00
2022-02-09 23:31:06,281 [simulator_env.py | 166] INFO: Get 32 unallocated orders, 7 ongoing orders, 1223 completed orders.
2022-02-09 23:31:07,252 [simulator_env.py | 100] INFO: Finish the dispatch.
2022-02-09 23:31:07,255 [simulator_env.py | 272] INFO: 2022-02-09 15:00:00, Order 14333101215: state = 1 < 2, we can not finish the simulation
2022-02-09 23:31:07,255 [simulator_env.py | 87] INFO: **************************************************
2022-02-09 23:31:07,256 [simulator_env.py | 91] INFO: cur time: 2022-02-09 15:15:00, pre time: 2022-02-09 15:00:00
2022-02-09 23:31:07,256 [simulator_env.py | 138] INFO: Start to update the input of 2022-02-09 15:15:00
2022-02-09 23:31:07,268 [simulator_env.py | 166] INFO: Get 25 unallocated orders, 15 ongoing orders, 1244 completed orders.
2022-02-09 23:31:08,242 [simulator_env.py | 100] INFO: Finish the dispatch.
2022-02-09 23:31:08,245 [simulator_env.py | 272] INFO: 2022-02-09 15:15:00, Order 14455401236: state = 1 < 2, we can not finish the simulation
2022-02-09 23:31:08,245 [simulator_env.py | 87] INFO: **************************************************
2022-02-09 23:31:08,245 [simulator_env.py | 91] INFO: cur time: 2022-02-09 15:30:00, pre time: 2022-02-09 15:15:00
2022-02-09 23:31:08,245 [simulator_env.py | 138] INFO: Start to update the input of 2022-02-09 15:30:00
2022-02-09 23:31:08,253 [simulator_env.py | 166] INFO: Get 26 unallocated orders, 7 ongoing orders, 1274 completed orders.
2022-02-09 23:31:09,252 [simulator_env.py | 100] INFO: Finish the dispatch.
2022-02-09 23:31:09,255 [simulator_env.py | 272] INFO: 2022-02-09 15:30:00, Order 15000201262: state = 1 < 2, we can not finish the simulation
2022-02-09 23:31:09,256 [simulator_env.py | 87] INFO: **************************************************
2022-02-09 23:31:09,256 [simulator_env.py | 91] INFO: cur time: 2022-02-09 15:45:00, pre time: 2022-02-09 15:30:00
2022-02-09 23:31:09,256 [simulator_env.py | 138] INFO: Start to update the input of 2022-02-09 15:45:00
2022-02-09 23:31:09,266 [simulator_env.py | 166] INFO: Get 37 unallocated orders, 6 ongoing orders, 1296 completed orders.
2022-02-09 23:31:10,149 [simulator_env.py | 100] INFO: Finish the dispatch.
2022-02-09 23:31:10,151 [simulator_env.py | 272] INFO: 2022-02-09 15:45:00, Order 15165901285: state = 1 < 2, we can not finish the simulation
2022-02-09 23:31:10,152 [simulator_env.py | 87] INFO: **************************************************
2022-02-09 23:31:10,152 [simulator_env.py | 91] INFO: cur time: 2022-02-09 16:00:00, pre time: 2022-02-09 15:45:00
2022-02-09 23:31:10,152 [simulator_env.py | 138] INFO: Start to update the input of 2022-02-09 16:00:00
2022-02-09 23:31:10,163 [simulator_env.py | 166] INFO: Get 34 unallocated orders, 11 ongoing orders, 1325 completed orders.
2022-02-09 23:31:10,983 [simulator_env.py | 100] INFO: Finish the dispatch.
2022-02-09 23:31:10,986 [simulator_env.py | 272] INFO: 2022-02-09 16:00:00, Order 15305001307: state = 1 < 2, we can not finish the simulation
2022-02-09 23:31:10,986 [simulator_env.py | 87] INFO: **************************************************
2022-02-09 23:31:10,987 [simulator_env.py | 91] INFO: cur time: 2022-02-09 16:15:00, pre time: 2022-02-09 16:00:00
2022-02-09 23:31:10,987 [simulator_env.py | 138] INFO: Start to update the input of 2022-02-09 16:15:00
2022-02-09 23:31:10,996 [simulator_env.py | 166] INFO: Get 48 unallocated orders, 15 ongoing orders, 1351 completed orders.
2022-02-09 23:31:11,866 [simulator_env.py | 100] INFO: Finish the dispatch.
2022-02-09 23:31:11,869 [simulator_env.py | 272] INFO: 2022-02-09 16:15:00, Order 15475301346: state = 1 < 2, we can not finish the simulation
2022-02-09 23:31:11,870 [simulator_env.py | 87] INFO: **************************************************
2022-02-09 23:31:11,871 [simulator_env.py | 91] INFO: cur time: 2022-02-09 16:30:00, pre time: 2022-02-09 16:15:00
2022-02-09 23:31:11,871 [simulator_env.py | 138] INFO: Start to update the input of 2022-02-09 16:30:00
2022-02-09 23:31:11,883 [simulator_env.py | 166] INFO: Get 45 unallocated orders, 15 ongoing orders, 1394 completed orders.
2022-02-09 23:31:12,826 [simulator_env.py | 100] INFO: Finish the dispatch.
2022-02-09 23:31:12,828 [simulator_env.py | 272] INFO: 2022-02-09 16:30:00, Order 16002701372: state = 1 < 2, we can not finish the simulation
2022-02-09 23:31:12,829 [simulator_env.py | 87] INFO: **************************************************
2022-02-09 23:31:12,830 [simulator_env.py | 91] INFO: cur time: 2022-02-09 16:45:00, pre time: 2022-02-09 16:30:00
2022-02-09 23:31:12,830 [simulator_env.py | 138] INFO: Start to update the input of 2022-02-09 16:45:00
2022-02-09 23:31:12,848 [simulator_env.py | 166] INFO: Get 51 unallocated orders, 14 ongoing orders, 1436 completed orders.
2022-02-09 23:31:13,714 [simulator_env.py | 100] INFO: Finish the dispatch.
2022-02-09 23:31:13,716 [simulator_env.py | 272] INFO: 2022-02-09 16:45:00, Order 16211501434: state = 1 < 2, we can not finish the simulation
2022-02-09 23:31:13,717 [simulator_env.py | 87] INFO: **************************************************
2022-02-09 23:31:13,717 [simulator_env.py | 91] INFO: cur time: 2022-02-09 17:00:00, pre time: 2022-02-09 16:45:00
2022-02-09 23:31:13,717 [simulator_env.py | 138] INFO: Start to update the input of 2022-02-09 17:00:00
2022-02-09 23:31:13,733 [simulator_env.py | 166] INFO: Get 60 unallocated orders, 15 ongoing orders, 1477 completed orders.
2022-02-09 23:31:14,609 [simulator_env.py | 100] INFO: Finish the dispatch.
2022-02-09 23:31:14,611 [simulator_env.py | 272] INFO: 2022-02-09 17:00:00, Order 16301501454: state = 1 < 2, we can not finish the simulation
2022-02-09 23:31:14,612 [simulator_env.py | 87] INFO: **************************************************
2022-02-09 23:31:14,612 [simulator_env.py | 91] INFO: cur time: 2022-02-09 17:15:00, pre time: 2022-02-09 17:00:00
2022-02-09 23:31:14,612 [simulator_env.py | 138] INFO: Start to update the input of 2022-02-09 17:15:00
2022-02-09 23:31:14,628 [simulator_env.py | 166] INFO: Get 69 unallocated orders, 24 ongoing orders, 1522 completed orders.
2022-02-09 23:31:15,703 [simulator_env.py | 100] INFO: Finish the dispatch.
2022-02-09 23:31:15,706 [simulator_env.py | 272] INFO: 2022-02-09 17:15:00, Order 16515001530: state = 1 < 2, we can not finish the simulation
2022-02-09 23:31:15,707 [simulator_env.py | 87] INFO: **************************************************
2022-02-09 23:31:15,708 [simulator_env.py | 91] INFO: cur time: 2022-02-09 17:30:00, pre time: 2022-02-09 17:15:00
2022-02-09 23:31:15,708 [simulator_env.py | 138] INFO: Start to update the input of 2022-02-09 17:30:00
2022-02-09 23:31:15,728 [simulator_env.py | 166] INFO: Get 79 unallocated orders, 33 ongoing orders, 1562 completed orders.
2022-02-09 23:31:16,725 [simulator_env.py | 100] INFO: Finish the dispatch.
2022-02-09 23:31:16,729 [simulator_env.py | 272] INFO: 2022-02-09 17:30:00, Order 16582301547: state = 1 < 2, we can not finish the simulation
2022-02-09 23:31:16,730 [simulator_env.py | 87] INFO: **************************************************
2022-02-09 23:31:16,730 [simulator_env.py | 91] INFO: cur time: 2022-02-09 17:45:00, pre time: 2022-02-09 17:30:00
2022-02-09 23:31:16,730 [simulator_env.py | 138] INFO: Start to update the input of 2022-02-09 17:45:00
2022-02-09 23:31:16,745 [simulator_env.py | 166] INFO: Get 89 unallocated orders, 34 ongoing orders, 1617 completed orders.
2022-02-09 23:31:17,832 [simulator_env.py | 100] INFO: Finish the dispatch.
2022-02-09 23:31:17,835 [simulator_env.py | 272] INFO: 2022-02-09 17:45:00, Order 17161701621: state = 1 < 2, we can not finish the simulation
2022-02-09 23:31:17,837 [simulator_env.py | 87] INFO: **************************************************
2022-02-09 23:31:17,837 [simulator_env.py | 91] INFO: cur time: 2022-02-09 18:00:00, pre time: 2022-02-09 17:45:00
2022-02-09 23:31:17,837 [simulator_env.py | 138] INFO: Start to update the input of 2022-02-09 18:00:00
2022-02-09 23:31:17,855 [simulator_env.py | 166] INFO: Get 100 unallocated orders, 34 ongoing orders, 1673 completed orders.
2022-02-09 23:31:18,841 [simulator_env.py | 100] INFO: Finish the dispatch.
2022-02-09 23:31:18,845 [simulator_env.py | 272] INFO: 2022-02-09 18:00:00, Order 17223901637: state = 1 < 2, we can not finish the simulation
2022-02-09 23:31:18,847 [simulator_env.py | 87] INFO: **************************************************
2022-02-09 23:31:18,848 [simulator_env.py | 91] INFO: cur time: 2022-02-09 18:15:00, pre time: 2022-02-09 18:00:00
2022-02-09 23:31:18,850 [simulator_env.py | 138] INFO: Start to update the input of 2022-02-09 18:15:00
2022-02-09 23:31:18,876 [simulator_env.py | 166] INFO: Get 103 unallocated orders, 29 ongoing orders, 1728 completed orders.
2022-02-09 23:31:19,858 [simulator_env.py | 100] INFO: Finish the dispatch.
2022-02-09 23:31:19,859 [checker.py      | 205] ERROR: Delivery location of order 17533901783 is 150118 Singapore, however you allocate the driver to delivery this order in 117490 Singapore
2022-02-09 23:31:19,860 [simulator_env.py | 104] ERROR: Dispatch result is infeasible
2022-02-09 23:31:20,118 [main.py         | 36] INFO: Score of instance_2: 9223372036854775807
