2022-02-08 16:53:47,655 [main.py         | 31] INFO: Start to run instance_2
2022-02-08 16:53:47,655 [simulator_api.py | 43] INFO: Start time of the simulator: 2022-02-08 06:00:00, time interval:  600.00
2022-02-08 16:53:47,738 [input_utils.py  | 36] INFO: Get 794 locations
2022-02-08 16:55:02,809 [input_utils.py  | 40] INFO: Get 630436 routes
2022-02-08 16:55:03,452 [input_utils.py  | 45] INFO: Get 60 drivers
2022-02-08 16:55:03,901 [input_utils.py  | 49] INFO: Get 2491 orders
2022-02-08 16:55:03,901 [simulator_api.py | 76] INFO: Initial position of D_1 is Bukit Timah Market & Food Centre
2022-02-08 16:55:03,901 [simulator_api.py | 76] INFO: Initial position of D_2 is Bukit Timah Market & Food Centre
2022-02-08 16:55:03,901 [simulator_api.py | 76] INFO: Initial position of D_3 is Ghim Moh Market & Food Centre
2022-02-08 16:55:03,901 [simulator_api.py | 76] INFO: Initial position of D_4 is Bukit Timah Market & Food Centre
2022-02-08 16:55:03,901 [simulator_api.py | 76] INFO: Initial position of D_5 is Alexandra Village Food Centre
2022-02-08 16:55:03,901 [simulator_api.py | 76] INFO: Initial position of D_6 is Bukit Timah Market & Food Centre
2022-02-08 16:55:03,902 [simulator_api.py | 76] INFO: Initial position of D_7 is Bukit Timah Market & Food Centre
2022-02-08 16:55:03,902 [simulator_api.py | 76] INFO: Initial position of D_8 is Bukit Timah Market & Food Centre
2022-02-08 16:55:03,902 [simulator_api.py | 76] INFO: Initial position of D_9 is Bukit Timah Market & Food Centre
2022-02-08 16:55:03,902 [simulator_api.py | 76] INFO: Initial position of D_10 is Bukit Timah Market & Food Centre
2022-02-08 16:55:03,902 [simulator_api.py | 76] INFO: Initial position of D_11 is Alexandra Village Food Centre
2022-02-08 16:55:03,902 [simulator_api.py | 76] INFO: Initial position of D_12 is Ghim Moh Market & Food Centre
2022-02-08 16:55:03,902 [simulator_api.py | 76] INFO: Initial position of D_13 is Alexandra Village Food Centre
2022-02-08 16:55:03,902 [simulator_api.py | 76] INFO: Initial position of D_14 is Ghim Moh Market & Food Centre
2022-02-08 16:55:03,902 [simulator_api.py | 76] INFO: Initial position of D_15 is Bukit Timah Market & Food Centre
2022-02-08 16:55:03,902 [simulator_api.py | 76] INFO: Initial position of D_16 is Ghim Moh Market & Food Centre
2022-02-08 16:55:03,902 [simulator_api.py | 76] INFO: Initial position of D_17 is Ghim Moh Market & Food Centre
2022-02-08 16:55:03,902 [simulator_api.py | 76] INFO: Initial position of D_18 is Alexandra Village Food Centre
2022-02-08 16:55:03,902 [simulator_api.py | 76] INFO: Initial position of D_19 is Bukit Timah Market & Food Centre
2022-02-08 16:55:03,902 [simulator_api.py | 76] INFO: Initial position of D_20 is Alexandra Village Food Centre
2022-02-08 16:55:03,902 [simulator_api.py | 76] INFO: Initial position of D_21 is Alexandra Village Food Centre
2022-02-08 16:55:03,902 [simulator_api.py | 76] INFO: Initial position of D_22 is Alexandra Village Food Centre
2022-02-08 16:55:03,903 [simulator_api.py | 76] INFO: Initial position of D_23 is Ghim Moh Market & Food Centre
2022-02-08 16:55:03,903 [simulator_api.py | 76] INFO: Initial position of D_24 is Bukit Timah Market & Food Centre
2022-02-08 16:55:03,903 [simulator_api.py | 76] INFO: Initial position of D_25 is Ghim Moh Market & Food Centre
2022-02-08 16:55:03,903 [simulator_api.py | 76] INFO: Initial position of D_26 is Alexandra Village Food Centre
2022-02-08 16:55:03,903 [simulator_api.py | 76] INFO: Initial position of D_27 is Ghim Moh Market & Food Centre
2022-02-08 16:55:03,903 [simulator_api.py | 76] INFO: Initial position of D_28 is Alexandra Village Food Centre
2022-02-08 16:55:03,904 [simulator_api.py | 76] INFO: Initial position of D_29 is Bukit Timah Market & Food Centre
2022-02-08 16:55:03,904 [simulator_api.py | 76] INFO: Initial position of D_30 is Bukit Timah Market & Food Centre
2022-02-08 16:55:03,904 [simulator_api.py | 76] INFO: Initial position of D_31 is Alexandra Village Food Centre
2022-02-08 16:55:03,904 [simulator_api.py | 76] INFO: Initial position of D_32 is Ghim Moh Market & Food Centre
2022-02-08 16:55:03,904 [simulator_api.py | 76] INFO: Initial position of D_33 is Bukit Timah Market & Food Centre
2022-02-08 16:55:03,904 [simulator_api.py | 76] INFO: Initial position of D_34 is Bukit Timah Market & Food Centre
2022-02-08 16:55:03,904 [simulator_api.py | 76] INFO: Initial position of D_35 is Bukit Timah Market & Food Centre
2022-02-08 16:55:03,904 [simulator_api.py | 76] INFO: Initial position of D_36 is Alexandra Village Food Centre
2022-02-08 16:55:03,904 [simulator_api.py | 76] INFO: Initial position of D_37 is Alexandra Village Food Centre
2022-02-08 16:55:03,904 [simulator_api.py | 76] INFO: Initial position of D_38 is Ghim Moh Market & Food Centre
2022-02-08 16:55:03,904 [simulator_api.py | 76] INFO: Initial position of D_39 is Alexandra Village Food Centre
2022-02-08 16:55:03,904 [simulator_api.py | 76] INFO: Initial position of D_40 is Bukit Timah Market & Food Centre
2022-02-08 16:55:03,904 [simulator_api.py | 76] INFO: Initial position of D_41 is Bukit Timah Market & Food Centre
2022-02-08 16:55:03,904 [simulator_api.py | 76] INFO: Initial position of D_42 is Alexandra Village Food Centre
2022-02-08 16:55:03,904 [simulator_api.py | 76] INFO: Initial position of D_43 is Bukit Timah Market & Food Centre
2022-02-08 16:55:03,904 [simulator_api.py | 76] INFO: Initial position of D_44 is Ghim Moh Market & Food Centre
2022-02-08 16:55:03,905 [simulator_api.py | 76] INFO: Initial position of D_45 is Alexandra Village Food Centre
2022-02-08 16:55:03,905 [simulator_api.py | 76] INFO: Initial position of D_46 is Ghim Moh Market & Food Centre
2022-02-08 16:55:03,905 [simulator_api.py | 76] INFO: Initial position of D_47 is Ghim Moh Market & Food Centre
2022-02-08 16:55:03,905 [simulator_api.py | 76] INFO: Initial position of D_48 is Alexandra Village Food Centre
2022-02-08 16:55:03,905 [simulator_api.py | 76] INFO: Initial position of D_49 is Bukit Timah Market & Food Centre
2022-02-08 16:55:03,905 [simulator_api.py | 76] INFO: Initial position of D_50 is Alexandra Village Food Centre
2022-02-08 16:55:03,905 [simulator_api.py | 76] INFO: Initial position of D_51 is Alexandra Village Food Centre
2022-02-08 16:55:03,905 [simulator_api.py | 76] INFO: Initial position of D_52 is Alexandra Village Food Centre
2022-02-08 16:55:03,905 [simulator_api.py | 76] INFO: Initial position of D_53 is Ghim Moh Market & Food Centre
2022-02-08 16:55:03,906 [simulator_api.py | 76] INFO: Initial position of D_54 is Alexandra Village Food Centre
2022-02-08 16:55:03,906 [simulator_api.py | 76] INFO: Initial position of D_55 is Bukit Timah Market & Food Centre
2022-02-08 16:55:03,906 [simulator_api.py | 76] INFO: Initial position of D_56 is Bukit Timah Market & Food Centre
2022-02-08 16:55:03,906 [simulator_api.py | 76] INFO: Initial position of D_57 is Ghim Moh Market & Food Centre
2022-02-08 16:55:03,906 [simulator_api.py | 76] INFO: Initial position of D_58 is Alexandra Village Food Centre
2022-02-08 16:55:03,907 [simulator_api.py | 76] INFO: Initial position of D_59 is Bukit Timah Market & Food Centre
2022-02-08 16:55:03,907 [simulator_api.py | 76] INFO: Initial position of D_60 is Alexandra Village Food Centre
2022-02-08 16:55:03,949 [simulator_env.py | 87] INFO: **************************************************
2022-02-08 16:55:03,949 [simulator_env.py | 91] INFO: cur time: 2022-02-08 06:10:00, pre time: 2022-02-08 06:00:00
2022-02-08 16:55:03,949 [simulator_env.py | 138] INFO: Start to update the input of 2022-02-08 06:10:00
2022-02-08 16:55:03,952 [simulator_env.py | 166] INFO: Get 5 unallocated orders, 0 ongoing orders, 0 completed orders.
2022-02-08 16:55:05,142 [simulator_env.py | 100] INFO: Finish the dispatch.
2022-02-08 16:55:05,143 [simulator_env.py | 272] INFO: 2022-02-08 06:10:00, Order 06042300000: state = 1 < 2, we can not finish the simulation
2022-02-08 16:55:05,143 [simulator_env.py | 87] INFO: **************************************************
2022-02-08 16:55:05,143 [simulator_env.py | 91] INFO: cur time: 2022-02-08 06:20:00, pre time: 2022-02-08 06:10:00
2022-02-08 16:55:05,144 [simulator_env.py | 138] INFO: Start to update the input of 2022-02-08 06:20:00
2022-02-08 16:55:05,149 [simulator_env.py | 166] INFO: Get 8 unallocated orders, 3 ongoing orders, 2 completed orders.
2022-02-08 16:55:05,805 [simulator_env.py | 100] INFO: Finish the dispatch.
2022-02-08 16:55:05,806 [simulator_env.py | 272] INFO: 2022-02-08 06:20:00, Order 06101000005: state = 1 < 2, we can not finish the simulation
2022-02-08 16:55:05,807 [simulator_env.py | 87] INFO: **************************************************
2022-02-08 16:55:05,807 [simulator_env.py | 91] INFO: cur time: 2022-02-08 06:30:00, pre time: 2022-02-08 06:20:00
2022-02-08 16:55:05,807 [simulator_env.py | 138] INFO: Start to update the input of 2022-02-08 06:30:00
2022-02-08 16:55:05,811 [simulator_env.py | 166] INFO: Get 13 unallocated orders, 1 ongoing orders, 7 completed orders.
2022-02-08 16:55:06,414 [simulator_env.py | 100] INFO: Finish the dispatch.
2022-02-08 16:55:06,415 [simulator_env.py | 272] INFO: 2022-02-08 06:30:00, Order 06101000005: state = 1 < 2, we can not finish the simulation
2022-02-08 16:55:06,415 [simulator_env.py | 87] INFO: **************************************************
2022-02-08 16:55:06,415 [simulator_env.py | 91] INFO: cur time: 2022-02-08 06:40:00, pre time: 2022-02-08 06:30:00
2022-02-08 16:55:06,415 [simulator_env.py | 138] INFO: Start to update the input of 2022-02-08 06:40:00
2022-02-08 16:55:06,421 [simulator_env.py | 166] INFO: Get 4 unallocated orders, 3 ongoing orders, 15 completed orders.
2022-02-08 16:55:07,278 [simulator_env.py | 100] INFO: Finish the dispatch.
2022-02-08 16:55:07,279 [simulator_env.py | 272] INFO: 2022-02-08 06:40:00, Order 06201300013: state = 1 < 2, we can not finish the simulation
2022-02-08 16:55:07,279 [simulator_env.py | 87] INFO: **************************************************
2022-02-08 16:55:07,280 [simulator_env.py | 91] INFO: cur time: 2022-02-08 06:50:00, pre time: 2022-02-08 06:40:00
2022-02-08 16:55:07,280 [simulator_env.py | 138] INFO: Start to update the input of 2022-02-08 06:50:00
2022-02-08 16:55:07,286 [simulator_env.py | 166] INFO: Get 15 unallocated orders, 2 ongoing orders, 19 completed orders.
2022-02-08 16:55:07,987 [simulator_env.py | 100] INFO: Finish the dispatch.
2022-02-08 16:55:07,989 [simulator_env.py | 272] INFO: 2022-02-08 06:50:00, Order 06201300013: state = 1 < 2, we can not finish the simulation
2022-02-08 16:55:07,990 [simulator_env.py | 87] INFO: **************************************************
2022-02-08 16:55:07,990 [simulator_env.py | 91] INFO: cur time: 2022-02-08 07:00:00, pre time: 2022-02-08 06:50:00
2022-02-08 16:55:07,990 [simulator_env.py | 138] INFO: Start to update the input of 2022-02-08 07:00:00
2022-02-08 16:55:07,997 [simulator_env.py | 166] INFO: Get 14 unallocated orders, 6 ongoing orders, 26 completed orders.
2022-02-08 16:55:08,710 [simulator_env.py | 100] INFO: Finish the dispatch.
2022-02-08 16:55:08,711 [simulator_env.py | 272] INFO: 2022-02-08 07:00:00, Order 06414300023: state = 1 < 2, we can not finish the simulation
2022-02-08 16:55:08,712 [simulator_env.py | 87] INFO: **************************************************
2022-02-08 16:55:08,712 [simulator_env.py | 91] INFO: cur time: 2022-02-08 07:10:00, pre time: 2022-02-08 07:00:00
2022-02-08 16:55:08,712 [simulator_env.py | 138] INFO: Start to update the input of 2022-02-08 07:10:00
2022-02-08 16:55:08,717 [simulator_env.py | 166] INFO: Get 8 unallocated orders, 8 ongoing orders, 37 completed orders.
2022-02-08 16:55:09,413 [simulator_env.py | 100] INFO: Finish the dispatch.
2022-02-08 16:55:09,415 [simulator_env.py | 272] INFO: 2022-02-08 07:10:00, Order 06585200044: state = 1 < 2, we can not finish the simulation
2022-02-08 16:55:09,415 [simulator_env.py | 87] INFO: **************************************************
2022-02-08 16:55:09,415 [simulator_env.py | 91] INFO: cur time: 2022-02-08 07:20:00, pre time: 2022-02-08 07:10:00
2022-02-08 16:55:09,415 [simulator_env.py | 138] INFO: Start to update the input of 2022-02-08 07:20:00
2022-02-08 16:55:09,420 [simulator_env.py | 166] INFO: Get 13 unallocated orders, 4 ongoing orders, 48 completed orders.
2022-02-08 16:55:10,395 [simulator_env.py | 100] INFO: Finish the dispatch.
2022-02-08 16:55:10,397 [simulator_env.py | 272] INFO: 2022-02-08 07:20:00, Order 07012800047: state = 1 < 2, we can not finish the simulation
2022-02-08 16:55:10,397 [simulator_env.py | 87] INFO: **************************************************
2022-02-08 16:55:10,397 [simulator_env.py | 91] INFO: cur time: 2022-02-08 07:30:00, pre time: 2022-02-08 07:20:00
2022-02-08 16:55:10,397 [simulator_env.py | 138] INFO: Start to update the input of 2022-02-08 07:30:00
2022-02-08 16:55:10,403 [simulator_env.py | 166] INFO: Get 10 unallocated orders, 7 ongoing orders, 56 completed orders.
2022-02-08 16:55:11,381 [simulator_env.py | 100] INFO: Finish the dispatch.
2022-02-08 16:55:11,383 [simulator_env.py | 272] INFO: 2022-02-08 07:30:00, Order 07144000058: state = 1 < 2, we can not finish the simulation
2022-02-08 16:55:11,384 [simulator_env.py | 87] INFO: **************************************************
2022-02-08 16:55:11,384 [simulator_env.py | 91] INFO: cur time: 2022-02-08 07:40:00, pre time: 2022-02-08 07:30:00
2022-02-08 16:55:11,384 [simulator_env.py | 138] INFO: Start to update the input of 2022-02-08 07:40:00
2022-02-08 16:55:11,391 [simulator_env.py | 166] INFO: Get 16 unallocated orders, 3 ongoing orders, 67 completed orders.
2022-02-08 16:55:12,399 [simulator_env.py | 100] INFO: Finish the dispatch.
2022-02-08 16:55:12,402 [simulator_env.py | 272] INFO: 2022-02-08 07:40:00, Order 07202400065: state = 1 < 2, we can not finish the simulation
2022-02-08 16:55:12,402 [simulator_env.py | 87] INFO: **************************************************
2022-02-08 16:55:12,402 [simulator_env.py | 91] INFO: cur time: 2022-02-08 07:50:00, pre time: 2022-02-08 07:40:00
2022-02-08 16:55:12,402 [simulator_env.py | 138] INFO: Start to update the input of 2022-02-08 07:50:00
2022-02-08 16:55:12,408 [simulator_env.py | 166] INFO: Get 16 unallocated orders, 10 ongoing orders, 71 completed orders.
2022-02-08 16:55:13,535 [simulator_env.py | 100] INFO: Finish the dispatch.
2022-02-08 16:55:13,538 [simulator_env.py | 272] INFO: 2022-02-08 07:50:00, Order 07300500073: state = 1 < 2, we can not finish the simulation
2022-02-08 16:55:13,539 [simulator_env.py | 87] INFO: **************************************************
2022-02-08 16:55:13,540 [simulator_env.py | 91] INFO: cur time: 2022-02-08 08:00:00, pre time: 2022-02-08 07:50:00
2022-02-08 16:55:13,540 [simulator_env.py | 138] INFO: Start to update the input of 2022-02-08 08:00:00
2022-02-08 16:55:13,546 [simulator_env.py | 166] INFO: Get 19 unallocated orders, 10 ongoing orders, 83 completed orders.
2022-02-08 16:55:14,514 [simulator_env.py | 100] INFO: Finish the dispatch.
2022-02-08 16:55:14,517 [simulator_env.py | 272] INFO: 2022-02-08 08:00:00, Order 07413900088: state = 1 < 2, we can not finish the simulation
2022-02-08 16:55:14,518 [simulator_env.py | 87] INFO: **************************************************
2022-02-08 16:55:14,518 [simulator_env.py | 91] INFO: cur time: 2022-02-08 08:10:00, pre time: 2022-02-08 08:00:00
2022-02-08 16:55:14,518 [simulator_env.py | 138] INFO: Start to update the input of 2022-02-08 08:10:00
2022-02-08 16:55:14,530 [simulator_env.py | 166] INFO: Get 26 unallocated orders, 7 ongoing orders, 99 completed orders.
2022-02-08 16:55:15,793 [simulator_env.py | 100] INFO: Finish the dispatch.
2022-02-08 16:55:15,794 [simulator_env.py | 272] INFO: 2022-02-08 08:10:00, Order 07430200089: state = 1 < 2, we can not finish the simulation
2022-02-08 16:55:15,795 [simulator_env.py | 87] INFO: **************************************************
2022-02-08 16:55:15,795 [simulator_env.py | 91] INFO: cur time: 2022-02-08 08:20:00, pre time: 2022-02-08 08:10:00
2022-02-08 16:55:15,795 [simulator_env.py | 138] INFO: Start to update the input of 2022-02-08 08:20:00
2022-02-08 16:55:15,802 [simulator_env.py | 166] INFO: Get 27 unallocated orders, 11 ongoing orders, 112 completed orders.
2022-02-08 16:55:16,767 [simulator_env.py | 100] INFO: Finish the dispatch.
2022-02-08 16:55:16,769 [simulator_env.py | 272] INFO: 2022-02-08 08:20:00, Order 08004000112: state = 1 < 2, we can not finish the simulation
2022-02-08 16:55:16,770 [simulator_env.py | 87] INFO: **************************************************
2022-02-08 16:55:16,770 [simulator_env.py | 91] INFO: cur time: 2022-02-08 08:30:00, pre time: 2022-02-08 08:20:00
2022-02-08 16:55:16,770 [simulator_env.py | 138] INFO: Start to update the input of 2022-02-08 08:30:00
2022-02-08 16:55:16,780 [simulator_env.py | 166] INFO: Get 24 unallocated orders, 13 ongoing orders, 133 completed orders.
2022-02-08 16:55:17,954 [simulator_env.py | 100] INFO: Finish the dispatch.
2022-02-08 16:55:17,957 [simulator_env.py | 272] INFO: 2022-02-08 08:30:00, Order 08105100133: state = 1 < 2, we can not finish the simulation
2022-02-08 16:55:17,958 [simulator_env.py | 87] INFO: **************************************************
2022-02-08 16:55:17,958 [simulator_env.py | 91] INFO: cur time: 2022-02-08 08:40:00, pre time: 2022-02-08 08:30:00
2022-02-08 16:55:17,958 [simulator_env.py | 138] INFO: Start to update the input of 2022-02-08 08:40:00
2022-02-08 16:55:17,967 [simulator_env.py | 166] INFO: Get 27 unallocated orders, 13 ongoing orders, 151 completed orders.
2022-02-08 16:55:19,250 [simulator_env.py | 100] INFO: Finish the dispatch.
2022-02-08 16:55:19,252 [simulator_env.py | 272] INFO: 2022-02-08 08:40:00, Order 08204200151: state = 1 < 2, we can not finish the simulation
2022-02-08 16:55:19,253 [simulator_env.py | 87] INFO: **************************************************
2022-02-08 16:55:19,253 [simulator_env.py | 91] INFO: cur time: 2022-02-08 08:50:00, pre time: 2022-02-08 08:40:00
2022-02-08 16:55:19,253 [simulator_env.py | 138] INFO: Start to update the input of 2022-02-08 08:50:00
2022-02-08 16:55:19,262 [simulator_env.py | 166] INFO: Get 25 unallocated orders, 16 ongoing orders, 167 completed orders.
2022-02-08 16:55:20,245 [simulator_env.py | 100] INFO: Finish the dispatch.
2022-02-08 16:55:20,247 [simulator_env.py | 272] INFO: 2022-02-08 08:50:00, Order 08302900170: state = 1 < 2, we can not finish the simulation
2022-02-08 16:55:20,248 [simulator_env.py | 87] INFO: **************************************************
2022-02-08 16:55:20,248 [simulator_env.py | 91] INFO: cur time: 2022-02-08 09:00:00, pre time: 2022-02-08 08:50:00
2022-02-08 16:55:20,248 [simulator_env.py | 138] INFO: Start to update the input of 2022-02-08 09:00:00
2022-02-08 16:55:20,261 [simulator_env.py | 166] INFO: Get 31 unallocated orders, 17 ongoing orders, 190 completed orders.
2022-02-08 16:55:21,328 [simulator_env.py | 100] INFO: Finish the dispatch.
2022-02-08 16:55:21,330 [simulator_env.py | 272] INFO: 2022-02-08 09:00:00, Order 08335900178: state = 1 < 2, we can not finish the simulation
2022-02-08 16:55:21,331 [simulator_env.py | 87] INFO: **************************************************
2022-02-08 16:55:21,331 [simulator_env.py | 91] INFO: cur time: 2022-02-08 09:10:00, pre time: 2022-02-08 09:00:00
2022-02-08 16:55:21,331 [simulator_env.py | 138] INFO: Start to update the input of 2022-02-08 09:10:00
2022-02-08 16:55:21,345 [simulator_env.py | 166] INFO: Get 40 unallocated orders, 14 ongoing orders, 216 completed orders.
2022-02-08 16:55:22,579 [simulator_env.py | 100] INFO: Finish the dispatch.
2022-02-08 16:55:22,583 [simulator_env.py | 272] INFO: 2022-02-08 09:10:00, Order 08503100208: state = 1 < 2, we can not finish the simulation
2022-02-08 16:55:22,586 [simulator_env.py | 87] INFO: **************************************************
2022-02-08 16:55:22,586 [simulator_env.py | 91] INFO: cur time: 2022-02-08 09:20:00, pre time: 2022-02-08 09:10:00
2022-02-08 16:55:22,586 [simulator_env.py | 138] INFO: Start to update the input of 2022-02-08 09:20:00
2022-02-08 16:55:22,600 [simulator_env.py | 166] INFO: Get 33 unallocated orders, 20 ongoing orders, 244 completed orders.
2022-02-08 16:55:23,622 [simulator_env.py | 100] INFO: Finish the dispatch.
2022-02-08 16:55:23,625 [simulator_env.py | 272] INFO: 2022-02-08 09:20:00, Order 09031000245: state = 1 < 2, we can not finish the simulation
2022-02-08 16:55:23,626 [simulator_env.py | 87] INFO: **************************************************
2022-02-08 16:55:23,626 [simulator_env.py | 91] INFO: cur time: 2022-02-08 09:30:00, pre time: 2022-02-08 09:20:00
2022-02-08 16:55:23,626 [simulator_env.py | 138] INFO: Start to update the input of 2022-02-08 09:30:00
2022-02-08 16:55:23,639 [simulator_env.py | 166] INFO: Get 50 unallocated orders, 12 ongoing orders, 269 completed orders.
2022-02-08 16:55:24,781 [simulator_env.py | 100] INFO: Finish the dispatch.
2022-02-08 16:55:24,784 [simulator_env.py | 272] INFO: 2022-02-08 09:30:00, Order 09031000245: state = 1 < 2, we can not finish the simulation
2022-02-08 16:55:24,785 [simulator_env.py | 87] INFO: **************************************************
2022-02-08 16:55:24,785 [simulator_env.py | 91] INFO: cur time: 2022-02-08 09:40:00, pre time: 2022-02-08 09:30:00
2022-02-08 16:55:24,786 [simulator_env.py | 138] INFO: Start to update the input of 2022-02-08 09:40:00
2022-02-08 16:55:24,800 [simulator_env.py | 166] INFO: Get 39 unallocated orders, 27 ongoing orders, 294 completed orders.
2022-02-08 16:55:25,913 [simulator_env.py | 100] INFO: Finish the dispatch.
2022-02-08 16:55:25,916 [simulator_env.py | 272] INFO: 2022-02-08 09:40:00, Order 09161100283: state = 1 < 2, we can not finish the simulation
2022-02-08 16:55:25,917 [simulator_env.py | 87] INFO: **************************************************
2022-02-08 16:55:25,917 [simulator_env.py | 91] INFO: cur time: 2022-02-08 09:50:00, pre time: 2022-02-08 09:40:00
2022-02-08 16:55:25,917 [simulator_env.py | 138] INFO: Start to update the input of 2022-02-08 09:50:00
2022-02-08 16:55:25,933 [simulator_env.py | 166] INFO: Get 42 unallocated orders, 21 ongoing orders, 328 completed orders.
2022-02-08 16:55:27,059 [simulator_env.py | 100] INFO: Finish the dispatch.
2022-02-08 16:55:27,064 [simulator_env.py | 272] INFO: 2022-02-08 09:50:00, Order 09304300332: state = 1 < 2, we can not finish the simulation
2022-02-08 16:55:27,067 [simulator_env.py | 87] INFO: **************************************************
2022-02-08 16:55:27,067 [simulator_env.py | 91] INFO: cur time: 2022-02-08 10:00:00, pre time: 2022-02-08 09:50:00
2022-02-08 16:55:27,067 [simulator_env.py | 138] INFO: Start to update the input of 2022-02-08 10:00:00
2022-02-08 16:55:27,078 [simulator_env.py | 166] INFO: Get 62 unallocated orders, 23 ongoing orders, 358 completed orders.
2022-02-08 16:55:28,287 [simulator_env.py | 100] INFO: Finish the dispatch.
2022-02-08 16:55:28,293 [simulator_env.py | 272] INFO: 2022-02-08 10:00:00, Order 09380800356: state = 1 < 2, we can not finish the simulation
2022-02-08 16:55:28,294 [simulator_env.py | 87] INFO: **************************************************
2022-02-08 16:55:28,294 [simulator_env.py | 91] INFO: cur time: 2022-02-08 10:10:00, pre time: 2022-02-08 10:00:00
2022-02-08 16:55:28,294 [simulator_env.py | 138] INFO: Start to update the input of 2022-02-08 10:10:00
2022-02-08 16:55:28,307 [simulator_env.py | 166] INFO: Get 64 unallocated orders, 28 ongoing orders, 391 completed orders.
2022-02-08 16:55:29,550 [simulator_env.py | 100] INFO: Finish the dispatch.
2022-02-08 16:55:29,554 [simulator_env.py | 272] INFO: 2022-02-08 10:10:00, Order 09503900393: state = 1 < 2, we can not finish the simulation
2022-02-08 16:55:29,556 [simulator_env.py | 87] INFO: **************************************************
2022-02-08 16:55:29,556 [simulator_env.py | 91] INFO: cur time: 2022-02-08 10:20:00, pre time: 2022-02-08 10:10:00
2022-02-08 16:55:29,557 [simulator_env.py | 138] INFO: Start to update the input of 2022-02-08 10:20:00
2022-02-08 16:55:29,572 [simulator_env.py | 166] INFO: Get 75 unallocated orders, 19 ongoing orders, 426 completed orders.
2022-02-08 16:55:30,690 [simulator_env.py | 100] INFO: Finish the dispatch.
2022-02-08 16:55:30,693 [simulator_env.py | 272] INFO: 2022-02-08 10:20:00, Order 09512200396: state = 1 < 2, we can not finish the simulation
2022-02-08 16:55:30,694 [simulator_env.py | 87] INFO: **************************************************
2022-02-08 16:55:30,694 [simulator_env.py | 91] INFO: cur time: 2022-02-08 10:30:00, pre time: 2022-02-08 10:20:00
2022-02-08 16:55:30,694 [simulator_env.py | 138] INFO: Start to update the input of 2022-02-08 10:30:00
2022-02-08 16:55:30,708 [simulator_env.py | 166] INFO: Get 71 unallocated orders, 23 ongoing orders, 463 completed orders.
2022-02-08 16:55:31,991 [simulator_env.py | 100] INFO: Finish the dispatch.
2022-02-08 16:55:31,994 [simulator_env.py | 272] INFO: 2022-02-08 10:30:00, Order 09571700430: state = 1 < 2, we can not finish the simulation
2022-02-08 16:55:31,995 [simulator_env.py | 87] INFO: **************************************************
2022-02-08 16:55:31,996 [simulator_env.py | 91] INFO: cur time: 2022-02-08 10:40:00, pre time: 2022-02-08 10:30:00
2022-02-08 16:55:31,996 [simulator_env.py | 138] INFO: Start to update the input of 2022-02-08 10:40:00
2022-02-08 16:55:32,014 [simulator_env.py | 166] INFO: Get 80 unallocated orders, 35 ongoing orders, 500 completed orders.
2022-02-08 16:55:33,401 [simulator_env.py | 100] INFO: Finish the dispatch.
2022-02-08 16:55:33,406 [checker.py      | 87] ERROR: driver D_27, returned destination id is Ghim Moh Market & Food Centre, however the origin destination id is 652296 Singapore.
2022-02-08 16:55:33,406 [checker.py      | 37] ERROR: Returned destination of driver D_27 is not valid
2022-02-08 16:55:33,406 [simulator_env.py | 104] ERROR: Dispatch result is infeasible
2022-02-08 16:55:33,733 [main.py         | 36] INFO: Score of instance_2: 9223372036854775807
