2022-02-08 14:50:56,997 [main.py         | 31] INFO: Start to run instance_2
2022-02-08 14:50:56,998 [simulator_api.py | 43] INFO: Start time of the simulator: 2022-02-08 06:00:00, time interval:  600.00
2022-02-08 14:50:57,073 [input_utils.py  | 36] INFO: Get 794 locations
2022-02-08 14:51:59,609 [input_utils.py  | 40] INFO: Get 630436 routes
2022-02-08 14:52:00,233 [input_utils.py  | 45] INFO: Get 60 drivers
2022-02-08 14:52:00,660 [input_utils.py  | 49] INFO: Get 2491 orders
2022-02-08 14:52:00,660 [simulator_api.py | 76] INFO: Initial position of D_1 is Bukit Timah Market & Food Centre
2022-02-08 14:52:00,661 [simulator_api.py | 76] INFO: Initial position of D_2 is Bukit Timah Market & Food Centre
2022-02-08 14:52:00,661 [simulator_api.py | 76] INFO: Initial position of D_3 is Ghim Moh Market & Food Centre
2022-02-08 14:52:00,661 [simulator_api.py | 76] INFO: Initial position of D_4 is Bukit Timah Market & Food Centre
2022-02-08 14:52:00,661 [simulator_api.py | 76] INFO: Initial position of D_5 is Alexandra Village Food Centre
2022-02-08 14:52:00,661 [simulator_api.py | 76] INFO: Initial position of D_6 is Bukit Timah Market & Food Centre
2022-02-08 14:52:00,661 [simulator_api.py | 76] INFO: Initial position of D_7 is Bukit Timah Market & Food Centre
2022-02-08 14:52:00,661 [simulator_api.py | 76] INFO: Initial position of D_8 is Bukit Timah Market & Food Centre
2022-02-08 14:52:00,661 [simulator_api.py | 76] INFO: Initial position of D_9 is Bukit Timah Market & Food Centre
2022-02-08 14:52:00,661 [simulator_api.py | 76] INFO: Initial position of D_10 is Bukit Timah Market & Food Centre
2022-02-08 14:52:00,661 [simulator_api.py | 76] INFO: Initial position of D_11 is Alexandra Village Food Centre
2022-02-08 14:52:00,662 [simulator_api.py | 76] INFO: Initial position of D_12 is Ghim Moh Market & Food Centre
2022-02-08 14:52:00,662 [simulator_api.py | 76] INFO: Initial position of D_13 is Alexandra Village Food Centre
2022-02-08 14:52:00,662 [simulator_api.py | 76] INFO: Initial position of D_14 is Ghim Moh Market & Food Centre
2022-02-08 14:52:00,662 [simulator_api.py | 76] INFO: Initial position of D_15 is Bukit Timah Market & Food Centre
2022-02-08 14:52:00,662 [simulator_api.py | 76] INFO: Initial position of D_16 is Ghim Moh Market & Food Centre
2022-02-08 14:52:00,662 [simulator_api.py | 76] INFO: Initial position of D_17 is Ghim Moh Market & Food Centre
2022-02-08 14:52:00,662 [simulator_api.py | 76] INFO: Initial position of D_18 is Alexandra Village Food Centre
2022-02-08 14:52:00,662 [simulator_api.py | 76] INFO: Initial position of D_19 is Bukit Timah Market & Food Centre
2022-02-08 14:52:00,662 [simulator_api.py | 76] INFO: Initial position of D_20 is Alexandra Village Food Centre
2022-02-08 14:52:00,662 [simulator_api.py | 76] INFO: Initial position of D_21 is Alexandra Village Food Centre
2022-02-08 14:52:00,662 [simulator_api.py | 76] INFO: Initial position of D_22 is Alexandra Village Food Centre
2022-02-08 14:52:00,663 [simulator_api.py | 76] INFO: Initial position of D_23 is Ghim Moh Market & Food Centre
2022-02-08 14:52:00,664 [simulator_api.py | 76] INFO: Initial position of D_24 is Bukit Timah Market & Food Centre
2022-02-08 14:52:00,664 [simulator_api.py | 76] INFO: Initial position of D_25 is Ghim Moh Market & Food Centre
2022-02-08 14:52:00,664 [simulator_api.py | 76] INFO: Initial position of D_26 is Alexandra Village Food Centre
2022-02-08 14:52:00,664 [simulator_api.py | 76] INFO: Initial position of D_27 is Ghim Moh Market & Food Centre
2022-02-08 14:52:00,664 [simulator_api.py | 76] INFO: Initial position of D_28 is Alexandra Village Food Centre
2022-02-08 14:52:00,664 [simulator_api.py | 76] INFO: Initial position of D_29 is Bukit Timah Market & Food Centre
2022-02-08 14:52:00,664 [simulator_api.py | 76] INFO: Initial position of D_30 is Bukit Timah Market & Food Centre
2022-02-08 14:52:00,665 [simulator_api.py | 76] INFO: Initial position of D_31 is Alexandra Village Food Centre
2022-02-08 14:52:00,665 [simulator_api.py | 76] INFO: Initial position of D_32 is Ghim Moh Market & Food Centre
2022-02-08 14:52:00,665 [simulator_api.py | 76] INFO: Initial position of D_33 is Bukit Timah Market & Food Centre
2022-02-08 14:52:00,665 [simulator_api.py | 76] INFO: Initial position of D_34 is Bukit Timah Market & Food Centre
2022-02-08 14:52:00,665 [simulator_api.py | 76] INFO: Initial position of D_35 is Bukit Timah Market & Food Centre
2022-02-08 14:52:00,667 [simulator_api.py | 76] INFO: Initial position of D_36 is Alexandra Village Food Centre
2022-02-08 14:52:00,667 [simulator_api.py | 76] INFO: Initial position of D_37 is Alexandra Village Food Centre
2022-02-08 14:52:00,667 [simulator_api.py | 76] INFO: Initial position of D_38 is Ghim Moh Market & Food Centre
2022-02-08 14:52:00,667 [simulator_api.py | 76] INFO: Initial position of D_39 is Alexandra Village Food Centre
2022-02-08 14:52:00,667 [simulator_api.py | 76] INFO: Initial position of D_40 is Bukit Timah Market & Food Centre
2022-02-08 14:52:00,667 [simulator_api.py | 76] INFO: Initial position of D_41 is Bukit Timah Market & Food Centre
2022-02-08 14:52:00,667 [simulator_api.py | 76] INFO: Initial position of D_42 is Alexandra Village Food Centre
2022-02-08 14:52:00,668 [simulator_api.py | 76] INFO: Initial position of D_43 is Bukit Timah Market & Food Centre
2022-02-08 14:52:00,668 [simulator_api.py | 76] INFO: Initial position of D_44 is Ghim Moh Market & Food Centre
2022-02-08 14:52:00,668 [simulator_api.py | 76] INFO: Initial position of D_45 is Alexandra Village Food Centre
2022-02-08 14:52:00,668 [simulator_api.py | 76] INFO: Initial position of D_46 is Ghim Moh Market & Food Centre
2022-02-08 14:52:00,668 [simulator_api.py | 76] INFO: Initial position of D_47 is Ghim Moh Market & Food Centre
2022-02-08 14:52:00,668 [simulator_api.py | 76] INFO: Initial position of D_48 is Alexandra Village Food Centre
2022-02-08 14:52:00,668 [simulator_api.py | 76] INFO: Initial position of D_49 is Bukit Timah Market & Food Centre
2022-02-08 14:52:00,669 [simulator_api.py | 76] INFO: Initial position of D_50 is Alexandra Village Food Centre
2022-02-08 14:52:00,669 [simulator_api.py | 76] INFO: Initial position of D_51 is Alexandra Village Food Centre
2022-02-08 14:52:00,669 [simulator_api.py | 76] INFO: Initial position of D_52 is Alexandra Village Food Centre
2022-02-08 14:52:00,669 [simulator_api.py | 76] INFO: Initial position of D_53 is Ghim Moh Market & Food Centre
2022-02-08 14:52:00,669 [simulator_api.py | 76] INFO: Initial position of D_54 is Alexandra Village Food Centre
2022-02-08 14:52:00,669 [simulator_api.py | 76] INFO: Initial position of D_55 is Bukit Timah Market & Food Centre
2022-02-08 14:52:00,669 [simulator_api.py | 76] INFO: Initial position of D_56 is Bukit Timah Market & Food Centre
2022-02-08 14:52:00,669 [simulator_api.py | 76] INFO: Initial position of D_57 is Ghim Moh Market & Food Centre
2022-02-08 14:52:00,670 [simulator_api.py | 76] INFO: Initial position of D_58 is Alexandra Village Food Centre
2022-02-08 14:52:00,670 [simulator_api.py | 76] INFO: Initial position of D_59 is Bukit Timah Market & Food Centre
2022-02-08 14:52:00,670 [simulator_api.py | 76] INFO: Initial position of D_60 is Alexandra Village Food Centre
2022-02-08 14:52:00,724 [simulator_env.py | 87] INFO: **************************************************
2022-02-08 14:52:00,724 [simulator_env.py | 91] INFO: cur time: 2022-02-08 06:10:00, pre time: 2022-02-08 06:00:00
2022-02-08 14:52:00,724 [simulator_env.py | 138] INFO: Start to update the input of 2022-02-08 06:10:00
2022-02-08 14:52:00,733 [simulator_env.py | 166] INFO: Get 5 unallocated orders, 0 ongoing orders, 0 completed orders.
2022-02-08 14:52:01,305 [simulator_env.py | 100] INFO: Finish the dispatch.
2022-02-08 14:52:01,306 [simulator_env.py | 272] INFO: 2022-02-08 06:10:00, Order 06042300000: state = 1 < 2, we can not finish the simulation
2022-02-08 14:52:01,307 [simulator_env.py | 87] INFO: **************************************************
2022-02-08 14:52:01,307 [simulator_env.py | 91] INFO: cur time: 2022-02-08 06:20:00, pre time: 2022-02-08 06:10:00
2022-02-08 14:52:01,307 [simulator_env.py | 138] INFO: Start to update the input of 2022-02-08 06:20:00
2022-02-08 14:52:01,311 [simulator_env.py | 166] INFO: Get 8 unallocated orders, 3 ongoing orders, 2 completed orders.
2022-02-08 14:52:02,236 [simulator_env.py | 100] INFO: Finish the dispatch.
2022-02-08 14:52:02,238 [simulator_env.py | 272] INFO: 2022-02-08 06:20:00, Order 06101000005: state = 1 < 2, we can not finish the simulation
2022-02-08 14:52:02,238 [simulator_env.py | 87] INFO: **************************************************
2022-02-08 14:52:02,238 [simulator_env.py | 91] INFO: cur time: 2022-02-08 06:30:00, pre time: 2022-02-08 06:20:00
2022-02-08 14:52:02,238 [simulator_env.py | 138] INFO: Start to update the input of 2022-02-08 06:30:00
2022-02-08 14:52:02,242 [simulator_env.py | 166] INFO: Get 13 unallocated orders, 1 ongoing orders, 7 completed orders.
2022-02-08 14:52:03,007 [simulator_env.py | 100] INFO: Finish the dispatch.
2022-02-08 14:52:03,009 [simulator_env.py | 272] INFO: 2022-02-08 06:30:00, Order 06101000005: state = 1 < 2, we can not finish the simulation
2022-02-08 14:52:03,010 [simulator_env.py | 87] INFO: **************************************************
2022-02-08 14:52:03,010 [simulator_env.py | 91] INFO: cur time: 2022-02-08 06:40:00, pre time: 2022-02-08 06:30:00
2022-02-08 14:52:03,010 [simulator_env.py | 138] INFO: Start to update the input of 2022-02-08 06:40:00
2022-02-08 14:52:03,015 [simulator_env.py | 166] INFO: Get 4 unallocated orders, 3 ongoing orders, 15 completed orders.
2022-02-08 14:52:03,678 [simulator_env.py | 100] INFO: Finish the dispatch.
2022-02-08 14:52:03,679 [simulator_env.py | 272] INFO: 2022-02-08 06:40:00, Order 06201300013: state = 1 < 2, we can not finish the simulation
2022-02-08 14:52:03,679 [simulator_env.py | 87] INFO: **************************************************
2022-02-08 14:52:03,679 [simulator_env.py | 91] INFO: cur time: 2022-02-08 06:50:00, pre time: 2022-02-08 06:40:00
2022-02-08 14:52:03,679 [simulator_env.py | 138] INFO: Start to update the input of 2022-02-08 06:50:00
2022-02-08 14:52:03,683 [simulator_env.py | 166] INFO: Get 15 unallocated orders, 2 ongoing orders, 19 completed orders.
2022-02-08 14:52:04,392 [simulator_env.py | 100] INFO: Finish the dispatch.
2022-02-08 14:52:04,394 [simulator_env.py | 272] INFO: 2022-02-08 06:50:00, Order 06201300013: state = 1 < 2, we can not finish the simulation
2022-02-08 14:52:04,394 [simulator_env.py | 87] INFO: **************************************************
2022-02-08 14:52:04,394 [simulator_env.py | 91] INFO: cur time: 2022-02-08 07:00:00, pre time: 2022-02-08 06:50:00
2022-02-08 14:52:04,394 [simulator_env.py | 138] INFO: Start to update the input of 2022-02-08 07:00:00
2022-02-08 14:52:04,409 [simulator_env.py | 166] INFO: Get 14 unallocated orders, 6 ongoing orders, 26 completed orders.
2022-02-08 14:52:05,374 [simulator_env.py | 100] INFO: Finish the dispatch.
2022-02-08 14:52:05,376 [simulator_env.py | 272] INFO: 2022-02-08 07:00:00, Order 06414300023: state = 1 < 2, we can not finish the simulation
2022-02-08 14:52:05,376 [simulator_env.py | 87] INFO: **************************************************
2022-02-08 14:52:05,376 [simulator_env.py | 91] INFO: cur time: 2022-02-08 07:10:00, pre time: 2022-02-08 07:00:00
2022-02-08 14:52:05,377 [simulator_env.py | 138] INFO: Start to update the input of 2022-02-08 07:10:00
2022-02-08 14:52:05,387 [simulator_env.py | 166] INFO: Get 8 unallocated orders, 8 ongoing orders, 37 completed orders.
2022-02-08 14:52:06,364 [simulator_env.py | 100] INFO: Finish the dispatch.
2022-02-08 14:52:06,368 [simulator_env.py | 272] INFO: 2022-02-08 07:10:00, Order 06585200044: state = 1 < 2, we can not finish the simulation
2022-02-08 14:52:06,369 [simulator_env.py | 87] INFO: **************************************************
2022-02-08 14:52:06,369 [simulator_env.py | 91] INFO: cur time: 2022-02-08 07:20:00, pre time: 2022-02-08 07:10:00
2022-02-08 14:52:06,369 [simulator_env.py | 138] INFO: Start to update the input of 2022-02-08 07:20:00
2022-02-08 14:52:06,377 [simulator_env.py | 166] INFO: Get 13 unallocated orders, 4 ongoing orders, 48 completed orders.
2022-02-08 14:52:07,604 [simulator_env.py | 100] INFO: Finish the dispatch.
2022-02-08 14:52:07,605 [simulator_env.py | 272] INFO: 2022-02-08 07:20:00, Order 07012800047: state = 1 < 2, we can not finish the simulation
2022-02-08 14:52:07,605 [simulator_env.py | 87] INFO: **************************************************
2022-02-08 14:52:07,606 [simulator_env.py | 91] INFO: cur time: 2022-02-08 07:30:00, pre time: 2022-02-08 07:20:00
2022-02-08 14:52:07,606 [simulator_env.py | 138] INFO: Start to update the input of 2022-02-08 07:30:00
2022-02-08 14:52:07,611 [simulator_env.py | 166] INFO: Get 10 unallocated orders, 7 ongoing orders, 56 completed orders.
2022-02-08 14:52:08,687 [simulator_env.py | 100] INFO: Finish the dispatch.
2022-02-08 14:52:08,689 [simulator_env.py | 272] INFO: 2022-02-08 07:30:00, Order 07144000058: state = 1 < 2, we can not finish the simulation
2022-02-08 14:52:08,691 [simulator_env.py | 87] INFO: **************************************************
2022-02-08 14:52:08,691 [simulator_env.py | 91] INFO: cur time: 2022-02-08 07:40:00, pre time: 2022-02-08 07:30:00
2022-02-08 14:52:08,691 [simulator_env.py | 138] INFO: Start to update the input of 2022-02-08 07:40:00
2022-02-08 14:52:08,698 [simulator_env.py | 166] INFO: Get 16 unallocated orders, 3 ongoing orders, 67 completed orders.
2022-02-08 14:52:09,845 [simulator_env.py | 100] INFO: Finish the dispatch.
2022-02-08 14:52:09,846 [simulator_env.py | 272] INFO: 2022-02-08 07:40:00, Order 07202400065: state = 1 < 2, we can not finish the simulation
2022-02-08 14:52:09,847 [simulator_env.py | 87] INFO: **************************************************
2022-02-08 14:52:09,847 [simulator_env.py | 91] INFO: cur time: 2022-02-08 07:50:00, pre time: 2022-02-08 07:40:00
2022-02-08 14:52:09,847 [simulator_env.py | 138] INFO: Start to update the input of 2022-02-08 07:50:00
2022-02-08 14:52:09,852 [simulator_env.py | 166] INFO: Get 16 unallocated orders, 10 ongoing orders, 71 completed orders.
2022-02-08 14:52:10,919 [simulator_env.py | 100] INFO: Finish the dispatch.
2022-02-08 14:52:10,921 [simulator_env.py | 272] INFO: 2022-02-08 07:50:00, Order 07300500073: state = 1 < 2, we can not finish the simulation
2022-02-08 14:52:10,921 [simulator_env.py | 87] INFO: **************************************************
2022-02-08 14:52:10,921 [simulator_env.py | 91] INFO: cur time: 2022-02-08 08:00:00, pre time: 2022-02-08 07:50:00
2022-02-08 14:52:10,922 [simulator_env.py | 138] INFO: Start to update the input of 2022-02-08 08:00:00
2022-02-08 14:52:10,928 [simulator_env.py | 166] INFO: Get 19 unallocated orders, 10 ongoing orders, 83 completed orders.
2022-02-08 14:52:11,945 [simulator_env.py | 100] INFO: Finish the dispatch.
2022-02-08 14:52:11,948 [simulator_env.py | 272] INFO: 2022-02-08 08:00:00, Order 07413900088: state = 1 < 2, we can not finish the simulation
2022-02-08 14:52:11,949 [simulator_env.py | 87] INFO: **************************************************
2022-02-08 14:52:11,949 [simulator_env.py | 91] INFO: cur time: 2022-02-08 08:10:00, pre time: 2022-02-08 08:00:00
2022-02-08 14:52:11,949 [simulator_env.py | 138] INFO: Start to update the input of 2022-02-08 08:10:00
2022-02-08 14:52:11,960 [simulator_env.py | 166] INFO: Get 26 unallocated orders, 7 ongoing orders, 99 completed orders.
2022-02-08 14:52:13,123 [simulator_env.py | 100] INFO: Finish the dispatch.
2022-02-08 14:52:13,125 [simulator_env.py | 272] INFO: 2022-02-08 08:10:00, Order 07430200089: state = 1 < 2, we can not finish the simulation
2022-02-08 14:52:13,126 [simulator_env.py | 87] INFO: **************************************************
2022-02-08 14:52:13,126 [simulator_env.py | 91] INFO: cur time: 2022-02-08 08:20:00, pre time: 2022-02-08 08:10:00
2022-02-08 14:52:13,126 [simulator_env.py | 138] INFO: Start to update the input of 2022-02-08 08:20:00
2022-02-08 14:52:13,135 [simulator_env.py | 166] INFO: Get 27 unallocated orders, 11 ongoing orders, 112 completed orders.
2022-02-08 14:52:14,306 [simulator_env.py | 100] INFO: Finish the dispatch.
2022-02-08 14:52:14,309 [simulator_env.py | 272] INFO: 2022-02-08 08:20:00, Order 08004000112: state = 1 < 2, we can not finish the simulation
2022-02-08 14:52:14,310 [simulator_env.py | 87] INFO: **************************************************
2022-02-08 14:52:14,310 [simulator_env.py | 91] INFO: cur time: 2022-02-08 08:30:00, pre time: 2022-02-08 08:20:00
2022-02-08 14:52:14,310 [simulator_env.py | 138] INFO: Start to update the input of 2022-02-08 08:30:00
2022-02-08 14:52:14,320 [simulator_env.py | 166] INFO: Get 24 unallocated orders, 13 ongoing orders, 133 completed orders.
2022-02-08 14:52:15,558 [simulator_env.py | 100] INFO: Finish the dispatch.
2022-02-08 14:52:15,560 [simulator_env.py | 272] INFO: 2022-02-08 08:30:00, Order 08105100133: state = 1 < 2, we can not finish the simulation
2022-02-08 14:52:15,561 [simulator_env.py | 87] INFO: **************************************************
2022-02-08 14:52:15,561 [simulator_env.py | 91] INFO: cur time: 2022-02-08 08:40:00, pre time: 2022-02-08 08:30:00
2022-02-08 14:52:15,562 [simulator_env.py | 138] INFO: Start to update the input of 2022-02-08 08:40:00
2022-02-08 14:52:15,570 [simulator_env.py | 166] INFO: Get 27 unallocated orders, 13 ongoing orders, 151 completed orders.
2022-02-08 14:52:16,839 [simulator_env.py | 100] INFO: Finish the dispatch.
2022-02-08 14:52:16,842 [simulator_env.py | 272] INFO: 2022-02-08 08:40:00, Order 08204200151: state = 1 < 2, we can not finish the simulation
2022-02-08 14:52:16,843 [simulator_env.py | 87] INFO: **************************************************
2022-02-08 14:52:16,843 [simulator_env.py | 91] INFO: cur time: 2022-02-08 08:50:00, pre time: 2022-02-08 08:40:00
2022-02-08 14:52:16,843 [simulator_env.py | 138] INFO: Start to update the input of 2022-02-08 08:50:00
2022-02-08 14:52:16,852 [simulator_env.py | 166] INFO: Get 25 unallocated orders, 16 ongoing orders, 167 completed orders.
2022-02-08 14:52:18,144 [simulator_env.py | 100] INFO: Finish the dispatch.
2022-02-08 14:52:18,146 [simulator_env.py | 272] INFO: 2022-02-08 08:50:00, Order 08302900170: state = 1 < 2, we can not finish the simulation
2022-02-08 14:52:18,147 [simulator_env.py | 87] INFO: **************************************************
2022-02-08 14:52:18,147 [simulator_env.py | 91] INFO: cur time: 2022-02-08 09:00:00, pre time: 2022-02-08 08:50:00
2022-02-08 14:52:18,147 [simulator_env.py | 138] INFO: Start to update the input of 2022-02-08 09:00:00
2022-02-08 14:52:18,157 [simulator_env.py | 166] INFO: Get 31 unallocated orders, 17 ongoing orders, 190 completed orders.
2022-02-08 14:52:19,322 [simulator_env.py | 100] INFO: Finish the dispatch.
2022-02-08 14:52:19,325 [simulator_env.py | 272] INFO: 2022-02-08 09:00:00, Order 08335900178: state = 1 < 2, we can not finish the simulation
2022-02-08 14:52:19,327 [simulator_env.py | 87] INFO: **************************************************
2022-02-08 14:52:19,327 [simulator_env.py | 91] INFO: cur time: 2022-02-08 09:10:00, pre time: 2022-02-08 09:00:00
2022-02-08 14:52:19,327 [simulator_env.py | 138] INFO: Start to update the input of 2022-02-08 09:10:00
2022-02-08 14:52:19,339 [simulator_env.py | 166] INFO: Get 40 unallocated orders, 14 ongoing orders, 216 completed orders.
2022-02-08 14:52:20,421 [simulator_env.py | 100] INFO: Finish the dispatch.
2022-02-08 14:52:20,425 [simulator_env.py | 272] INFO: 2022-02-08 09:10:00, Order 08503100208: state = 1 < 2, we can not finish the simulation
2022-02-08 14:52:20,426 [simulator_env.py | 87] INFO: **************************************************
2022-02-08 14:52:20,426 [simulator_env.py | 91] INFO: cur time: 2022-02-08 09:20:00, pre time: 2022-02-08 09:10:00
2022-02-08 14:52:20,427 [simulator_env.py | 138] INFO: Start to update the input of 2022-02-08 09:20:00
2022-02-08 14:52:20,437 [simulator_env.py | 166] INFO: Get 33 unallocated orders, 20 ongoing orders, 244 completed orders.
2022-02-08 14:52:21,519 [simulator_env.py | 100] INFO: Finish the dispatch.
2022-02-08 14:52:21,522 [simulator_env.py | 272] INFO: 2022-02-08 09:20:00, Order 09031000245: state = 1 < 2, we can not finish the simulation
2022-02-08 14:52:21,525 [simulator_env.py | 87] INFO: **************************************************
2022-02-08 14:52:21,525 [simulator_env.py | 91] INFO: cur time: 2022-02-08 09:30:00, pre time: 2022-02-08 09:20:00
2022-02-08 14:52:21,525 [simulator_env.py | 138] INFO: Start to update the input of 2022-02-08 09:30:00
2022-02-08 14:52:21,531 [simulator_env.py | 166] INFO: Get 50 unallocated orders, 12 ongoing orders, 269 completed orders.
2022-02-08 14:52:22,652 [simulator_env.py | 100] INFO: Finish the dispatch.
2022-02-08 14:52:22,656 [simulator_env.py | 272] INFO: 2022-02-08 09:30:00, Order 09031000245: state = 1 < 2, we can not finish the simulation
2022-02-08 14:52:22,657 [simulator_env.py | 87] INFO: **************************************************
2022-02-08 14:52:22,657 [simulator_env.py | 91] INFO: cur time: 2022-02-08 09:40:00, pre time: 2022-02-08 09:30:00
2022-02-08 14:52:22,657 [simulator_env.py | 138] INFO: Start to update the input of 2022-02-08 09:40:00
2022-02-08 14:52:22,672 [simulator_env.py | 166] INFO: Get 39 unallocated orders, 27 ongoing orders, 294 completed orders.
2022-02-08 14:52:23,864 [simulator_env.py | 100] INFO: Finish the dispatch.
2022-02-08 14:52:23,870 [simulator_env.py | 272] INFO: 2022-02-08 09:40:00, Order 09161100283: state = 1 < 2, we can not finish the simulation
2022-02-08 14:52:23,873 [simulator_env.py | 87] INFO: **************************************************
2022-02-08 14:52:23,873 [simulator_env.py | 91] INFO: cur time: 2022-02-08 09:50:00, pre time: 2022-02-08 09:40:00
2022-02-08 14:52:23,873 [simulator_env.py | 138] INFO: Start to update the input of 2022-02-08 09:50:00
2022-02-08 14:52:23,886 [simulator_env.py | 166] INFO: Get 42 unallocated orders, 21 ongoing orders, 328 completed orders.
2022-02-08 14:52:24,998 [simulator_env.py | 100] INFO: Finish the dispatch.
2022-02-08 14:52:25,000 [simulator_env.py | 272] INFO: 2022-02-08 09:50:00, Order 09304300332: state = 1 < 2, we can not finish the simulation
2022-02-08 14:52:25,001 [simulator_env.py | 87] INFO: **************************************************
2022-02-08 14:52:25,001 [simulator_env.py | 91] INFO: cur time: 2022-02-08 10:00:00, pre time: 2022-02-08 09:50:00
2022-02-08 14:52:25,001 [simulator_env.py | 138] INFO: Start to update the input of 2022-02-08 10:00:00
2022-02-08 14:52:25,016 [simulator_env.py | 166] INFO: Get 62 unallocated orders, 23 ongoing orders, 358 completed orders.
2022-02-08 14:52:26,379 [simulator_env.py | 100] INFO: Finish the dispatch.
2022-02-08 14:52:26,384 [simulator_env.py | 272] INFO: 2022-02-08 10:00:00, Order 09380800356: state = 1 < 2, we can not finish the simulation
2022-02-08 14:52:26,385 [simulator_env.py | 87] INFO: **************************************************
2022-02-08 14:52:26,385 [simulator_env.py | 91] INFO: cur time: 2022-02-08 10:10:00, pre time: 2022-02-08 10:00:00
2022-02-08 14:52:26,385 [simulator_env.py | 138] INFO: Start to update the input of 2022-02-08 10:10:00
2022-02-08 14:52:26,402 [simulator_env.py | 166] INFO: Get 64 unallocated orders, 28 ongoing orders, 391 completed orders.
2022-02-08 14:52:27,347 [simulator_env.py | 100] INFO: Finish the dispatch.
2022-02-08 14:52:27,353 [simulator_env.py | 272] INFO: 2022-02-08 10:10:00, Order 09503900393: state = 1 < 2, we can not finish the simulation
2022-02-08 14:52:27,355 [simulator_env.py | 87] INFO: **************************************************
2022-02-08 14:52:27,355 [simulator_env.py | 91] INFO: cur time: 2022-02-08 10:20:00, pre time: 2022-02-08 10:10:00
2022-02-08 14:52:27,355 [simulator_env.py | 138] INFO: Start to update the input of 2022-02-08 10:20:00
2022-02-08 14:52:27,375 [simulator_env.py | 166] INFO: Get 75 unallocated orders, 19 ongoing orders, 426 completed orders.
2022-02-08 14:52:28,428 [simulator_env.py | 100] INFO: Finish the dispatch.
2022-02-08 14:52:28,430 [simulator_env.py | 272] INFO: 2022-02-08 10:20:00, Order 09512200396: state = 1 < 2, we can not finish the simulation
2022-02-08 14:52:28,431 [simulator_env.py | 87] INFO: **************************************************
2022-02-08 14:52:28,431 [simulator_env.py | 91] INFO: cur time: 2022-02-08 10:30:00, pre time: 2022-02-08 10:20:00
2022-02-08 14:52:28,431 [simulator_env.py | 138] INFO: Start to update the input of 2022-02-08 10:30:00
2022-02-08 14:52:28,448 [simulator_env.py | 166] INFO: Get 71 unallocated orders, 23 ongoing orders, 463 completed orders.
2022-02-08 14:52:29,383 [simulator_env.py | 100] INFO: Finish the dispatch.
2022-02-08 14:52:29,386 [simulator_env.py | 272] INFO: 2022-02-08 10:30:00, Order 09571700430: state = 1 < 2, we can not finish the simulation
2022-02-08 14:52:29,388 [simulator_env.py | 87] INFO: **************************************************
2022-02-08 14:52:29,388 [simulator_env.py | 91] INFO: cur time: 2022-02-08 10:40:00, pre time: 2022-02-08 10:30:00
2022-02-08 14:52:29,388 [simulator_env.py | 138] INFO: Start to update the input of 2022-02-08 10:40:00
2022-02-08 14:52:29,405 [simulator_env.py | 166] INFO: Get 80 unallocated orders, 35 ongoing orders, 500 completed orders.
2022-02-08 14:52:30,356 [simulator_env.py | 100] INFO: Finish the dispatch.
2022-02-08 14:52:30,359 [checker.py      | 87] ERROR: driver D_27, returned destination id is Ghim Moh Market & Food Centre, however the origin destination id is 652296 Singapore.
2022-02-08 14:52:30,360 [checker.py      | 37] ERROR: Returned destination of driver D_27 is not valid
2022-02-08 14:52:30,360 [simulator_env.py | 104] ERROR: Dispatch result is infeasible
2022-02-08 14:52:30,645 [main.py         | 36] INFO: Score of instance_2: 9223372036854775807
