2022-02-09 22:01:15,602 [main.py         | 31] INFO: Start to run instance_2
2022-02-09 22:01:15,603 [simulator_api.py | 43] INFO: Start time of the simulator: 2022-02-09 06:00:00, time interval:  900.00
2022-02-09 22:01:15,699 [input_utils.py  | 36] INFO: Get 794 locations
2022-02-09 22:02:50,010 [input_utils.py  | 40] INFO: Get 630436 routes
2022-02-09 22:02:50,625 [input_utils.py  | 45] INFO: Get 50 drivers
2022-02-09 22:02:51,044 [input_utils.py  | 49] INFO: Get 2491 orders
2022-02-09 22:02:51,044 [simulator_api.py | 76] INFO: Initial position of D_1 is Bukit Timah Market & Food Centre
2022-02-09 22:02:51,044 [simulator_api.py | 76] INFO: Initial position of D_2 is Bukit Timah Market & Food Centre
2022-02-09 22:02:51,044 [simulator_api.py | 76] INFO: Initial position of D_3 is Ghim Moh Market & Food Centre
2022-02-09 22:02:51,044 [simulator_api.py | 76] INFO: Initial position of D_4 is Bukit Timah Market & Food Centre
2022-02-09 22:02:51,044 [simulator_api.py | 76] INFO: Initial position of D_5 is Alexandra Village Food Centre
2022-02-09 22:02:51,044 [simulator_api.py | 76] INFO: Initial position of D_6 is Bukit Timah Market & Food Centre
2022-02-09 22:02:51,044 [simulator_api.py | 76] INFO: Initial position of D_7 is Bukit Timah Market & Food Centre
2022-02-09 22:02:51,044 [simulator_api.py | 76] INFO: Initial position of D_8 is Bukit Timah Market & Food Centre
2022-02-09 22:02:51,044 [simulator_api.py | 76] INFO: Initial position of D_9 is Bukit Timah Market & Food Centre
2022-02-09 22:02:51,045 [simulator_api.py | 76] INFO: Initial position of D_10 is Bukit Timah Market & Food Centre
2022-02-09 22:02:51,045 [simulator_api.py | 76] INFO: Initial position of D_11 is Alexandra Village Food Centre
2022-02-09 22:02:51,045 [simulator_api.py | 76] INFO: Initial position of D_12 is Ghim Moh Market & Food Centre
2022-02-09 22:02:51,045 [simulator_api.py | 76] INFO: Initial position of D_13 is Alexandra Village Food Centre
2022-02-09 22:02:51,045 [simulator_api.py | 76] INFO: Initial position of D_14 is Ghim Moh Market & Food Centre
2022-02-09 22:02:51,045 [simulator_api.py | 76] INFO: Initial position of D_15 is Bukit Timah Market & Food Centre
2022-02-09 22:02:51,045 [simulator_api.py | 76] INFO: Initial position of D_16 is Ghim Moh Market & Food Centre
2022-02-09 22:02:51,046 [simulator_api.py | 76] INFO: Initial position of D_17 is Ghim Moh Market & Food Centre
2022-02-09 22:02:51,046 [simulator_api.py | 76] INFO: Initial position of D_18 is Alexandra Village Food Centre
2022-02-09 22:02:51,046 [simulator_api.py | 76] INFO: Initial position of D_19 is Bukit Timah Market & Food Centre
2022-02-09 22:02:51,046 [simulator_api.py | 76] INFO: Initial position of D_20 is Alexandra Village Food Centre
2022-02-09 22:02:51,046 [simulator_api.py | 76] INFO: Initial position of D_21 is Alexandra Village Food Centre
2022-02-09 22:02:51,046 [simulator_api.py | 76] INFO: Initial position of D_22 is Alexandra Village Food Centre
2022-02-09 22:02:51,046 [simulator_api.py | 76] INFO: Initial position of D_23 is Ghim Moh Market & Food Centre
2022-02-09 22:02:51,046 [simulator_api.py | 76] INFO: Initial position of D_24 is Bukit Timah Market & Food Centre
2022-02-09 22:02:51,047 [simulator_api.py | 76] INFO: Initial position of D_25 is Ghim Moh Market & Food Centre
2022-02-09 22:02:51,047 [simulator_api.py | 76] INFO: Initial position of D_26 is Alexandra Village Food Centre
2022-02-09 22:02:51,047 [simulator_api.py | 76] INFO: Initial position of D_27 is Ghim Moh Market & Food Centre
2022-02-09 22:02:51,047 [simulator_api.py | 76] INFO: Initial position of D_28 is Alexandra Village Food Centre
2022-02-09 22:02:51,047 [simulator_api.py | 76] INFO: Initial position of D_29 is Bukit Timah Market & Food Centre
2022-02-09 22:02:51,047 [simulator_api.py | 76] INFO: Initial position of D_30 is Bukit Timah Market & Food Centre
2022-02-09 22:02:51,047 [simulator_api.py | 76] INFO: Initial position of D_31 is Alexandra Village Food Centre
2022-02-09 22:02:51,047 [simulator_api.py | 76] INFO: Initial position of D_32 is Ghim Moh Market & Food Centre
2022-02-09 22:02:51,047 [simulator_api.py | 76] INFO: Initial position of D_33 is Bukit Timah Market & Food Centre
2022-02-09 22:02:51,047 [simulator_api.py | 76] INFO: Initial position of D_34 is Bukit Timah Market & Food Centre
2022-02-09 22:02:51,047 [simulator_api.py | 76] INFO: Initial position of D_35 is Bukit Timah Market & Food Centre
2022-02-09 22:02:51,048 [simulator_api.py | 76] INFO: Initial position of D_36 is Alexandra Village Food Centre
2022-02-09 22:02:51,048 [simulator_api.py | 76] INFO: Initial position of D_37 is Alexandra Village Food Centre
2022-02-09 22:02:51,048 [simulator_api.py | 76] INFO: Initial position of D_38 is Ghim Moh Market & Food Centre
2022-02-09 22:02:51,048 [simulator_api.py | 76] INFO: Initial position of D_39 is Alexandra Village Food Centre
2022-02-09 22:02:51,048 [simulator_api.py | 76] INFO: Initial position of D_40 is Bukit Timah Market & Food Centre
2022-02-09 22:02:51,048 [simulator_api.py | 76] INFO: Initial position of D_41 is Bukit Timah Market & Food Centre
2022-02-09 22:02:51,048 [simulator_api.py | 76] INFO: Initial position of D_42 is Alexandra Village Food Centre
2022-02-09 22:02:51,048 [simulator_api.py | 76] INFO: Initial position of D_43 is Bukit Timah Market & Food Centre
2022-02-09 22:02:51,048 [simulator_api.py | 76] INFO: Initial position of D_44 is Ghim Moh Market & Food Centre
2022-02-09 22:02:51,050 [simulator_api.py | 76] INFO: Initial position of D_45 is Alexandra Village Food Centre
2022-02-09 22:02:51,050 [simulator_api.py | 76] INFO: Initial position of D_46 is Ghim Moh Market & Food Centre
2022-02-09 22:02:51,050 [simulator_api.py | 76] INFO: Initial position of D_47 is Ghim Moh Market & Food Centre
2022-02-09 22:02:51,050 [simulator_api.py | 76] INFO: Initial position of D_48 is Alexandra Village Food Centre
2022-02-09 22:02:51,050 [simulator_api.py | 76] INFO: Initial position of D_49 is Bukit Timah Market & Food Centre
2022-02-09 22:02:51,050 [simulator_api.py | 76] INFO: Initial position of D_50 is Alexandra Village Food Centre
2022-02-09 22:02:51,081 [simulator_env.py | 87] INFO: **************************************************
2022-02-09 22:02:51,081 [simulator_env.py | 91] INFO: cur time: 2022-02-09 06:15:00, pre time: 2022-02-09 06:00:00
2022-02-09 22:02:51,081 [simulator_env.py | 138] INFO: Start to update the input of 2022-02-09 06:15:00
2022-02-09 22:02:51,083 [simulator_env.py | 166] INFO: Get 11 unallocated orders, 0 ongoing orders, 0 completed orders.
2022-02-09 22:02:52,275 [simulator_env.py | 100] INFO: Finish the dispatch.
2022-02-09 22:02:52,276 [simulator_env.py | 272] INFO: 2022-02-09 06:15:00, Order 06042300000: state = 1 < 2, we can not finish the simulation
2022-02-09 22:02:52,277 [simulator_env.py | 87] INFO: **************************************************
2022-02-09 22:02:52,277 [simulator_env.py | 91] INFO: cur time: 2022-02-09 06:30:00, pre time: 2022-02-09 06:15:00
2022-02-09 22:02:52,277 [simulator_env.py | 138] INFO: Start to update the input of 2022-02-09 06:30:00
2022-02-09 22:02:52,282 [simulator_env.py | 166] INFO: Get 10 unallocated orders, 1 ongoing orders, 10 completed orders.
2022-02-09 22:02:53,003 [simulator_env.py | 100] INFO: Finish the dispatch.
2022-02-09 22:02:53,005 [simulator_env.py | 272] INFO: 2022-02-09 06:30:00, Order 06173000011: state = 1 < 2, we can not finish the simulation
2022-02-09 22:02:53,006 [simulator_env.py | 87] INFO: **************************************************
2022-02-09 22:02:53,006 [simulator_env.py | 91] INFO: cur time: 2022-02-09 06:45:00, pre time: 2022-02-09 06:30:00
2022-02-09 22:02:53,006 [simulator_env.py | 138] INFO: Start to update the input of 2022-02-09 06:45:00
2022-02-09 22:02:53,011 [simulator_env.py | 166] INFO: Get 5 unallocated orders, 8 ongoing orders, 13 completed orders.
2022-02-09 22:02:53,719 [simulator_env.py | 100] INFO: Finish the dispatch.
2022-02-09 22:02:53,721 [simulator_env.py | 272] INFO: 2022-02-09 06:45:00, Order 06390700021: state = 1 < 2, we can not finish the simulation
2022-02-09 22:02:53,722 [simulator_env.py | 87] INFO: **************************************************
2022-02-09 22:02:53,722 [simulator_env.py | 91] INFO: cur time: 2022-02-09 07:00:00, pre time: 2022-02-09 06:45:00
2022-02-09 22:02:53,722 [simulator_env.py | 138] INFO: Start to update the input of 2022-02-09 07:00:00
2022-02-09 22:02:53,727 [simulator_env.py | 166] INFO: Get 20 unallocated orders, 2 ongoing orders, 24 completed orders.
2022-02-09 22:02:54,854 [simulator_env.py | 100] INFO: Finish the dispatch.
2022-02-09 22:02:54,856 [simulator_env.py | 272] INFO: 2022-02-09 07:00:00, Order 06450700026: state = 1 < 2, we can not finish the simulation
2022-02-09 22:02:54,856 [simulator_env.py | 87] INFO: **************************************************
2022-02-09 22:02:54,856 [simulator_env.py | 91] INFO: cur time: 2022-02-09 07:15:00, pre time: 2022-02-09 07:00:00
2022-02-09 22:02:54,856 [simulator_env.py | 138] INFO: Start to update the input of 2022-02-09 07:15:00
2022-02-09 22:02:54,861 [simulator_env.py | 166] INFO: Get 13 unallocated orders, 5 ongoing orders, 41 completed orders.
2022-02-09 22:02:55,472 [simulator_env.py | 100] INFO: Finish the dispatch.
2022-02-09 22:02:55,475 [simulator_env.py | 272] INFO: 2022-02-09 07:15:00, Order 07003600046: state = 1 < 2, we can not finish the simulation
2022-02-09 22:02:55,475 [simulator_env.py | 87] INFO: **************************************************
2022-02-09 22:02:55,476 [simulator_env.py | 91] INFO: cur time: 2022-02-09 07:30:00, pre time: 2022-02-09 07:15:00
2022-02-09 22:02:55,476 [simulator_env.py | 138] INFO: Start to update the input of 2022-02-09 07:30:00
2022-02-09 22:02:55,481 [simulator_env.py | 166] INFO: Get 15 unallocated orders, 6 ongoing orders, 52 completed orders.
2022-02-09 22:02:56,343 [simulator_env.py | 100] INFO: Finish the dispatch.
2022-02-09 22:02:56,345 [simulator_env.py | 272] INFO: 2022-02-09 07:30:00, Order 07111400053: state = 1 < 2, we can not finish the simulation
2022-02-09 22:02:56,346 [simulator_env.py | 87] INFO: **************************************************
2022-02-09 22:02:56,346 [simulator_env.py | 91] INFO: cur time: 2022-02-09 07:45:00, pre time: 2022-02-09 07:30:00
2022-02-09 22:02:56,346 [simulator_env.py | 138] INFO: Start to update the input of 2022-02-09 07:45:00
2022-02-09 22:02:56,351 [simulator_env.py | 166] INFO: Get 21 unallocated orders, 2 ongoing orders, 69 completed orders.
2022-02-09 22:02:56,891 [simulator_env.py | 100] INFO: Finish the dispatch.
2022-02-09 22:02:56,893 [simulator_env.py | 272] INFO: 2022-02-09 07:45:00, Order 07155000059: state = 1 < 2, we can not finish the simulation
2022-02-09 22:02:56,893 [simulator_env.py | 87] INFO: **************************************************
2022-02-09 22:02:56,893 [simulator_env.py | 91] INFO: cur time: 2022-02-09 08:00:00, pre time: 2022-02-09 07:45:00
2022-02-09 22:02:56,894 [simulator_env.py | 138] INFO: Start to update the input of 2022-02-09 08:00:00
2022-02-09 22:02:56,900 [simulator_env.py | 166] INFO: Get 23 unallocated orders, 6 ongoing orders, 83 completed orders.
2022-02-09 22:02:57,508 [simulator_env.py | 100] INFO: Finish the dispatch.
2022-02-09 22:02:57,511 [simulator_env.py | 272] INFO: 2022-02-09 08:00:00, Order 07400500086: state = 1 < 2, we can not finish the simulation
2022-02-09 22:02:57,511 [simulator_env.py | 87] INFO: **************************************************
2022-02-09 22:02:57,512 [simulator_env.py | 91] INFO: cur time: 2022-02-09 08:15:00, pre time: 2022-02-09 08:00:00
2022-02-09 22:02:57,512 [simulator_env.py | 138] INFO: Start to update the input of 2022-02-09 08:15:00
2022-02-09 22:02:57,519 [simulator_env.py | 166] INFO: Get 28 unallocated orders, 9 ongoing orders, 102 completed orders.
2022-02-09 22:02:58,169 [simulator_env.py | 100] INFO: Finish the dispatch.
2022-02-09 22:02:58,172 [simulator_env.py | 272] INFO: 2022-02-09 08:15:00, Order 07545900105: state = 1 < 2, we can not finish the simulation
2022-02-09 22:02:58,172 [simulator_env.py | 87] INFO: **************************************************
2022-02-09 22:02:58,172 [simulator_env.py | 91] INFO: cur time: 2022-02-09 08:30:00, pre time: 2022-02-09 08:15:00
2022-02-09 22:02:58,173 [simulator_env.py | 138] INFO: Start to update the input of 2022-02-09 08:30:00
2022-02-09 22:02:58,182 [simulator_env.py | 166] INFO: Get 33 unallocated orders, 5 ongoing orders, 132 completed orders.
2022-02-09 22:02:59,046 [simulator_env.py | 100] INFO: Finish the dispatch.
2022-02-09 22:02:59,048 [simulator_env.py | 272] INFO: 2022-02-09 08:30:00, Order 08084400127: state = 1 < 2, we can not finish the simulation
2022-02-09 22:02:59,049 [simulator_env.py | 87] INFO: **************************************************
2022-02-09 22:02:59,049 [simulator_env.py | 91] INFO: cur time: 2022-02-09 08:45:00, pre time: 2022-02-09 08:30:00
2022-02-09 22:02:59,049 [simulator_env.py | 138] INFO: Start to update the input of 2022-02-09 08:45:00
2022-02-09 22:02:59,059 [simulator_env.py | 166] INFO: Get 32 unallocated orders, 11 ongoing orders, 155 completed orders.
2022-02-09 22:02:59,920 [simulator_env.py | 100] INFO: Finish the dispatch.
2022-02-09 22:02:59,924 [simulator_env.py | 272] INFO: 2022-02-09 08:45:00, Order 08172300145: state = 1 < 2, we can not finish the simulation
2022-02-09 22:02:59,925 [simulator_env.py | 87] INFO: **************************************************
2022-02-09 22:02:59,925 [simulator_env.py | 91] INFO: cur time: 2022-02-09 09:00:00, pre time: 2022-02-09 08:45:00
2022-02-09 22:02:59,925 [simulator_env.py | 138] INFO: Start to update the input of 2022-02-09 09:00:00
2022-02-09 22:02:59,934 [simulator_env.py | 166] INFO: Get 43 unallocated orders, 9 ongoing orders, 186 completed orders.
2022-02-09 22:03:00,795 [simulator_env.py | 100] INFO: Finish the dispatch.
2022-02-09 22:03:00,799 [simulator_env.py | 272] INFO: 2022-02-09 09:00:00, Order 08322900173: state = 1 < 2, we can not finish the simulation
2022-02-09 22:03:00,800 [simulator_env.py | 87] INFO: **************************************************
2022-02-09 22:03:00,800 [simulator_env.py | 91] INFO: cur time: 2022-02-09 09:15:00, pre time: 2022-02-09 09:00:00
2022-02-09 22:03:00,801 [simulator_env.py | 138] INFO: Start to update the input of 2022-02-09 09:15:00
2022-02-09 22:03:00,812 [simulator_env.py | 166] INFO: Get 50 unallocated orders, 15 ongoing orders, 217 completed orders.
2022-02-09 22:03:01,828 [simulator_env.py | 100] INFO: Finish the dispatch.
2022-02-09 22:03:01,832 [simulator_env.py | 272] INFO: 2022-02-09 09:15:00, Order 08522100213: state = 1 < 2, we can not finish the simulation
2022-02-09 22:03:01,833 [simulator_env.py | 87] INFO: **************************************************
2022-02-09 22:03:01,833 [simulator_env.py | 91] INFO: cur time: 2022-02-09 09:30:00, pre time: 2022-02-09 09:15:00
2022-02-09 22:03:01,833 [simulator_env.py | 138] INFO: Start to update the input of 2022-02-09 09:30:00
2022-02-09 22:03:01,847 [simulator_env.py | 166] INFO: Get 60 unallocated orders, 12 ongoing orders, 259 completed orders.
2022-02-09 22:03:02,857 [simulator_env.py | 100] INFO: Finish the dispatch.
2022-02-09 22:03:02,860 [simulator_env.py | 272] INFO: 2022-02-09 09:30:00, Order 09051800251: state = 1 < 2, we can not finish the simulation
2022-02-09 22:03:02,861 [simulator_env.py | 87] INFO: **************************************************
2022-02-09 22:03:02,861 [simulator_env.py | 91] INFO: cur time: 2022-02-09 09:45:00, pre time: 2022-02-09 09:30:00
2022-02-09 22:03:02,861 [simulator_env.py | 138] INFO: Start to update the input of 2022-02-09 09:45:00
2022-02-09 22:03:02,893 [simulator_env.py | 166] INFO: Get 53 unallocated orders, 18 ongoing orders, 301 completed orders.
2022-02-09 22:03:04,188 [simulator_env.py | 100] INFO: Finish the dispatch.
2022-02-09 22:03:04,191 [simulator_env.py | 272] INFO: 2022-02-09 09:45:00, Order 09161100283: state = 1 < 2, we can not finish the simulation
2022-02-09 22:03:04,192 [simulator_env.py | 87] INFO: **************************************************
2022-02-09 22:03:04,192 [simulator_env.py | 91] INFO: cur time: 2022-02-09 10:00:00, pre time: 2022-02-09 09:45:00
2022-02-09 22:03:04,192 [simulator_env.py | 138] INFO: Start to update the input of 2022-02-09 10:00:00
2022-02-09 22:03:04,209 [simulator_env.py | 166] INFO: Get 76 unallocated orders, 19 ongoing orders, 348 completed orders.
2022-02-09 22:03:05,297 [simulator_env.py | 100] INFO: Finish the dispatch.
2022-02-09 22:03:05,300 [simulator_env.py | 272] INFO: 2022-02-09 10:00:00, Order 09375600354: state = 1 < 2, we can not finish the simulation
2022-02-09 22:03:05,302 [simulator_env.py | 87] INFO: **************************************************
2022-02-09 22:03:05,302 [simulator_env.py | 91] INFO: cur time: 2022-02-09 10:15:00, pre time: 2022-02-09 10:00:00
2022-02-09 22:03:05,302 [simulator_env.py | 138] INFO: Start to update the input of 2022-02-09 10:15:00
2022-02-09 22:03:05,320 [simulator_env.py | 166] INFO: Get 82 unallocated orders, 29 ongoing orders, 391 completed orders.
2022-02-09 22:03:06,603 [simulator_env.py | 100] INFO: Finish the dispatch.
2022-02-09 22:03:06,609 [simulator_env.py | 272] INFO: 2022-02-09 10:15:00, Order 09471800380: state = 1 < 2, we can not finish the simulation
2022-02-09 22:03:06,611 [simulator_env.py | 87] INFO: **************************************************
2022-02-09 22:03:06,612 [simulator_env.py | 91] INFO: cur time: 2022-02-09 10:30:00, pre time: 2022-02-09 10:15:00
2022-02-09 22:03:06,612 [simulator_env.py | 138] INFO: Start to update the input of 2022-02-09 10:30:00
2022-02-09 22:03:06,626 [simulator_env.py | 166] INFO: Get 80 unallocated orders, 35 ongoing orders, 442 completed orders.
2022-02-09 22:03:07,688 [simulator_env.py | 100] INFO: Finish the dispatch.
2022-02-09 22:03:07,692 [simulator_env.py | 272] INFO: 2022-02-09 10:30:00, Order 10012000445: state = 1 < 2, we can not finish the simulation
2022-02-09 22:03:07,694 [simulator_env.py | 87] INFO: **************************************************
2022-02-09 22:03:07,694 [simulator_env.py | 91] INFO: cur time: 2022-02-09 10:45:00, pre time: 2022-02-09 10:30:00
2022-02-09 22:03:07,694 [simulator_env.py | 138] INFO: Start to update the input of 2022-02-09 10:45:00
2022-02-09 22:03:07,716 [simulator_env.py | 166] INFO: Get 104 unallocated orders, 37 ongoing orders, 496 completed orders.
2022-02-09 22:03:08,903 [simulator_env.py | 100] INFO: Finish the dispatch.
2022-02-09 22:03:08,908 [simulator_env.py | 272] INFO: 2022-02-09 10:45:00, Order 10075100472: state = 1 < 2, we can not finish the simulation
2022-02-09 22:03:08,910 [simulator_env.py | 87] INFO: **************************************************
2022-02-09 22:03:08,911 [simulator_env.py | 91] INFO: cur time: 2022-02-09 11:00:00, pre time: 2022-02-09 10:45:00
2022-02-09 22:03:08,911 [simulator_env.py | 138] INFO: Start to update the input of 2022-02-09 11:00:00
2022-02-09 22:03:08,930 [simulator_env.py | 166] INFO: Get 103 unallocated orders, 41 ongoing orders, 555 completed orders.
2022-02-09 22:03:09,849 [simulator_env.py | 100] INFO: Finish the dispatch.
2022-02-09 22:03:09,853 [simulator_env.py | 272] INFO: 2022-02-09 11:00:00, Order 10213100523: state = 1 < 2, we can not finish the simulation
2022-02-09 22:03:09,856 [simulator_env.py | 87] INFO: **************************************************
2022-02-09 22:03:09,856 [simulator_env.py | 91] INFO: cur time: 2022-02-09 11:15:00, pre time: 2022-02-09 11:00:00
2022-02-09 22:03:09,856 [simulator_env.py | 138] INFO: Start to update the input of 2022-02-09 11:15:00
2022-02-09 22:03:09,875 [simulator_env.py | 166] INFO: Get 106 unallocated orders, 50 ongoing orders, 603 completed orders.
2022-02-09 22:03:10,751 [simulator_env.py | 100] INFO: Finish the dispatch.
2022-02-09 22:03:10,755 [simulator_env.py | 272] INFO: 2022-02-09 11:15:00, Order 10274500550: state = 1 < 2, we can not finish the simulation
2022-02-09 22:03:10,757 [simulator_env.py | 87] INFO: **************************************************
2022-02-09 22:03:10,758 [simulator_env.py | 91] INFO: cur time: 2022-02-09 11:30:00, pre time: 2022-02-09 11:15:00
2022-02-09 22:03:10,758 [simulator_env.py | 138] INFO: Start to update the input of 2022-02-09 11:30:00
2022-02-09 22:03:10,775 [simulator_env.py | 166] INFO: Get 104 unallocated orders, 50 ongoing orders, 665 completed orders.
2022-02-09 22:03:14,254 [simulator_env.py | 100] INFO: Finish the dispatch.
2022-02-09 22:03:14,259 [simulator_env.py | 272] INFO: 2022-02-09 11:30:00, Order 10333900575: state = 1 < 2, we can not finish the simulation
2022-02-09 22:03:14,261 [simulator_env.py | 87] INFO: **************************************************
2022-02-09 22:03:14,262 [simulator_env.py | 91] INFO: cur time: 2022-02-09 11:45:00, pre time: 2022-02-09 11:30:00
2022-02-09 22:03:14,262 [simulator_env.py | 138] INFO: Start to update the input of 2022-02-09 11:45:00
2022-02-09 22:03:14,280 [simulator_env.py | 166] INFO: Get 113 unallocated orders, 52 ongoing orders, 715 completed orders.
2022-02-09 22:03:15,585 [simulator_env.py | 100] INFO: Finish the dispatch.
2022-02-09 22:03:15,589 [simulator_env.py | 272] INFO: 2022-02-09 11:45:00, Order 10423500628: state = 1 < 2, we can not finish the simulation
2022-02-09 22:03:15,592 [simulator_env.py | 87] INFO: **************************************************
2022-02-09 22:03:15,592 [simulator_env.py | 91] INFO: cur time: 2022-02-09 12:00:00, pre time: 2022-02-09 11:45:00
2022-02-09 22:03:15,592 [simulator_env.py | 138] INFO: Start to update the input of 2022-02-09 12:00:00
2022-02-09 22:03:15,614 [simulator_env.py | 166] INFO: Get 105 unallocated orders, 52 ongoing orders, 779 completed orders.
2022-02-09 22:03:16,846 [simulator_env.py | 100] INFO: Finish the dispatch.
2022-02-09 22:03:16,853 [simulator_env.py | 272] INFO: 2022-02-09 12:00:00, Order 10522700668: state = 1 < 2, we can not finish the simulation
2022-02-09 22:03:16,855 [simulator_env.py | 87] INFO: **************************************************
2022-02-09 22:03:16,856 [simulator_env.py | 91] INFO: cur time: 2022-02-09 12:15:00, pre time: 2022-02-09 12:00:00
2022-02-09 22:03:16,856 [simulator_env.py | 138] INFO: Start to update the input of 2022-02-09 12:15:00
2022-02-09 22:03:16,876 [simulator_env.py | 166] INFO: Get 82 unallocated orders, 43 ongoing orders, 838 completed orders.
2022-02-09 22:03:17,959 [simulator_env.py | 100] INFO: Finish the dispatch.
2022-02-09 22:03:17,965 [simulator_env.py | 272] INFO: 2022-02-09 12:15:00, Order 11023500713: state = 1 < 2, we can not finish the simulation
2022-02-09 22:03:17,966 [simulator_env.py | 87] INFO: **************************************************
2022-02-09 22:03:17,966 [simulator_env.py | 91] INFO: cur time: 2022-02-09 12:30:00, pre time: 2022-02-09 12:15:00
2022-02-09 22:03:17,967 [simulator_env.py | 138] INFO: Start to update the input of 2022-02-09 12:30:00
2022-02-09 22:03:17,987 [simulator_env.py | 166] INFO: Get 51 unallocated orders, 50 ongoing orders, 896 completed orders.
2022-02-09 22:03:18,804 [simulator_env.py | 100] INFO: Finish the dispatch.
2022-02-09 22:03:18,809 [simulator_env.py | 272] INFO: 2022-02-09 12:30:00, Order 11381200854: state = 1 < 2, we can not finish the simulation
2022-02-09 22:03:18,811 [simulator_env.py | 87] INFO: **************************************************
2022-02-09 22:03:18,811 [simulator_env.py | 91] INFO: cur time: 2022-02-09 12:45:00, pre time: 2022-02-09 12:30:00
2022-02-09 22:03:18,811 [simulator_env.py | 138] INFO: Start to update the input of 2022-02-09 12:45:00
2022-02-09 22:03:18,824 [simulator_env.py | 166] INFO: Get 59 unallocated orders, 22 ongoing orders, 957 completed orders.
2022-02-09 22:03:19,905 [simulator_env.py | 100] INFO: Finish the dispatch.
2022-02-09 22:03:19,908 [simulator_env.py | 272] INFO: 2022-02-09 12:45:00, Order 12022100939: state = 1 < 2, we can not finish the simulation
2022-02-09 22:03:19,909 [simulator_env.py | 87] INFO: **************************************************
2022-02-09 22:03:19,909 [simulator_env.py | 91] INFO: cur time: 2022-02-09 13:00:00, pre time: 2022-02-09 12:45:00
2022-02-09 22:03:19,909 [simulator_env.py | 138] INFO: Start to update the input of 2022-02-09 13:00:00
2022-02-09 22:03:19,920 [simulator_env.py | 166] INFO: Get 45 unallocated orders, 21 ongoing orders, 997 completed orders.
2022-02-09 22:03:20,854 [simulator_env.py | 100] INFO: Finish the dispatch.
2022-02-09 22:03:20,857 [simulator_env.py | 272] INFO: 2022-02-09 13:00:00, Order 12155500967: state = 1 < 2, we can not finish the simulation
2022-02-09 22:03:20,858 [simulator_env.py | 87] INFO: **************************************************
2022-02-09 22:03:20,858 [simulator_env.py | 91] INFO: cur time: 2022-02-09 13:15:00, pre time: 2022-02-09 13:00:00
2022-02-09 22:03:20,858 [simulator_env.py | 138] INFO: Start to update the input of 2022-02-09 13:15:00
2022-02-09 22:03:20,871 [simulator_env.py | 166] INFO: Get 39 unallocated orders, 14 ongoing orders, 1043 completed orders.
2022-02-09 22:03:21,787 [simulator_env.py | 100] INFO: Finish the dispatch.
2022-02-09 22:03:21,789 [simulator_env.py | 272] INFO: 2022-02-09 13:15:00, Order 12454901041: state = 1 < 2, we can not finish the simulation
2022-02-09 22:03:21,790 [simulator_env.py | 87] INFO: **************************************************
2022-02-09 22:03:21,790 [simulator_env.py | 91] INFO: cur time: 2022-02-09 13:30:00, pre time: 2022-02-09 13:15:00
2022-02-09 22:03:21,791 [simulator_env.py | 138] INFO: Start to update the input of 2022-02-09 13:30:00
2022-02-09 22:03:21,801 [simulator_env.py | 166] INFO: Get 30 unallocated orders, 13 ongoing orders, 1080 completed orders.
2022-02-09 22:03:22,665 [simulator_env.py | 100] INFO: Finish the dispatch.
2022-02-09 22:03:22,668 [simulator_env.py | 272] INFO: 2022-02-09 13:30:00, Order 13024601070: state = 1 < 2, we can not finish the simulation
2022-02-09 22:03:22,669 [simulator_env.py | 87] INFO: **************************************************
2022-02-09 22:03:22,669 [simulator_env.py | 91] INFO: cur time: 2022-02-09 13:45:00, pre time: 2022-02-09 13:30:00
2022-02-09 22:03:22,669 [simulator_env.py | 138] INFO: Start to update the input of 2022-02-09 13:45:00
2022-02-09 22:03:22,680 [simulator_env.py | 166] INFO: Get 22 unallocated orders, 16 ongoing orders, 1107 completed orders.
2022-02-09 22:03:23,627 [simulator_env.py | 100] INFO: Finish the dispatch.
2022-02-09 22:03:23,629 [simulator_env.py | 272] INFO: 2022-02-09 13:45:00, Order 13303401123: state = 1 < 2, we can not finish the simulation
2022-02-09 22:03:23,630 [simulator_env.py | 87] INFO: **************************************************
2022-02-09 22:03:23,630 [simulator_env.py | 91] INFO: cur time: 2022-02-09 14:00:00, pre time: 2022-02-09 13:45:00
2022-02-09 22:03:23,630 [simulator_env.py | 138] INFO: Start to update the input of 2022-02-09 14:00:00
2022-02-09 22:03:23,638 [simulator_env.py | 166] INFO: Get 25 unallocated orders, 6 ongoing orders, 1137 completed orders.
2022-02-09 22:03:24,455 [simulator_env.py | 100] INFO: Finish the dispatch.
2022-02-09 22:03:24,457 [simulator_env.py | 272] INFO: 2022-02-09 14:00:00, Order 13344001127: state = 1 < 2, we can not finish the simulation
2022-02-09 22:03:24,459 [simulator_env.py | 87] INFO: **************************************************
2022-02-09 22:03:24,459 [simulator_env.py | 91] INFO: cur time: 2022-02-09 14:15:00, pre time: 2022-02-09 14:00:00
2022-02-09 22:03:24,459 [simulator_env.py | 138] INFO: Start to update the input of 2022-02-09 14:15:00
2022-02-09 22:03:24,465 [simulator_env.py | 166] INFO: Get 21 unallocated orders, 11 ongoing orders, 1155 completed orders.
2022-02-09 22:03:25,491 [simulator_env.py | 100] INFO: Finish the dispatch.
2022-02-09 22:03:25,493 [simulator_env.py | 272] INFO: 2022-02-09 14:15:00, Order 13492001148: state = 1 < 2, we can not finish the simulation
2022-02-09 22:03:25,493 [simulator_env.py | 87] INFO: **************************************************
2022-02-09 22:03:25,493 [simulator_env.py | 91] INFO: cur time: 2022-02-09 14:30:00, pre time: 2022-02-09 14:15:00
2022-02-09 22:03:25,493 [simulator_env.py | 138] INFO: Start to update the input of 2022-02-09 14:30:00
2022-02-09 22:03:25,501 [simulator_env.py | 166] INFO: Get 24 unallocated orders, 3 ongoing orders, 1180 completed orders.
2022-02-09 22:03:26,327 [simulator_env.py | 100] INFO: Finish the dispatch.
2022-02-09 22:03:26,328 [simulator_env.py | 272] INFO: 2022-02-09 14:30:00, Order 14034501172: state = 1 < 2, we can not finish the simulation
2022-02-09 22:03:26,329 [simulator_env.py | 87] INFO: **************************************************
2022-02-09 22:03:26,329 [simulator_env.py | 91] INFO: cur time: 2022-02-09 14:45:00, pre time: 2022-02-09 14:30:00
2022-02-09 22:03:26,329 [simulator_env.py | 138] INFO: Start to update the input of 2022-02-09 14:45:00
2022-02-09 22:03:26,336 [simulator_env.py | 166] INFO: Get 29 unallocated orders, 11 ongoing orders, 1195 completed orders.
2022-02-09 22:03:27,161 [simulator_env.py | 100] INFO: Finish the dispatch.
2022-02-09 22:03:27,164 [simulator_env.py | 272] INFO: 2022-02-09 14:45:00, Order 14274301205: state = 1 < 2, we can not finish the simulation
2022-02-09 22:03:27,164 [simulator_env.py | 87] INFO: **************************************************
2022-02-09 22:03:27,165 [simulator_env.py | 91] INFO: cur time: 2022-02-09 15:00:00, pre time: 2022-02-09 14:45:00
2022-02-09 22:03:27,165 [simulator_env.py | 138] INFO: Start to update the input of 2022-02-09 15:00:00
2022-02-09 22:03:27,172 [simulator_env.py | 166] INFO: Get 32 unallocated orders, 7 ongoing orders, 1223 completed orders.
2022-02-09 22:03:28,107 [simulator_env.py | 100] INFO: Finish the dispatch.
2022-02-09 22:03:28,109 [simulator_env.py | 272] INFO: 2022-02-09 15:00:00, Order 14333101215: state = 1 < 2, we can not finish the simulation
2022-02-09 22:03:28,110 [simulator_env.py | 87] INFO: **************************************************
2022-02-09 22:03:28,110 [simulator_env.py | 91] INFO: cur time: 2022-02-09 15:15:00, pre time: 2022-02-09 15:00:00
2022-02-09 22:03:28,111 [simulator_env.py | 138] INFO: Start to update the input of 2022-02-09 15:15:00
2022-02-09 22:03:28,119 [simulator_env.py | 166] INFO: Get 25 unallocated orders, 15 ongoing orders, 1244 completed orders.
2022-02-09 22:03:29,050 [simulator_env.py | 100] INFO: Finish the dispatch.
2022-02-09 22:03:29,053 [simulator_env.py | 272] INFO: 2022-02-09 15:15:00, Order 14455401236: state = 1 < 2, we can not finish the simulation
2022-02-09 22:03:29,053 [simulator_env.py | 87] INFO: **************************************************
2022-02-09 22:03:29,053 [simulator_env.py | 91] INFO: cur time: 2022-02-09 15:30:00, pre time: 2022-02-09 15:15:00
2022-02-09 22:03:29,053 [simulator_env.py | 138] INFO: Start to update the input of 2022-02-09 15:30:00
2022-02-09 22:03:29,061 [simulator_env.py | 166] INFO: Get 26 unallocated orders, 7 ongoing orders, 1274 completed orders.
2022-02-09 22:03:29,874 [simulator_env.py | 100] INFO: Finish the dispatch.
2022-02-09 22:03:29,876 [simulator_env.py | 272] INFO: 2022-02-09 15:30:00, Order 15000201262: state = 1 < 2, we can not finish the simulation
2022-02-09 22:03:29,877 [simulator_env.py | 87] INFO: **************************************************
2022-02-09 22:03:29,877 [simulator_env.py | 91] INFO: cur time: 2022-02-09 15:45:00, pre time: 2022-02-09 15:30:00
2022-02-09 22:03:29,877 [simulator_env.py | 138] INFO: Start to update the input of 2022-02-09 15:45:00
2022-02-09 22:03:29,884 [simulator_env.py | 166] INFO: Get 37 unallocated orders, 6 ongoing orders, 1296 completed orders.
2022-02-09 22:03:30,824 [simulator_env.py | 100] INFO: Finish the dispatch.
2022-02-09 22:03:30,826 [simulator_env.py | 272] INFO: 2022-02-09 15:45:00, Order 15165901285: state = 1 < 2, we can not finish the simulation
2022-02-09 22:03:30,827 [simulator_env.py | 87] INFO: **************************************************
2022-02-09 22:03:30,827 [simulator_env.py | 91] INFO: cur time: 2022-02-09 16:00:00, pre time: 2022-02-09 15:45:00
2022-02-09 22:03:30,827 [simulator_env.py | 138] INFO: Start to update the input of 2022-02-09 16:00:00
2022-02-09 22:03:30,836 [simulator_env.py | 166] INFO: Get 34 unallocated orders, 11 ongoing orders, 1325 completed orders.
2022-02-09 22:03:31,706 [simulator_env.py | 100] INFO: Finish the dispatch.
2022-02-09 22:03:31,710 [simulator_env.py | 272] INFO: 2022-02-09 16:00:00, Order 15305001307: state = 1 < 2, we can not finish the simulation
2022-02-09 22:03:31,711 [simulator_env.py | 87] INFO: **************************************************
2022-02-09 22:03:31,711 [simulator_env.py | 91] INFO: cur time: 2022-02-09 16:15:00, pre time: 2022-02-09 16:00:00
2022-02-09 22:03:31,711 [simulator_env.py | 138] INFO: Start to update the input of 2022-02-09 16:15:00
2022-02-09 22:03:31,724 [simulator_env.py | 166] INFO: Get 48 unallocated orders, 15 ongoing orders, 1351 completed orders.
2022-02-09 22:03:32,483 [simulator_env.py | 100] INFO: Finish the dispatch.
2022-02-09 22:03:32,486 [simulator_env.py | 272] INFO: 2022-02-09 16:15:00, Order 15475301346: state = 1 < 2, we can not finish the simulation
2022-02-09 22:03:32,487 [simulator_env.py | 87] INFO: **************************************************
2022-02-09 22:03:32,487 [simulator_env.py | 91] INFO: cur time: 2022-02-09 16:30:00, pre time: 2022-02-09 16:15:00
2022-02-09 22:03:32,487 [simulator_env.py | 138] INFO: Start to update the input of 2022-02-09 16:30:00
2022-02-09 22:03:32,498 [simulator_env.py | 166] INFO: Get 45 unallocated orders, 15 ongoing orders, 1394 completed orders.
2022-02-09 22:03:33,212 [simulator_env.py | 100] INFO: Finish the dispatch.
2022-02-09 22:03:33,215 [simulator_env.py | 272] INFO: 2022-02-09 16:30:00, Order 16002701372: state = 1 < 2, we can not finish the simulation
2022-02-09 22:03:33,216 [simulator_env.py | 87] INFO: **************************************************
2022-02-09 22:03:33,216 [simulator_env.py | 91] INFO: cur time: 2022-02-09 16:45:00, pre time: 2022-02-09 16:30:00
2022-02-09 22:03:33,216 [simulator_env.py | 138] INFO: Start to update the input of 2022-02-09 16:45:00
2022-02-09 22:03:33,227 [simulator_env.py | 166] INFO: Get 51 unallocated orders, 14 ongoing orders, 1436 completed orders.
2022-02-09 22:03:34,212 [simulator_env.py | 100] INFO: Finish the dispatch.
2022-02-09 22:03:34,216 [simulator_env.py | 272] INFO: 2022-02-09 16:45:00, Order 16211501434: state = 1 < 2, we can not finish the simulation
2022-02-09 22:03:34,217 [simulator_env.py | 87] INFO: **************************************************
2022-02-09 22:03:34,217 [simulator_env.py | 91] INFO: cur time: 2022-02-09 17:00:00, pre time: 2022-02-09 16:45:00
2022-02-09 22:03:34,218 [simulator_env.py | 138] INFO: Start to update the input of 2022-02-09 17:00:00
2022-02-09 22:03:34,228 [simulator_env.py | 166] INFO: Get 60 unallocated orders, 15 ongoing orders, 1477 completed orders.
2022-02-09 22:03:34,990 [simulator_env.py | 100] INFO: Finish the dispatch.
2022-02-09 22:03:34,996 [simulator_env.py | 272] INFO: 2022-02-09 17:00:00, Order 16301501454: state = 1 < 2, we can not finish the simulation
2022-02-09 22:03:35,000 [simulator_env.py | 87] INFO: **************************************************
2022-02-09 22:03:35,000 [simulator_env.py | 91] INFO: cur time: 2022-02-09 17:15:00, pre time: 2022-02-09 17:00:00
2022-02-09 22:03:35,001 [simulator_env.py | 138] INFO: Start to update the input of 2022-02-09 17:15:00
2022-02-09 22:03:35,019 [simulator_env.py | 166] INFO: Get 69 unallocated orders, 24 ongoing orders, 1522 completed orders.
2022-02-09 22:03:35,946 [simulator_env.py | 100] INFO: Finish the dispatch.
2022-02-09 22:03:35,949 [simulator_env.py | 272] INFO: 2022-02-09 17:15:00, Order 16515001530: state = 1 < 2, we can not finish the simulation
2022-02-09 22:03:35,951 [simulator_env.py | 87] INFO: **************************************************
2022-02-09 22:03:35,951 [simulator_env.py | 91] INFO: cur time: 2022-02-09 17:30:00, pre time: 2022-02-09 17:15:00
2022-02-09 22:03:35,951 [simulator_env.py | 138] INFO: Start to update the input of 2022-02-09 17:30:00
2022-02-09 22:03:35,964 [simulator_env.py | 166] INFO: Get 79 unallocated orders, 33 ongoing orders, 1562 completed orders.
2022-02-09 22:03:36,831 [simulator_env.py | 100] INFO: Finish the dispatch.
2022-02-09 22:03:36,836 [simulator_env.py | 272] INFO: 2022-02-09 17:30:00, Order 16582301547: state = 1 < 2, we can not finish the simulation
2022-02-09 22:03:36,838 [simulator_env.py | 87] INFO: **************************************************
2022-02-09 22:03:36,838 [simulator_env.py | 91] INFO: cur time: 2022-02-09 17:45:00, pre time: 2022-02-09 17:30:00
2022-02-09 22:03:36,838 [simulator_env.py | 138] INFO: Start to update the input of 2022-02-09 17:45:00
2022-02-09 22:03:36,857 [simulator_env.py | 166] INFO: Get 89 unallocated orders, 34 ongoing orders, 1617 completed orders.
2022-02-09 22:03:37,905 [simulator_env.py | 100] INFO: Finish the dispatch.
2022-02-09 22:03:37,909 [simulator_env.py | 272] INFO: 2022-02-09 17:45:00, Order 17161701621: state = 1 < 2, we can not finish the simulation
2022-02-09 22:03:37,911 [simulator_env.py | 87] INFO: **************************************************
2022-02-09 22:03:37,911 [simulator_env.py | 91] INFO: cur time: 2022-02-09 18:00:00, pre time: 2022-02-09 17:45:00
2022-02-09 22:03:37,912 [simulator_env.py | 138] INFO: Start to update the input of 2022-02-09 18:00:00
2022-02-09 22:03:37,932 [simulator_env.py | 166] INFO: Get 100 unallocated orders, 34 ongoing orders, 1673 completed orders.
2022-02-09 22:03:38,661 [simulator_env.py | 100] INFO: Finish the dispatch.
2022-02-09 22:03:38,665 [simulator_env.py | 272] INFO: 2022-02-09 18:00:00, Order 17223901637: state = 1 < 2, we can not finish the simulation
2022-02-09 22:03:38,667 [simulator_env.py | 87] INFO: **************************************************
2022-02-09 22:03:38,669 [simulator_env.py | 91] INFO: cur time: 2022-02-09 18:15:00, pre time: 2022-02-09 18:00:00
2022-02-09 22:03:38,669 [simulator_env.py | 138] INFO: Start to update the input of 2022-02-09 18:15:00
2022-02-09 22:03:38,713 [simulator_env.py | 166] INFO: Get 103 unallocated orders, 29 ongoing orders, 1728 completed orders.
2022-02-09 22:03:39,715 [simulator_env.py | 100] INFO: Finish the dispatch.
2022-02-09 22:03:39,717 [checker.py      | 205] ERROR: Delivery location of order 17533901783 is 150118 Singapore, however you allocate the driver to delivery this order in 117490 Singapore
2022-02-09 22:03:39,717 [simulator_env.py | 104] ERROR: Dispatch result is infeasible
2022-02-09 22:03:39,937 [main.py         | 36] INFO: Score of instance_2: 9223372036854775807
