2022-02-08 17:37:56,420 [main.py         | 31] INFO: Start to run instance_2
2022-02-08 17:37:56,420 [simulator_api.py | 43] INFO: Start time of the simulator: 2022-02-08 06:00:00, time interval:  600.00
2022-02-08 17:37:56,577 [input_utils.py  | 36] INFO: Get 794 locations
2022-02-08 17:39:05,072 [input_utils.py  | 40] INFO: Get 630436 routes
2022-02-08 17:39:05,704 [input_utils.py  | 45] INFO: Get 60 drivers
2022-02-08 17:39:06,132 [input_utils.py  | 49] INFO: Get 2491 orders
2022-02-08 17:39:06,132 [simulator_api.py | 76] INFO: Initial position of D_1 is Bukit Timah Market & Food Centre
2022-02-08 17:39:06,132 [simulator_api.py | 76] INFO: Initial position of D_2 is Bukit Timah Market & Food Centre
2022-02-08 17:39:06,132 [simulator_api.py | 76] INFO: Initial position of D_3 is Ghim Moh Market & Food Centre
2022-02-08 17:39:06,132 [simulator_api.py | 76] INFO: Initial position of D_4 is Bukit Timah Market & Food Centre
2022-02-08 17:39:06,132 [simulator_api.py | 76] INFO: Initial position of D_5 is Alexandra Village Food Centre
2022-02-08 17:39:06,132 [simulator_api.py | 76] INFO: Initial position of D_6 is Bukit Timah Market & Food Centre
2022-02-08 17:39:06,132 [simulator_api.py | 76] INFO: Initial position of D_7 is Bukit Timah Market & Food Centre
2022-02-08 17:39:06,132 [simulator_api.py | 76] INFO: Initial position of D_8 is Bukit Timah Market & Food Centre
2022-02-08 17:39:06,133 [simulator_api.py | 76] INFO: Initial position of D_9 is Bukit Timah Market & Food Centre
2022-02-08 17:39:06,133 [simulator_api.py | 76] INFO: Initial position of D_10 is Bukit Timah Market & Food Centre
2022-02-08 17:39:06,133 [simulator_api.py | 76] INFO: Initial position of D_11 is Alexandra Village Food Centre
2022-02-08 17:39:06,133 [simulator_api.py | 76] INFO: Initial position of D_12 is Ghim Moh Market & Food Centre
2022-02-08 17:39:06,133 [simulator_api.py | 76] INFO: Initial position of D_13 is Alexandra Village Food Centre
2022-02-08 17:39:06,133 [simulator_api.py | 76] INFO: Initial position of D_14 is Ghim Moh Market & Food Centre
2022-02-08 17:39:06,133 [simulator_api.py | 76] INFO: Initial position of D_15 is Bukit Timah Market & Food Centre
2022-02-08 17:39:06,134 [simulator_api.py | 76] INFO: Initial position of D_16 is Ghim Moh Market & Food Centre
2022-02-08 17:39:06,134 [simulator_api.py | 76] INFO: Initial position of D_17 is Ghim Moh Market & Food Centre
2022-02-08 17:39:06,134 [simulator_api.py | 76] INFO: Initial position of D_18 is Alexandra Village Food Centre
2022-02-08 17:39:06,134 [simulator_api.py | 76] INFO: Initial position of D_19 is Bukit Timah Market & Food Centre
2022-02-08 17:39:06,134 [simulator_api.py | 76] INFO: Initial position of D_20 is Alexandra Village Food Centre
2022-02-08 17:39:06,134 [simulator_api.py | 76] INFO: Initial position of D_21 is Alexandra Village Food Centre
2022-02-08 17:39:06,134 [simulator_api.py | 76] INFO: Initial position of D_22 is Alexandra Village Food Centre
2022-02-08 17:39:06,134 [simulator_api.py | 76] INFO: Initial position of D_23 is Ghim Moh Market & Food Centre
2022-02-08 17:39:06,135 [simulator_api.py | 76] INFO: Initial position of D_24 is Bukit Timah Market & Food Centre
2022-02-08 17:39:06,135 [simulator_api.py | 76] INFO: Initial position of D_25 is Ghim Moh Market & Food Centre
2022-02-08 17:39:06,135 [simulator_api.py | 76] INFO: Initial position of D_26 is Alexandra Village Food Centre
2022-02-08 17:39:06,135 [simulator_api.py | 76] INFO: Initial position of D_27 is Ghim Moh Market & Food Centre
2022-02-08 17:39:06,135 [simulator_api.py | 76] INFO: Initial position of D_28 is Alexandra Village Food Centre
2022-02-08 17:39:06,136 [simulator_api.py | 76] INFO: Initial position of D_29 is Bukit Timah Market & Food Centre
2022-02-08 17:39:06,136 [simulator_api.py | 76] INFO: Initial position of D_30 is Bukit Timah Market & Food Centre
2022-02-08 17:39:06,136 [simulator_api.py | 76] INFO: Initial position of D_31 is Alexandra Village Food Centre
2022-02-08 17:39:06,136 [simulator_api.py | 76] INFO: Initial position of D_32 is Ghim Moh Market & Food Centre
2022-02-08 17:39:06,136 [simulator_api.py | 76] INFO: Initial position of D_33 is Bukit Timah Market & Food Centre
2022-02-08 17:39:06,136 [simulator_api.py | 76] INFO: Initial position of D_34 is Bukit Timah Market & Food Centre
2022-02-08 17:39:06,136 [simulator_api.py | 76] INFO: Initial position of D_35 is Bukit Timah Market & Food Centre
2022-02-08 17:39:06,136 [simulator_api.py | 76] INFO: Initial position of D_36 is Alexandra Village Food Centre
2022-02-08 17:39:06,136 [simulator_api.py | 76] INFO: Initial position of D_37 is Alexandra Village Food Centre
2022-02-08 17:39:06,137 [simulator_api.py | 76] INFO: Initial position of D_38 is Ghim Moh Market & Food Centre
2022-02-08 17:39:06,137 [simulator_api.py | 76] INFO: Initial position of D_39 is Alexandra Village Food Centre
2022-02-08 17:39:06,137 [simulator_api.py | 76] INFO: Initial position of D_40 is Bukit Timah Market & Food Centre
2022-02-08 17:39:06,137 [simulator_api.py | 76] INFO: Initial position of D_41 is Bukit Timah Market & Food Centre
2022-02-08 17:39:06,137 [simulator_api.py | 76] INFO: Initial position of D_42 is Alexandra Village Food Centre
2022-02-08 17:39:06,137 [simulator_api.py | 76] INFO: Initial position of D_43 is Bukit Timah Market & Food Centre
2022-02-08 17:39:06,138 [simulator_api.py | 76] INFO: Initial position of D_44 is Ghim Moh Market & Food Centre
2022-02-08 17:39:06,138 [simulator_api.py | 76] INFO: Initial position of D_45 is Alexandra Village Food Centre
2022-02-08 17:39:06,138 [simulator_api.py | 76] INFO: Initial position of D_46 is Ghim Moh Market & Food Centre
2022-02-08 17:39:06,138 [simulator_api.py | 76] INFO: Initial position of D_47 is Ghim Moh Market & Food Centre
2022-02-08 17:39:06,138 [simulator_api.py | 76] INFO: Initial position of D_48 is Alexandra Village Food Centre
2022-02-08 17:39:06,138 [simulator_api.py | 76] INFO: Initial position of D_49 is Bukit Timah Market & Food Centre
2022-02-08 17:39:06,138 [simulator_api.py | 76] INFO: Initial position of D_50 is Alexandra Village Food Centre
2022-02-08 17:39:06,138 [simulator_api.py | 76] INFO: Initial position of D_51 is Alexandra Village Food Centre
2022-02-08 17:39:06,139 [simulator_api.py | 76] INFO: Initial position of D_52 is Alexandra Village Food Centre
2022-02-08 17:39:06,139 [simulator_api.py | 76] INFO: Initial position of D_53 is Ghim Moh Market & Food Centre
2022-02-08 17:39:06,139 [simulator_api.py | 76] INFO: Initial position of D_54 is Alexandra Village Food Centre
2022-02-08 17:39:06,139 [simulator_api.py | 76] INFO: Initial position of D_55 is Bukit Timah Market & Food Centre
2022-02-08 17:39:06,139 [simulator_api.py | 76] INFO: Initial position of D_56 is Bukit Timah Market & Food Centre
2022-02-08 17:39:06,146 [simulator_api.py | 76] INFO: Initial position of D_57 is Ghim Moh Market & Food Centre
2022-02-08 17:39:06,146 [simulator_api.py | 76] INFO: Initial position of D_58 is Alexandra Village Food Centre
2022-02-08 17:39:06,146 [simulator_api.py | 76] INFO: Initial position of D_59 is Bukit Timah Market & Food Centre
2022-02-08 17:39:06,146 [simulator_api.py | 76] INFO: Initial position of D_60 is Alexandra Village Food Centre
2022-02-08 17:39:06,186 [simulator_env.py | 87] INFO: **************************************************
2022-02-08 17:39:06,187 [simulator_env.py | 91] INFO: cur time: 2022-02-08 06:10:00, pre time: 2022-02-08 06:00:00
2022-02-08 17:39:06,187 [simulator_env.py | 138] INFO: Start to update the input of 2022-02-08 06:10:00
2022-02-08 17:39:06,190 [simulator_env.py | 166] INFO: Get 5 unallocated orders, 0 ongoing orders, 0 completed orders.
2022-02-08 17:39:07,699 [simulator_env.py | 100] INFO: Finish the dispatch.
2022-02-08 17:39:07,700 [simulator_env.py | 272] INFO: 2022-02-08 06:10:00, Order 06042300000: state = 1 < 2, we can not finish the simulation
2022-02-08 17:39:07,700 [simulator_env.py | 87] INFO: **************************************************
2022-02-08 17:39:07,700 [simulator_env.py | 91] INFO: cur time: 2022-02-08 06:20:00, pre time: 2022-02-08 06:10:00
2022-02-08 17:39:07,701 [simulator_env.py | 138] INFO: Start to update the input of 2022-02-08 06:20:00
2022-02-08 17:39:07,707 [simulator_env.py | 166] INFO: Get 8 unallocated orders, 3 ongoing orders, 2 completed orders.
2022-02-08 17:39:08,727 [simulator_env.py | 100] INFO: Finish the dispatch.
2022-02-08 17:39:08,731 [simulator_env.py | 272] INFO: 2022-02-08 06:20:00, Order 06101000005: state = 1 < 2, we can not finish the simulation
2022-02-08 17:39:08,732 [simulator_env.py | 87] INFO: **************************************************
2022-02-08 17:39:08,732 [simulator_env.py | 91] INFO: cur time: 2022-02-08 06:30:00, pre time: 2022-02-08 06:20:00
2022-02-08 17:39:08,732 [simulator_env.py | 138] INFO: Start to update the input of 2022-02-08 06:30:00
2022-02-08 17:39:08,738 [simulator_env.py | 166] INFO: Get 13 unallocated orders, 1 ongoing orders, 7 completed orders.
2022-02-08 17:39:09,605 [simulator_env.py | 100] INFO: Finish the dispatch.
2022-02-08 17:39:09,609 [simulator_env.py | 272] INFO: 2022-02-08 06:30:00, Order 06101000005: state = 1 < 2, we can not finish the simulation
2022-02-08 17:39:09,610 [simulator_env.py | 87] INFO: **************************************************
2022-02-08 17:39:09,610 [simulator_env.py | 91] INFO: cur time: 2022-02-08 06:40:00, pre time: 2022-02-08 06:30:00
2022-02-08 17:39:09,610 [simulator_env.py | 138] INFO: Start to update the input of 2022-02-08 06:40:00
2022-02-08 17:39:09,614 [simulator_env.py | 166] INFO: Get 4 unallocated orders, 4 ongoing orders, 14 completed orders.
2022-02-08 17:39:10,344 [simulator_env.py | 100] INFO: Finish the dispatch.
2022-02-08 17:39:10,346 [simulator_env.py | 272] INFO: 2022-02-08 06:40:00, Order 06101000005: state = 1 < 2, we can not finish the simulation
2022-02-08 17:39:10,346 [simulator_env.py | 87] INFO: **************************************************
2022-02-08 17:39:10,347 [simulator_env.py | 91] INFO: cur time: 2022-02-08 06:50:00, pre time: 2022-02-08 06:40:00
2022-02-08 17:39:10,347 [simulator_env.py | 138] INFO: Start to update the input of 2022-02-08 06:50:00
2022-02-08 17:39:10,352 [simulator_env.py | 166] INFO: Get 14 unallocated orders, 3 ongoing orders, 19 completed orders.
2022-02-08 17:39:11,111 [simulator_env.py | 100] INFO: Finish the dispatch.
2022-02-08 17:39:11,114 [simulator_env.py | 272] INFO: 2022-02-08 06:50:00, Order 06413800022: state = 1 < 2, we can not finish the simulation
2022-02-08 17:39:11,115 [simulator_env.py | 87] INFO: **************************************************
2022-02-08 17:39:11,116 [simulator_env.py | 91] INFO: cur time: 2022-02-08 07:00:00, pre time: 2022-02-08 06:50:00
2022-02-08 17:39:11,116 [simulator_env.py | 138] INFO: Start to update the input of 2022-02-08 07:00:00
2022-02-08 17:39:11,130 [simulator_env.py | 166] INFO: Get 17 unallocated orders, 7 ongoing orders, 22 completed orders.
2022-02-08 17:39:11,851 [simulator_env.py | 100] INFO: Finish the dispatch.
2022-02-08 17:39:11,853 [simulator_env.py | 272] INFO: 2022-02-08 07:00:00, Order 06413800022: state = 1 < 2, we can not finish the simulation
2022-02-08 17:39:11,854 [simulator_env.py | 87] INFO: **************************************************
2022-02-08 17:39:11,854 [simulator_env.py | 91] INFO: cur time: 2022-02-08 07:10:00, pre time: 2022-02-08 07:00:00
2022-02-08 17:39:11,854 [simulator_env.py | 138] INFO: Start to update the input of 2022-02-08 07:10:00
2022-02-08 17:39:11,862 [simulator_env.py | 166] INFO: Get 9 unallocated orders, 7 ongoing orders, 37 completed orders.
2022-02-08 17:39:12,576 [simulator_env.py | 100] INFO: Finish the dispatch.
2022-02-08 17:39:12,578 [simulator_env.py | 272] INFO: 2022-02-08 07:10:00, Order 06542100038: state = 1 < 2, we can not finish the simulation
2022-02-08 17:39:12,578 [simulator_env.py | 87] INFO: **************************************************
2022-02-08 17:39:12,578 [simulator_env.py | 91] INFO: cur time: 2022-02-08 07:20:00, pre time: 2022-02-08 07:10:00
2022-02-08 17:39:12,578 [simulator_env.py | 138] INFO: Start to update the input of 2022-02-08 07:20:00
2022-02-08 17:39:12,583 [simulator_env.py | 166] INFO: Get 13 unallocated orders, 5 ongoing orders, 47 completed orders.
2022-02-08 17:39:13,410 [simulator_env.py | 100] INFO: Finish the dispatch.
2022-02-08 17:39:13,411 [simulator_env.py | 272] INFO: 2022-02-08 07:20:00, Order 07065200051: state = 1 < 2, we can not finish the simulation
2022-02-08 17:39:13,412 [simulator_env.py | 87] INFO: **************************************************
2022-02-08 17:39:13,412 [simulator_env.py | 91] INFO: cur time: 2022-02-08 07:30:00, pre time: 2022-02-08 07:20:00
2022-02-08 17:39:13,412 [simulator_env.py | 138] INFO: Start to update the input of 2022-02-08 07:30:00
2022-02-08 17:39:13,421 [simulator_env.py | 166] INFO: Get 15 unallocated orders, 5 ongoing orders, 53 completed orders.
2022-02-08 17:39:14,242 [simulator_env.py | 100] INFO: Finish the dispatch.
2022-02-08 17:39:14,244 [simulator_env.py | 272] INFO: 2022-02-08 07:30:00, Order 07111400053: state = 1 < 2, we can not finish the simulation
2022-02-08 17:39:14,245 [simulator_env.py | 87] INFO: **************************************************
2022-02-08 17:39:14,245 [simulator_env.py | 91] INFO: cur time: 2022-02-08 07:40:00, pre time: 2022-02-08 07:30:00
2022-02-08 17:39:14,245 [simulator_env.py | 138] INFO: Start to update the input of 2022-02-08 07:40:00
2022-02-08 17:39:14,257 [simulator_env.py | 166] INFO: Get 16 unallocated orders, 7 ongoing orders, 63 completed orders.
2022-02-08 17:39:15,558 [simulator_env.py | 100] INFO: Finish the dispatch.
2022-02-08 17:39:15,561 [simulator_env.py | 272] INFO: 2022-02-08 07:40:00, Order 07230200067: state = 1 < 2, we can not finish the simulation
2022-02-08 17:39:15,562 [simulator_env.py | 87] INFO: **************************************************
2022-02-08 17:39:15,562 [simulator_env.py | 91] INFO: cur time: 2022-02-08 07:50:00, pre time: 2022-02-08 07:40:00
2022-02-08 17:39:15,562 [simulator_env.py | 138] INFO: Start to update the input of 2022-02-08 07:50:00
2022-02-08 17:39:15,571 [simulator_env.py | 166] INFO: Get 19 unallocated orders, 7 ongoing orders, 71 completed orders.
2022-02-08 17:39:16,733 [simulator_env.py | 100] INFO: Finish the dispatch.
2022-02-08 17:39:16,736 [simulator_env.py | 272] INFO: 2022-02-08 07:50:00, Order 07230200067: state = 1 < 2, we can not finish the simulation
2022-02-08 17:39:16,737 [simulator_env.py | 87] INFO: **************************************************
2022-02-08 17:39:16,737 [simulator_env.py | 91] INFO: cur time: 2022-02-08 08:00:00, pre time: 2022-02-08 07:50:00
2022-02-08 17:39:16,737 [simulator_env.py | 138] INFO: Start to update the input of 2022-02-08 08:00:00
2022-02-08 17:39:16,746 [simulator_env.py | 166] INFO: Get 17 unallocated orders, 11 ongoing orders, 84 completed orders.
2022-02-08 17:39:17,942 [simulator_env.py | 100] INFO: Finish the dispatch.
2022-02-08 17:39:17,945 [simulator_env.py | 272] INFO: 2022-02-08 08:00:00, Order 07434800091: state = 1 < 2, we can not finish the simulation
2022-02-08 17:39:17,946 [simulator_env.py | 87] INFO: **************************************************
2022-02-08 17:39:17,946 [simulator_env.py | 91] INFO: cur time: 2022-02-08 08:10:00, pre time: 2022-02-08 08:00:00
2022-02-08 17:39:17,946 [simulator_env.py | 138] INFO: Start to update the input of 2022-02-08 08:10:00
2022-02-08 17:39:17,954 [simulator_env.py | 166] INFO: Get 24 unallocated orders, 7 ongoing orders, 101 completed orders.
2022-02-08 17:39:19,186 [simulator_env.py | 100] INFO: Finish the dispatch.
2022-02-08 17:39:19,189 [simulator_env.py | 272] INFO: 2022-02-08 08:10:00, Order 07504300099: state = 1 < 2, we can not finish the simulation
2022-02-08 17:39:19,190 [simulator_env.py | 87] INFO: **************************************************
2022-02-08 17:39:19,191 [simulator_env.py | 91] INFO: cur time: 2022-02-08 08:20:00, pre time: 2022-02-08 08:10:00
2022-02-08 17:39:19,191 [simulator_env.py | 138] INFO: Start to update the input of 2022-02-08 08:20:00
2022-02-08 17:39:19,205 [simulator_env.py | 166] INFO: Get 25 unallocated orders, 16 ongoing orders, 109 completed orders.
2022-02-08 17:39:20,444 [simulator_env.py | 100] INFO: Finish the dispatch.
2022-02-08 17:39:20,447 [simulator_env.py | 272] INFO: 2022-02-08 08:20:00, Order 08004000112: state = 1 < 2, we can not finish the simulation
2022-02-08 17:39:20,448 [simulator_env.py | 87] INFO: **************************************************
2022-02-08 17:39:20,448 [simulator_env.py | 91] INFO: cur time: 2022-02-08 08:30:00, pre time: 2022-02-08 08:20:00
2022-02-08 17:39:20,448 [simulator_env.py | 138] INFO: Start to update the input of 2022-02-08 08:30:00
2022-02-08 17:39:20,459 [simulator_env.py | 166] INFO: Get 30 unallocated orders, 7 ongoing orders, 133 completed orders.
2022-02-08 17:39:21,745 [simulator_env.py | 100] INFO: Finish the dispatch.
2022-02-08 17:39:21,748 [simulator_env.py | 272] INFO: 2022-02-08 08:30:00, Order 08103000132: state = 1 < 2, we can not finish the simulation
2022-02-08 17:39:21,748 [simulator_env.py | 87] INFO: **************************************************
2022-02-08 17:39:21,749 [simulator_env.py | 91] INFO: cur time: 2022-02-08 08:40:00, pre time: 2022-02-08 08:30:00
2022-02-08 17:39:21,749 [simulator_env.py | 138] INFO: Start to update the input of 2022-02-08 08:40:00
2022-02-08 17:39:21,758 [simulator_env.py | 166] INFO: Get 31 unallocated orders, 12 ongoing orders, 148 completed orders.
2022-02-08 17:39:22,908 [simulator_env.py | 100] INFO: Finish the dispatch.
2022-02-08 17:39:22,911 [simulator_env.py | 272] INFO: 2022-02-08 08:40:00, Order 08114700135: state = 1 < 2, we can not finish the simulation
2022-02-08 17:39:22,912 [simulator_env.py | 87] INFO: **************************************************
2022-02-08 17:39:22,912 [simulator_env.py | 91] INFO: cur time: 2022-02-08 08:50:00, pre time: 2022-02-08 08:40:00
2022-02-08 17:39:22,912 [simulator_env.py | 138] INFO: Start to update the input of 2022-02-08 08:50:00
2022-02-08 17:39:22,923 [simulator_env.py | 166] INFO: Get 26 unallocated orders, 14 ongoing orders, 168 completed orders.
2022-02-08 17:39:24,081 [simulator_env.py | 100] INFO: Finish the dispatch.
2022-02-08 17:39:24,085 [simulator_env.py | 272] INFO: 2022-02-08 08:50:00, Order 08302900170: state = 1 < 2, we can not finish the simulation
2022-02-08 17:39:24,087 [simulator_env.py | 87] INFO: **************************************************
2022-02-08 17:39:24,087 [simulator_env.py | 91] INFO: cur time: 2022-02-08 09:00:00, pre time: 2022-02-08 08:50:00
2022-02-08 17:39:24,087 [simulator_env.py | 138] INFO: Start to update the input of 2022-02-08 09:00:00
2022-02-08 17:39:24,094 [simulator_env.py | 166] INFO: Get 38 unallocated orders, 12 ongoing orders, 188 completed orders.
2022-02-08 17:39:25,591 [simulator_env.py | 100] INFO: Finish the dispatch.
2022-02-08 17:39:25,594 [simulator_env.py | 272] INFO: 2022-02-08 09:00:00, Order 08325500175: state = 1 < 2, we can not finish the simulation
2022-02-08 17:39:25,595 [simulator_env.py | 87] INFO: **************************************************
2022-02-08 17:39:25,595 [simulator_env.py | 91] INFO: cur time: 2022-02-08 09:10:00, pre time: 2022-02-08 09:00:00
2022-02-08 17:39:25,595 [simulator_env.py | 138] INFO: Start to update the input of 2022-02-08 09:10:00
2022-02-08 17:39:25,607 [simulator_env.py | 166] INFO: Get 47 unallocated orders, 16 ongoing orders, 207 completed orders.
2022-02-08 17:39:26,734 [simulator_env.py | 100] INFO: Finish the dispatch.
2022-02-08 17:39:26,736 [simulator_env.py | 272] INFO: 2022-02-08 09:10:00, Order 08512700210: state = 1 < 2, we can not finish the simulation
2022-02-08 17:39:26,738 [simulator_env.py | 87] INFO: **************************************************
2022-02-08 17:39:26,738 [simulator_env.py | 91] INFO: cur time: 2022-02-08 09:20:00, pre time: 2022-02-08 09:10:00
2022-02-08 17:39:26,739 [simulator_env.py | 138] INFO: Start to update the input of 2022-02-08 09:20:00
2022-02-08 17:39:26,753 [simulator_env.py | 166] INFO: Get 44 unallocated orders, 20 ongoing orders, 233 completed orders.
2022-02-08 17:39:28,004 [simulator_env.py | 100] INFO: Finish the dispatch.
2022-02-08 17:39:28,007 [simulator_env.py | 272] INFO: 2022-02-08 09:20:00, Order 08512700210: state = 1 < 2, we can not finish the simulation
2022-02-08 17:39:28,008 [simulator_env.py | 87] INFO: **************************************************
2022-02-08 17:39:28,009 [simulator_env.py | 91] INFO: cur time: 2022-02-08 09:30:00, pre time: 2022-02-08 09:20:00
2022-02-08 17:39:28,009 [simulator_env.py | 138] INFO: Start to update the input of 2022-02-08 09:30:00
2022-02-08 17:39:28,021 [simulator_env.py | 166] INFO: Get 51 unallocated orders, 16 ongoing orders, 264 completed orders.
2022-02-08 17:39:29,194 [simulator_env.py | 100] INFO: Finish the dispatch.
2022-02-08 17:39:29,197 [simulator_env.py | 272] INFO: 2022-02-08 09:30:00, Order 09003900239: state = 1 < 2, we can not finish the simulation
2022-02-08 17:39:29,198 [simulator_env.py | 87] INFO: **************************************************
2022-02-08 17:39:29,198 [simulator_env.py | 91] INFO: cur time: 2022-02-08 09:40:00, pre time: 2022-02-08 09:30:00
2022-02-08 17:39:29,198 [simulator_env.py | 138] INFO: Start to update the input of 2022-02-08 09:40:00
2022-02-08 17:39:29,213 [simulator_env.py | 166] INFO: Get 45 unallocated orders, 23 ongoing orders, 292 completed orders.
2022-02-08 17:39:30,398 [simulator_env.py | 100] INFO: Finish the dispatch.
2022-02-08 17:39:30,401 [simulator_env.py | 272] INFO: 2022-02-08 09:40:00, Order 09081300261: state = 1 < 2, we can not finish the simulation
2022-02-08 17:39:30,402 [simulator_env.py | 87] INFO: **************************************************
2022-02-08 17:39:30,402 [simulator_env.py | 91] INFO: cur time: 2022-02-08 09:50:00, pre time: 2022-02-08 09:40:00
2022-02-08 17:39:30,402 [simulator_env.py | 138] INFO: Start to update the input of 2022-02-08 09:50:00
2022-02-08 17:39:30,417 [simulator_env.py | 166] INFO: Get 39 unallocated orders, 27 ongoing orders, 325 completed orders.
2022-02-08 17:39:31,699 [simulator_env.py | 100] INFO: Finish the dispatch.
2022-02-08 17:39:31,703 [simulator_env.py | 272] INFO: 2022-02-08 09:50:00, Order 09302200331: state = 1 < 2, we can not finish the simulation
2022-02-08 17:39:31,704 [simulator_env.py | 87] INFO: **************************************************
2022-02-08 17:39:31,705 [simulator_env.py | 91] INFO: cur time: 2022-02-08 10:00:00, pre time: 2022-02-08 09:50:00
2022-02-08 17:39:31,705 [simulator_env.py | 138] INFO: Start to update the input of 2022-02-08 10:00:00
2022-02-08 17:39:31,715 [simulator_env.py | 166] INFO: Get 68 unallocated orders, 20 ongoing orders, 355 completed orders.
2022-02-08 17:39:33,125 [simulator_env.py | 100] INFO: Finish the dispatch.
2022-02-08 17:39:33,129 [simulator_env.py | 272] INFO: 2022-02-08 10:00:00, Order 09314700336: state = 1 < 2, we can not finish the simulation
2022-02-08 17:39:33,131 [simulator_env.py | 87] INFO: **************************************************
2022-02-08 17:39:33,131 [simulator_env.py | 91] INFO: cur time: 2022-02-08 10:10:00, pre time: 2022-02-08 10:00:00
2022-02-08 17:39:33,131 [simulator_env.py | 138] INFO: Start to update the input of 2022-02-08 10:10:00
2022-02-08 17:39:33,143 [simulator_env.py | 166] INFO: Get 69 unallocated orders, 23 ongoing orders, 391 completed orders.
2022-02-08 17:39:34,545 [simulator_env.py | 100] INFO: Finish the dispatch.
2022-02-08 17:39:34,549 [simulator_env.py | 272] INFO: 2022-02-08 10:10:00, Order 09415600362: state = 1 < 2, we can not finish the simulation
2022-02-08 17:39:34,551 [simulator_env.py | 87] INFO: **************************************************
2022-02-08 17:39:34,551 [simulator_env.py | 91] INFO: cur time: 2022-02-08 10:20:00, pre time: 2022-02-08 10:10:00
2022-02-08 17:39:34,551 [simulator_env.py | 138] INFO: Start to update the input of 2022-02-08 10:20:00
2022-02-08 17:39:34,572 [simulator_env.py | 166] INFO: Get 65 unallocated orders, 30 ongoing orders, 425 completed orders.
2022-02-08 17:39:35,836 [simulator_env.py | 100] INFO: Finish the dispatch.
2022-02-08 17:39:35,841 [simulator_env.py | 272] INFO: 2022-02-08 10:20:00, Order 09523500405: state = 1 < 2, we can not finish the simulation
2022-02-08 17:39:35,843 [simulator_env.py | 87] INFO: **************************************************
2022-02-08 17:39:35,844 [simulator_env.py | 91] INFO: cur time: 2022-02-08 10:30:00, pre time: 2022-02-08 10:20:00
2022-02-08 17:39:35,844 [simulator_env.py | 138] INFO: Start to update the input of 2022-02-08 10:30:00
2022-02-08 17:39:35,864 [simulator_env.py | 166] INFO: Get 65 unallocated orders, 28 ongoing orders, 464 completed orders.
2022-02-08 17:39:37,166 [simulator_env.py | 100] INFO: Finish the dispatch.
2022-02-08 17:39:37,170 [simulator_env.py | 272] INFO: 2022-02-08 10:30:00, Order 09523500405: state = 1 < 2, we can not finish the simulation
2022-02-08 17:39:37,173 [simulator_env.py | 87] INFO: **************************************************
2022-02-08 17:39:37,173 [simulator_env.py | 91] INFO: cur time: 2022-02-08 10:40:00, pre time: 2022-02-08 10:30:00
2022-02-08 17:39:37,174 [simulator_env.py | 138] INFO: Start to update the input of 2022-02-08 10:40:00
2022-02-08 17:39:37,187 [simulator_env.py | 166] INFO: Get 83 unallocated orders, 29 ongoing orders, 503 completed orders.
2022-02-08 17:39:38,233 [simulator_env.py | 100] INFO: Finish the dispatch.
2022-02-08 17:39:38,237 [simulator_env.py | 272] INFO: 2022-02-08 10:40:00, Order 09593100440: state = 1 < 2, we can not finish the simulation
2022-02-08 17:39:38,238 [simulator_env.py | 87] INFO: **************************************************
2022-02-08 17:39:38,238 [simulator_env.py | 91] INFO: cur time: 2022-02-08 10:50:00, pre time: 2022-02-08 10:40:00
2022-02-08 17:39:38,238 [simulator_env.py | 138] INFO: Start to update the input of 2022-02-08 10:50:00
2022-02-08 17:39:38,250 [simulator_env.py | 166] INFO: Get 87 unallocated orders, 28 ongoing orders, 544 completed orders.
2022-02-08 17:39:39,243 [simulator_env.py | 100] INFO: Finish the dispatch.
2022-02-08 17:39:39,246 [simulator_env.py | 272] INFO: 2022-02-08 10:50:00, Order 09593100441: state = 1 < 2, we can not finish the simulation
2022-02-08 17:39:39,248 [simulator_env.py | 87] INFO: **************************************************
2022-02-08 17:39:39,248 [simulator_env.py | 91] INFO: cur time: 2022-02-08 11:00:00, pre time: 2022-02-08 10:50:00
2022-02-08 17:39:39,248 [simulator_env.py | 138] INFO: Start to update the input of 2022-02-08 11:00:00
2022-02-08 17:39:39,261 [simulator_env.py | 166] INFO: Get 75 unallocated orders, 41 ongoing orders, 583 completed orders.
2022-02-08 17:39:40,456 [simulator_env.py | 100] INFO: Finish the dispatch.
2022-02-08 17:39:40,459 [simulator_env.py | 272] INFO: 2022-02-08 11:00:00, Order 10314400561: state = 1 < 2, we can not finish the simulation
2022-02-08 17:39:40,461 [simulator_env.py | 87] INFO: **************************************************
2022-02-08 17:39:40,461 [simulator_env.py | 91] INFO: cur time: 2022-02-08 11:10:00, pre time: 2022-02-08 11:00:00
2022-02-08 17:39:40,461 [simulator_env.py | 138] INFO: Start to update the input of 2022-02-08 11:10:00
2022-02-08 17:39:40,473 [simulator_env.py | 166] INFO: Get 80 unallocated orders, 43 ongoing orders, 620 completed orders.
2022-02-08 17:39:41,477 [simulator_env.py | 100] INFO: Finish the dispatch.
2022-02-08 17:39:41,481 [simulator_env.py | 272] INFO: 2022-02-08 11:10:00, Order 10365200593: state = 1 < 2, we can not finish the simulation
2022-02-08 17:39:41,483 [simulator_env.py | 87] INFO: **************************************************
2022-02-08 17:39:41,483 [simulator_env.py | 91] INFO: cur time: 2022-02-08 11:20:00, pre time: 2022-02-08 11:10:00
2022-02-08 17:39:41,483 [simulator_env.py | 138] INFO: Start to update the input of 2022-02-08 11:20:00
2022-02-08 17:39:41,499 [simulator_env.py | 166] INFO: Get 73 unallocated orders, 41 ongoing orders, 661 completed orders.
2022-02-08 17:39:42,762 [simulator_env.py | 100] INFO: Finish the dispatch.
2022-02-08 17:39:42,766 [simulator_env.py | 272] INFO: 2022-02-08 11:20:00, Order 10365200593: state = 1 < 2, we can not finish the simulation
2022-02-08 17:39:42,768 [simulator_env.py | 87] INFO: **************************************************
2022-02-08 17:39:42,768 [simulator_env.py | 91] INFO: cur time: 2022-02-08 11:30:00, pre time: 2022-02-08 11:20:00
2022-02-08 17:39:42,768 [simulator_env.py | 138] INFO: Start to update the input of 2022-02-08 11:30:00
2022-02-08 17:39:42,786 [simulator_env.py | 166] INFO: Get 79 unallocated orders, 40 ongoing orders, 700 completed orders.
2022-02-08 17:39:43,518 [simulator_env.py | 261] ERROR: 2022-02-08 17:39:43,421 [algorithm_demo.py | 490] ERROR: Length of orders is 0
2022-02-08 17:39:43,421 [algorithm_demo.py | 507] ERROR: Length of orders is 0
2022-02-08 17:39:43,422 [main_algorithm.py | 13] ERROR: Failed to run algorithm
2022-02-08 17:39:43,428 [main_algorithm.py | 14] ERROR: Error: 'NoneType' object is not subscriptable, Traceback (most recent call last):
  File "main_algorithm.py", line 10, in <module>
    scheduling()
  File "/Users/yangjingfeng/Library/CloudStorage/OneDrive-Personal/Public/PhD Study/Papers/Food_Delivery/Code/Food_delivery_simulator/Algorithm/algorithm_demo.py", line 594, in scheduling
    id_to_restaurant,
  File "/Users/yangjingfeng/Library/CloudStorage/OneDrive-Personal/Public/PhD Study/Papers/Food_Delivery/Code/Food_delivery_simulator/Algorithm/algorithm_demo.py", line 97, in dispatch_orders_to_drivers
    driver_id_to_planned_route[driver_id].append(pickup_node_list[0])
TypeError: 'NoneType' object is not subscriptable

FAIL

2022-02-08 17:39:43,520 [simulator_env.py | 262] ERROR: Can not catch the 'SUCCESS' from the algorithm.
