2022-02-12 14:25:11,838 [main.py         | 40] INFO: Start to run instance_3
2022-02-12 14:25:11,839 [simulator_api.py | 43] INFO: Start time of the simulator: 2022-02-12 06:00:00, time interval:  600.00
2022-02-12 14:25:11,940 [input_utils.py  | 36] INFO: Get 794 locations
2022-02-12 14:26:24,947 [input_utils.py  | 40] INFO: Get 630436 routes
2022-02-12 14:26:25,599 [input_utils.py  | 45] INFO: Get 20 drivers
2022-02-12 14:26:25,617 [input_utils.py  | 49] INFO: Get 46 orders
2022-02-12 14:26:25,617 [simulator_api.py | 76] INFO: Initial position of D_1 is Bukit Timah Market & Food Centre
2022-02-12 14:26:25,617 [simulator_api.py | 76] INFO: Initial position of D_2 is Bukit Timah Market & Food Centre
2022-02-12 14:26:25,618 [simulator_api.py | 76] INFO: Initial position of D_3 is Ghim Moh Market & Food Centre
2022-02-12 14:26:25,618 [simulator_api.py | 76] INFO: Initial position of D_4 is Bukit Timah Market & Food Centre
2022-02-12 14:26:25,618 [simulator_api.py | 76] INFO: Initial position of D_5 is Alexandra Village Food Centre
2022-02-12 14:26:25,618 [simulator_api.py | 76] INFO: Initial position of D_6 is Bukit Timah Market & Food Centre
2022-02-12 14:26:25,618 [simulator_api.py | 76] INFO: Initial position of D_7 is Bukit Timah Market & Food Centre
2022-02-12 14:26:25,618 [simulator_api.py | 76] INFO: Initial position of D_8 is Bukit Timah Market & Food Centre
2022-02-12 14:26:25,618 [simulator_api.py | 76] INFO: Initial position of D_9 is Bukit Timah Market & Food Centre
2022-02-12 14:26:25,618 [simulator_api.py | 76] INFO: Initial position of D_10 is Bukit Timah Market & Food Centre
2022-02-12 14:26:25,618 [simulator_api.py | 76] INFO: Initial position of D_11 is Alexandra Village Food Centre
2022-02-12 14:26:25,618 [simulator_api.py | 76] INFO: Initial position of D_12 is Ghim Moh Market & Food Centre
2022-02-12 14:26:25,618 [simulator_api.py | 76] INFO: Initial position of D_13 is Alexandra Village Food Centre
2022-02-12 14:26:25,618 [simulator_api.py | 76] INFO: Initial position of D_14 is Ghim Moh Market & Food Centre
2022-02-12 14:26:25,618 [simulator_api.py | 76] INFO: Initial position of D_15 is Bukit Timah Market & Food Centre
2022-02-12 14:26:25,619 [simulator_api.py | 76] INFO: Initial position of D_16 is Ghim Moh Market & Food Centre
2022-02-12 14:26:25,619 [simulator_api.py | 76] INFO: Initial position of D_17 is Ghim Moh Market & Food Centre
2022-02-12 14:26:25,619 [simulator_api.py | 76] INFO: Initial position of D_18 is Alexandra Village Food Centre
2022-02-12 14:26:25,619 [simulator_api.py | 76] INFO: Initial position of D_19 is Bukit Timah Market & Food Centre
2022-02-12 14:26:25,619 [simulator_api.py | 76] INFO: Initial position of D_20 is Alexandra Village Food Centre
2022-02-12 14:26:25,619 [simulator_env.py | 87] INFO: **************************************************
2022-02-12 14:26:25,620 [simulator_env.py | 91] INFO: cur time: 2022-02-12 06:10:00, pre time: 2022-02-12 06:00:00
2022-02-12 14:26:25,620 [simulator_env.py | 138] INFO: Start to update the input of 2022-02-12 06:10:00
2022-02-12 14:26:25,621 [simulator_env.py | 166] INFO: Get 5 unallocated orders, 0 ongoing orders, 0 completed orders.
2022-02-12 14:26:27,069 [simulator_env.py | 100] INFO: Finish the dispatch.
2022-02-12 14:26:27,070 [simulator_env.py | 272] INFO: 2022-02-12 06:10:00, Order 06042300000: state = 1 < 2, we can not finish the simulation
2022-02-12 14:26:27,070 [simulator_env.py | 87] INFO: **************************************************
2022-02-12 14:26:27,070 [simulator_env.py | 91] INFO: cur time: 2022-02-12 06:20:00, pre time: 2022-02-12 06:10:00
2022-02-12 14:26:27,070 [simulator_env.py | 138] INFO: Start to update the input of 2022-02-12 06:20:00
2022-02-12 14:26:27,073 [simulator_env.py | 166] INFO: Get 9 unallocated orders, 2 ongoing orders, 2 completed orders.
2022-02-12 14:26:27,733 [simulator_env.py | 100] INFO: Finish the dispatch.
2022-02-12 14:26:27,735 [simulator_env.py | 272] INFO: 2022-02-12 06:20:00, Order 06094400003: state = 1 < 2, we can not finish the simulation
2022-02-12 14:26:27,735 [simulator_env.py | 87] INFO: **************************************************
2022-02-12 14:26:27,736 [simulator_env.py | 91] INFO: cur time: 2022-02-12 06:30:00, pre time: 2022-02-12 06:20:00
2022-02-12 14:26:27,736 [simulator_env.py | 138] INFO: Start to update the input of 2022-02-12 06:30:00
2022-02-12 14:26:27,738 [simulator_env.py | 166] INFO: Get 11 unallocated orders, 1 ongoing orders, 9 completed orders.
2022-02-12 14:26:28,383 [simulator_env.py | 100] INFO: Finish the dispatch.
2022-02-12 14:26:28,384 [simulator_env.py | 272] INFO: 2022-02-12 06:30:00, Order 06101000005: state = 1 < 2, we can not finish the simulation
2022-02-12 14:26:28,384 [simulator_env.py | 87] INFO: **************************************************
2022-02-12 14:26:28,385 [simulator_env.py | 91] INFO: cur time: 2022-02-12 06:40:00, pre time: 2022-02-12 06:30:00
2022-02-12 14:26:28,385 [simulator_env.py | 138] INFO: Start to update the input of 2022-02-12 06:40:00
2022-02-12 14:26:28,387 [simulator_env.py | 166] INFO: Get 3 unallocated orders, 6 ongoing orders, 13 completed orders.
2022-02-12 14:26:29,235 [simulator_env.py | 100] INFO: Finish the dispatch.
2022-02-12 14:26:29,236 [simulator_env.py | 272] INFO: 2022-02-12 06:40:00, Order 06215600015: state = 1 < 2, we can not finish the simulation
2022-02-12 14:26:29,237 [simulator_env.py | 87] INFO: **************************************************
2022-02-12 14:26:29,237 [simulator_env.py | 91] INFO: cur time: 2022-02-12 06:50:00, pre time: 2022-02-12 06:40:00
2022-02-12 14:26:29,237 [simulator_env.py | 138] INFO: Start to update the input of 2022-02-12 06:50:00
2022-02-12 14:26:29,239 [simulator_env.py | 166] INFO: Get 14 unallocated orders, 3 ongoing orders, 19 completed orders.
2022-02-12 14:26:30,004 [simulator_env.py | 100] INFO: Finish the dispatch.
2022-02-12 14:26:30,005 [simulator_env.py | 272] INFO: 2022-02-12 06:50:00, Order 06413800022: state = 1 < 2, we can not finish the simulation
2022-02-12 14:26:30,006 [simulator_env.py | 87] INFO: **************************************************
2022-02-12 14:26:30,006 [simulator_env.py | 91] INFO: cur time: 2022-02-12 07:00:00, pre time: 2022-02-12 06:50:00
2022-02-12 14:26:30,006 [simulator_env.py | 138] INFO: Start to update the input of 2022-02-12 07:00:00
2022-02-12 14:26:30,008 [simulator_env.py | 166] INFO: Get 13 unallocated orders, 7 ongoing orders, 26 completed orders.
2022-02-12 14:26:30,824 [simulator_env.py | 100] INFO: Finish the dispatch.
2022-02-12 14:26:30,826 [simulator_env.py | 272] INFO: 2022-02-12 07:00:00, Order 06453800028: state = 1 < 2, we can not finish the simulation
2022-02-12 14:26:30,826 [simulator_env.py | 87] INFO: **************************************************
2022-02-12 14:26:30,826 [simulator_env.py | 91] INFO: cur time: 2022-02-12 07:10:00, pre time: 2022-02-12 07:00:00
2022-02-12 14:26:30,826 [simulator_env.py | 138] INFO: Start to update the input of 2022-02-12 07:10:00
2022-02-12 14:26:30,829 [simulator_env.py | 166] INFO: Get 1 unallocated orders, 9 ongoing orders, 36 completed orders.
2022-02-12 14:26:31,642 [simulator_env.py | 100] INFO: Finish the dispatch.
2022-02-12 14:26:31,644 [simulator_env.py | 272] INFO: 2022-02-12 07:10:00, Order 06582500043: state = 1 < 2, we can not finish the simulation
2022-02-12 14:26:31,645 [simulator_env.py | 87] INFO: **************************************************
2022-02-12 14:26:31,645 [simulator_env.py | 91] INFO: cur time: 2022-02-12 07:20:00, pre time: 2022-02-12 07:10:00
2022-02-12 14:26:31,645 [simulator_env.py | 138] INFO: Start to update the input of 2022-02-12 07:20:00
2022-02-12 14:26:31,646 [simulator_env.py | 166] INFO: Get 0 unallocated orders, 0 ongoing orders, 46 completed orders.
2022-02-12 14:26:32,995 [simulator_env.py | 100] INFO: Finish the dispatch.
2022-02-12 14:26:32,996 [simulator_env.py | 275] INFO: 2022-02-12 07:20:00, the status of all orders is greater than 1, we could finish the simulation
2022-02-12 14:26:32,997 [simulator_env.py | 124] INFO: finished the left ongoing orders
2022-02-12 14:26:32,998 [evaluator.py    | 116] INFO: Traveling Distance of driver D_1 is  14.500, visited node list: 6
2022-02-12 14:26:32,998 [evaluator.py    | 116] INFO: Traveling Distance of driver D_2 is  21.400, visited node list: 9
2022-02-12 14:26:32,998 [evaluator.py    | 116] INFO: Traveling Distance of driver D_3 is  21.260, visited node list: 6
2022-02-12 14:26:32,998 [evaluator.py    | 116] INFO: Traveling Distance of driver D_4 is  24.130, visited node list: 8
2022-02-12 14:26:32,998 [evaluator.py    | 116] INFO: Traveling Distance of driver D_5 is  27.130, visited node list: 7
2022-02-12 14:26:32,998 [evaluator.py    | 116] INFO: Traveling Distance of driver D_6 is  23.270, visited node list: 9
2022-02-12 14:26:32,998 [evaluator.py    | 116] INFO: Traveling Distance of driver D_7 is  16.700, visited node list: 7
2022-02-12 14:26:32,999 [evaluator.py    | 116] INFO: Traveling Distance of driver D_8 is  14.980, visited node list: 7
2022-02-12 14:26:32,999 [evaluator.py    | 116] INFO: Traveling Distance of driver D_9 is  13.680, visited node list: 7
2022-02-12 14:26:32,999 [evaluator.py    | 116] INFO: Traveling Distance of driver D_10 is  15.890, visited node list: 5
2022-02-12 14:26:32,999 [evaluator.py    | 116] INFO: Traveling Distance of driver D_11 is  11.340, visited node list: 6
2022-02-12 14:26:32,999 [evaluator.py    | 116] INFO: Traveling Distance of driver D_12 is  16.220, visited node list: 5
2022-02-12 14:26:32,999 [evaluator.py    | 116] INFO: Traveling Distance of driver D_13 is  10.310, visited node list: 3
2022-02-12 14:26:32,999 [evaluator.py    | 116] INFO: Traveling Distance of driver D_14 is  7.670, visited node list: 4
2022-02-12 14:26:32,999 [evaluator.py    | 116] INFO: Traveling Distance of driver D_15 is  10.710, visited node list: 3
2022-02-12 14:26:32,999 [evaluator.py    | 116] INFO: Traveling Distance of driver D_16 is  6.840, visited node list: 3
2022-02-12 14:26:32,999 [evaluator.py    | 116] INFO: Traveling Distance of driver D_17 is  6.880, visited node list: 3
2022-02-12 14:26:32,999 [evaluator.py    | 116] INFO: Traveling Distance of driver D_18 is  9.370, visited node list: 3
2022-02-12 14:26:33,000 [evaluator.py    | 116] INFO: Traveling Distance of driver D_19 is  4.670, visited node list: 2
2022-02-12 14:26:33,000 [evaluator.py    | 116] INFO: Traveling Distance of driver D_20 is  1.860, visited node list: 2
2022-02-12 14:26:33,000 [evaluator.py    | 18] INFO: Total distance:  278.810
2022-02-12 14:26:33,005 [evaluator.py    | 22] INFO: Sum over time:  0.000
2022-02-12 14:26:33,006 [evaluator.py    | 26] INFO: Total score:  13.941
2022-02-12 14:26:33,368 [main.py         | 45] INFO: Score of instance_3: 13.9405
