2022-02-08 17:02:11,112 [main.py         | 31] INFO: Start to run instance_2
2022-02-08 17:02:11,112 [simulator_api.py | 43] INFO: Start time of the simulator: 2022-02-08 06:00:00, time interval:  600.00
2022-02-08 17:02:11,224 [input_utils.py  | 36] INFO: Get 794 locations
2022-02-08 17:03:28,465 [input_utils.py  | 40] INFO: Get 630436 routes
2022-02-08 17:03:29,127 [input_utils.py  | 45] INFO: Get 60 drivers
2022-02-08 17:03:29,568 [input_utils.py  | 49] INFO: Get 2491 orders
2022-02-08 17:03:29,569 [simulator_api.py | 76] INFO: Initial position of D_1 is Bukit Timah Market & Food Centre
2022-02-08 17:03:29,569 [simulator_api.py | 76] INFO: Initial position of D_2 is Bukit Timah Market & Food Centre
2022-02-08 17:03:29,570 [simulator_api.py | 76] INFO: Initial position of D_3 is Ghim Moh Market & Food Centre
2022-02-08 17:03:29,570 [simulator_api.py | 76] INFO: Initial position of D_4 is Bukit Timah Market & Food Centre
2022-02-08 17:03:29,570 [simulator_api.py | 76] INFO: Initial position of D_5 is Alexandra Village Food Centre
2022-02-08 17:03:29,570 [simulator_api.py | 76] INFO: Initial position of D_6 is Bukit Timah Market & Food Centre
2022-02-08 17:03:29,570 [simulator_api.py | 76] INFO: Initial position of D_7 is Bukit Timah Market & Food Centre
2022-02-08 17:03:29,570 [simulator_api.py | 76] INFO: Initial position of D_8 is Bukit Timah Market & Food Centre
2022-02-08 17:03:29,570 [simulator_api.py | 76] INFO: Initial position of D_9 is Bukit Timah Market & Food Centre
2022-02-08 17:03:29,570 [simulator_api.py | 76] INFO: Initial position of D_10 is Bukit Timah Market & Food Centre
2022-02-08 17:03:29,570 [simulator_api.py | 76] INFO: Initial position of D_11 is Alexandra Village Food Centre
2022-02-08 17:03:29,570 [simulator_api.py | 76] INFO: Initial position of D_12 is Ghim Moh Market & Food Centre
2022-02-08 17:03:29,570 [simulator_api.py | 76] INFO: Initial position of D_13 is Alexandra Village Food Centre
2022-02-08 17:03:29,571 [simulator_api.py | 76] INFO: Initial position of D_14 is Ghim Moh Market & Food Centre
2022-02-08 17:03:29,571 [simulator_api.py | 76] INFO: Initial position of D_15 is Bukit Timah Market & Food Centre
2022-02-08 17:03:29,571 [simulator_api.py | 76] INFO: Initial position of D_16 is Ghim Moh Market & Food Centre
2022-02-08 17:03:29,571 [simulator_api.py | 76] INFO: Initial position of D_17 is Ghim Moh Market & Food Centre
2022-02-08 17:03:29,571 [simulator_api.py | 76] INFO: Initial position of D_18 is Alexandra Village Food Centre
2022-02-08 17:03:29,571 [simulator_api.py | 76] INFO: Initial position of D_19 is Bukit Timah Market & Food Centre
2022-02-08 17:03:29,571 [simulator_api.py | 76] INFO: Initial position of D_20 is Alexandra Village Food Centre
2022-02-08 17:03:29,571 [simulator_api.py | 76] INFO: Initial position of D_21 is Alexandra Village Food Centre
2022-02-08 17:03:29,571 [simulator_api.py | 76] INFO: Initial position of D_22 is Alexandra Village Food Centre
2022-02-08 17:03:29,571 [simulator_api.py | 76] INFO: Initial position of D_23 is Ghim Moh Market & Food Centre
2022-02-08 17:03:29,571 [simulator_api.py | 76] INFO: Initial position of D_24 is Bukit Timah Market & Food Centre
2022-02-08 17:03:29,571 [simulator_api.py | 76] INFO: Initial position of D_25 is Ghim Moh Market & Food Centre
2022-02-08 17:03:29,571 [simulator_api.py | 76] INFO: Initial position of D_26 is Alexandra Village Food Centre
2022-02-08 17:03:29,571 [simulator_api.py | 76] INFO: Initial position of D_27 is Ghim Moh Market & Food Centre
2022-02-08 17:03:29,572 [simulator_api.py | 76] INFO: Initial position of D_28 is Alexandra Village Food Centre
2022-02-08 17:03:29,572 [simulator_api.py | 76] INFO: Initial position of D_29 is Bukit Timah Market & Food Centre
2022-02-08 17:03:29,572 [simulator_api.py | 76] INFO: Initial position of D_30 is Bukit Timah Market & Food Centre
2022-02-08 17:03:29,572 [simulator_api.py | 76] INFO: Initial position of D_31 is Alexandra Village Food Centre
2022-02-08 17:03:29,572 [simulator_api.py | 76] INFO: Initial position of D_32 is Ghim Moh Market & Food Centre
2022-02-08 17:03:29,572 [simulator_api.py | 76] INFO: Initial position of D_33 is Bukit Timah Market & Food Centre
2022-02-08 17:03:29,572 [simulator_api.py | 76] INFO: Initial position of D_34 is Bukit Timah Market & Food Centre
2022-02-08 17:03:29,573 [simulator_api.py | 76] INFO: Initial position of D_35 is Bukit Timah Market & Food Centre
2022-02-08 17:03:29,573 [simulator_api.py | 76] INFO: Initial position of D_36 is Alexandra Village Food Centre
2022-02-08 17:03:29,573 [simulator_api.py | 76] INFO: Initial position of D_37 is Alexandra Village Food Centre
2022-02-08 17:03:29,573 [simulator_api.py | 76] INFO: Initial position of D_38 is Ghim Moh Market & Food Centre
2022-02-08 17:03:29,573 [simulator_api.py | 76] INFO: Initial position of D_39 is Alexandra Village Food Centre
2022-02-08 17:03:29,573 [simulator_api.py | 76] INFO: Initial position of D_40 is Bukit Timah Market & Food Centre
2022-02-08 17:03:29,573 [simulator_api.py | 76] INFO: Initial position of D_41 is Bukit Timah Market & Food Centre
2022-02-08 17:03:29,574 [simulator_api.py | 76] INFO: Initial position of D_42 is Alexandra Village Food Centre
2022-02-08 17:03:29,574 [simulator_api.py | 76] INFO: Initial position of D_43 is Bukit Timah Market & Food Centre
2022-02-08 17:03:29,575 [simulator_api.py | 76] INFO: Initial position of D_44 is Ghim Moh Market & Food Centre
2022-02-08 17:03:29,575 [simulator_api.py | 76] INFO: Initial position of D_45 is Alexandra Village Food Centre
2022-02-08 17:03:29,575 [simulator_api.py | 76] INFO: Initial position of D_46 is Ghim Moh Market & Food Centre
2022-02-08 17:03:29,575 [simulator_api.py | 76] INFO: Initial position of D_47 is Ghim Moh Market & Food Centre
2022-02-08 17:03:29,575 [simulator_api.py | 76] INFO: Initial position of D_48 is Alexandra Village Food Centre
2022-02-08 17:03:29,575 [simulator_api.py | 76] INFO: Initial position of D_49 is Bukit Timah Market & Food Centre
2022-02-08 17:03:29,575 [simulator_api.py | 76] INFO: Initial position of D_50 is Alexandra Village Food Centre
2022-02-08 17:03:29,575 [simulator_api.py | 76] INFO: Initial position of D_51 is Alexandra Village Food Centre
2022-02-08 17:03:29,575 [simulator_api.py | 76] INFO: Initial position of D_52 is Alexandra Village Food Centre
2022-02-08 17:03:29,576 [simulator_api.py | 76] INFO: Initial position of D_53 is Ghim Moh Market & Food Centre
2022-02-08 17:03:29,576 [simulator_api.py | 76] INFO: Initial position of D_54 is Alexandra Village Food Centre
2022-02-08 17:03:29,576 [simulator_api.py | 76] INFO: Initial position of D_55 is Bukit Timah Market & Food Centre
2022-02-08 17:03:29,576 [simulator_api.py | 76] INFO: Initial position of D_56 is Bukit Timah Market & Food Centre
2022-02-08 17:03:29,576 [simulator_api.py | 76] INFO: Initial position of D_57 is Ghim Moh Market & Food Centre
2022-02-08 17:03:29,576 [simulator_api.py | 76] INFO: Initial position of D_58 is Alexandra Village Food Centre
2022-02-08 17:03:29,576 [simulator_api.py | 76] INFO: Initial position of D_59 is Bukit Timah Market & Food Centre
2022-02-08 17:03:29,576 [simulator_api.py | 76] INFO: Initial position of D_60 is Alexandra Village Food Centre
2022-02-08 17:03:29,614 [simulator_env.py | 87] INFO: **************************************************
2022-02-08 17:03:29,616 [simulator_env.py | 91] INFO: cur time: 2022-02-08 06:10:00, pre time: 2022-02-08 06:00:00
2022-02-08 17:03:29,616 [simulator_env.py | 138] INFO: Start to update the input of 2022-02-08 06:10:00
2022-02-08 17:03:29,619 [simulator_env.py | 166] INFO: Get 5 unallocated orders, 0 ongoing orders, 0 completed orders.
2022-02-08 17:03:30,854 [simulator_env.py | 100] INFO: Finish the dispatch.
2022-02-08 17:03:30,855 [simulator_env.py | 272] INFO: 2022-02-08 06:10:00, Order 06042300000: state = 1 < 2, we can not finish the simulation
2022-02-08 17:03:30,855 [simulator_env.py | 87] INFO: **************************************************
2022-02-08 17:03:30,855 [simulator_env.py | 91] INFO: cur time: 2022-02-08 06:20:00, pre time: 2022-02-08 06:10:00
2022-02-08 17:03:30,855 [simulator_env.py | 138] INFO: Start to update the input of 2022-02-08 06:20:00
2022-02-08 17:03:30,860 [simulator_env.py | 166] INFO: Get 8 unallocated orders, 3 ongoing orders, 2 completed orders.
2022-02-08 17:03:31,517 [simulator_env.py | 100] INFO: Finish the dispatch.
2022-02-08 17:03:31,519 [simulator_env.py | 272] INFO: 2022-02-08 06:20:00, Order 06101000005: state = 1 < 2, we can not finish the simulation
2022-02-08 17:03:31,519 [simulator_env.py | 87] INFO: **************************************************
2022-02-08 17:03:31,519 [simulator_env.py | 91] INFO: cur time: 2022-02-08 06:30:00, pre time: 2022-02-08 06:20:00
2022-02-08 17:03:31,519 [simulator_env.py | 138] INFO: Start to update the input of 2022-02-08 06:30:00
2022-02-08 17:03:31,524 [simulator_env.py | 166] INFO: Get 13 unallocated orders, 1 ongoing orders, 7 completed orders.
2022-02-08 17:03:32,124 [simulator_env.py | 100] INFO: Finish the dispatch.
2022-02-08 17:03:32,125 [simulator_env.py | 272] INFO: 2022-02-08 06:30:00, Order 06101000005: state = 1 < 2, we can not finish the simulation
2022-02-08 17:03:32,125 [simulator_env.py | 87] INFO: **************************************************
2022-02-08 17:03:32,125 [simulator_env.py | 91] INFO: cur time: 2022-02-08 06:40:00, pre time: 2022-02-08 06:30:00
2022-02-08 17:03:32,125 [simulator_env.py | 138] INFO: Start to update the input of 2022-02-08 06:40:00
2022-02-08 17:03:32,131 [simulator_env.py | 166] INFO: Get 4 unallocated orders, 3 ongoing orders, 15 completed orders.
2022-02-08 17:03:32,789 [simulator_env.py | 100] INFO: Finish the dispatch.
2022-02-08 17:03:32,791 [simulator_env.py | 272] INFO: 2022-02-08 06:40:00, Order 06201300013: state = 1 < 2, we can not finish the simulation
2022-02-08 17:03:32,792 [simulator_env.py | 87] INFO: **************************************************
2022-02-08 17:03:32,792 [simulator_env.py | 91] INFO: cur time: 2022-02-08 06:50:00, pre time: 2022-02-08 06:40:00
2022-02-08 17:03:32,792 [simulator_env.py | 138] INFO: Start to update the input of 2022-02-08 06:50:00
2022-02-08 17:03:32,796 [simulator_env.py | 166] INFO: Get 15 unallocated orders, 2 ongoing orders, 19 completed orders.
2022-02-08 17:03:33,404 [simulator_env.py | 100] INFO: Finish the dispatch.
2022-02-08 17:03:33,406 [simulator_env.py | 272] INFO: 2022-02-08 06:50:00, Order 06201300013: state = 1 < 2, we can not finish the simulation
2022-02-08 17:03:33,406 [simulator_env.py | 87] INFO: **************************************************
2022-02-08 17:03:33,406 [simulator_env.py | 91] INFO: cur time: 2022-02-08 07:00:00, pre time: 2022-02-08 06:50:00
2022-02-08 17:03:33,406 [simulator_env.py | 138] INFO: Start to update the input of 2022-02-08 07:00:00
2022-02-08 17:03:33,411 [simulator_env.py | 166] INFO: Get 14 unallocated orders, 6 ongoing orders, 26 completed orders.
2022-02-08 17:03:34,009 [simulator_env.py | 100] INFO: Finish the dispatch.
2022-02-08 17:03:34,011 [simulator_env.py | 272] INFO: 2022-02-08 07:00:00, Order 06414300023: state = 1 < 2, we can not finish the simulation
2022-02-08 17:03:34,012 [simulator_env.py | 87] INFO: **************************************************
2022-02-08 17:03:34,012 [simulator_env.py | 91] INFO: cur time: 2022-02-08 07:10:00, pre time: 2022-02-08 07:00:00
2022-02-08 17:03:34,012 [simulator_env.py | 138] INFO: Start to update the input of 2022-02-08 07:10:00
2022-02-08 17:03:34,018 [simulator_env.py | 166] INFO: Get 8 unallocated orders, 8 ongoing orders, 37 completed orders.
2022-02-08 17:03:34,727 [simulator_env.py | 100] INFO: Finish the dispatch.
2022-02-08 17:03:34,729 [simulator_env.py | 272] INFO: 2022-02-08 07:10:00, Order 06585200044: state = 1 < 2, we can not finish the simulation
2022-02-08 17:03:34,729 [simulator_env.py | 87] INFO: **************************************************
2022-02-08 17:03:34,729 [simulator_env.py | 91] INFO: cur time: 2022-02-08 07:20:00, pre time: 2022-02-08 07:10:00
2022-02-08 17:03:34,729 [simulator_env.py | 138] INFO: Start to update the input of 2022-02-08 07:20:00
2022-02-08 17:03:34,734 [simulator_env.py | 166] INFO: Get 13 unallocated orders, 4 ongoing orders, 48 completed orders.
2022-02-08 17:03:35,549 [simulator_env.py | 100] INFO: Finish the dispatch.
2022-02-08 17:03:35,552 [simulator_env.py | 272] INFO: 2022-02-08 07:20:00, Order 07012800047: state = 1 < 2, we can not finish the simulation
2022-02-08 17:03:35,553 [simulator_env.py | 87] INFO: **************************************************
2022-02-08 17:03:35,553 [simulator_env.py | 91] INFO: cur time: 2022-02-08 07:30:00, pre time: 2022-02-08 07:20:00
2022-02-08 17:03:35,553 [simulator_env.py | 138] INFO: Start to update the input of 2022-02-08 07:30:00
2022-02-08 17:03:35,564 [simulator_env.py | 166] INFO: Get 10 unallocated orders, 7 ongoing orders, 56 completed orders.
2022-02-08 17:03:36,517 [simulator_env.py | 100] INFO: Finish the dispatch.
2022-02-08 17:03:36,519 [simulator_env.py | 272] INFO: 2022-02-08 07:30:00, Order 07144000058: state = 1 < 2, we can not finish the simulation
2022-02-08 17:03:36,520 [simulator_env.py | 87] INFO: **************************************************
2022-02-08 17:03:36,520 [simulator_env.py | 91] INFO: cur time: 2022-02-08 07:40:00, pre time: 2022-02-08 07:30:00
2022-02-08 17:03:36,521 [simulator_env.py | 138] INFO: Start to update the input of 2022-02-08 07:40:00
2022-02-08 17:03:36,527 [simulator_env.py | 166] INFO: Get 16 unallocated orders, 3 ongoing orders, 67 completed orders.
2022-02-08 17:03:37,643 [simulator_env.py | 100] INFO: Finish the dispatch.
2022-02-08 17:03:37,645 [simulator_env.py | 272] INFO: 2022-02-08 07:40:00, Order 07202400065: state = 1 < 2, we can not finish the simulation
2022-02-08 17:03:37,646 [simulator_env.py | 87] INFO: **************************************************
2022-02-08 17:03:37,646 [simulator_env.py | 91] INFO: cur time: 2022-02-08 07:50:00, pre time: 2022-02-08 07:40:00
2022-02-08 17:03:37,646 [simulator_env.py | 138] INFO: Start to update the input of 2022-02-08 07:50:00
2022-02-08 17:03:37,654 [simulator_env.py | 166] INFO: Get 16 unallocated orders, 10 ongoing orders, 71 completed orders.
2022-02-08 17:03:39,209 [simulator_env.py | 100] INFO: Finish the dispatch.
2022-02-08 17:03:39,213 [simulator_env.py | 272] INFO: 2022-02-08 07:50:00, Order 07300500073: state = 1 < 2, we can not finish the simulation
2022-02-08 17:03:39,214 [simulator_env.py | 87] INFO: **************************************************
2022-02-08 17:03:39,214 [simulator_env.py | 91] INFO: cur time: 2022-02-08 08:00:00, pre time: 2022-02-08 07:50:00
2022-02-08 17:03:39,214 [simulator_env.py | 138] INFO: Start to update the input of 2022-02-08 08:00:00
2022-02-08 17:03:39,224 [simulator_env.py | 166] INFO: Get 19 unallocated orders, 10 ongoing orders, 83 completed orders.
2022-02-08 17:03:41,145 [simulator_env.py | 100] INFO: Finish the dispatch.
2022-02-08 17:03:41,147 [simulator_env.py | 272] INFO: 2022-02-08 08:00:00, Order 07413900088: state = 1 < 2, we can not finish the simulation
2022-02-08 17:03:41,148 [simulator_env.py | 87] INFO: **************************************************
2022-02-08 17:03:41,149 [simulator_env.py | 91] INFO: cur time: 2022-02-08 08:10:00, pre time: 2022-02-08 08:00:00
2022-02-08 17:03:41,149 [simulator_env.py | 138] INFO: Start to update the input of 2022-02-08 08:10:00
2022-02-08 17:03:41,155 [simulator_env.py | 166] INFO: Get 26 unallocated orders, 7 ongoing orders, 99 completed orders.
2022-02-08 17:03:42,605 [simulator_env.py | 100] INFO: Finish the dispatch.
2022-02-08 17:03:42,607 [simulator_env.py | 272] INFO: 2022-02-08 08:10:00, Order 07430200089: state = 1 < 2, we can not finish the simulation
2022-02-08 17:03:42,608 [simulator_env.py | 87] INFO: **************************************************
2022-02-08 17:03:42,608 [simulator_env.py | 91] INFO: cur time: 2022-02-08 08:20:00, pre time: 2022-02-08 08:10:00
2022-02-08 17:03:42,608 [simulator_env.py | 138] INFO: Start to update the input of 2022-02-08 08:20:00
2022-02-08 17:03:42,617 [simulator_env.py | 166] INFO: Get 27 unallocated orders, 11 ongoing orders, 112 completed orders.
2022-02-08 17:03:43,576 [simulator_env.py | 100] INFO: Finish the dispatch.
2022-02-08 17:03:43,579 [simulator_env.py | 272] INFO: 2022-02-08 08:20:00, Order 08004000112: state = 1 < 2, we can not finish the simulation
2022-02-08 17:03:43,580 [simulator_env.py | 87] INFO: **************************************************
2022-02-08 17:03:43,580 [simulator_env.py | 91] INFO: cur time: 2022-02-08 08:30:00, pre time: 2022-02-08 08:20:00
2022-02-08 17:03:43,580 [simulator_env.py | 138] INFO: Start to update the input of 2022-02-08 08:30:00
2022-02-08 17:03:43,589 [simulator_env.py | 166] INFO: Get 24 unallocated orders, 13 ongoing orders, 133 completed orders.
2022-02-08 17:03:44,762 [simulator_env.py | 100] INFO: Finish the dispatch.
2022-02-08 17:03:44,766 [simulator_env.py | 272] INFO: 2022-02-08 08:30:00, Order 08105100133: state = 1 < 2, we can not finish the simulation
2022-02-08 17:03:44,767 [simulator_env.py | 87] INFO: **************************************************
2022-02-08 17:03:44,767 [simulator_env.py | 91] INFO: cur time: 2022-02-08 08:40:00, pre time: 2022-02-08 08:30:00
2022-02-08 17:03:44,767 [simulator_env.py | 138] INFO: Start to update the input of 2022-02-08 08:40:00
2022-02-08 17:03:44,779 [simulator_env.py | 166] INFO: Get 27 unallocated orders, 13 ongoing orders, 151 completed orders.
2022-02-08 17:03:46,056 [simulator_env.py | 100] INFO: Finish the dispatch.
2022-02-08 17:03:46,059 [simulator_env.py | 272] INFO: 2022-02-08 08:40:00, Order 08204200151: state = 1 < 2, we can not finish the simulation
2022-02-08 17:03:46,060 [simulator_env.py | 87] INFO: **************************************************
2022-02-08 17:03:46,060 [simulator_env.py | 91] INFO: cur time: 2022-02-08 08:50:00, pre time: 2022-02-08 08:40:00
2022-02-08 17:03:46,061 [simulator_env.py | 138] INFO: Start to update the input of 2022-02-08 08:50:00
2022-02-08 17:03:46,073 [simulator_env.py | 166] INFO: Get 25 unallocated orders, 16 ongoing orders, 167 completed orders.
2022-02-08 17:03:47,108 [simulator_env.py | 100] INFO: Finish the dispatch.
2022-02-08 17:03:47,110 [simulator_env.py | 272] INFO: 2022-02-08 08:50:00, Order 08302900170: state = 1 < 2, we can not finish the simulation
2022-02-08 17:03:47,111 [simulator_env.py | 87] INFO: **************************************************
2022-02-08 17:03:47,111 [simulator_env.py | 91] INFO: cur time: 2022-02-08 09:00:00, pre time: 2022-02-08 08:50:00
2022-02-08 17:03:47,111 [simulator_env.py | 138] INFO: Start to update the input of 2022-02-08 09:00:00
2022-02-08 17:03:47,122 [simulator_env.py | 166] INFO: Get 31 unallocated orders, 17 ongoing orders, 190 completed orders.
2022-02-08 17:03:48,311 [simulator_env.py | 100] INFO: Finish the dispatch.
2022-02-08 17:03:48,315 [simulator_env.py | 272] INFO: 2022-02-08 09:00:00, Order 08335900178: state = 1 < 2, we can not finish the simulation
2022-02-08 17:03:48,318 [simulator_env.py | 87] INFO: **************************************************
2022-02-08 17:03:48,318 [simulator_env.py | 91] INFO: cur time: 2022-02-08 09:10:00, pre time: 2022-02-08 09:00:00
2022-02-08 17:03:48,319 [simulator_env.py | 138] INFO: Start to update the input of 2022-02-08 09:10:00
2022-02-08 17:03:48,329 [simulator_env.py | 166] INFO: Get 40 unallocated orders, 14 ongoing orders, 216 completed orders.
2022-02-08 17:03:49,462 [simulator_env.py | 100] INFO: Finish the dispatch.
2022-02-08 17:03:49,465 [simulator_env.py | 272] INFO: 2022-02-08 09:10:00, Order 08503100208: state = 1 < 2, we can not finish the simulation
2022-02-08 17:03:49,466 [simulator_env.py | 87] INFO: **************************************************
2022-02-08 17:03:49,467 [simulator_env.py | 91] INFO: cur time: 2022-02-08 09:20:00, pre time: 2022-02-08 09:10:00
2022-02-08 17:03:49,467 [simulator_env.py | 138] INFO: Start to update the input of 2022-02-08 09:20:00
2022-02-08 17:03:49,480 [simulator_env.py | 166] INFO: Get 33 unallocated orders, 20 ongoing orders, 244 completed orders.
2022-02-08 17:03:50,769 [simulator_env.py | 100] INFO: Finish the dispatch.
2022-02-08 17:03:50,774 [simulator_env.py | 272] INFO: 2022-02-08 09:20:00, Order 09031000245: state = 1 < 2, we can not finish the simulation
2022-02-08 17:03:50,775 [simulator_env.py | 87] INFO: **************************************************
2022-02-08 17:03:50,775 [simulator_env.py | 91] INFO: cur time: 2022-02-08 09:30:00, pre time: 2022-02-08 09:20:00
2022-02-08 17:03:50,776 [simulator_env.py | 138] INFO: Start to update the input of 2022-02-08 09:30:00
2022-02-08 17:03:50,789 [simulator_env.py | 166] INFO: Get 50 unallocated orders, 12 ongoing orders, 269 completed orders.
2022-02-08 17:03:51,804 [simulator_env.py | 100] INFO: Finish the dispatch.
2022-02-08 17:03:51,806 [simulator_env.py | 272] INFO: 2022-02-08 09:30:00, Order 09031000245: state = 1 < 2, we can not finish the simulation
2022-02-08 17:03:51,807 [simulator_env.py | 87] INFO: **************************************************
2022-02-08 17:03:51,807 [simulator_env.py | 91] INFO: cur time: 2022-02-08 09:40:00, pre time: 2022-02-08 09:30:00
2022-02-08 17:03:51,807 [simulator_env.py | 138] INFO: Start to update the input of 2022-02-08 09:40:00
2022-02-08 17:03:51,820 [simulator_env.py | 166] INFO: Get 39 unallocated orders, 27 ongoing orders, 294 completed orders.
2022-02-08 17:03:52,885 [simulator_env.py | 100] INFO: Finish the dispatch.
2022-02-08 17:03:52,888 [simulator_env.py | 272] INFO: 2022-02-08 09:40:00, Order 09161100283: state = 1 < 2, we can not finish the simulation
2022-02-08 17:03:52,889 [simulator_env.py | 87] INFO: **************************************************
2022-02-08 17:03:52,889 [simulator_env.py | 91] INFO: cur time: 2022-02-08 09:50:00, pre time: 2022-02-08 09:40:00
2022-02-08 17:03:52,889 [simulator_env.py | 138] INFO: Start to update the input of 2022-02-08 09:50:00
2022-02-08 17:03:52,901 [simulator_env.py | 166] INFO: Get 42 unallocated orders, 21 ongoing orders, 328 completed orders.
2022-02-08 17:03:54,145 [simulator_env.py | 100] INFO: Finish the dispatch.
2022-02-08 17:03:54,150 [simulator_env.py | 272] INFO: 2022-02-08 09:50:00, Order 09304300332: state = 1 < 2, we can not finish the simulation
2022-02-08 17:03:54,152 [simulator_env.py | 87] INFO: **************************************************
2022-02-08 17:03:54,152 [simulator_env.py | 91] INFO: cur time: 2022-02-08 10:00:00, pre time: 2022-02-08 09:50:00
2022-02-08 17:03:54,152 [simulator_env.py | 138] INFO: Start to update the input of 2022-02-08 10:00:00
2022-02-08 17:03:54,168 [simulator_env.py | 166] INFO: Get 62 unallocated orders, 23 ongoing orders, 358 completed orders.
2022-02-08 17:03:55,377 [simulator_env.py | 100] INFO: Finish the dispatch.
2022-02-08 17:03:55,382 [simulator_env.py | 272] INFO: 2022-02-08 10:00:00, Order 09380800356: state = 1 < 2, we can not finish the simulation
2022-02-08 17:03:55,384 [simulator_env.py | 87] INFO: **************************************************
2022-02-08 17:03:55,385 [simulator_env.py | 91] INFO: cur time: 2022-02-08 10:10:00, pre time: 2022-02-08 10:00:00
2022-02-08 17:03:55,385 [simulator_env.py | 138] INFO: Start to update the input of 2022-02-08 10:10:00
2022-02-08 17:03:55,402 [simulator_env.py | 166] INFO: Get 64 unallocated orders, 28 ongoing orders, 391 completed orders.
2022-02-08 17:03:56,646 [simulator_env.py | 100] INFO: Finish the dispatch.
2022-02-08 17:03:56,650 [simulator_env.py | 272] INFO: 2022-02-08 10:10:00, Order 09503900393: state = 1 < 2, we can not finish the simulation
2022-02-08 17:03:56,651 [simulator_env.py | 87] INFO: **************************************************
2022-02-08 17:03:56,652 [simulator_env.py | 91] INFO: cur time: 2022-02-08 10:20:00, pre time: 2022-02-08 10:10:00
2022-02-08 17:03:56,652 [simulator_env.py | 138] INFO: Start to update the input of 2022-02-08 10:20:00
2022-02-08 17:03:56,670 [simulator_env.py | 166] INFO: Get 75 unallocated orders, 19 ongoing orders, 426 completed orders.
2022-02-08 17:03:57,543 [simulator_env.py | 100] INFO: Finish the dispatch.
2022-02-08 17:03:57,546 [simulator_env.py | 272] INFO: 2022-02-08 10:20:00, Order 09512200396: state = 1 < 2, we can not finish the simulation
2022-02-08 17:03:57,548 [simulator_env.py | 87] INFO: **************************************************
2022-02-08 17:03:57,548 [simulator_env.py | 91] INFO: cur time: 2022-02-08 10:30:00, pre time: 2022-02-08 10:20:00
2022-02-08 17:03:57,548 [simulator_env.py | 138] INFO: Start to update the input of 2022-02-08 10:30:00
2022-02-08 17:03:57,563 [simulator_env.py | 166] INFO: Get 71 unallocated orders, 23 ongoing orders, 463 completed orders.
2022-02-08 17:03:58,547 [simulator_env.py | 100] INFO: Finish the dispatch.
2022-02-08 17:03:58,551 [simulator_env.py | 272] INFO: 2022-02-08 10:30:00, Order 09571700430: state = 1 < 2, we can not finish the simulation
2022-02-08 17:03:58,553 [simulator_env.py | 87] INFO: **************************************************
2022-02-08 17:03:58,553 [simulator_env.py | 91] INFO: cur time: 2022-02-08 10:40:00, pre time: 2022-02-08 10:30:00
2022-02-08 17:03:58,553 [simulator_env.py | 138] INFO: Start to update the input of 2022-02-08 10:40:00
2022-02-08 17:03:58,568 [simulator_env.py | 166] INFO: Get 80 unallocated orders, 35 ongoing orders, 500 completed orders.
2022-02-08 17:03:59,583 [simulator_env.py | 100] INFO: Finish the dispatch.
2022-02-08 17:03:59,585 [checker.py      | 87] ERROR: driver D_27, returned destination id is Ghim Moh Market & Food Centre, however the origin destination id is 652296 Singapore.
2022-02-08 17:03:59,585 [checker.py      | 37] ERROR: Returned destination of driver D_27 is not valid
2022-02-08 17:03:59,585 [simulator_env.py | 104] ERROR: Dispatch result is infeasible
2022-02-08 17:03:59,845 [main.py         | 36] INFO: Score of instance_2: 9223372036854775807
