2022-02-14 21:57:11,473 [main.py         | 40] INFO: Start to run instance_2
2022-02-14 21:57:11,475 [simulator_api.py | 44] INFO: Start time of the simulator: 2022-02-14 06:00:00, time interval:  600.00
2022-02-14 21:57:11,725 [input_utils.py  | 36] INFO: Get 1158 locations
2022-02-14 21:59:33,615 [input_utils.py  | 40] INFO: Get 1340964 routes
2022-02-14 21:59:35,080 [input_utils.py  | 45] INFO: Get 60 drivers
2022-02-14 21:59:35,301 [input_utils.py  | 49] INFO: Get 1000 orders
2022-02-14 21:59:35,301 [simulator_api.py | 77] INFO: Initial position of D_1 is Bukit Timah Market & Food Centre
2022-02-14 21:59:35,301 [simulator_api.py | 77] INFO: Initial position of D_2 is Bukit Timah Market & Food Centre
2022-02-14 21:59:35,301 [simulator_api.py | 77] INFO: Initial position of D_3 is Ghim Moh Market & Food Centre
2022-02-14 21:59:35,301 [simulator_api.py | 77] INFO: Initial position of D_4 is Bukit Timah Market & Food Centre
2022-02-14 21:59:35,301 [simulator_api.py | 77] INFO: Initial position of D_5 is Alexandra Village Food Centre
2022-02-14 21:59:35,301 [simulator_api.py | 77] INFO: Initial position of D_6 is Bukit Timah Market & Food Centre
2022-02-14 21:59:35,301 [simulator_api.py | 77] INFO: Initial position of D_7 is Bukit Timah Market & Food Centre
2022-02-14 21:59:35,302 [simulator_api.py | 77] INFO: Initial position of D_8 is Bukit Timah Market & Food Centre
2022-02-14 21:59:35,302 [simulator_api.py | 77] INFO: Initial position of D_9 is Bukit Timah Market & Food Centre
2022-02-14 21:59:35,302 [simulator_api.py | 77] INFO: Initial position of D_10 is Bukit Timah Market & Food Centre
2022-02-14 21:59:35,302 [simulator_api.py | 77] INFO: Initial position of D_11 is Alexandra Village Food Centre
2022-02-14 21:59:35,302 [simulator_api.py | 77] INFO: Initial position of D_12 is Ghim Moh Market & Food Centre
2022-02-14 21:59:35,302 [simulator_api.py | 77] INFO: Initial position of D_13 is Alexandra Village Food Centre
2022-02-14 21:59:35,302 [simulator_api.py | 77] INFO: Initial position of D_14 is Ghim Moh Market & Food Centre
2022-02-14 21:59:35,302 [simulator_api.py | 77] INFO: Initial position of D_15 is Bukit Timah Market & Food Centre
2022-02-14 21:59:35,302 [simulator_api.py | 77] INFO: Initial position of D_16 is Ghim Moh Market & Food Centre
2022-02-14 21:59:35,302 [simulator_api.py | 77] INFO: Initial position of D_17 is Ghim Moh Market & Food Centre
2022-02-14 21:59:35,302 [simulator_api.py | 77] INFO: Initial position of D_18 is Alexandra Village Food Centre
2022-02-14 21:59:35,302 [simulator_api.py | 77] INFO: Initial position of D_19 is Bukit Timah Market & Food Centre
2022-02-14 21:59:35,304 [simulator_api.py | 77] INFO: Initial position of D_20 is Alexandra Village Food Centre
2022-02-14 21:59:35,304 [simulator_api.py | 77] INFO: Initial position of D_21 is Alexandra Village Food Centre
2022-02-14 21:59:35,304 [simulator_api.py | 77] INFO: Initial position of D_22 is Alexandra Village Food Centre
2022-02-14 21:59:35,305 [simulator_api.py | 77] INFO: Initial position of D_23 is Ghim Moh Market & Food Centre
2022-02-14 21:59:35,305 [simulator_api.py | 77] INFO: Initial position of D_24 is Bukit Timah Market & Food Centre
2022-02-14 21:59:35,305 [simulator_api.py | 77] INFO: Initial position of D_25 is Ghim Moh Market & Food Centre
2022-02-14 21:59:35,305 [simulator_api.py | 77] INFO: Initial position of D_26 is Alexandra Village Food Centre
2022-02-14 21:59:35,305 [simulator_api.py | 77] INFO: Initial position of D_27 is Ghim Moh Market & Food Centre
2022-02-14 21:59:35,305 [simulator_api.py | 77] INFO: Initial position of D_28 is Alexandra Village Food Centre
2022-02-14 21:59:35,305 [simulator_api.py | 77] INFO: Initial position of D_29 is Bukit Timah Market & Food Centre
2022-02-14 21:59:35,305 [simulator_api.py | 77] INFO: Initial position of D_30 is Bukit Timah Market & Food Centre
2022-02-14 21:59:35,305 [simulator_api.py | 77] INFO: Initial position of D_31 is Alexandra Village Food Centre
2022-02-14 21:59:35,306 [simulator_api.py | 77] INFO: Initial position of D_32 is Ghim Moh Market & Food Centre
2022-02-14 21:59:35,306 [simulator_api.py | 77] INFO: Initial position of D_33 is Bukit Timah Market & Food Centre
2022-02-14 21:59:35,306 [simulator_api.py | 77] INFO: Initial position of D_34 is Bukit Timah Market & Food Centre
2022-02-14 21:59:35,306 [simulator_api.py | 77] INFO: Initial position of D_35 is Bukit Timah Market & Food Centre
2022-02-14 21:59:35,307 [simulator_api.py | 77] INFO: Initial position of D_36 is Alexandra Village Food Centre
2022-02-14 21:59:35,307 [simulator_api.py | 77] INFO: Initial position of D_37 is Alexandra Village Food Centre
2022-02-14 21:59:35,307 [simulator_api.py | 77] INFO: Initial position of D_38 is Ghim Moh Market & Food Centre
2022-02-14 21:59:35,307 [simulator_api.py | 77] INFO: Initial position of D_39 is Alexandra Village Food Centre
2022-02-14 21:59:35,307 [simulator_api.py | 77] INFO: Initial position of D_40 is Bukit Timah Market & Food Centre
2022-02-14 21:59:35,307 [simulator_api.py | 77] INFO: Initial position of D_41 is Bukit Timah Market & Food Centre
2022-02-14 21:59:35,307 [simulator_api.py | 77] INFO: Initial position of D_42 is Alexandra Village Food Centre
2022-02-14 21:59:35,308 [simulator_api.py | 77] INFO: Initial position of D_43 is Bukit Timah Market & Food Centre
2022-02-14 21:59:35,308 [simulator_api.py | 77] INFO: Initial position of D_44 is Ghim Moh Market & Food Centre
2022-02-14 21:59:35,309 [simulator_api.py | 77] INFO: Initial position of D_45 is Alexandra Village Food Centre
2022-02-14 21:59:35,309 [simulator_api.py | 77] INFO: Initial position of D_46 is Ghim Moh Market & Food Centre
2022-02-14 21:59:35,309 [simulator_api.py | 77] INFO: Initial position of D_47 is Ghim Moh Market & Food Centre
2022-02-14 21:59:35,309 [simulator_api.py | 77] INFO: Initial position of D_48 is Alexandra Village Food Centre
2022-02-14 21:59:35,309 [simulator_api.py | 77] INFO: Initial position of D_49 is Bukit Timah Market & Food Centre
2022-02-14 21:59:35,309 [simulator_api.py | 77] INFO: Initial position of D_50 is Alexandra Village Food Centre
2022-02-14 21:59:35,309 [simulator_api.py | 77] INFO: Initial position of D_51 is Alexandra Village Food Centre
2022-02-14 21:59:35,309 [simulator_api.py | 77] INFO: Initial position of D_52 is Alexandra Village Food Centre
2022-02-14 21:59:35,309 [simulator_api.py | 77] INFO: Initial position of D_53 is Ghim Moh Market & Food Centre
2022-02-14 21:59:35,309 [simulator_api.py | 77] INFO: Initial position of D_54 is Alexandra Village Food Centre
2022-02-14 21:59:35,309 [simulator_api.py | 77] INFO: Initial position of D_55 is Bukit Timah Market & Food Centre
2022-02-14 21:59:35,309 [simulator_api.py | 77] INFO: Initial position of D_56 is Bukit Timah Market & Food Centre
2022-02-14 21:59:35,309 [simulator_api.py | 77] INFO: Initial position of D_57 is Ghim Moh Market & Food Centre
2022-02-14 21:59:35,310 [simulator_api.py | 77] INFO: Initial position of D_58 is Alexandra Village Food Centre
2022-02-14 21:59:35,310 [simulator_api.py | 77] INFO: Initial position of D_59 is Bukit Timah Market & Food Centre
2022-02-14 21:59:35,310 [simulator_api.py | 77] INFO: Initial position of D_60 is Alexandra Village Food Centre
2022-02-14 21:59:35,321 [simulator_env.py | 87] INFO: **************************************************
2022-02-14 21:59:35,321 [simulator_env.py | 91] INFO: cur time: 2022-02-14 06:10:00, pre time: 2022-02-14 06:00:00
2022-02-14 21:59:35,321 [simulator_env.py | 138] INFO: Start to update the input of 2022-02-14 06:10:00
2022-02-14 21:59:35,323 [simulator_env.py | 166] INFO: Get 0 unallocated orders, 0 ongoing orders, 0 completed orders.
2022-02-14 21:59:36,963 [simulator_env.py | 100] INFO: Finish the dispatch.
2022-02-14 21:59:36,964 [simulator_env.py | 272] INFO: 2022-02-14 06:10:00, Order 09003400000: state = 0 < 2, we can not finish the simulation
2022-02-14 21:59:36,965 [simulator_env.py | 87] INFO: **************************************************
2022-02-14 21:59:36,965 [simulator_env.py | 91] INFO: cur time: 2022-02-14 06:20:00, pre time: 2022-02-14 06:10:00
2022-02-14 21:59:36,965 [simulator_env.py | 138] INFO: Start to update the input of 2022-02-14 06:20:00
2022-02-14 21:59:36,969 [simulator_env.py | 166] INFO: Get 0 unallocated orders, 0 ongoing orders, 0 completed orders.
2022-02-14 21:59:37,777 [simulator_env.py | 100] INFO: Finish the dispatch.
2022-02-14 21:59:37,778 [simulator_env.py | 272] INFO: 2022-02-14 06:20:00, Order 09003400000: state = 0 < 2, we can not finish the simulation
2022-02-14 21:59:37,779 [simulator_env.py | 87] INFO: **************************************************
2022-02-14 21:59:37,779 [simulator_env.py | 91] INFO: cur time: 2022-02-14 06:30:00, pre time: 2022-02-14 06:20:00
2022-02-14 21:59:37,779 [simulator_env.py | 138] INFO: Start to update the input of 2022-02-14 06:30:00
2022-02-14 21:59:37,782 [simulator_env.py | 166] INFO: Get 0 unallocated orders, 0 ongoing orders, 0 completed orders.
2022-02-14 21:59:38,446 [simulator_env.py | 100] INFO: Finish the dispatch.
2022-02-14 21:59:38,447 [simulator_env.py | 272] INFO: 2022-02-14 06:30:00, Order 09003400000: state = 0 < 2, we can not finish the simulation
2022-02-14 21:59:38,447 [simulator_env.py | 87] INFO: **************************************************
2022-02-14 21:59:38,447 [simulator_env.py | 91] INFO: cur time: 2022-02-14 06:40:00, pre time: 2022-02-14 06:30:00
2022-02-14 21:59:38,447 [simulator_env.py | 138] INFO: Start to update the input of 2022-02-14 06:40:00
2022-02-14 21:59:38,450 [simulator_env.py | 166] INFO: Get 0 unallocated orders, 0 ongoing orders, 0 completed orders.
2022-02-14 21:59:39,178 [simulator_env.py | 100] INFO: Finish the dispatch.
2022-02-14 21:59:39,178 [simulator_env.py | 272] INFO: 2022-02-14 06:40:00, Order 09003400000: state = 0 < 2, we can not finish the simulation
2022-02-14 21:59:39,179 [simulator_env.py | 87] INFO: **************************************************
2022-02-14 21:59:39,179 [simulator_env.py | 91] INFO: cur time: 2022-02-14 06:50:00, pre time: 2022-02-14 06:40:00
2022-02-14 21:59:39,179 [simulator_env.py | 138] INFO: Start to update the input of 2022-02-14 06:50:00
2022-02-14 21:59:39,183 [simulator_env.py | 166] INFO: Get 0 unallocated orders, 0 ongoing orders, 0 completed orders.
2022-02-14 21:59:39,855 [simulator_env.py | 100] INFO: Finish the dispatch.
2022-02-14 21:59:39,856 [simulator_env.py | 272] INFO: 2022-02-14 06:50:00, Order 09003400000: state = 0 < 2, we can not finish the simulation
2022-02-14 21:59:39,856 [simulator_env.py | 87] INFO: **************************************************
2022-02-14 21:59:39,856 [simulator_env.py | 91] INFO: cur time: 2022-02-14 07:00:00, pre time: 2022-02-14 06:50:00
2022-02-14 21:59:39,856 [simulator_env.py | 138] INFO: Start to update the input of 2022-02-14 07:00:00
2022-02-14 21:59:39,859 [simulator_env.py | 166] INFO: Get 0 unallocated orders, 0 ongoing orders, 0 completed orders.
2022-02-14 21:59:40,572 [simulator_env.py | 100] INFO: Finish the dispatch.
2022-02-14 21:59:40,573 [simulator_env.py | 272] INFO: 2022-02-14 07:00:00, Order 09003400000: state = 0 < 2, we can not finish the simulation
2022-02-14 21:59:40,574 [simulator_env.py | 87] INFO: **************************************************
2022-02-14 21:59:40,574 [simulator_env.py | 91] INFO: cur time: 2022-02-14 07:10:00, pre time: 2022-02-14 07:00:00
2022-02-14 21:59:40,574 [simulator_env.py | 138] INFO: Start to update the input of 2022-02-14 07:10:00
2022-02-14 21:59:40,578 [simulator_env.py | 166] INFO: Get 0 unallocated orders, 0 ongoing orders, 0 completed orders.
2022-02-14 21:59:41,260 [simulator_env.py | 100] INFO: Finish the dispatch.
2022-02-14 21:59:41,261 [simulator_env.py | 272] INFO: 2022-02-14 07:10:00, Order 09003400000: state = 0 < 2, we can not finish the simulation
2022-02-14 21:59:41,261 [simulator_env.py | 87] INFO: **************************************************
2022-02-14 21:59:41,261 [simulator_env.py | 91] INFO: cur time: 2022-02-14 07:20:00, pre time: 2022-02-14 07:10:00
2022-02-14 21:59:41,261 [simulator_env.py | 138] INFO: Start to update the input of 2022-02-14 07:20:00
2022-02-14 21:59:41,265 [simulator_env.py | 166] INFO: Get 0 unallocated orders, 0 ongoing orders, 0 completed orders.
2022-02-14 21:59:42,020 [simulator_env.py | 100] INFO: Finish the dispatch.
2022-02-14 21:59:42,021 [simulator_env.py | 272] INFO: 2022-02-14 07:20:00, Order 09003400000: state = 0 < 2, we can not finish the simulation
2022-02-14 21:59:42,022 [simulator_env.py | 87] INFO: **************************************************
2022-02-14 21:59:42,023 [simulator_env.py | 91] INFO: cur time: 2022-02-14 07:30:00, pre time: 2022-02-14 07:20:00
2022-02-14 21:59:42,023 [simulator_env.py | 138] INFO: Start to update the input of 2022-02-14 07:30:00
2022-02-14 21:59:42,027 [simulator_env.py | 166] INFO: Get 0 unallocated orders, 0 ongoing orders, 0 completed orders.
2022-02-14 21:59:42,841 [simulator_env.py | 100] INFO: Finish the dispatch.
2022-02-14 21:59:42,842 [simulator_env.py | 272] INFO: 2022-02-14 07:30:00, Order 09003400000: state = 0 < 2, we can not finish the simulation
2022-02-14 21:59:42,843 [simulator_env.py | 87] INFO: **************************************************
2022-02-14 21:59:42,843 [simulator_env.py | 91] INFO: cur time: 2022-02-14 07:40:00, pre time: 2022-02-14 07:30:00
2022-02-14 21:59:42,843 [simulator_env.py | 138] INFO: Start to update the input of 2022-02-14 07:40:00
2022-02-14 21:59:42,845 [simulator_env.py | 166] INFO: Get 0 unallocated orders, 0 ongoing orders, 0 completed orders.
2022-02-14 21:59:44,010 [simulator_env.py | 100] INFO: Finish the dispatch.
2022-02-14 21:59:44,011 [simulator_env.py | 272] INFO: 2022-02-14 07:40:00, Order 09003400000: state = 0 < 2, we can not finish the simulation
2022-02-14 21:59:44,011 [simulator_env.py | 87] INFO: **************************************************
2022-02-14 21:59:44,011 [simulator_env.py | 91] INFO: cur time: 2022-02-14 07:50:00, pre time: 2022-02-14 07:40:00
2022-02-14 21:59:44,011 [simulator_env.py | 138] INFO: Start to update the input of 2022-02-14 07:50:00
2022-02-14 21:59:44,013 [simulator_env.py | 166] INFO: Get 0 unallocated orders, 0 ongoing orders, 0 completed orders.
2022-02-14 21:59:44,961 [simulator_env.py | 100] INFO: Finish the dispatch.
2022-02-14 21:59:44,961 [simulator_env.py | 272] INFO: 2022-02-14 07:50:00, Order 09003400000: state = 0 < 2, we can not finish the simulation
2022-02-14 21:59:44,962 [simulator_env.py | 87] INFO: **************************************************
2022-02-14 21:59:44,962 [simulator_env.py | 91] INFO: cur time: 2022-02-14 08:00:00, pre time: 2022-02-14 07:50:00
2022-02-14 21:59:44,962 [simulator_env.py | 138] INFO: Start to update the input of 2022-02-14 08:00:00
2022-02-14 21:59:44,965 [simulator_env.py | 166] INFO: Get 0 unallocated orders, 0 ongoing orders, 0 completed orders.
2022-02-14 21:59:45,819 [simulator_env.py | 100] INFO: Finish the dispatch.
2022-02-14 21:59:45,820 [simulator_env.py | 272] INFO: 2022-02-14 08:00:00, Order 09003400000: state = 0 < 2, we can not finish the simulation
2022-02-14 21:59:45,821 [simulator_env.py | 87] INFO: **************************************************
2022-02-14 21:59:45,821 [simulator_env.py | 91] INFO: cur time: 2022-02-14 08:10:00, pre time: 2022-02-14 08:00:00
2022-02-14 21:59:45,821 [simulator_env.py | 138] INFO: Start to update the input of 2022-02-14 08:10:00
2022-02-14 21:59:45,824 [simulator_env.py | 166] INFO: Get 0 unallocated orders, 0 ongoing orders, 0 completed orders.
2022-02-14 21:59:46,680 [simulator_env.py | 100] INFO: Finish the dispatch.
2022-02-14 21:59:46,681 [simulator_env.py | 272] INFO: 2022-02-14 08:10:00, Order 09003400000: state = 0 < 2, we can not finish the simulation
2022-02-14 21:59:46,681 [simulator_env.py | 87] INFO: **************************************************
2022-02-14 21:59:46,681 [simulator_env.py | 91] INFO: cur time: 2022-02-14 08:20:00, pre time: 2022-02-14 08:10:00
2022-02-14 21:59:46,681 [simulator_env.py | 138] INFO: Start to update the input of 2022-02-14 08:20:00
2022-02-14 21:59:46,686 [simulator_env.py | 166] INFO: Get 0 unallocated orders, 0 ongoing orders, 0 completed orders.
2022-02-14 21:59:47,456 [simulator_env.py | 100] INFO: Finish the dispatch.
2022-02-14 21:59:47,457 [simulator_env.py | 272] INFO: 2022-02-14 08:20:00, Order 09003400000: state = 0 < 2, we can not finish the simulation
2022-02-14 21:59:47,457 [simulator_env.py | 87] INFO: **************************************************
2022-02-14 21:59:47,457 [simulator_env.py | 91] INFO: cur time: 2022-02-14 08:30:00, pre time: 2022-02-14 08:20:00
2022-02-14 21:59:47,457 [simulator_env.py | 138] INFO: Start to update the input of 2022-02-14 08:30:00
2022-02-14 21:59:47,460 [simulator_env.py | 166] INFO: Get 0 unallocated orders, 0 ongoing orders, 0 completed orders.
2022-02-14 21:59:48,387 [simulator_env.py | 100] INFO: Finish the dispatch.
2022-02-14 21:59:48,388 [simulator_env.py | 272] INFO: 2022-02-14 08:30:00, Order 09003400000: state = 0 < 2, we can not finish the simulation
2022-02-14 21:59:48,388 [simulator_env.py | 87] INFO: **************************************************
2022-02-14 21:59:48,388 [simulator_env.py | 91] INFO: cur time: 2022-02-14 08:40:00, pre time: 2022-02-14 08:30:00
2022-02-14 21:59:48,388 [simulator_env.py | 138] INFO: Start to update the input of 2022-02-14 08:40:00
2022-02-14 21:59:48,391 [simulator_env.py | 166] INFO: Get 0 unallocated orders, 0 ongoing orders, 0 completed orders.
2022-02-14 21:59:49,414 [simulator_env.py | 100] INFO: Finish the dispatch.
2022-02-14 21:59:49,416 [simulator_env.py | 272] INFO: 2022-02-14 08:40:00, Order 09003400000: state = 0 < 2, we can not finish the simulation
2022-02-14 21:59:49,417 [simulator_env.py | 87] INFO: **************************************************
2022-02-14 21:59:49,417 [simulator_env.py | 91] INFO: cur time: 2022-02-14 08:50:00, pre time: 2022-02-14 08:40:00
2022-02-14 21:59:49,417 [simulator_env.py | 138] INFO: Start to update the input of 2022-02-14 08:50:00
2022-02-14 21:59:49,421 [simulator_env.py | 166] INFO: Get 0 unallocated orders, 0 ongoing orders, 0 completed orders.
2022-02-14 21:59:50,412 [simulator_env.py | 100] INFO: Finish the dispatch.
2022-02-14 21:59:50,413 [simulator_env.py | 272] INFO: 2022-02-14 08:50:00, Order 09003400000: state = 0 < 2, we can not finish the simulation
2022-02-14 21:59:50,414 [simulator_env.py | 87] INFO: **************************************************
2022-02-14 21:59:50,414 [simulator_env.py | 91] INFO: cur time: 2022-02-14 09:00:00, pre time: 2022-02-14 08:50:00
2022-02-14 21:59:50,414 [simulator_env.py | 138] INFO: Start to update the input of 2022-02-14 09:00:00
2022-02-14 21:59:50,417 [simulator_env.py | 166] INFO: Get 0 unallocated orders, 0 ongoing orders, 0 completed orders.
2022-02-14 21:59:51,327 [simulator_env.py | 100] INFO: Finish the dispatch.
2022-02-14 21:59:51,327 [simulator_env.py | 272] INFO: 2022-02-14 09:00:00, Order 09003400000: state = 0 < 2, we can not finish the simulation
2022-02-14 21:59:51,328 [simulator_env.py | 87] INFO: **************************************************
2022-02-14 21:59:51,328 [simulator_env.py | 91] INFO: cur time: 2022-02-14 09:10:00, pre time: 2022-02-14 09:00:00
2022-02-14 21:59:51,328 [simulator_env.py | 138] INFO: Start to update the input of 2022-02-14 09:10:00
2022-02-14 21:59:51,330 [simulator_env.py | 166] INFO: Get 30 unallocated orders, 0 ongoing orders, 0 completed orders.
2022-02-14 21:59:52,241 [simulator_env.py | 100] INFO: Finish the dispatch.
2022-02-14 21:59:52,243 [simulator_env.py | 272] INFO: 2022-02-14 09:10:00, Order 09003400000: state = 1 < 2, we can not finish the simulation
2022-02-14 21:59:52,243 [simulator_env.py | 87] INFO: **************************************************
2022-02-14 21:59:52,243 [simulator_env.py | 91] INFO: cur time: 2022-02-14 09:20:00, pre time: 2022-02-14 09:10:00
2022-02-14 21:59:52,243 [simulator_env.py | 138] INFO: Start to update the input of 2022-02-14 09:20:00
2022-02-14 21:59:52,250 [simulator_env.py | 166] INFO: Get 42 unallocated orders, 15 ongoing orders, 8 completed orders.
2022-02-14 21:59:53,326 [simulator_env.py | 100] INFO: Finish the dispatch.
2022-02-14 21:59:53,328 [simulator_env.py | 272] INFO: 2022-02-14 09:20:00, Order 09004600002: state = 1 < 2, we can not finish the simulation
2022-02-14 21:59:53,329 [simulator_env.py | 87] INFO: **************************************************
2022-02-14 21:59:53,329 [simulator_env.py | 91] INFO: cur time: 2022-02-14 09:30:00, pre time: 2022-02-14 09:20:00
2022-02-14 21:59:53,329 [simulator_env.py | 138] INFO: Start to update the input of 2022-02-14 09:30:00
2022-02-14 21:59:53,336 [simulator_env.py | 166] INFO: Get 37 unallocated orders, 16 ongoing orders, 43 completed orders.
2022-02-14 21:59:54,253 [simulator_env.py | 100] INFO: Finish the dispatch.
2022-02-14 21:59:54,256 [simulator_env.py | 272] INFO: 2022-02-14 09:30:00, Order 09100600030: state = 1 < 2, we can not finish the simulation
2022-02-14 21:59:54,257 [simulator_env.py | 87] INFO: **************************************************
2022-02-14 21:59:54,257 [simulator_env.py | 91] INFO: cur time: 2022-02-14 09:40:00, pre time: 2022-02-14 09:30:00
2022-02-14 21:59:54,257 [simulator_env.py | 138] INFO: Start to update the input of 2022-02-14 09:40:00
2022-02-14 21:59:54,271 [simulator_env.py | 166] INFO: Get 23 unallocated orders, 23 ongoing orders, 71 completed orders.
2022-02-14 21:59:55,307 [simulator_env.py | 100] INFO: Finish the dispatch.
2022-02-14 21:59:55,309 [simulator_env.py | 272] INFO: 2022-02-14 09:40:00, Order 09280300088: state = 1 < 2, we can not finish the simulation
2022-02-14 21:59:55,310 [simulator_env.py | 87] INFO: **************************************************
2022-02-14 21:59:55,310 [simulator_env.py | 91] INFO: cur time: 2022-02-14 09:50:00, pre time: 2022-02-14 09:40:00
2022-02-14 21:59:55,310 [simulator_env.py | 138] INFO: Start to update the input of 2022-02-14 09:50:00
2022-02-14 21:59:55,319 [simulator_env.py | 166] INFO: Get 41 unallocated orders, 13 ongoing orders, 101 completed orders.
2022-02-14 21:59:56,185 [simulator_env.py | 100] INFO: Finish the dispatch.
2022-02-14 21:59:56,188 [simulator_env.py | 272] INFO: 2022-02-14 09:50:00, Order 09324900101: state = 1 < 2, we can not finish the simulation
2022-02-14 21:59:56,189 [simulator_env.py | 87] INFO: **************************************************
2022-02-14 21:59:56,189 [simulator_env.py | 91] INFO: cur time: 2022-02-14 10:00:00, pre time: 2022-02-14 09:50:00
2022-02-14 21:59:56,189 [simulator_env.py | 138] INFO: Start to update the input of 2022-02-14 10:00:00
2022-02-14 21:59:56,200 [simulator_env.py | 166] INFO: Get 45 unallocated orders, 25 ongoing orders, 126 completed orders.
2022-02-14 21:59:57,231 [simulator_env.py | 100] INFO: Finish the dispatch.
2022-02-14 21:59:57,234 [simulator_env.py | 272] INFO: 2022-02-14 10:00:00, Order 09410200121: state = 1 < 2, we can not finish the simulation
2022-02-14 21:59:57,237 [simulator_env.py | 87] INFO: **************************************************
2022-02-14 21:59:57,237 [simulator_env.py | 91] INFO: cur time: 2022-02-14 10:10:00, pre time: 2022-02-14 10:00:00
2022-02-14 21:59:57,238 [simulator_env.py | 138] INFO: Start to update the input of 2022-02-14 10:10:00
2022-02-14 21:59:57,253 [simulator_env.py | 166] INFO: Get 51 unallocated orders, 19 ongoing orders, 163 completed orders.
2022-02-14 21:59:58,078 [simulator_env.py | 100] INFO: Finish the dispatch.
2022-02-14 21:59:58,080 [simulator_env.py | 272] INFO: 2022-02-14 10:10:00, Order 09521300164: state = 1 < 2, we can not finish the simulation
2022-02-14 21:59:58,081 [simulator_env.py | 87] INFO: **************************************************
2022-02-14 21:59:58,081 [simulator_env.py | 91] INFO: cur time: 2022-02-14 10:20:00, pre time: 2022-02-14 10:10:00
2022-02-14 21:59:58,081 [simulator_env.py | 138] INFO: Start to update the input of 2022-02-14 10:20:00
2022-02-14 21:59:58,093 [simulator_env.py | 166] INFO: Get 60 unallocated orders, 30 ongoing orders, 193 completed orders.
2022-02-14 21:59:59,180 [simulator_env.py | 100] INFO: Finish the dispatch.
2022-02-14 21:59:59,184 [simulator_env.py | 272] INFO: 2022-02-14 10:20:00, Order 09521400165: state = 1 < 2, we can not finish the simulation
2022-02-14 21:59:59,185 [simulator_env.py | 87] INFO: **************************************************
2022-02-14 21:59:59,186 [simulator_env.py | 91] INFO: cur time: 2022-02-14 10:30:00, pre time: 2022-02-14 10:20:00
2022-02-14 21:59:59,186 [simulator_env.py | 138] INFO: Start to update the input of 2022-02-14 10:30:00
2022-02-14 21:59:59,202 [simulator_env.py | 166] INFO: Get 51 unallocated orders, 31 ongoing orders, 234 completed orders.
2022-02-14 22:00:00,256 [simulator_env.py | 100] INFO: Finish the dispatch.
2022-02-14 22:00:00,273 [simulator_env.py | 272] INFO: 2022-02-14 10:30:00, Order 10100800234: state = 1 < 2, we can not finish the simulation
2022-02-14 22:00:00,275 [simulator_env.py | 87] INFO: **************************************************
2022-02-14 22:00:00,275 [simulator_env.py | 91] INFO: cur time: 2022-02-14 10:40:00, pre time: 2022-02-14 10:30:00
2022-02-14 22:00:00,275 [simulator_env.py | 138] INFO: Start to update the input of 2022-02-14 10:40:00
2022-02-14 22:00:00,289 [simulator_env.py | 166] INFO: Get 58 unallocated orders, 25 ongoing orders, 278 completed orders.
2022-02-14 22:00:01,299 [simulator_env.py | 100] INFO: Finish the dispatch.
2022-02-14 22:00:01,302 [simulator_env.py | 272] INFO: 2022-02-14 10:40:00, Order 10201700283: state = 1 < 2, we can not finish the simulation
2022-02-14 22:00:01,303 [simulator_env.py | 87] INFO: **************************************************
2022-02-14 22:00:01,303 [simulator_env.py | 91] INFO: cur time: 2022-02-14 10:50:00, pre time: 2022-02-14 10:40:00
2022-02-14 22:00:01,303 [simulator_env.py | 138] INFO: Start to update the input of 2022-02-14 10:50:00
2022-02-14 22:00:01,315 [simulator_env.py | 166] INFO: Get 60 unallocated orders, 28 ongoing orders, 314 completed orders.
2022-02-14 22:00:02,183 [simulator_env.py | 100] INFO: Finish the dispatch.
2022-02-14 22:00:02,187 [simulator_env.py | 272] INFO: 2022-02-14 10:50:00, Order 10251300297: state = 1 < 2, we can not finish the simulation
2022-02-14 22:00:02,188 [simulator_env.py | 87] INFO: **************************************************
2022-02-14 22:00:02,188 [simulator_env.py | 91] INFO: cur time: 2022-02-14 11:00:00, pre time: 2022-02-14 10:50:00
2022-02-14 22:00:02,188 [simulator_env.py | 138] INFO: Start to update the input of 2022-02-14 11:00:00
2022-02-14 22:00:02,203 [simulator_env.py | 166] INFO: Get 73 unallocated orders, 17 ongoing orders, 361 completed orders.
2022-02-14 22:00:03,236 [simulator_env.py | 100] INFO: Finish the dispatch.
2022-02-14 22:00:03,239 [simulator_env.py | 272] INFO: 2022-02-14 11:00:00, Order 10285500312: state = 1 < 2, we can not finish the simulation
2022-02-14 22:00:03,240 [simulator_env.py | 87] INFO: **************************************************
2022-02-14 22:00:03,240 [simulator_env.py | 91] INFO: cur time: 2022-02-14 11:10:00, pre time: 2022-02-14 11:00:00
2022-02-14 22:00:03,240 [simulator_env.py | 138] INFO: Start to update the input of 2022-02-14 11:10:00
2022-02-14 22:00:03,253 [simulator_env.py | 166] INFO: Get 66 unallocated orders, 28 ongoing orders, 401 completed orders.
2022-02-14 22:00:04,081 [simulator_env.py | 100] INFO: Finish the dispatch.
2022-02-14 22:00:04,085 [simulator_env.py | 272] INFO: 2022-02-14 11:10:00, Order 10432000377: state = 1 < 2, we can not finish the simulation
2022-02-14 22:00:04,089 [simulator_env.py | 87] INFO: **************************************************
2022-02-14 22:00:04,090 [simulator_env.py | 91] INFO: cur time: 2022-02-14 11:20:00, pre time: 2022-02-14 11:10:00
2022-02-14 22:00:04,092 [simulator_env.py | 138] INFO: Start to update the input of 2022-02-14 11:20:00
2022-02-14 22:00:04,105 [simulator_env.py | 166] INFO: Get 64 unallocated orders, 32 ongoing orders, 444 completed orders.
2022-02-14 22:00:05,287 [simulator_env.py | 100] INFO: Finish the dispatch.
2022-02-14 22:00:05,291 [simulator_env.py | 272] INFO: 2022-02-14 11:20:00, Order 10592600447: state = 1 < 2, we can not finish the simulation
2022-02-14 22:00:05,292 [simulator_env.py | 87] INFO: **************************************************
2022-02-14 22:00:05,293 [simulator_env.py | 91] INFO: cur time: 2022-02-14 11:30:00, pre time: 2022-02-14 11:20:00
2022-02-14 22:00:05,293 [simulator_env.py | 138] INFO: Start to update the input of 2022-02-14 11:30:00
2022-02-14 22:00:05,303 [simulator_env.py | 166] INFO: Get 68 unallocated orders, 21 ongoing orders, 490 completed orders.
2022-02-14 22:00:06,400 [simulator_env.py | 100] INFO: Finish the dispatch.
2022-02-14 22:00:06,404 [simulator_env.py | 272] INFO: 2022-02-14 11:30:00, Order 11031800465: state = 1 < 2, we can not finish the simulation
2022-02-14 22:00:06,406 [simulator_env.py | 87] INFO: **************************************************
2022-02-14 22:00:06,406 [simulator_env.py | 91] INFO: cur time: 2022-02-14 11:40:00, pre time: 2022-02-14 11:30:00
2022-02-14 22:00:06,406 [simulator_env.py | 138] INFO: Start to update the input of 2022-02-14 11:40:00
2022-02-14 22:00:06,422 [simulator_env.py | 166] INFO: Get 52 unallocated orders, 34 ongoing orders, 526 completed orders.
2022-02-14 22:00:07,355 [simulator_env.py | 100] INFO: Finish the dispatch.
2022-02-14 22:00:07,360 [simulator_env.py | 272] INFO: 2022-02-14 11:40:00, Order 11130300509: state = 1 < 2, we can not finish the simulation
2022-02-14 22:00:07,362 [simulator_env.py | 87] INFO: **************************************************
2022-02-14 22:00:07,362 [simulator_env.py | 91] INFO: cur time: 2022-02-14 11:50:00, pre time: 2022-02-14 11:40:00
2022-02-14 22:00:07,362 [simulator_env.py | 138] INFO: Start to update the input of 2022-02-14 11:50:00
2022-02-14 22:00:07,377 [simulator_env.py | 166] INFO: Get 49 unallocated orders, 27 ongoing orders, 570 completed orders.
2022-02-14 22:00:08,409 [simulator_env.py | 100] INFO: Finish the dispatch.
2022-02-14 22:00:08,414 [simulator_env.py | 272] INFO: 2022-02-14 11:50:00, Order 11272500568: state = 1 < 2, we can not finish the simulation
2022-02-14 22:00:08,416 [simulator_env.py | 87] INFO: **************************************************
2022-02-14 22:00:08,416 [simulator_env.py | 91] INFO: cur time: 2022-02-14 12:00:00, pre time: 2022-02-14 11:50:00
2022-02-14 22:00:08,416 [simulator_env.py | 138] INFO: Start to update the input of 2022-02-14 12:00:00
2022-02-14 22:00:08,431 [simulator_env.py | 166] INFO: Get 56 unallocated orders, 21 ongoing orders, 612 completed orders.
2022-02-14 22:00:09,471 [simulator_env.py | 100] INFO: Finish the dispatch.
2022-02-14 22:00:09,475 [simulator_env.py | 272] INFO: 2022-02-14 12:00:00, Order 11392900608: state = 1 < 2, we can not finish the simulation
2022-02-14 22:00:09,476 [simulator_env.py | 87] INFO: **************************************************
2022-02-14 22:00:09,477 [simulator_env.py | 91] INFO: cur time: 2022-02-14 12:10:00, pre time: 2022-02-14 12:00:00
2022-02-14 22:00:09,477 [simulator_env.py | 138] INFO: Start to update the input of 2022-02-14 12:10:00
2022-02-14 22:00:09,488 [simulator_env.py | 166] INFO: Get 46 unallocated orders, 26 ongoing orders, 645 completed orders.
2022-02-14 22:00:10,306 [simulator_env.py | 100] INFO: Finish the dispatch.
2022-02-14 22:00:10,311 [simulator_env.py | 272] INFO: 2022-02-14 12:10:00, Order 11422500619: state = 1 < 2, we can not finish the simulation
2022-02-14 22:00:10,313 [simulator_env.py | 87] INFO: **************************************************
2022-02-14 22:00:10,313 [simulator_env.py | 91] INFO: cur time: 2022-02-14 12:20:00, pre time: 2022-02-14 12:10:00
2022-02-14 22:00:10,313 [simulator_env.py | 138] INFO: Start to update the input of 2022-02-14 12:20:00
2022-02-14 22:00:10,326 [simulator_env.py | 166] INFO: Get 25 unallocated orders, 23 ongoing orders, 684 completed orders.
2022-02-14 22:00:11,145 [simulator_env.py | 100] INFO: Finish the dispatch.
2022-02-14 22:00:11,148 [simulator_env.py | 272] INFO: 2022-02-14 12:20:00, Order 11562400678: state = 1 < 2, we can not finish the simulation
2022-02-14 22:00:11,149 [simulator_env.py | 87] INFO: **************************************************
2022-02-14 22:00:11,149 [simulator_env.py | 91] INFO: cur time: 2022-02-14 12:30:00, pre time: 2022-02-14 12:20:00
2022-02-14 22:00:11,149 [simulator_env.py | 138] INFO: Start to update the input of 2022-02-14 12:30:00
2022-02-14 22:00:11,157 [simulator_env.py | 166] INFO: Get 23 unallocated orders, 9 ongoing orders, 722 completed orders.
2022-02-14 22:00:12,191 [simulator_env.py | 100] INFO: Finish the dispatch.
2022-02-14 22:00:12,194 [simulator_env.py | 272] INFO: 2022-02-14 12:30:00, Order 12141800721: state = 1 < 2, we can not finish the simulation
2022-02-14 22:00:12,195 [simulator_env.py | 87] INFO: **************************************************
2022-02-14 22:00:12,195 [simulator_env.py | 91] INFO: cur time: 2022-02-14 12:40:00, pre time: 2022-02-14 12:30:00
2022-02-14 22:00:12,195 [simulator_env.py | 138] INFO: Start to update the input of 2022-02-14 12:40:00
2022-02-14 22:00:12,202 [simulator_env.py | 166] INFO: Get 31 unallocated orders, 11 ongoing orders, 737 completed orders.
2022-02-14 22:00:13,182 [simulator_env.py | 100] INFO: Finish the dispatch.
2022-02-14 22:00:13,184 [simulator_env.py | 272] INFO: 2022-02-14 12:40:00, Order 12212600733: state = 1 < 2, we can not finish the simulation
2022-02-14 22:00:13,185 [simulator_env.py | 87] INFO: **************************************************
2022-02-14 22:00:13,185 [simulator_env.py | 91] INFO: cur time: 2022-02-14 12:50:00, pre time: 2022-02-14 12:40:00
2022-02-14 22:00:13,185 [simulator_env.py | 138] INFO: Start to update the input of 2022-02-14 12:50:00
2022-02-14 22:00:13,196 [simulator_env.py | 166] INFO: Get 22 unallocated orders, 17 ongoing orders, 756 completed orders.
2022-02-14 22:00:14,022 [simulator_env.py | 100] INFO: Finish the dispatch.
2022-02-14 22:00:14,026 [simulator_env.py | 272] INFO: 2022-02-14 12:50:00, Order 12232300738: state = 1 < 2, we can not finish the simulation
2022-02-14 22:00:14,026 [simulator_env.py | 87] INFO: **************************************************
2022-02-14 22:00:14,027 [simulator_env.py | 91] INFO: cur time: 2022-02-14 13:00:00, pre time: 2022-02-14 12:50:00
2022-02-14 22:00:14,027 [simulator_env.py | 138] INFO: Start to update the input of 2022-02-14 13:00:00
2022-02-14 22:00:14,034 [simulator_env.py | 166] INFO: Get 21 unallocated orders, 8 ongoing orders, 783 completed orders.
2022-02-14 22:00:14,894 [simulator_env.py | 100] INFO: Finish the dispatch.
2022-02-14 22:00:14,896 [simulator_env.py | 272] INFO: 2022-02-14 13:00:00, Order 12420700781: state = 1 < 2, we can not finish the simulation
2022-02-14 22:00:14,897 [simulator_env.py | 87] INFO: **************************************************
2022-02-14 22:00:14,897 [simulator_env.py | 91] INFO: cur time: 2022-02-14 13:10:00, pre time: 2022-02-14 13:00:00
2022-02-14 22:00:14,897 [simulator_env.py | 138] INFO: Start to update the input of 2022-02-14 13:10:00
2022-02-14 22:00:14,912 [simulator_env.py | 166] INFO: Get 20 unallocated orders, 12 ongoing orders, 799 completed orders.
2022-02-14 22:00:15,835 [simulator_env.py | 100] INFO: Finish the dispatch.
2022-02-14 22:00:15,837 [simulator_env.py | 272] INFO: 2022-02-14 13:10:00, Order 12561600806: state = 1 < 2, we can not finish the simulation
2022-02-14 22:00:15,838 [simulator_env.py | 87] INFO: **************************************************
2022-02-14 22:00:15,838 [simulator_env.py | 91] INFO: cur time: 2022-02-14 13:20:00, pre time: 2022-02-14 13:10:00
2022-02-14 22:00:15,838 [simulator_env.py | 138] INFO: Start to update the input of 2022-02-14 13:20:00
2022-02-14 22:00:15,847 [simulator_env.py | 166] INFO: Get 28 unallocated orders, 7 ongoing orders, 819 completed orders.
2022-02-14 22:00:16,879 [simulator_env.py | 100] INFO: Finish the dispatch.
2022-02-14 22:00:16,882 [simulator_env.py | 272] INFO: 2022-02-14 13:20:00, Order 13015900813: state = 1 < 2, we can not finish the simulation
2022-02-14 22:00:16,883 [simulator_env.py | 87] INFO: **************************************************
2022-02-14 22:00:16,883 [simulator_env.py | 91] INFO: cur time: 2022-02-14 13:30:00, pre time: 2022-02-14 13:20:00
2022-02-14 22:00:16,883 [simulator_env.py | 138] INFO: Start to update the input of 2022-02-14 13:30:00
2022-02-14 22:00:16,892 [simulator_env.py | 166] INFO: Get 20 unallocated orders, 11 ongoing orders, 837 completed orders.
2022-02-14 22:00:17,714 [simulator_env.py | 100] INFO: Finish the dispatch.
2022-02-14 22:00:17,716 [simulator_env.py | 272] INFO: 2022-02-14 13:30:00, Order 13033200817: state = 1 < 2, we can not finish the simulation
2022-02-14 22:00:17,717 [simulator_env.py | 87] INFO: **************************************************
2022-02-14 22:00:17,717 [simulator_env.py | 91] INFO: cur time: 2022-02-14 13:40:00, pre time: 2022-02-14 13:30:00
2022-02-14 22:00:17,717 [simulator_env.py | 138] INFO: Start to update the input of 2022-02-14 13:40:00
2022-02-14 22:00:17,725 [simulator_env.py | 166] INFO: Get 22 unallocated orders, 8 ongoing orders, 856 completed orders.
2022-02-14 22:00:18,526 [simulator_env.py | 100] INFO: Finish the dispatch.
2022-02-14 22:00:18,528 [simulator_env.py | 272] INFO: 2022-02-14 13:40:00, Order 13211800855: state = 1 < 2, we can not finish the simulation
2022-02-14 22:00:18,529 [simulator_env.py | 87] INFO: **************************************************
2022-02-14 22:00:18,529 [simulator_env.py | 91] INFO: cur time: 2022-02-14 13:50:00, pre time: 2022-02-14 13:40:00
2022-02-14 22:00:18,530 [simulator_env.py | 138] INFO: Start to update the input of 2022-02-14 13:50:00
2022-02-14 22:00:18,537 [simulator_env.py | 166] INFO: Get 21 unallocated orders, 12 ongoing orders, 868 completed orders.
2022-02-14 22:00:19,410 [simulator_env.py | 100] INFO: Finish the dispatch.
2022-02-14 22:00:19,414 [simulator_env.py | 272] INFO: 2022-02-14 13:50:00, Order 13314600871: state = 1 < 2, we can not finish the simulation
2022-02-14 22:00:19,414 [simulator_env.py | 87] INFO: **************************************************
2022-02-14 22:00:19,414 [simulator_env.py | 91] INFO: cur time: 2022-02-14 14:00:00, pre time: 2022-02-14 13:50:00
2022-02-14 22:00:19,415 [simulator_env.py | 138] INFO: Start to update the input of 2022-02-14 14:00:00
2022-02-14 22:00:19,422 [simulator_env.py | 166] INFO: Get 15 unallocated orders, 10 ongoing orders, 888 completed orders.
2022-02-14 22:00:20,196 [simulator_env.py | 100] INFO: Finish the dispatch.
2022-02-14 22:00:20,198 [simulator_env.py | 272] INFO: 2022-02-14 14:00:00, Order 13402400887: state = 1 < 2, we can not finish the simulation
2022-02-14 22:00:20,199 [simulator_env.py | 87] INFO: **************************************************
2022-02-14 22:00:20,199 [simulator_env.py | 91] INFO: cur time: 2022-02-14 14:10:00, pre time: 2022-02-14 14:00:00
2022-02-14 22:00:20,199 [simulator_env.py | 138] INFO: Start to update the input of 2022-02-14 14:10:00
2022-02-14 22:00:20,207 [simulator_env.py | 166] INFO: Get 17 unallocated orders, 5 ongoing orders, 905 completed orders.
2022-02-14 22:00:20,974 [simulator_env.py | 100] INFO: Finish the dispatch.
2022-02-14 22:00:20,976 [simulator_env.py | 272] INFO: 2022-02-14 14:10:00, Order 13500900901: state = 1 < 2, we can not finish the simulation
2022-02-14 22:00:20,977 [simulator_env.py | 87] INFO: **************************************************
2022-02-14 22:00:20,977 [simulator_env.py | 91] INFO: cur time: 2022-02-14 14:20:00, pre time: 2022-02-14 14:10:00
2022-02-14 22:00:20,977 [simulator_env.py | 138] INFO: Start to update the input of 2022-02-14 14:20:00
2022-02-14 22:00:20,984 [simulator_env.py | 166] INFO: Get 16 unallocated orders, 6 ongoing orders, 916 completed orders.
2022-02-14 22:00:21,701 [simulator_env.py | 100] INFO: Finish the dispatch.
2022-02-14 22:00:21,703 [simulator_env.py | 272] INFO: 2022-02-14 14:20:00, Order 13561400909: state = 1 < 2, we can not finish the simulation
2022-02-14 22:00:21,704 [simulator_env.py | 87] INFO: **************************************************
2022-02-14 22:00:21,704 [simulator_env.py | 91] INFO: cur time: 2022-02-14 14:30:00, pre time: 2022-02-14 14:20:00
2022-02-14 22:00:21,704 [simulator_env.py | 138] INFO: Start to update the input of 2022-02-14 14:30:00
2022-02-14 22:00:21,709 [simulator_env.py | 166] INFO: Get 18 unallocated orders, 8 ongoing orders, 927 completed orders.
2022-02-14 22:00:22,420 [simulator_env.py | 100] INFO: Finish the dispatch.
2022-02-14 22:00:22,422 [simulator_env.py | 272] INFO: 2022-02-14 14:30:00, Order 14131300928: state = 1 < 2, we can not finish the simulation
2022-02-14 22:00:22,423 [simulator_env.py | 87] INFO: **************************************************
2022-02-14 22:00:22,423 [simulator_env.py | 91] INFO: cur time: 2022-02-14 14:40:00, pre time: 2022-02-14 14:30:00
2022-02-14 22:00:22,423 [simulator_env.py | 138] INFO: Start to update the input of 2022-02-14 14:40:00
2022-02-14 22:00:22,429 [simulator_env.py | 166] INFO: Get 15 unallocated orders, 11 ongoing orders, 940 completed orders.
2022-02-14 22:00:23,436 [simulator_env.py | 100] INFO: Finish the dispatch.
2022-02-14 22:00:23,438 [simulator_env.py | 272] INFO: 2022-02-14 14:40:00, Order 14224500940: state = 1 < 2, we can not finish the simulation
2022-02-14 22:00:23,440 [simulator_env.py | 87] INFO: **************************************************
2022-02-14 22:00:23,440 [simulator_env.py | 91] INFO: cur time: 2022-02-14 14:50:00, pre time: 2022-02-14 14:40:00
2022-02-14 22:00:23,441 [simulator_env.py | 138] INFO: Start to update the input of 2022-02-14 14:50:00
2022-02-14 22:00:23,447 [simulator_env.py | 166] INFO: Get 23 unallocated orders, 8 ongoing orders, 955 completed orders.
2022-02-14 22:00:24,268 [simulator_env.py | 100] INFO: Finish the dispatch.
2022-02-14 22:00:24,271 [simulator_env.py | 272] INFO: 2022-02-14 14:50:00, Order 14331400957: state = 1 < 2, we can not finish the simulation
2022-02-14 22:00:24,272 [simulator_env.py | 87] INFO: **************************************************
2022-02-14 22:00:24,272 [simulator_env.py | 91] INFO: cur time: 2022-02-14 15:00:00, pre time: 2022-02-14 14:50:00
2022-02-14 22:00:24,272 [simulator_env.py | 138] INFO: Start to update the input of 2022-02-14 15:00:00
2022-02-14 22:00:24,279 [simulator_env.py | 166] INFO: Get 18 unallocated orders, 11 ongoing orders, 971 completed orders.
2022-02-14 22:00:25,103 [simulator_env.py | 100] INFO: Finish the dispatch.
2022-02-14 22:00:25,105 [simulator_env.py | 272] INFO: 2022-02-14 15:00:00, Order 14331400957: state = 1 < 2, we can not finish the simulation
2022-02-14 22:00:25,106 [simulator_env.py | 87] INFO: **************************************************
2022-02-14 22:00:25,107 [simulator_env.py | 91] INFO: cur time: 2022-02-14 15:10:00, pre time: 2022-02-14 15:00:00
2022-02-14 22:00:25,107 [simulator_env.py | 138] INFO: Start to update the input of 2022-02-14 15:10:00
2022-02-14 22:00:25,116 [simulator_env.py | 166] INFO: Get 1 unallocated orders, 11 ongoing orders, 988 completed orders.
2022-02-14 22:00:25,823 [simulator_env.py | 100] INFO: Finish the dispatch.
2022-02-14 22:00:25,825 [simulator_env.py | 272] INFO: 2022-02-14 15:10:00, Order 14534800992: state = 1 < 2, we can not finish the simulation
2022-02-14 22:00:25,826 [simulator_env.py | 87] INFO: **************************************************
2022-02-14 22:00:25,826 [simulator_env.py | 91] INFO: cur time: 2022-02-14 15:20:00, pre time: 2022-02-14 15:10:00
2022-02-14 22:00:25,827 [simulator_env.py | 138] INFO: Start to update the input of 2022-02-14 15:20:00
2022-02-14 22:00:25,831 [simulator_env.py | 166] INFO: Get 0 unallocated orders, 0 ongoing orders, 1000 completed orders.
2022-02-14 22:00:26,541 [simulator_env.py | 100] INFO: Finish the dispatch.
2022-02-14 22:00:26,542 [simulator_env.py | 275] INFO: 2022-02-14 15:20:00, the status of all orders is greater than 1, we could finish the simulation
2022-02-14 22:00:26,544 [simulator_env.py | 124] INFO: finished the left ongoing orders
2022-02-14 22:00:26,546 [evaluator.py    | 116] INFO: Traveling Distance of driver D_1 is  74.590, visited node list: 24
2022-02-14 22:00:26,547 [evaluator.py    | 116] INFO: Traveling Distance of driver D_2 is  115.670, visited node list: 31
2022-02-14 22:00:26,548 [evaluator.py    | 116] INFO: Traveling Distance of driver D_3 is  129.720, visited node list: 46
2022-02-14 22:00:26,554 [evaluator.py    | 116] INFO: Traveling Distance of driver D_4 is  131.930, visited node list: 43
2022-02-14 22:00:26,556 [evaluator.py    | 116] INFO: Traveling Distance of driver D_5 is  137.620, visited node list: 48
2022-02-14 22:00:26,558 [evaluator.py    | 116] INFO: Traveling Distance of driver D_6 is  121.300, visited node list: 47
2022-02-14 22:00:26,560 [evaluator.py    | 116] INFO: Traveling Distance of driver D_7 is  124.250, visited node list: 45
2022-02-14 22:00:26,561 [evaluator.py    | 116] INFO: Traveling Distance of driver D_8 is  126.400, visited node list: 52
2022-02-14 22:00:26,567 [evaluator.py    | 116] INFO: Traveling Distance of driver D_9 is  139.830, visited node list: 39
2022-02-14 22:00:26,569 [evaluator.py    | 116] INFO: Traveling Distance of driver D_10 is  138.250, visited node list: 42
2022-02-14 22:00:26,570 [evaluator.py    | 116] INFO: Traveling Distance of driver D_11 is  136.390, visited node list: 46
2022-02-14 22:00:26,572 [evaluator.py    | 116] INFO: Traveling Distance of driver D_12 is  137.240, visited node list: 45
2022-02-14 22:00:26,573 [evaluator.py    | 116] INFO: Traveling Distance of driver D_13 is  137.860, visited node list: 44
2022-02-14 22:00:26,575 [evaluator.py    | 116] INFO: Traveling Distance of driver D_14 is  140.740, visited node list: 47
2022-02-14 22:00:26,576 [evaluator.py    | 116] INFO: Traveling Distance of driver D_15 is  134.560, visited node list: 42
2022-02-14 22:00:26,577 [evaluator.py    | 116] INFO: Traveling Distance of driver D_16 is  137.050, visited node list: 42
2022-02-14 22:00:26,578 [evaluator.py    | 116] INFO: Traveling Distance of driver D_17 is  126.710, visited node list: 38
2022-02-14 22:00:26,580 [evaluator.py    | 116] INFO: Traveling Distance of driver D_18 is  121.650, visited node list: 40
2022-02-14 22:00:26,583 [evaluator.py    | 116] INFO: Traveling Distance of driver D_19 is  128.020, visited node list: 41
2022-02-14 22:00:26,585 [evaluator.py    | 116] INFO: Traveling Distance of driver D_20 is  135.070, visited node list: 40
2022-02-14 22:00:26,585 [evaluator.py    | 116] INFO: Traveling Distance of driver D_21 is  131.950, visited node list: 41
2022-02-14 22:00:26,586 [evaluator.py    | 116] INFO: Traveling Distance of driver D_22 is  122.510, visited node list: 48
2022-02-14 22:00:26,587 [evaluator.py    | 116] INFO: Traveling Distance of driver D_23 is  127.250, visited node list: 39
2022-02-14 22:00:26,588 [evaluator.py    | 116] INFO: Traveling Distance of driver D_24 is  116.240, visited node list: 45
2022-02-14 22:00:26,589 [evaluator.py    | 116] INFO: Traveling Distance of driver D_25 is  114.490, visited node list: 36
2022-02-14 22:00:26,590 [evaluator.py    | 116] INFO: Traveling Distance of driver D_26 is  126.240, visited node list: 39
2022-02-14 22:00:26,591 [evaluator.py    | 116] INFO: Traveling Distance of driver D_27 is  120.760, visited node list: 36
2022-02-14 22:00:26,592 [evaluator.py    | 116] INFO: Traveling Distance of driver D_28 is  106.230, visited node list: 40
2022-02-14 22:00:26,593 [evaluator.py    | 116] INFO: Traveling Distance of driver D_29 is  114.490, visited node list: 37
2022-02-14 22:00:26,594 [evaluator.py    | 116] INFO: Traveling Distance of driver D_30 is  100.540, visited node list: 39
2022-02-14 22:00:26,596 [evaluator.py    | 116] INFO: Traveling Distance of driver D_31 is  110.740, visited node list: 39
2022-02-14 22:00:26,597 [evaluator.py    | 116] INFO: Traveling Distance of driver D_32 is  92.590, visited node list: 34
2022-02-14 22:00:26,602 [evaluator.py    | 116] INFO: Traveling Distance of driver D_33 is  97.100, visited node list: 37
2022-02-14 22:00:26,602 [evaluator.py    | 116] INFO: Traveling Distance of driver D_34 is  84.270, visited node list: 33
2022-02-14 22:00:26,603 [evaluator.py    | 116] INFO: Traveling Distance of driver D_35 is  79.300, visited node list: 28
2022-02-14 22:00:26,604 [evaluator.py    | 116] INFO: Traveling Distance of driver D_36 is  81.690, visited node list: 32
2022-02-14 22:00:26,605 [evaluator.py    | 116] INFO: Traveling Distance of driver D_37 is  72.420, visited node list: 30
2022-02-14 22:00:26,606 [evaluator.py    | 116] INFO: Traveling Distance of driver D_38 is  74.090, visited node list: 26
2022-02-14 22:00:26,607 [evaluator.py    | 116] INFO: Traveling Distance of driver D_39 is  71.010, visited node list: 27
2022-02-14 22:00:26,607 [evaluator.py    | 116] INFO: Traveling Distance of driver D_40 is  75.860, visited node list: 29
2022-02-14 22:00:26,608 [evaluator.py    | 116] INFO: Traveling Distance of driver D_41 is  81.850, visited node list: 29
2022-02-14 22:00:26,609 [evaluator.py    | 116] INFO: Traveling Distance of driver D_42 is  78.280, visited node list: 29
2022-02-14 22:00:26,610 [evaluator.py    | 116] INFO: Traveling Distance of driver D_43 is  64.870, visited node list: 25
2022-02-14 22:00:26,611 [evaluator.py    | 116] INFO: Traveling Distance of driver D_44 is  66.640, visited node list: 24
2022-02-14 22:00:26,612 [evaluator.py    | 116] INFO: Traveling Distance of driver D_45 is  71.770, visited node list: 29
2022-02-14 22:00:26,614 [evaluator.py    | 116] INFO: Traveling Distance of driver D_46 is  70.690, visited node list: 24
2022-02-14 22:00:26,618 [evaluator.py    | 116] INFO: Traveling Distance of driver D_47 is  74.650, visited node list: 24
2022-02-14 22:00:26,619 [evaluator.py    | 116] INFO: Traveling Distance of driver D_48 is  71.890, visited node list: 22
2022-02-14 22:00:26,620 [evaluator.py    | 116] INFO: Traveling Distance of driver D_49 is  64.830, visited node list: 23
2022-02-14 22:00:26,621 [evaluator.py    | 116] INFO: Traveling Distance of driver D_50 is  66.160, visited node list: 23
2022-02-14 22:00:26,622 [evaluator.py    | 116] INFO: Traveling Distance of driver D_51 is  62.880, visited node list: 23
2022-02-14 22:00:26,623 [evaluator.py    | 116] INFO: Traveling Distance of driver D_52 is  54.660, visited node list: 23
2022-02-14 22:00:26,624 [evaluator.py    | 116] INFO: Traveling Distance of driver D_53 is  64.190, visited node list: 20
2022-02-14 22:00:26,626 [evaluator.py    | 116] INFO: Traveling Distance of driver D_54 is  65.000, visited node list: 21
2022-02-14 22:00:26,627 [evaluator.py    | 116] INFO: Traveling Distance of driver D_55 is  61.020, visited node list: 20
2022-02-14 22:00:26,628 [evaluator.py    | 116] INFO: Traveling Distance of driver D_56 is  48.060, visited node list: 22
2022-02-14 22:00:26,629 [evaluator.py    | 116] INFO: Traveling Distance of driver D_57 is  63.520, visited node list: 26
2022-02-14 22:00:26,630 [evaluator.py    | 116] INFO: Traveling Distance of driver D_58 is  52.700, visited node list: 18
2022-02-14 22:00:26,633 [evaluator.py    | 116] INFO: Traveling Distance of driver D_59 is  57.490, visited node list: 19
2022-02-14 22:00:26,635 [evaluator.py    | 116] INFO: Traveling Distance of driver D_60 is  55.340, visited node list: 19
2022-02-14 22:00:26,635 [evaluator.py    | 18] INFO: Total distance:  5891.110
2022-02-14 22:00:26,710 [evaluator.py    | 22] INFO: Sum over time:  0.000
2022-02-14 22:00:26,710 [evaluator.py    | 26] INFO: Total score:  98.185
2022-02-14 22:00:27,209 [main.py         | 45] INFO: Score of instance_2: 98.18516666666667
