2022-02-08 15:10:55,458 [main.py         | 31] INFO: Start to run instance_2
2022-02-08 15:10:55,459 [simulator_api.py | 43] INFO: Start time of the simulator: 2022-02-08 06:00:00, time interval:  600.00
2022-02-08 15:10:55,533 [input_utils.py  | 36] INFO: Get 794 locations
2022-02-08 15:12:22,300 [input_utils.py  | 40] INFO: Get 630436 routes
2022-02-08 15:12:23,026 [input_utils.py  | 45] INFO: Get 100 drivers
2022-02-08 15:12:23,507 [input_utils.py  | 49] INFO: Get 2491 orders
2022-02-08 15:12:23,508 [simulator_api.py | 76] INFO: Initial position of D_1 is Bukit Timah Market & Food Centre
2022-02-08 15:12:23,509 [simulator_api.py | 76] INFO: Initial position of D_2 is Bukit Timah Market & Food Centre
2022-02-08 15:12:23,509 [simulator_api.py | 76] INFO: Initial position of D_3 is Ghim Moh Market & Food Centre
2022-02-08 15:12:23,510 [simulator_api.py | 76] INFO: Initial position of D_4 is Bukit Timah Market & Food Centre
2022-02-08 15:12:23,512 [simulator_api.py | 76] INFO: Initial position of D_5 is Alexandra Village Food Centre
2022-02-08 15:12:23,513 [simulator_api.py | 76] INFO: Initial position of D_6 is Bukit Timah Market & Food Centre
2022-02-08 15:12:23,515 [simulator_api.py | 76] INFO: Initial position of D_7 is Bukit Timah Market & Food Centre
2022-02-08 15:12:23,516 [simulator_api.py | 76] INFO: Initial position of D_8 is Bukit Timah Market & Food Centre
2022-02-08 15:12:23,517 [simulator_api.py | 76] INFO: Initial position of D_9 is Bukit Timah Market & Food Centre
2022-02-08 15:12:23,519 [simulator_api.py | 76] INFO: Initial position of D_10 is Bukit Timah Market & Food Centre
2022-02-08 15:12:23,520 [simulator_api.py | 76] INFO: Initial position of D_11 is Alexandra Village Food Centre
2022-02-08 15:12:23,521 [simulator_api.py | 76] INFO: Initial position of D_12 is Ghim Moh Market & Food Centre
2022-02-08 15:12:23,525 [simulator_api.py | 76] INFO: Initial position of D_13 is Alexandra Village Food Centre
2022-02-08 15:12:23,527 [simulator_api.py | 76] INFO: Initial position of D_14 is Ghim Moh Market & Food Centre
2022-02-08 15:12:23,529 [simulator_api.py | 76] INFO: Initial position of D_15 is Bukit Timah Market & Food Centre
2022-02-08 15:12:23,530 [simulator_api.py | 76] INFO: Initial position of D_16 is Ghim Moh Market & Food Centre
2022-02-08 15:12:23,530 [simulator_api.py | 76] INFO: Initial position of D_17 is Ghim Moh Market & Food Centre
2022-02-08 15:12:23,531 [simulator_api.py | 76] INFO: Initial position of D_18 is Alexandra Village Food Centre
2022-02-08 15:12:23,532 [simulator_api.py | 76] INFO: Initial position of D_19 is Bukit Timah Market & Food Centre
2022-02-08 15:12:23,532 [simulator_api.py | 76] INFO: Initial position of D_20 is Alexandra Village Food Centre
2022-02-08 15:12:23,533 [simulator_api.py | 76] INFO: Initial position of D_21 is Alexandra Village Food Centre
2022-02-08 15:12:23,533 [simulator_api.py | 76] INFO: Initial position of D_22 is Alexandra Village Food Centre
2022-02-08 15:12:23,534 [simulator_api.py | 76] INFO: Initial position of D_23 is Ghim Moh Market & Food Centre
2022-02-08 15:12:23,534 [simulator_api.py | 76] INFO: Initial position of D_24 is Bukit Timah Market & Food Centre
2022-02-08 15:12:23,535 [simulator_api.py | 76] INFO: Initial position of D_25 is Ghim Moh Market & Food Centre
2022-02-08 15:12:23,535 [simulator_api.py | 76] INFO: Initial position of D_26 is Alexandra Village Food Centre
2022-02-08 15:12:23,536 [simulator_api.py | 76] INFO: Initial position of D_27 is Ghim Moh Market & Food Centre
2022-02-08 15:12:23,537 [simulator_api.py | 76] INFO: Initial position of D_28 is Alexandra Village Food Centre
2022-02-08 15:12:23,540 [simulator_api.py | 76] INFO: Initial position of D_29 is Bukit Timah Market & Food Centre
2022-02-08 15:12:23,541 [simulator_api.py | 76] INFO: Initial position of D_30 is Bukit Timah Market & Food Centre
2022-02-08 15:12:23,542 [simulator_api.py | 76] INFO: Initial position of D_31 is Alexandra Village Food Centre
2022-02-08 15:12:23,542 [simulator_api.py | 76] INFO: Initial position of D_32 is Ghim Moh Market & Food Centre
2022-02-08 15:12:23,543 [simulator_api.py | 76] INFO: Initial position of D_33 is Bukit Timah Market & Food Centre
2022-02-08 15:12:23,544 [simulator_api.py | 76] INFO: Initial position of D_34 is Bukit Timah Market & Food Centre
2022-02-08 15:12:23,545 [simulator_api.py | 76] INFO: Initial position of D_35 is Bukit Timah Market & Food Centre
2022-02-08 15:12:23,546 [simulator_api.py | 76] INFO: Initial position of D_36 is Alexandra Village Food Centre
2022-02-08 15:12:23,546 [simulator_api.py | 76] INFO: Initial position of D_37 is Alexandra Village Food Centre
2022-02-08 15:12:23,549 [simulator_api.py | 76] INFO: Initial position of D_38 is Ghim Moh Market & Food Centre
2022-02-08 15:12:23,550 [simulator_api.py | 76] INFO: Initial position of D_39 is Alexandra Village Food Centre
2022-02-08 15:12:23,550 [simulator_api.py | 76] INFO: Initial position of D_40 is Bukit Timah Market & Food Centre
2022-02-08 15:12:23,551 [simulator_api.py | 76] INFO: Initial position of D_41 is Bukit Timah Market & Food Centre
2022-02-08 15:12:23,552 [simulator_api.py | 76] INFO: Initial position of D_42 is Alexandra Village Food Centre
2022-02-08 15:12:23,552 [simulator_api.py | 76] INFO: Initial position of D_43 is Bukit Timah Market & Food Centre
2022-02-08 15:12:23,553 [simulator_api.py | 76] INFO: Initial position of D_44 is Ghim Moh Market & Food Centre
2022-02-08 15:12:23,554 [simulator_api.py | 76] INFO: Initial position of D_45 is Alexandra Village Food Centre
2022-02-08 15:12:23,556 [simulator_api.py | 76] INFO: Initial position of D_46 is Ghim Moh Market & Food Centre
2022-02-08 15:12:23,557 [simulator_api.py | 76] INFO: Initial position of D_47 is Ghim Moh Market & Food Centre
2022-02-08 15:12:23,558 [simulator_api.py | 76] INFO: Initial position of D_48 is Alexandra Village Food Centre
2022-02-08 15:12:23,559 [simulator_api.py | 76] INFO: Initial position of D_49 is Bukit Timah Market & Food Centre
2022-02-08 15:12:23,559 [simulator_api.py | 76] INFO: Initial position of D_50 is Alexandra Village Food Centre
2022-02-08 15:12:23,560 [simulator_api.py | 76] INFO: Initial position of D_51 is Alexandra Village Food Centre
2022-02-08 15:12:23,561 [simulator_api.py | 76] INFO: Initial position of D_52 is Alexandra Village Food Centre
2022-02-08 15:12:23,562 [simulator_api.py | 76] INFO: Initial position of D_53 is Ghim Moh Market & Food Centre
2022-02-08 15:12:23,562 [simulator_api.py | 76] INFO: Initial position of D_54 is Alexandra Village Food Centre
2022-02-08 15:12:23,564 [simulator_api.py | 76] INFO: Initial position of D_55 is Bukit Timah Market & Food Centre
2022-02-08 15:12:23,566 [simulator_api.py | 76] INFO: Initial position of D_56 is Bukit Timah Market & Food Centre
2022-02-08 15:12:23,566 [simulator_api.py | 76] INFO: Initial position of D_57 is Ghim Moh Market & Food Centre
2022-02-08 15:12:23,567 [simulator_api.py | 76] INFO: Initial position of D_58 is Alexandra Village Food Centre
2022-02-08 15:12:23,568 [simulator_api.py | 76] INFO: Initial position of D_59 is Bukit Timah Market & Food Centre
2022-02-08 15:12:23,569 [simulator_api.py | 76] INFO: Initial position of D_60 is Alexandra Village Food Centre
2022-02-08 15:12:23,569 [simulator_api.py | 76] INFO: Initial position of D_61 is Ghim Moh Market & Food Centre
2022-02-08 15:12:23,570 [simulator_api.py | 76] INFO: Initial position of D_62 is Ghim Moh Market & Food Centre
2022-02-08 15:12:23,570 [simulator_api.py | 76] INFO: Initial position of D_63 is Alexandra Village Food Centre
2022-02-08 15:12:23,571 [simulator_api.py | 76] INFO: Initial position of D_64 is Ghim Moh Market & Food Centre
2022-02-08 15:12:23,574 [simulator_api.py | 76] INFO: Initial position of D_65 is Ghim Moh Market & Food Centre
2022-02-08 15:12:23,575 [simulator_api.py | 76] INFO: Initial position of D_66 is Ghim Moh Market & Food Centre
2022-02-08 15:12:23,575 [simulator_api.py | 76] INFO: Initial position of D_67 is Alexandra Village Food Centre
2022-02-08 15:12:23,576 [simulator_api.py | 76] INFO: Initial position of D_68 is Bukit Timah Market & Food Centre
2022-02-08 15:12:23,576 [simulator_api.py | 76] INFO: Initial position of D_69 is Ghim Moh Market & Food Centre
2022-02-08 15:12:23,577 [simulator_api.py | 76] INFO: Initial position of D_70 is Ghim Moh Market & Food Centre
2022-02-08 15:12:23,578 [simulator_api.py | 76] INFO: Initial position of D_71 is Bukit Timah Market & Food Centre
2022-02-08 15:12:23,579 [simulator_api.py | 76] INFO: Initial position of D_72 is Alexandra Village Food Centre
2022-02-08 15:12:23,581 [simulator_api.py | 76] INFO: Initial position of D_73 is Bukit Timah Market & Food Centre
2022-02-08 15:12:23,581 [simulator_api.py | 76] INFO: Initial position of D_74 is Ghim Moh Market & Food Centre
2022-02-08 15:12:23,583 [simulator_api.py | 76] INFO: Initial position of D_75 is Bukit Timah Market & Food Centre
2022-02-08 15:12:23,583 [simulator_api.py | 76] INFO: Initial position of D_76 is Alexandra Village Food Centre
2022-02-08 15:12:23,584 [simulator_api.py | 76] INFO: Initial position of D_77 is Bukit Timah Market & Food Centre
2022-02-08 15:12:23,584 [simulator_api.py | 76] INFO: Initial position of D_78 is Alexandra Village Food Centre
2022-02-08 15:12:23,585 [simulator_api.py | 76] INFO: Initial position of D_79 is Ghim Moh Market & Food Centre
2022-02-08 15:12:23,586 [simulator_api.py | 76] INFO: Initial position of D_80 is Alexandra Village Food Centre
2022-02-08 15:12:23,586 [simulator_api.py | 76] INFO: Initial position of D_81 is Bukit Timah Market & Food Centre
2022-02-08 15:12:23,588 [simulator_api.py | 76] INFO: Initial position of D_82 is Alexandra Village Food Centre
2022-02-08 15:12:23,591 [simulator_api.py | 76] INFO: Initial position of D_83 is Ghim Moh Market & Food Centre
2022-02-08 15:12:23,592 [simulator_api.py | 76] INFO: Initial position of D_84 is Alexandra Village Food Centre
2022-02-08 15:12:23,593 [simulator_api.py | 76] INFO: Initial position of D_85 is Alexandra Village Food Centre
2022-02-08 15:12:23,594 [simulator_api.py | 76] INFO: Initial position of D_86 is Alexandra Village Food Centre
2022-02-08 15:12:23,596 [simulator_api.py | 76] INFO: Initial position of D_87 is Bukit Timah Market & Food Centre
2022-02-08 15:12:23,596 [simulator_api.py | 76] INFO: Initial position of D_88 is Bukit Timah Market & Food Centre
2022-02-08 15:12:23,597 [simulator_api.py | 76] INFO: Initial position of D_89 is Ghim Moh Market & Food Centre
2022-02-08 15:12:23,598 [simulator_api.py | 76] INFO: Initial position of D_90 is Alexandra Village Food Centre
2022-02-08 15:12:23,600 [simulator_api.py | 76] INFO: Initial position of D_91 is Bukit Timah Market & Food Centre
2022-02-08 15:12:23,601 [simulator_api.py | 76] INFO: Initial position of D_92 is Bukit Timah Market & Food Centre
2022-02-08 15:12:23,602 [simulator_api.py | 76] INFO: Initial position of D_93 is Alexandra Village Food Centre
2022-02-08 15:12:23,602 [simulator_api.py | 76] INFO: Initial position of D_94 is Ghim Moh Market & Food Centre
2022-02-08 15:12:23,603 [simulator_api.py | 76] INFO: Initial position of D_95 is Bukit Timah Market & Food Centre
2022-02-08 15:12:23,631 [simulator_api.py | 76] INFO: Initial position of D_96 is Ghim Moh Market & Food Centre
2022-02-08 15:12:23,635 [simulator_api.py | 76] INFO: Initial position of D_97 is Ghim Moh Market & Food Centre
2022-02-08 15:12:23,670 [simulator_api.py | 76] INFO: Initial position of D_98 is Ghim Moh Market & Food Centre
2022-02-08 15:12:23,671 [simulator_api.py | 76] INFO: Initial position of D_99 is Ghim Moh Market & Food Centre
2022-02-08 15:12:23,671 [simulator_api.py | 76] INFO: Initial position of D_100 is Alexandra Village Food Centre
2022-02-08 15:12:23,712 [simulator_env.py | 87] INFO: **************************************************
2022-02-08 15:12:23,712 [simulator_env.py | 91] INFO: cur time: 2022-02-08 06:10:00, pre time: 2022-02-08 06:00:00
2022-02-08 15:12:23,712 [simulator_env.py | 138] INFO: Start to update the input of 2022-02-08 06:10:00
2022-02-08 15:12:23,716 [simulator_env.py | 166] INFO: Get 5 unallocated orders, 0 ongoing orders, 0 completed orders.
2022-02-08 15:12:24,594 [simulator_env.py | 100] INFO: Finish the dispatch.
2022-02-08 15:12:24,595 [simulator_env.py | 272] INFO: 2022-02-08 06:10:00, Order 06042300000: state = 1 < 2, we can not finish the simulation
2022-02-08 15:12:24,595 [simulator_env.py | 87] INFO: **************************************************
2022-02-08 15:12:24,595 [simulator_env.py | 91] INFO: cur time: 2022-02-08 06:20:00, pre time: 2022-02-08 06:10:00
2022-02-08 15:12:24,595 [simulator_env.py | 138] INFO: Start to update the input of 2022-02-08 06:20:00
2022-02-08 15:12:24,602 [simulator_env.py | 166] INFO: Get 8 unallocated orders, 3 ongoing orders, 2 completed orders.
2022-02-08 15:12:25,376 [simulator_env.py | 100] INFO: Finish the dispatch.
2022-02-08 15:12:25,377 [simulator_env.py | 272] INFO: 2022-02-08 06:20:00, Order 06101000005: state = 1 < 2, we can not finish the simulation
2022-02-08 15:12:25,377 [simulator_env.py | 87] INFO: **************************************************
2022-02-08 15:12:25,378 [simulator_env.py | 91] INFO: cur time: 2022-02-08 06:30:00, pre time: 2022-02-08 06:20:00
2022-02-08 15:12:25,378 [simulator_env.py | 138] INFO: Start to update the input of 2022-02-08 06:30:00
2022-02-08 15:12:25,383 [simulator_env.py | 166] INFO: Get 8 unallocated orders, 5 ongoing orders, 8 completed orders.
2022-02-08 15:12:26,096 [simulator_env.py | 100] INFO: Finish the dispatch.
2022-02-08 15:12:26,098 [simulator_env.py | 272] INFO: 2022-02-08 06:30:00, Order 06201300013: state = 1 < 2, we can not finish the simulation
2022-02-08 15:12:26,099 [simulator_env.py | 87] INFO: **************************************************
2022-02-08 15:12:26,099 [simulator_env.py | 91] INFO: cur time: 2022-02-08 06:40:00, pre time: 2022-02-08 06:30:00
2022-02-08 15:12:26,099 [simulator_env.py | 138] INFO: Start to update the input of 2022-02-08 06:40:00
2022-02-08 15:12:26,109 [simulator_env.py | 166] INFO: Get 1 unallocated orders, 6 ongoing orders, 15 completed orders.
2022-02-08 15:12:27,227 [simulator_env.py | 100] INFO: Finish the dispatch.
2022-02-08 15:12:27,229 [simulator_env.py | 272] INFO: 2022-02-08 06:40:00, Order 06390700021: state = 1 < 2, we can not finish the simulation
2022-02-08 15:12:27,229 [simulator_env.py | 87] INFO: **************************************************
2022-02-08 15:12:27,229 [simulator_env.py | 91] INFO: cur time: 2022-02-08 06:50:00, pre time: 2022-02-08 06:40:00
2022-02-08 15:12:27,230 [simulator_env.py | 138] INFO: Start to update the input of 2022-02-08 06:50:00
2022-02-08 15:12:27,234 [simulator_env.py | 166] INFO: Get 14 unallocated orders, 2 ongoing orders, 20 completed orders.
2022-02-08 15:12:28,201 [simulator_env.py | 100] INFO: Finish the dispatch.
2022-02-08 15:12:28,203 [simulator_env.py | 272] INFO: 2022-02-08 06:50:00, Order 06413800022: state = 1 < 2, we can not finish the simulation
2022-02-08 15:12:28,203 [simulator_env.py | 87] INFO: **************************************************
2022-02-08 15:12:28,204 [simulator_env.py | 91] INFO: cur time: 2022-02-08 07:00:00, pre time: 2022-02-08 06:50:00
2022-02-08 15:12:28,204 [simulator_env.py | 138] INFO: Start to update the input of 2022-02-08 07:00:00
2022-02-08 15:12:28,214 [simulator_env.py | 166] INFO: Get 11 unallocated orders, 11 ongoing orders, 24 completed orders.
2022-02-08 15:12:29,453 [simulator_env.py | 100] INFO: Finish the dispatch.
2022-02-08 15:12:29,455 [simulator_env.py | 272] INFO: 2022-02-08 07:00:00, Order 06494500035: state = 1 < 2, we can not finish the simulation
2022-02-08 15:12:29,456 [simulator_env.py | 87] INFO: **************************************************
2022-02-08 15:12:29,457 [simulator_env.py | 91] INFO: cur time: 2022-02-08 07:10:00, pre time: 2022-02-08 07:00:00
2022-02-08 15:12:29,457 [simulator_env.py | 138] INFO: Start to update the input of 2022-02-08 07:10:00
2022-02-08 15:12:29,463 [simulator_env.py | 166] INFO: Get 7 unallocated orders, 14 ongoing orders, 32 completed orders.
2022-02-08 15:12:30,583 [simulator_env.py | 100] INFO: Finish the dispatch.
2022-02-08 15:12:30,585 [simulator_env.py | 272] INFO: 2022-02-08 07:10:00, Order 07003600046: state = 1 < 2, we can not finish the simulation
2022-02-08 15:12:30,586 [simulator_env.py | 87] INFO: **************************************************
2022-02-08 15:12:30,586 [simulator_env.py | 91] INFO: cur time: 2022-02-08 07:20:00, pre time: 2022-02-08 07:10:00
2022-02-08 15:12:30,586 [simulator_env.py | 138] INFO: Start to update the input of 2022-02-08 07:20:00
2022-02-08 15:12:30,592 [simulator_env.py | 166] INFO: Get 12 unallocated orders, 7 ongoing orders, 46 completed orders.
2022-02-08 15:12:31,715 [simulator_env.py | 100] INFO: Finish the dispatch.
2022-02-08 15:12:31,717 [simulator_env.py | 272] INFO: 2022-02-08 07:20:00, Order 07111400053: state = 1 < 2, we can not finish the simulation
2022-02-08 15:12:31,718 [simulator_env.py | 87] INFO: **************************************************
2022-02-08 15:12:31,718 [simulator_env.py | 91] INFO: cur time: 2022-02-08 07:30:00, pre time: 2022-02-08 07:20:00
2022-02-08 15:12:31,718 [simulator_env.py | 138] INFO: Start to update the input of 2022-02-08 07:30:00
2022-02-08 15:12:31,727 [simulator_env.py | 166] INFO: Get 8 unallocated orders, 10 ongoing orders, 55 completed orders.
2022-02-08 15:12:32,692 [simulator_env.py | 100] INFO: Finish the dispatch.
2022-02-08 15:12:32,693 [simulator_env.py | 272] INFO: 2022-02-08 07:30:00, Order 07202400065: state = 1 < 2, we can not finish the simulation
2022-02-08 15:12:32,694 [simulator_env.py | 87] INFO: **************************************************
2022-02-08 15:12:32,694 [simulator_env.py | 91] INFO: cur time: 2022-02-08 07:40:00, pre time: 2022-02-08 07:30:00
2022-02-08 15:12:32,694 [simulator_env.py | 138] INFO: Start to update the input of 2022-02-08 07:40:00
2022-02-08 15:12:32,700 [simulator_env.py | 166] INFO: Get 13 unallocated orders, 9 ongoing orders, 64 completed orders.
2022-02-08 15:12:33,810 [simulator_env.py | 100] INFO: Finish the dispatch.
2022-02-08 15:12:33,813 [simulator_env.py | 272] INFO: 2022-02-08 07:40:00, Order 07300500073: state = 1 < 2, we can not finish the simulation
2022-02-08 15:12:33,814 [simulator_env.py | 87] INFO: **************************************************
2022-02-08 15:12:33,814 [simulator_env.py | 91] INFO: cur time: 2022-02-08 07:50:00, pre time: 2022-02-08 07:40:00
2022-02-08 15:12:33,814 [simulator_env.py | 138] INFO: Start to update the input of 2022-02-08 07:50:00
2022-02-08 15:12:33,823 [simulator_env.py | 166] INFO: Get 14 unallocated orders, 9 ongoing orders, 74 completed orders.
2022-02-08 15:12:34,746 [simulator_env.py | 100] INFO: Finish the dispatch.
2022-02-08 15:12:34,748 [simulator_env.py | 272] INFO: 2022-02-08 07:50:00, Order 07365900081: state = 1 < 2, we can not finish the simulation
2022-02-08 15:12:34,749 [simulator_env.py | 87] INFO: **************************************************
2022-02-08 15:12:34,749 [simulator_env.py | 91] INFO: cur time: 2022-02-08 08:00:00, pre time: 2022-02-08 07:50:00
2022-02-08 15:12:34,749 [simulator_env.py | 138] INFO: Start to update the input of 2022-02-08 08:00:00
2022-02-08 15:12:34,756 [simulator_env.py | 166] INFO: Get 15 unallocated orders, 15 ongoing orders, 82 completed orders.
2022-02-08 15:12:35,733 [simulator_env.py | 100] INFO: Finish the dispatch.
2022-02-08 15:12:35,736 [simulator_env.py | 272] INFO: 2022-02-08 08:00:00, Order 07500900097: state = 1 < 2, we can not finish the simulation
2022-02-08 15:12:35,737 [simulator_env.py | 87] INFO: **************************************************
2022-02-08 15:12:35,737 [simulator_env.py | 91] INFO: cur time: 2022-02-08 08:10:00, pre time: 2022-02-08 08:00:00
2022-02-08 15:12:35,737 [simulator_env.py | 138] INFO: Start to update the input of 2022-02-08 08:10:00
2022-02-08 15:12:35,744 [simulator_env.py | 166] INFO: Get 21 unallocated orders, 19 ongoing orders, 92 completed orders.
2022-02-08 15:12:36,926 [simulator_env.py | 100] INFO: Finish the dispatch.
2022-02-08 15:12:36,928 [simulator_env.py | 272] INFO: 2022-02-08 08:10:00, Order 07580500111: state = 1 < 2, we can not finish the simulation
2022-02-08 15:12:36,930 [simulator_env.py | 87] INFO: **************************************************
2022-02-08 15:12:36,930 [simulator_env.py | 91] INFO: cur time: 2022-02-08 08:20:00, pre time: 2022-02-08 08:10:00
2022-02-08 15:12:36,930 [simulator_env.py | 138] INFO: Start to update the input of 2022-02-08 08:20:00
2022-02-08 15:12:36,943 [simulator_env.py | 166] INFO: Get 18 unallocated orders, 26 ongoing orders, 106 completed orders.
2022-02-08 15:12:38,169 [simulator_env.py | 100] INFO: Finish the dispatch.
2022-02-08 15:12:38,172 [simulator_env.py | 272] INFO: 2022-02-08 08:20:00, Order 08103000132: state = 1 < 2, we can not finish the simulation
2022-02-08 15:12:38,174 [simulator_env.py | 87] INFO: **************************************************
2022-02-08 15:12:38,174 [simulator_env.py | 91] INFO: cur time: 2022-02-08 08:30:00, pre time: 2022-02-08 08:20:00
2022-02-08 15:12:38,174 [simulator_env.py | 138] INFO: Start to update the input of 2022-02-08 08:30:00
2022-02-08 15:12:38,185 [simulator_env.py | 166] INFO: Get 21 unallocated orders, 28 ongoing orders, 121 completed orders.
2022-02-08 15:12:39,212 [simulator_env.py | 100] INFO: Finish the dispatch.
2022-02-08 15:12:39,215 [simulator_env.py | 272] INFO: 2022-02-08 08:30:00, Order 08192900148: state = 1 < 2, we can not finish the simulation
2022-02-08 15:12:39,217 [simulator_env.py | 87] INFO: **************************************************
2022-02-08 15:12:39,218 [simulator_env.py | 91] INFO: cur time: 2022-02-08 08:40:00, pre time: 2022-02-08 08:30:00
2022-02-08 15:12:39,218 [simulator_env.py | 138] INFO: Start to update the input of 2022-02-08 08:40:00
2022-02-08 15:12:39,228 [simulator_env.py | 166] INFO: Get 22 unallocated orders, 31 ongoing orders, 138 completed orders.
2022-02-08 15:12:40,324 [simulator_env.py | 100] INFO: Finish the dispatch.
2022-02-08 15:12:40,328 [simulator_env.py | 272] INFO: 2022-02-08 08:40:00, Order 08264100163: state = 1 < 2, we can not finish the simulation
2022-02-08 15:12:40,329 [simulator_env.py | 87] INFO: **************************************************
2022-02-08 15:12:40,330 [simulator_env.py | 91] INFO: cur time: 2022-02-08 08:50:00, pre time: 2022-02-08 08:40:00
2022-02-08 15:12:40,330 [simulator_env.py | 138] INFO: Start to update the input of 2022-02-08 08:50:00
2022-02-08 15:12:40,338 [simulator_env.py | 166] INFO: Get 19 unallocated orders, 37 ongoing orders, 152 completed orders.
2022-02-08 15:12:41,408 [simulator_env.py | 100] INFO: Finish the dispatch.
2022-02-08 15:12:41,413 [simulator_env.py | 272] INFO: 2022-02-08 08:50:00, Order 08372900186: state = 1 < 2, we can not finish the simulation
2022-02-08 15:12:41,414 [simulator_env.py | 87] INFO: **************************************************
2022-02-08 15:12:41,414 [simulator_env.py | 91] INFO: cur time: 2022-02-08 09:00:00, pre time: 2022-02-08 08:50:00
2022-02-08 15:12:41,415 [simulator_env.py | 138] INFO: Start to update the input of 2022-02-08 09:00:00
2022-02-08 15:12:41,429 [simulator_env.py | 166] INFO: Get 31 unallocated orders, 32 ongoing orders, 175 completed orders.
2022-02-08 15:12:42,410 [simulator_env.py | 100] INFO: Finish the dispatch.
2022-02-08 15:12:42,414 [simulator_env.py | 272] INFO: 2022-02-08 09:00:00, Order 08390100189: state = 1 < 2, we can not finish the simulation
2022-02-08 15:12:42,416 [simulator_env.py | 87] INFO: **************************************************
2022-02-08 15:12:42,416 [simulator_env.py | 91] INFO: cur time: 2022-02-08 09:10:00, pre time: 2022-02-08 09:00:00
2022-02-08 15:12:42,416 [simulator_env.py | 138] INFO: Start to update the input of 2022-02-08 09:10:00
2022-02-08 15:12:42,433 [simulator_env.py | 166] INFO: Get 36 unallocated orders, 36 ongoing orders, 198 completed orders.
2022-02-08 15:12:43,573 [simulator_env.py | 100] INFO: Finish the dispatch.
2022-02-08 15:12:43,578 [simulator_env.py | 272] INFO: 2022-02-08 09:10:00, Order 08563400223: state = 1 < 2, we can not finish the simulation
2022-02-08 15:12:43,580 [simulator_env.py | 87] INFO: **************************************************
2022-02-08 15:12:43,581 [simulator_env.py | 91] INFO: cur time: 2022-02-08 09:20:00, pre time: 2022-02-08 09:10:00
2022-02-08 15:12:43,581 [simulator_env.py | 138] INFO: Start to update the input of 2022-02-08 09:20:00
2022-02-08 15:12:43,608 [simulator_env.py | 166] INFO: Get 31 unallocated orders, 41 ongoing orders, 225 completed orders.
2022-02-08 15:12:44,836 [simulator_env.py | 100] INFO: Finish the dispatch.
2022-02-08 15:12:44,840 [simulator_env.py | 272] INFO: 2022-02-08 09:20:00, Order 09051900252: state = 1 < 2, we can not finish the simulation
2022-02-08 15:12:44,842 [simulator_env.py | 87] INFO: **************************************************
2022-02-08 15:12:44,842 [simulator_env.py | 91] INFO: cur time: 2022-02-08 09:30:00, pre time: 2022-02-08 09:20:00
2022-02-08 15:12:44,842 [simulator_env.py | 138] INFO: Start to update the input of 2022-02-08 09:30:00
2022-02-08 15:12:44,856 [simulator_env.py | 166] INFO: Get 39 unallocated orders, 39 ongoing orders, 253 completed orders.
2022-02-08 15:12:46,036 [simulator_env.py | 100] INFO: Finish the dispatch.
2022-02-08 15:12:46,039 [simulator_env.py | 272] INFO: 2022-02-08 09:30:00, Order 09051900252: state = 1 < 2, we can not finish the simulation
2022-02-08 15:12:46,041 [simulator_env.py | 87] INFO: **************************************************
2022-02-08 15:12:46,041 [simulator_env.py | 91] INFO: cur time: 2022-02-08 09:40:00, pre time: 2022-02-08 09:30:00
2022-02-08 15:12:46,042 [simulator_env.py | 138] INFO: Start to update the input of 2022-02-08 09:40:00
2022-02-08 15:12:46,055 [simulator_env.py | 166] INFO: Get 35 unallocated orders, 48 ongoing orders, 277 completed orders.
2022-02-08 15:12:47,124 [simulator_env.py | 100] INFO: Finish the dispatch.
2022-02-08 15:12:47,129 [simulator_env.py | 272] INFO: 2022-02-08 09:40:00, Order 09191400296: state = 1 < 2, we can not finish the simulation
2022-02-08 15:12:47,132 [simulator_env.py | 87] INFO: **************************************************
2022-02-08 15:12:47,132 [simulator_env.py | 91] INFO: cur time: 2022-02-08 09:50:00, pre time: 2022-02-08 09:40:00
2022-02-08 15:12:47,132 [simulator_env.py | 138] INFO: Start to update the input of 2022-02-08 09:50:00
2022-02-08 15:12:47,145 [simulator_env.py | 166] INFO: Get 38 unallocated orders, 50 ongoing orders, 303 completed orders.
2022-02-08 15:12:48,220 [simulator_env.py | 100] INFO: Finish the dispatch.
2022-02-08 15:12:48,224 [simulator_env.py | 272] INFO: 2022-02-08 09:50:00, Order 09250400311: state = 1 < 2, we can not finish the simulation
2022-02-08 15:12:48,225 [simulator_env.py | 87] INFO: **************************************************
2022-02-08 15:12:48,226 [simulator_env.py | 91] INFO: cur time: 2022-02-08 10:00:00, pre time: 2022-02-08 09:50:00
2022-02-08 15:12:48,226 [simulator_env.py | 138] INFO: Start to update the input of 2022-02-08 10:00:00
2022-02-08 15:12:48,241 [simulator_env.py | 166] INFO: Get 57 unallocated orders, 49 ongoing orders, 337 completed orders.
2022-02-08 15:12:49,371 [simulator_env.py | 100] INFO: Finish the dispatch.
2022-02-08 15:12:49,375 [simulator_env.py | 272] INFO: 2022-02-08 10:00:00, Order 09442400367: state = 1 < 2, we can not finish the simulation
2022-02-08 15:12:49,376 [simulator_env.py | 87] INFO: **************************************************
2022-02-08 15:12:49,376 [simulator_env.py | 91] INFO: cur time: 2022-02-08 10:10:00, pre time: 2022-02-08 10:00:00
2022-02-08 15:12:49,376 [simulator_env.py | 138] INFO: Start to update the input of 2022-02-08 10:10:00
2022-02-08 15:12:49,393 [simulator_env.py | 166] INFO: Get 48 unallocated orders, 60 ongoing orders, 375 completed orders.
2022-02-08 15:12:50,164 [simulator_env.py | 100] INFO: Finish the dispatch.
2022-02-08 15:12:50,170 [simulator_env.py | 272] INFO: 2022-02-08 10:10:00, Order 09523500405: state = 1 < 2, we can not finish the simulation
2022-02-08 15:12:50,172 [simulator_env.py | 87] INFO: **************************************************
2022-02-08 15:12:50,172 [simulator_env.py | 91] INFO: cur time: 2022-02-08 10:20:00, pre time: 2022-02-08 10:10:00
2022-02-08 15:12:50,172 [simulator_env.py | 138] INFO: Start to update the input of 2022-02-08 10:20:00
2022-02-08 15:12:50,186 [simulator_env.py | 166] INFO: Get 50 unallocated orders, 52 ongoing orders, 418 completed orders.
2022-02-08 15:12:50,961 [simulator_env.py | 100] INFO: Finish the dispatch.
2022-02-08 15:12:50,966 [simulator_env.py | 272] INFO: 2022-02-08 10:20:00, Order 09544800414: state = 1 < 2, we can not finish the simulation
2022-02-08 15:12:50,968 [simulator_env.py | 87] INFO: **************************************************
2022-02-08 15:12:50,968 [simulator_env.py | 91] INFO: cur time: 2022-02-08 10:30:00, pre time: 2022-02-08 10:20:00
2022-02-08 15:12:50,970 [simulator_env.py | 138] INFO: Start to update the input of 2022-02-08 10:30:00
2022-02-08 15:12:50,987 [simulator_env.py | 166] INFO: Get 48 unallocated orders, 56 ongoing orders, 453 completed orders.
2022-02-08 15:12:51,873 [simulator_env.py | 100] INFO: Finish the dispatch.
2022-02-08 15:12:51,878 [simulator_env.py | 272] INFO: 2022-02-08 10:30:00, Order 10061800464: state = 1 < 2, we can not finish the simulation
2022-02-08 15:12:51,880 [simulator_env.py | 87] INFO: **************************************************
2022-02-08 15:12:51,880 [simulator_env.py | 91] INFO: cur time: 2022-02-08 10:40:00, pre time: 2022-02-08 10:30:00
2022-02-08 15:12:51,881 [simulator_env.py | 138] INFO: Start to update the input of 2022-02-08 10:40:00
2022-02-08 15:12:51,894 [simulator_env.py | 166] INFO: Get 63 unallocated orders, 54 ongoing orders, 498 completed orders.
2022-02-08 15:12:52,775 [simulator_env.py | 100] INFO: Finish the dispatch.
2022-02-08 15:12:52,781 [simulator_env.py | 272] INFO: 2022-02-08 10:40:00, Order 10234600531: state = 1 < 2, we can not finish the simulation
2022-02-08 15:12:52,782 [simulator_env.py | 87] INFO: **************************************************
2022-02-08 15:12:52,782 [simulator_env.py | 91] INFO: cur time: 2022-02-08 10:50:00, pre time: 2022-02-08 10:40:00
2022-02-08 15:12:52,783 [simulator_env.py | 138] INFO: Start to update the input of 2022-02-08 10:50:00
2022-02-08 15:12:52,803 [simulator_env.py | 166] INFO: Get 56 unallocated orders, 64 ongoing orders, 539 completed orders.
2022-02-08 15:12:53,987 [simulator_env.py | 100] INFO: Finish the dispatch.
2022-02-08 15:12:53,991 [simulator_env.py | 272] INFO: 2022-02-08 10:50:00, Order 10333900575: state = 1 < 2, we can not finish the simulation
2022-02-08 15:12:53,994 [simulator_env.py | 87] INFO: **************************************************
2022-02-08 15:12:53,994 [simulator_env.py | 91] INFO: cur time: 2022-02-08 11:00:00, pre time: 2022-02-08 10:50:00
2022-02-08 15:12:53,995 [simulator_env.py | 138] INFO: Start to update the input of 2022-02-08 11:00:00
2022-02-08 15:12:54,007 [simulator_env.py | 166] INFO: Get 55 unallocated orders, 54 ongoing orders, 590 completed orders.
2022-02-08 15:12:54,787 [simulator_env.py | 100] INFO: Finish the dispatch.
2022-02-08 15:12:54,791 [simulator_env.py | 272] INFO: 2022-02-08 11:00:00, Order 10381300602: state = 1 < 2, we can not finish the simulation
2022-02-08 15:12:54,792 [simulator_env.py | 87] INFO: **************************************************
2022-02-08 15:12:54,792 [simulator_env.py | 91] INFO: cur time: 2022-02-08 11:10:00, pre time: 2022-02-08 11:00:00
2022-02-08 15:12:54,792 [simulator_env.py | 138] INFO: Start to update the input of 2022-02-08 11:10:00
2022-02-08 15:12:54,806 [simulator_env.py | 166] INFO: Get 51 unallocated orders, 54 ongoing orders, 638 completed orders.
2022-02-08 15:12:55,576 [simulator_env.py | 100] INFO: Finish the dispatch.
2022-02-08 15:12:55,580 [simulator_env.py | 272] INFO: 2022-02-08 11:10:00, Order 10465600642: state = 1 < 2, we can not finish the simulation
2022-02-08 15:12:55,583 [simulator_env.py | 87] INFO: **************************************************
2022-02-08 15:12:55,583 [simulator_env.py | 91] INFO: cur time: 2022-02-08 11:20:00, pre time: 2022-02-08 11:10:00
2022-02-08 15:12:55,583 [simulator_env.py | 138] INFO: Start to update the input of 2022-02-08 11:20:00
2022-02-08 15:12:55,598 [simulator_env.py | 166] INFO: Get 37 unallocated orders, 60 ongoing orders, 678 completed orders.
2022-02-08 15:12:56,418 [simulator_env.py | 100] INFO: Finish the dispatch.
2022-02-08 15:12:56,424 [simulator_env.py | 272] INFO: 2022-02-08 11:20:00, Order 11041000717: state = 1 < 2, we can not finish the simulation
2022-02-08 15:12:56,426 [simulator_env.py | 87] INFO: **************************************************
2022-02-08 15:12:56,427 [simulator_env.py | 91] INFO: cur time: 2022-02-08 11:30:00, pre time: 2022-02-08 11:20:00
2022-02-08 15:12:56,427 [simulator_env.py | 138] INFO: Start to update the input of 2022-02-08 11:30:00
2022-02-08 15:12:56,440 [simulator_env.py | 166] INFO: Get 55 unallocated orders, 51 ongoing orders, 713 completed orders.
2022-02-08 15:12:57,366 [simulator_env.py | 100] INFO: Finish the dispatch.
2022-02-08 15:12:57,372 [simulator_env.py | 272] INFO: 2022-02-08 11:30:00, Order 11064100728: state = 1 < 2, we can not finish the simulation
2022-02-08 15:12:57,374 [simulator_env.py | 87] INFO: **************************************************
2022-02-08 15:12:57,374 [simulator_env.py | 91] INFO: cur time: 2022-02-08 11:40:00, pre time: 2022-02-08 11:30:00
2022-02-08 15:12:57,375 [simulator_env.py | 138] INFO: Start to update the input of 2022-02-08 11:40:00
2022-02-08 15:12:57,390 [simulator_env.py | 166] INFO: Get 51 unallocated orders, 66 ongoing orders, 747 completed orders.
2022-02-08 15:12:58,618 [simulator_env.py | 100] INFO: Finish the dispatch.
2022-02-08 15:12:58,623 [simulator_env.py | 272] INFO: 2022-02-08 11:40:00, Order 11220600785: state = 1 < 2, we can not finish the simulation
2022-02-08 15:12:58,626 [simulator_env.py | 87] INFO: **************************************************
2022-02-08 15:12:58,626 [simulator_env.py | 91] INFO: cur time: 2022-02-08 11:50:00, pre time: 2022-02-08 11:40:00
2022-02-08 15:12:58,626 [simulator_env.py | 138] INFO: Start to update the input of 2022-02-08 11:50:00
2022-02-08 15:12:58,644 [simulator_env.py | 166] INFO: Get 36 unallocated orders, 58 ongoing orders, 799 completed orders.
2022-02-08 15:13:00,266 [simulator_env.py | 100] INFO: Finish the dispatch.
2022-02-08 15:13:00,272 [simulator_env.py | 272] INFO: 2022-02-08 11:50:00, Order 11353300841: state = 1 < 2, we can not finish the simulation
2022-02-08 15:13:00,274 [simulator_env.py | 87] INFO: **************************************************
2022-02-08 15:13:00,274 [simulator_env.py | 91] INFO: cur time: 2022-02-08 12:00:00, pre time: 2022-02-08 11:50:00
2022-02-08 15:13:00,274 [simulator_env.py | 138] INFO: Start to update the input of 2022-02-08 12:00:00
2022-02-08 15:13:00,291 [simulator_env.py | 166] INFO: Get 48 unallocated orders, 47 ongoing orders, 841 completed orders.
2022-02-08 15:13:01,269 [simulator_env.py | 100] INFO: Finish the dispatch.
2022-02-08 15:13:01,273 [simulator_env.py | 272] INFO: 2022-02-08 12:00:00, Order 11394800862: state = 1 < 2, we can not finish the simulation
2022-02-08 15:13:01,275 [simulator_env.py | 87] INFO: **************************************************
2022-02-08 15:13:01,275 [simulator_env.py | 91] INFO: cur time: 2022-02-08 12:10:00, pre time: 2022-02-08 12:00:00
2022-02-08 15:13:01,275 [simulator_env.py | 138] INFO: Start to update the input of 2022-02-08 12:10:00
2022-02-08 15:13:01,290 [simulator_env.py | 166] INFO: Get 30 unallocated orders, 53 ongoing orders, 873 completed orders.
2022-02-08 15:13:02,265 [simulator_env.py | 100] INFO: Finish the dispatch.
2022-02-08 15:13:02,271 [simulator_env.py | 272] INFO: 2022-02-08 12:10:00, Order 11455200881: state = 1 < 2, we can not finish the simulation
2022-02-08 15:13:02,275 [simulator_env.py | 87] INFO: **************************************************
2022-02-08 15:13:02,275 [simulator_env.py | 91] INFO: cur time: 2022-02-08 12:20:00, pre time: 2022-02-08 12:10:00
2022-02-08 15:13:02,275 [simulator_env.py | 138] INFO: Start to update the input of 2022-02-08 12:20:00
2022-02-08 15:13:02,292 [simulator_env.py | 166] INFO: Get 21 unallocated orders, 39 ongoing orders, 915 completed orders.
2022-02-08 15:13:03,246 [simulator_env.py | 100] INFO: Finish the dispatch.
2022-02-08 15:13:03,249 [simulator_env.py | 272] INFO: 2022-02-08 12:20:00, Order 11505200900: state = 1 < 2, we can not finish the simulation
2022-02-08 15:13:03,250 [simulator_env.py | 87] INFO: **************************************************
2022-02-08 15:13:03,250 [simulator_env.py | 91] INFO: cur time: 2022-02-08 12:30:00, pre time: 2022-02-08 12:20:00
2022-02-08 15:13:03,250 [simulator_env.py | 138] INFO: Start to update the input of 2022-02-08 12:30:00
2022-02-08 15:13:03,261 [simulator_env.py | 166] INFO: Get 26 unallocated orders, 35 ongoing orders, 936 completed orders.
2022-02-08 15:13:04,344 [simulator_env.py | 100] INFO: Finish the dispatch.
2022-02-08 15:13:04,348 [simulator_env.py | 272] INFO: 2022-02-08 12:30:00, Order 12081000949: state = 1 < 2, we can not finish the simulation
2022-02-08 15:13:04,349 [simulator_env.py | 87] INFO: **************************************************
2022-02-08 15:13:04,349 [simulator_env.py | 91] INFO: cur time: 2022-02-08 12:40:00, pre time: 2022-02-08 12:30:00
2022-02-08 15:13:04,350 [simulator_env.py | 138] INFO: Start to update the input of 2022-02-08 12:40:00
2022-02-08 15:13:04,358 [simulator_env.py | 166] INFO: Get 24 unallocated orders, 36 ongoing orders, 958 completed orders.
2022-02-08 15:13:05,291 [simulator_env.py | 100] INFO: Finish the dispatch.
2022-02-08 15:13:05,296 [simulator_env.py | 272] INFO: 2022-02-08 12:40:00, Order 12242200983: state = 1 < 2, we can not finish the simulation
2022-02-08 15:13:05,297 [simulator_env.py | 87] INFO: **************************************************
2022-02-08 15:13:05,297 [simulator_env.py | 91] INFO: cur time: 2022-02-08 12:50:00, pre time: 2022-02-08 12:40:00
2022-02-08 15:13:05,297 [simulator_env.py | 138] INFO: Start to update the input of 2022-02-08 12:50:00
2022-02-08 15:13:05,309 [simulator_env.py | 166] INFO: Get 33 unallocated orders, 37 ongoing orders, 980 completed orders.
2022-02-08 15:13:06,501 [simulator_env.py | 100] INFO: Finish the dispatch.
2022-02-08 15:13:06,506 [simulator_env.py | 272] INFO: 2022-02-08 12:50:00, Order 12372001009: state = 1 < 2, we can not finish the simulation
2022-02-08 15:13:06,507 [simulator_env.py | 87] INFO: **************************************************
2022-02-08 15:13:06,508 [simulator_env.py | 91] INFO: cur time: 2022-02-08 13:00:00, pre time: 2022-02-08 12:50:00
2022-02-08 15:13:06,508 [simulator_env.py | 138] INFO: Start to update the input of 2022-02-08 13:00:00
2022-02-08 15:13:06,521 [simulator_env.py | 166] INFO: Get 17 unallocated orders, 41 ongoing orders, 1005 completed orders.
2022-02-08 15:13:07,412 [simulator_env.py | 100] INFO: Finish the dispatch.
2022-02-08 15:13:07,415 [simulator_env.py | 272] INFO: 2022-02-08 13:00:00, Order 12432401032: state = 1 < 2, we can not finish the simulation
2022-02-08 15:13:07,416 [simulator_env.py | 87] INFO: **************************************************
2022-02-08 15:13:07,416 [simulator_env.py | 91] INFO: cur time: 2022-02-08 13:10:00, pre time: 2022-02-08 13:00:00
2022-02-08 15:13:07,416 [simulator_env.py | 138] INFO: Start to update the input of 2022-02-08 13:10:00
2022-02-08 15:13:07,425 [simulator_env.py | 166] INFO: Get 32 unallocated orders, 31 ongoing orders, 1027 completed orders.
2022-02-08 15:13:08,420 [simulator_env.py | 100] INFO: Finish the dispatch.
2022-02-08 15:13:08,423 [simulator_env.py | 272] INFO: 2022-02-08 13:10:00, Order 12445901037: state = 1 < 2, we can not finish the simulation
2022-02-08 15:13:08,424 [simulator_env.py | 87] INFO: **************************************************
2022-02-08 15:13:08,424 [simulator_env.py | 91] INFO: cur time: 2022-02-08 13:20:00, pre time: 2022-02-08 13:10:00
2022-02-08 15:13:08,424 [simulator_env.py | 138] INFO: Start to update the input of 2022-02-08 13:20:00
2022-02-08 15:13:08,438 [simulator_env.py | 166] INFO: Get 20 unallocated orders, 42 ongoing orders, 1046 completed orders.
2022-02-08 15:13:09,357 [simulator_env.py | 100] INFO: Finish the dispatch.
2022-02-08 15:13:09,361 [simulator_env.py | 272] INFO: 2022-02-08 13:20:00, Order 13095501087: state = 1 < 2, we can not finish the simulation
2022-02-08 15:13:09,363 [simulator_env.py | 87] INFO: **************************************************
2022-02-08 15:13:09,363 [simulator_env.py | 91] INFO: cur time: 2022-02-08 13:30:00, pre time: 2022-02-08 13:20:00
2022-02-08 15:13:09,363 [simulator_env.py | 138] INFO: Start to update the input of 2022-02-08 13:30:00
2022-02-08 15:13:09,380 [simulator_env.py | 166] INFO: Get 16 unallocated orders, 35 ongoing orders, 1072 completed orders.
2022-02-08 15:13:10,444 [simulator_env.py | 100] INFO: Finish the dispatch.
2022-02-08 15:13:10,447 [simulator_env.py | 272] INFO: 2022-02-08 13:30:00, Order 13195601107: state = 1 < 2, we can not finish the simulation
2022-02-08 15:13:10,448 [simulator_env.py | 87] INFO: **************************************************
2022-02-08 15:13:10,448 [simulator_env.py | 91] INFO: cur time: 2022-02-08 13:40:00, pre time: 2022-02-08 13:30:00
2022-02-08 15:13:10,449 [simulator_env.py | 138] INFO: Start to update the input of 2022-02-08 13:40:00
2022-02-08 15:13:10,463 [simulator_env.py | 166] INFO: Get 19 unallocated orders, 32 ongoing orders, 1088 completed orders.
2022-02-08 15:13:11,655 [simulator_env.py | 100] INFO: Finish the dispatch.
2022-02-08 15:13:11,658 [simulator_env.py | 272] INFO: 2022-02-08 13:40:00, Order 13220401109: state = 1 < 2, we can not finish the simulation
2022-02-08 15:13:11,659 [simulator_env.py | 87] INFO: **************************************************
2022-02-08 15:13:11,659 [simulator_env.py | 91] INFO: cur time: 2022-02-08 13:50:00, pre time: 2022-02-08 13:40:00
2022-02-08 15:13:11,659 [simulator_env.py | 138] INFO: Start to update the input of 2022-02-08 13:50:00
2022-02-08 15:13:11,668 [simulator_env.py | 166] INFO: Get 12 unallocated orders, 30 ongoing orders, 1108 completed orders.
2022-02-08 15:13:12,561 [simulator_env.py | 100] INFO: Finish the dispatch.
2022-02-08 15:13:12,564 [simulator_env.py | 272] INFO: 2022-02-08 13:50:00, Order 13220401109: state = 1 < 2, we can not finish the simulation
2022-02-08 15:13:12,565 [simulator_env.py | 87] INFO: **************************************************
2022-02-08 15:13:12,565 [simulator_env.py | 91] INFO: cur time: 2022-02-08 14:00:00, pre time: 2022-02-08 13:50:00
2022-02-08 15:13:12,565 [simulator_env.py | 138] INFO: Start to update the input of 2022-02-08 14:00:00
2022-02-08 15:13:12,575 [simulator_env.py | 166] INFO: Get 18 unallocated orders, 25 ongoing orders, 1125 completed orders.
2022-02-08 15:13:14,136 [simulator_env.py | 100] INFO: Finish the dispatch.
2022-02-08 15:13:14,139 [simulator_env.py | 272] INFO: 2022-02-08 14:00:00, Order 13502801150: state = 1 < 2, we can not finish the simulation
2022-02-08 15:13:14,140 [simulator_env.py | 87] INFO: **************************************************
2022-02-08 15:13:14,140 [simulator_env.py | 91] INFO: cur time: 2022-02-08 14:10:00, pre time: 2022-02-08 14:00:00
2022-02-08 15:13:14,140 [simulator_env.py | 138] INFO: Start to update the input of 2022-02-08 14:10:00
2022-02-08 15:13:14,149 [simulator_env.py | 166] INFO: Get 15 unallocated orders, 32 ongoing orders, 1134 completed orders.
2022-02-08 15:13:15,253 [simulator_env.py | 100] INFO: Finish the dispatch.
2022-02-08 15:13:15,256 [simulator_env.py | 272] INFO: 2022-02-08 14:10:00, Order 13552801163: state = 1 < 2, we can not finish the simulation
2022-02-08 15:13:15,258 [simulator_env.py | 87] INFO: **************************************************
2022-02-08 15:13:15,258 [simulator_env.py | 91] INFO: cur time: 2022-02-08 14:20:00, pre time: 2022-02-08 14:10:00
2022-02-08 15:13:15,258 [simulator_env.py | 138] INFO: Start to update the input of 2022-02-08 14:20:00
2022-02-08 15:13:15,271 [simulator_env.py | 166] INFO: Get 19 unallocated orders, 28 ongoing orders, 1146 completed orders.
2022-02-08 15:13:16,203 [simulator_env.py | 100] INFO: Finish the dispatch.
2022-02-08 15:13:16,207 [simulator_env.py | 272] INFO: 2022-02-08 14:20:00, Order 13575801167: state = 1 < 2, we can not finish the simulation
2022-02-08 15:13:16,210 [simulator_env.py | 87] INFO: **************************************************
2022-02-08 15:13:16,210 [simulator_env.py | 91] INFO: cur time: 2022-02-08 14:30:00, pre time: 2022-02-08 14:20:00
2022-02-08 15:13:16,210 [simulator_env.py | 138] INFO: Start to update the input of 2022-02-08 14:30:00
2022-02-08 15:13:16,221 [simulator_env.py | 166] INFO: Get 15 unallocated orders, 30 ongoing orders, 1162 completed orders.
2022-02-08 15:13:17,274 [simulator_env.py | 100] INFO: Finish the dispatch.
2022-02-08 15:13:17,279 [simulator_env.py | 272] INFO: 2022-02-08 14:30:00, Order 14113401183: state = 1 < 2, we can not finish the simulation
2022-02-08 15:13:17,282 [simulator_env.py | 87] INFO: **************************************************
2022-02-08 15:13:17,282 [simulator_env.py | 91] INFO: cur time: 2022-02-08 14:40:00, pre time: 2022-02-08 14:30:00
2022-02-08 15:13:17,282 [simulator_env.py | 138] INFO: Start to update the input of 2022-02-08 14:40:00
2022-02-08 15:13:17,294 [simulator_env.py | 166] INFO: Get 21 unallocated orders, 27 ongoing orders, 1179 completed orders.
2022-02-08 15:13:18,425 [simulator_env.py | 100] INFO: Finish the dispatch.
2022-02-08 15:13:18,428 [simulator_env.py | 272] INFO: 2022-02-08 14:40:00, Order 14253601200: state = 1 < 2, we can not finish the simulation
2022-02-08 15:13:18,429 [simulator_env.py | 87] INFO: **************************************************
2022-02-08 15:13:18,429 [simulator_env.py | 91] INFO: cur time: 2022-02-08 14:50:00, pre time: 2022-02-08 14:40:00
2022-02-08 15:13:18,429 [simulator_env.py | 138] INFO: Start to update the input of 2022-02-08 14:50:00
2022-02-08 15:13:18,439 [simulator_env.py | 166] INFO: Get 20 unallocated orders, 32 ongoing orders, 1194 completed orders.
2022-02-08 15:13:19,432 [simulator_env.py | 100] INFO: Finish the dispatch.
2022-02-08 15:13:19,435 [simulator_env.py | 272] INFO: 2022-02-08 14:50:00, Order 14390001223: state = 1 < 2, we can not finish the simulation
2022-02-08 15:13:19,437 [simulator_env.py | 87] INFO: **************************************************
2022-02-08 15:13:19,437 [simulator_env.py | 91] INFO: cur time: 2022-02-08 15:00:00, pre time: 2022-02-08 14:50:00
2022-02-08 15:13:19,437 [simulator_env.py | 138] INFO: Start to update the input of 2022-02-08 15:00:00
2022-02-08 15:13:19,448 [simulator_env.py | 166] INFO: Get 20 unallocated orders, 29 ongoing orders, 1213 completed orders.
2022-02-08 15:13:20,497 [simulator_env.py | 100] INFO: Finish the dispatch.
2022-02-08 15:13:20,499 [simulator_env.py | 272] INFO: 2022-02-08 15:00:00, Order 14455401236: state = 1 < 2, we can not finish the simulation
2022-02-08 15:13:20,500 [simulator_env.py | 87] INFO: **************************************************
2022-02-08 15:13:20,500 [simulator_env.py | 91] INFO: cur time: 2022-02-08 15:10:00, pre time: 2022-02-08 15:00:00
2022-02-08 15:13:20,500 [simulator_env.py | 138] INFO: Start to update the input of 2022-02-08 15:10:00
2022-02-08 15:13:20,512 [simulator_env.py | 166] INFO: Get 21 unallocated orders, 29 ongoing orders, 1227 completed orders.
2022-02-08 15:13:21,582 [simulator_env.py | 100] INFO: Finish the dispatch.
2022-02-08 15:13:21,585 [simulator_env.py | 272] INFO: 2022-02-08 15:10:00, Order 14494401245: state = 1 < 2, we can not finish the simulation
2022-02-08 15:13:21,587 [simulator_env.py | 87] INFO: **************************************************
2022-02-08 15:13:21,587 [simulator_env.py | 91] INFO: cur time: 2022-02-08 15:20:00, pre time: 2022-02-08 15:10:00
2022-02-08 15:13:21,587 [simulator_env.py | 138] INFO: Start to update the input of 2022-02-08 15:20:00
2022-02-08 15:13:21,596 [simulator_env.py | 166] INFO: Get 18 unallocated orders, 27 ongoing orders, 1247 completed orders.
2022-02-08 15:13:22,531 [simulator_env.py | 100] INFO: Finish the dispatch.
2022-02-08 15:13:22,534 [simulator_env.py | 272] INFO: 2022-02-08 15:20:00, Order 15024601267: state = 1 < 2, we can not finish the simulation
2022-02-08 15:13:22,535 [simulator_env.py | 87] INFO: **************************************************
2022-02-08 15:13:22,535 [simulator_env.py | 91] INFO: cur time: 2022-02-08 15:30:00, pre time: 2022-02-08 15:20:00
2022-02-08 15:13:22,535 [simulator_env.py | 138] INFO: Start to update the input of 2022-02-08 15:30:00
2022-02-08 15:13:22,551 [simulator_env.py | 166] INFO: Get 18 unallocated orders, 26 ongoing orders, 1263 completed orders.
2022-02-08 15:13:23,688 [simulator_env.py | 100] INFO: Finish the dispatch.
2022-02-08 15:13:23,690 [checker.py      | 87] ERROR: driver D_12, returned destination id is Ghim Moh Market & Food Centre, however the origin destination id is 128807 Singapore.
2022-02-08 15:13:23,690 [checker.py      | 37] ERROR: Returned destination of driver D_12 is not valid
2022-02-08 15:13:23,690 [simulator_env.py | 104] ERROR: Dispatch result is infeasible
2022-02-08 15:13:23,959 [main.py         | 36] INFO: Score of instance_2: 9223372036854775807
