2022-02-08 16:25:08,159 [main.py         | 31] INFO: Start to run instance_2
2022-02-08 16:25:08,159 [simulator_api.py | 43] INFO: Start time of the simulator: 2022-02-08 06:00:00, time interval:  600.00
2022-02-08 16:25:08,247 [input_utils.py  | 36] INFO: Get 794 locations
2022-02-08 16:26:12,468 [input_utils.py  | 40] INFO: Get 630436 routes
2022-02-08 16:26:13,091 [input_utils.py  | 45] INFO: Get 60 drivers
2022-02-08 16:26:13,519 [input_utils.py  | 49] INFO: Get 2491 orders
2022-02-08 16:26:13,519 [simulator_api.py | 76] INFO: Initial position of D_1 is Bukit Timah Market & Food Centre
2022-02-08 16:26:13,519 [simulator_api.py | 76] INFO: Initial position of D_2 is Bukit Timah Market & Food Centre
2022-02-08 16:26:13,519 [simulator_api.py | 76] INFO: Initial position of D_3 is Ghim Moh Market & Food Centre
2022-02-08 16:26:13,519 [simulator_api.py | 76] INFO: Initial position of D_4 is Bukit Timah Market & Food Centre
2022-02-08 16:26:13,519 [simulator_api.py | 76] INFO: Initial position of D_5 is Alexandra Village Food Centre
2022-02-08 16:26:13,519 [simulator_api.py | 76] INFO: Initial position of D_6 is Bukit Timah Market & Food Centre
2022-02-08 16:26:13,519 [simulator_api.py | 76] INFO: Initial position of D_7 is Bukit Timah Market & Food Centre
2022-02-08 16:26:13,519 [simulator_api.py | 76] INFO: Initial position of D_8 is Bukit Timah Market & Food Centre
2022-02-08 16:26:13,519 [simulator_api.py | 76] INFO: Initial position of D_9 is Bukit Timah Market & Food Centre
2022-02-08 16:26:13,520 [simulator_api.py | 76] INFO: Initial position of D_10 is Bukit Timah Market & Food Centre
2022-02-08 16:26:13,520 [simulator_api.py | 76] INFO: Initial position of D_11 is Alexandra Village Food Centre
2022-02-08 16:26:13,520 [simulator_api.py | 76] INFO: Initial position of D_12 is Ghim Moh Market & Food Centre
2022-02-08 16:26:13,520 [simulator_api.py | 76] INFO: Initial position of D_13 is Alexandra Village Food Centre
2022-02-08 16:26:13,521 [simulator_api.py | 76] INFO: Initial position of D_14 is Ghim Moh Market & Food Centre
2022-02-08 16:26:13,521 [simulator_api.py | 76] INFO: Initial position of D_15 is Bukit Timah Market & Food Centre
2022-02-08 16:26:13,521 [simulator_api.py | 76] INFO: Initial position of D_16 is Ghim Moh Market & Food Centre
2022-02-08 16:26:13,521 [simulator_api.py | 76] INFO: Initial position of D_17 is Ghim Moh Market & Food Centre
2022-02-08 16:26:13,521 [simulator_api.py | 76] INFO: Initial position of D_18 is Alexandra Village Food Centre
2022-02-08 16:26:13,521 [simulator_api.py | 76] INFO: Initial position of D_19 is Bukit Timah Market & Food Centre
2022-02-08 16:26:13,521 [simulator_api.py | 76] INFO: Initial position of D_20 is Alexandra Village Food Centre
2022-02-08 16:26:13,521 [simulator_api.py | 76] INFO: Initial position of D_21 is Alexandra Village Food Centre
2022-02-08 16:26:13,521 [simulator_api.py | 76] INFO: Initial position of D_22 is Alexandra Village Food Centre
2022-02-08 16:26:13,522 [simulator_api.py | 76] INFO: Initial position of D_23 is Ghim Moh Market & Food Centre
2022-02-08 16:26:13,522 [simulator_api.py | 76] INFO: Initial position of D_24 is Bukit Timah Market & Food Centre
2022-02-08 16:26:13,522 [simulator_api.py | 76] INFO: Initial position of D_25 is Ghim Moh Market & Food Centre
2022-02-08 16:26:13,522 [simulator_api.py | 76] INFO: Initial position of D_26 is Alexandra Village Food Centre
2022-02-08 16:26:13,522 [simulator_api.py | 76] INFO: Initial position of D_27 is Ghim Moh Market & Food Centre
2022-02-08 16:26:13,522 [simulator_api.py | 76] INFO: Initial position of D_28 is Alexandra Village Food Centre
2022-02-08 16:26:13,522 [simulator_api.py | 76] INFO: Initial position of D_29 is Bukit Timah Market & Food Centre
2022-02-08 16:26:13,522 [simulator_api.py | 76] INFO: Initial position of D_30 is Bukit Timah Market & Food Centre
2022-02-08 16:26:13,523 [simulator_api.py | 76] INFO: Initial position of D_31 is Alexandra Village Food Centre
2022-02-08 16:26:13,523 [simulator_api.py | 76] INFO: Initial position of D_32 is Ghim Moh Market & Food Centre
2022-02-08 16:26:13,523 [simulator_api.py | 76] INFO: Initial position of D_33 is Bukit Timah Market & Food Centre
2022-02-08 16:26:13,523 [simulator_api.py | 76] INFO: Initial position of D_34 is Bukit Timah Market & Food Centre
2022-02-08 16:26:13,524 [simulator_api.py | 76] INFO: Initial position of D_35 is Bukit Timah Market & Food Centre
2022-02-08 16:26:13,524 [simulator_api.py | 76] INFO: Initial position of D_36 is Alexandra Village Food Centre
2022-02-08 16:26:13,524 [simulator_api.py | 76] INFO: Initial position of D_37 is Alexandra Village Food Centre
2022-02-08 16:26:13,524 [simulator_api.py | 76] INFO: Initial position of D_38 is Ghim Moh Market & Food Centre
2022-02-08 16:26:13,524 [simulator_api.py | 76] INFO: Initial position of D_39 is Alexandra Village Food Centre
2022-02-08 16:26:13,524 [simulator_api.py | 76] INFO: Initial position of D_40 is Bukit Timah Market & Food Centre
2022-02-08 16:26:13,525 [simulator_api.py | 76] INFO: Initial position of D_41 is Bukit Timah Market & Food Centre
2022-02-08 16:26:13,525 [simulator_api.py | 76] INFO: Initial position of D_42 is Alexandra Village Food Centre
2022-02-08 16:26:13,526 [simulator_api.py | 76] INFO: Initial position of D_43 is Bukit Timah Market & Food Centre
2022-02-08 16:26:13,526 [simulator_api.py | 76] INFO: Initial position of D_44 is Ghim Moh Market & Food Centre
2022-02-08 16:26:13,526 [simulator_api.py | 76] INFO: Initial position of D_45 is Alexandra Village Food Centre
2022-02-08 16:26:13,526 [simulator_api.py | 76] INFO: Initial position of D_46 is Ghim Moh Market & Food Centre
2022-02-08 16:26:13,526 [simulator_api.py | 76] INFO: Initial position of D_47 is Ghim Moh Market & Food Centre
2022-02-08 16:26:13,526 [simulator_api.py | 76] INFO: Initial position of D_48 is Alexandra Village Food Centre
2022-02-08 16:26:13,526 [simulator_api.py | 76] INFO: Initial position of D_49 is Bukit Timah Market & Food Centre
2022-02-08 16:26:13,527 [simulator_api.py | 76] INFO: Initial position of D_50 is Alexandra Village Food Centre
2022-02-08 16:26:13,527 [simulator_api.py | 76] INFO: Initial position of D_51 is Alexandra Village Food Centre
2022-02-08 16:26:13,527 [simulator_api.py | 76] INFO: Initial position of D_52 is Alexandra Village Food Centre
2022-02-08 16:26:13,527 [simulator_api.py | 76] INFO: Initial position of D_53 is Ghim Moh Market & Food Centre
2022-02-08 16:26:13,528 [simulator_api.py | 76] INFO: Initial position of D_54 is Alexandra Village Food Centre
2022-02-08 16:26:13,528 [simulator_api.py | 76] INFO: Initial position of D_55 is Bukit Timah Market & Food Centre
2022-02-08 16:26:13,528 [simulator_api.py | 76] INFO: Initial position of D_56 is Bukit Timah Market & Food Centre
2022-02-08 16:26:13,528 [simulator_api.py | 76] INFO: Initial position of D_57 is Ghim Moh Market & Food Centre
2022-02-08 16:26:13,528 [simulator_api.py | 76] INFO: Initial position of D_58 is Alexandra Village Food Centre
2022-02-08 16:26:13,528 [simulator_api.py | 76] INFO: Initial position of D_59 is Bukit Timah Market & Food Centre
2022-02-08 16:26:13,531 [simulator_api.py | 76] INFO: Initial position of D_60 is Alexandra Village Food Centre
2022-02-08 16:26:13,572 [simulator_env.py | 87] INFO: **************************************************
2022-02-08 16:26:13,573 [simulator_env.py | 91] INFO: cur time: 2022-02-08 06:10:00, pre time: 2022-02-08 06:00:00
2022-02-08 16:26:13,573 [simulator_env.py | 138] INFO: Start to update the input of 2022-02-08 06:10:00
2022-02-08 16:26:13,575 [simulator_env.py | 166] INFO: Get 5 unallocated orders, 0 ongoing orders, 0 completed orders.
2022-02-08 16:26:14,685 [simulator_env.py | 100] INFO: Finish the dispatch.
2022-02-08 16:26:14,686 [simulator_env.py | 272] INFO: 2022-02-08 06:10:00, Order 06042300000: state = 1 < 2, we can not finish the simulation
2022-02-08 16:26:14,687 [simulator_env.py | 87] INFO: **************************************************
2022-02-08 16:26:14,687 [simulator_env.py | 91] INFO: cur time: 2022-02-08 06:20:00, pre time: 2022-02-08 06:10:00
2022-02-08 16:26:14,687 [simulator_env.py | 138] INFO: Start to update the input of 2022-02-08 06:20:00
2022-02-08 16:26:14,690 [simulator_env.py | 166] INFO: Get 8 unallocated orders, 3 ongoing orders, 2 completed orders.
2022-02-08 16:26:15,512 [simulator_env.py | 100] INFO: Finish the dispatch.
2022-02-08 16:26:15,513 [simulator_env.py | 272] INFO: 2022-02-08 06:20:00, Order 06101000005: state = 1 < 2, we can not finish the simulation
2022-02-08 16:26:15,514 [simulator_env.py | 87] INFO: **************************************************
2022-02-08 16:26:15,514 [simulator_env.py | 91] INFO: cur time: 2022-02-08 06:30:00, pre time: 2022-02-08 06:20:00
2022-02-08 16:26:15,514 [simulator_env.py | 138] INFO: Start to update the input of 2022-02-08 06:30:00
2022-02-08 16:26:15,519 [simulator_env.py | 166] INFO: Get 13 unallocated orders, 1 ongoing orders, 7 completed orders.
2022-02-08 16:26:16,120 [simulator_env.py | 100] INFO: Finish the dispatch.
2022-02-08 16:26:16,121 [simulator_env.py | 272] INFO: 2022-02-08 06:30:00, Order 06101000005: state = 1 < 2, we can not finish the simulation
2022-02-08 16:26:16,122 [simulator_env.py | 87] INFO: **************************************************
2022-02-08 16:26:16,122 [simulator_env.py | 91] INFO: cur time: 2022-02-08 06:40:00, pre time: 2022-02-08 06:30:00
2022-02-08 16:26:16,122 [simulator_env.py | 138] INFO: Start to update the input of 2022-02-08 06:40:00
2022-02-08 16:26:16,127 [simulator_env.py | 166] INFO: Get 4 unallocated orders, 3 ongoing orders, 15 completed orders.
2022-02-08 16:26:17,048 [simulator_env.py | 100] INFO: Finish the dispatch.
2022-02-08 16:26:17,050 [simulator_env.py | 272] INFO: 2022-02-08 06:40:00, Order 06201300013: state = 1 < 2, we can not finish the simulation
2022-02-08 16:26:17,051 [simulator_env.py | 87] INFO: **************************************************
2022-02-08 16:26:17,051 [simulator_env.py | 91] INFO: cur time: 2022-02-08 06:50:00, pre time: 2022-02-08 06:40:00
2022-02-08 16:26:17,051 [simulator_env.py | 138] INFO: Start to update the input of 2022-02-08 06:50:00
2022-02-08 16:26:17,055 [simulator_env.py | 166] INFO: Get 15 unallocated orders, 2 ongoing orders, 19 completed orders.
2022-02-08 16:26:17,660 [simulator_env.py | 100] INFO: Finish the dispatch.
2022-02-08 16:26:17,662 [simulator_env.py | 272] INFO: 2022-02-08 06:50:00, Order 06201300013: state = 1 < 2, we can not finish the simulation
2022-02-08 16:26:17,662 [simulator_env.py | 87] INFO: **************************************************
2022-02-08 16:26:17,663 [simulator_env.py | 91] INFO: cur time: 2022-02-08 07:00:00, pre time: 2022-02-08 06:50:00
2022-02-08 16:26:17,663 [simulator_env.py | 138] INFO: Start to update the input of 2022-02-08 07:00:00
2022-02-08 16:26:17,669 [simulator_env.py | 166] INFO: Get 14 unallocated orders, 6 ongoing orders, 26 completed orders.
2022-02-08 16:26:18,280 [simulator_env.py | 100] INFO: Finish the dispatch.
2022-02-08 16:26:18,282 [simulator_env.py | 272] INFO: 2022-02-08 07:00:00, Order 06414300023: state = 1 < 2, we can not finish the simulation
2022-02-08 16:26:18,283 [simulator_env.py | 87] INFO: **************************************************
2022-02-08 16:26:18,283 [simulator_env.py | 91] INFO: cur time: 2022-02-08 07:10:00, pre time: 2022-02-08 07:00:00
2022-02-08 16:26:18,283 [simulator_env.py | 138] INFO: Start to update the input of 2022-02-08 07:10:00
2022-02-08 16:26:18,288 [simulator_env.py | 166] INFO: Get 8 unallocated orders, 8 ongoing orders, 37 completed orders.
2022-02-08 16:26:18,890 [simulator_env.py | 100] INFO: Finish the dispatch.
2022-02-08 16:26:18,892 [simulator_env.py | 272] INFO: 2022-02-08 07:10:00, Order 06585200044: state = 1 < 2, we can not finish the simulation
2022-02-08 16:26:18,893 [simulator_env.py | 87] INFO: **************************************************
2022-02-08 16:26:18,893 [simulator_env.py | 91] INFO: cur time: 2022-02-08 07:20:00, pre time: 2022-02-08 07:10:00
2022-02-08 16:26:18,893 [simulator_env.py | 138] INFO: Start to update the input of 2022-02-08 07:20:00
2022-02-08 16:26:18,899 [simulator_env.py | 166] INFO: Get 13 unallocated orders, 4 ongoing orders, 48 completed orders.
2022-02-08 16:26:19,505 [simulator_env.py | 100] INFO: Finish the dispatch.
2022-02-08 16:26:19,507 [simulator_env.py | 272] INFO: 2022-02-08 07:20:00, Order 07012800047: state = 1 < 2, we can not finish the simulation
2022-02-08 16:26:19,508 [simulator_env.py | 87] INFO: **************************************************
2022-02-08 16:26:19,508 [simulator_env.py | 91] INFO: cur time: 2022-02-08 07:30:00, pre time: 2022-02-08 07:20:00
2022-02-08 16:26:19,508 [simulator_env.py | 138] INFO: Start to update the input of 2022-02-08 07:30:00
2022-02-08 16:26:19,516 [simulator_env.py | 166] INFO: Get 10 unallocated orders, 7 ongoing orders, 56 completed orders.
2022-02-08 16:26:20,263 [simulator_env.py | 100] INFO: Finish the dispatch.
2022-02-08 16:26:20,264 [simulator_env.py | 272] INFO: 2022-02-08 07:30:00, Order 07144000058: state = 1 < 2, we can not finish the simulation
2022-02-08 16:26:20,265 [simulator_env.py | 87] INFO: **************************************************
2022-02-08 16:26:20,265 [simulator_env.py | 91] INFO: cur time: 2022-02-08 07:40:00, pre time: 2022-02-08 07:30:00
2022-02-08 16:26:20,265 [simulator_env.py | 138] INFO: Start to update the input of 2022-02-08 07:40:00
2022-02-08 16:26:20,273 [simulator_env.py | 166] INFO: Get 16 unallocated orders, 3 ongoing orders, 67 completed orders.
2022-02-08 16:26:21,073 [simulator_env.py | 100] INFO: Finish the dispatch.
2022-02-08 16:26:21,074 [simulator_env.py | 272] INFO: 2022-02-08 07:40:00, Order 07202400065: state = 1 < 2, we can not finish the simulation
2022-02-08 16:26:21,075 [simulator_env.py | 87] INFO: **************************************************
2022-02-08 16:26:21,075 [simulator_env.py | 91] INFO: cur time: 2022-02-08 07:50:00, pre time: 2022-02-08 07:40:00
2022-02-08 16:26:21,075 [simulator_env.py | 138] INFO: Start to update the input of 2022-02-08 07:50:00
2022-02-08 16:26:21,081 [simulator_env.py | 166] INFO: Get 16 unallocated orders, 10 ongoing orders, 71 completed orders.
2022-02-08 16:26:21,888 [simulator_env.py | 100] INFO: Finish the dispatch.
2022-02-08 16:26:21,890 [simulator_env.py | 272] INFO: 2022-02-08 07:50:00, Order 07300500073: state = 1 < 2, we can not finish the simulation
2022-02-08 16:26:21,891 [simulator_env.py | 87] INFO: **************************************************
2022-02-08 16:26:21,892 [simulator_env.py | 91] INFO: cur time: 2022-02-08 08:00:00, pre time: 2022-02-08 07:50:00
2022-02-08 16:26:21,892 [simulator_env.py | 138] INFO: Start to update the input of 2022-02-08 08:00:00
2022-02-08 16:26:21,897 [simulator_env.py | 166] INFO: Get 19 unallocated orders, 10 ongoing orders, 83 completed orders.
2022-02-08 16:26:22,806 [simulator_env.py | 100] INFO: Finish the dispatch.
2022-02-08 16:26:22,807 [simulator_env.py | 272] INFO: 2022-02-08 08:00:00, Order 07413900088: state = 1 < 2, we can not finish the simulation
2022-02-08 16:26:22,808 [simulator_env.py | 87] INFO: **************************************************
2022-02-08 16:26:22,808 [simulator_env.py | 91] INFO: cur time: 2022-02-08 08:10:00, pre time: 2022-02-08 08:00:00
2022-02-08 16:26:22,808 [simulator_env.py | 138] INFO: Start to update the input of 2022-02-08 08:10:00
2022-02-08 16:26:22,815 [simulator_env.py | 166] INFO: Get 26 unallocated orders, 7 ongoing orders, 99 completed orders.
2022-02-08 16:26:23,781 [simulator_env.py | 100] INFO: Finish the dispatch.
2022-02-08 16:26:23,784 [simulator_env.py | 272] INFO: 2022-02-08 08:10:00, Order 07430200089: state = 1 < 2, we can not finish the simulation
2022-02-08 16:26:23,785 [simulator_env.py | 87] INFO: **************************************************
2022-02-08 16:26:23,785 [simulator_env.py | 91] INFO: cur time: 2022-02-08 08:20:00, pre time: 2022-02-08 08:10:00
2022-02-08 16:26:23,786 [simulator_env.py | 138] INFO: Start to update the input of 2022-02-08 08:20:00
2022-02-08 16:26:23,793 [simulator_env.py | 166] INFO: Get 27 unallocated orders, 11 ongoing orders, 112 completed orders.
2022-02-08 16:26:24,757 [simulator_env.py | 100] INFO: Finish the dispatch.
2022-02-08 16:26:24,759 [simulator_env.py | 272] INFO: 2022-02-08 08:20:00, Order 08004000112: state = 1 < 2, we can not finish the simulation
2022-02-08 16:26:24,760 [simulator_env.py | 87] INFO: **************************************************
2022-02-08 16:26:24,760 [simulator_env.py | 91] INFO: cur time: 2022-02-08 08:30:00, pre time: 2022-02-08 08:20:00
2022-02-08 16:26:24,761 [simulator_env.py | 138] INFO: Start to update the input of 2022-02-08 08:30:00
2022-02-08 16:26:24,768 [simulator_env.py | 166] INFO: Get 24 unallocated orders, 13 ongoing orders, 133 completed orders.
2022-02-08 16:26:25,788 [simulator_env.py | 100] INFO: Finish the dispatch.
2022-02-08 16:26:25,792 [simulator_env.py | 272] INFO: 2022-02-08 08:30:00, Order 08105100133: state = 1 < 2, we can not finish the simulation
2022-02-08 16:26:25,793 [simulator_env.py | 87] INFO: **************************************************
2022-02-08 16:26:25,793 [simulator_env.py | 91] INFO: cur time: 2022-02-08 08:40:00, pre time: 2022-02-08 08:30:00
2022-02-08 16:26:25,793 [simulator_env.py | 138] INFO: Start to update the input of 2022-02-08 08:40:00
2022-02-08 16:26:25,803 [simulator_env.py | 166] INFO: Get 27 unallocated orders, 13 ongoing orders, 151 completed orders.
2022-02-08 16:26:26,833 [simulator_env.py | 100] INFO: Finish the dispatch.
2022-02-08 16:26:26,836 [simulator_env.py | 272] INFO: 2022-02-08 08:40:00, Order 08204200151: state = 1 < 2, we can not finish the simulation
2022-02-08 16:26:26,836 [simulator_env.py | 87] INFO: **************************************************
2022-02-08 16:26:26,837 [simulator_env.py | 91] INFO: cur time: 2022-02-08 08:50:00, pre time: 2022-02-08 08:40:00
2022-02-08 16:26:26,838 [simulator_env.py | 138] INFO: Start to update the input of 2022-02-08 08:50:00
2022-02-08 16:26:26,850 [simulator_env.py | 166] INFO: Get 25 unallocated orders, 16 ongoing orders, 167 completed orders.
2022-02-08 16:26:27,985 [simulator_env.py | 100] INFO: Finish the dispatch.
2022-02-08 16:26:27,988 [simulator_env.py | 272] INFO: 2022-02-08 08:50:00, Order 08302900170: state = 1 < 2, we can not finish the simulation
2022-02-08 16:26:27,989 [simulator_env.py | 87] INFO: **************************************************
2022-02-08 16:26:27,989 [simulator_env.py | 91] INFO: cur time: 2022-02-08 09:00:00, pre time: 2022-02-08 08:50:00
2022-02-08 16:26:27,989 [simulator_env.py | 138] INFO: Start to update the input of 2022-02-08 09:00:00
2022-02-08 16:26:27,996 [simulator_env.py | 166] INFO: Get 31 unallocated orders, 17 ongoing orders, 190 completed orders.
2022-02-08 16:26:29,120 [simulator_env.py | 100] INFO: Finish the dispatch.
2022-02-08 16:26:29,122 [simulator_env.py | 272] INFO: 2022-02-08 09:00:00, Order 08335900178: state = 1 < 2, we can not finish the simulation
2022-02-08 16:26:29,122 [simulator_env.py | 87] INFO: **************************************************
2022-02-08 16:26:29,123 [simulator_env.py | 91] INFO: cur time: 2022-02-08 09:10:00, pre time: 2022-02-08 09:00:00
2022-02-08 16:26:29,123 [simulator_env.py | 138] INFO: Start to update the input of 2022-02-08 09:10:00
2022-02-08 16:26:29,130 [simulator_env.py | 166] INFO: Get 40 unallocated orders, 14 ongoing orders, 216 completed orders.
2022-02-08 16:26:30,266 [simulator_env.py | 100] INFO: Finish the dispatch.
2022-02-08 16:26:30,267 [simulator_env.py | 272] INFO: 2022-02-08 09:10:00, Order 08503100208: state = 1 < 2, we can not finish the simulation
2022-02-08 16:26:30,268 [simulator_env.py | 87] INFO: **************************************************
2022-02-08 16:26:30,268 [simulator_env.py | 91] INFO: cur time: 2022-02-08 09:20:00, pre time: 2022-02-08 09:10:00
2022-02-08 16:26:30,268 [simulator_env.py | 138] INFO: Start to update the input of 2022-02-08 09:20:00
2022-02-08 16:26:30,279 [simulator_env.py | 166] INFO: Get 33 unallocated orders, 20 ongoing orders, 244 completed orders.
2022-02-08 16:26:31,275 [simulator_env.py | 100] INFO: Finish the dispatch.
2022-02-08 16:26:31,278 [simulator_env.py | 272] INFO: 2022-02-08 09:20:00, Order 09031000245: state = 1 < 2, we can not finish the simulation
2022-02-08 16:26:31,279 [simulator_env.py | 87] INFO: **************************************************
2022-02-08 16:26:31,279 [simulator_env.py | 91] INFO: cur time: 2022-02-08 09:30:00, pre time: 2022-02-08 09:20:00
2022-02-08 16:26:31,279 [simulator_env.py | 138] INFO: Start to update the input of 2022-02-08 09:30:00
2022-02-08 16:26:31,290 [simulator_env.py | 166] INFO: Get 50 unallocated orders, 12 ongoing orders, 269 completed orders.
2022-02-08 16:26:32,309 [simulator_env.py | 100] INFO: Finish the dispatch.
2022-02-08 16:26:32,313 [simulator_env.py | 272] INFO: 2022-02-08 09:30:00, Order 09031000245: state = 1 < 2, we can not finish the simulation
2022-02-08 16:26:32,314 [simulator_env.py | 87] INFO: **************************************************
2022-02-08 16:26:32,315 [simulator_env.py | 91] INFO: cur time: 2022-02-08 09:40:00, pre time: 2022-02-08 09:30:00
2022-02-08 16:26:32,315 [simulator_env.py | 138] INFO: Start to update the input of 2022-02-08 09:40:00
2022-02-08 16:26:32,329 [simulator_env.py | 166] INFO: Get 39 unallocated orders, 27 ongoing orders, 294 completed orders.
2022-02-08 16:26:33,467 [simulator_env.py | 100] INFO: Finish the dispatch.
2022-02-08 16:26:33,471 [simulator_env.py | 272] INFO: 2022-02-08 09:40:00, Order 09161100283: state = 1 < 2, we can not finish the simulation
2022-02-08 16:26:33,473 [simulator_env.py | 87] INFO: **************************************************
2022-02-08 16:26:33,473 [simulator_env.py | 91] INFO: cur time: 2022-02-08 09:50:00, pre time: 2022-02-08 09:40:00
2022-02-08 16:26:33,473 [simulator_env.py | 138] INFO: Start to update the input of 2022-02-08 09:50:00
2022-02-08 16:26:33,486 [simulator_env.py | 166] INFO: Get 42 unallocated orders, 21 ongoing orders, 328 completed orders.
2022-02-08 16:26:34,713 [simulator_env.py | 100] INFO: Finish the dispatch.
2022-02-08 16:26:34,717 [simulator_env.py | 272] INFO: 2022-02-08 09:50:00, Order 09304300332: state = 1 < 2, we can not finish the simulation
2022-02-08 16:26:34,718 [simulator_env.py | 87] INFO: **************************************************
2022-02-08 16:26:34,718 [simulator_env.py | 91] INFO: cur time: 2022-02-08 10:00:00, pre time: 2022-02-08 09:50:00
2022-02-08 16:26:34,719 [simulator_env.py | 138] INFO: Start to update the input of 2022-02-08 10:00:00
2022-02-08 16:26:34,736 [simulator_env.py | 166] INFO: Get 62 unallocated orders, 23 ongoing orders, 358 completed orders.
2022-02-08 16:26:35,871 [simulator_env.py | 100] INFO: Finish the dispatch.
2022-02-08 16:26:35,875 [simulator_env.py | 272] INFO: 2022-02-08 10:00:00, Order 09380800356: state = 1 < 2, we can not finish the simulation
2022-02-08 16:26:35,876 [simulator_env.py | 87] INFO: **************************************************
2022-02-08 16:26:35,876 [simulator_env.py | 91] INFO: cur time: 2022-02-08 10:10:00, pre time: 2022-02-08 10:00:00
2022-02-08 16:26:35,877 [simulator_env.py | 138] INFO: Start to update the input of 2022-02-08 10:10:00
2022-02-08 16:26:35,888 [simulator_env.py | 166] INFO: Get 64 unallocated orders, 28 ongoing orders, 391 completed orders.
2022-02-08 16:26:36,917 [simulator_env.py | 100] INFO: Finish the dispatch.
2022-02-08 16:26:36,920 [simulator_env.py | 272] INFO: 2022-02-08 10:10:00, Order 09503900393: state = 1 < 2, we can not finish the simulation
2022-02-08 16:26:36,923 [simulator_env.py | 87] INFO: **************************************************
2022-02-08 16:26:36,923 [simulator_env.py | 91] INFO: cur time: 2022-02-08 10:20:00, pre time: 2022-02-08 10:10:00
2022-02-08 16:26:36,924 [simulator_env.py | 138] INFO: Start to update the input of 2022-02-08 10:20:00
2022-02-08 16:26:36,933 [simulator_env.py | 166] INFO: Get 75 unallocated orders, 19 ongoing orders, 426 completed orders.
2022-02-08 16:26:37,965 [simulator_env.py | 100] INFO: Finish the dispatch.
2022-02-08 16:26:37,967 [simulator_env.py | 272] INFO: 2022-02-08 10:20:00, Order 09512200396: state = 1 < 2, we can not finish the simulation
2022-02-08 16:26:37,968 [simulator_env.py | 87] INFO: **************************************************
2022-02-08 16:26:37,968 [simulator_env.py | 91] INFO: cur time: 2022-02-08 10:30:00, pre time: 2022-02-08 10:20:00
2022-02-08 16:26:37,968 [simulator_env.py | 138] INFO: Start to update the input of 2022-02-08 10:30:00
2022-02-08 16:26:37,984 [simulator_env.py | 166] INFO: Get 71 unallocated orders, 23 ongoing orders, 463 completed orders.
2022-02-08 16:26:39,118 [simulator_env.py | 100] INFO: Finish the dispatch.
2022-02-08 16:26:39,123 [simulator_env.py | 272] INFO: 2022-02-08 10:30:00, Order 09571700430: state = 1 < 2, we can not finish the simulation
2022-02-08 16:26:39,125 [simulator_env.py | 87] INFO: **************************************************
2022-02-08 16:26:39,125 [simulator_env.py | 91] INFO: cur time: 2022-02-08 10:40:00, pre time: 2022-02-08 10:30:00
2022-02-08 16:26:39,125 [simulator_env.py | 138] INFO: Start to update the input of 2022-02-08 10:40:00
2022-02-08 16:26:39,137 [simulator_env.py | 166] INFO: Get 80 unallocated orders, 35 ongoing orders, 500 completed orders.
2022-02-08 16:26:40,201 [simulator_env.py | 100] INFO: Finish the dispatch.
2022-02-08 16:26:40,203 [checker.py      | 87] ERROR: driver D_27, returned destination id is Ghim Moh Market & Food Centre, however the origin destination id is 652296 Singapore.
2022-02-08 16:26:40,203 [checker.py      | 37] ERROR: Returned destination of driver D_27 is not valid
2022-02-08 16:26:40,203 [simulator_env.py | 104] ERROR: Dispatch result is infeasible
2022-02-08 16:26:40,429 [main.py         | 36] INFO: Score of instance_2: 9223372036854775807
