2022-02-23 11:04:17,864 [main.py         | 38] INFO: Start to run /Users/yangjingfeng/Library/CloudStorage/OneDrive-Personal/Public/PhD Study/Papers/Food_Delivery/Code/Food_delivery_simulator/Benchmark/Instance_medium: instance_75
2022-02-23 11:04:17,866 [simulator_api.py | 43] INFO: Start time of the simulator: 2022-02-23 09:00:00, time interval:  600.00
2022-02-23 11:04:18,501 [input_utils.py  | 35] INFO: Get 3052 locations
2022-02-23 11:04:18,529 [input_utils.py  | 39] INFO: Get 110 drivers
2022-02-23 11:04:19,272 [input_utils.py  | 43] INFO: Get 1957 orders
2022-02-23 11:04:19,274 [simulator_api.py | 75] INFO: Initial position of D_1 is 371 Beach Rd, Singapore 199597, Singapore
2022-02-23 11:04:19,274 [simulator_api.py | 75] INFO: Initial position of D_2 is Bukit Merah View Market & Hawker Centre
2022-02-23 11:04:19,274 [simulator_api.py | 75] INFO: Initial position of D_3 is 417 River Valley Rd, Singapore 248316, Singapore
2022-02-23 11:04:19,274 [simulator_api.py | 75] INFO: Initial position of D_4 is 54 South Bridge Rd, Singapore 058685, Singapore
2022-02-23 11:04:19,274 [simulator_api.py | 75] INFO: Initial position of D_5 is Bukit Merah View Market & Hawker Centre
2022-02-23 11:04:19,275 [simulator_api.py | 75] INFO: Initial position of D_6 is Maxwell Food Centre
2022-02-23 11:04:19,275 [simulator_api.py | 75] INFO: Initial position of D_7 is Alexandra Village Food Centre
2022-02-23 11:04:19,275 [simulator_api.py | 75] INFO: Initial position of D_8 is Golden Mile Food Centre
2022-02-23 11:04:19,275 [simulator_api.py | 75] INFO: Initial position of D_9 is Amoy Street Food Centre
2022-02-23 11:04:19,275 [simulator_api.py | 75] INFO: Initial position of D_10 is Bukit Merah View Market & Hawker Centre
2022-02-23 11:04:19,275 [simulator_api.py | 75] INFO: Initial position of D_11 is 54 South Bridge Rd, Singapore 058685, Singapore
2022-02-23 11:04:19,276 [simulator_api.py | 75] INFO: Initial position of D_12 is 417 River Valley Rd, Singapore 248316, Singapore
2022-02-23 11:04:19,277 [simulator_api.py | 75] INFO: Initial position of D_13 is 371 Beach Rd, Singapore 199597, Singapore
2022-02-23 11:04:19,277 [simulator_api.py | 75] INFO: Initial position of D_14 is Alexandra Village Food Centre
2022-02-23 11:04:19,277 [simulator_api.py | 75] INFO: Initial position of D_15 is Amoy Street Food Centre
2022-02-23 11:04:19,277 [simulator_api.py | 75] INFO: Initial position of D_16 is Tiong Bahru Market
2022-02-23 11:04:19,277 [simulator_api.py | 75] INFO: Initial position of D_17 is 66 Kg Bugis, Singapore 338987, Singapore
2022-02-23 11:04:19,277 [simulator_api.py | 75] INFO: Initial position of D_18 is 54 South Bridge Rd, Singapore 058685, Singapore
2022-02-23 11:04:19,277 [simulator_api.py | 75] INFO: Initial position of D_19 is 54 South Bridge Rd, Singapore 058685, Singapore
2022-02-23 11:04:19,278 [simulator_api.py | 75] INFO: Initial position of D_20 is 37 Cuppage Rd, Singapore 229460, Singapore
2022-02-23 11:04:19,278 [simulator_api.py | 75] INFO: Initial position of D_21 is Golden Mile Food Centre
2022-02-23 11:04:19,278 [simulator_api.py | 75] INFO: Initial position of D_22 is Old Airport Road Food Centre
2022-02-23 11:04:19,278 [simulator_api.py | 75] INFO: Initial position of D_23 is Alexandra Village Food Centre
2022-02-23 11:04:19,278 [simulator_api.py | 75] INFO: Initial position of D_24 is Old Airport Road Food Centre
2022-02-23 11:04:19,278 [simulator_api.py | 75] INFO: Initial position of D_25 is 417 River Valley Rd, Singapore 248316, Singapore
2022-02-23 11:04:19,278 [simulator_api.py | 75] INFO: Initial position of D_26 is Hong Lim Food Centre
2022-02-23 11:04:19,278 [simulator_api.py | 75] INFO: Initial position of D_27 is 66 Kg Bugis, Singapore 338987, Singapore
2022-02-23 11:04:19,279 [simulator_api.py | 75] INFO: Initial position of D_28 is 417 River Valley Rd, Singapore 248316, Singapore
2022-02-23 11:04:19,279 [simulator_api.py | 75] INFO: Initial position of D_29 is Alexandra Village Food Centre
2022-02-23 11:04:19,279 [simulator_api.py | 75] INFO: Initial position of D_30 is 54 South Bridge Rd, Singapore 058685, Singapore
2022-02-23 11:04:19,279 [simulator_api.py | 75] INFO: Initial position of D_31 is Golden Mile Food Centre
2022-02-23 11:04:19,279 [simulator_api.py | 75] INFO: Initial position of D_32 is 36 Boat Quay, Singapore 049825, Singapore
2022-02-23 11:04:19,279 [simulator_api.py | 75] INFO: Initial position of D_33 is 417 River Valley Rd, Singapore 248316, Singapore
2022-02-23 11:04:19,279 [simulator_api.py | 75] INFO: Initial position of D_34 is 66 Kg Bugis, Singapore 338987, Singapore
2022-02-23 11:04:19,279 [simulator_api.py | 75] INFO: Initial position of D_35 is 54 South Bridge Rd, Singapore 058685, Singapore
2022-02-23 11:04:19,280 [simulator_api.py | 75] INFO: Initial position of D_36 is Old Airport Road Food Centre
2022-02-23 11:04:19,280 [simulator_api.py | 75] INFO: Initial position of D_37 is Alexandra Village Food Centre
2022-02-23 11:04:19,280 [simulator_api.py | 75] INFO: Initial position of D_38 is Hong Lim Food Centre
2022-02-23 11:04:19,280 [simulator_api.py | 75] INFO: Initial position of D_39 is 36 Boat Quay, Singapore 049825, Singapore
2022-02-23 11:04:19,280 [simulator_api.py | 75] INFO: Initial position of D_40 is Hong Lim Food Centre
2022-02-23 11:04:19,280 [simulator_api.py | 75] INFO: Initial position of D_41 is 54 South Bridge Rd, Singapore 058685, Singapore
2022-02-23 11:04:19,280 [simulator_api.py | 75] INFO: Initial position of D_42 is 371 Beach Rd, Singapore 199597, Singapore
2022-02-23 11:04:19,280 [simulator_api.py | 75] INFO: Initial position of D_43 is Zion Riverside Food Centre
2022-02-23 11:04:19,282 [simulator_api.py | 75] INFO: Initial position of D_44 is Tiong Bahru Market
2022-02-23 11:04:19,282 [simulator_api.py | 75] INFO: Initial position of D_45 is Amoy Street Food Centre
2022-02-23 11:04:19,282 [simulator_api.py | 75] INFO: Initial position of D_46 is Golden Mile Food Centre
2022-02-23 11:04:19,282 [simulator_api.py | 75] INFO: Initial position of D_47 is Hong Lim Food Centre
2022-02-23 11:04:19,282 [simulator_api.py | 75] INFO: Initial position of D_48 is Tiong Bahru Market
2022-02-23 11:04:19,282 [simulator_api.py | 75] INFO: Initial position of D_49 is Bukit Merah View Market & Hawker Centre
2022-02-23 11:04:19,282 [simulator_api.py | 75] INFO: Initial position of D_50 is Tiong Bahru Market
2022-02-23 11:04:19,282 [simulator_api.py | 75] INFO: Initial position of D_51 is 66 Kg Bugis, Singapore 338987, Singapore
2022-02-23 11:04:19,283 [simulator_api.py | 75] INFO: Initial position of D_52 is Zion Riverside Food Centre
2022-02-23 11:04:19,283 [simulator_api.py | 75] INFO: Initial position of D_53 is 54 South Bridge Rd, Singapore 058685, Singapore
2022-02-23 11:04:19,283 [simulator_api.py | 75] INFO: Initial position of D_54 is 37 Cuppage Rd, Singapore 229460, Singapore
2022-02-23 11:04:19,284 [simulator_api.py | 75] INFO: Initial position of D_55 is Golden Mile Food Centre
2022-02-23 11:04:19,284 [simulator_api.py | 75] INFO: Initial position of D_56 is Amoy Street Food Centre
2022-02-23 11:04:19,284 [simulator_api.py | 75] INFO: Initial position of D_57 is Amoy Street Food Centre
2022-02-23 11:04:19,285 [simulator_api.py | 75] INFO: Initial position of D_58 is 371 Beach Rd, Singapore 199597, Singapore
2022-02-23 11:04:19,285 [simulator_api.py | 75] INFO: Initial position of D_59 is Golden Mile Food Centre
2022-02-23 11:04:19,285 [simulator_api.py | 75] INFO: Initial position of D_60 is Alexandra Village Food Centre
2022-02-23 11:04:19,285 [simulator_api.py | 75] INFO: Initial position of D_61 is Maxwell Food Centre
2022-02-23 11:04:19,285 [simulator_api.py | 75] INFO: Initial position of D_62 is 417 River Valley Rd, Singapore 248316, Singapore
2022-02-23 11:04:19,285 [simulator_api.py | 75] INFO: Initial position of D_63 is 54 South Bridge Rd, Singapore 058685, Singapore
2022-02-23 11:04:19,286 [simulator_api.py | 75] INFO: Initial position of D_64 is Golden Mile Food Centre
2022-02-23 11:04:19,286 [simulator_api.py | 75] INFO: Initial position of D_65 is 54 South Bridge Rd, Singapore 058685, Singapore
2022-02-23 11:04:19,286 [simulator_api.py | 75] INFO: Initial position of D_66 is Maxwell Food Centre
2022-02-23 11:04:19,286 [simulator_api.py | 75] INFO: Initial position of D_67 is Hong Lim Food Centre
2022-02-23 11:04:19,286 [simulator_api.py | 75] INFO: Initial position of D_68 is 36 Boat Quay, Singapore 049825, Singapore
2022-02-23 11:04:19,286 [simulator_api.py | 75] INFO: Initial position of D_69 is 371 Beach Rd, Singapore 199597, Singapore
2022-02-23 11:04:19,286 [simulator_api.py | 75] INFO: Initial position of D_70 is Bukit Merah View Market & Hawker Centre
2022-02-23 11:04:19,286 [simulator_api.py | 75] INFO: Initial position of D_71 is 36 Boat Quay, Singapore 049825, Singapore
2022-02-23 11:04:19,286 [simulator_api.py | 75] INFO: Initial position of D_72 is 371 Beach Rd, Singapore 199597, Singapore
2022-02-23 11:04:19,287 [simulator_api.py | 75] INFO: Initial position of D_73 is 417 River Valley Rd, Singapore 248316, Singapore
2022-02-23 11:04:19,287 [simulator_api.py | 75] INFO: Initial position of D_74 is Zion Riverside Food Centre
2022-02-23 11:04:19,287 [simulator_api.py | 75] INFO: Initial position of D_75 is Zion Riverside Food Centre
2022-02-23 11:04:19,287 [simulator_api.py | 75] INFO: Initial position of D_76 is Maxwell Food Centre
2022-02-23 11:04:19,287 [simulator_api.py | 75] INFO: Initial position of D_77 is 66 Kg Bugis, Singapore 338987, Singapore
2022-02-23 11:04:19,287 [simulator_api.py | 75] INFO: Initial position of D_78 is Amoy Street Food Centre
2022-02-23 11:04:19,287 [simulator_api.py | 75] INFO: Initial position of D_79 is 371 Beach Rd, Singapore 199597, Singapore
2022-02-23 11:04:19,288 [simulator_api.py | 75] INFO: Initial position of D_80 is 371 Beach Rd, Singapore 199597, Singapore
2022-02-23 11:04:19,288 [simulator_api.py | 75] INFO: Initial position of D_81 is Tiong Bahru Market
2022-02-23 11:04:19,288 [simulator_api.py | 75] INFO: Initial position of D_82 is 37 Cuppage Rd, Singapore 229460, Singapore
2022-02-23 11:04:19,288 [simulator_api.py | 75] INFO: Initial position of D_83 is 36 Boat Quay, Singapore 049825, Singapore
2022-02-23 11:04:19,288 [simulator_api.py | 75] INFO: Initial position of D_84 is Tiong Bahru Market
2022-02-23 11:04:19,288 [simulator_api.py | 75] INFO: Initial position of D_85 is 36 Boat Quay, Singapore 049825, Singapore
2022-02-23 11:04:19,288 [simulator_api.py | 75] INFO: Initial position of D_86 is 371 Beach Rd, Singapore 199597, Singapore
2022-02-23 11:04:19,288 [simulator_api.py | 75] INFO: Initial position of D_87 is Hong Lim Food Centre
2022-02-23 11:04:19,289 [simulator_api.py | 75] INFO: Initial position of D_88 is 37 Cuppage Rd, Singapore 229460, Singapore
2022-02-23 11:04:19,289 [simulator_api.py | 75] INFO: Initial position of D_89 is 54 South Bridge Rd, Singapore 058685, Singapore
2022-02-23 11:04:19,289 [simulator_api.py | 75] INFO: Initial position of D_90 is 66 Kg Bugis, Singapore 338987, Singapore
2022-02-23 11:04:19,290 [simulator_api.py | 75] INFO: Initial position of D_91 is 37 Cuppage Rd, Singapore 229460, Singapore
2022-02-23 11:04:19,290 [simulator_api.py | 75] INFO: Initial position of D_92 is 37 Cuppage Rd, Singapore 229460, Singapore
2022-02-23 11:04:19,290 [simulator_api.py | 75] INFO: Initial position of D_93 is 417 River Valley Rd, Singapore 248316, Singapore
2022-02-23 11:04:19,290 [simulator_api.py | 75] INFO: Initial position of D_94 is Old Airport Road Food Centre
2022-02-23 11:04:19,290 [simulator_api.py | 75] INFO: Initial position of D_95 is 417 River Valley Rd, Singapore 248316, Singapore
2022-02-23 11:04:19,290 [simulator_api.py | 75] INFO: Initial position of D_96 is Golden Mile Food Centre
2022-02-23 11:04:19,290 [simulator_api.py | 75] INFO: Initial position of D_97 is Amoy Street Food Centre
2022-02-23 11:04:19,291 [simulator_api.py | 75] INFO: Initial position of D_98 is Hong Lim Food Centre
2022-02-23 11:04:19,291 [simulator_api.py | 75] INFO: Initial position of D_99 is Hong Lim Food Centre
2022-02-23 11:04:19,291 [simulator_api.py | 75] INFO: Initial position of D_100 is Tiong Bahru Market
2022-02-23 11:04:19,291 [simulator_api.py | 75] INFO: Initial position of D_101 is 54 South Bridge Rd, Singapore 058685, Singapore
2022-02-23 11:04:19,291 [simulator_api.py | 75] INFO: Initial position of D_102 is Golden Mile Food Centre
2022-02-23 11:04:19,291 [simulator_api.py | 75] INFO: Initial position of D_103 is 54 South Bridge Rd, Singapore 058685, Singapore
2022-02-23 11:04:19,291 [simulator_api.py | 75] INFO: Initial position of D_104 is Amoy Street Food Centre
2022-02-23 11:04:19,291 [simulator_api.py | 75] INFO: Initial position of D_105 is Hong Lim Food Centre
2022-02-23 11:04:19,292 [simulator_api.py | 75] INFO: Initial position of D_106 is Alexandra Village Food Centre
2022-02-23 11:04:19,292 [simulator_api.py | 75] INFO: Initial position of D_107 is Golden Mile Food Centre
2022-02-23 11:04:19,292 [simulator_api.py | 75] INFO: Initial position of D_108 is Alexandra Village Food Centre
2022-02-23 11:04:19,292 [simulator_api.py | 75] INFO: Initial position of D_109 is 36 Boat Quay, Singapore 049825, Singapore
2022-02-23 11:04:19,292 [simulator_api.py | 75] INFO: Initial position of D_110 is Hong Lim Food Centre
2022-02-23 11:04:19,327 [simulator_env.py | 87] INFO: **************************************************
2022-02-23 11:04:19,328 [simulator_env.py | 91] INFO: cur time: 2022-02-23 09:10:00, pre time: 2022-02-23 09:00:00
2022-02-23 11:04:19,328 [simulator_env.py | 147] INFO: Start to update the input of 2022-02-23 09:10:00
2022-02-23 11:04:19,332 [simulator_env.py | 175] INFO: Get 49 unallocated orders, 0 ongoing orders, 0 completed orders.
2022-02-23 11:04:25,026 [simulator_env.py | 100] INFO: Finish the dispatch.
2022-02-23 11:04:25,027 [simulator_env.py | 278] INFO: 2022-02-23 09:10:00, Order 09000800000: state = 1 < 2, we can not finish the simulation
2022-02-23 11:04:25,028 [simulator_env.py | 87] INFO: **************************************************
2022-02-23 11:04:25,028 [simulator_env.py | 91] INFO: cur time: 2022-02-23 09:20:00, pre time: 2022-02-23 09:10:00
2022-02-23 11:04:25,028 [simulator_env.py | 147] INFO: Start to update the input of 2022-02-23 09:20:00
2022-02-23 11:04:25,045 [simulator_env.py | 175] INFO: Get 57 unallocated orders, 27 ongoing orders, 22 completed orders.
2022-02-23 11:04:30,964 [simulator_env.py | 100] INFO: Finish the dispatch.
2022-02-23 11:04:30,967 [simulator_env.py | 278] INFO: 2022-02-23 09:20:00, Order 09101100049: state = 1 < 2, we can not finish the simulation
2022-02-23 11:04:30,969 [simulator_env.py | 87] INFO: **************************************************
2022-02-23 11:04:30,969 [simulator_env.py | 91] INFO: cur time: 2022-02-23 09:30:00, pre time: 2022-02-23 09:20:00
2022-02-23 11:04:30,969 [simulator_env.py | 147] INFO: Start to update the input of 2022-02-23 09:30:00
2022-02-23 11:04:30,993 [simulator_env.py | 175] INFO: Get 67 unallocated orders, 30 ongoing orders, 76 completed orders.
2022-02-23 11:04:36,807 [simulator_env.py | 100] INFO: Finish the dispatch.
2022-02-23 11:04:36,812 [simulator_env.py | 278] INFO: 2022-02-23 09:30:00, Order 09203200106: state = 1 < 2, we can not finish the simulation
2022-02-23 11:04:36,816 [simulator_env.py | 87] INFO: **************************************************
2022-02-23 11:04:36,817 [simulator_env.py | 91] INFO: cur time: 2022-02-23 09:40:00, pre time: 2022-02-23 09:30:00
2022-02-23 11:04:36,817 [simulator_env.py | 147] INFO: Start to update the input of 2022-02-23 09:40:00
2022-02-23 11:04:36,862 [simulator_env.py | 175] INFO: Get 54 unallocated orders, 47 ongoing orders, 125 completed orders.
2022-02-23 11:04:41,488 [simulator_env.py | 100] INFO: Finish the dispatch.
2022-02-23 11:04:41,493 [simulator_env.py | 278] INFO: 2022-02-23 09:40:00, Order 09243800138: state = 1 < 2, we can not finish the simulation
2022-02-23 11:04:41,495 [simulator_env.py | 87] INFO: **************************************************
2022-02-23 11:04:41,495 [simulator_env.py | 91] INFO: cur time: 2022-02-23 09:50:00, pre time: 2022-02-23 09:40:00
2022-02-23 11:04:41,495 [simulator_env.py | 147] INFO: Start to update the input of 2022-02-23 09:50:00
2022-02-23 11:04:41,536 [simulator_env.py | 175] INFO: Get 83 unallocated orders, 38 ongoing orders, 188 completed orders.
2022-02-23 11:04:47,368 [simulator_env.py | 100] INFO: Finish the dispatch.
2022-02-23 11:04:47,378 [simulator_env.py | 278] INFO: 2022-02-23 09:50:00, Order 09401100226: state = 1 < 2, we can not finish the simulation
2022-02-23 11:04:47,382 [simulator_env.py | 87] INFO: **************************************************
2022-02-23 11:04:47,383 [simulator_env.py | 91] INFO: cur time: 2022-02-23 10:00:00, pre time: 2022-02-23 09:50:00
2022-02-23 11:04:47,384 [simulator_env.py | 147] INFO: Start to update the input of 2022-02-23 10:00:00
2022-02-23 11:04:47,434 [simulator_env.py | 175] INFO: Get 85 unallocated orders, 57 ongoing orders, 245 completed orders.
2022-02-23 11:04:53,178 [simulator_env.py | 100] INFO: Finish the dispatch.
2022-02-23 11:04:53,184 [simulator_env.py | 278] INFO: 2022-02-23 10:00:00, Order 09490100301: state = 1 < 2, we can not finish the simulation
2022-02-23 11:04:53,186 [simulator_env.py | 87] INFO: **************************************************
2022-02-23 11:04:53,187 [simulator_env.py | 91] INFO: cur time: 2022-02-23 10:10:00, pre time: 2022-02-23 10:00:00
2022-02-23 11:04:53,187 [simulator_env.py | 147] INFO: Start to update the input of 2022-02-23 10:10:00
2022-02-23 11:04:53,227 [simulator_env.py | 175] INFO: Get 82 unallocated orders, 44 ongoing orders, 327 completed orders.
2022-02-23 11:04:59,025 [simulator_env.py | 100] INFO: Finish the dispatch.
2022-02-23 11:04:59,031 [simulator_env.py | 278] INFO: 2022-02-23 10:10:00, Order 09553000353: state = 1 < 2, we can not finish the simulation
2022-02-23 11:04:59,034 [simulator_env.py | 87] INFO: **************************************************
2022-02-23 11:04:59,036 [simulator_env.py | 91] INFO: cur time: 2022-02-23 10:20:00, pre time: 2022-02-23 10:10:00
2022-02-23 11:04:59,036 [simulator_env.py | 147] INFO: Start to update the input of 2022-02-23 10:20:00
2022-02-23 11:04:59,089 [simulator_env.py | 175] INFO: Get 92 unallocated orders, 47 ongoing orders, 396 completed orders.
2022-02-23 11:05:05,031 [simulator_env.py | 100] INFO: Finish the dispatch.
2022-02-23 11:05:05,038 [simulator_env.py | 278] INFO: 2022-02-23 10:20:00, Order 10011300392: state = 1 < 2, we can not finish the simulation
2022-02-23 11:05:05,041 [simulator_env.py | 87] INFO: **************************************************
2022-02-23 11:05:05,041 [simulator_env.py | 91] INFO: cur time: 2022-02-23 10:30:00, pre time: 2022-02-23 10:20:00
2022-02-23 11:05:05,041 [simulator_env.py | 147] INFO: Start to update the input of 2022-02-23 10:30:00
2022-02-23 11:05:05,094 [simulator_env.py | 175] INFO: Get 101 unallocated orders, 45 ongoing orders, 473 completed orders.
2022-02-23 11:05:10,946 [simulator_env.py | 100] INFO: Finish the dispatch.
2022-02-23 11:05:10,953 [simulator_env.py | 278] INFO: 2022-02-23 10:30:00, Order 10100900454: state = 1 < 2, we can not finish the simulation
2022-02-23 11:05:10,957 [simulator_env.py | 87] INFO: **************************************************
2022-02-23 11:05:10,957 [simulator_env.py | 91] INFO: cur time: 2022-02-23 10:40:00, pre time: 2022-02-23 10:30:00
2022-02-23 11:05:10,957 [simulator_env.py | 147] INFO: Start to update the input of 2022-02-23 10:40:00
2022-02-23 11:05:11,022 [simulator_env.py | 175] INFO: Get 90 unallocated orders, 45 ongoing orders, 555 completed orders.
2022-02-23 11:05:17,506 [simulator_env.py | 100] INFO: Finish the dispatch.
2022-02-23 11:05:17,512 [simulator_env.py | 278] INFO: 2022-02-23 10:40:00, Order 10255700581: state = 1 < 2, we can not finish the simulation
2022-02-23 11:05:17,515 [simulator_env.py | 87] INFO: **************************************************
2022-02-23 11:05:17,515 [simulator_env.py | 91] INFO: cur time: 2022-02-23 10:50:00, pre time: 2022-02-23 10:40:00
2022-02-23 11:05:17,515 [simulator_env.py | 147] INFO: Start to update the input of 2022-02-23 10:50:00
2022-02-23 11:05:17,578 [simulator_env.py | 175] INFO: Get 97 unallocated orders, 49 ongoing orders, 633 completed orders.
2022-02-23 11:05:23,481 [simulator_env.py | 100] INFO: Finish the dispatch.
2022-02-23 11:05:23,489 [simulator_env.py | 278] INFO: 2022-02-23 10:50:00, Order 10360100668: state = 1 < 2, we can not finish the simulation
2022-02-23 11:05:23,491 [simulator_env.py | 87] INFO: **************************************************
2022-02-23 11:05:23,492 [simulator_env.py | 91] INFO: cur time: 2022-02-23 11:00:00, pre time: 2022-02-23 10:50:00
2022-02-23 11:05:23,492 [simulator_env.py | 147] INFO: Start to update the input of 2022-02-23 11:00:00
2022-02-23 11:05:23,551 [simulator_env.py | 175] INFO: Get 111 unallocated orders, 56 ongoing orders, 704 completed orders.
2022-02-23 11:05:29,329 [simulator_env.py | 100] INFO: Finish the dispatch.
2022-02-23 11:05:29,337 [simulator_env.py | 278] INFO: 2022-02-23 11:00:00, Order 10431500716: state = 1 < 2, we can not finish the simulation
2022-02-23 11:05:29,339 [simulator_env.py | 87] INFO: **************************************************
2022-02-23 11:05:29,339 [simulator_env.py | 91] INFO: cur time: 2022-02-23 11:10:00, pre time: 2022-02-23 11:00:00
2022-02-23 11:05:29,339 [simulator_env.py | 147] INFO: Start to update the input of 2022-02-23 11:10:00
2022-02-23 11:05:29,419 [simulator_env.py | 175] INFO: Get 121 unallocated orders, 57 ongoing orders, 783 completed orders.
2022-02-23 11:05:35,393 [simulator_env.py | 100] INFO: Finish the dispatch.
2022-02-23 11:05:35,402 [simulator_env.py | 278] INFO: 2022-02-23 11:10:00, Order 10531800811: state = 1 < 2, we can not finish the simulation
2022-02-23 11:05:35,406 [simulator_env.py | 87] INFO: **************************************************
2022-02-23 11:05:35,406 [simulator_env.py | 91] INFO: cur time: 2022-02-23 11:20:00, pre time: 2022-02-23 11:10:00
2022-02-23 11:05:35,406 [simulator_env.py | 147] INFO: Start to update the input of 2022-02-23 11:20:00
2022-02-23 11:05:35,505 [simulator_env.py | 175] INFO: Get 112 unallocated orders, 61 ongoing orders, 873 completed orders.
2022-02-23 11:05:41,251 [simulator_env.py | 100] INFO: Finish the dispatch.
2022-02-23 11:05:41,261 [simulator_env.py | 278] INFO: 2022-02-23 11:20:00, Order 11025000902: state = 1 < 2, we can not finish the simulation
2022-02-23 11:05:41,267 [simulator_env.py | 87] INFO: **************************************************
2022-02-23 11:05:41,268 [simulator_env.py | 91] INFO: cur time: 2022-02-23 11:30:00, pre time: 2022-02-23 11:20:00
2022-02-23 11:05:41,268 [simulator_env.py | 147] INFO: Start to update the input of 2022-02-23 11:30:00
2022-02-23 11:05:41,373 [simulator_env.py | 175] INFO: Get 95 unallocated orders, 67 ongoing orders, 954 completed orders.
2022-02-23 11:05:47,173 [simulator_env.py | 100] INFO: Finish the dispatch.
2022-02-23 11:05:47,183 [simulator_env.py | 278] INFO: 2022-02-23 11:30:00, Order 11123100992: state = 1 < 2, we can not finish the simulation
2022-02-23 11:05:47,187 [simulator_env.py | 87] INFO: **************************************************
2022-02-23 11:05:47,187 [simulator_env.py | 91] INFO: cur time: 2022-02-23 11:40:00, pre time: 2022-02-23 11:30:00
2022-02-23 11:05:47,187 [simulator_env.py | 147] INFO: Start to update the input of 2022-02-23 11:40:00
2022-02-23 11:05:47,243 [simulator_env.py | 175] INFO: Get 101 unallocated orders, 55 ongoing orders, 1039 completed orders.
2022-02-23 11:05:53,087 [simulator_env.py | 100] INFO: Finish the dispatch.
2022-02-23 11:05:53,096 [simulator_env.py | 278] INFO: 2022-02-23 11:40:00, Order 11174201032: state = 1 < 2, we can not finish the simulation
2022-02-23 11:05:53,099 [simulator_env.py | 87] INFO: **************************************************
2022-02-23 11:05:53,100 [simulator_env.py | 91] INFO: cur time: 2022-02-23 11:50:00, pre time: 2022-02-23 11:40:00
2022-02-23 11:05:53,100 [simulator_env.py | 147] INFO: Start to update the input of 2022-02-23 11:50:00
2022-02-23 11:05:53,188 [simulator_env.py | 175] INFO: Get 98 unallocated orders, 60 ongoing orders, 1113 completed orders.
2022-02-23 11:05:59,059 [simulator_env.py | 100] INFO: Finish the dispatch.
2022-02-23 11:05:59,065 [simulator_env.py | 278] INFO: 2022-02-23 11:50:00, Order 11291001109: state = 1 < 2, we can not finish the simulation
2022-02-23 11:05:59,067 [simulator_env.py | 87] INFO: **************************************************
2022-02-23 11:05:59,067 [simulator_env.py | 91] INFO: cur time: 2022-02-23 12:00:00, pre time: 2022-02-23 11:50:00
2022-02-23 11:05:59,067 [simulator_env.py | 147] INFO: Start to update the input of 2022-02-23 12:00:00
2022-02-23 11:05:59,109 [simulator_env.py | 175] INFO: Get 102 unallocated orders, 46 ongoing orders, 1195 completed orders.
2022-02-23 11:06:04,985 [simulator_env.py | 100] INFO: Finish the dispatch.
2022-02-23 11:06:04,994 [simulator_env.py | 278] INFO: 2022-02-23 12:00:00, Order 11433201223: state = 1 < 2, we can not finish the simulation
2022-02-23 11:06:04,997 [simulator_env.py | 87] INFO: **************************************************
2022-02-23 11:06:04,997 [simulator_env.py | 91] INFO: cur time: 2022-02-23 12:10:00, pre time: 2022-02-23 12:00:00
2022-02-23 11:06:04,997 [simulator_env.py | 147] INFO: Start to update the input of 2022-02-23 12:10:00
2022-02-23 11:06:05,047 [simulator_env.py | 175] INFO: Get 76 unallocated orders, 51 ongoing orders, 1270 completed orders.
2022-02-23 11:06:11,347 [simulator_env.py | 100] INFO: Finish the dispatch.
2022-02-23 11:06:11,355 [simulator_env.py | 278] INFO: 2022-02-23 12:10:00, Order 11490001263: state = 1 < 2, we can not finish the simulation
2022-02-23 11:06:11,358 [simulator_env.py | 87] INFO: **************************************************
2022-02-23 11:06:11,358 [simulator_env.py | 91] INFO: cur time: 2022-02-23 12:20:00, pre time: 2022-02-23 12:10:00
2022-02-23 11:06:11,359 [simulator_env.py | 147] INFO: Start to update the input of 2022-02-23 12:20:00
2022-02-23 11:06:11,400 [simulator_env.py | 175] INFO: Get 53 unallocated orders, 41 ongoing orders, 1345 completed orders.
2022-02-23 11:06:16,987 [simulator_env.py | 100] INFO: Finish the dispatch.
2022-02-23 11:06:16,993 [simulator_env.py | 278] INFO: 2022-02-23 12:20:00, Order 12003901346: state = 1 < 2, we can not finish the simulation
2022-02-23 11:06:16,995 [simulator_env.py | 87] INFO: **************************************************
2022-02-23 11:06:16,995 [simulator_env.py | 91] INFO: cur time: 2022-02-23 12:30:00, pre time: 2022-02-23 12:20:00
2022-02-23 11:06:16,995 [simulator_env.py | 147] INFO: Start to update the input of 2022-02-23 12:30:00
2022-02-23 11:06:17,023 [simulator_env.py | 175] INFO: Get 44 unallocated orders, 31 ongoing orders, 1408 completed orders.
2022-02-23 11:06:22,919 [simulator_env.py | 100] INFO: Finish the dispatch.
2022-02-23 11:06:22,925 [simulator_env.py | 278] INFO: 2022-02-23 12:30:00, Order 12200701439: state = 1 < 2, we can not finish the simulation
2022-02-23 11:06:22,926 [simulator_env.py | 87] INFO: **************************************************
2022-02-23 11:06:22,926 [simulator_env.py | 91] INFO: cur time: 2022-02-23 12:40:00, pre time: 2022-02-23 12:30:00
2022-02-23 11:06:22,926 [simulator_env.py | 147] INFO: Start to update the input of 2022-02-23 12:40:00
2022-02-23 11:06:22,955 [simulator_env.py | 175] INFO: Get 44 unallocated orders, 31 ongoing orders, 1450 completed orders.
2022-02-23 11:06:28,987 [simulator_env.py | 100] INFO: Finish the dispatch.
2022-02-23 11:06:28,991 [simulator_env.py | 278] INFO: 2022-02-23 12:40:00, Order 12202901440: state = 1 < 2, we can not finish the simulation
2022-02-23 11:06:28,992 [simulator_env.py | 87] INFO: **************************************************
2022-02-23 11:06:28,992 [simulator_env.py | 91] INFO: cur time: 2022-02-23 12:50:00, pre time: 2022-02-23 12:40:00
2022-02-23 11:06:28,992 [simulator_env.py | 147] INFO: Start to update the input of 2022-02-23 12:50:00
2022-02-23 11:06:29,019 [simulator_env.py | 175] INFO: Get 33 unallocated orders, 34 ongoing orders, 1491 completed orders.
2022-02-23 11:06:34,694 [simulator_env.py | 100] INFO: Finish the dispatch.
2022-02-23 11:06:34,699 [simulator_env.py | 278] INFO: 2022-02-23 12:50:00, Order 12401601525: state = 1 < 2, we can not finish the simulation
2022-02-23 11:06:34,701 [simulator_env.py | 87] INFO: **************************************************
2022-02-23 11:06:34,701 [simulator_env.py | 91] INFO: cur time: 2022-02-23 13:00:00, pre time: 2022-02-23 12:50:00
2022-02-23 11:06:34,701 [simulator_env.py | 147] INFO: Start to update the input of 2022-02-23 13:00:00
2022-02-23 11:06:34,727 [simulator_env.py | 175] INFO: Get 33 unallocated orders, 21 ongoing orders, 1537 completed orders.
2022-02-23 11:06:40,505 [simulator_env.py | 100] INFO: Finish the dispatch.
2022-02-23 11:06:40,518 [simulator_env.py | 278] INFO: 2022-02-23 13:00:00, Order 12504901558: state = 1 < 2, we can not finish the simulation
2022-02-23 11:06:40,519 [simulator_env.py | 87] INFO: **************************************************
2022-02-23 11:06:40,520 [simulator_env.py | 91] INFO: cur time: 2022-02-23 13:10:00, pre time: 2022-02-23 13:00:00
2022-02-23 11:06:40,520 [simulator_env.py | 147] INFO: Start to update the input of 2022-02-23 13:10:00
2022-02-23 11:06:40,535 [simulator_env.py | 175] INFO: Get 33 unallocated orders, 27 ongoing orders, 1564 completed orders.
2022-02-23 11:06:46,486 [simulator_env.py | 100] INFO: Finish the dispatch.
2022-02-23 11:06:46,492 [simulator_env.py | 278] INFO: 2022-02-23 13:10:00, Order 13000901591: state = 1 < 2, we can not finish the simulation
2022-02-23 11:06:46,494 [simulator_env.py | 87] INFO: **************************************************
2022-02-23 11:06:46,494 [simulator_env.py | 91] INFO: cur time: 2022-02-23 13:20:00, pre time: 2022-02-23 13:10:00
2022-02-23 11:06:46,494 [simulator_env.py | 147] INFO: Start to update the input of 2022-02-23 13:20:00
2022-02-23 11:06:46,527 [simulator_env.py | 175] INFO: Get 30 unallocated orders, 22 ongoing orders, 1602 completed orders.
2022-02-23 11:06:52,212 [simulator_env.py | 100] INFO: Finish the dispatch.
2022-02-23 11:06:52,219 [simulator_env.py | 278] INFO: 2022-02-23 13:20:00, Order 13101001624: state = 1 < 2, we can not finish the simulation
2022-02-23 11:06:52,220 [simulator_env.py | 87] INFO: **************************************************
2022-02-23 11:06:52,220 [simulator_env.py | 91] INFO: cur time: 2022-02-23 13:30:00, pre time: 2022-02-23 13:20:00
2022-02-23 11:06:52,220 [simulator_env.py | 147] INFO: Start to update the input of 2022-02-23 13:30:00
2022-02-23 11:06:52,241 [simulator_env.py | 175] INFO: Get 45 unallocated orders, 20 ongoing orders, 1633 completed orders.
2022-02-23 11:06:58,075 [simulator_env.py | 100] INFO: Finish the dispatch.
2022-02-23 11:06:58,080 [simulator_env.py | 278] INFO: 2022-02-23 13:30:00, Order 13140101633: state = 1 < 2, we can not finish the simulation
2022-02-23 11:06:58,083 [simulator_env.py | 87] INFO: **************************************************
2022-02-23 11:06:58,083 [simulator_env.py | 91] INFO: cur time: 2022-02-23 13:40:00, pre time: 2022-02-23 13:30:00
2022-02-23 11:06:58,083 [simulator_env.py | 147] INFO: Start to update the input of 2022-02-23 13:40:00
2022-02-23 11:06:58,123 [simulator_env.py | 175] INFO: Get 23 unallocated orders, 35 ongoing orders, 1663 completed orders.
2022-02-23 11:07:03,940 [simulator_env.py | 100] INFO: Finish the dispatch.
2022-02-23 11:07:03,945 [simulator_env.py | 278] INFO: 2022-02-23 13:40:00, Order 13302201698: state = 1 < 2, we can not finish the simulation
2022-02-23 11:07:03,947 [simulator_env.py | 87] INFO: **************************************************
2022-02-23 11:07:03,947 [simulator_env.py | 91] INFO: cur time: 2022-02-23 13:50:00, pre time: 2022-02-23 13:40:00
2022-02-23 11:07:03,947 [simulator_env.py | 147] INFO: Start to update the input of 2022-02-23 13:50:00
2022-02-23 11:07:03,961 [simulator_env.py | 175] INFO: Get 27 unallocated orders, 15 ongoing orders, 1706 completed orders.
2022-02-23 11:07:09,881 [simulator_env.py | 100] INFO: Finish the dispatch.
2022-02-23 11:07:09,885 [simulator_env.py | 278] INFO: 2022-02-23 13:50:00, Order 13400101721: state = 1 < 2, we can not finish the simulation
2022-02-23 11:07:09,886 [simulator_env.py | 87] INFO: **************************************************
2022-02-23 11:07:09,886 [simulator_env.py | 91] INFO: cur time: 2022-02-23 14:00:00, pre time: 2022-02-23 13:50:00
2022-02-23 11:07:09,887 [simulator_env.py | 147] INFO: Start to update the input of 2022-02-23 14:00:00
2022-02-23 11:07:09,903 [simulator_env.py | 175] INFO: Get 26 unallocated orders, 20 ongoing orders, 1728 completed orders.
2022-02-23 11:07:17,794 [simulator_env.py | 100] INFO: Finish the dispatch.
2022-02-23 11:07:17,800 [simulator_env.py | 278] INFO: 2022-02-23 14:00:00, Order 13501001748: state = 1 < 2, we can not finish the simulation
2022-02-23 11:07:17,801 [simulator_env.py | 87] INFO: **************************************************
2022-02-23 11:07:17,801 [simulator_env.py | 91] INFO: cur time: 2022-02-23 14:10:00, pre time: 2022-02-23 14:00:00
2022-02-23 11:07:17,801 [simulator_env.py | 147] INFO: Start to update the input of 2022-02-23 14:10:00
2022-02-23 11:07:17,817 [simulator_env.py | 175] INFO: Get 34 unallocated orders, 18 ongoing orders, 1756 completed orders.
2022-02-23 11:07:23,796 [simulator_env.py | 100] INFO: Finish the dispatch.
2022-02-23 11:07:23,801 [simulator_env.py | 278] INFO: 2022-02-23 14:10:00, Order 14000601774: state = 1 < 2, we can not finish the simulation
2022-02-23 11:07:23,803 [simulator_env.py | 87] INFO: **************************************************
2022-02-23 11:07:23,803 [simulator_env.py | 91] INFO: cur time: 2022-02-23 14:20:00, pre time: 2022-02-23 14:10:00
2022-02-23 11:07:23,803 [simulator_env.py | 147] INFO: Start to update the input of 2022-02-23 14:20:00
2022-02-23 11:07:23,833 [simulator_env.py | 175] INFO: Get 28 unallocated orders, 25 ongoing orders, 1783 completed orders.
2022-02-23 11:07:29,482 [simulator_env.py | 100] INFO: Finish the dispatch.
2022-02-23 11:07:29,487 [simulator_env.py | 278] INFO: 2022-02-23 14:20:00, Order 14103301808: state = 1 < 2, we can not finish the simulation
2022-02-23 11:07:29,488 [simulator_env.py | 87] INFO: **************************************************
2022-02-23 11:07:29,489 [simulator_env.py | 91] INFO: cur time: 2022-02-23 14:30:00, pre time: 2022-02-23 14:20:00
2022-02-23 11:07:29,489 [simulator_env.py | 147] INFO: Start to update the input of 2022-02-23 14:30:00
2022-02-23 11:07:29,509 [simulator_env.py | 175] INFO: Get 30 unallocated orders, 21 ongoing orders, 1815 completed orders.
2022-02-23 11:07:35,442 [simulator_env.py | 100] INFO: Finish the dispatch.
2022-02-23 11:07:35,447 [simulator_env.py | 278] INFO: 2022-02-23 14:30:00, Order 14201401836: state = 1 < 2, we can not finish the simulation
2022-02-23 11:07:35,449 [simulator_env.py | 87] INFO: **************************************************
2022-02-23 11:07:35,449 [simulator_env.py | 91] INFO: cur time: 2022-02-23 14:40:00, pre time: 2022-02-23 14:30:00
2022-02-23 11:07:35,449 [simulator_env.py | 147] INFO: Start to update the input of 2022-02-23 14:40:00
2022-02-23 11:07:35,472 [simulator_env.py | 175] INFO: Get 26 unallocated orders, 20 ongoing orders, 1846 completed orders.
2022-02-23 11:07:41,563 [simulator_env.py | 100] INFO: Finish the dispatch.
2022-02-23 11:07:41,567 [simulator_env.py | 278] INFO: 2022-02-23 14:40:00, Order 14302701866: state = 1 < 2, we can not finish the simulation
2022-02-23 11:07:41,568 [simulator_env.py | 87] INFO: **************************************************
2022-02-23 11:07:41,568 [simulator_env.py | 91] INFO: cur time: 2022-02-23 14:50:00, pre time: 2022-02-23 14:40:00
2022-02-23 11:07:41,568 [simulator_env.py | 147] INFO: Start to update the input of 2022-02-23 14:50:00
2022-02-23 11:07:41,583 [simulator_env.py | 175] INFO: Get 34 unallocated orders, 14 ongoing orders, 1877 completed orders.
2022-02-23 11:07:53,874 [simulator_env.py | 100] INFO: Finish the dispatch.
2022-02-23 11:07:53,878 [simulator_env.py | 278] INFO: 2022-02-23 14:50:00, Order 14302701866: state = 1 < 2, we can not finish the simulation
2022-02-23 11:07:53,879 [simulator_env.py | 87] INFO: **************************************************
2022-02-23 11:07:53,879 [simulator_env.py | 91] INFO: cur time: 2022-02-23 15:00:00, pre time: 2022-02-23 14:50:00
2022-02-23 11:07:53,879 [simulator_env.py | 147] INFO: Start to update the input of 2022-02-23 15:00:00
2022-02-23 11:07:53,904 [simulator_env.py | 175] INFO: Get 32 unallocated orders, 25 ongoing orders, 1900 completed orders.
2022-02-23 11:08:02,178 [simulator_env.py | 100] INFO: Finish the dispatch.
2022-02-23 11:08:02,183 [simulator_env.py | 278] INFO: 2022-02-23 15:00:00, Order 14501601925: state = 1 < 2, we can not finish the simulation
2022-02-23 11:08:02,185 [simulator_env.py | 87] INFO: **************************************************
2022-02-23 11:08:02,185 [simulator_env.py | 91] INFO: cur time: 2022-02-23 15:10:00, pre time: 2022-02-23 15:00:00
2022-02-23 11:08:02,185 [simulator_env.py | 147] INFO: Start to update the input of 2022-02-23 15:10:00
2022-02-23 11:08:02,207 [simulator_env.py | 175] INFO: Get 0 unallocated orders, 22 ongoing orders, 1935 completed orders.
2022-02-23 11:08:08,738 [simulator_env.py | 100] INFO: Finish the dispatch.
2022-02-23 11:08:08,741 [simulator_env.py | 281] INFO: 2022-02-23 15:10:00, the status of all orders is greater than 1, we could finish the simulation
2022-02-23 11:08:08,746 [simulator_env.py | 124] INFO: finished the left ongoing orders
2022-02-23 11:08:08,747 [evaluator.py    | 116] INFO: Traveling Distance of driver D_1 is  74.930, visited node list: 30
2022-02-23 11:08:08,749 [evaluator.py    | 116] INFO: Traveling Distance of driver D_2 is  120.190, visited node list: 44
2022-02-23 11:08:08,751 [evaluator.py    | 116] INFO: Traveling Distance of driver D_3 is  75.130, visited node list: 30
2022-02-23 11:08:08,752 [evaluator.py    | 116] INFO: Traveling Distance of driver D_4 is  126.570, visited node list: 41
2022-02-23 11:08:08,753 [evaluator.py    | 116] INFO: Traveling Distance of driver D_5 is  124.650, visited node list: 49
2022-02-23 11:08:08,754 [evaluator.py    | 116] INFO: Traveling Distance of driver D_6 is  124.990, visited node list: 46
2022-02-23 11:08:08,757 [evaluator.py    | 116] INFO: Traveling Distance of driver D_7 is  119.710, visited node list: 45
2022-02-23 11:08:08,760 [evaluator.py    | 116] INFO: Traveling Distance of driver D_8 is  112.010, visited node list: 38
2022-02-23 11:08:08,761 [evaluator.py    | 116] INFO: Traveling Distance of driver D_9 is  124.280, visited node list: 45
2022-02-23 11:08:08,762 [evaluator.py    | 116] INFO: Traveling Distance of driver D_10 is  122.930, visited node list: 46
2022-02-23 11:08:08,764 [evaluator.py    | 116] INFO: Traveling Distance of driver D_11 is  129.640, visited node list: 47
2022-02-23 11:08:08,764 [evaluator.py    | 116] INFO: Traveling Distance of driver D_12 is  131.300, visited node list: 47
2022-02-23 11:08:08,765 [evaluator.py    | 116] INFO: Traveling Distance of driver D_13 is  131.740, visited node list: 48
2022-02-23 11:08:08,766 [evaluator.py    | 116] INFO: Traveling Distance of driver D_14 is  124.440, visited node list: 50
2022-02-23 11:08:08,768 [evaluator.py    | 116] INFO: Traveling Distance of driver D_15 is  131.250, visited node list: 48
2022-02-23 11:08:08,769 [evaluator.py    | 116] INFO: Traveling Distance of driver D_16 is  125.850, visited node list: 47
2022-02-23 11:08:08,770 [evaluator.py    | 116] INFO: Traveling Distance of driver D_17 is  117.940, visited node list: 44
2022-02-23 11:08:08,772 [evaluator.py    | 116] INFO: Traveling Distance of driver D_18 is  126.400, visited node list: 47
2022-02-23 11:08:08,772 [evaluator.py    | 116] INFO: Traveling Distance of driver D_19 is  134.280, visited node list: 46
2022-02-23 11:08:08,773 [evaluator.py    | 116] INFO: Traveling Distance of driver D_20 is  123.360, visited node list: 50
2022-02-23 11:08:08,774 [evaluator.py    | 116] INFO: Traveling Distance of driver D_21 is  128.340, visited node list: 43
2022-02-23 11:08:08,775 [evaluator.py    | 116] INFO: Traveling Distance of driver D_22 is  131.150, visited node list: 42
2022-02-23 11:08:08,776 [evaluator.py    | 116] INFO: Traveling Distance of driver D_23 is  129.130, visited node list: 49
2022-02-23 11:08:08,777 [evaluator.py    | 116] INFO: Traveling Distance of driver D_24 is  124.630, visited node list: 56
2022-02-23 11:08:08,777 [evaluator.py    | 116] INFO: Traveling Distance of driver D_25 is  127.550, visited node list: 46
2022-02-23 11:08:08,778 [evaluator.py    | 116] INFO: Traveling Distance of driver D_26 is  124.530, visited node list: 55
2022-02-23 11:08:08,780 [evaluator.py    | 116] INFO: Traveling Distance of driver D_27 is  125.390, visited node list: 48
2022-02-23 11:08:08,781 [evaluator.py    | 116] INFO: Traveling Distance of driver D_28 is  130.410, visited node list: 43
2022-02-23 11:08:08,782 [evaluator.py    | 116] INFO: Traveling Distance of driver D_29 is  112.650, visited node list: 44
2022-02-23 11:08:08,783 [evaluator.py    | 116] INFO: Traveling Distance of driver D_30 is  124.050, visited node list: 41
2022-02-23 11:08:08,784 [evaluator.py    | 116] INFO: Traveling Distance of driver D_31 is  129.550, visited node list: 49
2022-02-23 11:08:08,784 [evaluator.py    | 116] INFO: Traveling Distance of driver D_32 is  110.590, visited node list: 41
2022-02-23 11:08:08,785 [evaluator.py    | 116] INFO: Traveling Distance of driver D_33 is  114.920, visited node list: 45
2022-02-23 11:08:08,786 [evaluator.py    | 116] INFO: Traveling Distance of driver D_34 is  121.530, visited node list: 51
2022-02-23 11:08:08,787 [evaluator.py    | 116] INFO: Traveling Distance of driver D_35 is  124.820, visited node list: 47
2022-02-23 11:08:08,787 [evaluator.py    | 116] INFO: Traveling Distance of driver D_36 is  122.780, visited node list: 54
2022-02-23 11:08:08,789 [evaluator.py    | 116] INFO: Traveling Distance of driver D_37 is  124.750, visited node list: 47
2022-02-23 11:08:08,791 [evaluator.py    | 116] INFO: Traveling Distance of driver D_38 is  120.010, visited node list: 49
2022-02-23 11:08:08,792 [evaluator.py    | 116] INFO: Traveling Distance of driver D_39 is  120.150, visited node list: 49
2022-02-23 11:08:08,793 [evaluator.py    | 116] INFO: Traveling Distance of driver D_40 is  120.650, visited node list: 49
2022-02-23 11:08:08,795 [evaluator.py    | 116] INFO: Traveling Distance of driver D_41 is  119.660, visited node list: 45
2022-02-23 11:08:08,796 [evaluator.py    | 116] INFO: Traveling Distance of driver D_42 is  118.660, visited node list: 45
2022-02-23 11:08:08,796 [evaluator.py    | 116] INFO: Traveling Distance of driver D_43 is  123.600, visited node list: 43
2022-02-23 11:08:08,797 [evaluator.py    | 116] INFO: Traveling Distance of driver D_44 is  121.020, visited node list: 49
2022-02-23 11:08:08,797 [evaluator.py    | 116] INFO: Traveling Distance of driver D_45 is  99.680, visited node list: 43
2022-02-23 11:08:08,798 [evaluator.py    | 116] INFO: Traveling Distance of driver D_46 is  115.910, visited node list: 47
2022-02-23 11:08:08,798 [evaluator.py    | 116] INFO: Traveling Distance of driver D_47 is  115.190, visited node list: 45
2022-02-23 11:08:08,799 [evaluator.py    | 116] INFO: Traveling Distance of driver D_48 is  122.680, visited node list: 43
2022-02-23 11:08:08,799 [evaluator.py    | 116] INFO: Traveling Distance of driver D_49 is  104.440, visited node list: 41
2022-02-23 11:08:08,801 [evaluator.py    | 116] INFO: Traveling Distance of driver D_50 is  114.450, visited node list: 39
2022-02-23 11:08:08,802 [evaluator.py    | 116] INFO: Traveling Distance of driver D_51 is  115.430, visited node list: 48
2022-02-23 11:08:08,803 [evaluator.py    | 116] INFO: Traveling Distance of driver D_52 is  108.840, visited node list: 47
2022-02-23 11:08:08,804 [evaluator.py    | 116] INFO: Traveling Distance of driver D_53 is  111.100, visited node list: 46
2022-02-23 11:08:08,805 [evaluator.py    | 116] INFO: Traveling Distance of driver D_54 is  108.030, visited node list: 39
2022-02-23 11:08:08,805 [evaluator.py    | 116] INFO: Traveling Distance of driver D_55 is  110.770, visited node list: 39
2022-02-23 11:08:08,807 [evaluator.py    | 116] INFO: Traveling Distance of driver D_56 is  100.750, visited node list: 35
2022-02-23 11:08:08,808 [evaluator.py    | 116] INFO: Traveling Distance of driver D_57 is  87.440, visited node list: 29
2022-02-23 11:08:08,809 [evaluator.py    | 116] INFO: Traveling Distance of driver D_58 is  100.070, visited node list: 43
2022-02-23 11:08:08,809 [evaluator.py    | 116] INFO: Traveling Distance of driver D_59 is  89.980, visited node list: 39
2022-02-23 11:08:08,810 [evaluator.py    | 116] INFO: Traveling Distance of driver D_60 is  76.350, visited node list: 31
2022-02-23 11:08:08,810 [evaluator.py    | 116] INFO: Traveling Distance of driver D_61 is  93.320, visited node list: 39
2022-02-23 11:08:08,811 [evaluator.py    | 116] INFO: Traveling Distance of driver D_62 is  93.630, visited node list: 35
2022-02-23 11:08:08,811 [evaluator.py    | 116] INFO: Traveling Distance of driver D_63 is  78.550, visited node list: 39
2022-02-23 11:08:08,812 [evaluator.py    | 116] INFO: Traveling Distance of driver D_64 is  92.310, visited node list: 35
2022-02-23 11:08:08,812 [evaluator.py    | 116] INFO: Traveling Distance of driver D_65 is  88.080, visited node list: 37
2022-02-23 11:08:08,814 [evaluator.py    | 116] INFO: Traveling Distance of driver D_66 is  87.970, visited node list: 31
2022-02-23 11:08:08,815 [evaluator.py    | 116] INFO: Traveling Distance of driver D_67 is  87.940, visited node list: 32
2022-02-23 11:08:08,816 [evaluator.py    | 116] INFO: Traveling Distance of driver D_68 is  72.120, visited node list: 31
2022-02-23 11:08:08,816 [evaluator.py    | 116] INFO: Traveling Distance of driver D_69 is  86.450, visited node list: 33
2022-02-23 11:08:08,816 [evaluator.py    | 116] INFO: Traveling Distance of driver D_70 is  77.420, visited node list: 31
2022-02-23 11:08:08,817 [evaluator.py    | 116] INFO: Traveling Distance of driver D_71 is  77.760, visited node list: 29
2022-02-23 11:08:08,817 [evaluator.py    | 116] INFO: Traveling Distance of driver D_72 is  76.460, visited node list: 25
2022-02-23 11:08:08,818 [evaluator.py    | 116] INFO: Traveling Distance of driver D_73 is  77.770, visited node list: 31
2022-02-23 11:08:08,818 [evaluator.py    | 116] INFO: Traveling Distance of driver D_74 is  77.790, visited node list: 33
2022-02-23 11:08:08,819 [evaluator.py    | 116] INFO: Traveling Distance of driver D_75 is  85.260, visited node list: 31
2022-02-23 11:08:08,819 [evaluator.py    | 116] INFO: Traveling Distance of driver D_76 is  81.960, visited node list: 31
2022-02-23 11:08:08,820 [evaluator.py    | 116] INFO: Traveling Distance of driver D_77 is  65.520, visited node list: 23
2022-02-23 11:08:08,821 [evaluator.py    | 116] INFO: Traveling Distance of driver D_78 is  76.030, visited node list: 27
2022-02-23 11:08:08,822 [evaluator.py    | 116] INFO: Traveling Distance of driver D_79 is  64.880, visited node list: 31
2022-02-23 11:08:08,823 [evaluator.py    | 116] INFO: Traveling Distance of driver D_80 is  71.860, visited node list: 31
2022-02-23 11:08:08,823 [evaluator.py    | 116] INFO: Traveling Distance of driver D_81 is  63.800, visited node list: 28
2022-02-23 11:08:08,825 [evaluator.py    | 116] INFO: Traveling Distance of driver D_82 is  61.180, visited node list: 25
2022-02-23 11:08:08,826 [evaluator.py    | 116] INFO: Traveling Distance of driver D_83 is  77.840, visited node list: 27
2022-02-23 11:08:08,826 [evaluator.py    | 116] INFO: Traveling Distance of driver D_84 is  61.900, visited node list: 23
2022-02-23 11:08:08,827 [evaluator.py    | 116] INFO: Traveling Distance of driver D_85 is  67.920, visited node list: 25
2022-02-23 11:08:08,828 [evaluator.py    | 116] INFO: Traveling Distance of driver D_86 is  59.520, visited node list: 25
2022-02-23 11:08:08,828 [evaluator.py    | 116] INFO: Traveling Distance of driver D_87 is  69.110, visited node list: 25
2022-02-23 11:08:08,829 [evaluator.py    | 116] INFO: Traveling Distance of driver D_88 is  59.660, visited node list: 23
2022-02-23 11:08:08,830 [evaluator.py    | 116] INFO: Traveling Distance of driver D_89 is  67.590, visited node list: 27
2022-02-23 11:08:08,830 [evaluator.py    | 116] INFO: Traveling Distance of driver D_90 is  59.150, visited node list: 21
2022-02-23 11:08:08,831 [evaluator.py    | 116] INFO: Traveling Distance of driver D_91 is  56.390, visited node list: 25
2022-02-23 11:08:08,831 [evaluator.py    | 116] INFO: Traveling Distance of driver D_92 is  58.380, visited node list: 25
2022-02-23 11:08:08,831 [evaluator.py    | 116] INFO: Traveling Distance of driver D_93 is  64.220, visited node list: 25
2022-02-23 11:08:08,832 [evaluator.py    | 116] INFO: Traveling Distance of driver D_94 is  61.590, visited node list: 23
2022-02-23 11:08:08,832 [evaluator.py    | 116] INFO: Traveling Distance of driver D_95 is  55.260, visited node list: 21
2022-02-23 11:08:08,833 [evaluator.py    | 116] INFO: Traveling Distance of driver D_96 is  63.150, visited node list: 20
2022-02-23 11:08:08,835 [evaluator.py    | 116] INFO: Traveling Distance of driver D_97 is  55.250, visited node list: 25
2022-02-23 11:08:08,836 [evaluator.py    | 116] INFO: Traveling Distance of driver D_98 is  67.970, visited node list: 27
2022-02-23 11:08:08,836 [evaluator.py    | 116] INFO: Traveling Distance of driver D_99 is  64.310, visited node list: 23
2022-02-23 11:08:08,837 [evaluator.py    | 116] INFO: Traveling Distance of driver D_100 is  70.490, visited node list: 23
2022-02-23 11:08:08,837 [evaluator.py    | 116] INFO: Traveling Distance of driver D_101 is  61.640, visited node list: 27
2022-02-23 11:08:08,838 [evaluator.py    | 116] INFO: Traveling Distance of driver D_102 is  54.810, visited node list: 21
2022-02-23 11:08:08,838 [evaluator.py    | 116] INFO: Traveling Distance of driver D_103 is  51.240, visited node list: 23
2022-02-23 11:08:08,839 [evaluator.py    | 116] INFO: Traveling Distance of driver D_104 is  48.350, visited node list: 21
2022-02-23 11:08:08,839 [evaluator.py    | 116] INFO: Traveling Distance of driver D_105 is  56.430, visited node list: 21
2022-02-23 11:08:08,840 [evaluator.py    | 116] INFO: Traveling Distance of driver D_106 is  54.310, visited node list: 18
2022-02-23 11:08:08,841 [evaluator.py    | 116] INFO: Traveling Distance of driver D_107 is  54.550, visited node list: 19
2022-02-23 11:08:08,842 [evaluator.py    | 116] INFO: Traveling Distance of driver D_108 is  48.410, visited node list: 20
2022-02-23 11:08:08,842 [evaluator.py    | 116] INFO: Traveling Distance of driver D_109 is  52.640, visited node list: 19
2022-02-23 11:08:08,842 [evaluator.py    | 116] INFO: Traveling Distance of driver D_110 is  56.730, visited node list: 25
2022-02-23 11:08:08,842 [evaluator.py    | 18] INFO: Total distance:  10450.090
2022-02-23 11:08:09,063 [evaluator.py    | 22] INFO: Sum over time:  1937.000
2022-02-23 11:08:09,063 [evaluator.py    | 26] INFO: Total score:  5475.556
2022-02-23 11:08:09,506 [main.py         | 43] INFO: Score of instance_75: 5475.556373737374
