2022-02-23 02:29:18,757 [main.py         | 38] INFO: Start to run /Users/yangjingfeng/Library/CloudStorage/OneDrive-Personal/Public/PhD Study/Papers/Food_Delivery/Code/Food_delivery_simulator/Benchmark/Instance_medium: instance_24
2022-02-23 02:29:18,762 [simulator_api.py | 43] INFO: Start time of the simulator: 2022-02-23 09:00:00, time interval:  600.00
2022-02-23 02:29:19,593 [input_utils.py  | 35] INFO: Get 3052 locations
2022-02-23 02:29:19,632 [input_utils.py  | 39] INFO: Get 115 drivers
2022-02-23 02:29:19,995 [input_utils.py  | 43] INFO: Get 1604 orders
2022-02-23 02:29:19,995 [simulator_api.py | 75] INFO: Initial position of D_1 is 371 Beach Rd, Singapore 199597, Singapore
2022-02-23 02:29:19,995 [simulator_api.py | 75] INFO: Initial position of D_2 is Bukit Merah View Market & Hawker Centre
2022-02-23 02:29:19,995 [simulator_api.py | 75] INFO: Initial position of D_3 is 417 River Valley Rd, Singapore 248316, Singapore
2022-02-23 02:29:19,995 [simulator_api.py | 75] INFO: Initial position of D_4 is 54 South Bridge Rd, Singapore 058685, Singapore
2022-02-23 02:29:19,995 [simulator_api.py | 75] INFO: Initial position of D_5 is Bukit Merah View Market & Hawker Centre
2022-02-23 02:29:19,995 [simulator_api.py | 75] INFO: Initial position of D_6 is Maxwell Food Centre
2022-02-23 02:29:19,995 [simulator_api.py | 75] INFO: Initial position of D_7 is Alexandra Village Food Centre
2022-02-23 02:29:19,995 [simulator_api.py | 75] INFO: Initial position of D_8 is Golden Mile Food Centre
2022-02-23 02:29:19,995 [simulator_api.py | 75] INFO: Initial position of D_9 is Amoy Street Food Centre
2022-02-23 02:29:19,996 [simulator_api.py | 75] INFO: Initial position of D_10 is Bukit Merah View Market & Hawker Centre
2022-02-23 02:29:19,996 [simulator_api.py | 75] INFO: Initial position of D_11 is 54 South Bridge Rd, Singapore 058685, Singapore
2022-02-23 02:29:19,996 [simulator_api.py | 75] INFO: Initial position of D_12 is 417 River Valley Rd, Singapore 248316, Singapore
2022-02-23 02:29:19,996 [simulator_api.py | 75] INFO: Initial position of D_13 is 371 Beach Rd, Singapore 199597, Singapore
2022-02-23 02:29:19,996 [simulator_api.py | 75] INFO: Initial position of D_14 is Alexandra Village Food Centre
2022-02-23 02:29:19,996 [simulator_api.py | 75] INFO: Initial position of D_15 is Amoy Street Food Centre
2022-02-23 02:29:19,996 [simulator_api.py | 75] INFO: Initial position of D_16 is Tiong Bahru Market
2022-02-23 02:29:19,996 [simulator_api.py | 75] INFO: Initial position of D_17 is 66 Kg Bugis, Singapore 338987, Singapore
2022-02-23 02:29:19,997 [simulator_api.py | 75] INFO: Initial position of D_18 is 54 South Bridge Rd, Singapore 058685, Singapore
2022-02-23 02:29:19,997 [simulator_api.py | 75] INFO: Initial position of D_19 is 54 South Bridge Rd, Singapore 058685, Singapore
2022-02-23 02:29:19,997 [simulator_api.py | 75] INFO: Initial position of D_20 is 37 Cuppage Rd, Singapore 229460, Singapore
2022-02-23 02:29:19,997 [simulator_api.py | 75] INFO: Initial position of D_21 is Golden Mile Food Centre
2022-02-23 02:29:19,997 [simulator_api.py | 75] INFO: Initial position of D_22 is Old Airport Road Food Centre
2022-02-23 02:29:19,997 [simulator_api.py | 75] INFO: Initial position of D_23 is Alexandra Village Food Centre
2022-02-23 02:29:19,997 [simulator_api.py | 75] INFO: Initial position of D_24 is Old Airport Road Food Centre
2022-02-23 02:29:19,997 [simulator_api.py | 75] INFO: Initial position of D_25 is 417 River Valley Rd, Singapore 248316, Singapore
2022-02-23 02:29:19,997 [simulator_api.py | 75] INFO: Initial position of D_26 is Hong Lim Food Centre
2022-02-23 02:29:19,998 [simulator_api.py | 75] INFO: Initial position of D_27 is 66 Kg Bugis, Singapore 338987, Singapore
2022-02-23 02:29:19,998 [simulator_api.py | 75] INFO: Initial position of D_28 is 417 River Valley Rd, Singapore 248316, Singapore
2022-02-23 02:29:19,998 [simulator_api.py | 75] INFO: Initial position of D_29 is Alexandra Village Food Centre
2022-02-23 02:29:19,998 [simulator_api.py | 75] INFO: Initial position of D_30 is 54 South Bridge Rd, Singapore 058685, Singapore
2022-02-23 02:29:19,998 [simulator_api.py | 75] INFO: Initial position of D_31 is Golden Mile Food Centre
2022-02-23 02:29:19,998 [simulator_api.py | 75] INFO: Initial position of D_32 is 36 Boat Quay, Singapore 049825, Singapore
2022-02-23 02:29:19,998 [simulator_api.py | 75] INFO: Initial position of D_33 is 417 River Valley Rd, Singapore 248316, Singapore
2022-02-23 02:29:19,998 [simulator_api.py | 75] INFO: Initial position of D_34 is 66 Kg Bugis, Singapore 338987, Singapore
2022-02-23 02:29:19,999 [simulator_api.py | 75] INFO: Initial position of D_35 is 54 South Bridge Rd, Singapore 058685, Singapore
2022-02-23 02:29:20,000 [simulator_api.py | 75] INFO: Initial position of D_36 is Old Airport Road Food Centre
2022-02-23 02:29:20,000 [simulator_api.py | 75] INFO: Initial position of D_37 is Alexandra Village Food Centre
2022-02-23 02:29:20,000 [simulator_api.py | 75] INFO: Initial position of D_38 is Hong Lim Food Centre
2022-02-23 02:29:20,000 [simulator_api.py | 75] INFO: Initial position of D_39 is 36 Boat Quay, Singapore 049825, Singapore
2022-02-23 02:29:20,000 [simulator_api.py | 75] INFO: Initial position of D_40 is Hong Lim Food Centre
2022-02-23 02:29:20,000 [simulator_api.py | 75] INFO: Initial position of D_41 is 54 South Bridge Rd, Singapore 058685, Singapore
2022-02-23 02:29:20,000 [simulator_api.py | 75] INFO: Initial position of D_42 is 371 Beach Rd, Singapore 199597, Singapore
2022-02-23 02:29:20,000 [simulator_api.py | 75] INFO: Initial position of D_43 is Zion Riverside Food Centre
2022-02-23 02:29:20,002 [simulator_api.py | 75] INFO: Initial position of D_44 is Tiong Bahru Market
2022-02-23 02:29:20,002 [simulator_api.py | 75] INFO: Initial position of D_45 is Amoy Street Food Centre
2022-02-23 02:29:20,002 [simulator_api.py | 75] INFO: Initial position of D_46 is Golden Mile Food Centre
2022-02-23 02:29:20,002 [simulator_api.py | 75] INFO: Initial position of D_47 is Hong Lim Food Centre
2022-02-23 02:29:20,002 [simulator_api.py | 75] INFO: Initial position of D_48 is Tiong Bahru Market
2022-02-23 02:29:20,002 [simulator_api.py | 75] INFO: Initial position of D_49 is Bukit Merah View Market & Hawker Centre
2022-02-23 02:29:20,002 [simulator_api.py | 75] INFO: Initial position of D_50 is Tiong Bahru Market
2022-02-23 02:29:20,002 [simulator_api.py | 75] INFO: Initial position of D_51 is 66 Kg Bugis, Singapore 338987, Singapore
2022-02-23 02:29:20,002 [simulator_api.py | 75] INFO: Initial position of D_52 is Zion Riverside Food Centre
2022-02-23 02:29:20,003 [simulator_api.py | 75] INFO: Initial position of D_53 is 54 South Bridge Rd, Singapore 058685, Singapore
2022-02-23 02:29:20,003 [simulator_api.py | 75] INFO: Initial position of D_54 is 37 Cuppage Rd, Singapore 229460, Singapore
2022-02-23 02:29:20,003 [simulator_api.py | 75] INFO: Initial position of D_55 is Golden Mile Food Centre
2022-02-23 02:29:20,003 [simulator_api.py | 75] INFO: Initial position of D_56 is Amoy Street Food Centre
2022-02-23 02:29:20,003 [simulator_api.py | 75] INFO: Initial position of D_57 is Amoy Street Food Centre
2022-02-23 02:29:20,003 [simulator_api.py | 75] INFO: Initial position of D_58 is 371 Beach Rd, Singapore 199597, Singapore
2022-02-23 02:29:20,003 [simulator_api.py | 75] INFO: Initial position of D_59 is Golden Mile Food Centre
2022-02-23 02:29:20,003 [simulator_api.py | 75] INFO: Initial position of D_60 is Alexandra Village Food Centre
2022-02-23 02:29:20,003 [simulator_api.py | 75] INFO: Initial position of D_61 is Maxwell Food Centre
2022-02-23 02:29:20,004 [simulator_api.py | 75] INFO: Initial position of D_62 is 417 River Valley Rd, Singapore 248316, Singapore
2022-02-23 02:29:20,004 [simulator_api.py | 75] INFO: Initial position of D_63 is 54 South Bridge Rd, Singapore 058685, Singapore
2022-02-23 02:29:20,005 [simulator_api.py | 75] INFO: Initial position of D_64 is Golden Mile Food Centre
2022-02-23 02:29:20,005 [simulator_api.py | 75] INFO: Initial position of D_65 is 54 South Bridge Rd, Singapore 058685, Singapore
2022-02-23 02:29:20,005 [simulator_api.py | 75] INFO: Initial position of D_66 is Maxwell Food Centre
2022-02-23 02:29:20,005 [simulator_api.py | 75] INFO: Initial position of D_67 is Hong Lim Food Centre
2022-02-23 02:29:20,005 [simulator_api.py | 75] INFO: Initial position of D_68 is 36 Boat Quay, Singapore 049825, Singapore
2022-02-23 02:29:20,005 [simulator_api.py | 75] INFO: Initial position of D_69 is 371 Beach Rd, Singapore 199597, Singapore
2022-02-23 02:29:20,005 [simulator_api.py | 75] INFO: Initial position of D_70 is Bukit Merah View Market & Hawker Centre
2022-02-23 02:29:20,005 [simulator_api.py | 75] INFO: Initial position of D_71 is 36 Boat Quay, Singapore 049825, Singapore
2022-02-23 02:29:20,005 [simulator_api.py | 75] INFO: Initial position of D_72 is 371 Beach Rd, Singapore 199597, Singapore
2022-02-23 02:29:20,006 [simulator_api.py | 75] INFO: Initial position of D_73 is 417 River Valley Rd, Singapore 248316, Singapore
2022-02-23 02:29:20,007 [simulator_api.py | 75] INFO: Initial position of D_74 is Zion Riverside Food Centre
2022-02-23 02:29:20,007 [simulator_api.py | 75] INFO: Initial position of D_75 is Zion Riverside Food Centre
2022-02-23 02:29:20,007 [simulator_api.py | 75] INFO: Initial position of D_76 is Maxwell Food Centre
2022-02-23 02:29:20,007 [simulator_api.py | 75] INFO: Initial position of D_77 is 66 Kg Bugis, Singapore 338987, Singapore
2022-02-23 02:29:20,007 [simulator_api.py | 75] INFO: Initial position of D_78 is Amoy Street Food Centre
2022-02-23 02:29:20,007 [simulator_api.py | 75] INFO: Initial position of D_79 is 371 Beach Rd, Singapore 199597, Singapore
2022-02-23 02:29:20,007 [simulator_api.py | 75] INFO: Initial position of D_80 is 371 Beach Rd, Singapore 199597, Singapore
2022-02-23 02:29:20,007 [simulator_api.py | 75] INFO: Initial position of D_81 is Tiong Bahru Market
2022-02-23 02:29:20,008 [simulator_api.py | 75] INFO: Initial position of D_82 is 37 Cuppage Rd, Singapore 229460, Singapore
2022-02-23 02:29:20,008 [simulator_api.py | 75] INFO: Initial position of D_83 is 36 Boat Quay, Singapore 049825, Singapore
2022-02-23 02:29:20,008 [simulator_api.py | 75] INFO: Initial position of D_84 is Tiong Bahru Market
2022-02-23 02:29:20,008 [simulator_api.py | 75] INFO: Initial position of D_85 is 36 Boat Quay, Singapore 049825, Singapore
2022-02-23 02:29:20,008 [simulator_api.py | 75] INFO: Initial position of D_86 is 371 Beach Rd, Singapore 199597, Singapore
2022-02-23 02:29:20,008 [simulator_api.py | 75] INFO: Initial position of D_87 is Hong Lim Food Centre
2022-02-23 02:29:20,008 [simulator_api.py | 75] INFO: Initial position of D_88 is 37 Cuppage Rd, Singapore 229460, Singapore
2022-02-23 02:29:20,009 [simulator_api.py | 75] INFO: Initial position of D_89 is 54 South Bridge Rd, Singapore 058685, Singapore
2022-02-23 02:29:20,009 [simulator_api.py | 75] INFO: Initial position of D_90 is 66 Kg Bugis, Singapore 338987, Singapore
2022-02-23 02:29:20,010 [simulator_api.py | 75] INFO: Initial position of D_91 is 37 Cuppage Rd, Singapore 229460, Singapore
2022-02-23 02:29:20,010 [simulator_api.py | 75] INFO: Initial position of D_92 is 37 Cuppage Rd, Singapore 229460, Singapore
2022-02-23 02:29:20,010 [simulator_api.py | 75] INFO: Initial position of D_93 is 417 River Valley Rd, Singapore 248316, Singapore
2022-02-23 02:29:20,010 [simulator_api.py | 75] INFO: Initial position of D_94 is Old Airport Road Food Centre
2022-02-23 02:29:20,010 [simulator_api.py | 75] INFO: Initial position of D_95 is 417 River Valley Rd, Singapore 248316, Singapore
2022-02-23 02:29:20,010 [simulator_api.py | 75] INFO: Initial position of D_96 is Golden Mile Food Centre
2022-02-23 02:29:20,010 [simulator_api.py | 75] INFO: Initial position of D_97 is Amoy Street Food Centre
2022-02-23 02:29:20,010 [simulator_api.py | 75] INFO: Initial position of D_98 is Hong Lim Food Centre
2022-02-23 02:29:20,010 [simulator_api.py | 75] INFO: Initial position of D_99 is Hong Lim Food Centre
2022-02-23 02:29:20,012 [simulator_api.py | 75] INFO: Initial position of D_100 is Tiong Bahru Market
2022-02-23 02:29:20,012 [simulator_api.py | 75] INFO: Initial position of D_101 is 54 South Bridge Rd, Singapore 058685, Singapore
2022-02-23 02:29:20,012 [simulator_api.py | 75] INFO: Initial position of D_102 is Golden Mile Food Centre
2022-02-23 02:29:20,012 [simulator_api.py | 75] INFO: Initial position of D_103 is 54 South Bridge Rd, Singapore 058685, Singapore
2022-02-23 02:29:20,012 [simulator_api.py | 75] INFO: Initial position of D_104 is Amoy Street Food Centre
2022-02-23 02:29:20,012 [simulator_api.py | 75] INFO: Initial position of D_105 is Hong Lim Food Centre
2022-02-23 02:29:20,012 [simulator_api.py | 75] INFO: Initial position of D_106 is Alexandra Village Food Centre
2022-02-23 02:29:20,012 [simulator_api.py | 75] INFO: Initial position of D_107 is Golden Mile Food Centre
2022-02-23 02:29:20,012 [simulator_api.py | 75] INFO: Initial position of D_108 is Alexandra Village Food Centre
2022-02-23 02:29:20,012 [simulator_api.py | 75] INFO: Initial position of D_109 is 36 Boat Quay, Singapore 049825, Singapore
2022-02-23 02:29:20,014 [simulator_api.py | 75] INFO: Initial position of D_110 is Hong Lim Food Centre
2022-02-23 02:29:20,014 [simulator_api.py | 75] INFO: Initial position of D_111 is Golden Mile Food Centre
2022-02-23 02:29:20,014 [simulator_api.py | 75] INFO: Initial position of D_112 is Tiong Bahru Market
2022-02-23 02:29:20,015 [simulator_api.py | 75] INFO: Initial position of D_113 is 371 Beach Rd, Singapore 199597, Singapore
2022-02-23 02:29:20,015 [simulator_api.py | 75] INFO: Initial position of D_114 is 54 South Bridge Rd, Singapore 058685, Singapore
2022-02-23 02:29:20,015 [simulator_api.py | 75] INFO: Initial position of D_115 is Golden Mile Food Centre
2022-02-23 02:29:20,044 [simulator_env.py | 87] INFO: **************************************************
2022-02-23 02:29:20,044 [simulator_env.py | 91] INFO: cur time: 2022-02-23 09:10:00, pre time: 2022-02-23 09:00:00
2022-02-23 02:29:20,044 [simulator_env.py | 147] INFO: Start to update the input of 2022-02-23 09:10:00
2022-02-23 02:29:20,051 [simulator_env.py | 175] INFO: Get 48 unallocated orders, 0 ongoing orders, 0 completed orders.
2022-02-23 02:29:21,508 [simulator_env.py | 100] INFO: Finish the dispatch.
2022-02-23 02:29:21,510 [simulator_env.py | 278] INFO: 2022-02-23 09:10:00, Order 09001700000: state = 1 < 2, we can not finish the simulation
2022-02-23 02:29:21,510 [simulator_env.py | 87] INFO: **************************************************
2022-02-23 02:29:21,510 [simulator_env.py | 91] INFO: cur time: 2022-02-23 09:20:00, pre time: 2022-02-23 09:10:00
2022-02-23 02:29:21,510 [simulator_env.py | 147] INFO: Start to update the input of 2022-02-23 09:20:00
2022-02-23 02:29:21,525 [simulator_env.py | 175] INFO: Get 41 unallocated orders, 25 ongoing orders, 23 completed orders.
2022-02-23 02:29:22,884 [simulator_env.py | 100] INFO: Finish the dispatch.
2022-02-23 02:29:22,887 [simulator_env.py | 278] INFO: 2022-02-23 09:20:00, Order 09100700048: state = 1 < 2, we can not finish the simulation
2022-02-23 02:29:22,889 [simulator_env.py | 87] INFO: **************************************************
2022-02-23 02:29:22,889 [simulator_env.py | 91] INFO: cur time: 2022-02-23 09:30:00, pre time: 2022-02-23 09:20:00
2022-02-23 02:29:22,889 [simulator_env.py | 147] INFO: Start to update the input of 2022-02-23 09:30:00
2022-02-23 02:29:22,905 [simulator_env.py | 175] INFO: Get 57 unallocated orders, 21 ongoing orders, 66 completed orders.
2022-02-23 02:29:24,214 [simulator_env.py | 100] INFO: Finish the dispatch.
2022-02-23 02:29:24,217 [simulator_env.py | 278] INFO: 2022-02-23 09:30:00, Order 09120700057: state = 1 < 2, we can not finish the simulation
2022-02-23 02:29:24,218 [simulator_env.py | 87] INFO: **************************************************
2022-02-23 02:29:24,219 [simulator_env.py | 91] INFO: cur time: 2022-02-23 09:40:00, pre time: 2022-02-23 09:30:00
2022-02-23 02:29:24,219 [simulator_env.py | 147] INFO: Start to update the input of 2022-02-23 09:40:00
2022-02-23 02:29:24,240 [simulator_env.py | 175] INFO: Get 49 unallocated orders, 40 ongoing orders, 104 completed orders.
2022-02-23 02:29:25,657 [simulator_env.py | 100] INFO: Finish the dispatch.
2022-02-23 02:29:25,665 [simulator_env.py | 278] INFO: 2022-02-23 09:40:00, Order 09302400144: state = 1 < 2, we can not finish the simulation
2022-02-23 02:29:25,669 [simulator_env.py | 87] INFO: **************************************************
2022-02-23 02:29:25,669 [simulator_env.py | 91] INFO: cur time: 2022-02-23 09:50:00, pre time: 2022-02-23 09:40:00
2022-02-23 02:29:25,670 [simulator_env.py | 147] INFO: Start to update the input of 2022-02-23 09:50:00
2022-02-23 02:29:25,697 [simulator_env.py | 175] INFO: Get 44 unallocated orders, 32 ongoing orders, 161 completed orders.
2022-02-23 02:29:27,061 [simulator_env.py | 100] INFO: Finish the dispatch.
2022-02-23 02:29:27,067 [simulator_env.py | 278] INFO: 2022-02-23 09:50:00, Order 09401300193: state = 1 < 2, we can not finish the simulation
2022-02-23 02:29:27,069 [simulator_env.py | 87] INFO: **************************************************
2022-02-23 02:29:27,069 [simulator_env.py | 91] INFO: cur time: 2022-02-23 10:00:00, pre time: 2022-02-23 09:50:00
2022-02-23 02:29:27,070 [simulator_env.py | 147] INFO: Start to update the input of 2022-02-23 10:00:00
2022-02-23 02:29:27,094 [simulator_env.py | 175] INFO: Get 64 unallocated orders, 29 ongoing orders, 207 completed orders.
2022-02-23 02:29:28,517 [simulator_env.py | 100] INFO: Finish the dispatch.
2022-02-23 02:29:28,521 [simulator_env.py | 278] INFO: 2022-02-23 10:00:00, Order 09481700225: state = 1 < 2, we can not finish the simulation
2022-02-23 02:29:28,523 [simulator_env.py | 87] INFO: **************************************************
2022-02-23 02:29:28,523 [simulator_env.py | 91] INFO: cur time: 2022-02-23 10:10:00, pre time: 2022-02-23 10:00:00
2022-02-23 02:29:28,523 [simulator_env.py | 147] INFO: Start to update the input of 2022-02-23 10:10:00
2022-02-23 02:29:28,549 [simulator_env.py | 175] INFO: Get 66 unallocated orders, 44 ongoing orders, 256 completed orders.
2022-02-23 02:29:30,170 [simulator_env.py | 100] INFO: Finish the dispatch.
2022-02-23 02:29:30,186 [simulator_env.py | 278] INFO: 2022-02-23 10:10:00, Order 10001800300: state = 1 < 2, we can not finish the simulation
2022-02-23 02:29:30,189 [simulator_env.py | 87] INFO: **************************************************
2022-02-23 02:29:30,189 [simulator_env.py | 91] INFO: cur time: 2022-02-23 10:20:00, pre time: 2022-02-23 10:10:00
2022-02-23 02:29:30,189 [simulator_env.py | 147] INFO: Start to update the input of 2022-02-23 10:20:00
2022-02-23 02:29:30,243 [simulator_env.py | 175] INFO: Get 69 unallocated orders, 39 ongoing orders, 327 completed orders.
2022-02-23 02:29:31,910 [simulator_env.py | 100] INFO: Finish the dispatch.
2022-02-23 02:29:31,916 [simulator_env.py | 278] INFO: 2022-02-23 10:20:00, Order 10102700366: state = 1 < 2, we can not finish the simulation
2022-02-23 02:29:31,918 [simulator_env.py | 87] INFO: **************************************************
2022-02-23 02:29:31,918 [simulator_env.py | 91] INFO: cur time: 2022-02-23 10:30:00, pre time: 2022-02-23 10:20:00
2022-02-23 02:29:31,918 [simulator_env.py | 147] INFO: Start to update the input of 2022-02-23 10:30:00
2022-02-23 02:29:31,950 [simulator_env.py | 175] INFO: Get 71 unallocated orders, 46 ongoing orders, 389 completed orders.
2022-02-23 02:29:33,605 [simulator_env.py | 100] INFO: Finish the dispatch.
2022-02-23 02:29:33,613 [simulator_env.py | 278] INFO: 2022-02-23 10:30:00, Order 10200300435: state = 1 < 2, we can not finish the simulation
2022-02-23 02:29:33,615 [simulator_env.py | 87] INFO: **************************************************
2022-02-23 02:29:33,615 [simulator_env.py | 91] INFO: cur time: 2022-02-23 10:40:00, pre time: 2022-02-23 10:30:00
2022-02-23 02:29:33,615 [simulator_env.py | 147] INFO: Start to update the input of 2022-02-23 10:40:00
2022-02-23 02:29:33,656 [simulator_env.py | 175] INFO: Get 68 unallocated orders, 54 ongoing orders, 451 completed orders.
2022-02-23 02:29:35,351 [simulator_env.py | 100] INFO: Finish the dispatch.
2022-02-23 02:29:35,359 [simulator_env.py | 278] INFO: 2022-02-23 10:40:00, Order 10254500474: state = 1 < 2, we can not finish the simulation
2022-02-23 02:29:35,363 [simulator_env.py | 87] INFO: **************************************************
2022-02-23 02:29:35,365 [simulator_env.py | 91] INFO: cur time: 2022-02-23 10:50:00, pre time: 2022-02-23 10:40:00
2022-02-23 02:29:35,366 [simulator_env.py | 147] INFO: Start to update the input of 2022-02-23 10:50:00
2022-02-23 02:29:35,401 [simulator_env.py | 175] INFO: Get 80 unallocated orders, 38 ongoing orders, 531 completed orders.
2022-02-23 02:29:36,970 [simulator_env.py | 100] INFO: Finish the dispatch.
2022-02-23 02:29:36,976 [simulator_env.py | 278] INFO: 2022-02-23 10:50:00, Order 10391700567: state = 1 < 2, we can not finish the simulation
2022-02-23 02:29:36,979 [simulator_env.py | 87] INFO: **************************************************
2022-02-23 02:29:36,980 [simulator_env.py | 91] INFO: cur time: 2022-02-23 11:00:00, pre time: 2022-02-23 10:50:00
2022-02-23 02:29:36,980 [simulator_env.py | 147] INFO: Start to update the input of 2022-02-23 11:00:00
2022-02-23 02:29:37,016 [simulator_env.py | 175] INFO: Get 71 unallocated orders, 48 ongoing orders, 598 completed orders.
2022-02-23 02:29:38,611 [simulator_env.py | 100] INFO: Finish the dispatch.
2022-02-23 02:29:38,618 [simulator_env.py | 278] INFO: 2022-02-23 11:00:00, Order 10493900646: state = 1 < 2, we can not finish the simulation
2022-02-23 02:29:38,620 [simulator_env.py | 87] INFO: **************************************************
2022-02-23 02:29:38,621 [simulator_env.py | 91] INFO: cur time: 2022-02-23 11:10:00, pre time: 2022-02-23 11:00:00
2022-02-23 02:29:38,621 [simulator_env.py | 147] INFO: Start to update the input of 2022-02-23 11:10:00
2022-02-23 02:29:38,652 [simulator_env.py | 175] INFO: Get 84 unallocated orders, 41 ongoing orders, 671 completed orders.
2022-02-23 02:29:40,324 [simulator_env.py | 100] INFO: Finish the dispatch.
2022-02-23 02:29:40,327 [simulator_env.py | 278] INFO: 2022-02-23 11:10:00, Order 10534000670: state = 1 < 2, we can not finish the simulation
2022-02-23 02:29:40,330 [simulator_env.py | 87] INFO: **************************************************
2022-02-23 02:29:40,330 [simulator_env.py | 91] INFO: cur time: 2022-02-23 11:20:00, pre time: 2022-02-23 11:10:00
2022-02-23 02:29:40,330 [simulator_env.py | 147] INFO: Start to update the input of 2022-02-23 11:20:00
2022-02-23 02:29:40,356 [simulator_env.py | 175] INFO: Get 65 unallocated orders, 58 ongoing orders, 732 completed orders.
2022-02-23 02:29:42,009 [simulator_env.py | 100] INFO: Finish the dispatch.
2022-02-23 02:29:42,015 [simulator_env.py | 278] INFO: 2022-02-23 11:20:00, Order 11082800784: state = 1 < 2, we can not finish the simulation
2022-02-23 02:29:42,017 [simulator_env.py | 87] INFO: **************************************************
2022-02-23 02:29:42,018 [simulator_env.py | 91] INFO: cur time: 2022-02-23 11:30:00, pre time: 2022-02-23 11:20:00
2022-02-23 02:29:42,018 [simulator_env.py | 147] INFO: Start to update the input of 2022-02-23 11:30:00
2022-02-23 02:29:42,050 [simulator_env.py | 175] INFO: Get 62 unallocated orders, 41 ongoing orders, 809 completed orders.
2022-02-23 02:29:43,778 [simulator_env.py | 100] INFO: Finish the dispatch.
2022-02-23 02:29:43,786 [simulator_env.py | 278] INFO: 2022-02-23 11:30:00, Order 11185400847: state = 1 < 2, we can not finish the simulation
2022-02-23 02:29:43,789 [simulator_env.py | 87] INFO: **************************************************
2022-02-23 02:29:43,789 [simulator_env.py | 91] INFO: cur time: 2022-02-23 11:40:00, pre time: 2022-02-23 11:30:00
2022-02-23 02:29:43,789 [simulator_env.py | 147] INFO: Start to update the input of 2022-02-23 11:40:00
2022-02-23 02:29:43,819 [simulator_env.py | 175] INFO: Get 66 unallocated orders, 45 ongoing orders, 866 completed orders.
2022-02-23 02:29:45,707 [simulator_env.py | 100] INFO: Finish the dispatch.
2022-02-23 02:29:45,716 [simulator_env.py | 278] INFO: 2022-02-23 11:40:00, Order 11251500888: state = 1 < 2, we can not finish the simulation
2022-02-23 02:29:45,719 [simulator_env.py | 87] INFO: **************************************************
2022-02-23 02:29:45,719 [simulator_env.py | 91] INFO: cur time: 2022-02-23 11:50:00, pre time: 2022-02-23 11:40:00
2022-02-23 02:29:45,719 [simulator_env.py | 147] INFO: Start to update the input of 2022-02-23 11:50:00
2022-02-23 02:29:45,759 [simulator_env.py | 175] INFO: Get 68 unallocated orders, 45 ongoing orders, 931 completed orders.
2022-02-23 02:29:47,362 [simulator_env.py | 100] INFO: Finish the dispatch.
2022-02-23 02:29:47,368 [simulator_env.py | 278] INFO: 2022-02-23 11:50:00, Order 11380200965: state = 1 < 2, we can not finish the simulation
2022-02-23 02:29:47,371 [simulator_env.py | 87] INFO: **************************************************
2022-02-23 02:29:47,371 [simulator_env.py | 91] INFO: cur time: 2022-02-23 12:00:00, pre time: 2022-02-23 11:50:00
2022-02-23 02:29:47,371 [simulator_env.py | 147] INFO: Start to update the input of 2022-02-23 12:00:00
2022-02-23 02:29:47,406 [simulator_env.py | 175] INFO: Get 60 unallocated orders, 41 ongoing orders, 1001 completed orders.
2022-02-23 02:29:49,093 [simulator_env.py | 100] INFO: Finish the dispatch.
2022-02-23 02:29:49,100 [simulator_env.py | 278] INFO: 2022-02-23 12:00:00, Order 11494801042: state = 1 < 2, we can not finish the simulation
2022-02-23 02:29:49,102 [simulator_env.py | 87] INFO: **************************************************
2022-02-23 02:29:49,102 [simulator_env.py | 91] INFO: cur time: 2022-02-23 12:10:00, pre time: 2022-02-23 12:00:00
2022-02-23 02:29:49,102 [simulator_env.py | 147] INFO: Start to update the input of 2022-02-23 12:10:00
2022-02-23 02:29:49,119 [simulator_env.py | 175] INFO: Get 31 unallocated orders, 50 ongoing orders, 1052 completed orders.
2022-02-23 02:29:50,831 [simulator_env.py | 100] INFO: Finish the dispatch.
2022-02-23 02:29:50,836 [simulator_env.py | 278] INFO: 2022-02-23 12:10:00, Order 12000801102: state = 1 < 2, we can not finish the simulation
2022-02-23 02:29:50,839 [simulator_env.py | 87] INFO: **************************************************
2022-02-23 02:29:50,840 [simulator_env.py | 91] INFO: cur time: 2022-02-23 12:20:00, pre time: 2022-02-23 12:10:00
2022-02-23 02:29:50,840 [simulator_env.py | 147] INFO: Start to update the input of 2022-02-23 12:20:00
2022-02-23 02:29:50,853 [simulator_env.py | 175] INFO: Get 41 unallocated orders, 18 ongoing orders, 1115 completed orders.
2022-02-23 02:29:52,590 [simulator_env.py | 100] INFO: Finish the dispatch.
2022-02-23 02:29:52,593 [simulator_env.py | 278] INFO: 2022-02-23 12:20:00, Order 12100201133: state = 1 < 2, we can not finish the simulation
2022-02-23 02:29:52,594 [simulator_env.py | 87] INFO: **************************************************
2022-02-23 02:29:52,594 [simulator_env.py | 91] INFO: cur time: 2022-02-23 12:30:00, pre time: 2022-02-23 12:20:00
2022-02-23 02:29:52,594 [simulator_env.py | 147] INFO: Start to update the input of 2022-02-23 12:30:00
2022-02-23 02:29:52,610 [simulator_env.py | 175] INFO: Get 38 unallocated orders, 29 ongoing orders, 1145 completed orders.
2022-02-23 02:29:54,510 [simulator_env.py | 100] INFO: Finish the dispatch.
2022-02-23 02:29:54,516 [simulator_env.py | 278] INFO: 2022-02-23 12:30:00, Order 12203501174: state = 1 < 2, we can not finish the simulation
2022-02-23 02:29:54,517 [simulator_env.py | 87] INFO: **************************************************
2022-02-23 02:29:54,518 [simulator_env.py | 91] INFO: cur time: 2022-02-23 12:40:00, pre time: 2022-02-23 12:30:00
2022-02-23 02:29:54,518 [simulator_env.py | 147] INFO: Start to update the input of 2022-02-23 12:40:00
2022-02-23 02:29:54,543 [simulator_env.py | 175] INFO: Get 34 unallocated orders, 24 ongoing orders, 1188 completed orders.
2022-02-23 02:29:56,546 [simulator_env.py | 100] INFO: Finish the dispatch.
2022-02-23 02:29:56,550 [simulator_env.py | 278] INFO: 2022-02-23 12:40:00, Order 12303301212: state = 1 < 2, we can not finish the simulation
2022-02-23 02:29:56,553 [simulator_env.py | 87] INFO: **************************************************
2022-02-23 02:29:56,554 [simulator_env.py | 91] INFO: cur time: 2022-02-23 12:50:00, pre time: 2022-02-23 12:40:00
2022-02-23 02:29:56,555 [simulator_env.py | 147] INFO: Start to update the input of 2022-02-23 12:50:00
2022-02-23 02:29:56,574 [simulator_env.py | 175] INFO: Get 33 unallocated orders, 28 ongoing orders, 1218 completed orders.
2022-02-23 02:29:58,419 [simulator_env.py | 100] INFO: Finish the dispatch.
2022-02-23 02:29:58,423 [simulator_env.py | 278] INFO: 2022-02-23 12:50:00, Order 12401301246: state = 1 < 2, we can not finish the simulation
2022-02-23 02:29:58,424 [simulator_env.py | 87] INFO: **************************************************
2022-02-23 02:29:58,424 [simulator_env.py | 91] INFO: cur time: 2022-02-23 13:00:00, pre time: 2022-02-23 12:50:00
2022-02-23 02:29:58,424 [simulator_env.py | 147] INFO: Start to update the input of 2022-02-23 13:00:00
2022-02-23 02:29:58,438 [simulator_env.py | 175] INFO: Get 25 unallocated orders, 25 ongoing orders, 1254 completed orders.
2022-02-23 02:30:00,392 [simulator_env.py | 100] INFO: Finish the dispatch.
2022-02-23 02:30:00,398 [simulator_env.py | 278] INFO: 2022-02-23 13:00:00, Order 12500701279: state = 1 < 2, we can not finish the simulation
2022-02-23 02:30:00,400 [simulator_env.py | 87] INFO: **************************************************
2022-02-23 02:30:00,400 [simulator_env.py | 91] INFO: cur time: 2022-02-23 13:10:00, pre time: 2022-02-23 13:00:00
2022-02-23 02:30:00,400 [simulator_env.py | 147] INFO: Start to update the input of 2022-02-23 13:10:00
2022-02-23 02:30:00,426 [simulator_env.py | 175] INFO: Get 26 unallocated orders, 19 ongoing orders, 1285 completed orders.
2022-02-23 02:30:02,083 [simulator_env.py | 100] INFO: Finish the dispatch.
2022-02-23 02:30:02,087 [simulator_env.py | 278] INFO: 2022-02-23 13:10:00, Order 13000201304: state = 1 < 2, we can not finish the simulation
2022-02-23 02:30:02,089 [simulator_env.py | 87] INFO: **************************************************
2022-02-23 02:30:02,089 [simulator_env.py | 91] INFO: cur time: 2022-02-23 13:20:00, pre time: 2022-02-23 13:10:00
2022-02-23 02:30:02,089 [simulator_env.py | 147] INFO: Start to update the input of 2022-02-23 13:20:00
2022-02-23 02:30:02,102 [simulator_env.py | 175] INFO: Get 31 unallocated orders, 21 ongoing orders, 1309 completed orders.
2022-02-23 02:30:03,851 [simulator_env.py | 100] INFO: Finish the dispatch.
2022-02-23 02:30:03,855 [simulator_env.py | 278] INFO: 2022-02-23 13:20:00, Order 13100201330: state = 1 < 2, we can not finish the simulation
2022-02-23 02:30:03,856 [simulator_env.py | 87] INFO: **************************************************
2022-02-23 02:30:03,856 [simulator_env.py | 91] INFO: cur time: 2022-02-23 13:30:00, pre time: 2022-02-23 13:20:00
2022-02-23 02:30:03,856 [simulator_env.py | 147] INFO: Start to update the input of 2022-02-23 13:30:00
2022-02-23 02:30:03,870 [simulator_env.py | 175] INFO: Get 32 unallocated orders, 20 ongoing orders, 1341 completed orders.
2022-02-23 02:30:05,417 [simulator_env.py | 100] INFO: Finish the dispatch.
2022-02-23 02:30:05,421 [simulator_env.py | 278] INFO: 2022-02-23 13:30:00, Order 13203901361: state = 1 < 2, we can not finish the simulation
2022-02-23 02:30:05,423 [simulator_env.py | 87] INFO: **************************************************
2022-02-23 02:30:05,423 [simulator_env.py | 91] INFO: cur time: 2022-02-23 13:40:00, pre time: 2022-02-23 13:30:00
2022-02-23 02:30:05,423 [simulator_env.py | 147] INFO: Start to update the input of 2022-02-23 13:40:00
2022-02-23 02:30:05,440 [simulator_env.py | 175] INFO: Get 25 unallocated orders, 19 ongoing orders, 1374 completed orders.
2022-02-23 02:30:07,126 [simulator_env.py | 100] INFO: Finish the dispatch.
2022-02-23 02:30:07,130 [simulator_env.py | 278] INFO: 2022-02-23 13:40:00, Order 13303001393: state = 1 < 2, we can not finish the simulation
2022-02-23 02:30:07,131 [simulator_env.py | 87] INFO: **************************************************
2022-02-23 02:30:07,132 [simulator_env.py | 91] INFO: cur time: 2022-02-23 13:50:00, pre time: 2022-02-23 13:40:00
2022-02-23 02:30:07,132 [simulator_env.py | 147] INFO: Start to update the input of 2022-02-23 13:50:00
2022-02-23 02:30:07,152 [simulator_env.py | 175] INFO: Get 22 unallocated orders, 12 ongoing orders, 1406 completed orders.
2022-02-23 02:30:08,812 [simulator_env.py | 100] INFO: Finish the dispatch.
2022-02-23 02:30:08,815 [simulator_env.py | 278] INFO: 2022-02-23 13:50:00, Order 13401501418: state = 1 < 2, we can not finish the simulation
2022-02-23 02:30:08,816 [simulator_env.py | 87] INFO: **************************************************
2022-02-23 02:30:08,816 [simulator_env.py | 91] INFO: cur time: 2022-02-23 14:00:00, pre time: 2022-02-23 13:50:00
2022-02-23 02:30:08,817 [simulator_env.py | 147] INFO: Start to update the input of 2022-02-23 14:00:00
2022-02-23 02:30:08,827 [simulator_env.py | 175] INFO: Get 21 unallocated orders, 16 ongoing orders, 1424 completed orders.
2022-02-23 02:30:10,478 [simulator_env.py | 100] INFO: Finish the dispatch.
2022-02-23 02:30:10,482 [simulator_env.py | 278] INFO: 2022-02-23 14:00:00, Order 13503201440: state = 1 < 2, we can not finish the simulation
2022-02-23 02:30:10,484 [simulator_env.py | 87] INFO: **************************************************
2022-02-23 02:30:10,484 [simulator_env.py | 91] INFO: cur time: 2022-02-23 14:10:00, pre time: 2022-02-23 14:00:00
2022-02-23 02:30:10,485 [simulator_env.py | 147] INFO: Start to update the input of 2022-02-23 14:10:00
2022-02-23 02:30:10,504 [simulator_env.py | 175] INFO: Get 25 unallocated orders, 15 ongoing orders, 1446 completed orders.
2022-02-23 02:30:12,188 [simulator_env.py | 100] INFO: Finish the dispatch.
2022-02-23 02:30:12,192 [simulator_env.py | 278] INFO: 2022-02-23 14:10:00, Order 14000601461: state = 1 < 2, we can not finish the simulation
2022-02-23 02:30:12,193 [simulator_env.py | 87] INFO: **************************************************
2022-02-23 02:30:12,193 [simulator_env.py | 91] INFO: cur time: 2022-02-23 14:20:00, pre time: 2022-02-23 14:10:00
2022-02-23 02:30:12,193 [simulator_env.py | 147] INFO: Start to update the input of 2022-02-23 14:20:00
2022-02-23 02:30:12,206 [simulator_env.py | 175] INFO: Get 23 unallocated orders, 13 ongoing orders, 1473 completed orders.
2022-02-23 02:30:14,505 [simulator_env.py | 100] INFO: Finish the dispatch.
2022-02-23 02:30:14,509 [simulator_env.py | 278] INFO: 2022-02-23 14:20:00, Order 14100101486: state = 1 < 2, we can not finish the simulation
2022-02-23 02:30:14,509 [simulator_env.py | 87] INFO: **************************************************
2022-02-23 02:30:14,510 [simulator_env.py | 91] INFO: cur time: 2022-02-23 14:30:00, pre time: 2022-02-23 14:20:00
2022-02-23 02:30:14,510 [simulator_env.py | 147] INFO: Start to update the input of 2022-02-23 14:30:00
2022-02-23 02:30:14,521 [simulator_env.py | 175] INFO: Get 32 unallocated orders, 17 ongoing orders, 1492 completed orders.
2022-02-23 02:30:16,194 [simulator_env.py | 100] INFO: Finish the dispatch.
2022-02-23 02:30:16,198 [simulator_env.py | 278] INFO: 2022-02-23 14:30:00, Order 14200401509: state = 1 < 2, we can not finish the simulation
2022-02-23 02:30:16,199 [simulator_env.py | 87] INFO: **************************************************
2022-02-23 02:30:16,199 [simulator_env.py | 91] INFO: cur time: 2022-02-23 14:40:00, pre time: 2022-02-23 14:30:00
2022-02-23 02:30:16,199 [simulator_env.py | 147] INFO: Start to update the input of 2022-02-23 14:40:00
2022-02-23 02:30:16,218 [simulator_env.py | 175] INFO: Get 19 unallocated orders, 21 ongoing orders, 1519 completed orders.
2022-02-23 02:30:17,944 [simulator_env.py | 100] INFO: Finish the dispatch.
2022-02-23 02:30:17,947 [simulator_env.py | 278] INFO: 2022-02-23 14:40:00, Order 14234601523: state = 1 < 2, we can not finish the simulation
2022-02-23 02:30:17,948 [simulator_env.py | 87] INFO: **************************************************
2022-02-23 02:30:17,948 [simulator_env.py | 91] INFO: cur time: 2022-02-23 14:50:00, pre time: 2022-02-23 14:40:00
2022-02-23 02:30:17,949 [simulator_env.py | 147] INFO: Start to update the input of 2022-02-23 14:50:00
2022-02-23 02:30:17,961 [simulator_env.py | 175] INFO: Get 23 unallocated orders, 13 ongoing orders, 1546 completed orders.
2022-02-23 02:30:19,737 [simulator_env.py | 100] INFO: Finish the dispatch.
2022-02-23 02:30:19,740 [simulator_env.py | 278] INFO: 2022-02-23 14:50:00, Order 14402401559: state = 1 < 2, we can not finish the simulation
2022-02-23 02:30:19,741 [simulator_env.py | 87] INFO: **************************************************
2022-02-23 02:30:19,741 [simulator_env.py | 91] INFO: cur time: 2022-02-23 15:00:00, pre time: 2022-02-23 14:50:00
2022-02-23 02:30:19,741 [simulator_env.py | 147] INFO: Start to update the input of 2022-02-23 15:00:00
2022-02-23 02:30:19,754 [simulator_env.py | 175] INFO: Get 23 unallocated orders, 8 ongoing orders, 1573 completed orders.
2022-02-23 02:30:21,496 [simulator_env.py | 100] INFO: Finish the dispatch.
2022-02-23 02:30:21,499 [simulator_env.py | 278] INFO: 2022-02-23 15:00:00, Order 14474901576: state = 1 < 2, we can not finish the simulation
2022-02-23 02:30:21,500 [simulator_env.py | 87] INFO: **************************************************
2022-02-23 02:30:21,500 [simulator_env.py | 91] INFO: cur time: 2022-02-23 15:10:00, pre time: 2022-02-23 15:00:00
2022-02-23 02:30:21,500 [simulator_env.py | 147] INFO: Start to update the input of 2022-02-23 15:10:00
2022-02-23 02:30:21,513 [simulator_env.py | 175] INFO: Get 0 unallocated orders, 18 ongoing orders, 1586 completed orders.
2022-02-23 02:30:23,005 [simulator_env.py | 100] INFO: Finish the dispatch.
2022-02-23 02:30:23,008 [simulator_env.py | 281] INFO: 2022-02-23 15:10:00, the status of all orders is greater than 1, we could finish the simulation
2022-02-23 02:30:23,015 [simulator_env.py | 124] INFO: finished the left ongoing orders
2022-02-23 02:30:23,016 [evaluator.py    | 116] INFO: Traveling Distance of driver D_1 is  41.280, visited node list: 19
2022-02-23 02:30:23,017 [evaluator.py    | 116] INFO: Traveling Distance of driver D_2 is  87.620, visited node list: 35
2022-02-23 02:30:23,019 [evaluator.py    | 116] INFO: Traveling Distance of driver D_3 is  110.570, visited node list: 45
2022-02-23 02:30:23,020 [evaluator.py    | 116] INFO: Traveling Distance of driver D_4 is  114.600, visited node list: 39
2022-02-23 02:30:23,021 [evaluator.py    | 116] INFO: Traveling Distance of driver D_5 is  113.030, visited node list: 45
2022-02-23 02:30:23,022 [evaluator.py    | 116] INFO: Traveling Distance of driver D_6 is  124.090, visited node list: 47
2022-02-23 02:30:23,022 [evaluator.py    | 116] INFO: Traveling Distance of driver D_7 is  134.690, visited node list: 40
2022-02-23 02:30:23,023 [evaluator.py    | 116] INFO: Traveling Distance of driver D_8 is  89.270, visited node list: 27
2022-02-23 02:30:23,025 [evaluator.py    | 116] INFO: Traveling Distance of driver D_9 is  114.610, visited node list: 43
2022-02-23 02:30:23,026 [evaluator.py    | 116] INFO: Traveling Distance of driver D_10 is  126.780, visited node list: 41
2022-02-23 02:30:23,026 [evaluator.py    | 116] INFO: Traveling Distance of driver D_11 is  108.010, visited node list: 45
2022-02-23 02:30:23,029 [evaluator.py    | 116] INFO: Traveling Distance of driver D_12 is  112.580, visited node list: 39
2022-02-23 02:30:23,032 [evaluator.py    | 116] INFO: Traveling Distance of driver D_13 is  124.940, visited node list: 43
2022-02-23 02:30:23,034 [evaluator.py    | 116] INFO: Traveling Distance of driver D_14 is  114.000, visited node list: 43
2022-02-23 02:30:23,036 [evaluator.py    | 116] INFO: Traveling Distance of driver D_15 is  111.560, visited node list: 47
2022-02-23 02:30:23,039 [evaluator.py    | 116] INFO: Traveling Distance of driver D_16 is  109.610, visited node list: 45
2022-02-23 02:30:23,040 [evaluator.py    | 116] INFO: Traveling Distance of driver D_17 is  110.170, visited node list: 51
2022-02-23 02:30:23,041 [evaluator.py    | 116] INFO: Traveling Distance of driver D_18 is  120.020, visited node list: 41
2022-02-23 02:30:23,043 [evaluator.py    | 116] INFO: Traveling Distance of driver D_19 is  110.200, visited node list: 43
2022-02-23 02:30:23,045 [evaluator.py    | 116] INFO: Traveling Distance of driver D_20 is  115.700, visited node list: 45
2022-02-23 02:30:23,046 [evaluator.py    | 116] INFO: Traveling Distance of driver D_21 is  124.340, visited node list: 47
2022-02-23 02:30:23,047 [evaluator.py    | 116] INFO: Traveling Distance of driver D_22 is  119.460, visited node list: 43
2022-02-23 02:30:23,049 [evaluator.py    | 116] INFO: Traveling Distance of driver D_23 is  125.260, visited node list: 47
2022-02-23 02:30:23,049 [evaluator.py    | 116] INFO: Traveling Distance of driver D_24 is  122.900, visited node list: 42
2022-02-23 02:30:23,050 [evaluator.py    | 116] INFO: Traveling Distance of driver D_25 is  111.890, visited node list: 45
2022-02-23 02:30:23,051 [evaluator.py    | 116] INFO: Traveling Distance of driver D_26 is  118.380, visited node list: 43
2022-02-23 02:30:23,051 [evaluator.py    | 116] INFO: Traveling Distance of driver D_27 is  112.870, visited node list: 47
2022-02-23 02:30:23,052 [evaluator.py    | 116] INFO: Traveling Distance of driver D_28 is  99.580, visited node list: 41
2022-02-23 02:30:23,052 [evaluator.py    | 116] INFO: Traveling Distance of driver D_29 is  113.860, visited node list: 43
2022-02-23 02:30:23,053 [evaluator.py    | 116] INFO: Traveling Distance of driver D_30 is  100.760, visited node list: 43
2022-02-23 02:30:23,054 [evaluator.py    | 116] INFO: Traveling Distance of driver D_31 is  100.610, visited node list: 43
2022-02-23 02:30:23,054 [evaluator.py    | 116] INFO: Traveling Distance of driver D_32 is  102.620, visited node list: 39
2022-02-23 02:30:23,055 [evaluator.py    | 116] INFO: Traveling Distance of driver D_33 is  118.330, visited node list: 43
2022-02-23 02:30:23,055 [evaluator.py    | 116] INFO: Traveling Distance of driver D_34 is  122.820, visited node list: 57
2022-02-23 02:30:23,055 [evaluator.py    | 116] INFO: Traveling Distance of driver D_35 is  112.150, visited node list: 41
2022-02-23 02:30:23,056 [evaluator.py    | 116] INFO: Traveling Distance of driver D_36 is  108.470, visited node list: 45
2022-02-23 02:30:23,056 [evaluator.py    | 116] INFO: Traveling Distance of driver D_37 is  103.060, visited node list: 43
2022-02-23 02:30:23,057 [evaluator.py    | 116] INFO: Traveling Distance of driver D_38 is  103.150, visited node list: 45
2022-02-23 02:30:23,058 [evaluator.py    | 116] INFO: Traveling Distance of driver D_39 is  95.580, visited node list: 37
2022-02-23 02:30:23,059 [evaluator.py    | 116] INFO: Traveling Distance of driver D_40 is  100.540, visited node list: 37
2022-02-23 02:30:23,059 [evaluator.py    | 116] INFO: Traveling Distance of driver D_41 is  78.870, visited node list: 33
2022-02-23 02:30:23,062 [evaluator.py    | 116] INFO: Traveling Distance of driver D_42 is  98.700, visited node list: 43
2022-02-23 02:30:23,064 [evaluator.py    | 116] INFO: Traveling Distance of driver D_43 is  105.870, visited node list: 37
2022-02-23 02:30:23,065 [evaluator.py    | 116] INFO: Traveling Distance of driver D_44 is  108.010, visited node list: 37
2022-02-23 02:30:23,066 [evaluator.py    | 116] INFO: Traveling Distance of driver D_45 is  93.790, visited node list: 35
2022-02-23 02:30:23,067 [evaluator.py    | 116] INFO: Traveling Distance of driver D_46 is  84.020, visited node list: 35
2022-02-23 02:30:23,068 [evaluator.py    | 116] INFO: Traveling Distance of driver D_47 is  88.440, visited node list: 33
2022-02-23 02:30:23,068 [evaluator.py    | 116] INFO: Traveling Distance of driver D_48 is  98.240, visited node list: 31
2022-02-23 02:30:23,069 [evaluator.py    | 116] INFO: Traveling Distance of driver D_49 is  91.340, visited node list: 35
2022-02-23 02:30:23,070 [evaluator.py    | 116] INFO: Traveling Distance of driver D_50 is  91.150, visited node list: 33
2022-02-23 02:30:23,070 [evaluator.py    | 116] INFO: Traveling Distance of driver D_51 is  85.400, visited node list: 29
2022-02-23 02:30:23,072 [evaluator.py    | 116] INFO: Traveling Distance of driver D_52 is  89.380, visited node list: 31
2022-02-23 02:30:23,073 [evaluator.py    | 116] INFO: Traveling Distance of driver D_53 is  86.030, visited node list: 37
2022-02-23 02:30:23,073 [evaluator.py    | 116] INFO: Traveling Distance of driver D_54 is  72.130, visited node list: 28
2022-02-23 02:30:23,074 [evaluator.py    | 116] INFO: Traveling Distance of driver D_55 is  73.790, visited node list: 27
2022-02-23 02:30:23,074 [evaluator.py    | 116] INFO: Traveling Distance of driver D_56 is  63.240, visited node list: 25
2022-02-23 02:30:23,076 [evaluator.py    | 116] INFO: Traveling Distance of driver D_57 is  63.540, visited node list: 23
2022-02-23 02:30:23,077 [evaluator.py    | 116] INFO: Traveling Distance of driver D_58 is  65.610, visited node list: 27
2022-02-23 02:30:23,080 [evaluator.py    | 116] INFO: Traveling Distance of driver D_59 is  56.420, visited node list: 27
2022-02-23 02:30:23,083 [evaluator.py    | 116] INFO: Traveling Distance of driver D_60 is  59.810, visited node list: 23
2022-02-23 02:30:23,083 [evaluator.py    | 116] INFO: Traveling Distance of driver D_61 is  76.070, visited node list: 31
2022-02-23 02:30:23,083 [evaluator.py    | 116] INFO: Traveling Distance of driver D_62 is  60.030, visited node list: 25
2022-02-23 02:30:23,084 [evaluator.py    | 116] INFO: Traveling Distance of driver D_63 is  78.930, visited node list: 33
2022-02-23 02:30:23,085 [evaluator.py    | 116] INFO: Traveling Distance of driver D_64 is  61.690, visited node list: 25
2022-02-23 02:30:23,086 [evaluator.py    | 116] INFO: Traveling Distance of driver D_65 is  69.620, visited node list: 31
2022-02-23 02:30:23,086 [evaluator.py    | 116] INFO: Traveling Distance of driver D_66 is  69.230, visited node list: 25
2022-02-23 02:30:23,087 [evaluator.py    | 116] INFO: Traveling Distance of driver D_67 is  68.390, visited node list: 25
2022-02-23 02:30:23,087 [evaluator.py    | 116] INFO: Traveling Distance of driver D_68 is  66.090, visited node list: 21
2022-02-23 02:30:23,087 [evaluator.py    | 116] INFO: Traveling Distance of driver D_69 is  62.280, visited node list: 25
2022-02-23 02:30:23,088 [evaluator.py    | 116] INFO: Traveling Distance of driver D_70 is  56.580, visited node list: 19
2022-02-23 02:30:23,088 [evaluator.py    | 116] INFO: Traveling Distance of driver D_71 is  53.440, visited node list: 19
2022-02-23 02:30:23,088 [evaluator.py    | 116] INFO: Traveling Distance of driver D_72 is  52.880, visited node list: 21
2022-02-23 02:30:23,088 [evaluator.py    | 116] INFO: Traveling Distance of driver D_73 is  64.600, visited node list: 25
2022-02-23 02:30:23,088 [evaluator.py    | 116] INFO: Traveling Distance of driver D_74 is  60.480, visited node list: 21
2022-02-23 02:30:23,089 [evaluator.py    | 116] INFO: Traveling Distance of driver D_75 is  57.950, visited node list: 19
2022-02-23 02:30:23,089 [evaluator.py    | 116] INFO: Traveling Distance of driver D_76 is  48.620, visited node list: 18
2022-02-23 02:30:23,089 [evaluator.py    | 116] INFO: Traveling Distance of driver D_77 is  44.240, visited node list: 17
2022-02-23 02:30:23,089 [evaluator.py    | 116] INFO: Traveling Distance of driver D_78 is  52.620, visited node list: 21
2022-02-23 02:30:23,090 [evaluator.py    | 116] INFO: Traveling Distance of driver D_79 is  46.370, visited node list: 17
2022-02-23 02:30:23,090 [evaluator.py    | 116] INFO: Traveling Distance of driver D_80 is  47.070, visited node list: 19
2022-02-23 02:30:23,090 [evaluator.py    | 116] INFO: Traveling Distance of driver D_81 is  49.830, visited node list: 17
2022-02-23 02:30:23,090 [evaluator.py    | 116] INFO: Traveling Distance of driver D_82 is  50.490, visited node list: 19
2022-02-23 02:30:23,091 [evaluator.py    | 116] INFO: Traveling Distance of driver D_83 is  41.090, visited node list: 25
2022-02-23 02:30:23,091 [evaluator.py    | 116] INFO: Traveling Distance of driver D_84 is  42.060, visited node list: 21
2022-02-23 02:30:23,092 [evaluator.py    | 116] INFO: Traveling Distance of driver D_85 is  51.010, visited node list: 17
2022-02-23 02:30:23,092 [evaluator.py    | 116] INFO: Traveling Distance of driver D_86 is  55.370, visited node list: 19
2022-02-23 02:30:23,092 [evaluator.py    | 116] INFO: Traveling Distance of driver D_87 is  52.690, visited node list: 17
2022-02-23 02:30:23,093 [evaluator.py    | 116] INFO: Traveling Distance of driver D_88 is  38.520, visited node list: 19
2022-02-23 02:30:23,093 [evaluator.py    | 116] INFO: Traveling Distance of driver D_89 is  39.020, visited node list: 15
2022-02-23 02:30:23,095 [evaluator.py    | 116] INFO: Traveling Distance of driver D_90 is  44.990, visited node list: 17
2022-02-23 02:30:23,097 [evaluator.py    | 116] INFO: Traveling Distance of driver D_91 is  53.060, visited node list: 17
2022-02-23 02:30:23,099 [evaluator.py    | 116] INFO: Traveling Distance of driver D_92 is  40.970, visited node list: 17
2022-02-23 02:30:23,099 [evaluator.py    | 116] INFO: Traveling Distance of driver D_93 is  45.710, visited node list: 21
2022-02-23 02:30:23,100 [evaluator.py    | 116] INFO: Traveling Distance of driver D_94 is  42.760, visited node list: 19
2022-02-23 02:30:23,100 [evaluator.py    | 116] INFO: Traveling Distance of driver D_95 is  28.290, visited node list: 17
2022-02-23 02:30:23,100 [evaluator.py    | 116] INFO: Traveling Distance of driver D_96 is  36.380, visited node list: 21
2022-02-23 02:30:23,100 [evaluator.py    | 116] INFO: Traveling Distance of driver D_97 is  40.510, visited node list: 18
2022-02-23 02:30:23,100 [evaluator.py    | 116] INFO: Traveling Distance of driver D_98 is  33.020, visited node list: 14
2022-02-23 02:30:23,101 [evaluator.py    | 116] INFO: Traveling Distance of driver D_99 is  35.400, visited node list: 15
2022-02-23 02:30:23,101 [evaluator.py    | 116] INFO: Traveling Distance of driver D_100 is  33.900, visited node list: 13
2022-02-23 02:30:23,101 [evaluator.py    | 116] INFO: Traveling Distance of driver D_101 is  42.170, visited node list: 15
2022-02-23 02:30:23,101 [evaluator.py    | 116] INFO: Traveling Distance of driver D_102 is  28.100, visited node list: 13
2022-02-23 02:30:23,101 [evaluator.py    | 116] INFO: Traveling Distance of driver D_103 is  33.290, visited node list: 13
2022-02-23 02:30:23,102 [evaluator.py    | 116] INFO: Traveling Distance of driver D_104 is  34.600, visited node list: 13
2022-02-23 02:30:23,102 [evaluator.py    | 116] INFO: Traveling Distance of driver D_105 is  31.510, visited node list: 13
2022-02-23 02:30:23,102 [evaluator.py    | 116] INFO: Traveling Distance of driver D_106 is  25.980, visited node list: 16
2022-02-23 02:30:23,102 [evaluator.py    | 116] INFO: Traveling Distance of driver D_107 is  20.570, visited node list: 9
2022-02-23 02:30:23,103 [evaluator.py    | 116] INFO: Traveling Distance of driver D_108 is  26.930, visited node list: 10
2022-02-23 02:30:23,103 [evaluator.py    | 116] INFO: Traveling Distance of driver D_109 is  29.960, visited node list: 15
2022-02-23 02:30:23,103 [evaluator.py    | 116] INFO: Traveling Distance of driver D_110 is  34.920, visited node list: 11
2022-02-23 02:30:23,103 [evaluator.py    | 116] INFO: Traveling Distance of driver D_111 is  36.200, visited node list: 15
2022-02-23 02:30:23,104 [evaluator.py    | 116] INFO: Traveling Distance of driver D_112 is  23.130, visited node list: 9
2022-02-23 02:30:23,104 [evaluator.py    | 116] INFO: Traveling Distance of driver D_113 is  11.580, visited node list: 5
2022-02-23 02:30:23,104 [evaluator.py    | 116] INFO: Traveling Distance of driver D_114 is  31.680, visited node list: 11
2022-02-23 02:30:23,104 [evaluator.py    | 116] INFO: Traveling Distance of driver D_115 is  30.480, visited node list: 9
2022-02-23 02:30:23,104 [evaluator.py    | 18] INFO: Total distance:  8557.090
2022-02-23 02:30:23,251 [evaluator.py    | 22] INFO: Sum over time:  0.000
2022-02-23 02:30:23,252 [evaluator.py    | 26] INFO: Total score:  74.409
2022-02-23 02:30:23,449 [main.py         | 43] INFO: Score of instance_24: 74.40947826086953
