2022-02-23 01:40:33,558 [main.py         | 38] INFO: Start to run /Users/yangjingfeng/Library/CloudStorage/OneDrive-Personal/Public/PhD Study/Papers/Food_Delivery/Code/Food_delivery_simulator/Benchmark/Instance_medium: instance_6
2022-02-23 01:40:33,559 [simulator_api.py | 43] INFO: Start time of the simulator: 2022-02-23 09:00:00, time interval:  600.00
2022-02-23 01:40:34,080 [input_utils.py  | 35] INFO: Get 3052 locations
2022-02-23 01:40:34,109 [input_utils.py  | 39] INFO: Get 105 drivers
2022-02-23 01:40:34,621 [input_utils.py  | 43] INFO: Get 1498 orders
2022-02-23 01:40:34,621 [simulator_api.py | 75] INFO: Initial position of D_1 is 371 Beach Rd, Singapore 199597, Singapore
2022-02-23 01:40:34,621 [simulator_api.py | 75] INFO: Initial position of D_2 is Bukit Merah View Market & Hawker Centre
2022-02-23 01:40:34,621 [simulator_api.py | 75] INFO: Initial position of D_3 is 417 River Valley Rd, Singapore 248316, Singapore
2022-02-23 01:40:34,621 [simulator_api.py | 75] INFO: Initial position of D_4 is 54 South Bridge Rd, Singapore 058685, Singapore
2022-02-23 01:40:34,621 [simulator_api.py | 75] INFO: Initial position of D_5 is Bukit Merah View Market & Hawker Centre
2022-02-23 01:40:34,621 [simulator_api.py | 75] INFO: Initial position of D_6 is Maxwell Food Centre
2022-02-23 01:40:34,621 [simulator_api.py | 75] INFO: Initial position of D_7 is Alexandra Village Food Centre
2022-02-23 01:40:34,621 [simulator_api.py | 75] INFO: Initial position of D_8 is Golden Mile Food Centre
2022-02-23 01:40:34,621 [simulator_api.py | 75] INFO: Initial position of D_9 is Amoy Street Food Centre
2022-02-23 01:40:34,622 [simulator_api.py | 75] INFO: Initial position of D_10 is Bukit Merah View Market & Hawker Centre
2022-02-23 01:40:34,622 [simulator_api.py | 75] INFO: Initial position of D_11 is 54 South Bridge Rd, Singapore 058685, Singapore
2022-02-23 01:40:34,622 [simulator_api.py | 75] INFO: Initial position of D_12 is 417 River Valley Rd, Singapore 248316, Singapore
2022-02-23 01:40:34,622 [simulator_api.py | 75] INFO: Initial position of D_13 is 371 Beach Rd, Singapore 199597, Singapore
2022-02-23 01:40:34,622 [simulator_api.py | 75] INFO: Initial position of D_14 is Alexandra Village Food Centre
2022-02-23 01:40:34,622 [simulator_api.py | 75] INFO: Initial position of D_15 is Amoy Street Food Centre
2022-02-23 01:40:34,622 [simulator_api.py | 75] INFO: Initial position of D_16 is Tiong Bahru Market
2022-02-23 01:40:34,622 [simulator_api.py | 75] INFO: Initial position of D_17 is 66 Kg Bugis, Singapore 338987, Singapore
2022-02-23 01:40:34,622 [simulator_api.py | 75] INFO: Initial position of D_18 is 54 South Bridge Rd, Singapore 058685, Singapore
2022-02-23 01:40:34,622 [simulator_api.py | 75] INFO: Initial position of D_19 is 54 South Bridge Rd, Singapore 058685, Singapore
2022-02-23 01:40:34,622 [simulator_api.py | 75] INFO: Initial position of D_20 is 37 Cuppage Rd, Singapore 229460, Singapore
2022-02-23 01:40:34,623 [simulator_api.py | 75] INFO: Initial position of D_21 is Golden Mile Food Centre
2022-02-23 01:40:34,623 [simulator_api.py | 75] INFO: Initial position of D_22 is Old Airport Road Food Centre
2022-02-23 01:40:34,623 [simulator_api.py | 75] INFO: Initial position of D_23 is Alexandra Village Food Centre
2022-02-23 01:40:34,623 [simulator_api.py | 75] INFO: Initial position of D_24 is Old Airport Road Food Centre
2022-02-23 01:40:34,623 [simulator_api.py | 75] INFO: Initial position of D_25 is 417 River Valley Rd, Singapore 248316, Singapore
2022-02-23 01:40:34,623 [simulator_api.py | 75] INFO: Initial position of D_26 is Hong Lim Food Centre
2022-02-23 01:40:34,623 [simulator_api.py | 75] INFO: Initial position of D_27 is 66 Kg Bugis, Singapore 338987, Singapore
2022-02-23 01:40:34,623 [simulator_api.py | 75] INFO: Initial position of D_28 is 417 River Valley Rd, Singapore 248316, Singapore
2022-02-23 01:40:34,623 [simulator_api.py | 75] INFO: Initial position of D_29 is Alexandra Village Food Centre
2022-02-23 01:40:34,623 [simulator_api.py | 75] INFO: Initial position of D_30 is 54 South Bridge Rd, Singapore 058685, Singapore
2022-02-23 01:40:34,623 [simulator_api.py | 75] INFO: Initial position of D_31 is Golden Mile Food Centre
2022-02-23 01:40:34,623 [simulator_api.py | 75] INFO: Initial position of D_32 is 36 Boat Quay, Singapore 049825, Singapore
2022-02-23 01:40:34,623 [simulator_api.py | 75] INFO: Initial position of D_33 is 417 River Valley Rd, Singapore 248316, Singapore
2022-02-23 01:40:34,624 [simulator_api.py | 75] INFO: Initial position of D_34 is 66 Kg Bugis, Singapore 338987, Singapore
2022-02-23 01:40:34,624 [simulator_api.py | 75] INFO: Initial position of D_35 is 54 South Bridge Rd, Singapore 058685, Singapore
2022-02-23 01:40:34,624 [simulator_api.py | 75] INFO: Initial position of D_36 is Old Airport Road Food Centre
2022-02-23 01:40:34,624 [simulator_api.py | 75] INFO: Initial position of D_37 is Alexandra Village Food Centre
2022-02-23 01:40:34,624 [simulator_api.py | 75] INFO: Initial position of D_38 is Hong Lim Food Centre
2022-02-23 01:40:34,624 [simulator_api.py | 75] INFO: Initial position of D_39 is 36 Boat Quay, Singapore 049825, Singapore
2022-02-23 01:40:34,624 [simulator_api.py | 75] INFO: Initial position of D_40 is Hong Lim Food Centre
2022-02-23 01:40:34,625 [simulator_api.py | 75] INFO: Initial position of D_41 is 54 South Bridge Rd, Singapore 058685, Singapore
2022-02-23 01:40:34,625 [simulator_api.py | 75] INFO: Initial position of D_42 is 371 Beach Rd, Singapore 199597, Singapore
2022-02-23 01:40:34,625 [simulator_api.py | 75] INFO: Initial position of D_43 is Zion Riverside Food Centre
2022-02-23 01:40:34,625 [simulator_api.py | 75] INFO: Initial position of D_44 is Tiong Bahru Market
2022-02-23 01:40:34,625 [simulator_api.py | 75] INFO: Initial position of D_45 is Amoy Street Food Centre
2022-02-23 01:40:34,625 [simulator_api.py | 75] INFO: Initial position of D_46 is Golden Mile Food Centre
2022-02-23 01:40:34,625 [simulator_api.py | 75] INFO: Initial position of D_47 is Hong Lim Food Centre
2022-02-23 01:40:34,625 [simulator_api.py | 75] INFO: Initial position of D_48 is Tiong Bahru Market
2022-02-23 01:40:34,625 [simulator_api.py | 75] INFO: Initial position of D_49 is Bukit Merah View Market & Hawker Centre
2022-02-23 01:40:34,625 [simulator_api.py | 75] INFO: Initial position of D_50 is Tiong Bahru Market
2022-02-23 01:40:34,625 [simulator_api.py | 75] INFO: Initial position of D_51 is 66 Kg Bugis, Singapore 338987, Singapore
2022-02-23 01:40:34,625 [simulator_api.py | 75] INFO: Initial position of D_52 is Zion Riverside Food Centre
2022-02-23 01:40:34,625 [simulator_api.py | 75] INFO: Initial position of D_53 is 54 South Bridge Rd, Singapore 058685, Singapore
2022-02-23 01:40:34,626 [simulator_api.py | 75] INFO: Initial position of D_54 is 37 Cuppage Rd, Singapore 229460, Singapore
2022-02-23 01:40:34,626 [simulator_api.py | 75] INFO: Initial position of D_55 is Golden Mile Food Centre
2022-02-23 01:40:34,626 [simulator_api.py | 75] INFO: Initial position of D_56 is Amoy Street Food Centre
2022-02-23 01:40:34,626 [simulator_api.py | 75] INFO: Initial position of D_57 is Amoy Street Food Centre
2022-02-23 01:40:34,626 [simulator_api.py | 75] INFO: Initial position of D_58 is 371 Beach Rd, Singapore 199597, Singapore
2022-02-23 01:40:34,626 [simulator_api.py | 75] INFO: Initial position of D_59 is Golden Mile Food Centre
2022-02-23 01:40:34,626 [simulator_api.py | 75] INFO: Initial position of D_60 is Alexandra Village Food Centre
2022-02-23 01:40:34,626 [simulator_api.py | 75] INFO: Initial position of D_61 is Maxwell Food Centre
2022-02-23 01:40:34,626 [simulator_api.py | 75] INFO: Initial position of D_62 is 417 River Valley Rd, Singapore 248316, Singapore
2022-02-23 01:40:34,626 [simulator_api.py | 75] INFO: Initial position of D_63 is 54 South Bridge Rd, Singapore 058685, Singapore
2022-02-23 01:40:34,626 [simulator_api.py | 75] INFO: Initial position of D_64 is Golden Mile Food Centre
2022-02-23 01:40:34,626 [simulator_api.py | 75] INFO: Initial position of D_65 is 54 South Bridge Rd, Singapore 058685, Singapore
2022-02-23 01:40:34,626 [simulator_api.py | 75] INFO: Initial position of D_66 is Maxwell Food Centre
2022-02-23 01:40:34,626 [simulator_api.py | 75] INFO: Initial position of D_67 is Hong Lim Food Centre
2022-02-23 01:40:34,626 [simulator_api.py | 75] INFO: Initial position of D_68 is 36 Boat Quay, Singapore 049825, Singapore
2022-02-23 01:40:34,627 [simulator_api.py | 75] INFO: Initial position of D_69 is 371 Beach Rd, Singapore 199597, Singapore
2022-02-23 01:40:34,627 [simulator_api.py | 75] INFO: Initial position of D_70 is Bukit Merah View Market & Hawker Centre
2022-02-23 01:40:34,627 [simulator_api.py | 75] INFO: Initial position of D_71 is 36 Boat Quay, Singapore 049825, Singapore
2022-02-23 01:40:34,627 [simulator_api.py | 75] INFO: Initial position of D_72 is 371 Beach Rd, Singapore 199597, Singapore
2022-02-23 01:40:34,627 [simulator_api.py | 75] INFO: Initial position of D_73 is 417 River Valley Rd, Singapore 248316, Singapore
2022-02-23 01:40:34,627 [simulator_api.py | 75] INFO: Initial position of D_74 is Zion Riverside Food Centre
2022-02-23 01:40:34,627 [simulator_api.py | 75] INFO: Initial position of D_75 is Zion Riverside Food Centre
2022-02-23 01:40:34,627 [simulator_api.py | 75] INFO: Initial position of D_76 is Maxwell Food Centre
2022-02-23 01:40:34,627 [simulator_api.py | 75] INFO: Initial position of D_77 is 66 Kg Bugis, Singapore 338987, Singapore
2022-02-23 01:40:34,627 [simulator_api.py | 75] INFO: Initial position of D_78 is Amoy Street Food Centre
2022-02-23 01:40:34,628 [simulator_api.py | 75] INFO: Initial position of D_79 is 371 Beach Rd, Singapore 199597, Singapore
2022-02-23 01:40:34,633 [simulator_api.py | 75] INFO: Initial position of D_80 is 371 Beach Rd, Singapore 199597, Singapore
2022-02-23 01:40:34,634 [simulator_api.py | 75] INFO: Initial position of D_81 is Tiong Bahru Market
2022-02-23 01:40:34,634 [simulator_api.py | 75] INFO: Initial position of D_82 is 37 Cuppage Rd, Singapore 229460, Singapore
2022-02-23 01:40:34,634 [simulator_api.py | 75] INFO: Initial position of D_83 is 36 Boat Quay, Singapore 049825, Singapore
2022-02-23 01:40:34,634 [simulator_api.py | 75] INFO: Initial position of D_84 is Tiong Bahru Market
2022-02-23 01:40:34,634 [simulator_api.py | 75] INFO: Initial position of D_85 is 36 Boat Quay, Singapore 049825, Singapore
2022-02-23 01:40:34,634 [simulator_api.py | 75] INFO: Initial position of D_86 is 371 Beach Rd, Singapore 199597, Singapore
2022-02-23 01:40:34,634 [simulator_api.py | 75] INFO: Initial position of D_87 is Hong Lim Food Centre
2022-02-23 01:40:34,634 [simulator_api.py | 75] INFO: Initial position of D_88 is 37 Cuppage Rd, Singapore 229460, Singapore
2022-02-23 01:40:34,635 [simulator_api.py | 75] INFO: Initial position of D_89 is 54 South Bridge Rd, Singapore 058685, Singapore
2022-02-23 01:40:34,635 [simulator_api.py | 75] INFO: Initial position of D_90 is 66 Kg Bugis, Singapore 338987, Singapore
2022-02-23 01:40:34,635 [simulator_api.py | 75] INFO: Initial position of D_91 is 37 Cuppage Rd, Singapore 229460, Singapore
2022-02-23 01:40:34,635 [simulator_api.py | 75] INFO: Initial position of D_92 is 37 Cuppage Rd, Singapore 229460, Singapore
2022-02-23 01:40:34,636 [simulator_api.py | 75] INFO: Initial position of D_93 is 417 River Valley Rd, Singapore 248316, Singapore
2022-02-23 01:40:34,636 [simulator_api.py | 75] INFO: Initial position of D_94 is Old Airport Road Food Centre
2022-02-23 01:40:34,636 [simulator_api.py | 75] INFO: Initial position of D_95 is 417 River Valley Rd, Singapore 248316, Singapore
2022-02-23 01:40:34,636 [simulator_api.py | 75] INFO: Initial position of D_96 is Golden Mile Food Centre
2022-02-23 01:40:34,637 [simulator_api.py | 75] INFO: Initial position of D_97 is Amoy Street Food Centre
2022-02-23 01:40:34,637 [simulator_api.py | 75] INFO: Initial position of D_98 is Hong Lim Food Centre
2022-02-23 01:40:34,637 [simulator_api.py | 75] INFO: Initial position of D_99 is Hong Lim Food Centre
2022-02-23 01:40:34,637 [simulator_api.py | 75] INFO: Initial position of D_100 is Tiong Bahru Market
2022-02-23 01:40:34,637 [simulator_api.py | 75] INFO: Initial position of D_101 is 54 South Bridge Rd, Singapore 058685, Singapore
2022-02-23 01:40:34,637 [simulator_api.py | 75] INFO: Initial position of D_102 is Golden Mile Food Centre
2022-02-23 01:40:34,638 [simulator_api.py | 75] INFO: Initial position of D_103 is 54 South Bridge Rd, Singapore 058685, Singapore
2022-02-23 01:40:34,638 [simulator_api.py | 75] INFO: Initial position of D_104 is Amoy Street Food Centre
2022-02-23 01:40:34,638 [simulator_api.py | 75] INFO: Initial position of D_105 is Hong Lim Food Centre
2022-02-23 01:40:34,665 [simulator_env.py | 87] INFO: **************************************************
2022-02-23 01:40:34,665 [simulator_env.py | 91] INFO: cur time: 2022-02-23 09:10:00, pre time: 2022-02-23 09:00:00
2022-02-23 01:40:34,666 [simulator_env.py | 147] INFO: Start to update the input of 2022-02-23 09:10:00
2022-02-23 01:40:34,670 [simulator_env.py | 175] INFO: Get 39 unallocated orders, 0 ongoing orders, 0 completed orders.
2022-02-23 01:40:36,437 [simulator_env.py | 100] INFO: Finish the dispatch.
2022-02-23 01:40:36,438 [simulator_env.py | 278] INFO: 2022-02-23 09:10:00, Order 09001400000: state = 1 < 2, we can not finish the simulation
2022-02-23 01:40:36,439 [simulator_env.py | 87] INFO: **************************************************
2022-02-23 01:40:36,439 [simulator_env.py | 91] INFO: cur time: 2022-02-23 09:20:00, pre time: 2022-02-23 09:10:00
2022-02-23 01:40:36,439 [simulator_env.py | 147] INFO: Start to update the input of 2022-02-23 09:20:00
2022-02-23 01:40:36,451 [simulator_env.py | 175] INFO: Get 40 unallocated orders, 16 ongoing orders, 23 completed orders.
2022-02-23 01:40:38,285 [simulator_env.py | 100] INFO: Finish the dispatch.
2022-02-23 01:40:38,288 [simulator_env.py | 278] INFO: 2022-02-23 09:20:00, Order 09102300039: state = 1 < 2, we can not finish the simulation
2022-02-23 01:40:38,289 [simulator_env.py | 87] INFO: **************************************************
2022-02-23 01:40:38,289 [simulator_env.py | 91] INFO: cur time: 2022-02-23 09:30:00, pre time: 2022-02-23 09:20:00
2022-02-23 01:40:38,289 [simulator_env.py | 147] INFO: Start to update the input of 2022-02-23 09:30:00
2022-02-23 01:40:38,327 [simulator_env.py | 175] INFO: Get 45 unallocated orders, 18 ongoing orders, 61 completed orders.
2022-02-23 01:40:40,157 [simulator_env.py | 100] INFO: Finish the dispatch.
2022-02-23 01:40:40,163 [simulator_env.py | 278] INFO: 2022-02-23 09:30:00, Order 09201200079: state = 1 < 2, we can not finish the simulation
2022-02-23 01:40:40,164 [simulator_env.py | 87] INFO: **************************************************
2022-02-23 01:40:40,164 [simulator_env.py | 91] INFO: cur time: 2022-02-23 09:40:00, pre time: 2022-02-23 09:30:00
2022-02-23 01:40:40,164 [simulator_env.py | 147] INFO: Start to update the input of 2022-02-23 09:40:00
2022-02-23 01:40:40,202 [simulator_env.py | 175] INFO: Get 55 unallocated orders, 24 ongoing orders, 100 completed orders.
2022-02-23 01:40:43,879 [simulator_env.py | 100] INFO: Finish the dispatch.
2022-02-23 01:40:43,893 [simulator_env.py | 278] INFO: 2022-02-23 09:40:00, Order 09302300124: state = 1 < 2, we can not finish the simulation
2022-02-23 01:40:43,908 [simulator_env.py | 87] INFO: **************************************************
2022-02-23 01:40:43,914 [simulator_env.py | 91] INFO: cur time: 2022-02-23 09:50:00, pre time: 2022-02-23 09:40:00
2022-02-23 01:40:43,914 [simulator_env.py | 147] INFO: Start to update the input of 2022-02-23 09:50:00
2022-02-23 01:40:43,978 [simulator_env.py | 175] INFO: Get 60 unallocated orders, 34 ongoing orders, 145 completed orders.
2022-02-23 01:40:48,633 [simulator_env.py | 100] INFO: Finish the dispatch.
2022-02-23 01:40:48,646 [simulator_env.py | 278] INFO: 2022-02-23 09:50:00, Order 09400100179: state = 1 < 2, we can not finish the simulation
2022-02-23 01:40:48,648 [simulator_env.py | 87] INFO: **************************************************
2022-02-23 01:40:48,650 [simulator_env.py | 91] INFO: cur time: 2022-02-23 10:00:00, pre time: 2022-02-23 09:50:00
2022-02-23 01:40:48,650 [simulator_env.py | 147] INFO: Start to update the input of 2022-02-23 10:00:00
2022-02-23 01:40:48,752 [simulator_env.py | 175] INFO: Get 59 unallocated orders, 39 ongoing orders, 200 completed orders.
2022-02-23 01:40:52,776 [simulator_env.py | 100] INFO: Finish the dispatch.
2022-02-23 01:40:52,783 [simulator_env.py | 278] INFO: 2022-02-23 10:00:00, Order 09500100239: state = 1 < 2, we can not finish the simulation
2022-02-23 01:40:52,786 [simulator_env.py | 87] INFO: **************************************************
2022-02-23 01:40:52,787 [simulator_env.py | 91] INFO: cur time: 2022-02-23 10:10:00, pre time: 2022-02-23 10:00:00
2022-02-23 01:40:52,787 [simulator_env.py | 147] INFO: Start to update the input of 2022-02-23 10:10:00
2022-02-23 01:40:52,844 [simulator_env.py | 175] INFO: Get 62 unallocated orders, 42 ongoing orders, 256 completed orders.
2022-02-23 01:40:57,724 [simulator_env.py | 100] INFO: Finish the dispatch.
2022-02-23 01:40:57,733 [simulator_env.py | 278] INFO: 2022-02-23 10:10:00, Order 10000500298: state = 1 < 2, we can not finish the simulation
2022-02-23 01:40:57,736 [simulator_env.py | 87] INFO: **************************************************
2022-02-23 01:40:57,737 [simulator_env.py | 91] INFO: cur time: 2022-02-23 10:20:00, pre time: 2022-02-23 10:10:00
2022-02-23 01:40:57,739 [simulator_env.py | 147] INFO: Start to update the input of 2022-02-23 10:20:00
2022-02-23 01:40:57,823 [simulator_env.py | 175] INFO: Get 58 unallocated orders, 40 ongoing orders, 320 completed orders.
2022-02-23 01:41:02,512 [simulator_env.py | 100] INFO: Finish the dispatch.
2022-02-23 01:41:02,523 [simulator_env.py | 278] INFO: 2022-02-23 10:20:00, Order 10100300360: state = 1 < 2, we can not finish the simulation
2022-02-23 01:41:02,529 [simulator_env.py | 87] INFO: **************************************************
2022-02-23 01:41:02,530 [simulator_env.py | 91] INFO: cur time: 2022-02-23 10:30:00, pre time: 2022-02-23 10:20:00
2022-02-23 01:41:02,532 [simulator_env.py | 147] INFO: Start to update the input of 2022-02-23 10:30:00
2022-02-23 01:41:02,599 [simulator_env.py | 175] INFO: Get 55 unallocated orders, 40 ongoing orders, 377 completed orders.
2022-02-23 01:41:06,984 [simulator_env.py | 100] INFO: Finish the dispatch.
2022-02-23 01:41:06,994 [simulator_env.py | 278] INFO: 2022-02-23 10:30:00, Order 10104500366: state = 1 < 2, we can not finish the simulation
2022-02-23 01:41:06,997 [simulator_env.py | 87] INFO: **************************************************
2022-02-23 01:41:06,997 [simulator_env.py | 91] INFO: cur time: 2022-02-23 10:40:00, pre time: 2022-02-23 10:30:00
2022-02-23 01:41:06,997 [simulator_env.py | 147] INFO: Start to update the input of 2022-02-23 10:40:00
2022-02-23 01:41:07,046 [simulator_env.py | 175] INFO: Get 68 unallocated orders, 43 ongoing orders, 429 completed orders.
2022-02-23 01:41:10,801 [simulator_env.py | 100] INFO: Finish the dispatch.
2022-02-23 01:41:10,812 [simulator_env.py | 278] INFO: 2022-02-23 10:40:00, Order 10300400472: state = 1 < 2, we can not finish the simulation
2022-02-23 01:41:10,817 [simulator_env.py | 87] INFO: **************************************************
2022-02-23 01:41:10,817 [simulator_env.py | 91] INFO: cur time: 2022-02-23 10:50:00, pre time: 2022-02-23 10:40:00
2022-02-23 01:41:10,818 [simulator_env.py | 147] INFO: Start to update the input of 2022-02-23 10:50:00
2022-02-23 01:41:10,884 [simulator_env.py | 175] INFO: Get 64 unallocated orders, 47 ongoing orders, 490 completed orders.
2022-02-23 01:41:14,238 [simulator_env.py | 100] INFO: Finish the dispatch.
2022-02-23 01:41:14,248 [simulator_env.py | 278] INFO: 2022-02-23 10:50:00, Order 10391800534: state = 1 < 2, we can not finish the simulation
2022-02-23 01:41:14,251 [simulator_env.py | 87] INFO: **************************************************
2022-02-23 01:41:14,252 [simulator_env.py | 91] INFO: cur time: 2022-02-23 11:00:00, pre time: 2022-02-23 10:50:00
2022-02-23 01:41:14,252 [simulator_env.py | 147] INFO: Start to update the input of 2022-02-23 11:00:00
2022-02-23 01:41:14,314 [simulator_env.py | 175] INFO: Get 79 unallocated orders, 46 ongoing orders, 553 completed orders.
2022-02-23 01:41:17,603 [simulator_env.py | 100] INFO: Finish the dispatch.
2022-02-23 01:41:17,614 [simulator_env.py | 278] INFO: 2022-02-23 11:00:00, Order 10490700594: state = 1 < 2, we can not finish the simulation
2022-02-23 01:41:17,619 [simulator_env.py | 87] INFO: **************************************************
2022-02-23 01:41:17,621 [simulator_env.py | 91] INFO: cur time: 2022-02-23 11:10:00, pre time: 2022-02-23 11:00:00
2022-02-23 01:41:17,623 [simulator_env.py | 147] INFO: Start to update the input of 2022-02-23 11:10:00
2022-02-23 01:41:17,716 [simulator_env.py | 175] INFO: Get 66 unallocated orders, 54 ongoing orders, 619 completed orders.
2022-02-23 01:41:20,902 [simulator_env.py | 100] INFO: Finish the dispatch.
2022-02-23 01:41:20,915 [simulator_env.py | 278] INFO: 2022-02-23 11:10:00, Order 10575100658: state = 1 < 2, we can not finish the simulation
2022-02-23 01:41:20,920 [simulator_env.py | 87] INFO: **************************************************
2022-02-23 01:41:20,921 [simulator_env.py | 91] INFO: cur time: 2022-02-23 11:20:00, pre time: 2022-02-23 11:10:00
2022-02-23 01:41:20,923 [simulator_env.py | 147] INFO: Start to update the input of 2022-02-23 11:20:00
2022-02-23 01:41:20,968 [simulator_env.py | 175] INFO: Get 70 unallocated orders, 36 ongoing orders, 691 completed orders.
2022-02-23 01:41:24,239 [simulator_env.py | 100] INFO: Finish the dispatch.
2022-02-23 01:41:24,250 [simulator_env.py | 278] INFO: 2022-02-23 11:20:00, Order 11080100724: state = 1 < 2, we can not finish the simulation
2022-02-23 01:41:24,252 [simulator_env.py | 87] INFO: **************************************************
2022-02-23 01:41:24,253 [simulator_env.py | 91] INFO: cur time: 2022-02-23 11:30:00, pre time: 2022-02-23 11:20:00
2022-02-23 01:41:24,253 [simulator_env.py | 147] INFO: Start to update the input of 2022-02-23 11:30:00
2022-02-23 01:41:24,297 [simulator_env.py | 175] INFO: Get 44 unallocated orders, 43 ongoing orders, 754 completed orders.
2022-02-23 01:41:27,600 [simulator_env.py | 100] INFO: Finish the dispatch.
2022-02-23 01:41:27,610 [simulator_env.py | 278] INFO: 2022-02-23 11:30:00, Order 11200600797: state = 1 < 2, we can not finish the simulation
2022-02-23 01:41:27,614 [simulator_env.py | 87] INFO: **************************************************
2022-02-23 01:41:27,614 [simulator_env.py | 91] INFO: cur time: 2022-02-23 11:40:00, pre time: 2022-02-23 11:30:00
2022-02-23 01:41:27,614 [simulator_env.py | 147] INFO: Start to update the input of 2022-02-23 11:40:00
2022-02-23 01:41:27,649 [simulator_env.py | 175] INFO: Get 64 unallocated orders, 30 ongoing orders, 811 completed orders.
2022-02-23 01:41:31,131 [simulator_env.py | 100] INFO: Finish the dispatch.
2022-02-23 01:41:31,136 [simulator_env.py | 278] INFO: 2022-02-23 11:40:00, Order 11300300841: state = 1 < 2, we can not finish the simulation
2022-02-23 01:41:31,141 [simulator_env.py | 87] INFO: **************************************************
2022-02-23 01:41:31,141 [simulator_env.py | 91] INFO: cur time: 2022-02-23 11:50:00, pre time: 2022-02-23 11:40:00
2022-02-23 01:41:31,144 [simulator_env.py | 147] INFO: Start to update the input of 2022-02-23 11:50:00
2022-02-23 01:41:31,189 [simulator_env.py | 175] INFO: Get 72 unallocated orders, 44 ongoing orders, 861 completed orders.
2022-02-23 01:41:34,488 [simulator_env.py | 100] INFO: Finish the dispatch.
2022-02-23 01:41:34,500 [simulator_env.py | 278] INFO: 2022-02-23 11:50:00, Order 11400200905: state = 1 < 2, we can not finish the simulation
2022-02-23 01:41:34,503 [simulator_env.py | 87] INFO: **************************************************
2022-02-23 01:41:34,503 [simulator_env.py | 91] INFO: cur time: 2022-02-23 12:00:00, pre time: 2022-02-23 11:50:00
2022-02-23 01:41:34,503 [simulator_env.py | 147] INFO: Start to update the input of 2022-02-23 12:00:00
2022-02-23 01:41:34,560 [simulator_env.py | 175] INFO: Get 57 unallocated orders, 51 ongoing orders, 923 completed orders.
2022-02-23 01:41:37,846 [simulator_env.py | 100] INFO: Finish the dispatch.
2022-02-23 01:41:37,857 [simulator_env.py | 278] INFO: 2022-02-23 12:00:00, Order 11481400966: state = 1 < 2, we can not finish the simulation
2022-02-23 01:41:37,861 [simulator_env.py | 87] INFO: **************************************************
2022-02-23 01:41:37,862 [simulator_env.py | 91] INFO: cur time: 2022-02-23 12:10:00, pre time: 2022-02-23 12:00:00
2022-02-23 01:41:37,863 [simulator_env.py | 147] INFO: Start to update the input of 2022-02-23 12:10:00
2022-02-23 01:41:37,900 [simulator_env.py | 175] INFO: Get 32 unallocated orders, 37 ongoing orders, 992 completed orders.
2022-02-23 01:41:41,124 [simulator_env.py | 100] INFO: Finish the dispatch.
2022-02-23 01:41:41,134 [simulator_env.py | 278] INFO: 2022-02-23 12:10:00, Order 11522200990: state = 1 < 2, we can not finish the simulation
2022-02-23 01:41:41,136 [simulator_env.py | 87] INFO: **************************************************
2022-02-23 01:41:41,136 [simulator_env.py | 91] INFO: cur time: 2022-02-23 12:20:00, pre time: 2022-02-23 12:10:00
2022-02-23 01:41:41,136 [simulator_env.py | 147] INFO: Start to update the input of 2022-02-23 12:20:00
2022-02-23 01:41:41,159 [simulator_env.py | 175] INFO: Get 32 unallocated orders, 23 ongoing orders, 1038 completed orders.
2022-02-23 01:41:44,335 [simulator_env.py | 100] INFO: Finish the dispatch.
2022-02-23 01:41:44,340 [simulator_env.py | 278] INFO: 2022-02-23 12:20:00, Order 12100701061: state = 1 < 2, we can not finish the simulation
2022-02-23 01:41:44,342 [simulator_env.py | 87] INFO: **************************************************
2022-02-23 01:41:44,343 [simulator_env.py | 91] INFO: cur time: 2022-02-23 12:30:00, pre time: 2022-02-23 12:20:00
2022-02-23 01:41:44,344 [simulator_env.py | 147] INFO: Start to update the input of 2022-02-23 12:30:00
2022-02-23 01:41:44,367 [simulator_env.py | 175] INFO: Get 40 unallocated orders, 21 ongoing orders, 1072 completed orders.
2022-02-23 01:41:48,489 [simulator_env.py | 100] INFO: Finish the dispatch.
2022-02-23 01:41:48,499 [simulator_env.py | 278] INFO: 2022-02-23 12:30:00, Order 12203201093: state = 1 < 2, we can not finish the simulation
2022-02-23 01:41:48,502 [simulator_env.py | 87] INFO: **************************************************
2022-02-23 01:41:48,502 [simulator_env.py | 91] INFO: cur time: 2022-02-23 12:40:00, pre time: 2022-02-23 12:30:00
2022-02-23 01:41:48,502 [simulator_env.py | 147] INFO: Start to update the input of 2022-02-23 12:40:00
2022-02-23 01:41:48,535 [simulator_env.py | 175] INFO: Get 32 unallocated orders, 29 ongoing orders, 1104 completed orders.
2022-02-23 01:41:51,992 [simulator_env.py | 100] INFO: Finish the dispatch.
2022-02-23 01:41:52,006 [simulator_env.py | 278] INFO: 2022-02-23 12:40:00, Order 12310701133: state = 1 < 2, we can not finish the simulation
2022-02-23 01:41:52,008 [simulator_env.py | 87] INFO: **************************************************
2022-02-23 01:41:52,009 [simulator_env.py | 91] INFO: cur time: 2022-02-23 12:50:00, pre time: 2022-02-23 12:40:00
2022-02-23 01:41:52,009 [simulator_env.py | 147] INFO: Start to update the input of 2022-02-23 12:50:00
2022-02-23 01:41:52,107 [simulator_env.py | 175] INFO: Get 27 unallocated orders, 24 ongoing orders, 1141 completed orders.
2022-02-23 01:41:56,815 [simulator_env.py | 100] INFO: Finish the dispatch.
2022-02-23 01:41:56,825 [simulator_env.py | 278] INFO: 2022-02-23 12:50:00, Order 12403101165: state = 1 < 2, we can not finish the simulation
2022-02-23 01:41:56,827 [simulator_env.py | 87] INFO: **************************************************
2022-02-23 01:41:56,828 [simulator_env.py | 91] INFO: cur time: 2022-02-23 13:00:00, pre time: 2022-02-23 12:50:00
2022-02-23 01:41:56,828 [simulator_env.py | 147] INFO: Start to update the input of 2022-02-23 13:00:00
2022-02-23 01:41:56,864 [simulator_env.py | 175] INFO: Get 35 unallocated orders, 19 ongoing orders, 1173 completed orders.
2022-02-23 01:42:01,781 [simulator_env.py | 100] INFO: Finish the dispatch.
2022-02-23 01:42:01,790 [simulator_env.py | 278] INFO: 2022-02-23 13:00:00, Order 12501701192: state = 1 < 2, we can not finish the simulation
2022-02-23 01:42:01,793 [simulator_env.py | 87] INFO: **************************************************
2022-02-23 01:42:01,793 [simulator_env.py | 91] INFO: cur time: 2022-02-23 13:10:00, pre time: 2022-02-23 13:00:00
2022-02-23 01:42:01,793 [simulator_env.py | 147] INFO: Start to update the input of 2022-02-23 13:10:00
2022-02-23 01:42:02,021 [simulator_env.py | 175] INFO: Get 27 unallocated orders, 21 ongoing orders, 1205 completed orders.
2022-02-23 01:42:06,580 [simulator_env.py | 100] INFO: Finish the dispatch.
2022-02-23 01:42:06,589 [simulator_env.py | 278] INFO: 2022-02-23 13:10:00, Order 12520201199: state = 1 < 2, we can not finish the simulation
2022-02-23 01:42:06,592 [simulator_env.py | 87] INFO: **************************************************
2022-02-23 01:42:06,592 [simulator_env.py | 91] INFO: cur time: 2022-02-23 13:20:00, pre time: 2022-02-23 13:10:00
2022-02-23 01:42:06,592 [simulator_env.py | 147] INFO: Start to update the input of 2022-02-23 13:20:00
2022-02-23 01:42:06,617 [simulator_env.py | 175] INFO: Get 21 unallocated orders, 20 ongoing orders, 1233 completed orders.
2022-02-23 01:42:10,821 [simulator_env.py | 100] INFO: Finish the dispatch.
2022-02-23 01:42:10,826 [simulator_env.py | 278] INFO: 2022-02-23 13:20:00, Order 13104501253: state = 1 < 2, we can not finish the simulation
2022-02-23 01:42:10,828 [simulator_env.py | 87] INFO: **************************************************
2022-02-23 01:42:10,828 [simulator_env.py | 91] INFO: cur time: 2022-02-23 13:30:00, pre time: 2022-02-23 13:20:00
2022-02-23 01:42:10,828 [simulator_env.py | 147] INFO: Start to update the input of 2022-02-23 13:30:00
2022-02-23 01:42:10,857 [simulator_env.py | 175] INFO: Get 27 unallocated orders, 14 ongoing orders, 1260 completed orders.
2022-02-23 01:42:18,427 [simulator_env.py | 100] INFO: Finish the dispatch.
2022-02-23 01:42:18,436 [simulator_env.py | 278] INFO: 2022-02-23 13:30:00, Order 13203401274: state = 1 < 2, we can not finish the simulation
2022-02-23 01:42:18,438 [simulator_env.py | 87] INFO: **************************************************
2022-02-23 01:42:18,439 [simulator_env.py | 91] INFO: cur time: 2022-02-23 13:40:00, pre time: 2022-02-23 13:30:00
2022-02-23 01:42:18,440 [simulator_env.py | 147] INFO: Start to update the input of 2022-02-23 13:40:00
2022-02-23 01:42:18,474 [simulator_env.py | 175] INFO: Get 22 unallocated orders, 23 ongoing orders, 1278 completed orders.
2022-02-23 01:42:22,067 [simulator_env.py | 100] INFO: Finish the dispatch.
2022-02-23 01:42:22,075 [simulator_env.py | 278] INFO: 2022-02-23 13:40:00, Order 13300201301: state = 1 < 2, we can not finish the simulation
2022-02-23 01:42:22,077 [simulator_env.py | 87] INFO: **************************************************
2022-02-23 01:42:22,077 [simulator_env.py | 91] INFO: cur time: 2022-02-23 13:50:00, pre time: 2022-02-23 13:40:00
2022-02-23 01:42:22,077 [simulator_env.py | 147] INFO: Start to update the input of 2022-02-23 13:50:00
2022-02-23 01:42:22,096 [simulator_env.py | 175] INFO: Get 16 unallocated orders, 18 ongoing orders, 1305 completed orders.
2022-02-23 01:42:25,407 [simulator_env.py | 100] INFO: Finish the dispatch.
2022-02-23 01:42:25,412 [simulator_env.py | 278] INFO: 2022-02-23 13:50:00, Order 13402801323: state = 1 < 2, we can not finish the simulation
2022-02-23 01:42:25,413 [simulator_env.py | 87] INFO: **************************************************
2022-02-23 01:42:25,413 [simulator_env.py | 91] INFO: cur time: 2022-02-23 14:00:00, pre time: 2022-02-23 13:50:00
2022-02-23 01:42:25,414 [simulator_env.py | 147] INFO: Start to update the input of 2022-02-23 14:00:00
2022-02-23 01:42:25,430 [simulator_env.py | 175] INFO: Get 21 unallocated orders, 11 ongoing orders, 1328 completed orders.
2022-02-23 01:42:28,442 [simulator_env.py | 100] INFO: Finish the dispatch.
2022-02-23 01:42:28,446 [simulator_env.py | 278] INFO: 2022-02-23 14:00:00, Order 13501701339: state = 1 < 2, we can not finish the simulation
2022-02-23 01:42:28,449 [simulator_env.py | 87] INFO: **************************************************
2022-02-23 01:42:28,452 [simulator_env.py | 91] INFO: cur time: 2022-02-23 14:10:00, pre time: 2022-02-23 14:00:00
2022-02-23 01:42:28,453 [simulator_env.py | 147] INFO: Start to update the input of 2022-02-23 14:10:00
2022-02-23 01:42:28,480 [simulator_env.py | 175] INFO: Get 22 unallocated orders, 16 ongoing orders, 1344 completed orders.
2022-02-23 01:42:31,402 [simulator_env.py | 100] INFO: Finish the dispatch.
2022-02-23 01:42:31,410 [simulator_env.py | 278] INFO: 2022-02-23 14:10:00, Order 14005901360: state = 1 < 2, we can not finish the simulation
2022-02-23 01:42:31,411 [simulator_env.py | 87] INFO: **************************************************
2022-02-23 01:42:31,412 [simulator_env.py | 91] INFO: cur time: 2022-02-23 14:20:00, pre time: 2022-02-23 14:10:00
2022-02-23 01:42:31,412 [simulator_env.py | 147] INFO: Start to update the input of 2022-02-23 14:20:00
2022-02-23 01:42:31,431 [simulator_env.py | 175] INFO: Get 29 unallocated orders, 12 ongoing orders, 1370 completed orders.
2022-02-23 01:42:34,832 [simulator_env.py | 100] INFO: Finish the dispatch.
2022-02-23 01:42:34,838 [simulator_env.py | 278] INFO: 2022-02-23 14:20:00, Order 14100401382: state = 1 < 2, we can not finish the simulation
2022-02-23 01:42:34,842 [simulator_env.py | 87] INFO: **************************************************
2022-02-23 01:42:34,844 [simulator_env.py | 91] INFO: cur time: 2022-02-23 14:30:00, pre time: 2022-02-23 14:20:00
2022-02-23 01:42:34,844 [simulator_env.py | 147] INFO: Start to update the input of 2022-02-23 14:30:00
2022-02-23 01:42:34,870 [simulator_env.py | 175] INFO: Get 22 unallocated orders, 18 ongoing orders, 1393 completed orders.
2022-02-23 01:42:38,364 [simulator_env.py | 100] INFO: Finish the dispatch.
2022-02-23 01:42:38,371 [simulator_env.py | 278] INFO: 2022-02-23 14:30:00, Order 14201001411: state = 1 < 2, we can not finish the simulation
2022-02-23 01:42:38,374 [simulator_env.py | 87] INFO: **************************************************
2022-02-23 01:42:38,375 [simulator_env.py | 91] INFO: cur time: 2022-02-23 14:40:00, pre time: 2022-02-23 14:30:00
2022-02-23 01:42:38,375 [simulator_env.py | 147] INFO: Start to update the input of 2022-02-23 14:40:00
2022-02-23 01:42:38,397 [simulator_env.py | 175] INFO: Get 26 unallocated orders, 17 ongoing orders, 1416 completed orders.
2022-02-23 01:42:42,347 [simulator_env.py | 100] INFO: Finish the dispatch.
2022-02-23 01:42:42,352 [simulator_env.py | 278] INFO: 2022-02-23 14:40:00, Order 14300601433: state = 1 < 2, we can not finish the simulation
2022-02-23 01:42:42,355 [simulator_env.py | 87] INFO: **************************************************
2022-02-23 01:42:42,355 [simulator_env.py | 91] INFO: cur time: 2022-02-23 14:50:00, pre time: 2022-02-23 14:40:00
2022-02-23 01:42:42,355 [simulator_env.py | 147] INFO: Start to update the input of 2022-02-23 14:50:00
2022-02-23 01:42:42,376 [simulator_env.py | 175] INFO: Get 20 unallocated orders, 18 ongoing orders, 1441 completed orders.
2022-02-23 01:42:45,496 [simulator_env.py | 100] INFO: Finish the dispatch.
2022-02-23 01:42:45,499 [simulator_env.py | 278] INFO: 2022-02-23 14:50:00, Order 14403301459: state = 1 < 2, we can not finish the simulation
2022-02-23 01:42:45,500 [simulator_env.py | 87] INFO: **************************************************
2022-02-23 01:42:45,500 [simulator_env.py | 91] INFO: cur time: 2022-02-23 15:00:00, pre time: 2022-02-23 14:50:00
2022-02-23 01:42:45,500 [simulator_env.py | 147] INFO: Start to update the input of 2022-02-23 15:00:00
2022-02-23 01:42:45,523 [simulator_env.py | 175] INFO: Get 19 unallocated orders, 16 ongoing orders, 1463 completed orders.
2022-02-23 01:42:47,766 [simulator_env.py | 100] INFO: Finish the dispatch.
2022-02-23 01:42:47,769 [simulator_env.py | 278] INFO: 2022-02-23 15:00:00, Order 14501901479: state = 1 < 2, we can not finish the simulation
2022-02-23 01:42:47,769 [simulator_env.py | 87] INFO: **************************************************
2022-02-23 01:42:47,770 [simulator_env.py | 91] INFO: cur time: 2022-02-23 15:10:00, pre time: 2022-02-23 15:00:00
2022-02-23 01:42:47,770 [simulator_env.py | 147] INFO: Start to update the input of 2022-02-23 15:10:00
2022-02-23 01:42:47,780 [simulator_env.py | 175] INFO: Get 0 unallocated orders, 14 ongoing orders, 1484 completed orders.
2022-02-23 01:42:49,916 [simulator_env.py | 100] INFO: Finish the dispatch.
2022-02-23 01:42:49,919 [simulator_env.py | 281] INFO: 2022-02-23 15:10:00, the status of all orders is greater than 1, we could finish the simulation
2022-02-23 01:42:49,924 [simulator_env.py | 124] INFO: finished the left ongoing orders
2022-02-23 01:42:49,926 [evaluator.py    | 116] INFO: Traveling Distance of driver D_1 is  85.270, visited node list: 33
2022-02-23 01:42:49,926 [evaluator.py    | 116] INFO: Traveling Distance of driver D_2 is  47.100, visited node list: 17
2022-02-23 01:42:49,927 [evaluator.py    | 116] INFO: Traveling Distance of driver D_3 is  118.600, visited node list: 45
2022-02-23 01:42:49,928 [evaluator.py    | 116] INFO: Traveling Distance of driver D_4 is  119.010, visited node list: 41
2022-02-23 01:42:49,929 [evaluator.py    | 116] INFO: Traveling Distance of driver D_5 is  118.800, visited node list: 41
2022-02-23 01:42:49,930 [evaluator.py    | 116] INFO: Traveling Distance of driver D_6 is  74.960, visited node list: 25
2022-02-23 01:42:49,930 [evaluator.py    | 116] INFO: Traveling Distance of driver D_7 is  118.510, visited node list: 41
2022-02-23 01:42:49,932 [evaluator.py    | 116] INFO: Traveling Distance of driver D_8 is  114.530, visited node list: 47
2022-02-23 01:42:49,932 [evaluator.py    | 116] INFO: Traveling Distance of driver D_9 is  114.290, visited node list: 41
2022-02-23 01:42:49,934 [evaluator.py    | 116] INFO: Traveling Distance of driver D_10 is  116.930, visited node list: 46
2022-02-23 01:42:49,935 [evaluator.py    | 116] INFO: Traveling Distance of driver D_11 is  117.610, visited node list: 45
2022-02-23 01:42:49,937 [evaluator.py    | 116] INFO: Traveling Distance of driver D_12 is  111.200, visited node list: 47
2022-02-23 01:42:49,938 [evaluator.py    | 116] INFO: Traveling Distance of driver D_13 is  117.050, visited node list: 41
2022-02-23 01:42:49,938 [evaluator.py    | 116] INFO: Traveling Distance of driver D_14 is  118.230, visited node list: 43
2022-02-23 01:42:49,939 [evaluator.py    | 116] INFO: Traveling Distance of driver D_15 is  123.680, visited node list: 45
2022-02-23 01:42:49,940 [evaluator.py    | 116] INFO: Traveling Distance of driver D_16 is  113.660, visited node list: 47
2022-02-23 01:42:49,941 [evaluator.py    | 116] INFO: Traveling Distance of driver D_17 is  119.600, visited node list: 47
2022-02-23 01:42:49,945 [evaluator.py    | 116] INFO: Traveling Distance of driver D_18 is  114.490, visited node list: 41
2022-02-23 01:42:49,946 [evaluator.py    | 116] INFO: Traveling Distance of driver D_19 is  120.160, visited node list: 43
2022-02-23 01:42:49,947 [evaluator.py    | 116] INFO: Traveling Distance of driver D_20 is  118.730, visited node list: 45
2022-02-23 01:42:49,949 [evaluator.py    | 116] INFO: Traveling Distance of driver D_21 is  119.650, visited node list: 41
2022-02-23 01:42:49,949 [evaluator.py    | 116] INFO: Traveling Distance of driver D_22 is  123.960, visited node list: 42
2022-02-23 01:42:49,950 [evaluator.py    | 116] INFO: Traveling Distance of driver D_23 is  105.870, visited node list: 47
2022-02-23 01:42:49,950 [evaluator.py    | 116] INFO: Traveling Distance of driver D_24 is  117.150, visited node list: 48
2022-02-23 01:42:49,951 [evaluator.py    | 116] INFO: Traveling Distance of driver D_25 is  115.730, visited node list: 45
2022-02-23 01:42:49,951 [evaluator.py    | 116] INFO: Traveling Distance of driver D_26 is  103.040, visited node list: 43
2022-02-23 01:42:49,952 [evaluator.py    | 116] INFO: Traveling Distance of driver D_27 is  105.640, visited node list: 47
2022-02-23 01:42:49,952 [evaluator.py    | 116] INFO: Traveling Distance of driver D_28 is  121.470, visited node list: 45
2022-02-23 01:42:49,953 [evaluator.py    | 116] INFO: Traveling Distance of driver D_29 is  117.300, visited node list: 45
2022-02-23 01:42:49,954 [evaluator.py    | 116] INFO: Traveling Distance of driver D_30 is  113.860, visited node list: 47
2022-02-23 01:42:49,955 [evaluator.py    | 116] INFO: Traveling Distance of driver D_31 is  106.670, visited node list: 45
2022-02-23 01:42:49,956 [evaluator.py    | 116] INFO: Traveling Distance of driver D_32 is  102.490, visited node list: 39
2022-02-23 01:42:49,956 [evaluator.py    | 116] INFO: Traveling Distance of driver D_33 is  102.740, visited node list: 43
2022-02-23 01:42:49,957 [evaluator.py    | 116] INFO: Traveling Distance of driver D_34 is  82.840, visited node list: 33
2022-02-23 01:42:49,957 [evaluator.py    | 116] INFO: Traveling Distance of driver D_35 is  115.030, visited node list: 43
2022-02-23 01:42:49,958 [evaluator.py    | 116] INFO: Traveling Distance of driver D_36 is  110.790, visited node list: 43
2022-02-23 01:42:49,959 [evaluator.py    | 116] INFO: Traveling Distance of driver D_37 is  112.750, visited node list: 37
2022-02-23 01:42:49,959 [evaluator.py    | 116] INFO: Traveling Distance of driver D_38 is  106.440, visited node list: 39
2022-02-23 01:42:49,960 [evaluator.py    | 116] INFO: Traveling Distance of driver D_39 is  118.660, visited node list: 47
2022-02-23 01:42:49,960 [evaluator.py    | 116] INFO: Traveling Distance of driver D_40 is  102.340, visited node list: 41
2022-02-23 01:42:49,961 [evaluator.py    | 116] INFO: Traveling Distance of driver D_41 is  113.470, visited node list: 43
2022-02-23 01:42:49,961 [evaluator.py    | 116] INFO: Traveling Distance of driver D_42 is  98.640, visited node list: 37
2022-02-23 01:42:49,961 [evaluator.py    | 116] INFO: Traveling Distance of driver D_43 is  89.510, visited node list: 31
2022-02-23 01:42:49,962 [evaluator.py    | 116] INFO: Traveling Distance of driver D_44 is  103.010, visited node list: 39
2022-02-23 01:42:49,962 [evaluator.py    | 116] INFO: Traveling Distance of driver D_45 is  85.450, visited node list: 35
2022-02-23 01:42:49,962 [evaluator.py    | 116] INFO: Traveling Distance of driver D_46 is  95.380, visited node list: 39
2022-02-23 01:42:49,963 [evaluator.py    | 116] INFO: Traveling Distance of driver D_47 is  64.330, visited node list: 27
2022-02-23 01:42:49,963 [evaluator.py    | 116] INFO: Traveling Distance of driver D_48 is  91.540, visited node list: 37
2022-02-23 01:42:49,963 [evaluator.py    | 116] INFO: Traveling Distance of driver D_49 is  66.650, visited node list: 29
2022-02-23 01:42:49,964 [evaluator.py    | 116] INFO: Traveling Distance of driver D_50 is  82.510, visited node list: 35
2022-02-23 01:42:49,964 [evaluator.py    | 116] INFO: Traveling Distance of driver D_51 is  94.690, visited node list: 36
2022-02-23 01:42:49,964 [evaluator.py    | 116] INFO: Traveling Distance of driver D_52 is  74.810, visited node list: 27
2022-02-23 01:42:49,965 [evaluator.py    | 116] INFO: Traveling Distance of driver D_53 is  74.440, visited node list: 29
2022-02-23 01:42:49,965 [evaluator.py    | 116] INFO: Traveling Distance of driver D_54 is  79.350, visited node list: 28
2022-02-23 01:42:49,965 [evaluator.py    | 116] INFO: Traveling Distance of driver D_55 is  71.020, visited node list: 29
2022-02-23 01:42:49,967 [evaluator.py    | 116] INFO: Traveling Distance of driver D_56 is  71.270, visited node list: 27
2022-02-23 01:42:49,967 [evaluator.py    | 116] INFO: Traveling Distance of driver D_57 is  62.120, visited node list: 25
2022-02-23 01:42:49,967 [evaluator.py    | 116] INFO: Traveling Distance of driver D_58 is  59.730, visited node list: 25
2022-02-23 01:42:49,968 [evaluator.py    | 116] INFO: Traveling Distance of driver D_59 is  63.720, visited node list: 24
2022-02-23 01:42:49,968 [evaluator.py    | 116] INFO: Traveling Distance of driver D_60 is  62.320, visited node list: 25
2022-02-23 01:42:49,968 [evaluator.py    | 116] INFO: Traveling Distance of driver D_61 is  64.060, visited node list: 23
2022-02-23 01:42:49,969 [evaluator.py    | 116] INFO: Traveling Distance of driver D_62 is  64.530, visited node list: 23
2022-02-23 01:42:49,969 [evaluator.py    | 116] INFO: Traveling Distance of driver D_63 is  58.170, visited node list: 25
2022-02-23 01:42:49,970 [evaluator.py    | 116] INFO: Traveling Distance of driver D_64 is  43.790, visited node list: 21
2022-02-23 01:42:49,970 [evaluator.py    | 116] INFO: Traveling Distance of driver D_65 is  45.280, visited node list: 23
2022-02-23 01:42:49,970 [evaluator.py    | 116] INFO: Traveling Distance of driver D_66 is  42.050, visited node list: 17
2022-02-23 01:42:49,970 [evaluator.py    | 116] INFO: Traveling Distance of driver D_67 is  46.370, visited node list: 21
2022-02-23 01:42:49,971 [evaluator.py    | 116] INFO: Traveling Distance of driver D_68 is  46.440, visited node list: 23
2022-02-23 01:42:49,971 [evaluator.py    | 116] INFO: Traveling Distance of driver D_69 is  44.970, visited node list: 19
2022-02-23 01:42:49,972 [evaluator.py    | 116] INFO: Traveling Distance of driver D_70 is  48.130, visited node list: 20
2022-02-23 01:42:49,972 [evaluator.py    | 116] INFO: Traveling Distance of driver D_71 is  42.120, visited node list: 17
2022-02-23 01:42:49,973 [evaluator.py    | 116] INFO: Traveling Distance of driver D_72 is  48.620, visited node list: 17
2022-02-23 01:42:49,974 [evaluator.py    | 116] INFO: Traveling Distance of driver D_73 is  42.600, visited node list: 17
2022-02-23 01:42:49,974 [evaluator.py    | 116] INFO: Traveling Distance of driver D_74 is  42.600, visited node list: 17
2022-02-23 01:42:49,974 [evaluator.py    | 116] INFO: Traveling Distance of driver D_75 is  49.470, visited node list: 17
2022-02-23 01:42:49,975 [evaluator.py    | 116] INFO: Traveling Distance of driver D_76 is  52.220, visited node list: 19
2022-02-23 01:42:49,975 [evaluator.py    | 116] INFO: Traveling Distance of driver D_77 is  40.800, visited node list: 15
2022-02-23 01:42:49,975 [evaluator.py    | 116] INFO: Traveling Distance of driver D_78 is  51.790, visited node list: 19
2022-02-23 01:42:49,975 [evaluator.py    | 116] INFO: Traveling Distance of driver D_79 is  46.350, visited node list: 21
2022-02-23 01:42:49,976 [evaluator.py    | 116] INFO: Traveling Distance of driver D_80 is  48.940, visited node list: 21
2022-02-23 01:42:49,976 [evaluator.py    | 116] INFO: Traveling Distance of driver D_81 is  42.090, visited node list: 19
2022-02-23 01:42:49,976 [evaluator.py    | 116] INFO: Traveling Distance of driver D_82 is  44.920, visited node list: 19
2022-02-23 01:42:49,976 [evaluator.py    | 116] INFO: Traveling Distance of driver D_83 is  43.210, visited node list: 15
2022-02-23 01:42:49,977 [evaluator.py    | 116] INFO: Traveling Distance of driver D_84 is  50.740, visited node list: 19
2022-02-23 01:42:49,977 [evaluator.py    | 116] INFO: Traveling Distance of driver D_85 is  46.280, visited node list: 18
2022-02-23 01:42:49,977 [evaluator.py    | 116] INFO: Traveling Distance of driver D_86 is  54.590, visited node list: 21
2022-02-23 01:42:49,977 [evaluator.py    | 116] INFO: Traveling Distance of driver D_87 is  39.190, visited node list: 14
2022-02-23 01:42:49,977 [evaluator.py    | 116] INFO: Traveling Distance of driver D_88 is  44.980, visited node list: 18
2022-02-23 01:42:49,978 [evaluator.py    | 116] INFO: Traveling Distance of driver D_89 is  45.320, visited node list: 21
2022-02-23 01:42:49,978 [evaluator.py    | 116] INFO: Traveling Distance of driver D_90 is  33.920, visited node list: 13
2022-02-23 01:42:49,978 [evaluator.py    | 116] INFO: Traveling Distance of driver D_91 is  45.770, visited node list: 19
2022-02-23 01:42:49,979 [evaluator.py    | 116] INFO: Traveling Distance of driver D_92 is  44.900, visited node list: 17
2022-02-23 01:42:49,979 [evaluator.py    | 116] INFO: Traveling Distance of driver D_93 is  41.310, visited node list: 15
2022-02-23 01:42:49,980 [evaluator.py    | 116] INFO: Traveling Distance of driver D_94 is  36.760, visited node list: 17
2022-02-23 01:42:49,980 [evaluator.py    | 116] INFO: Traveling Distance of driver D_95 is  40.640, visited node list: 15
2022-02-23 01:42:49,980 [evaluator.py    | 116] INFO: Traveling Distance of driver D_96 is  31.730, visited node list: 15
2022-02-23 01:42:49,982 [evaluator.py    | 116] INFO: Traveling Distance of driver D_97 is  40.230, visited node list: 15
2022-02-23 01:42:49,983 [evaluator.py    | 116] INFO: Traveling Distance of driver D_98 is  36.180, visited node list: 17
2022-02-23 01:42:49,983 [evaluator.py    | 116] INFO: Traveling Distance of driver D_99 is  35.240, visited node list: 12
2022-02-23 01:42:49,983 [evaluator.py    | 116] INFO: Traveling Distance of driver D_100 is  28.800, visited node list: 13
2022-02-23 01:42:49,984 [evaluator.py    | 116] INFO: Traveling Distance of driver D_101 is  29.330, visited node list: 11
2022-02-23 01:42:49,984 [evaluator.py    | 116] INFO: Traveling Distance of driver D_102 is  36.930, visited node list: 11
2022-02-23 01:42:49,984 [evaluator.py    | 116] INFO: Traveling Distance of driver D_103 is  33.150, visited node list: 11
2022-02-23 01:42:49,984 [evaluator.py    | 116] INFO: Traveling Distance of driver D_104 is  26.040, visited node list: 11
2022-02-23 01:42:49,985 [evaluator.py    | 116] INFO: Traveling Distance of driver D_105 is  26.140, visited node list: 11
2022-02-23 01:42:49,985 [evaluator.py    | 18] INFO: Total distance:  7958.480
2022-02-23 01:42:50,147 [evaluator.py    | 22] INFO: Sum over time:  0.000
2022-02-23 01:42:50,147 [evaluator.py    | 26] INFO: Total score:  75.795
2022-02-23 01:42:50,423 [main.py         | 43] INFO: Score of instance_6: 75.79504761904764
