2022-02-23 02:56:14,488 [main.py         | 38] INFO: Start to run /Users/yangjingfeng/Library/CloudStorage/OneDrive-Personal/Public/PhD Study/Papers/Food_Delivery/Code/Food_delivery_simulator/Benchmark/Instance_medium: instance_38
2022-02-23 02:56:14,492 [simulator_api.py | 43] INFO: Start time of the simulator: 2022-02-23 09:00:00, time interval:  600.00
2022-02-23 02:56:16,260 [input_utils.py  | 35] INFO: Get 3052 locations
2022-02-23 02:56:16,320 [input_utils.py  | 39] INFO: Get 105 drivers
2022-02-23 02:56:17,644 [input_utils.py  | 43] INFO: Get 1700 orders
2022-02-23 02:56:17,646 [simulator_api.py | 75] INFO: Initial position of D_1 is 371 Beach Rd, Singapore 199597, Singapore
2022-02-23 02:56:17,648 [simulator_api.py | 75] INFO: Initial position of D_2 is Bukit Merah View Market & Hawker Centre
2022-02-23 02:56:17,648 [simulator_api.py | 75] INFO: Initial position of D_3 is 417 River Valley Rd, Singapore 248316, Singapore
2022-02-23 02:56:17,650 [simulator_api.py | 75] INFO: Initial position of D_4 is 54 South Bridge Rd, Singapore 058685, Singapore
2022-02-23 02:56:17,650 [simulator_api.py | 75] INFO: Initial position of D_5 is Bukit Merah View Market & Hawker Centre
2022-02-23 02:56:17,652 [simulator_api.py | 75] INFO: Initial position of D_6 is Maxwell Food Centre
2022-02-23 02:56:17,657 [simulator_api.py | 75] INFO: Initial position of D_7 is Alexandra Village Food Centre
2022-02-23 02:56:17,658 [simulator_api.py | 75] INFO: Initial position of D_8 is Golden Mile Food Centre
2022-02-23 02:56:17,661 [simulator_api.py | 75] INFO: Initial position of D_9 is Amoy Street Food Centre
2022-02-23 02:56:17,662 [simulator_api.py | 75] INFO: Initial position of D_10 is Bukit Merah View Market & Hawker Centre
2022-02-23 02:56:17,663 [simulator_api.py | 75] INFO: Initial position of D_11 is 54 South Bridge Rd, Singapore 058685, Singapore
2022-02-23 02:56:17,664 [simulator_api.py | 75] INFO: Initial position of D_12 is 417 River Valley Rd, Singapore 248316, Singapore
2022-02-23 02:56:17,666 [simulator_api.py | 75] INFO: Initial position of D_13 is 371 Beach Rd, Singapore 199597, Singapore
2022-02-23 02:56:17,666 [simulator_api.py | 75] INFO: Initial position of D_14 is Alexandra Village Food Centre
2022-02-23 02:56:17,668 [simulator_api.py | 75] INFO: Initial position of D_15 is Amoy Street Food Centre
2022-02-23 02:56:17,669 [simulator_api.py | 75] INFO: Initial position of D_16 is Tiong Bahru Market
2022-02-23 02:56:17,672 [simulator_api.py | 75] INFO: Initial position of D_17 is 66 Kg Bugis, Singapore 338987, Singapore
2022-02-23 02:56:17,675 [simulator_api.py | 75] INFO: Initial position of D_18 is 54 South Bridge Rd, Singapore 058685, Singapore
2022-02-23 02:56:17,678 [simulator_api.py | 75] INFO: Initial position of D_19 is 54 South Bridge Rd, Singapore 058685, Singapore
2022-02-23 02:56:17,681 [simulator_api.py | 75] INFO: Initial position of D_20 is 37 Cuppage Rd, Singapore 229460, Singapore
2022-02-23 02:56:17,681 [simulator_api.py | 75] INFO: Initial position of D_21 is Golden Mile Food Centre
2022-02-23 02:56:17,683 [simulator_api.py | 75] INFO: Initial position of D_22 is Old Airport Road Food Centre
2022-02-23 02:56:17,683 [simulator_api.py | 75] INFO: Initial position of D_23 is Alexandra Village Food Centre
2022-02-23 02:56:17,685 [simulator_api.py | 75] INFO: Initial position of D_24 is Old Airport Road Food Centre
2022-02-23 02:56:17,686 [simulator_api.py | 75] INFO: Initial position of D_25 is 417 River Valley Rd, Singapore 248316, Singapore
2022-02-23 02:56:17,692 [simulator_api.py | 75] INFO: Initial position of D_26 is Hong Lim Food Centre
2022-02-23 02:56:17,696 [simulator_api.py | 75] INFO: Initial position of D_27 is 66 Kg Bugis, Singapore 338987, Singapore
2022-02-23 02:56:17,696 [simulator_api.py | 75] INFO: Initial position of D_28 is 417 River Valley Rd, Singapore 248316, Singapore
2022-02-23 02:56:17,699 [simulator_api.py | 75] INFO: Initial position of D_29 is Alexandra Village Food Centre
2022-02-23 02:56:17,700 [simulator_api.py | 75] INFO: Initial position of D_30 is 54 South Bridge Rd, Singapore 058685, Singapore
2022-02-23 02:56:17,703 [simulator_api.py | 75] INFO: Initial position of D_31 is Golden Mile Food Centre
2022-02-23 02:56:17,712 [simulator_api.py | 75] INFO: Initial position of D_32 is 36 Boat Quay, Singapore 049825, Singapore
2022-02-23 02:56:17,713 [simulator_api.py | 75] INFO: Initial position of D_33 is 417 River Valley Rd, Singapore 248316, Singapore
2022-02-23 02:56:17,716 [simulator_api.py | 75] INFO: Initial position of D_34 is 66 Kg Bugis, Singapore 338987, Singapore
2022-02-23 02:56:17,716 [simulator_api.py | 75] INFO: Initial position of D_35 is 54 South Bridge Rd, Singapore 058685, Singapore
2022-02-23 02:56:17,718 [simulator_api.py | 75] INFO: Initial position of D_36 is Old Airport Road Food Centre
2022-02-23 02:56:17,719 [simulator_api.py | 75] INFO: Initial position of D_37 is Alexandra Village Food Centre
2022-02-23 02:56:17,723 [simulator_api.py | 75] INFO: Initial position of D_38 is Hong Lim Food Centre
2022-02-23 02:56:17,726 [simulator_api.py | 75] INFO: Initial position of D_39 is 36 Boat Quay, Singapore 049825, Singapore
2022-02-23 02:56:17,728 [simulator_api.py | 75] INFO: Initial position of D_40 is Hong Lim Food Centre
2022-02-23 02:56:17,729 [simulator_api.py | 75] INFO: Initial position of D_41 is 54 South Bridge Rd, Singapore 058685, Singapore
2022-02-23 02:56:17,729 [simulator_api.py | 75] INFO: Initial position of D_42 is 371 Beach Rd, Singapore 199597, Singapore
2022-02-23 02:56:17,732 [simulator_api.py | 75] INFO: Initial position of D_43 is Zion Riverside Food Centre
2022-02-23 02:56:17,733 [simulator_api.py | 75] INFO: Initial position of D_44 is Tiong Bahru Market
2022-02-23 02:56:17,734 [simulator_api.py | 75] INFO: Initial position of D_45 is Amoy Street Food Centre
2022-02-23 02:56:17,735 [simulator_api.py | 75] INFO: Initial position of D_46 is Golden Mile Food Centre
2022-02-23 02:56:17,738 [simulator_api.py | 75] INFO: Initial position of D_47 is Hong Lim Food Centre
2022-02-23 02:56:17,741 [simulator_api.py | 75] INFO: Initial position of D_48 is Tiong Bahru Market
2022-02-23 02:56:17,745 [simulator_api.py | 75] INFO: Initial position of D_49 is Bukit Merah View Market & Hawker Centre
2022-02-23 02:56:17,745 [simulator_api.py | 75] INFO: Initial position of D_50 is Tiong Bahru Market
2022-02-23 02:56:17,746 [simulator_api.py | 75] INFO: Initial position of D_51 is 66 Kg Bugis, Singapore 338987, Singapore
2022-02-23 02:56:17,746 [simulator_api.py | 75] INFO: Initial position of D_52 is Zion Riverside Food Centre
2022-02-23 02:56:17,747 [simulator_api.py | 75] INFO: Initial position of D_53 is 54 South Bridge Rd, Singapore 058685, Singapore
2022-02-23 02:56:17,747 [simulator_api.py | 75] INFO: Initial position of D_54 is 37 Cuppage Rd, Singapore 229460, Singapore
2022-02-23 02:56:17,748 [simulator_api.py | 75] INFO: Initial position of D_55 is Golden Mile Food Centre
2022-02-23 02:56:17,748 [simulator_api.py | 75] INFO: Initial position of D_56 is Amoy Street Food Centre
2022-02-23 02:56:17,750 [simulator_api.py | 75] INFO: Initial position of D_57 is Amoy Street Food Centre
2022-02-23 02:56:17,752 [simulator_api.py | 75] INFO: Initial position of D_58 is 371 Beach Rd, Singapore 199597, Singapore
2022-02-23 02:56:17,756 [simulator_api.py | 75] INFO: Initial position of D_59 is Golden Mile Food Centre
2022-02-23 02:56:17,758 [simulator_api.py | 75] INFO: Initial position of D_60 is Alexandra Village Food Centre
2022-02-23 02:56:17,759 [simulator_api.py | 75] INFO: Initial position of D_61 is Maxwell Food Centre
2022-02-23 02:56:17,762 [simulator_api.py | 75] INFO: Initial position of D_62 is 417 River Valley Rd, Singapore 248316, Singapore
2022-02-23 02:56:17,762 [simulator_api.py | 75] INFO: Initial position of D_63 is 54 South Bridge Rd, Singapore 058685, Singapore
2022-02-23 02:56:17,763 [simulator_api.py | 75] INFO: Initial position of D_64 is Golden Mile Food Centre
2022-02-23 02:56:17,765 [simulator_api.py | 75] INFO: Initial position of D_65 is 54 South Bridge Rd, Singapore 058685, Singapore
2022-02-23 02:56:17,766 [simulator_api.py | 75] INFO: Initial position of D_66 is Maxwell Food Centre
2022-02-23 02:56:17,767 [simulator_api.py | 75] INFO: Initial position of D_67 is Hong Lim Food Centre
2022-02-23 02:56:17,770 [simulator_api.py | 75] INFO: Initial position of D_68 is 36 Boat Quay, Singapore 049825, Singapore
2022-02-23 02:56:17,770 [simulator_api.py | 75] INFO: Initial position of D_69 is 371 Beach Rd, Singapore 199597, Singapore
2022-02-23 02:56:17,772 [simulator_api.py | 75] INFO: Initial position of D_70 is Bukit Merah View Market & Hawker Centre
2022-02-23 02:56:17,778 [simulator_api.py | 75] INFO: Initial position of D_71 is 36 Boat Quay, Singapore 049825, Singapore
2022-02-23 02:56:17,779 [simulator_api.py | 75] INFO: Initial position of D_72 is 371 Beach Rd, Singapore 199597, Singapore
2022-02-23 02:56:17,780 [simulator_api.py | 75] INFO: Initial position of D_73 is 417 River Valley Rd, Singapore 248316, Singapore
2022-02-23 02:56:17,781 [simulator_api.py | 75] INFO: Initial position of D_74 is Zion Riverside Food Centre
2022-02-23 02:56:17,782 [simulator_api.py | 75] INFO: Initial position of D_75 is Zion Riverside Food Centre
2022-02-23 02:56:17,784 [simulator_api.py | 75] INFO: Initial position of D_76 is Maxwell Food Centre
2022-02-23 02:56:17,784 [simulator_api.py | 75] INFO: Initial position of D_77 is 66 Kg Bugis, Singapore 338987, Singapore
2022-02-23 02:56:17,784 [simulator_api.py | 75] INFO: Initial position of D_78 is Amoy Street Food Centre
2022-02-23 02:56:17,784 [simulator_api.py | 75] INFO: Initial position of D_79 is 371 Beach Rd, Singapore 199597, Singapore
2022-02-23 02:56:17,784 [simulator_api.py | 75] INFO: Initial position of D_80 is 371 Beach Rd, Singapore 199597, Singapore
2022-02-23 02:56:17,786 [simulator_api.py | 75] INFO: Initial position of D_81 is Tiong Bahru Market
2022-02-23 02:56:17,789 [simulator_api.py | 75] INFO: Initial position of D_82 is 37 Cuppage Rd, Singapore 229460, Singapore
2022-02-23 02:56:17,793 [simulator_api.py | 75] INFO: Initial position of D_83 is 36 Boat Quay, Singapore 049825, Singapore
2022-02-23 02:56:17,793 [simulator_api.py | 75] INFO: Initial position of D_84 is Tiong Bahru Market
2022-02-23 02:56:17,796 [simulator_api.py | 75] INFO: Initial position of D_85 is 36 Boat Quay, Singapore 049825, Singapore
2022-02-23 02:56:17,798 [simulator_api.py | 75] INFO: Initial position of D_86 is 371 Beach Rd, Singapore 199597, Singapore
2022-02-23 02:56:17,798 [simulator_api.py | 75] INFO: Initial position of D_87 is Hong Lim Food Centre
2022-02-23 02:56:17,799 [simulator_api.py | 75] INFO: Initial position of D_88 is 37 Cuppage Rd, Singapore 229460, Singapore
2022-02-23 02:56:17,800 [simulator_api.py | 75] INFO: Initial position of D_89 is 54 South Bridge Rd, Singapore 058685, Singapore
2022-02-23 02:56:17,800 [simulator_api.py | 75] INFO: Initial position of D_90 is 66 Kg Bugis, Singapore 338987, Singapore
2022-02-23 02:56:17,805 [simulator_api.py | 75] INFO: Initial position of D_91 is 37 Cuppage Rd, Singapore 229460, Singapore
2022-02-23 02:56:17,807 [simulator_api.py | 75] INFO: Initial position of D_92 is 37 Cuppage Rd, Singapore 229460, Singapore
2022-02-23 02:56:17,808 [simulator_api.py | 75] INFO: Initial position of D_93 is 417 River Valley Rd, Singapore 248316, Singapore
2022-02-23 02:56:17,811 [simulator_api.py | 75] INFO: Initial position of D_94 is Old Airport Road Food Centre
2022-02-23 02:56:17,813 [simulator_api.py | 75] INFO: Initial position of D_95 is 417 River Valley Rd, Singapore 248316, Singapore
2022-02-23 02:56:17,813 [simulator_api.py | 75] INFO: Initial position of D_96 is Golden Mile Food Centre
2022-02-23 02:56:17,816 [simulator_api.py | 75] INFO: Initial position of D_97 is Amoy Street Food Centre
2022-02-23 02:56:17,816 [simulator_api.py | 75] INFO: Initial position of D_98 is Hong Lim Food Centre
2022-02-23 02:56:17,816 [simulator_api.py | 75] INFO: Initial position of D_99 is Hong Lim Food Centre
2022-02-23 02:56:17,817 [simulator_api.py | 75] INFO: Initial position of D_100 is Tiong Bahru Market
2022-02-23 02:56:17,817 [simulator_api.py | 75] INFO: Initial position of D_101 is 54 South Bridge Rd, Singapore 058685, Singapore
2022-02-23 02:56:17,818 [simulator_api.py | 75] INFO: Initial position of D_102 is Golden Mile Food Centre
2022-02-23 02:56:17,818 [simulator_api.py | 75] INFO: Initial position of D_103 is 54 South Bridge Rd, Singapore 058685, Singapore
2022-02-23 02:56:17,818 [simulator_api.py | 75] INFO: Initial position of D_104 is Amoy Street Food Centre
2022-02-23 02:56:17,818 [simulator_api.py | 75] INFO: Initial position of D_105 is Hong Lim Food Centre
2022-02-23 02:56:17,898 [simulator_env.py | 87] INFO: **************************************************
2022-02-23 02:56:17,899 [simulator_env.py | 91] INFO: cur time: 2022-02-23 09:10:00, pre time: 2022-02-23 09:00:00
2022-02-23 02:56:17,899 [simulator_env.py | 147] INFO: Start to update the input of 2022-02-23 09:10:00
2022-02-23 02:56:17,915 [simulator_env.py | 175] INFO: Get 49 unallocated orders, 0 ongoing orders, 0 completed orders.
2022-02-23 02:56:26,663 [simulator_env.py | 100] INFO: Finish the dispatch.
2022-02-23 02:56:26,665 [simulator_env.py | 278] INFO: 2022-02-23 09:10:00, Order 09001500000: state = 1 < 2, we can not finish the simulation
2022-02-23 02:56:26,666 [simulator_env.py | 87] INFO: **************************************************
2022-02-23 02:56:26,667 [simulator_env.py | 91] INFO: cur time: 2022-02-23 09:20:00, pre time: 2022-02-23 09:10:00
2022-02-23 02:56:26,667 [simulator_env.py | 147] INFO: Start to update the input of 2022-02-23 09:20:00
2022-02-23 02:56:26,687 [simulator_env.py | 175] INFO: Get 42 unallocated orders, 25 ongoing orders, 24 completed orders.
2022-02-23 02:56:35,055 [simulator_env.py | 100] INFO: Finish the dispatch.
2022-02-23 02:56:35,065 [simulator_env.py | 278] INFO: 2022-02-23 09:20:00, Order 09100200049: state = 1 < 2, we can not finish the simulation
2022-02-23 02:56:35,067 [simulator_env.py | 87] INFO: **************************************************
2022-02-23 02:56:35,067 [simulator_env.py | 91] INFO: cur time: 2022-02-23 09:30:00, pre time: 2022-02-23 09:20:00
2022-02-23 02:56:35,067 [simulator_env.py | 147] INFO: Start to update the input of 2022-02-23 09:30:00
2022-02-23 02:56:35,092 [simulator_env.py | 175] INFO: Get 52 unallocated orders, 26 ongoing orders, 65 completed orders.
2022-02-23 02:56:42,455 [simulator_env.py | 100] INFO: Finish the dispatch.
2022-02-23 02:56:42,467 [simulator_env.py | 278] INFO: 2022-02-23 09:30:00, Order 09200900091: state = 1 < 2, we can not finish the simulation
2022-02-23 02:56:42,469 [simulator_env.py | 87] INFO: **************************************************
2022-02-23 02:56:42,469 [simulator_env.py | 91] INFO: cur time: 2022-02-23 09:40:00, pre time: 2022-02-23 09:30:00
2022-02-23 02:56:42,470 [simulator_env.py | 147] INFO: Start to update the input of 2022-02-23 09:40:00
2022-02-23 02:56:42,521 [simulator_env.py | 175] INFO: Get 57 unallocated orders, 40 ongoing orders, 103 completed orders.
2022-02-23 02:56:50,133 [simulator_env.py | 100] INFO: Finish the dispatch.
2022-02-23 02:56:50,145 [simulator_env.py | 278] INFO: 2022-02-23 09:40:00, Order 09300900143: state = 1 < 2, we can not finish the simulation
2022-02-23 02:56:50,151 [simulator_env.py | 87] INFO: **************************************************
2022-02-23 02:56:50,152 [simulator_env.py | 91] INFO: cur time: 2022-02-23 09:50:00, pre time: 2022-02-23 09:40:00
2022-02-23 02:56:50,152 [simulator_env.py | 147] INFO: Start to update the input of 2022-02-23 09:50:00
2022-02-23 02:56:50,197 [simulator_env.py | 175] INFO: Get 64 unallocated orders, 45 ongoing orders, 155 completed orders.
2022-02-23 02:57:03,081 [simulator_env.py | 100] INFO: Finish the dispatch.
2022-02-23 02:57:03,097 [simulator_env.py | 278] INFO: 2022-02-23 09:50:00, Order 09400700200: state = 1 < 2, we can not finish the simulation
2022-02-23 02:57:03,105 [simulator_env.py | 87] INFO: **************************************************
2022-02-23 02:57:03,106 [simulator_env.py | 91] INFO: cur time: 2022-02-23 10:00:00, pre time: 2022-02-23 09:50:00
2022-02-23 02:57:03,107 [simulator_env.py | 147] INFO: Start to update the input of 2022-02-23 10:00:00
2022-02-23 02:57:03,162 [simulator_env.py | 175] INFO: Get 85 unallocated orders, 40 ongoing orders, 219 completed orders.
2022-02-23 02:57:12,403 [simulator_env.py | 100] INFO: Finish the dispatch.
2022-02-23 02:57:12,414 [simulator_env.py | 278] INFO: 2022-02-23 10:00:00, Order 09475100250: state = 1 < 2, we can not finish the simulation
2022-02-23 02:57:12,419 [simulator_env.py | 87] INFO: **************************************************
2022-02-23 02:57:12,420 [simulator_env.py | 91] INFO: cur time: 2022-02-23 10:10:00, pre time: 2022-02-23 10:00:00
2022-02-23 02:57:12,420 [simulator_env.py | 147] INFO: Start to update the input of 2022-02-23 10:10:00
2022-02-23 02:57:12,473 [simulator_env.py | 175] INFO: Get 83 unallocated orders, 51 ongoing orders, 283 completed orders.
2022-02-23 02:57:21,053 [simulator_env.py | 100] INFO: Finish the dispatch.
2022-02-23 02:57:21,067 [simulator_env.py | 278] INFO: 2022-02-23 10:10:00, Order 09581300330: state = 1 < 2, we can not finish the simulation
2022-02-23 02:57:21,075 [simulator_env.py | 87] INFO: **************************************************
2022-02-23 02:57:21,075 [simulator_env.py | 91] INFO: cur time: 2022-02-23 10:20:00, pre time: 2022-02-23 10:10:00
2022-02-23 02:57:21,076 [simulator_env.py | 147] INFO: Start to update the input of 2022-02-23 10:20:00
2022-02-23 02:57:21,153 [simulator_env.py | 175] INFO: Get 81 unallocated orders, 42 ongoing orders, 357 completed orders.
2022-02-23 02:57:28,734 [simulator_env.py | 100] INFO: Finish the dispatch.
2022-02-23 02:57:28,748 [simulator_env.py | 278] INFO: 2022-02-23 10:20:00, Order 10055300389: state = 1 < 2, we can not finish the simulation
2022-02-23 02:57:28,755 [simulator_env.py | 87] INFO: **************************************************
2022-02-23 02:57:28,755 [simulator_env.py | 91] INFO: cur time: 2022-02-23 10:30:00, pre time: 2022-02-23 10:20:00
2022-02-23 02:57:28,756 [simulator_env.py | 147] INFO: Start to update the input of 2022-02-23 10:30:00
2022-02-23 02:57:28,814 [simulator_env.py | 175] INFO: Get 69 unallocated orders, 44 ongoing orders, 425 completed orders.
2022-02-23 02:57:36,866 [simulator_env.py | 100] INFO: Finish the dispatch.
2022-02-23 02:57:36,880 [simulator_env.py | 278] INFO: 2022-02-23 10:30:00, Order 10171000461: state = 1 < 2, we can not finish the simulation
2022-02-23 02:57:36,885 [simulator_env.py | 87] INFO: **************************************************
2022-02-23 02:57:36,886 [simulator_env.py | 91] INFO: cur time: 2022-02-23 10:40:00, pre time: 2022-02-23 10:30:00
2022-02-23 02:57:36,886 [simulator_env.py | 147] INFO: Start to update the input of 2022-02-23 10:40:00
2022-02-23 02:57:36,945 [simulator_env.py | 175] INFO: Get 79 unallocated orders, 39 ongoing orders, 495 completed orders.
2022-02-23 02:57:45,059 [simulator_env.py | 100] INFO: Finish the dispatch.
2022-02-23 02:57:45,071 [simulator_env.py | 278] INFO: 2022-02-23 10:40:00, Order 10284100528: state = 1 < 2, we can not finish the simulation
2022-02-23 02:57:45,078 [simulator_env.py | 87] INFO: **************************************************
2022-02-23 02:57:45,079 [simulator_env.py | 91] INFO: cur time: 2022-02-23 10:50:00, pre time: 2022-02-23 10:40:00
2022-02-23 02:57:45,080 [simulator_env.py | 147] INFO: Start to update the input of 2022-02-23 10:50:00
2022-02-23 02:57:45,146 [simulator_env.py | 175] INFO: Get 88 unallocated orders, 44 ongoing orders, 561 completed orders.
2022-02-23 02:57:54,068 [simulator_env.py | 100] INFO: Finish the dispatch.
2022-02-23 02:57:54,087 [simulator_env.py | 278] INFO: 2022-02-23 10:50:00, Order 10373500596: state = 1 < 2, we can not finish the simulation
2022-02-23 02:57:54,094 [simulator_env.py | 87] INFO: **************************************************
2022-02-23 02:57:54,094 [simulator_env.py | 91] INFO: cur time: 2022-02-23 11:00:00, pre time: 2022-02-23 10:50:00
2022-02-23 02:57:54,094 [simulator_env.py | 147] INFO: Start to update the input of 2022-02-23 11:00:00
2022-02-23 02:57:54,160 [simulator_env.py | 175] INFO: Get 96 unallocated orders, 50 ongoing orders, 627 completed orders.
2022-02-23 02:58:04,241 [simulator_env.py | 100] INFO: Finish the dispatch.
2022-02-23 02:58:04,252 [simulator_env.py | 278] INFO: 2022-02-23 11:00:00, Order 10472100663: state = 1 < 2, we can not finish the simulation
2022-02-23 02:58:04,257 [simulator_env.py | 87] INFO: **************************************************
2022-02-23 02:58:04,258 [simulator_env.py | 91] INFO: cur time: 2022-02-23 11:10:00, pre time: 2022-02-23 11:00:00
2022-02-23 02:58:04,258 [simulator_env.py | 147] INFO: Start to update the input of 2022-02-23 11:10:00
2022-02-23 02:58:04,327 [simulator_env.py | 175] INFO: Get 97 unallocated orders, 46 ongoing orders, 701 completed orders.
2022-02-23 02:58:16,777 [simulator_env.py | 100] INFO: Finish the dispatch.
2022-02-23 02:58:16,793 [simulator_env.py | 278] INFO: 2022-02-23 11:10:00, Order 10550800731: state = 1 < 2, we can not finish the simulation
2022-02-23 02:58:16,799 [simulator_env.py | 87] INFO: **************************************************
2022-02-23 02:58:16,799 [simulator_env.py | 91] INFO: cur time: 2022-02-23 11:20:00, pre time: 2022-02-23 11:10:00
2022-02-23 02:58:16,800 [simulator_env.py | 147] INFO: Start to update the input of 2022-02-23 11:20:00
2022-02-23 02:58:16,880 [simulator_env.py | 175] INFO: Get 91 unallocated orders, 50 ongoing orders, 770 completed orders.
2022-02-23 02:58:26,227 [simulator_env.py | 100] INFO: Finish the dispatch.
2022-02-23 02:58:26,248 [simulator_env.py | 278] INFO: 2022-02-23 11:20:00, Order 11053400806: state = 1 < 2, we can not finish the simulation
2022-02-23 02:58:26,253 [simulator_env.py | 87] INFO: **************************************************
2022-02-23 02:58:26,254 [simulator_env.py | 91] INFO: cur time: 2022-02-23 11:30:00, pre time: 2022-02-23 11:20:00
2022-02-23 02:58:26,254 [simulator_env.py | 147] INFO: Start to update the input of 2022-02-23 11:30:00
2022-02-23 02:58:26,321 [simulator_env.py | 175] INFO: Get 91 unallocated orders, 36 ongoing orders, 852 completed orders.
2022-02-23 02:58:36,185 [simulator_env.py | 100] INFO: Finish the dispatch.
2022-02-23 02:58:36,200 [simulator_env.py | 278] INFO: 2022-02-23 11:30:00, Order 11114800860: state = 1 < 2, we can not finish the simulation
2022-02-23 02:58:36,203 [simulator_env.py | 87] INFO: **************************************************
2022-02-23 02:58:36,204 [simulator_env.py | 91] INFO: cur time: 2022-02-23 11:40:00, pre time: 2022-02-23 11:30:00
2022-02-23 02:58:36,204 [simulator_env.py | 147] INFO: Start to update the input of 2022-02-23 11:40:00
2022-02-23 02:58:36,283 [simulator_env.py | 175] INFO: Get 74 unallocated orders, 43 ongoing orders, 925 completed orders.
2022-02-23 02:58:44,996 [simulator_env.py | 100] INFO: Finish the dispatch.
2022-02-23 02:58:45,010 [simulator_env.py | 278] INFO: 2022-02-23 11:40:00, Order 11262400954: state = 1 < 2, we can not finish the simulation
2022-02-23 02:58:45,020 [simulator_env.py | 87] INFO: **************************************************
2022-02-23 02:58:45,021 [simulator_env.py | 91] INFO: cur time: 2022-02-23 11:50:00, pre time: 2022-02-23 11:40:00
2022-02-23 02:58:45,025 [simulator_env.py | 147] INFO: Start to update the input of 2022-02-23 11:50:00
2022-02-23 02:58:45,104 [simulator_env.py | 175] INFO: Get 74 unallocated orders, 44 ongoing orders, 994 completed orders.
2022-02-23 02:58:53,376 [simulator_env.py | 100] INFO: Finish the dispatch.
2022-02-23 02:58:53,394 [simulator_env.py | 278] INFO: 2022-02-23 11:50:00, Order 11390501034: state = 1 < 2, we can not finish the simulation
2022-02-23 02:58:53,401 [simulator_env.py | 87] INFO: **************************************************
2022-02-23 02:58:53,403 [simulator_env.py | 91] INFO: cur time: 2022-02-23 12:00:00, pre time: 2022-02-23 11:50:00
2022-02-23 02:58:53,403 [simulator_env.py | 147] INFO: Start to update the input of 2022-02-23 12:00:00
2022-02-23 02:58:53,459 [simulator_env.py | 175] INFO: Get 61 unallocated orders, 44 ongoing orders, 1064 completed orders.
2022-02-23 02:59:03,160 [simulator_env.py | 100] INFO: Finish the dispatch.
2022-02-23 02:59:03,172 [simulator_env.py | 278] INFO: 2022-02-23 12:00:00, Order 11490601099: state = 1 < 2, we can not finish the simulation
2022-02-23 02:59:03,176 [simulator_env.py | 87] INFO: **************************************************
2022-02-23 02:59:03,177 [simulator_env.py | 91] INFO: cur time: 2022-02-23 12:10:00, pre time: 2022-02-23 12:00:00
2022-02-23 02:59:03,177 [simulator_env.py | 147] INFO: Start to update the input of 2022-02-23 12:10:00
2022-02-23 02:59:03,238 [simulator_env.py | 175] INFO: Get 31 unallocated orders, 43 ongoing orders, 1126 completed orders.
2022-02-23 02:59:11,967 [simulator_env.py | 100] INFO: Finish the dispatch.
2022-02-23 02:59:11,978 [simulator_env.py | 278] INFO: 2022-02-23 12:10:00, Order 12003401169: state = 1 < 2, we can not finish the simulation
2022-02-23 02:59:11,983 [simulator_env.py | 87] INFO: **************************************************
2022-02-23 02:59:11,984 [simulator_env.py | 91] INFO: cur time: 2022-02-23 12:20:00, pre time: 2022-02-23 12:10:00
2022-02-23 02:59:11,985 [simulator_env.py | 147] INFO: Start to update the input of 2022-02-23 12:20:00
2022-02-23 02:59:12,029 [simulator_env.py | 175] INFO: Get 43 unallocated orders, 19 ongoing orders, 1181 completed orders.
2022-02-23 02:59:21,363 [simulator_env.py | 100] INFO: Finish the dispatch.
2022-02-23 02:59:21,372 [simulator_env.py | 278] INFO: 2022-02-23 12:20:00, Order 12100201200: state = 1 < 2, we can not finish the simulation
2022-02-23 02:59:21,375 [simulator_env.py | 87] INFO: **************************************************
2022-02-23 02:59:21,376 [simulator_env.py | 91] INFO: cur time: 2022-02-23 12:30:00, pre time: 2022-02-23 12:20:00
2022-02-23 02:59:21,376 [simulator_env.py | 147] INFO: Start to update the input of 2022-02-23 12:30:00
2022-02-23 02:59:21,425 [simulator_env.py | 175] INFO: Get 41 unallocated orders, 28 ongoing orders, 1215 completed orders.
2022-02-23 02:59:29,695 [simulator_env.py | 100] INFO: Finish the dispatch.
2022-02-23 02:59:29,706 [simulator_env.py | 278] INFO: 2022-02-23 12:30:00, Order 12201101243: state = 1 < 2, we can not finish the simulation
2022-02-23 02:59:29,709 [simulator_env.py | 87] INFO: **************************************************
2022-02-23 02:59:29,710 [simulator_env.py | 91] INFO: cur time: 2022-02-23 12:40:00, pre time: 2022-02-23 12:30:00
2022-02-23 02:59:29,710 [simulator_env.py | 147] INFO: Start to update the input of 2022-02-23 12:40:00
2022-02-23 02:59:29,755 [simulator_env.py | 175] INFO: Get 37 unallocated orders, 20 ongoing orders, 1264 completed orders.
2022-02-23 02:59:37,729 [simulator_env.py | 100] INFO: Finish the dispatch.
2022-02-23 02:59:37,736 [simulator_env.py | 278] INFO: 2022-02-23 12:40:00, Order 12300101284: state = 1 < 2, we can not finish the simulation
2022-02-23 02:59:37,738 [simulator_env.py | 87] INFO: **************************************************
2022-02-23 02:59:37,739 [simulator_env.py | 91] INFO: cur time: 2022-02-23 12:50:00, pre time: 2022-02-23 12:40:00
2022-02-23 02:59:37,739 [simulator_env.py | 147] INFO: Start to update the input of 2022-02-23 12:50:00
2022-02-23 02:59:37,771 [simulator_env.py | 175] INFO: Get 33 unallocated orders, 26 ongoing orders, 1295 completed orders.
2022-02-23 02:59:44,915 [simulator_env.py | 100] INFO: Finish the dispatch.
2022-02-23 02:59:44,920 [simulator_env.py | 278] INFO: 2022-02-23 12:50:00, Order 12402001321: state = 1 < 2, we can not finish the simulation
2022-02-23 02:59:44,925 [simulator_env.py | 87] INFO: **************************************************
2022-02-23 02:59:44,926 [simulator_env.py | 91] INFO: cur time: 2022-02-23 13:00:00, pre time: 2022-02-23 12:50:00
2022-02-23 02:59:44,926 [simulator_env.py | 147] INFO: Start to update the input of 2022-02-23 13:00:00
2022-02-23 02:59:44,955 [simulator_env.py | 175] INFO: Get 35 unallocated orders, 18 ongoing orders, 1336 completed orders.
2022-02-23 02:59:52,220 [simulator_env.py | 100] INFO: Finish the dispatch.
2022-02-23 02:59:52,230 [simulator_env.py | 278] INFO: 2022-02-23 13:00:00, Order 12501301354: state = 1 < 2, we can not finish the simulation
2022-02-23 02:59:52,232 [simulator_env.py | 87] INFO: **************************************************
2022-02-23 02:59:52,232 [simulator_env.py | 91] INFO: cur time: 2022-02-23 13:10:00, pre time: 2022-02-23 13:00:00
2022-02-23 02:59:52,232 [simulator_env.py | 147] INFO: Start to update the input of 2022-02-23 13:10:00
2022-02-23 02:59:52,266 [simulator_env.py | 175] INFO: Get 24 unallocated orders, 19 ongoing orders, 1370 completed orders.
2022-02-23 03:00:00,774 [simulator_env.py | 100] INFO: Finish the dispatch.
2022-02-23 03:00:00,785 [simulator_env.py | 278] INFO: 2022-02-23 13:10:00, Order 13004801389: state = 1 < 2, we can not finish the simulation
2022-02-23 03:00:00,786 [simulator_env.py | 87] INFO: **************************************************
2022-02-23 03:00:00,787 [simulator_env.py | 91] INFO: cur time: 2022-02-23 13:20:00, pre time: 2022-02-23 13:10:00
2022-02-23 03:00:00,787 [simulator_env.py | 147] INFO: Start to update the input of 2022-02-23 13:20:00
2022-02-23 03:00:00,814 [simulator_env.py | 175] INFO: Get 37 unallocated orders, 16 ongoing orders, 1397 completed orders.
2022-02-23 03:00:10,600 [simulator_env.py | 100] INFO: Finish the dispatch.
2022-02-23 03:00:10,606 [simulator_env.py | 278] INFO: 2022-02-23 13:20:00, Order 13103101413: state = 1 < 2, we can not finish the simulation
2022-02-23 03:00:10,607 [simulator_env.py | 87] INFO: **************************************************
2022-02-23 03:00:10,608 [simulator_env.py | 91] INFO: cur time: 2022-02-23 13:30:00, pre time: 2022-02-23 13:20:00
2022-02-23 03:00:10,608 [simulator_env.py | 147] INFO: Start to update the input of 2022-02-23 13:30:00
2022-02-23 03:00:10,648 [simulator_env.py | 175] INFO: Get 28 unallocated orders, 24 ongoing orders, 1426 completed orders.
2022-02-23 03:00:17,872 [simulator_env.py | 100] INFO: Finish the dispatch.
2022-02-23 03:00:17,880 [simulator_env.py | 278] INFO: 2022-02-23 13:30:00, Order 13203601450: state = 1 < 2, we can not finish the simulation
2022-02-23 03:00:17,883 [simulator_env.py | 87] INFO: **************************************************
2022-02-23 03:00:17,884 [simulator_env.py | 91] INFO: cur time: 2022-02-23 13:40:00, pre time: 2022-02-23 13:30:00
2022-02-23 03:00:17,884 [simulator_env.py | 147] INFO: Start to update the input of 2022-02-23 13:40:00
2022-02-23 03:00:17,914 [simulator_env.py | 175] INFO: Get 22 unallocated orders, 17 ongoing orders, 1461 completed orders.
2022-02-23 03:00:32,344 [simulator_env.py | 100] INFO: Finish the dispatch.
2022-02-23 03:00:32,356 [simulator_env.py | 278] INFO: 2022-02-23 13:40:00, Order 13302101478: state = 1 < 2, we can not finish the simulation
2022-02-23 03:00:32,361 [simulator_env.py | 87] INFO: **************************************************
2022-02-23 03:00:32,362 [simulator_env.py | 91] INFO: cur time: 2022-02-23 13:50:00, pre time: 2022-02-23 13:40:00
2022-02-23 03:00:32,367 [simulator_env.py | 147] INFO: Start to update the input of 2022-02-23 13:50:00
2022-02-23 03:00:32,400 [simulator_env.py | 175] INFO: Get 30 unallocated orders, 16 ongoing orders, 1484 completed orders.
2022-02-23 03:00:41,983 [simulator_env.py | 100] INFO: Finish the dispatch.
2022-02-23 03:00:41,991 [simulator_env.py | 278] INFO: 2022-02-23 13:50:00, Order 13401701500: state = 1 < 2, we can not finish the simulation
2022-02-23 03:00:41,993 [simulator_env.py | 87] INFO: **************************************************
2022-02-23 03:00:41,993 [simulator_env.py | 91] INFO: cur time: 2022-02-23 14:00:00, pre time: 2022-02-23 13:50:00
2022-02-23 03:00:41,993 [simulator_env.py | 147] INFO: Start to update the input of 2022-02-23 14:00:00
2022-02-23 03:00:42,026 [simulator_env.py | 175] INFO: Get 20 unallocated orders, 21 ongoing orders, 1509 completed orders.
2022-02-23 03:00:50,007 [simulator_env.py | 100] INFO: Finish the dispatch.
2022-02-23 03:00:50,013 [simulator_env.py | 278] INFO: 2022-02-23 14:00:00, Order 13500501530: state = 1 < 2, we can not finish the simulation
2022-02-23 03:00:50,014 [simulator_env.py | 87] INFO: **************************************************
2022-02-23 03:00:50,014 [simulator_env.py | 91] INFO: cur time: 2022-02-23 14:10:00, pre time: 2022-02-23 14:00:00
2022-02-23 03:00:50,014 [simulator_env.py | 147] INFO: Start to update the input of 2022-02-23 14:10:00
2022-02-23 03:00:50,040 [simulator_env.py | 175] INFO: Get 22 unallocated orders, 13 ongoing orders, 1537 completed orders.
2022-02-23 03:01:00,234 [simulator_env.py | 100] INFO: Finish the dispatch.
2022-02-23 03:01:00,244 [simulator_env.py | 278] INFO: 2022-02-23 14:10:00, Order 14002501550: state = 1 < 2, we can not finish the simulation
2022-02-23 03:01:00,245 [simulator_env.py | 87] INFO: **************************************************
2022-02-23 03:01:00,247 [simulator_env.py | 91] INFO: cur time: 2022-02-23 14:20:00, pre time: 2022-02-23 14:10:00
2022-02-23 03:01:00,247 [simulator_env.py | 147] INFO: Start to update the input of 2022-02-23 14:20:00
2022-02-23 03:01:00,283 [simulator_env.py | 175] INFO: Get 28 unallocated orders, 14 ongoing orders, 1558 completed orders.
2022-02-23 03:01:08,579 [simulator_env.py | 100] INFO: Finish the dispatch.
2022-02-23 03:01:08,588 [simulator_env.py | 278] INFO: 2022-02-23 14:20:00, Order 14105001572: state = 1 < 2, we can not finish the simulation
2022-02-23 03:01:08,591 [simulator_env.py | 87] INFO: **************************************************
2022-02-23 03:01:08,592 [simulator_env.py | 91] INFO: cur time: 2022-02-23 14:30:00, pre time: 2022-02-23 14:20:00
2022-02-23 03:01:08,592 [simulator_env.py | 147] INFO: Start to update the input of 2022-02-23 14:30:00
2022-02-23 03:01:08,628 [simulator_env.py | 175] INFO: Get 25 unallocated orders, 18 ongoing orders, 1582 completed orders.
2022-02-23 03:01:15,822 [simulator_env.py | 100] INFO: Finish the dispatch.
2022-02-23 03:01:15,830 [simulator_env.py | 278] INFO: 2022-02-23 14:30:00, Order 14211301600: state = 1 < 2, we can not finish the simulation
2022-02-23 03:01:15,832 [simulator_env.py | 87] INFO: **************************************************
2022-02-23 03:01:15,832 [simulator_env.py | 91] INFO: cur time: 2022-02-23 14:40:00, pre time: 2022-02-23 14:30:00
2022-02-23 03:01:15,832 [simulator_env.py | 147] INFO: Start to update the input of 2022-02-23 14:40:00
2022-02-23 03:01:15,850 [simulator_env.py | 175] INFO: Get 25 unallocated orders, 20 ongoing orders, 1605 completed orders.
2022-02-23 03:01:24,083 [simulator_env.py | 100] INFO: Finish the dispatch.
2022-02-23 03:01:24,091 [simulator_env.py | 278] INFO: 2022-02-23 14:40:00, Order 14301001625: state = 1 < 2, we can not finish the simulation
2022-02-23 03:01:24,096 [simulator_env.py | 87] INFO: **************************************************
2022-02-23 03:01:24,097 [simulator_env.py | 91] INFO: cur time: 2022-02-23 14:50:00, pre time: 2022-02-23 14:40:00
2022-02-23 03:01:24,098 [simulator_env.py | 147] INFO: Start to update the input of 2022-02-23 14:50:00
2022-02-23 03:01:24,134 [simulator_env.py | 175] INFO: Get 30 unallocated orders, 17 ongoing orders, 1633 completed orders.
2022-02-23 03:01:32,416 [simulator_env.py | 100] INFO: Finish the dispatch.
2022-02-23 03:01:32,423 [simulator_env.py | 278] INFO: 2022-02-23 14:50:00, Order 14401501650: state = 1 < 2, we can not finish the simulation
2022-02-23 03:01:32,426 [simulator_env.py | 87] INFO: **************************************************
2022-02-23 03:01:32,427 [simulator_env.py | 91] INFO: cur time: 2022-02-23 15:00:00, pre time: 2022-02-23 14:50:00
2022-02-23 03:01:32,427 [simulator_env.py | 147] INFO: Start to update the input of 2022-02-23 15:00:00
2022-02-23 03:01:32,473 [simulator_env.py | 175] INFO: Get 20 unallocated orders, 18 ongoing orders, 1662 completed orders.
2022-02-23 03:01:43,490 [simulator_env.py | 100] INFO: Finish the dispatch.
2022-02-23 03:01:43,501 [simulator_env.py | 278] INFO: 2022-02-23 15:00:00, Order 14502101680: state = 1 < 2, we can not finish the simulation
2022-02-23 03:01:43,504 [simulator_env.py | 87] INFO: **************************************************
2022-02-23 03:01:43,504 [simulator_env.py | 91] INFO: cur time: 2022-02-23 15:10:00, pre time: 2022-02-23 15:00:00
2022-02-23 03:01:43,505 [simulator_env.py | 147] INFO: Start to update the input of 2022-02-23 15:10:00
2022-02-23 03:01:43,542 [simulator_env.py | 175] INFO: Get 0 unallocated orders, 13 ongoing orders, 1687 completed orders.
2022-02-23 03:01:54,020 [simulator_env.py | 100] INFO: Finish the dispatch.
2022-02-23 03:01:54,029 [simulator_env.py | 281] INFO: 2022-02-23 15:10:00, the status of all orders is greater than 1, we could finish the simulation
2022-02-23 03:01:54,044 [simulator_env.py | 124] INFO: finished the left ongoing orders
2022-02-23 03:01:54,050 [evaluator.py    | 116] INFO: Traveling Distance of driver D_1 is  63.610, visited node list: 21
2022-02-23 03:01:54,052 [evaluator.py    | 116] INFO: Traveling Distance of driver D_2 is  96.550, visited node list: 39
2022-02-23 03:01:54,054 [evaluator.py    | 116] INFO: Traveling Distance of driver D_3 is  63.980, visited node list: 25
2022-02-23 03:01:54,056 [evaluator.py    | 116] INFO: Traveling Distance of driver D_4 is  105.720, visited node list: 41
2022-02-23 03:01:54,058 [evaluator.py    | 116] INFO: Traveling Distance of driver D_5 is  109.800, visited node list: 37
2022-02-23 03:01:54,061 [evaluator.py    | 116] INFO: Traveling Distance of driver D_6 is  104.400, visited node list: 45
2022-02-23 03:01:54,065 [evaluator.py    | 116] INFO: Traveling Distance of driver D_7 is  120.270, visited node list: 48
2022-02-23 03:01:54,068 [evaluator.py    | 116] INFO: Traveling Distance of driver D_8 is  130.720, visited node list: 45
2022-02-23 03:01:54,070 [evaluator.py    | 116] INFO: Traveling Distance of driver D_9 is  129.150, visited node list: 51
2022-02-23 03:01:54,072 [evaluator.py    | 116] INFO: Traveling Distance of driver D_10 is  125.610, visited node list: 50
2022-02-23 03:01:54,074 [evaluator.py    | 116] INFO: Traveling Distance of driver D_11 is  126.860, visited node list: 45
2022-02-23 03:01:54,076 [evaluator.py    | 116] INFO: Traveling Distance of driver D_12 is  125.060, visited node list: 43
2022-02-23 03:01:54,080 [evaluator.py    | 116] INFO: Traveling Distance of driver D_13 is  121.290, visited node list: 47
2022-02-23 03:01:54,083 [evaluator.py    | 116] INFO: Traveling Distance of driver D_14 is  120.670, visited node list: 49
2022-02-23 03:01:54,085 [evaluator.py    | 116] INFO: Traveling Distance of driver D_15 is  126.220, visited node list: 45
2022-02-23 03:01:54,086 [evaluator.py    | 116] INFO: Traveling Distance of driver D_16 is  129.340, visited node list: 43
2022-02-23 03:01:54,089 [evaluator.py    | 116] INFO: Traveling Distance of driver D_17 is  119.780, visited node list: 47
2022-02-23 03:01:54,090 [evaluator.py    | 116] INFO: Traveling Distance of driver D_18 is  113.490, visited node list: 43
2022-02-23 03:01:54,092 [evaluator.py    | 116] INFO: Traveling Distance of driver D_19 is  131.160, visited node list: 49
2022-02-23 03:01:54,098 [evaluator.py    | 116] INFO: Traveling Distance of driver D_20 is  123.010, visited node list: 55
2022-02-23 03:01:54,100 [evaluator.py    | 116] INFO: Traveling Distance of driver D_21 is  127.620, visited node list: 45
2022-02-23 03:01:54,101 [evaluator.py    | 116] INFO: Traveling Distance of driver D_22 is  129.220, visited node list: 44
2022-02-23 03:01:54,102 [evaluator.py    | 116] INFO: Traveling Distance of driver D_23 is  121.890, visited node list: 47
2022-02-23 03:01:54,106 [evaluator.py    | 116] INFO: Traveling Distance of driver D_24 is  108.730, visited node list: 51
2022-02-23 03:01:54,107 [evaluator.py    | 116] INFO: Traveling Distance of driver D_25 is  114.770, visited node list: 44
2022-02-23 03:01:54,109 [evaluator.py    | 116] INFO: Traveling Distance of driver D_26 is  131.610, visited node list: 45
2022-02-23 03:01:54,111 [evaluator.py    | 116] INFO: Traveling Distance of driver D_27 is  127.370, visited node list: 45
2022-02-23 03:01:54,113 [evaluator.py    | 116] INFO: Traveling Distance of driver D_28 is  132.370, visited node list: 53
2022-02-23 03:01:54,116 [evaluator.py    | 116] INFO: Traveling Distance of driver D_29 is  127.610, visited node list: 45
2022-02-23 03:01:54,118 [evaluator.py    | 116] INFO: Traveling Distance of driver D_30 is  119.900, visited node list: 51
2022-02-23 03:01:54,119 [evaluator.py    | 116] INFO: Traveling Distance of driver D_31 is  119.490, visited node list: 43
2022-02-23 03:01:54,120 [evaluator.py    | 116] INFO: Traveling Distance of driver D_32 is  105.200, visited node list: 39
2022-02-23 03:01:54,122 [evaluator.py    | 116] INFO: Traveling Distance of driver D_33 is  119.110, visited node list: 45
2022-02-23 03:01:54,123 [evaluator.py    | 116] INFO: Traveling Distance of driver D_34 is  129.470, visited node list: 43
2022-02-23 03:01:54,124 [evaluator.py    | 116] INFO: Traveling Distance of driver D_35 is  119.030, visited node list: 47
2022-02-23 03:01:54,125 [evaluator.py    | 116] INFO: Traveling Distance of driver D_36 is  106.480, visited node list: 42
2022-02-23 03:01:54,127 [evaluator.py    | 116] INFO: Traveling Distance of driver D_37 is  104.200, visited node list: 49
2022-02-23 03:01:54,130 [evaluator.py    | 116] INFO: Traveling Distance of driver D_38 is  96.010, visited node list: 40
2022-02-23 03:01:54,133 [evaluator.py    | 116] INFO: Traveling Distance of driver D_39 is  118.840, visited node list: 59
2022-02-23 03:01:54,135 [evaluator.py    | 116] INFO: Traveling Distance of driver D_40 is  107.090, visited node list: 47
2022-02-23 03:01:54,136 [evaluator.py    | 116] INFO: Traveling Distance of driver D_41 is  116.920, visited node list: 47
2022-02-23 03:01:54,138 [evaluator.py    | 116] INFO: Traveling Distance of driver D_42 is  99.730, visited node list: 39
2022-02-23 03:01:54,139 [evaluator.py    | 116] INFO: Traveling Distance of driver D_43 is  113.610, visited node list: 47
2022-02-23 03:01:54,140 [evaluator.py    | 116] INFO: Traveling Distance of driver D_44 is  113.030, visited node list: 43
2022-02-23 03:01:54,141 [evaluator.py    | 116] INFO: Traveling Distance of driver D_45 is  111.940, visited node list: 39
2022-02-23 03:01:54,143 [evaluator.py    | 116] INFO: Traveling Distance of driver D_46 is  89.100, visited node list: 37
2022-02-23 03:01:54,148 [evaluator.py    | 116] INFO: Traveling Distance of driver D_47 is  100.580, visited node list: 37
2022-02-23 03:01:54,150 [evaluator.py    | 116] INFO: Traveling Distance of driver D_48 is  101.870, visited node list: 39
2022-02-23 03:01:54,151 [evaluator.py    | 116] INFO: Traveling Distance of driver D_49 is  93.460, visited node list: 43
2022-02-23 03:01:54,152 [evaluator.py    | 116] INFO: Traveling Distance of driver D_50 is  101.370, visited node list: 41
2022-02-23 03:01:54,153 [evaluator.py    | 116] INFO: Traveling Distance of driver D_51 is  89.230, visited node list: 35
2022-02-23 03:01:54,153 [evaluator.py    | 116] INFO: Traveling Distance of driver D_52 is  89.140, visited node list: 33
2022-02-23 03:01:54,154 [evaluator.py    | 116] INFO: Traveling Distance of driver D_53 is  84.280, visited node list: 30
2022-02-23 03:01:54,156 [evaluator.py    | 116] INFO: Traveling Distance of driver D_54 is  77.940, visited node list: 31
2022-02-23 03:01:54,157 [evaluator.py    | 116] INFO: Traveling Distance of driver D_55 is  70.380, visited node list: 33
2022-02-23 03:01:54,158 [evaluator.py    | 116] INFO: Traveling Distance of driver D_56 is  75.060, visited node list: 29
2022-02-23 03:01:54,159 [evaluator.py    | 116] INFO: Traveling Distance of driver D_57 is  80.430, visited node list: 33
2022-02-23 03:01:54,160 [evaluator.py    | 116] INFO: Traveling Distance of driver D_58 is  64.010, visited node list: 25
2022-02-23 03:01:54,162 [evaluator.py    | 116] INFO: Traveling Distance of driver D_59 is  77.740, visited node list: 28
2022-02-23 03:01:54,164 [evaluator.py    | 116] INFO: Traveling Distance of driver D_60 is  67.360, visited node list: 25
2022-02-23 03:01:54,165 [evaluator.py    | 116] INFO: Traveling Distance of driver D_61 is  65.160, visited node list: 25
2022-02-23 03:01:54,168 [evaluator.py    | 116] INFO: Traveling Distance of driver D_62 is  69.570, visited node list: 29
2022-02-23 03:01:54,185 [evaluator.py    | 116] INFO: Traveling Distance of driver D_63 is  65.670, visited node list: 25
2022-02-23 03:01:54,187 [evaluator.py    | 116] INFO: Traveling Distance of driver D_64 is  72.970, visited node list: 29
2022-02-23 03:01:54,194 [evaluator.py    | 116] INFO: Traveling Distance of driver D_65 is  75.120, visited node list: 27
2022-02-23 03:01:54,201 [evaluator.py    | 116] INFO: Traveling Distance of driver D_66 is  74.640, visited node list: 25
2022-02-23 03:01:54,202 [evaluator.py    | 116] INFO: Traveling Distance of driver D_67 is  75.300, visited node list: 25
2022-02-23 03:01:54,203 [evaluator.py    | 116] INFO: Traveling Distance of driver D_68 is  72.210, visited node list: 23
2022-02-23 03:01:54,204 [evaluator.py    | 116] INFO: Traveling Distance of driver D_69 is  65.230, visited node list: 29
2022-02-23 03:01:54,210 [evaluator.py    | 116] INFO: Traveling Distance of driver D_70 is  66.500, visited node list: 25
2022-02-23 03:01:54,234 [evaluator.py    | 116] INFO: Traveling Distance of driver D_71 is  66.570, visited node list: 25
2022-02-23 03:01:54,240 [evaluator.py    | 116] INFO: Traveling Distance of driver D_72 is  66.380, visited node list: 25
2022-02-23 03:01:54,251 [evaluator.py    | 116] INFO: Traveling Distance of driver D_73 is  58.960, visited node list: 23
2022-02-23 03:01:54,260 [evaluator.py    | 116] INFO: Traveling Distance of driver D_74 is  67.610, visited node list: 25
2022-02-23 03:01:54,284 [evaluator.py    | 116] INFO: Traveling Distance of driver D_75 is  51.500, visited node list: 23
2022-02-23 03:01:54,285 [evaluator.py    | 116] INFO: Traveling Distance of driver D_76 is  56.070, visited node list: 21
2022-02-23 03:01:54,290 [evaluator.py    | 116] INFO: Traveling Distance of driver D_77 is  61.160, visited node list: 17
2022-02-23 03:01:54,290 [evaluator.py    | 116] INFO: Traveling Distance of driver D_78 is  53.760, visited node list: 19
2022-02-23 03:01:54,299 [evaluator.py    | 116] INFO: Traveling Distance of driver D_79 is  60.900, visited node list: 25
2022-02-23 03:01:54,302 [evaluator.py    | 116] INFO: Traveling Distance of driver D_80 is  56.340, visited node list: 21
2022-02-23 03:01:54,305 [evaluator.py    | 116] INFO: Traveling Distance of driver D_81 is  50.840, visited node list: 22
2022-02-23 03:01:54,307 [evaluator.py    | 116] INFO: Traveling Distance of driver D_82 is  44.590, visited node list: 18
2022-02-23 03:01:54,307 [evaluator.py    | 116] INFO: Traveling Distance of driver D_83 is  55.050, visited node list: 19
2022-02-23 03:01:54,315 [evaluator.py    | 116] INFO: Traveling Distance of driver D_84 is  58.320, visited node list: 19
2022-02-23 03:01:54,319 [evaluator.py    | 116] INFO: Traveling Distance of driver D_85 is  52.310, visited node list: 17
2022-02-23 03:01:54,321 [evaluator.py    | 116] INFO: Traveling Distance of driver D_86 is  49.030, visited node list: 21
2022-02-23 03:01:54,326 [evaluator.py    | 116] INFO: Traveling Distance of driver D_87 is  52.490, visited node list: 23
2022-02-23 03:01:54,327 [evaluator.py    | 116] INFO: Traveling Distance of driver D_88 is  58.320, visited node list: 21
2022-02-23 03:01:54,337 [evaluator.py    | 116] INFO: Traveling Distance of driver D_89 is  56.020, visited node list: 23
2022-02-23 03:01:54,340 [evaluator.py    | 116] INFO: Traveling Distance of driver D_90 is  54.870, visited node list: 18
2022-02-23 03:01:54,344 [evaluator.py    | 116] INFO: Traveling Distance of driver D_91 is  50.700, visited node list: 17
2022-02-23 03:01:54,351 [evaluator.py    | 116] INFO: Traveling Distance of driver D_92 is  52.730, visited node list: 21
2022-02-23 03:01:54,352 [evaluator.py    | 116] INFO: Traveling Distance of driver D_93 is  51.210, visited node list: 21
2022-02-23 03:01:54,354 [evaluator.py    | 116] INFO: Traveling Distance of driver D_94 is  58.220, visited node list: 19
2022-02-23 03:01:54,357 [evaluator.py    | 116] INFO: Traveling Distance of driver D_95 is  45.150, visited node list: 23
2022-02-23 03:01:54,359 [evaluator.py    | 116] INFO: Traveling Distance of driver D_96 is  47.270, visited node list: 19
2022-02-23 03:01:54,362 [evaluator.py    | 116] INFO: Traveling Distance of driver D_97 is  48.510, visited node list: 21
2022-02-23 03:01:54,363 [evaluator.py    | 116] INFO: Traveling Distance of driver D_98 is  40.450, visited node list: 21
2022-02-23 03:01:54,364 [evaluator.py    | 116] INFO: Traveling Distance of driver D_99 is  49.130, visited node list: 19
2022-02-23 03:01:54,369 [evaluator.py    | 116] INFO: Traveling Distance of driver D_100 is  52.610, visited node list: 19
2022-02-23 03:01:54,370 [evaluator.py    | 116] INFO: Traveling Distance of driver D_101 is  48.300, visited node list: 21
2022-02-23 03:01:54,373 [evaluator.py    | 116] INFO: Traveling Distance of driver D_102 is  45.300, visited node list: 21
2022-02-23 03:01:54,374 [evaluator.py    | 116] INFO: Traveling Distance of driver D_103 is  47.880, visited node list: 21
2022-02-23 03:01:54,375 [evaluator.py    | 116] INFO: Traveling Distance of driver D_104 is  49.320, visited node list: 23
2022-02-23 03:01:54,376 [evaluator.py    | 116] INFO: Traveling Distance of driver D_105 is  50.650, visited node list: 17
2022-02-23 03:01:54,377 [evaluator.py    | 18] INFO: Total distance:  9040.770
2022-02-23 03:01:54,743 [evaluator.py    | 22] INFO: Sum over time:  0.000
2022-02-23 03:01:54,744 [evaluator.py    | 26] INFO: Total score:  86.103
2022-02-23 03:01:58,111 [main.py         | 43] INFO: Score of instance_38: 86.10257142857138
