2022-02-23 02:37:03,334 [main.py         | 38] INFO: Start to run /Users/yangjingfeng/Library/CloudStorage/OneDrive-Personal/Public/PhD Study/Papers/Food_Delivery/Code/Food_delivery_simulator/Benchmark/Instance_medium: instance_28
2022-02-23 02:37:03,335 [simulator_api.py | 43] INFO: Start time of the simulator: 2022-02-23 09:00:00, time interval:  600.00
2022-02-23 02:37:03,939 [input_utils.py  | 35] INFO: Get 3052 locations
2022-02-23 02:37:03,984 [input_utils.py  | 39] INFO: Get 95 drivers
2022-02-23 02:37:04,558 [input_utils.py  | 43] INFO: Get 1647 orders
2022-02-23 02:37:04,559 [simulator_api.py | 75] INFO: Initial position of D_1 is 371 Beach Rd, Singapore 199597, Singapore
2022-02-23 02:37:04,559 [simulator_api.py | 75] INFO: Initial position of D_2 is Bukit Merah View Market & Hawker Centre
2022-02-23 02:37:04,559 [simulator_api.py | 75] INFO: Initial position of D_3 is 417 River Valley Rd, Singapore 248316, Singapore
2022-02-23 02:37:04,559 [simulator_api.py | 75] INFO: Initial position of D_4 is 54 South Bridge Rd, Singapore 058685, Singapore
2022-02-23 02:37:04,559 [simulator_api.py | 75] INFO: Initial position of D_5 is Bukit Merah View Market & Hawker Centre
2022-02-23 02:37:04,559 [simulator_api.py | 75] INFO: Initial position of D_6 is Maxwell Food Centre
2022-02-23 02:37:04,559 [simulator_api.py | 75] INFO: Initial position of D_7 is Alexandra Village Food Centre
2022-02-23 02:37:04,559 [simulator_api.py | 75] INFO: Initial position of D_8 is Golden Mile Food Centre
2022-02-23 02:37:04,559 [simulator_api.py | 75] INFO: Initial position of D_9 is Amoy Street Food Centre
2022-02-23 02:37:04,560 [simulator_api.py | 75] INFO: Initial position of D_10 is Bukit Merah View Market & Hawker Centre
2022-02-23 02:37:04,560 [simulator_api.py | 75] INFO: Initial position of D_11 is 54 South Bridge Rd, Singapore 058685, Singapore
2022-02-23 02:37:04,560 [simulator_api.py | 75] INFO: Initial position of D_12 is 417 River Valley Rd, Singapore 248316, Singapore
2022-02-23 02:37:04,560 [simulator_api.py | 75] INFO: Initial position of D_13 is 371 Beach Rd, Singapore 199597, Singapore
2022-02-23 02:37:04,560 [simulator_api.py | 75] INFO: Initial position of D_14 is Alexandra Village Food Centre
2022-02-23 02:37:04,560 [simulator_api.py | 75] INFO: Initial position of D_15 is Amoy Street Food Centre
2022-02-23 02:37:04,562 [simulator_api.py | 75] INFO: Initial position of D_16 is Tiong Bahru Market
2022-02-23 02:37:04,563 [simulator_api.py | 75] INFO: Initial position of D_17 is 66 Kg Bugis, Singapore 338987, Singapore
2022-02-23 02:37:04,563 [simulator_api.py | 75] INFO: Initial position of D_18 is 54 South Bridge Rd, Singapore 058685, Singapore
2022-02-23 02:37:04,563 [simulator_api.py | 75] INFO: Initial position of D_19 is 54 South Bridge Rd, Singapore 058685, Singapore
2022-02-23 02:37:04,563 [simulator_api.py | 75] INFO: Initial position of D_20 is 37 Cuppage Rd, Singapore 229460, Singapore
2022-02-23 02:37:04,563 [simulator_api.py | 75] INFO: Initial position of D_21 is Golden Mile Food Centre
2022-02-23 02:37:04,563 [simulator_api.py | 75] INFO: Initial position of D_22 is Old Airport Road Food Centre
2022-02-23 02:37:04,563 [simulator_api.py | 75] INFO: Initial position of D_23 is Alexandra Village Food Centre
2022-02-23 02:37:04,563 [simulator_api.py | 75] INFO: Initial position of D_24 is Old Airport Road Food Centre
2022-02-23 02:37:04,563 [simulator_api.py | 75] INFO: Initial position of D_25 is 417 River Valley Rd, Singapore 248316, Singapore
2022-02-23 02:37:04,564 [simulator_api.py | 75] INFO: Initial position of D_26 is Hong Lim Food Centre
2022-02-23 02:37:04,564 [simulator_api.py | 75] INFO: Initial position of D_27 is 66 Kg Bugis, Singapore 338987, Singapore
2022-02-23 02:37:04,564 [simulator_api.py | 75] INFO: Initial position of D_28 is 417 River Valley Rd, Singapore 248316, Singapore
2022-02-23 02:37:04,564 [simulator_api.py | 75] INFO: Initial position of D_29 is Alexandra Village Food Centre
2022-02-23 02:37:04,564 [simulator_api.py | 75] INFO: Initial position of D_30 is 54 South Bridge Rd, Singapore 058685, Singapore
2022-02-23 02:37:04,564 [simulator_api.py | 75] INFO: Initial position of D_31 is Golden Mile Food Centre
2022-02-23 02:37:04,564 [simulator_api.py | 75] INFO: Initial position of D_32 is 36 Boat Quay, Singapore 049825, Singapore
2022-02-23 02:37:04,564 [simulator_api.py | 75] INFO: Initial position of D_33 is 417 River Valley Rd, Singapore 248316, Singapore
2022-02-23 02:37:04,564 [simulator_api.py | 75] INFO: Initial position of D_34 is 66 Kg Bugis, Singapore 338987, Singapore
2022-02-23 02:37:04,564 [simulator_api.py | 75] INFO: Initial position of D_35 is 54 South Bridge Rd, Singapore 058685, Singapore
2022-02-23 02:37:04,564 [simulator_api.py | 75] INFO: Initial position of D_36 is Old Airport Road Food Centre
2022-02-23 02:37:04,564 [simulator_api.py | 75] INFO: Initial position of D_37 is Alexandra Village Food Centre
2022-02-23 02:37:04,565 [simulator_api.py | 75] INFO: Initial position of D_38 is Hong Lim Food Centre
2022-02-23 02:37:04,565 [simulator_api.py | 75] INFO: Initial position of D_39 is 36 Boat Quay, Singapore 049825, Singapore
2022-02-23 02:37:04,565 [simulator_api.py | 75] INFO: Initial position of D_40 is Hong Lim Food Centre
2022-02-23 02:37:04,565 [simulator_api.py | 75] INFO: Initial position of D_41 is 54 South Bridge Rd, Singapore 058685, Singapore
2022-02-23 02:37:04,565 [simulator_api.py | 75] INFO: Initial position of D_42 is 371 Beach Rd, Singapore 199597, Singapore
2022-02-23 02:37:04,565 [simulator_api.py | 75] INFO: Initial position of D_43 is Zion Riverside Food Centre
2022-02-23 02:37:04,565 [simulator_api.py | 75] INFO: Initial position of D_44 is Tiong Bahru Market
2022-02-23 02:37:04,565 [simulator_api.py | 75] INFO: Initial position of D_45 is Amoy Street Food Centre
2022-02-23 02:37:04,565 [simulator_api.py | 75] INFO: Initial position of D_46 is Golden Mile Food Centre
2022-02-23 02:37:04,565 [simulator_api.py | 75] INFO: Initial position of D_47 is Hong Lim Food Centre
2022-02-23 02:37:04,566 [simulator_api.py | 75] INFO: Initial position of D_48 is Tiong Bahru Market
2022-02-23 02:37:04,567 [simulator_api.py | 75] INFO: Initial position of D_49 is Bukit Merah View Market & Hawker Centre
2022-02-23 02:37:04,567 [simulator_api.py | 75] INFO: Initial position of D_50 is Tiong Bahru Market
2022-02-23 02:37:04,567 [simulator_api.py | 75] INFO: Initial position of D_51 is 66 Kg Bugis, Singapore 338987, Singapore
2022-02-23 02:37:04,567 [simulator_api.py | 75] INFO: Initial position of D_52 is Zion Riverside Food Centre
2022-02-23 02:37:04,567 [simulator_api.py | 75] INFO: Initial position of D_53 is 54 South Bridge Rd, Singapore 058685, Singapore
2022-02-23 02:37:04,567 [simulator_api.py | 75] INFO: Initial position of D_54 is 37 Cuppage Rd, Singapore 229460, Singapore
2022-02-23 02:37:04,567 [simulator_api.py | 75] INFO: Initial position of D_55 is Golden Mile Food Centre
2022-02-23 02:37:04,567 [simulator_api.py | 75] INFO: Initial position of D_56 is Amoy Street Food Centre
2022-02-23 02:37:04,567 [simulator_api.py | 75] INFO: Initial position of D_57 is Amoy Street Food Centre
2022-02-23 02:37:04,568 [simulator_api.py | 75] INFO: Initial position of D_58 is 371 Beach Rd, Singapore 199597, Singapore
2022-02-23 02:37:04,568 [simulator_api.py | 75] INFO: Initial position of D_59 is Golden Mile Food Centre
2022-02-23 02:37:04,568 [simulator_api.py | 75] INFO: Initial position of D_60 is Alexandra Village Food Centre
2022-02-23 02:37:04,568 [simulator_api.py | 75] INFO: Initial position of D_61 is Maxwell Food Centre
2022-02-23 02:37:04,569 [simulator_api.py | 75] INFO: Initial position of D_62 is 417 River Valley Rd, Singapore 248316, Singapore
2022-02-23 02:37:04,569 [simulator_api.py | 75] INFO: Initial position of D_63 is 54 South Bridge Rd, Singapore 058685, Singapore
2022-02-23 02:37:04,569 [simulator_api.py | 75] INFO: Initial position of D_64 is Golden Mile Food Centre
2022-02-23 02:37:04,569 [simulator_api.py | 75] INFO: Initial position of D_65 is 54 South Bridge Rd, Singapore 058685, Singapore
2022-02-23 02:37:04,569 [simulator_api.py | 75] INFO: Initial position of D_66 is Maxwell Food Centre
2022-02-23 02:37:04,569 [simulator_api.py | 75] INFO: Initial position of D_67 is Hong Lim Food Centre
2022-02-23 02:37:04,570 [simulator_api.py | 75] INFO: Initial position of D_68 is 36 Boat Quay, Singapore 049825, Singapore
2022-02-23 02:37:04,571 [simulator_api.py | 75] INFO: Initial position of D_69 is 371 Beach Rd, Singapore 199597, Singapore
2022-02-23 02:37:04,571 [simulator_api.py | 75] INFO: Initial position of D_70 is Bukit Merah View Market & Hawker Centre
2022-02-23 02:37:04,571 [simulator_api.py | 75] INFO: Initial position of D_71 is 36 Boat Quay, Singapore 049825, Singapore
2022-02-23 02:37:04,571 [simulator_api.py | 75] INFO: Initial position of D_72 is 371 Beach Rd, Singapore 199597, Singapore
2022-02-23 02:37:04,572 [simulator_api.py | 75] INFO: Initial position of D_73 is 417 River Valley Rd, Singapore 248316, Singapore
2022-02-23 02:37:04,573 [simulator_api.py | 75] INFO: Initial position of D_74 is Zion Riverside Food Centre
2022-02-23 02:37:04,573 [simulator_api.py | 75] INFO: Initial position of D_75 is Zion Riverside Food Centre
2022-02-23 02:37:04,574 [simulator_api.py | 75] INFO: Initial position of D_76 is Maxwell Food Centre
2022-02-23 02:37:04,574 [simulator_api.py | 75] INFO: Initial position of D_77 is 66 Kg Bugis, Singapore 338987, Singapore
2022-02-23 02:37:04,574 [simulator_api.py | 75] INFO: Initial position of D_78 is Amoy Street Food Centre
2022-02-23 02:37:04,574 [simulator_api.py | 75] INFO: Initial position of D_79 is 371 Beach Rd, Singapore 199597, Singapore
2022-02-23 02:37:04,574 [simulator_api.py | 75] INFO: Initial position of D_80 is 371 Beach Rd, Singapore 199597, Singapore
2022-02-23 02:37:04,574 [simulator_api.py | 75] INFO: Initial position of D_81 is Tiong Bahru Market
2022-02-23 02:37:04,576 [simulator_api.py | 75] INFO: Initial position of D_82 is 37 Cuppage Rd, Singapore 229460, Singapore
2022-02-23 02:37:04,576 [simulator_api.py | 75] INFO: Initial position of D_83 is 36 Boat Quay, Singapore 049825, Singapore
2022-02-23 02:37:04,598 [simulator_api.py | 75] INFO: Initial position of D_84 is Tiong Bahru Market
2022-02-23 02:37:04,598 [simulator_api.py | 75] INFO: Initial position of D_85 is 36 Boat Quay, Singapore 049825, Singapore
2022-02-23 02:37:04,598 [simulator_api.py | 75] INFO: Initial position of D_86 is 371 Beach Rd, Singapore 199597, Singapore
2022-02-23 02:37:04,614 [simulator_api.py | 75] INFO: Initial position of D_87 is Hong Lim Food Centre
2022-02-23 02:37:04,614 [simulator_api.py | 75] INFO: Initial position of D_88 is 37 Cuppage Rd, Singapore 229460, Singapore
2022-02-23 02:37:04,614 [simulator_api.py | 75] INFO: Initial position of D_89 is 54 South Bridge Rd, Singapore 058685, Singapore
2022-02-23 02:37:04,618 [simulator_api.py | 75] INFO: Initial position of D_90 is 66 Kg Bugis, Singapore 338987, Singapore
2022-02-23 02:37:04,618 [simulator_api.py | 75] INFO: Initial position of D_91 is 37 Cuppage Rd, Singapore 229460, Singapore
2022-02-23 02:37:04,620 [simulator_api.py | 75] INFO: Initial position of D_92 is 37 Cuppage Rd, Singapore 229460, Singapore
2022-02-23 02:37:04,630 [simulator_api.py | 75] INFO: Initial position of D_93 is 417 River Valley Rd, Singapore 248316, Singapore
2022-02-23 02:37:04,633 [simulator_api.py | 75] INFO: Initial position of D_94 is Old Airport Road Food Centre
2022-02-23 02:37:04,634 [simulator_api.py | 75] INFO: Initial position of D_95 is 417 River Valley Rd, Singapore 248316, Singapore
2022-02-23 02:37:04,702 [simulator_env.py | 87] INFO: **************************************************
2022-02-23 02:37:04,702 [simulator_env.py | 91] INFO: cur time: 2022-02-23 09:10:00, pre time: 2022-02-23 09:00:00
2022-02-23 02:37:04,702 [simulator_env.py | 147] INFO: Start to update the input of 2022-02-23 09:10:00
2022-02-23 02:37:04,706 [simulator_env.py | 175] INFO: Get 49 unallocated orders, 0 ongoing orders, 0 completed orders.
2022-02-23 02:37:07,282 [simulator_env.py | 100] INFO: Finish the dispatch.
2022-02-23 02:37:07,284 [simulator_env.py | 278] INFO: 2022-02-23 09:10:00, Order 09000000000: state = 1 < 2, we can not finish the simulation
2022-02-23 02:37:07,284 [simulator_env.py | 87] INFO: **************************************************
2022-02-23 02:37:07,284 [simulator_env.py | 91] INFO: cur time: 2022-02-23 09:20:00, pre time: 2022-02-23 09:10:00
2022-02-23 02:37:07,284 [simulator_env.py | 147] INFO: Start to update the input of 2022-02-23 09:20:00
2022-02-23 02:37:07,294 [simulator_env.py | 175] INFO: Get 50 unallocated orders, 29 ongoing orders, 20 completed orders.
2022-02-23 02:37:09,752 [simulator_env.py | 100] INFO: Finish the dispatch.
2022-02-23 02:37:09,757 [simulator_env.py | 278] INFO: 2022-02-23 09:20:00, Order 09100100049: state = 1 < 2, we can not finish the simulation
2022-02-23 02:37:09,758 [simulator_env.py | 87] INFO: **************************************************
2022-02-23 02:37:09,758 [simulator_env.py | 91] INFO: cur time: 2022-02-23 09:30:00, pre time: 2022-02-23 09:20:00
2022-02-23 02:37:09,758 [simulator_env.py | 147] INFO: Start to update the input of 2022-02-23 09:30:00
2022-02-23 02:37:09,800 [simulator_env.py | 175] INFO: Get 60 unallocated orders, 30 ongoing orders, 69 completed orders.
2022-02-23 02:37:12,563 [simulator_env.py | 100] INFO: Finish the dispatch.
2022-02-23 02:37:12,567 [simulator_env.py | 278] INFO: 2022-02-23 09:30:00, Order 09200400099: state = 1 < 2, we can not finish the simulation
2022-02-23 02:37:12,569 [simulator_env.py | 87] INFO: **************************************************
2022-02-23 02:37:12,569 [simulator_env.py | 91] INFO: cur time: 2022-02-23 09:40:00, pre time: 2022-02-23 09:30:00
2022-02-23 02:37:12,569 [simulator_env.py | 147] INFO: Start to update the input of 2022-02-23 09:40:00
2022-02-23 02:37:12,613 [simulator_env.py | 175] INFO: Get 49 unallocated orders, 44 ongoing orders, 115 completed orders.
2022-02-23 02:37:17,249 [simulator_env.py | 100] INFO: Finish the dispatch.
2022-02-23 02:37:17,252 [simulator_env.py | 278] INFO: 2022-02-23 09:40:00, Order 09300800159: state = 1 < 2, we can not finish the simulation
2022-02-23 02:37:17,254 [simulator_env.py | 87] INFO: **************************************************
2022-02-23 02:37:17,255 [simulator_env.py | 91] INFO: cur time: 2022-02-23 09:50:00, pre time: 2022-02-23 09:40:00
2022-02-23 02:37:17,255 [simulator_env.py | 147] INFO: Start to update the input of 2022-02-23 09:50:00
2022-02-23 02:37:17,276 [simulator_env.py | 175] INFO: Get 56 unallocated orders, 28 ongoing orders, 178 completed orders.
2022-02-23 02:37:19,836 [simulator_env.py | 100] INFO: Finish the dispatch.
2022-02-23 02:37:19,840 [simulator_env.py | 278] INFO: 2022-02-23 09:50:00, Order 09394400206: state = 1 < 2, we can not finish the simulation
2022-02-23 02:37:19,842 [simulator_env.py | 87] INFO: **************************************************
2022-02-23 02:37:19,842 [simulator_env.py | 91] INFO: cur time: 2022-02-23 10:00:00, pre time: 2022-02-23 09:50:00
2022-02-23 02:37:19,842 [simulator_env.py | 147] INFO: Start to update the input of 2022-02-23 10:00:00
2022-02-23 02:37:19,885 [simulator_env.py | 175] INFO: Get 67 unallocated orders, 35 ongoing orders, 226 completed orders.
2022-02-23 02:37:22,505 [simulator_env.py | 100] INFO: Finish the dispatch.
2022-02-23 02:37:22,514 [simulator_env.py | 278] INFO: 2022-02-23 10:00:00, Order 09461700230: state = 1 < 2, we can not finish the simulation
2022-02-23 02:37:22,518 [simulator_env.py | 87] INFO: **************************************************
2022-02-23 02:37:22,518 [simulator_env.py | 91] INFO: cur time: 2022-02-23 10:10:00, pre time: 2022-02-23 10:00:00
2022-02-23 02:37:22,518 [simulator_env.py | 147] INFO: Start to update the input of 2022-02-23 10:10:00
2022-02-23 02:37:22,567 [simulator_env.py | 175] INFO: Get 69 unallocated orders, 49 ongoing orders, 276 completed orders.
2022-02-23 02:37:24,848 [simulator_env.py | 100] INFO: Finish the dispatch.
2022-02-23 02:37:24,853 [simulator_env.py | 278] INFO: 2022-02-23 10:10:00, Order 09585700317: state = 1 < 2, we can not finish the simulation
2022-02-23 02:37:24,854 [simulator_env.py | 87] INFO: **************************************************
2022-02-23 02:37:24,855 [simulator_env.py | 91] INFO: cur time: 2022-02-23 10:20:00, pre time: 2022-02-23 10:10:00
2022-02-23 02:37:24,855 [simulator_env.py | 147] INFO: Start to update the input of 2022-02-23 10:20:00
2022-02-23 02:37:24,904 [simulator_env.py | 175] INFO: Get 79 unallocated orders, 42 ongoing orders, 344 completed orders.
2022-02-23 02:37:28,251 [simulator_env.py | 100] INFO: Finish the dispatch.
2022-02-23 02:37:28,257 [simulator_env.py | 278] INFO: 2022-02-23 10:20:00, Order 10074400380: state = 1 < 2, we can not finish the simulation
2022-02-23 02:37:28,259 [simulator_env.py | 87] INFO: **************************************************
2022-02-23 02:37:28,259 [simulator_env.py | 91] INFO: cur time: 2022-02-23 10:30:00, pre time: 2022-02-23 10:20:00
2022-02-23 02:37:28,259 [simulator_env.py | 147] INFO: Start to update the input of 2022-02-23 10:30:00
2022-02-23 02:37:28,320 [simulator_env.py | 175] INFO: Get 66 unallocated orders, 48 ongoing orders, 403 completed orders.
2022-02-23 02:37:31,151 [simulator_env.py | 100] INFO: Finish the dispatch.
2022-02-23 02:37:31,157 [simulator_env.py | 278] INFO: 2022-02-23 10:30:00, Order 10153300438: state = 1 < 2, we can not finish the simulation
2022-02-23 02:37:31,163 [simulator_env.py | 87] INFO: **************************************************
2022-02-23 02:37:31,163 [simulator_env.py | 91] INFO: cur time: 2022-02-23 10:40:00, pre time: 2022-02-23 10:30:00
2022-02-23 02:37:31,163 [simulator_env.py | 147] INFO: Start to update the input of 2022-02-23 10:40:00
2022-02-23 02:37:31,216 [simulator_env.py | 175] INFO: Get 80 unallocated orders, 37 ongoing orders, 471 completed orders.
2022-02-23 02:37:33,536 [simulator_env.py | 100] INFO: Finish the dispatch.
2022-02-23 02:37:33,540 [simulator_env.py | 278] INFO: 2022-02-23 10:40:00, Order 10234000481: state = 1 < 2, we can not finish the simulation
2022-02-23 02:37:33,548 [simulator_env.py | 87] INFO: **************************************************
2022-02-23 02:37:33,551 [simulator_env.py | 91] INFO: cur time: 2022-02-23 10:50:00, pre time: 2022-02-23 10:40:00
2022-02-23 02:37:33,552 [simulator_env.py | 147] INFO: Start to update the input of 2022-02-23 10:50:00
2022-02-23 02:37:33,601 [simulator_env.py | 175] INFO: Get 99 unallocated orders, 43 ongoing orders, 531 completed orders.
2022-02-23 02:37:35,961 [simulator_env.py | 100] INFO: Finish the dispatch.
2022-02-23 02:37:35,967 [simulator_env.py | 278] INFO: 2022-02-23 10:50:00, Order 10355700559: state = 1 < 2, we can not finish the simulation
2022-02-23 02:37:35,974 [simulator_env.py | 87] INFO: **************************************************
2022-02-23 02:37:35,975 [simulator_env.py | 91] INFO: cur time: 2022-02-23 11:00:00, pre time: 2022-02-23 10:50:00
2022-02-23 02:37:35,975 [simulator_env.py | 147] INFO: Start to update the input of 2022-02-23 11:00:00
2022-02-23 02:37:36,039 [simulator_env.py | 175] INFO: Get 103 unallocated orders, 45 ongoing orders, 599 completed orders.
2022-02-23 02:37:38,513 [simulator_env.py | 100] INFO: Finish the dispatch.
2022-02-23 02:37:38,519 [simulator_env.py | 278] INFO: 2022-02-23 11:00:00, Order 10442000622: state = 1 < 2, we can not finish the simulation
2022-02-23 02:37:38,522 [simulator_env.py | 87] INFO: **************************************************
2022-02-23 02:37:38,523 [simulator_env.py | 91] INFO: cur time: 2022-02-23 11:10:00, pre time: 2022-02-23 11:00:00
2022-02-23 02:37:38,523 [simulator_env.py | 147] INFO: Start to update the input of 2022-02-23 11:10:00
2022-02-23 02:37:38,589 [simulator_env.py | 175] INFO: Get 99 unallocated orders, 52 ongoing orders, 663 completed orders.
2022-02-23 02:37:40,991 [simulator_env.py | 100] INFO: Finish the dispatch.
2022-02-23 02:37:40,996 [simulator_env.py | 278] INFO: 2022-02-23 11:10:00, Order 10491300668: state = 1 < 2, we can not finish the simulation
2022-02-23 02:37:40,998 [simulator_env.py | 87] INFO: **************************************************
2022-02-23 02:37:40,998 [simulator_env.py | 91] INFO: cur time: 2022-02-23 11:20:00, pre time: 2022-02-23 11:10:00
2022-02-23 02:37:40,998 [simulator_env.py | 147] INFO: Start to update the input of 2022-02-23 11:20:00
2022-02-23 02:37:41,079 [simulator_env.py | 175] INFO: Get 92 unallocated orders, 55 ongoing orders, 732 completed orders.
2022-02-23 02:37:43,487 [simulator_env.py | 100] INFO: Finish the dispatch.
2022-02-23 02:37:43,493 [simulator_env.py | 278] INFO: 2022-02-23 11:20:00, Order 10565500727: state = 1 < 2, we can not finish the simulation
2022-02-23 02:37:43,506 [simulator_env.py | 87] INFO: **************************************************
2022-02-23 02:37:43,509 [simulator_env.py | 91] INFO: cur time: 2022-02-23 11:30:00, pre time: 2022-02-23 11:20:00
2022-02-23 02:37:43,512 [simulator_env.py | 147] INFO: Start to update the input of 2022-02-23 11:30:00
2022-02-23 02:37:43,566 [simulator_env.py | 175] INFO: Get 87 unallocated orders, 42 ongoing orders, 808 completed orders.
2022-02-23 02:37:46,017 [simulator_env.py | 100] INFO: Finish the dispatch.
2022-02-23 02:37:46,024 [simulator_env.py | 278] INFO: 2022-02-23 11:30:00, Order 11091200811: state = 1 < 2, we can not finish the simulation
2022-02-23 02:37:46,029 [simulator_env.py | 87] INFO: **************************************************
2022-02-23 02:37:46,030 [simulator_env.py | 91] INFO: cur time: 2022-02-23 11:40:00, pre time: 2022-02-23 11:30:00
2022-02-23 02:37:46,030 [simulator_env.py | 147] INFO: Start to update the input of 2022-02-23 11:40:00
2022-02-23 02:37:46,083 [simulator_env.py | 175] INFO: Get 78 unallocated orders, 47 ongoing orders, 872 completed orders.
2022-02-23 02:37:48,279 [simulator_env.py | 100] INFO: Finish the dispatch.
2022-02-23 02:37:48,287 [simulator_env.py | 278] INFO: 2022-02-23 11:40:00, Order 11263400910: state = 1 < 2, we can not finish the simulation
2022-02-23 02:37:48,292 [simulator_env.py | 87] INFO: **************************************************
2022-02-23 02:37:48,292 [simulator_env.py | 91] INFO: cur time: 2022-02-23 11:50:00, pre time: 2022-02-23 11:40:00
2022-02-23 02:37:48,292 [simulator_env.py | 147] INFO: Start to update the input of 2022-02-23 11:50:00
2022-02-23 02:37:48,342 [simulator_env.py | 175] INFO: Get 85 unallocated orders, 40 ongoing orders, 943 completed orders.
2022-02-23 02:37:50,201 [simulator_env.py | 100] INFO: Finish the dispatch.
2022-02-23 02:37:50,207 [simulator_env.py | 278] INFO: 2022-02-23 11:50:00, Order 11351600963: state = 1 < 2, we can not finish the simulation
2022-02-23 02:37:50,210 [simulator_env.py | 87] INFO: **************************************************
2022-02-23 02:37:50,211 [simulator_env.py | 91] INFO: cur time: 2022-02-23 12:00:00, pre time: 2022-02-23 11:50:00
2022-02-23 02:37:50,211 [simulator_env.py | 147] INFO: Start to update the input of 2022-02-23 12:00:00
2022-02-23 02:37:50,250 [simulator_env.py | 175] INFO: Get 84 unallocated orders, 35 ongoing orders, 1013 completed orders.
2022-02-23 02:37:52,266 [simulator_env.py | 100] INFO: Finish the dispatch.
2022-02-23 02:37:52,271 [simulator_env.py | 278] INFO: 2022-02-23 12:00:00, Order 11460001038: state = 1 < 2, we can not finish the simulation
2022-02-23 02:37:52,273 [simulator_env.py | 87] INFO: **************************************************
2022-02-23 02:37:52,273 [simulator_env.py | 91] INFO: cur time: 2022-02-23 12:10:00, pre time: 2022-02-23 12:00:00
2022-02-23 02:37:52,273 [simulator_env.py | 147] INFO: Start to update the input of 2022-02-23 12:10:00
2022-02-23 02:37:52,316 [simulator_env.py | 175] INFO: Get 59 unallocated orders, 45 ongoing orders, 1073 completed orders.
2022-02-23 02:37:54,264 [simulator_env.py | 100] INFO: Finish the dispatch.
2022-02-23 02:37:54,271 [simulator_env.py | 278] INFO: 2022-02-23 12:10:00, Order 11555601107: state = 1 < 2, we can not finish the simulation
2022-02-23 02:37:54,276 [simulator_env.py | 87] INFO: **************************************************
2022-02-23 02:37:54,277 [simulator_env.py | 91] INFO: cur time: 2022-02-23 12:20:00, pre time: 2022-02-23 12:10:00
2022-02-23 02:37:54,277 [simulator_env.py | 147] INFO: Start to update the input of 2022-02-23 12:20:00
2022-02-23 02:37:54,319 [simulator_env.py | 175] INFO: Get 40 unallocated orders, 29 ongoing orders, 1142 completed orders.
2022-02-23 02:37:56,329 [simulator_env.py | 100] INFO: Finish the dispatch.
2022-02-23 02:37:56,333 [simulator_env.py | 278] INFO: 2022-02-23 12:20:00, Order 12062601162: state = 1 < 2, we can not finish the simulation
2022-02-23 02:37:56,336 [simulator_env.py | 87] INFO: **************************************************
2022-02-23 02:37:56,336 [simulator_env.py | 91] INFO: cur time: 2022-02-23 12:30:00, pre time: 2022-02-23 12:20:00
2022-02-23 02:37:56,337 [simulator_env.py | 147] INFO: Start to update the input of 2022-02-23 12:30:00
2022-02-23 02:37:56,372 [simulator_env.py | 175] INFO: Get 37 unallocated orders, 28 ongoing orders, 1182 completed orders.
2022-02-23 02:37:58,440 [simulator_env.py | 100] INFO: Finish the dispatch.
2022-02-23 02:37:58,445 [simulator_env.py | 278] INFO: 2022-02-23 12:30:00, Order 12181501206: state = 1 < 2, we can not finish the simulation
2022-02-23 02:37:58,450 [simulator_env.py | 87] INFO: **************************************************
2022-02-23 02:37:58,450 [simulator_env.py | 91] INFO: cur time: 2022-02-23 12:40:00, pre time: 2022-02-23 12:30:00
2022-02-23 02:37:58,454 [simulator_env.py | 147] INFO: Start to update the input of 2022-02-23 12:40:00
2022-02-23 02:37:58,489 [simulator_env.py | 175] INFO: Get 32 unallocated orders, 29 ongoing orders, 1218 completed orders.
2022-02-23 02:38:01,014 [simulator_env.py | 100] INFO: Finish the dispatch.
2022-02-23 02:38:01,020 [simulator_env.py | 278] INFO: 2022-02-23 12:40:00, Order 12300601247: state = 1 < 2, we can not finish the simulation
2022-02-23 02:38:01,023 [simulator_env.py | 87] INFO: **************************************************
2022-02-23 02:38:01,023 [simulator_env.py | 91] INFO: cur time: 2022-02-23 12:50:00, pre time: 2022-02-23 12:40:00
2022-02-23 02:38:01,024 [simulator_env.py | 147] INFO: Start to update the input of 2022-02-23 12:50:00
2022-02-23 02:38:01,056 [simulator_env.py | 175] INFO: Get 32 unallocated orders, 24 ongoing orders, 1255 completed orders.
2022-02-23 02:38:03,225 [simulator_env.py | 100] INFO: Finish the dispatch.
2022-02-23 02:38:03,228 [simulator_env.py | 278] INFO: 2022-02-23 12:50:00, Order 12400801279: state = 1 < 2, we can not finish the simulation
2022-02-23 02:38:03,230 [simulator_env.py | 87] INFO: **************************************************
2022-02-23 02:38:03,230 [simulator_env.py | 91] INFO: cur time: 2022-02-23 13:00:00, pre time: 2022-02-23 12:50:00
2022-02-23 02:38:03,230 [simulator_env.py | 147] INFO: Start to update the input of 2022-02-23 13:00:00
2022-02-23 02:38:03,247 [simulator_env.py | 175] INFO: Get 38 unallocated orders, 22 ongoing orders, 1289 completed orders.
2022-02-23 02:38:05,084 [simulator_env.py | 100] INFO: Finish the dispatch.
2022-02-23 02:38:05,089 [simulator_env.py | 278] INFO: 2022-02-23 13:00:00, Order 12501801311: state = 1 < 2, we can not finish the simulation
2022-02-23 02:38:05,090 [simulator_env.py | 87] INFO: **************************************************
2022-02-23 02:38:05,090 [simulator_env.py | 91] INFO: cur time: 2022-02-23 13:10:00, pre time: 2022-02-23 13:00:00
2022-02-23 02:38:05,090 [simulator_env.py | 147] INFO: Start to update the input of 2022-02-23 13:10:00
2022-02-23 02:38:05,122 [simulator_env.py | 175] INFO: Get 22 unallocated orders, 24 ongoing orders, 1325 completed orders.
2022-02-23 02:38:06,977 [simulator_env.py | 100] INFO: Finish the dispatch.
2022-02-23 02:38:06,980 [simulator_env.py | 278] INFO: 2022-02-23 13:10:00, Order 13000301349: state = 1 < 2, we can not finish the simulation
2022-02-23 02:38:06,982 [simulator_env.py | 87] INFO: **************************************************
2022-02-23 02:38:06,982 [simulator_env.py | 91] INFO: cur time: 2022-02-23 13:20:00, pre time: 2022-02-23 13:10:00
2022-02-23 02:38:06,982 [simulator_env.py | 147] INFO: Start to update the input of 2022-02-23 13:20:00
2022-02-23 02:38:06,999 [simulator_env.py | 175] INFO: Get 31 unallocated orders, 13 ongoing orders, 1358 completed orders.
2022-02-23 02:38:08,854 [simulator_env.py | 100] INFO: Finish the dispatch.
2022-02-23 02:38:08,858 [simulator_env.py | 278] INFO: 2022-02-23 13:20:00, Order 13101701371: state = 1 < 2, we can not finish the simulation
2022-02-23 02:38:08,860 [simulator_env.py | 87] INFO: **************************************************
2022-02-23 02:38:08,860 [simulator_env.py | 91] INFO: cur time: 2022-02-23 13:30:00, pre time: 2022-02-23 13:20:00
2022-02-23 02:38:08,860 [simulator_env.py | 147] INFO: Start to update the input of 2022-02-23 13:30:00
2022-02-23 02:38:08,876 [simulator_env.py | 175] INFO: Get 30 unallocated orders, 18 ongoing orders, 1384 completed orders.
2022-02-23 02:38:10,719 [simulator_env.py | 100] INFO: Finish the dispatch.
2022-02-23 02:38:10,723 [simulator_env.py | 278] INFO: 2022-02-23 13:30:00, Order 13200601402: state = 1 < 2, we can not finish the simulation
2022-02-23 02:38:10,724 [simulator_env.py | 87] INFO: **************************************************
2022-02-23 02:38:10,724 [simulator_env.py | 91] INFO: cur time: 2022-02-23 13:40:00, pre time: 2022-02-23 13:30:00
2022-02-23 02:38:10,724 [simulator_env.py | 147] INFO: Start to update the input of 2022-02-23 13:40:00
2022-02-23 02:38:10,742 [simulator_env.py | 175] INFO: Get 26 unallocated orders, 15 ongoing orders, 1417 completed orders.
2022-02-23 02:38:12,688 [simulator_env.py | 100] INFO: Finish the dispatch.
2022-02-23 02:38:12,692 [simulator_env.py | 278] INFO: 2022-02-23 13:40:00, Order 13302101432: state = 1 < 2, we can not finish the simulation
2022-02-23 02:38:12,694 [simulator_env.py | 87] INFO: **************************************************
2022-02-23 02:38:12,694 [simulator_env.py | 91] INFO: cur time: 2022-02-23 13:50:00, pre time: 2022-02-23 13:40:00
2022-02-23 02:38:12,694 [simulator_env.py | 147] INFO: Start to update the input of 2022-02-23 13:50:00
2022-02-23 02:38:12,715 [simulator_env.py | 175] INFO: Get 23 unallocated orders, 22 ongoing orders, 1436 completed orders.
2022-02-23 02:38:14,510 [simulator_env.py | 100] INFO: Finish the dispatch.
2022-02-23 02:38:14,514 [simulator_env.py | 278] INFO: 2022-02-23 13:50:00, Order 13411001458: state = 1 < 2, we can not finish the simulation
2022-02-23 02:38:14,515 [simulator_env.py | 87] INFO: **************************************************
2022-02-23 02:38:14,516 [simulator_env.py | 91] INFO: cur time: 2022-02-23 14:00:00, pre time: 2022-02-23 13:50:00
2022-02-23 02:38:14,516 [simulator_env.py | 147] INFO: Start to update the input of 2022-02-23 14:00:00
2022-02-23 02:38:14,535 [simulator_env.py | 175] INFO: Get 25 unallocated orders, 18 ongoing orders, 1463 completed orders.
2022-02-23 02:38:16,424 [simulator_env.py | 100] INFO: Finish the dispatch.
2022-02-23 02:38:16,429 [simulator_env.py | 278] INFO: 2022-02-23 14:00:00, Order 13500501481: state = 1 < 2, we can not finish the simulation
2022-02-23 02:38:16,431 [simulator_env.py | 87] INFO: **************************************************
2022-02-23 02:38:16,431 [simulator_env.py | 91] INFO: cur time: 2022-02-23 14:10:00, pre time: 2022-02-23 14:00:00
2022-02-23 02:38:16,431 [simulator_env.py | 147] INFO: Start to update the input of 2022-02-23 14:10:00
2022-02-23 02:38:16,446 [simulator_env.py | 175] INFO: Get 22 unallocated orders, 16 ongoing orders, 1489 completed orders.
2022-02-23 02:38:18,348 [simulator_env.py | 100] INFO: Finish the dispatch.
2022-02-23 02:38:18,352 [simulator_env.py | 278] INFO: 2022-02-23 14:10:00, Order 13514901484: state = 1 < 2, we can not finish the simulation
2022-02-23 02:38:18,352 [simulator_env.py | 87] INFO: **************************************************
2022-02-23 02:38:18,353 [simulator_env.py | 91] INFO: cur time: 2022-02-23 14:20:00, pre time: 2022-02-23 14:10:00
2022-02-23 02:38:18,353 [simulator_env.py | 147] INFO: Start to update the input of 2022-02-23 14:20:00
2022-02-23 02:38:18,370 [simulator_env.py | 175] INFO: Get 16 unallocated orders, 16 ongoing orders, 1511 completed orders.
2022-02-23 02:38:20,206 [simulator_env.py | 100] INFO: Finish the dispatch.
2022-02-23 02:38:20,210 [simulator_env.py | 278] INFO: 2022-02-23 14:20:00, Order 14102801527: state = 1 < 2, we can not finish the simulation
2022-02-23 02:38:20,213 [simulator_env.py | 87] INFO: **************************************************
2022-02-23 02:38:20,213 [simulator_env.py | 91] INFO: cur time: 2022-02-23 14:30:00, pre time: 2022-02-23 14:20:00
2022-02-23 02:38:20,213 [simulator_env.py | 147] INFO: Start to update the input of 2022-02-23 14:30:00
2022-02-23 02:38:20,239 [simulator_env.py | 175] INFO: Get 27 unallocated orders, 14 ongoing orders, 1529 completed orders.
2022-02-23 02:38:22,079 [simulator_env.py | 100] INFO: Finish the dispatch.
2022-02-23 02:38:22,082 [simulator_env.py | 278] INFO: 2022-02-23 14:30:00, Order 14214901543: state = 1 < 2, we can not finish the simulation
2022-02-23 02:38:22,083 [simulator_env.py | 87] INFO: **************************************************
2022-02-23 02:38:22,083 [simulator_env.py | 91] INFO: cur time: 2022-02-23 14:40:00, pre time: 2022-02-23 14:30:00
2022-02-23 02:38:22,083 [simulator_env.py | 147] INFO: Start to update the input of 2022-02-23 14:40:00
2022-02-23 02:38:22,101 [simulator_env.py | 175] INFO: Get 30 unallocated orders, 18 ongoing orders, 1552 completed orders.
2022-02-23 02:38:23,978 [simulator_env.py | 100] INFO: Finish the dispatch.
2022-02-23 02:38:23,982 [simulator_env.py | 278] INFO: 2022-02-23 14:40:00, Order 14300301570: state = 1 < 2, we can not finish the simulation
2022-02-23 02:38:23,983 [simulator_env.py | 87] INFO: **************************************************
2022-02-23 02:38:23,983 [simulator_env.py | 91] INFO: cur time: 2022-02-23 14:50:00, pre time: 2022-02-23 14:40:00
2022-02-23 02:38:23,989 [simulator_env.py | 147] INFO: Start to update the input of 2022-02-23 14:50:00
2022-02-23 02:38:24,011 [simulator_env.py | 175] INFO: Get 28 unallocated orders, 21 ongoing orders, 1578 completed orders.
2022-02-23 02:38:25,900 [simulator_env.py | 100] INFO: Finish the dispatch.
2022-02-23 02:38:25,908 [simulator_env.py | 278] INFO: 2022-02-23 14:50:00, Order 14382601592: state = 1 < 2, we can not finish the simulation
2022-02-23 02:38:25,911 [simulator_env.py | 87] INFO: **************************************************
2022-02-23 02:38:25,912 [simulator_env.py | 91] INFO: cur time: 2022-02-23 15:00:00, pre time: 2022-02-23 14:50:00
2022-02-23 02:38:25,912 [simulator_env.py | 147] INFO: Start to update the input of 2022-02-23 15:00:00
2022-02-23 02:38:25,929 [simulator_env.py | 175] INFO: Get 20 unallocated orders, 17 ongoing orders, 1610 completed orders.
2022-02-23 02:38:27,832 [simulator_env.py | 100] INFO: Finish the dispatch.
2022-02-23 02:38:27,836 [simulator_env.py | 278] INFO: 2022-02-23 15:00:00, Order 14501701627: state = 1 < 2, we can not finish the simulation
2022-02-23 02:38:27,837 [simulator_env.py | 87] INFO: **************************************************
2022-02-23 02:38:27,837 [simulator_env.py | 91] INFO: cur time: 2022-02-23 15:10:00, pre time: 2022-02-23 15:00:00
2022-02-23 02:38:27,837 [simulator_env.py | 147] INFO: Start to update the input of 2022-02-23 15:10:00
2022-02-23 02:38:27,852 [simulator_env.py | 175] INFO: Get 0 unallocated orders, 14 ongoing orders, 1633 completed orders.
2022-02-23 02:38:29,755 [simulator_env.py | 100] INFO: Finish the dispatch.
2022-02-23 02:38:29,758 [simulator_env.py | 281] INFO: 2022-02-23 15:10:00, the status of all orders is greater than 1, we could finish the simulation
2022-02-23 02:38:29,762 [simulator_env.py | 124] INFO: finished the left ongoing orders
2022-02-23 02:38:29,763 [evaluator.py    | 116] INFO: Traveling Distance of driver D_1 is  73.390, visited node list: 31
2022-02-23 02:38:29,764 [evaluator.py    | 116] INFO: Traveling Distance of driver D_2 is  84.670, visited node list: 31
2022-02-23 02:38:29,766 [evaluator.py    | 116] INFO: Traveling Distance of driver D_3 is  119.120, visited node list: 55
2022-02-23 02:38:29,770 [evaluator.py    | 116] INFO: Traveling Distance of driver D_4 is  121.340, visited node list: 44
2022-02-23 02:38:29,771 [evaluator.py    | 116] INFO: Traveling Distance of driver D_5 is  121.460, visited node list: 44
2022-02-23 02:38:29,772 [evaluator.py    | 116] INFO: Traveling Distance of driver D_6 is  131.890, visited node list: 45
2022-02-23 02:38:29,773 [evaluator.py    | 116] INFO: Traveling Distance of driver D_7 is  127.300, visited node list: 44
2022-02-23 02:38:29,773 [evaluator.py    | 116] INFO: Traveling Distance of driver D_8 is  132.550, visited node list: 49
2022-02-23 02:38:29,775 [evaluator.py    | 116] INFO: Traveling Distance of driver D_9 is  129.070, visited node list: 45
2022-02-23 02:38:29,776 [evaluator.py    | 116] INFO: Traveling Distance of driver D_10 is  129.240, visited node list: 49
2022-02-23 02:38:29,778 [evaluator.py    | 116] INFO: Traveling Distance of driver D_11 is  121.840, visited node list: 52
2022-02-23 02:38:29,780 [evaluator.py    | 116] INFO: Traveling Distance of driver D_12 is  131.630, visited node list: 49
2022-02-23 02:38:29,783 [evaluator.py    | 116] INFO: Traveling Distance of driver D_13 is  120.850, visited node list: 43
2022-02-23 02:38:29,784 [evaluator.py    | 116] INFO: Traveling Distance of driver D_14 is  130.210, visited node list: 49
2022-02-23 02:38:29,786 [evaluator.py    | 116] INFO: Traveling Distance of driver D_15 is  132.730, visited node list: 54
2022-02-23 02:38:29,787 [evaluator.py    | 116] INFO: Traveling Distance of driver D_16 is  121.160, visited node list: 49
2022-02-23 02:38:29,788 [evaluator.py    | 116] INFO: Traveling Distance of driver D_17 is  120.520, visited node list: 47
2022-02-23 02:38:29,789 [evaluator.py    | 116] INFO: Traveling Distance of driver D_18 is  124.430, visited node list: 47
2022-02-23 02:38:29,790 [evaluator.py    | 116] INFO: Traveling Distance of driver D_19 is  119.550, visited node list: 48
2022-02-23 02:38:29,791 [evaluator.py    | 116] INFO: Traveling Distance of driver D_20 is  117.370, visited node list: 49
2022-02-23 02:38:29,792 [evaluator.py    | 116] INFO: Traveling Distance of driver D_21 is  133.820, visited node list: 46
2022-02-23 02:38:29,792 [evaluator.py    | 116] INFO: Traveling Distance of driver D_22 is  127.800, visited node list: 45
2022-02-23 02:38:29,793 [evaluator.py    | 116] INFO: Traveling Distance of driver D_23 is  133.880, visited node list: 48
2022-02-23 02:38:29,794 [evaluator.py    | 116] INFO: Traveling Distance of driver D_24 is  111.710, visited node list: 43
2022-02-23 02:38:29,794 [evaluator.py    | 116] INFO: Traveling Distance of driver D_25 is  124.970, visited node list: 45
2022-02-23 02:38:29,795 [evaluator.py    | 116] INFO: Traveling Distance of driver D_26 is  138.860, visited node list: 43
2022-02-23 02:38:29,796 [evaluator.py    | 116] INFO: Traveling Distance of driver D_27 is  124.400, visited node list: 43
2022-02-23 02:38:29,798 [evaluator.py    | 116] INFO: Traveling Distance of driver D_28 is  119.710, visited node list: 43
2022-02-23 02:38:29,801 [evaluator.py    | 116] INFO: Traveling Distance of driver D_29 is  132.570, visited node list: 47
2022-02-23 02:38:29,802 [evaluator.py    | 116] INFO: Traveling Distance of driver D_30 is  120.280, visited node list: 46
2022-02-23 02:38:29,803 [evaluator.py    | 116] INFO: Traveling Distance of driver D_31 is  122.950, visited node list: 44
2022-02-23 02:38:29,803 [evaluator.py    | 116] INFO: Traveling Distance of driver D_32 is  122.270, visited node list: 46
2022-02-23 02:38:29,803 [evaluator.py    | 116] INFO: Traveling Distance of driver D_33 is  112.140, visited node list: 43
2022-02-23 02:38:29,805 [evaluator.py    | 116] INFO: Traveling Distance of driver D_34 is  123.220, visited node list: 46
2022-02-23 02:38:29,806 [evaluator.py    | 116] INFO: Traveling Distance of driver D_35 is  129.980, visited node list: 47
2022-02-23 02:38:29,807 [evaluator.py    | 116] INFO: Traveling Distance of driver D_36 is  105.770, visited node list: 40
2022-02-23 02:38:29,809 [evaluator.py    | 116] INFO: Traveling Distance of driver D_37 is  115.010, visited node list: 45
2022-02-23 02:38:29,810 [evaluator.py    | 116] INFO: Traveling Distance of driver D_38 is  121.750, visited node list: 48
2022-02-23 02:38:29,817 [evaluator.py    | 116] INFO: Traveling Distance of driver D_39 is  109.420, visited node list: 45
2022-02-23 02:38:29,820 [evaluator.py    | 116] INFO: Traveling Distance of driver D_40 is  85.080, visited node list: 35
2022-02-23 02:38:29,821 [evaluator.py    | 116] INFO: Traveling Distance of driver D_41 is  106.030, visited node list: 47
2022-02-23 02:38:29,821 [evaluator.py    | 116] INFO: Traveling Distance of driver D_42 is  120.990, visited node list: 43
2022-02-23 02:38:29,821 [evaluator.py    | 116] INFO: Traveling Distance of driver D_43 is  117.350, visited node list: 47
2022-02-23 02:38:29,824 [evaluator.py    | 116] INFO: Traveling Distance of driver D_44 is  107.460, visited node list: 45
2022-02-23 02:38:29,824 [evaluator.py    | 116] INFO: Traveling Distance of driver D_45 is  93.790, visited node list: 39
2022-02-23 02:38:29,825 [evaluator.py    | 116] INFO: Traveling Distance of driver D_46 is  112.570, visited node list: 41
2022-02-23 02:38:29,825 [evaluator.py    | 116] INFO: Traveling Distance of driver D_47 is  116.290, visited node list: 41
2022-02-23 02:38:29,826 [evaluator.py    | 116] INFO: Traveling Distance of driver D_48 is  109.020, visited node list: 35
2022-02-23 02:38:29,826 [evaluator.py    | 116] INFO: Traveling Distance of driver D_49 is  109.200, visited node list: 39
2022-02-23 02:38:29,827 [evaluator.py    | 116] INFO: Traveling Distance of driver D_50 is  99.680, visited node list: 41
2022-02-23 02:38:29,827 [evaluator.py    | 116] INFO: Traveling Distance of driver D_51 is  77.160, visited node list: 29
2022-02-23 02:38:29,827 [evaluator.py    | 116] INFO: Traveling Distance of driver D_52 is  94.270, visited node list: 39
2022-02-23 02:38:29,828 [evaluator.py    | 116] INFO: Traveling Distance of driver D_53 is  92.560, visited node list: 35
2022-02-23 02:38:29,828 [evaluator.py    | 116] INFO: Traveling Distance of driver D_54 is  92.420, visited node list: 37
2022-02-23 02:38:29,830 [evaluator.py    | 116] INFO: Traveling Distance of driver D_55 is  78.190, visited node list: 29
2022-02-23 02:38:29,831 [evaluator.py    | 116] INFO: Traveling Distance of driver D_56 is  88.490, visited node list: 27
2022-02-23 02:38:29,831 [evaluator.py    | 116] INFO: Traveling Distance of driver D_57 is  81.600, visited node list: 31
2022-02-23 02:38:29,832 [evaluator.py    | 116] INFO: Traveling Distance of driver D_58 is  74.060, visited node list: 27
2022-02-23 02:38:29,835 [evaluator.py    | 116] INFO: Traveling Distance of driver D_59 is  75.960, visited node list: 31
2022-02-23 02:38:29,836 [evaluator.py    | 116] INFO: Traveling Distance of driver D_60 is  82.850, visited node list: 28
2022-02-23 02:38:29,837 [evaluator.py    | 116] INFO: Traveling Distance of driver D_61 is  72.630, visited node list: 35
2022-02-23 02:38:29,838 [evaluator.py    | 116] INFO: Traveling Distance of driver D_62 is  77.790, visited node list: 27
2022-02-23 02:38:29,838 [evaluator.py    | 116] INFO: Traveling Distance of driver D_63 is  73.730, visited node list: 27
2022-02-23 02:38:29,838 [evaluator.py    | 116] INFO: Traveling Distance of driver D_64 is  80.330, visited node list: 27
2022-02-23 02:38:29,839 [evaluator.py    | 116] INFO: Traveling Distance of driver D_65 is  59.050, visited node list: 23
2022-02-23 02:38:29,839 [evaluator.py    | 116] INFO: Traveling Distance of driver D_66 is  66.310, visited node list: 29
2022-02-23 02:38:29,839 [evaluator.py    | 116] INFO: Traveling Distance of driver D_67 is  75.570, visited node list: 27
2022-02-23 02:38:29,840 [evaluator.py    | 116] INFO: Traveling Distance of driver D_68 is  69.320, visited node list: 27
2022-02-23 02:38:29,840 [evaluator.py    | 116] INFO: Traveling Distance of driver D_69 is  69.260, visited node list: 27
2022-02-23 02:38:29,841 [evaluator.py    | 116] INFO: Traveling Distance of driver D_70 is  68.980, visited node list: 25
2022-02-23 02:38:29,841 [evaluator.py    | 116] INFO: Traveling Distance of driver D_71 is  67.820, visited node list: 25
2022-02-23 02:38:29,842 [evaluator.py    | 116] INFO: Traveling Distance of driver D_72 is  68.210, visited node list: 27
2022-02-23 02:38:29,844 [evaluator.py    | 116] INFO: Traveling Distance of driver D_73 is  62.690, visited node list: 23
2022-02-23 02:38:29,844 [evaluator.py    | 116] INFO: Traveling Distance of driver D_74 is  58.880, visited node list: 25
2022-02-23 02:38:29,845 [evaluator.py    | 116] INFO: Traveling Distance of driver D_75 is  64.140, visited node list: 29
2022-02-23 02:38:29,846 [evaluator.py    | 116] INFO: Traveling Distance of driver D_76 is  62.720, visited node list: 22
2022-02-23 02:38:29,846 [evaluator.py    | 116] INFO: Traveling Distance of driver D_77 is  57.870, visited node list: 23
2022-02-23 02:38:29,846 [evaluator.py    | 116] INFO: Traveling Distance of driver D_78 is  61.320, visited node list: 21
2022-02-23 02:38:29,847 [evaluator.py    | 116] INFO: Traveling Distance of driver D_79 is  52.300, visited node list: 19
2022-02-23 02:38:29,848 [evaluator.py    | 116] INFO: Traveling Distance of driver D_80 is  54.660, visited node list: 27
2022-02-23 02:38:29,849 [evaluator.py    | 116] INFO: Traveling Distance of driver D_81 is  61.080, visited node list: 24
2022-02-23 02:38:29,850 [evaluator.py    | 116] INFO: Traveling Distance of driver D_82 is  54.670, visited node list: 21
2022-02-23 02:38:29,851 [evaluator.py    | 116] INFO: Traveling Distance of driver D_83 is  61.010, visited node list: 23
2022-02-23 02:38:29,852 [evaluator.py    | 116] INFO: Traveling Distance of driver D_84 is  58.860, visited node list: 25
2022-02-23 02:38:29,854 [evaluator.py    | 116] INFO: Traveling Distance of driver D_85 is  63.600, visited node list: 25
2022-02-23 02:38:29,860 [evaluator.py    | 116] INFO: Traveling Distance of driver D_86 is  54.540, visited node list: 21
2022-02-23 02:38:29,860 [evaluator.py    | 116] INFO: Traveling Distance of driver D_87 is  51.420, visited node list: 23
2022-02-23 02:38:29,862 [evaluator.py    | 116] INFO: Traveling Distance of driver D_88 is  49.160, visited node list: 17
2022-02-23 02:38:29,863 [evaluator.py    | 116] INFO: Traveling Distance of driver D_89 is  61.900, visited node list: 23
2022-02-23 02:38:29,864 [evaluator.py    | 116] INFO: Traveling Distance of driver D_90 is  51.020, visited node list: 23
2022-02-23 02:38:29,866 [evaluator.py    | 116] INFO: Traveling Distance of driver D_91 is  56.730, visited node list: 21
2022-02-23 02:38:29,867 [evaluator.py    | 116] INFO: Traveling Distance of driver D_92 is  61.980, visited node list: 23
2022-02-23 02:38:29,869 [evaluator.py    | 116] INFO: Traveling Distance of driver D_93 is  50.630, visited node list: 23
2022-02-23 02:38:29,869 [evaluator.py    | 116] INFO: Traveling Distance of driver D_94 is  52.480, visited node list: 17
2022-02-23 02:38:29,870 [evaluator.py    | 116] INFO: Traveling Distance of driver D_95 is  61.670, visited node list: 21
2022-02-23 02:38:29,870 [evaluator.py    | 18] INFO: Total distance:  8930.180
2022-02-23 02:38:30,034 [evaluator.py    | 22] INFO: Sum over time:  945.000
2022-02-23 02:38:30,034 [evaluator.py    | 26] INFO: Total score:  2719.002
2022-02-23 02:38:30,247 [main.py         | 43] INFO: Score of instance_28: 2719.001894736842
