2022-02-23 10:18:07,055 [main.py         | 38] INFO: Start to run /Users/yangjingfeng/Library/CloudStorage/OneDrive-Personal/Public/PhD Study/Papers/Food_Delivery/Code/Food_delivery_simulator/Benchmark/Instance_medium: instance_57
2022-02-23 10:18:07,056 [simulator_api.py | 43] INFO: Start time of the simulator: 2022-02-23 09:00:00, time interval:  600.00
2022-02-23 10:18:07,443 [input_utils.py  | 35] INFO: Get 3052 locations
2022-02-23 10:18:07,459 [input_utils.py  | 39] INFO: Get 100 drivers
2022-02-23 10:18:07,854 [input_utils.py  | 43] INFO: Get 1847 orders
2022-02-23 10:18:07,854 [simulator_api.py | 75] INFO: Initial position of D_1 is 371 Beach Rd, Singapore 199597, Singapore
2022-02-23 10:18:07,854 [simulator_api.py | 75] INFO: Initial position of D_2 is Bukit Merah View Market & Hawker Centre
2022-02-23 10:18:07,855 [simulator_api.py | 75] INFO: Initial position of D_3 is 417 River Valley Rd, Singapore 248316, Singapore
2022-02-23 10:18:07,855 [simulator_api.py | 75] INFO: Initial position of D_4 is 54 South Bridge Rd, Singapore 058685, Singapore
2022-02-23 10:18:07,855 [simulator_api.py | 75] INFO: Initial position of D_5 is Bukit Merah View Market & Hawker Centre
2022-02-23 10:18:07,855 [simulator_api.py | 75] INFO: Initial position of D_6 is Maxwell Food Centre
2022-02-23 10:18:07,855 [simulator_api.py | 75] INFO: Initial position of D_7 is Alexandra Village Food Centre
2022-02-23 10:18:07,855 [simulator_api.py | 75] INFO: Initial position of D_8 is Golden Mile Food Centre
2022-02-23 10:18:07,855 [simulator_api.py | 75] INFO: Initial position of D_9 is Amoy Street Food Centre
2022-02-23 10:18:07,855 [simulator_api.py | 75] INFO: Initial position of D_10 is Bukit Merah View Market & Hawker Centre
2022-02-23 10:18:07,855 [simulator_api.py | 75] INFO: Initial position of D_11 is 54 South Bridge Rd, Singapore 058685, Singapore
2022-02-23 10:18:07,855 [simulator_api.py | 75] INFO: Initial position of D_12 is 417 River Valley Rd, Singapore 248316, Singapore
2022-02-23 10:18:07,855 [simulator_api.py | 75] INFO: Initial position of D_13 is 371 Beach Rd, Singapore 199597, Singapore
2022-02-23 10:18:07,855 [simulator_api.py | 75] INFO: Initial position of D_14 is Alexandra Village Food Centre
2022-02-23 10:18:07,855 [simulator_api.py | 75] INFO: Initial position of D_15 is Amoy Street Food Centre
2022-02-23 10:18:07,855 [simulator_api.py | 75] INFO: Initial position of D_16 is Tiong Bahru Market
2022-02-23 10:18:07,856 [simulator_api.py | 75] INFO: Initial position of D_17 is 66 Kg Bugis, Singapore 338987, Singapore
2022-02-23 10:18:07,856 [simulator_api.py | 75] INFO: Initial position of D_18 is 54 South Bridge Rd, Singapore 058685, Singapore
2022-02-23 10:18:07,856 [simulator_api.py | 75] INFO: Initial position of D_19 is 54 South Bridge Rd, Singapore 058685, Singapore
2022-02-23 10:18:07,856 [simulator_api.py | 75] INFO: Initial position of D_20 is 37 Cuppage Rd, Singapore 229460, Singapore
2022-02-23 10:18:07,856 [simulator_api.py | 75] INFO: Initial position of D_21 is Golden Mile Food Centre
2022-02-23 10:18:07,856 [simulator_api.py | 75] INFO: Initial position of D_22 is Old Airport Road Food Centre
2022-02-23 10:18:07,857 [simulator_api.py | 75] INFO: Initial position of D_23 is Alexandra Village Food Centre
2022-02-23 10:18:07,857 [simulator_api.py | 75] INFO: Initial position of D_24 is Old Airport Road Food Centre
2022-02-23 10:18:07,858 [simulator_api.py | 75] INFO: Initial position of D_25 is 417 River Valley Rd, Singapore 248316, Singapore
2022-02-23 10:18:07,858 [simulator_api.py | 75] INFO: Initial position of D_26 is Hong Lim Food Centre
2022-02-23 10:18:07,858 [simulator_api.py | 75] INFO: Initial position of D_27 is 66 Kg Bugis, Singapore 338987, Singapore
2022-02-23 10:18:07,858 [simulator_api.py | 75] INFO: Initial position of D_28 is 417 River Valley Rd, Singapore 248316, Singapore
2022-02-23 10:18:07,858 [simulator_api.py | 75] INFO: Initial position of D_29 is Alexandra Village Food Centre
2022-02-23 10:18:07,858 [simulator_api.py | 75] INFO: Initial position of D_30 is 54 South Bridge Rd, Singapore 058685, Singapore
2022-02-23 10:18:07,858 [simulator_api.py | 75] INFO: Initial position of D_31 is Golden Mile Food Centre
2022-02-23 10:18:07,858 [simulator_api.py | 75] INFO: Initial position of D_32 is 36 Boat Quay, Singapore 049825, Singapore
2022-02-23 10:18:07,858 [simulator_api.py | 75] INFO: Initial position of D_33 is 417 River Valley Rd, Singapore 248316, Singapore
2022-02-23 10:18:07,858 [simulator_api.py | 75] INFO: Initial position of D_34 is 66 Kg Bugis, Singapore 338987, Singapore
2022-02-23 10:18:07,858 [simulator_api.py | 75] INFO: Initial position of D_35 is 54 South Bridge Rd, Singapore 058685, Singapore
2022-02-23 10:18:07,859 [simulator_api.py | 75] INFO: Initial position of D_36 is Old Airport Road Food Centre
2022-02-23 10:18:07,859 [simulator_api.py | 75] INFO: Initial position of D_37 is Alexandra Village Food Centre
2022-02-23 10:18:07,859 [simulator_api.py | 75] INFO: Initial position of D_38 is Hong Lim Food Centre
2022-02-23 10:18:07,859 [simulator_api.py | 75] INFO: Initial position of D_39 is 36 Boat Quay, Singapore 049825, Singapore
2022-02-23 10:18:07,859 [simulator_api.py | 75] INFO: Initial position of D_40 is Hong Lim Food Centre
2022-02-23 10:18:07,859 [simulator_api.py | 75] INFO: Initial position of D_41 is 54 South Bridge Rd, Singapore 058685, Singapore
2022-02-23 10:18:07,860 [simulator_api.py | 75] INFO: Initial position of D_42 is 371 Beach Rd, Singapore 199597, Singapore
2022-02-23 10:18:07,861 [simulator_api.py | 75] INFO: Initial position of D_43 is Zion Riverside Food Centre
2022-02-23 10:18:07,861 [simulator_api.py | 75] INFO: Initial position of D_44 is Tiong Bahru Market
2022-02-23 10:18:07,861 [simulator_api.py | 75] INFO: Initial position of D_45 is Amoy Street Food Centre
2022-02-23 10:18:07,861 [simulator_api.py | 75] INFO: Initial position of D_46 is Golden Mile Food Centre
2022-02-23 10:18:07,861 [simulator_api.py | 75] INFO: Initial position of D_47 is Hong Lim Food Centre
2022-02-23 10:18:07,861 [simulator_api.py | 75] INFO: Initial position of D_48 is Tiong Bahru Market
2022-02-23 10:18:07,861 [simulator_api.py | 75] INFO: Initial position of D_49 is Bukit Merah View Market & Hawker Centre
2022-02-23 10:18:07,862 [simulator_api.py | 75] INFO: Initial position of D_50 is Tiong Bahru Market
2022-02-23 10:18:07,862 [simulator_api.py | 75] INFO: Initial position of D_51 is 66 Kg Bugis, Singapore 338987, Singapore
2022-02-23 10:18:07,862 [simulator_api.py | 75] INFO: Initial position of D_52 is Zion Riverside Food Centre
2022-02-23 10:18:07,862 [simulator_api.py | 75] INFO: Initial position of D_53 is 54 South Bridge Rd, Singapore 058685, Singapore
2022-02-23 10:18:07,862 [simulator_api.py | 75] INFO: Initial position of D_54 is 37 Cuppage Rd, Singapore 229460, Singapore
2022-02-23 10:18:07,863 [simulator_api.py | 75] INFO: Initial position of D_55 is Golden Mile Food Centre
2022-02-23 10:18:07,863 [simulator_api.py | 75] INFO: Initial position of D_56 is Amoy Street Food Centre
2022-02-23 10:18:07,863 [simulator_api.py | 75] INFO: Initial position of D_57 is Amoy Street Food Centre
2022-02-23 10:18:07,863 [simulator_api.py | 75] INFO: Initial position of D_58 is 371 Beach Rd, Singapore 199597, Singapore
2022-02-23 10:18:07,863 [simulator_api.py | 75] INFO: Initial position of D_59 is Golden Mile Food Centre
2022-02-23 10:18:07,864 [simulator_api.py | 75] INFO: Initial position of D_60 is Alexandra Village Food Centre
2022-02-23 10:18:07,864 [simulator_api.py | 75] INFO: Initial position of D_61 is Maxwell Food Centre
2022-02-23 10:18:07,864 [simulator_api.py | 75] INFO: Initial position of D_62 is 417 River Valley Rd, Singapore 248316, Singapore
2022-02-23 10:18:07,864 [simulator_api.py | 75] INFO: Initial position of D_63 is 54 South Bridge Rd, Singapore 058685, Singapore
2022-02-23 10:18:07,864 [simulator_api.py | 75] INFO: Initial position of D_64 is Golden Mile Food Centre
2022-02-23 10:18:07,865 [simulator_api.py | 75] INFO: Initial position of D_65 is 54 South Bridge Rd, Singapore 058685, Singapore
2022-02-23 10:18:07,865 [simulator_api.py | 75] INFO: Initial position of D_66 is Maxwell Food Centre
2022-02-23 10:18:07,865 [simulator_api.py | 75] INFO: Initial position of D_67 is Hong Lim Food Centre
2022-02-23 10:18:07,865 [simulator_api.py | 75] INFO: Initial position of D_68 is 36 Boat Quay, Singapore 049825, Singapore
2022-02-23 10:18:07,865 [simulator_api.py | 75] INFO: Initial position of D_69 is 371 Beach Rd, Singapore 199597, Singapore
2022-02-23 10:18:07,865 [simulator_api.py | 75] INFO: Initial position of D_70 is Bukit Merah View Market & Hawker Centre
2022-02-23 10:18:07,865 [simulator_api.py | 75] INFO: Initial position of D_71 is 36 Boat Quay, Singapore 049825, Singapore
2022-02-23 10:18:07,865 [simulator_api.py | 75] INFO: Initial position of D_72 is 371 Beach Rd, Singapore 199597, Singapore
2022-02-23 10:18:07,865 [simulator_api.py | 75] INFO: Initial position of D_73 is 417 River Valley Rd, Singapore 248316, Singapore
2022-02-23 10:18:07,865 [simulator_api.py | 75] INFO: Initial position of D_74 is Zion Riverside Food Centre
2022-02-23 10:18:07,866 [simulator_api.py | 75] INFO: Initial position of D_75 is Zion Riverside Food Centre
2022-02-23 10:18:07,866 [simulator_api.py | 75] INFO: Initial position of D_76 is Maxwell Food Centre
2022-02-23 10:18:07,866 [simulator_api.py | 75] INFO: Initial position of D_77 is 66 Kg Bugis, Singapore 338987, Singapore
2022-02-23 10:18:07,866 [simulator_api.py | 75] INFO: Initial position of D_78 is Amoy Street Food Centre
2022-02-23 10:18:07,866 [simulator_api.py | 75] INFO: Initial position of D_79 is 371 Beach Rd, Singapore 199597, Singapore
2022-02-23 10:18:07,866 [simulator_api.py | 75] INFO: Initial position of D_80 is 371 Beach Rd, Singapore 199597, Singapore
2022-02-23 10:18:07,866 [simulator_api.py | 75] INFO: Initial position of D_81 is Tiong Bahru Market
2022-02-23 10:18:07,866 [simulator_api.py | 75] INFO: Initial position of D_82 is 37 Cuppage Rd, Singapore 229460, Singapore
2022-02-23 10:18:07,866 [simulator_api.py | 75] INFO: Initial position of D_83 is 36 Boat Quay, Singapore 049825, Singapore
2022-02-23 10:18:07,866 [simulator_api.py | 75] INFO: Initial position of D_84 is Tiong Bahru Market
2022-02-23 10:18:07,866 [simulator_api.py | 75] INFO: Initial position of D_85 is 36 Boat Quay, Singapore 049825, Singapore
2022-02-23 10:18:07,866 [simulator_api.py | 75] INFO: Initial position of D_86 is 371 Beach Rd, Singapore 199597, Singapore
2022-02-23 10:18:07,866 [simulator_api.py | 75] INFO: Initial position of D_87 is Hong Lim Food Centre
2022-02-23 10:18:07,867 [simulator_api.py | 75] INFO: Initial position of D_88 is 37 Cuppage Rd, Singapore 229460, Singapore
2022-02-23 10:18:07,867 [simulator_api.py | 75] INFO: Initial position of D_89 is 54 South Bridge Rd, Singapore 058685, Singapore
2022-02-23 10:18:07,867 [simulator_api.py | 75] INFO: Initial position of D_90 is 66 Kg Bugis, Singapore 338987, Singapore
2022-02-23 10:18:07,867 [simulator_api.py | 75] INFO: Initial position of D_91 is 37 Cuppage Rd, Singapore 229460, Singapore
2022-02-23 10:18:07,867 [simulator_api.py | 75] INFO: Initial position of D_92 is 37 Cuppage Rd, Singapore 229460, Singapore
2022-02-23 10:18:07,867 [simulator_api.py | 75] INFO: Initial position of D_93 is 417 River Valley Rd, Singapore 248316, Singapore
2022-02-23 10:18:07,867 [simulator_api.py | 75] INFO: Initial position of D_94 is Old Airport Road Food Centre
2022-02-23 10:18:07,867 [simulator_api.py | 75] INFO: Initial position of D_95 is 417 River Valley Rd, Singapore 248316, Singapore
2022-02-23 10:18:07,867 [simulator_api.py | 75] INFO: Initial position of D_96 is Golden Mile Food Centre
2022-02-23 10:18:07,867 [simulator_api.py | 75] INFO: Initial position of D_97 is Amoy Street Food Centre
2022-02-23 10:18:07,867 [simulator_api.py | 75] INFO: Initial position of D_98 is Hong Lim Food Centre
2022-02-23 10:18:07,868 [simulator_api.py | 75] INFO: Initial position of D_99 is Hong Lim Food Centre
2022-02-23 10:18:07,868 [simulator_api.py | 75] INFO: Initial position of D_100 is Tiong Bahru Market
2022-02-23 10:18:07,891 [simulator_env.py | 87] INFO: **************************************************
2022-02-23 10:18:07,891 [simulator_env.py | 91] INFO: cur time: 2022-02-23 09:10:00, pre time: 2022-02-23 09:00:00
2022-02-23 10:18:07,891 [simulator_env.py | 147] INFO: Start to update the input of 2022-02-23 09:10:00
2022-02-23 10:18:07,894 [simulator_env.py | 175] INFO: Get 53 unallocated orders, 0 ongoing orders, 0 completed orders.
2022-02-23 10:18:09,980 [simulator_env.py | 100] INFO: Finish the dispatch.
2022-02-23 10:18:09,981 [simulator_env.py | 278] INFO: 2022-02-23 09:10:00, Order 09000100000: state = 1 < 2, we can not finish the simulation
2022-02-23 10:18:09,982 [simulator_env.py | 87] INFO: **************************************************
2022-02-23 10:18:09,982 [simulator_env.py | 91] INFO: cur time: 2022-02-23 09:20:00, pre time: 2022-02-23 09:10:00
2022-02-23 10:18:09,982 [simulator_env.py | 147] INFO: Start to update the input of 2022-02-23 09:20:00
2022-02-23 10:18:10,002 [simulator_env.py | 175] INFO: Get 59 unallocated orders, 26 ongoing orders, 27 completed orders.
2022-02-23 10:18:12,244 [simulator_env.py | 100] INFO: Finish the dispatch.
2022-02-23 10:18:12,248 [simulator_env.py | 278] INFO: 2022-02-23 09:20:00, Order 09100300053: state = 1 < 2, we can not finish the simulation
2022-02-23 10:18:12,249 [simulator_env.py | 87] INFO: **************************************************
2022-02-23 10:18:12,249 [simulator_env.py | 91] INFO: cur time: 2022-02-23 09:30:00, pre time: 2022-02-23 09:20:00
2022-02-23 10:18:12,249 [simulator_env.py | 147] INFO: Start to update the input of 2022-02-23 09:30:00
2022-02-23 10:18:12,293 [simulator_env.py | 175] INFO: Get 46 unallocated orders, 37 ongoing orders, 75 completed orders.
2022-02-23 10:18:14,531 [simulator_env.py | 100] INFO: Finish the dispatch.
2022-02-23 10:18:14,537 [simulator_env.py | 278] INFO: 2022-02-23 09:30:00, Order 09205800112: state = 1 < 2, we can not finish the simulation
2022-02-23 10:18:14,539 [simulator_env.py | 87] INFO: **************************************************
2022-02-23 10:18:14,539 [simulator_env.py | 91] INFO: cur time: 2022-02-23 09:40:00, pre time: 2022-02-23 09:30:00
2022-02-23 10:18:14,539 [simulator_env.py | 147] INFO: Start to update the input of 2022-02-23 09:40:00
2022-02-23 10:18:14,606 [simulator_env.py | 175] INFO: Get 62 unallocated orders, 35 ongoing orders, 123 completed orders.
2022-02-23 10:18:16,799 [simulator_env.py | 100] INFO: Finish the dispatch.
2022-02-23 10:18:16,807 [simulator_env.py | 278] INFO: 2022-02-23 09:40:00, Order 09300300158: state = 1 < 2, we can not finish the simulation
2022-02-23 10:18:16,809 [simulator_env.py | 87] INFO: **************************************************
2022-02-23 10:18:16,810 [simulator_env.py | 91] INFO: cur time: 2022-02-23 09:50:00, pre time: 2022-02-23 09:40:00
2022-02-23 10:18:16,810 [simulator_env.py | 147] INFO: Start to update the input of 2022-02-23 09:50:00
2022-02-23 10:18:16,883 [simulator_env.py | 175] INFO: Get 68 unallocated orders, 35 ongoing orders, 185 completed orders.
2022-02-23 10:18:19,074 [simulator_env.py | 100] INFO: Finish the dispatch.
2022-02-23 10:18:19,078 [simulator_env.py | 278] INFO: 2022-02-23 09:50:00, Order 09400100220: state = 1 < 2, we can not finish the simulation
2022-02-23 10:18:19,079 [simulator_env.py | 87] INFO: **************************************************
2022-02-23 10:18:19,079 [simulator_env.py | 91] INFO: cur time: 2022-02-23 10:00:00, pre time: 2022-02-23 09:50:00
2022-02-23 10:18:19,080 [simulator_env.py | 147] INFO: Start to update the input of 2022-02-23 10:00:00
2022-02-23 10:18:19,148 [simulator_env.py | 175] INFO: Get 82 unallocated orders, 39 ongoing orders, 247 completed orders.
2022-02-23 10:18:21,530 [simulator_env.py | 100] INFO: Finish the dispatch.
2022-02-23 10:18:21,536 [simulator_env.py | 278] INFO: 2022-02-23 10:00:00, Order 09492800284: state = 1 < 2, we can not finish the simulation
2022-02-23 10:18:21,538 [simulator_env.py | 87] INFO: **************************************************
2022-02-23 10:18:21,539 [simulator_env.py | 91] INFO: cur time: 2022-02-23 10:10:00, pre time: 2022-02-23 10:00:00
2022-02-23 10:18:21,539 [simulator_env.py | 147] INFO: Start to update the input of 2022-02-23 10:10:00
2022-02-23 10:18:21,660 [simulator_env.py | 175] INFO: Get 95 unallocated orders, 42 ongoing orders, 311 completed orders.
2022-02-23 10:18:23,899 [simulator_env.py | 100] INFO: Finish the dispatch.
2022-02-23 10:18:23,906 [simulator_env.py | 278] INFO: 2022-02-23 10:10:00, Order 09581100349: state = 1 < 2, we can not finish the simulation
2022-02-23 10:18:23,909 [simulator_env.py | 87] INFO: **************************************************
2022-02-23 10:18:23,910 [simulator_env.py | 91] INFO: cur time: 2022-02-23 10:20:00, pre time: 2022-02-23 10:10:00
2022-02-23 10:18:23,910 [simulator_env.py | 147] INFO: Start to update the input of 2022-02-23 10:20:00
2022-02-23 10:18:24,029 [simulator_env.py | 175] INFO: Get 95 unallocated orders, 51 ongoing orders, 377 completed orders.
2022-02-23 10:18:26,381 [simulator_env.py | 100] INFO: Finish the dispatch.
2022-02-23 10:18:26,389 [simulator_env.py | 278] INFO: 2022-02-23 10:20:00, Order 10053300409: state = 1 < 2, we can not finish the simulation
2022-02-23 10:18:26,391 [simulator_env.py | 87] INFO: **************************************************
2022-02-23 10:18:26,391 [simulator_env.py | 91] INFO: cur time: 2022-02-23 10:30:00, pre time: 2022-02-23 10:20:00
2022-02-23 10:18:26,391 [simulator_env.py | 147] INFO: Start to update the input of 2022-02-23 10:30:00
2022-02-23 10:18:26,484 [simulator_env.py | 175] INFO: Get 82 unallocated orders, 38 ongoing orders, 460 completed orders.
2022-02-23 10:18:28,824 [simulator_env.py | 100] INFO: Finish the dispatch.
2022-02-23 10:18:28,830 [simulator_env.py | 278] INFO: 2022-02-23 10:30:00, Order 10120200462: state = 1 < 2, we can not finish the simulation
2022-02-23 10:18:28,832 [simulator_env.py | 87] INFO: **************************************************
2022-02-23 10:18:28,833 [simulator_env.py | 91] INFO: cur time: 2022-02-23 10:40:00, pre time: 2022-02-23 10:30:00
2022-02-23 10:18:28,833 [simulator_env.py | 147] INFO: Start to update the input of 2022-02-23 10:40:00
2022-02-23 10:18:28,895 [simulator_env.py | 175] INFO: Get 89 unallocated orders, 47 ongoing orders, 521 completed orders.
2022-02-23 10:18:31,197 [simulator_env.py | 100] INFO: Finish the dispatch.
2022-02-23 10:18:31,204 [simulator_env.py | 278] INFO: 2022-02-23 10:40:00, Order 10190700518: state = 1 < 2, we can not finish the simulation
2022-02-23 10:18:31,207 [simulator_env.py | 87] INFO: **************************************************
2022-02-23 10:18:31,208 [simulator_env.py | 91] INFO: cur time: 2022-02-23 10:50:00, pre time: 2022-02-23 10:40:00
2022-02-23 10:18:31,208 [simulator_env.py | 147] INFO: Start to update the input of 2022-02-23 10:50:00
2022-02-23 10:18:31,299 [simulator_env.py | 175] INFO: Get 109 unallocated orders, 37 ongoing orders, 598 completed orders.
2022-02-23 10:18:33,655 [simulator_env.py | 100] INFO: Finish the dispatch.
2022-02-23 10:18:33,663 [simulator_env.py | 278] INFO: 2022-02-23 10:50:00, Order 10361700620: state = 1 < 2, we can not finish the simulation
2022-02-23 10:18:33,665 [simulator_env.py | 87] INFO: **************************************************
2022-02-23 10:18:33,666 [simulator_env.py | 91] INFO: cur time: 2022-02-23 11:00:00, pre time: 2022-02-23 10:50:00
2022-02-23 10:18:33,666 [simulator_env.py | 147] INFO: Start to update the input of 2022-02-23 11:00:00
2022-02-23 10:18:33,811 [simulator_env.py | 175] INFO: Get 98 unallocated orders, 53 ongoing orders, 666 completed orders.
2022-02-23 10:18:36,055 [simulator_env.py | 100] INFO: Finish the dispatch.
2022-02-23 10:18:36,062 [simulator_env.py | 278] INFO: 2022-02-23 11:00:00, Order 10440900701: state = 1 < 2, we can not finish the simulation
2022-02-23 10:18:36,065 [simulator_env.py | 87] INFO: **************************************************
2022-02-23 10:18:36,065 [simulator_env.py | 91] INFO: cur time: 2022-02-23 11:10:00, pre time: 2022-02-23 11:00:00
2022-02-23 10:18:36,065 [simulator_env.py | 147] INFO: Start to update the input of 2022-02-23 11:10:00
2022-02-23 10:18:36,161 [simulator_env.py | 175] INFO: Get 121 unallocated orders, 41 ongoing orders, 745 completed orders.
2022-02-23 10:18:38,479 [simulator_env.py | 100] INFO: Finish the dispatch.
2022-02-23 10:18:38,484 [simulator_env.py | 278] INFO: 2022-02-23 11:10:00, Order 10481600732: state = 1 < 2, we can not finish the simulation
2022-02-23 10:18:38,487 [simulator_env.py | 87] INFO: **************************************************
2022-02-23 10:18:38,488 [simulator_env.py | 91] INFO: cur time: 2022-02-23 11:20:00, pre time: 2022-02-23 11:10:00
2022-02-23 10:18:38,488 [simulator_env.py | 147] INFO: Start to update the input of 2022-02-23 11:20:00
2022-02-23 10:18:38,593 [simulator_env.py | 175] INFO: Get 111 unallocated orders, 66 ongoing orders, 809 completed orders.
2022-02-23 10:18:40,792 [simulator_env.py | 100] INFO: Finish the dispatch.
2022-02-23 10:18:40,801 [simulator_env.py | 278] INFO: 2022-02-23 11:20:00, Order 11030200844: state = 1 < 2, we can not finish the simulation
2022-02-23 10:18:40,805 [simulator_env.py | 87] INFO: **************************************************
2022-02-23 10:18:40,805 [simulator_env.py | 91] INFO: cur time: 2022-02-23 11:30:00, pre time: 2022-02-23 11:20:00
2022-02-23 10:18:40,806 [simulator_env.py | 147] INFO: Start to update the input of 2022-02-23 11:30:00
2022-02-23 10:18:40,912 [simulator_env.py | 175] INFO: Get 120 unallocated orders, 59 ongoing orders, 891 completed orders.
2022-02-23 10:18:43,164 [simulator_env.py | 100] INFO: Finish the dispatch.
2022-02-23 10:18:43,172 [simulator_env.py | 278] INFO: 2022-02-23 11:30:00, Order 11081700891: state = 1 < 2, we can not finish the simulation
2022-02-23 10:18:43,176 [simulator_env.py | 87] INFO: **************************************************
2022-02-23 10:18:43,176 [simulator_env.py | 91] INFO: cur time: 2022-02-23 11:40:00, pre time: 2022-02-23 11:30:00
2022-02-23 10:18:43,176 [simulator_env.py | 147] INFO: Start to update the input of 2022-02-23 11:40:00
2022-02-23 10:18:43,280 [simulator_env.py | 175] INFO: Get 116 unallocated orders, 68 ongoing orders, 961 completed orders.
2022-02-23 10:18:45,605 [simulator_env.py | 100] INFO: Finish the dispatch.
2022-02-23 10:18:45,610 [simulator_env.py | 278] INFO: 2022-02-23 11:40:00, Order 11164400959: state = 1 < 2, we can not finish the simulation
2022-02-23 10:18:45,613 [simulator_env.py | 87] INFO: **************************************************
2022-02-23 10:18:45,613 [simulator_env.py | 91] INFO: cur time: 2022-02-23 11:50:00, pre time: 2022-02-23 11:40:00
2022-02-23 10:18:45,613 [simulator_env.py | 147] INFO: Start to update the input of 2022-02-23 11:50:00
2022-02-23 10:18:45,715 [simulator_env.py | 175] INFO: Get 97 unallocated orders, 76 ongoing orders, 1034 completed orders.
2022-02-23 10:18:47,983 [simulator_env.py | 100] INFO: Finish the dispatch.
2022-02-23 10:18:47,991 [simulator_env.py | 278] INFO: 2022-02-23 11:50:00, Order 11292201064: state = 1 < 2, we can not finish the simulation
2022-02-23 10:18:47,994 [simulator_env.py | 87] INFO: **************************************************
2022-02-23 10:18:47,994 [simulator_env.py | 91] INFO: cur time: 2022-02-23 12:00:00, pre time: 2022-02-23 11:50:00
2022-02-23 10:18:47,995 [simulator_env.py | 147] INFO: Start to update the input of 2022-02-23 12:00:00
2022-02-23 10:18:48,068 [simulator_env.py | 175] INFO: Get 93 unallocated orders, 64 ongoing orders, 1114 completed orders.
2022-02-23 10:18:50,350 [simulator_env.py | 100] INFO: Finish the dispatch.
2022-02-23 10:18:50,357 [simulator_env.py | 278] INFO: 2022-02-23 12:00:00, Order 11354701115: state = 1 < 2, we can not finish the simulation
2022-02-23 10:18:50,361 [simulator_env.py | 87] INFO: **************************************************
2022-02-23 10:18:50,361 [simulator_env.py | 91] INFO: cur time: 2022-02-23 12:10:00, pre time: 2022-02-23 12:00:00
2022-02-23 10:18:50,361 [simulator_env.py | 147] INFO: Start to update the input of 2022-02-23 12:10:00
2022-02-23 10:18:50,422 [simulator_env.py | 175] INFO: Get 75 unallocated orders, 53 ongoing orders, 1187 completed orders.
2022-02-23 10:18:52,636 [simulator_env.py | 100] INFO: Finish the dispatch.
2022-02-23 10:18:52,641 [simulator_env.py | 278] INFO: 2022-02-23 12:10:00, Order 11501401208: state = 1 < 2, we can not finish the simulation
2022-02-23 10:18:52,643 [simulator_env.py | 87] INFO: **************************************************
2022-02-23 10:18:52,643 [simulator_env.py | 91] INFO: cur time: 2022-02-23 12:20:00, pre time: 2022-02-23 12:10:00
2022-02-23 10:18:52,643 [simulator_env.py | 147] INFO: Start to update the input of 2022-02-23 12:20:00
2022-02-23 10:18:52,690 [simulator_env.py | 175] INFO: Get 55 unallocated orders, 43 ongoing orders, 1254 completed orders.
2022-02-23 10:18:55,134 [simulator_env.py | 100] INFO: Finish the dispatch.
2022-02-23 10:18:55,139 [simulator_env.py | 278] INFO: 2022-02-23 12:20:00, Order 11590601258: state = 1 < 2, we can not finish the simulation
2022-02-23 10:18:55,141 [simulator_env.py | 87] INFO: **************************************************
2022-02-23 10:18:55,141 [simulator_env.py | 91] INFO: cur time: 2022-02-23 12:30:00, pre time: 2022-02-23 12:20:00
2022-02-23 10:18:55,141 [simulator_env.py | 147] INFO: Start to update the input of 2022-02-23 12:30:00
2022-02-23 10:18:55,177 [simulator_env.py | 175] INFO: Get 44 unallocated orders, 33 ongoing orders, 1319 completed orders.
2022-02-23 10:18:57,048 [simulator_env.py | 100] INFO: Finish the dispatch.
2022-02-23 10:18:57,051 [simulator_env.py | 278] INFO: 2022-02-23 12:30:00, Order 12200601352: state = 1 < 2, we can not finish the simulation
2022-02-23 10:18:57,053 [simulator_env.py | 87] INFO: **************************************************
2022-02-23 10:18:57,053 [simulator_env.py | 91] INFO: cur time: 2022-02-23 12:40:00, pre time: 2022-02-23 12:30:00
2022-02-23 10:18:57,053 [simulator_env.py | 147] INFO: Start to update the input of 2022-02-23 12:40:00
2022-02-23 10:18:57,082 [simulator_env.py | 175] INFO: Get 40 unallocated orders, 29 ongoing orders, 1367 completed orders.
2022-02-23 10:18:58,866 [simulator_env.py | 100] INFO: Finish the dispatch.
2022-02-23 10:18:58,871 [simulator_env.py | 278] INFO: 2022-02-23 12:40:00, Order 12302101396: state = 1 < 2, we can not finish the simulation
2022-02-23 10:18:58,873 [simulator_env.py | 87] INFO: **************************************************
2022-02-23 10:18:58,873 [simulator_env.py | 91] INFO: cur time: 2022-02-23 12:50:00, pre time: 2022-02-23 12:40:00
2022-02-23 10:18:58,873 [simulator_env.py | 147] INFO: Start to update the input of 2022-02-23 12:50:00
2022-02-23 10:18:58,902 [simulator_env.py | 175] INFO: Get 35 unallocated orders, 23 ongoing orders, 1413 completed orders.
2022-02-23 10:19:00,737 [simulator_env.py | 100] INFO: Finish the dispatch.
2022-02-23 10:19:00,743 [simulator_env.py | 278] INFO: 2022-02-23 12:50:00, Order 12401601436: state = 1 < 2, we can not finish the simulation
2022-02-23 10:19:00,745 [simulator_env.py | 87] INFO: **************************************************
2022-02-23 10:19:00,745 [simulator_env.py | 91] INFO: cur time: 2022-02-23 13:00:00, pre time: 2022-02-23 12:50:00
2022-02-23 10:19:00,745 [simulator_env.py | 147] INFO: Start to update the input of 2022-02-23 13:00:00
2022-02-23 10:19:00,767 [simulator_env.py | 175] INFO: Get 38 unallocated orders, 25 ongoing orders, 1446 completed orders.
2022-02-23 10:19:02,479 [simulator_env.py | 100] INFO: Finish the dispatch.
2022-02-23 10:19:02,483 [simulator_env.py | 278] INFO: 2022-02-23 13:00:00, Order 12500801471: state = 1 < 2, we can not finish the simulation
2022-02-23 10:19:02,484 [simulator_env.py | 87] INFO: **************************************************
2022-02-23 10:19:02,484 [simulator_env.py | 91] INFO: cur time: 2022-02-23 13:10:00, pre time: 2022-02-23 13:00:00
2022-02-23 10:19:02,484 [simulator_env.py | 147] INFO: Start to update the input of 2022-02-23 13:10:00
2022-02-23 10:19:02,523 [simulator_env.py | 175] INFO: Get 38 unallocated orders, 23 ongoing orders, 1486 completed orders.
2022-02-23 10:19:04,302 [simulator_env.py | 100] INFO: Finish the dispatch.
2022-02-23 10:19:04,306 [simulator_env.py | 278] INFO: 2022-02-23 13:10:00, Order 13003101509: state = 1 < 2, we can not finish the simulation
2022-02-23 10:19:04,308 [simulator_env.py | 87] INFO: **************************************************
2022-02-23 10:19:04,308 [simulator_env.py | 91] INFO: cur time: 2022-02-23 13:20:00, pre time: 2022-02-23 13:10:00
2022-02-23 10:19:04,308 [simulator_env.py | 147] INFO: Start to update the input of 2022-02-23 13:20:00
2022-02-23 10:19:04,336 [simulator_env.py | 175] INFO: Get 31 unallocated orders, 21 ongoing orders, 1526 completed orders.
2022-02-23 10:19:06,064 [simulator_env.py | 100] INFO: Finish the dispatch.
2022-02-23 10:19:06,068 [simulator_env.py | 278] INFO: 2022-02-23 13:20:00, Order 13104301547: state = 1 < 2, we can not finish the simulation
2022-02-23 10:19:06,069 [simulator_env.py | 87] INFO: **************************************************
2022-02-23 10:19:06,070 [simulator_env.py | 91] INFO: cur time: 2022-02-23 13:30:00, pre time: 2022-02-23 13:20:00
2022-02-23 10:19:06,070 [simulator_env.py | 147] INFO: Start to update the input of 2022-02-23 13:30:00
2022-02-23 10:19:06,093 [simulator_env.py | 175] INFO: Get 28 unallocated orders, 20 ongoing orders, 1557 completed orders.
2022-02-23 10:19:08,167 [simulator_env.py | 100] INFO: Finish the dispatch.
2022-02-23 10:19:08,171 [simulator_env.py | 278] INFO: 2022-02-23 13:30:00, Order 13111701548: state = 1 < 2, we can not finish the simulation
2022-02-23 10:19:08,172 [simulator_env.py | 87] INFO: **************************************************
2022-02-23 10:19:08,172 [simulator_env.py | 91] INFO: cur time: 2022-02-23 13:40:00, pre time: 2022-02-23 13:30:00
2022-02-23 10:19:08,172 [simulator_env.py | 147] INFO: Start to update the input of 2022-02-23 13:40:00
2022-02-23 10:19:08,200 [simulator_env.py | 175] INFO: Get 21 unallocated orders, 20 ongoing orders, 1585 completed orders.
2022-02-23 10:19:09,925 [simulator_env.py | 100] INFO: Finish the dispatch.
2022-02-23 10:19:09,928 [simulator_env.py | 278] INFO: 2022-02-23 13:40:00, Order 13303601605: state = 1 < 2, we can not finish the simulation
2022-02-23 10:19:09,930 [simulator_env.py | 87] INFO: **************************************************
2022-02-23 10:19:09,930 [simulator_env.py | 91] INFO: cur time: 2022-02-23 13:50:00, pre time: 2022-02-23 13:40:00
2022-02-23 10:19:09,930 [simulator_env.py | 147] INFO: Start to update the input of 2022-02-23 13:50:00
2022-02-23 10:19:09,947 [simulator_env.py | 175] INFO: Get 22 unallocated orders, 16 ongoing orders, 1610 completed orders.
2022-02-23 10:19:11,729 [simulator_env.py | 100] INFO: Finish the dispatch.
2022-02-23 10:19:11,732 [simulator_env.py | 278] INFO: 2022-02-23 13:50:00, Order 13404701626: state = 1 < 2, we can not finish the simulation
2022-02-23 10:19:11,733 [simulator_env.py | 87] INFO: **************************************************
2022-02-23 10:19:11,734 [simulator_env.py | 91] INFO: cur time: 2022-02-23 14:00:00, pre time: 2022-02-23 13:50:00
2022-02-23 10:19:11,734 [simulator_env.py | 147] INFO: Start to update the input of 2022-02-23 14:00:00
2022-02-23 10:19:11,762 [simulator_env.py | 175] INFO: Get 27 unallocated orders, 14 ongoing orders, 1634 completed orders.
2022-02-23 10:19:13,645 [simulator_env.py | 100] INFO: Finish the dispatch.
2022-02-23 10:19:13,648 [simulator_env.py | 278] INFO: 2022-02-23 14:00:00, Order 13500501648: state = 1 < 2, we can not finish the simulation
2022-02-23 10:19:13,648 [simulator_env.py | 87] INFO: **************************************************
2022-02-23 10:19:13,648 [simulator_env.py | 91] INFO: cur time: 2022-02-23 14:10:00, pre time: 2022-02-23 14:00:00
2022-02-23 10:19:13,649 [simulator_env.py | 147] INFO: Start to update the input of 2022-02-23 14:10:00
2022-02-23 10:19:13,668 [simulator_env.py | 175] INFO: Get 35 unallocated orders, 21 ongoing orders, 1654 completed orders.
2022-02-23 10:19:15,642 [simulator_env.py | 100] INFO: Finish the dispatch.
2022-02-23 10:19:15,645 [simulator_env.py | 278] INFO: 2022-02-23 14:10:00, Order 14000301675: state = 1 < 2, we can not finish the simulation
2022-02-23 10:19:15,646 [simulator_env.py | 87] INFO: **************************************************
2022-02-23 10:19:15,646 [simulator_env.py | 91] INFO: cur time: 2022-02-23 14:20:00, pre time: 2022-02-23 14:10:00
2022-02-23 10:19:15,646 [simulator_env.py | 147] INFO: Start to update the input of 2022-02-23 14:20:00
2022-02-23 10:19:15,666 [simulator_env.py | 175] INFO: Get 27 unallocated orders, 18 ongoing orders, 1692 completed orders.
2022-02-23 10:19:17,550 [simulator_env.py | 100] INFO: Finish the dispatch.
2022-02-23 10:19:17,555 [simulator_env.py | 278] INFO: 2022-02-23 14:20:00, Order 14105701710: state = 1 < 2, we can not finish the simulation
2022-02-23 10:19:17,557 [simulator_env.py | 87] INFO: **************************************************
2022-02-23 10:19:17,557 [simulator_env.py | 91] INFO: cur time: 2022-02-23 14:30:00, pre time: 2022-02-23 14:20:00
2022-02-23 10:19:17,557 [simulator_env.py | 147] INFO: Start to update the input of 2022-02-23 14:30:00
2022-02-23 10:19:17,577 [simulator_env.py | 175] INFO: Get 37 unallocated orders, 16 ongoing orders, 1721 completed orders.
2022-02-23 10:19:20,077 [simulator_env.py | 100] INFO: Finish the dispatch.
2022-02-23 10:19:20,081 [simulator_env.py | 278] INFO: 2022-02-23 14:30:00, Order 14200101737: state = 1 < 2, we can not finish the simulation
2022-02-23 10:19:20,082 [simulator_env.py | 87] INFO: **************************************************
2022-02-23 10:19:20,082 [simulator_env.py | 91] INFO: cur time: 2022-02-23 14:40:00, pre time: 2022-02-23 14:30:00
2022-02-23 10:19:20,082 [simulator_env.py | 147] INFO: Start to update the input of 2022-02-23 14:40:00
2022-02-23 10:19:20,106 [simulator_env.py | 175] INFO: Get 18 unallocated orders, 19 ongoing orders, 1755 completed orders.
2022-02-23 10:19:22,354 [simulator_env.py | 100] INFO: Finish the dispatch.
2022-02-23 10:19:22,357 [simulator_env.py | 278] INFO: 2022-02-23 14:40:00, Order 14302001774: state = 1 < 2, we can not finish the simulation
2022-02-23 10:19:22,358 [simulator_env.py | 87] INFO: **************************************************
2022-02-23 10:19:22,358 [simulator_env.py | 91] INFO: cur time: 2022-02-23 14:50:00, pre time: 2022-02-23 14:40:00
2022-02-23 10:19:22,358 [simulator_env.py | 147] INFO: Start to update the input of 2022-02-23 14:50:00
2022-02-23 10:19:22,387 [simulator_env.py | 175] INFO: Get 33 unallocated orders, 9 ongoing orders, 1783 completed orders.
2022-02-23 10:19:25,840 [simulator_env.py | 100] INFO: Finish the dispatch.
2022-02-23 10:19:25,843 [simulator_env.py | 278] INFO: 2022-02-23 14:50:00, Order 14401401792: state = 1 < 2, we can not finish the simulation
2022-02-23 10:19:25,845 [simulator_env.py | 87] INFO: **************************************************
2022-02-23 10:19:25,845 [simulator_env.py | 91] INFO: cur time: 2022-02-23 15:00:00, pre time: 2022-02-23 14:50:00
2022-02-23 10:19:25,845 [simulator_env.py | 147] INFO: Start to update the input of 2022-02-23 15:00:00
2022-02-23 10:19:25,872 [simulator_env.py | 175] INFO: Get 22 unallocated orders, 26 ongoing orders, 1799 completed orders.
2022-02-23 10:19:29,061 [simulator_env.py | 100] INFO: Finish the dispatch.
2022-02-23 10:19:29,069 [simulator_env.py | 278] INFO: 2022-02-23 15:00:00, Order 14500201825: state = 1 < 2, we can not finish the simulation
2022-02-23 10:19:29,071 [simulator_env.py | 87] INFO: **************************************************
2022-02-23 10:19:29,072 [simulator_env.py | 91] INFO: cur time: 2022-02-23 15:10:00, pre time: 2022-02-23 15:00:00
2022-02-23 10:19:29,072 [simulator_env.py | 147] INFO: Start to update the input of 2022-02-23 15:10:00
2022-02-23 10:19:29,095 [simulator_env.py | 175] INFO: Get 0 unallocated orders, 18 ongoing orders, 1829 completed orders.
2022-02-23 10:19:33,652 [simulator_env.py | 100] INFO: Finish the dispatch.
2022-02-23 10:19:33,655 [simulator_env.py | 281] INFO: 2022-02-23 15:10:00, the status of all orders is greater than 1, we could finish the simulation
2022-02-23 10:19:33,659 [simulator_env.py | 124] INFO: finished the left ongoing orders
2022-02-23 10:19:33,664 [evaluator.py    | 116] INFO: Traveling Distance of driver D_1 is  77.350, visited node list: 33
2022-02-23 10:19:33,670 [evaluator.py    | 116] INFO: Traveling Distance of driver D_2 is  114.440, visited node list: 45
2022-02-23 10:19:33,675 [evaluator.py    | 116] INFO: Traveling Distance of driver D_3 is  122.760, visited node list: 47
2022-02-23 10:19:33,679 [evaluator.py    | 116] INFO: Traveling Distance of driver D_4 is  134.030, visited node list: 49
2022-02-23 10:19:33,682 [evaluator.py    | 116] INFO: Traveling Distance of driver D_5 is  124.790, visited node list: 44
2022-02-23 10:19:33,687 [evaluator.py    | 116] INFO: Traveling Distance of driver D_6 is  124.240, visited node list: 50
2022-02-23 10:19:33,691 [evaluator.py    | 116] INFO: Traveling Distance of driver D_7 is  81.050, visited node list: 29
2022-02-23 10:19:33,694 [evaluator.py    | 116] INFO: Traveling Distance of driver D_8 is  137.740, visited node list: 53
2022-02-23 10:19:33,698 [evaluator.py    | 116] INFO: Traveling Distance of driver D_9 is  128.460, visited node list: 53
2022-02-23 10:19:33,701 [evaluator.py    | 116] INFO: Traveling Distance of driver D_10 is  116.980, visited node list: 50
2022-02-23 10:19:33,702 [evaluator.py    | 116] INFO: Traveling Distance of driver D_11 is  110.210, visited node list: 36
2022-02-23 10:19:33,707 [evaluator.py    | 116] INFO: Traveling Distance of driver D_12 is  119.830, visited node list: 49
2022-02-23 10:19:33,711 [evaluator.py    | 116] INFO: Traveling Distance of driver D_13 is  132.060, visited node list: 48
2022-02-23 10:19:33,717 [evaluator.py    | 116] INFO: Traveling Distance of driver D_14 is  132.870, visited node list: 52
2022-02-23 10:19:33,720 [evaluator.py    | 116] INFO: Traveling Distance of driver D_15 is  128.210, visited node list: 55
2022-02-23 10:19:33,723 [evaluator.py    | 116] INFO: Traveling Distance of driver D_16 is  123.370, visited node list: 46
2022-02-23 10:19:33,727 [evaluator.py    | 116] INFO: Traveling Distance of driver D_17 is  135.320, visited node list: 51
2022-02-23 10:19:33,730 [evaluator.py    | 116] INFO: Traveling Distance of driver D_18 is  133.910, visited node list: 49
2022-02-23 10:19:33,733 [evaluator.py    | 116] INFO: Traveling Distance of driver D_19 is  133.150, visited node list: 43
2022-02-23 10:19:33,736 [evaluator.py    | 116] INFO: Traveling Distance of driver D_20 is  128.290, visited node list: 51
2022-02-23 10:19:33,739 [evaluator.py    | 116] INFO: Traveling Distance of driver D_21 is  119.540, visited node list: 49
2022-02-23 10:19:33,741 [evaluator.py    | 116] INFO: Traveling Distance of driver D_22 is  130.620, visited node list: 47
2022-02-23 10:19:33,745 [evaluator.py    | 116] INFO: Traveling Distance of driver D_23 is  120.880, visited node list: 52
2022-02-23 10:19:33,754 [evaluator.py    | 116] INFO: Traveling Distance of driver D_24 is  120.300, visited node list: 52
2022-02-23 10:19:33,758 [evaluator.py    | 116] INFO: Traveling Distance of driver D_25 is  123.880, visited node list: 47
2022-02-23 10:19:33,763 [evaluator.py    | 116] INFO: Traveling Distance of driver D_26 is  122.120, visited node list: 49
2022-02-23 10:19:33,766 [evaluator.py    | 116] INFO: Traveling Distance of driver D_27 is  121.530, visited node list: 46
2022-02-23 10:19:33,769 [evaluator.py    | 116] INFO: Traveling Distance of driver D_28 is  127.960, visited node list: 49
2022-02-23 10:19:33,771 [evaluator.py    | 116] INFO: Traveling Distance of driver D_29 is  117.240, visited node list: 52
2022-02-23 10:19:33,774 [evaluator.py    | 116] INFO: Traveling Distance of driver D_30 is  128.890, visited node list: 45
2022-02-23 10:19:33,776 [evaluator.py    | 116] INFO: Traveling Distance of driver D_31 is  123.060, visited node list: 45
2022-02-23 10:19:33,781 [evaluator.py    | 116] INFO: Traveling Distance of driver D_32 is  123.180, visited node list: 52
2022-02-23 10:19:33,784 [evaluator.py    | 116] INFO: Traveling Distance of driver D_33 is  115.570, visited node list: 50
2022-02-23 10:19:33,786 [evaluator.py    | 116] INFO: Traveling Distance of driver D_34 is  119.610, visited node list: 44
2022-02-23 10:19:33,790 [evaluator.py    | 116] INFO: Traveling Distance of driver D_35 is  126.590, visited node list: 46
2022-02-23 10:19:33,791 [evaluator.py    | 116] INFO: Traveling Distance of driver D_36 is  133.620, visited node list: 54
2022-02-23 10:19:33,795 [evaluator.py    | 116] INFO: Traveling Distance of driver D_37 is  120.750, visited node list: 44
2022-02-23 10:19:33,799 [evaluator.py    | 116] INFO: Traveling Distance of driver D_38 is  125.640, visited node list: 47
2022-02-23 10:19:33,803 [evaluator.py    | 116] INFO: Traveling Distance of driver D_39 is  111.790, visited node list: 47
2022-02-23 10:19:33,807 [evaluator.py    | 116] INFO: Traveling Distance of driver D_40 is  112.870, visited node list: 43
2022-02-23 10:19:33,809 [evaluator.py    | 116] INFO: Traveling Distance of driver D_41 is  116.630, visited node list: 49
2022-02-23 10:19:33,813 [evaluator.py    | 116] INFO: Traveling Distance of driver D_42 is  125.140, visited node list: 47
2022-02-23 10:19:33,816 [evaluator.py    | 116] INFO: Traveling Distance of driver D_43 is  117.740, visited node list: 49
2022-02-23 10:19:33,818 [evaluator.py    | 116] INFO: Traveling Distance of driver D_44 is  120.810, visited node list: 44
2022-02-23 10:19:33,820 [evaluator.py    | 116] INFO: Traveling Distance of driver D_45 is  126.790, visited node list: 44
2022-02-23 10:19:33,822 [evaluator.py    | 116] INFO: Traveling Distance of driver D_46 is  117.940, visited node list: 43
2022-02-23 10:19:33,823 [evaluator.py    | 116] INFO: Traveling Distance of driver D_47 is  104.010, visited node list: 43
2022-02-23 10:19:33,826 [evaluator.py    | 116] INFO: Traveling Distance of driver D_48 is  113.380, visited node list: 41
2022-02-23 10:19:33,829 [evaluator.py    | 116] INFO: Traveling Distance of driver D_49 is  104.630, visited node list: 39
2022-02-23 10:19:33,830 [evaluator.py    | 116] INFO: Traveling Distance of driver D_50 is  102.800, visited node list: 40
2022-02-23 10:19:33,833 [evaluator.py    | 116] INFO: Traveling Distance of driver D_51 is  96.160, visited node list: 43
2022-02-23 10:19:33,835 [evaluator.py    | 116] INFO: Traveling Distance of driver D_52 is  111.620, visited node list: 43
2022-02-23 10:19:33,836 [evaluator.py    | 116] INFO: Traveling Distance of driver D_53 is  109.820, visited node list: 41
2022-02-23 10:19:33,837 [evaluator.py    | 116] INFO: Traveling Distance of driver D_54 is  106.510, visited node list: 39
2022-02-23 10:19:33,850 [evaluator.py    | 116] INFO: Traveling Distance of driver D_55 is  91.340, visited node list: 39
2022-02-23 10:19:33,855 [evaluator.py    | 116] INFO: Traveling Distance of driver D_56 is  103.850, visited node list: 41
2022-02-23 10:19:33,856 [evaluator.py    | 116] INFO: Traveling Distance of driver D_57 is  96.300, visited node list: 38
2022-02-23 10:19:33,858 [evaluator.py    | 116] INFO: Traveling Distance of driver D_58 is  97.020, visited node list: 38
2022-02-23 10:19:33,860 [evaluator.py    | 116] INFO: Traveling Distance of driver D_59 is  80.750, visited node list: 28
2022-02-23 10:19:33,862 [evaluator.py    | 116] INFO: Traveling Distance of driver D_60 is  78.740, visited node list: 35
2022-02-23 10:19:33,863 [evaluator.py    | 116] INFO: Traveling Distance of driver D_61 is  79.890, visited node list: 31
2022-02-23 10:19:33,863 [evaluator.py    | 116] INFO: Traveling Distance of driver D_62 is  81.230, visited node list: 37
2022-02-23 10:19:33,865 [evaluator.py    | 116] INFO: Traveling Distance of driver D_63 is  84.670, visited node list: 37
2022-02-23 10:19:33,866 [evaluator.py    | 116] INFO: Traveling Distance of driver D_64 is  76.920, visited node list: 25
2022-02-23 10:19:33,867 [evaluator.py    | 116] INFO: Traveling Distance of driver D_65 is  79.620, visited node list: 31
2022-02-23 10:19:33,869 [evaluator.py    | 116] INFO: Traveling Distance of driver D_66 is  91.840, visited node list: 29
2022-02-23 10:19:33,870 [evaluator.py    | 116] INFO: Traveling Distance of driver D_67 is  89.680, visited node list: 31
2022-02-23 10:19:33,871 [evaluator.py    | 116] INFO: Traveling Distance of driver D_68 is  81.430, visited node list: 27
2022-02-23 10:19:33,873 [evaluator.py    | 116] INFO: Traveling Distance of driver D_69 is  82.540, visited node list: 25
2022-02-23 10:19:33,874 [evaluator.py    | 116] INFO: Traveling Distance of driver D_70 is  80.190, visited node list: 27
2022-02-23 10:19:33,876 [evaluator.py    | 116] INFO: Traveling Distance of driver D_71 is  74.650, visited node list: 32
2022-02-23 10:19:33,877 [evaluator.py    | 116] INFO: Traveling Distance of driver D_72 is  70.290, visited node list: 29
2022-02-23 10:19:33,879 [evaluator.py    | 116] INFO: Traveling Distance of driver D_73 is  70.620, visited node list: 35
2022-02-23 10:19:33,880 [evaluator.py    | 116] INFO: Traveling Distance of driver D_74 is  76.880, visited node list: 27
2022-02-23 10:19:33,881 [evaluator.py    | 116] INFO: Traveling Distance of driver D_75 is  68.440, visited node list: 23
2022-02-23 10:19:33,883 [evaluator.py    | 116] INFO: Traveling Distance of driver D_76 is  72.690, visited node list: 24
2022-02-23 10:19:33,885 [evaluator.py    | 116] INFO: Traveling Distance of driver D_77 is  63.880, visited node list: 33
2022-02-23 10:19:33,886 [evaluator.py    | 116] INFO: Traveling Distance of driver D_78 is  74.480, visited node list: 23
2022-02-23 10:19:33,887 [evaluator.py    | 116] INFO: Traveling Distance of driver D_79 is  63.500, visited node list: 29
2022-02-23 10:19:33,888 [evaluator.py    | 116] INFO: Traveling Distance of driver D_80 is  73.860, visited node list: 29
2022-02-23 10:19:33,889 [evaluator.py    | 116] INFO: Traveling Distance of driver D_81 is  64.270, visited node list: 25
2022-02-23 10:19:33,891 [evaluator.py    | 116] INFO: Traveling Distance of driver D_82 is  67.490, visited node list: 27
2022-02-23 10:19:33,892 [evaluator.py    | 116] INFO: Traveling Distance of driver D_83 is  72.810, visited node list: 23
2022-02-23 10:19:33,893 [evaluator.py    | 116] INFO: Traveling Distance of driver D_84 is  62.860, visited node list: 31
2022-02-23 10:19:33,894 [evaluator.py    | 116] INFO: Traveling Distance of driver D_85 is  68.180, visited node list: 27
2022-02-23 10:19:33,894 [evaluator.py    | 116] INFO: Traveling Distance of driver D_86 is  65.720, visited node list: 23
2022-02-23 10:19:33,895 [evaluator.py    | 116] INFO: Traveling Distance of driver D_87 is  60.880, visited node list: 29
2022-02-23 10:19:33,896 [evaluator.py    | 116] INFO: Traveling Distance of driver D_88 is  60.560, visited node list: 25
2022-02-23 10:19:33,897 [evaluator.py    | 116] INFO: Traveling Distance of driver D_89 is  63.640, visited node list: 27
2022-02-23 10:19:33,898 [evaluator.py    | 116] INFO: Traveling Distance of driver D_90 is  64.330, visited node list: 27
2022-02-23 10:19:33,900 [evaluator.py    | 116] INFO: Traveling Distance of driver D_91 is  65.210, visited node list: 21
2022-02-23 10:19:33,902 [evaluator.py    | 116] INFO: Traveling Distance of driver D_92 is  62.740, visited node list: 25
2022-02-23 10:19:33,904 [evaluator.py    | 116] INFO: Traveling Distance of driver D_93 is  59.120, visited node list: 25
2022-02-23 10:19:33,906 [evaluator.py    | 116] INFO: Traveling Distance of driver D_94 is  64.010, visited node list: 27
2022-02-23 10:19:33,907 [evaluator.py    | 116] INFO: Traveling Distance of driver D_95 is  68.540, visited node list: 25
2022-02-23 10:19:33,908 [evaluator.py    | 116] INFO: Traveling Distance of driver D_96 is  61.570, visited node list: 23
2022-02-23 10:19:33,908 [evaluator.py    | 116] INFO: Traveling Distance of driver D_97 is  60.370, visited node list: 25
2022-02-23 10:19:33,910 [evaluator.py    | 116] INFO: Traveling Distance of driver D_98 is  59.560, visited node list: 23
2022-02-23 10:19:33,911 [evaluator.py    | 116] INFO: Traveling Distance of driver D_99 is  57.040, visited node list: 23
2022-02-23 10:19:33,913 [evaluator.py    | 116] INFO: Traveling Distance of driver D_100 is  52.390, visited node list: 19
2022-02-23 10:19:33,913 [evaluator.py    | 18] INFO: Total distance:  9805.270
2022-02-23 10:19:34,049 [evaluator.py    | 22] INFO: Sum over time:  10784.000
2022-02-23 10:19:34,049 [evaluator.py    | 26] INFO: Total score:  30053.608
2022-02-23 10:19:34,367 [main.py         | 43] INFO: Score of instance_57: 30053.608255555555
