2022-02-23 03:43:12,866 [main.py         | 38] INFO: Start to run /Users/yangjingfeng/Library/CloudStorage/OneDrive-Personal/Public/PhD Study/Papers/Food_Delivery/Code/Food_delivery_simulator/Benchmark/Instance_medium: instance_45
2022-02-23 03:43:12,871 [simulator_api.py | 43] INFO: Start time of the simulator: 2022-02-23 09:00:00, time interval:  600.00
2022-02-23 03:43:14,131 [input_utils.py  | 35] INFO: Get 3052 locations
2022-02-23 03:43:14,179 [input_utils.py  | 39] INFO: Get 120 drivers
2022-02-23 03:43:15,481 [input_utils.py  | 43] INFO: Get 1749 orders
2022-02-23 03:43:15,485 [simulator_api.py | 75] INFO: Initial position of D_1 is 371 Beach Rd, Singapore 199597, Singapore
2022-02-23 03:43:15,486 [simulator_api.py | 75] INFO: Initial position of D_2 is Bukit Merah View Market & Hawker Centre
2022-02-23 03:43:15,487 [simulator_api.py | 75] INFO: Initial position of D_3 is 417 River Valley Rd, Singapore 248316, Singapore
2022-02-23 03:43:15,487 [simulator_api.py | 75] INFO: Initial position of D_4 is 54 South Bridge Rd, Singapore 058685, Singapore
2022-02-23 03:43:15,488 [simulator_api.py | 75] INFO: Initial position of D_5 is Bukit Merah View Market & Hawker Centre
2022-02-23 03:43:15,488 [simulator_api.py | 75] INFO: Initial position of D_6 is Maxwell Food Centre
2022-02-23 03:43:15,488 [simulator_api.py | 75] INFO: Initial position of D_7 is Alexandra Village Food Centre
2022-02-23 03:43:15,488 [simulator_api.py | 75] INFO: Initial position of D_8 is Golden Mile Food Centre
2022-02-23 03:43:15,489 [simulator_api.py | 75] INFO: Initial position of D_9 is Amoy Street Food Centre
2022-02-23 03:43:15,489 [simulator_api.py | 75] INFO: Initial position of D_10 is Bukit Merah View Market & Hawker Centre
2022-02-23 03:43:15,490 [simulator_api.py | 75] INFO: Initial position of D_11 is 54 South Bridge Rd, Singapore 058685, Singapore
2022-02-23 03:43:15,490 [simulator_api.py | 75] INFO: Initial position of D_12 is 417 River Valley Rd, Singapore 248316, Singapore
2022-02-23 03:43:15,490 [simulator_api.py | 75] INFO: Initial position of D_13 is 371 Beach Rd, Singapore 199597, Singapore
2022-02-23 03:43:15,492 [simulator_api.py | 75] INFO: Initial position of D_14 is Alexandra Village Food Centre
2022-02-23 03:43:15,493 [simulator_api.py | 75] INFO: Initial position of D_15 is Amoy Street Food Centre
2022-02-23 03:43:15,493 [simulator_api.py | 75] INFO: Initial position of D_16 is Tiong Bahru Market
2022-02-23 03:43:15,493 [simulator_api.py | 75] INFO: Initial position of D_17 is 66 Kg Bugis, Singapore 338987, Singapore
2022-02-23 03:43:15,493 [simulator_api.py | 75] INFO: Initial position of D_18 is 54 South Bridge Rd, Singapore 058685, Singapore
2022-02-23 03:43:15,493 [simulator_api.py | 75] INFO: Initial position of D_19 is 54 South Bridge Rd, Singapore 058685, Singapore
2022-02-23 03:43:15,493 [simulator_api.py | 75] INFO: Initial position of D_20 is 37 Cuppage Rd, Singapore 229460, Singapore
2022-02-23 03:43:15,493 [simulator_api.py | 75] INFO: Initial position of D_21 is Golden Mile Food Centre
2022-02-23 03:43:15,493 [simulator_api.py | 75] INFO: Initial position of D_22 is Old Airport Road Food Centre
2022-02-23 03:43:15,494 [simulator_api.py | 75] INFO: Initial position of D_23 is Alexandra Village Food Centre
2022-02-23 03:43:15,494 [simulator_api.py | 75] INFO: Initial position of D_24 is Old Airport Road Food Centre
2022-02-23 03:43:15,495 [simulator_api.py | 75] INFO: Initial position of D_25 is 417 River Valley Rd, Singapore 248316, Singapore
2022-02-23 03:43:15,496 [simulator_api.py | 75] INFO: Initial position of D_26 is Hong Lim Food Centre
2022-02-23 03:43:15,496 [simulator_api.py | 75] INFO: Initial position of D_27 is 66 Kg Bugis, Singapore 338987, Singapore
2022-02-23 03:43:15,496 [simulator_api.py | 75] INFO: Initial position of D_28 is 417 River Valley Rd, Singapore 248316, Singapore
2022-02-23 03:43:15,497 [simulator_api.py | 75] INFO: Initial position of D_29 is Alexandra Village Food Centre
2022-02-23 03:43:15,497 [simulator_api.py | 75] INFO: Initial position of D_30 is 54 South Bridge Rd, Singapore 058685, Singapore
2022-02-23 03:43:15,497 [simulator_api.py | 75] INFO: Initial position of D_31 is Golden Mile Food Centre
2022-02-23 03:43:15,498 [simulator_api.py | 75] INFO: Initial position of D_32 is 36 Boat Quay, Singapore 049825, Singapore
2022-02-23 03:43:15,498 [simulator_api.py | 75] INFO: Initial position of D_33 is 417 River Valley Rd, Singapore 248316, Singapore
2022-02-23 03:43:15,498 [simulator_api.py | 75] INFO: Initial position of D_34 is 66 Kg Bugis, Singapore 338987, Singapore
2022-02-23 03:43:15,498 [simulator_api.py | 75] INFO: Initial position of D_35 is 54 South Bridge Rd, Singapore 058685, Singapore
2022-02-23 03:43:15,498 [simulator_api.py | 75] INFO: Initial position of D_36 is Old Airport Road Food Centre
2022-02-23 03:43:15,498 [simulator_api.py | 75] INFO: Initial position of D_37 is Alexandra Village Food Centre
2022-02-23 03:43:15,499 [simulator_api.py | 75] INFO: Initial position of D_38 is Hong Lim Food Centre
2022-02-23 03:43:15,499 [simulator_api.py | 75] INFO: Initial position of D_39 is 36 Boat Quay, Singapore 049825, Singapore
2022-02-23 03:43:15,503 [simulator_api.py | 75] INFO: Initial position of D_40 is Hong Lim Food Centre
2022-02-23 03:43:15,504 [simulator_api.py | 75] INFO: Initial position of D_41 is 54 South Bridge Rd, Singapore 058685, Singapore
2022-02-23 03:43:15,504 [simulator_api.py | 75] INFO: Initial position of D_42 is 371 Beach Rd, Singapore 199597, Singapore
2022-02-23 03:43:15,504 [simulator_api.py | 75] INFO: Initial position of D_43 is Zion Riverside Food Centre
2022-02-23 03:43:15,505 [simulator_api.py | 75] INFO: Initial position of D_44 is Tiong Bahru Market
2022-02-23 03:43:15,505 [simulator_api.py | 75] INFO: Initial position of D_45 is Amoy Street Food Centre
2022-02-23 03:43:15,505 [simulator_api.py | 75] INFO: Initial position of D_46 is Golden Mile Food Centre
2022-02-23 03:43:15,505 [simulator_api.py | 75] INFO: Initial position of D_47 is Hong Lim Food Centre
2022-02-23 03:43:15,505 [simulator_api.py | 75] INFO: Initial position of D_48 is Tiong Bahru Market
2022-02-23 03:43:15,505 [simulator_api.py | 75] INFO: Initial position of D_49 is Bukit Merah View Market & Hawker Centre
2022-02-23 03:43:15,505 [simulator_api.py | 75] INFO: Initial position of D_50 is Tiong Bahru Market
2022-02-23 03:43:15,506 [simulator_api.py | 75] INFO: Initial position of D_51 is 66 Kg Bugis, Singapore 338987, Singapore
2022-02-23 03:43:15,506 [simulator_api.py | 75] INFO: Initial position of D_52 is Zion Riverside Food Centre
2022-02-23 03:43:15,506 [simulator_api.py | 75] INFO: Initial position of D_53 is 54 South Bridge Rd, Singapore 058685, Singapore
2022-02-23 03:43:15,506 [simulator_api.py | 75] INFO: Initial position of D_54 is 37 Cuppage Rd, Singapore 229460, Singapore
2022-02-23 03:43:15,507 [simulator_api.py | 75] INFO: Initial position of D_55 is Golden Mile Food Centre
2022-02-23 03:43:15,507 [simulator_api.py | 75] INFO: Initial position of D_56 is Amoy Street Food Centre
2022-02-23 03:43:15,508 [simulator_api.py | 75] INFO: Initial position of D_57 is Amoy Street Food Centre
2022-02-23 03:43:15,508 [simulator_api.py | 75] INFO: Initial position of D_58 is 371 Beach Rd, Singapore 199597, Singapore
2022-02-23 03:43:15,508 [simulator_api.py | 75] INFO: Initial position of D_59 is Golden Mile Food Centre
2022-02-23 03:43:15,508 [simulator_api.py | 75] INFO: Initial position of D_60 is Alexandra Village Food Centre
2022-02-23 03:43:15,508 [simulator_api.py | 75] INFO: Initial position of D_61 is Maxwell Food Centre
2022-02-23 03:43:15,508 [simulator_api.py | 75] INFO: Initial position of D_62 is 417 River Valley Rd, Singapore 248316, Singapore
2022-02-23 03:43:15,511 [simulator_api.py | 75] INFO: Initial position of D_63 is 54 South Bridge Rd, Singapore 058685, Singapore
2022-02-23 03:43:15,511 [simulator_api.py | 75] INFO: Initial position of D_64 is Golden Mile Food Centre
2022-02-23 03:43:15,511 [simulator_api.py | 75] INFO: Initial position of D_65 is 54 South Bridge Rd, Singapore 058685, Singapore
2022-02-23 03:43:15,511 [simulator_api.py | 75] INFO: Initial position of D_66 is Maxwell Food Centre
2022-02-23 03:43:15,511 [simulator_api.py | 75] INFO: Initial position of D_67 is Hong Lim Food Centre
2022-02-23 03:43:15,514 [simulator_api.py | 75] INFO: Initial position of D_68 is 36 Boat Quay, Singapore 049825, Singapore
2022-02-23 03:43:15,525 [simulator_api.py | 75] INFO: Initial position of D_69 is 371 Beach Rd, Singapore 199597, Singapore
2022-02-23 03:43:15,526 [simulator_api.py | 75] INFO: Initial position of D_70 is Bukit Merah View Market & Hawker Centre
2022-02-23 03:43:15,526 [simulator_api.py | 75] INFO: Initial position of D_71 is 36 Boat Quay, Singapore 049825, Singapore
2022-02-23 03:43:15,530 [simulator_api.py | 75] INFO: Initial position of D_72 is 371 Beach Rd, Singapore 199597, Singapore
2022-02-23 03:43:15,531 [simulator_api.py | 75] INFO: Initial position of D_73 is 417 River Valley Rd, Singapore 248316, Singapore
2022-02-23 03:43:15,531 [simulator_api.py | 75] INFO: Initial position of D_74 is Zion Riverside Food Centre
2022-02-23 03:43:15,531 [simulator_api.py | 75] INFO: Initial position of D_75 is Zion Riverside Food Centre
2022-02-23 03:43:15,532 [simulator_api.py | 75] INFO: Initial position of D_76 is Maxwell Food Centre
2022-02-23 03:43:15,532 [simulator_api.py | 75] INFO: Initial position of D_77 is 66 Kg Bugis, Singapore 338987, Singapore
2022-02-23 03:43:15,538 [simulator_api.py | 75] INFO: Initial position of D_78 is Amoy Street Food Centre
2022-02-23 03:43:15,538 [simulator_api.py | 75] INFO: Initial position of D_79 is 371 Beach Rd, Singapore 199597, Singapore
2022-02-23 03:43:15,538 [simulator_api.py | 75] INFO: Initial position of D_80 is 371 Beach Rd, Singapore 199597, Singapore
2022-02-23 03:43:15,539 [simulator_api.py | 75] INFO: Initial position of D_81 is Tiong Bahru Market
2022-02-23 03:43:15,539 [simulator_api.py | 75] INFO: Initial position of D_82 is 37 Cuppage Rd, Singapore 229460, Singapore
2022-02-23 03:43:15,539 [simulator_api.py | 75] INFO: Initial position of D_83 is 36 Boat Quay, Singapore 049825, Singapore
2022-02-23 03:43:15,539 [simulator_api.py | 75] INFO: Initial position of D_84 is Tiong Bahru Market
2022-02-23 03:43:15,539 [simulator_api.py | 75] INFO: Initial position of D_85 is 36 Boat Quay, Singapore 049825, Singapore
2022-02-23 03:43:15,539 [simulator_api.py | 75] INFO: Initial position of D_86 is 371 Beach Rd, Singapore 199597, Singapore
2022-02-23 03:43:15,546 [simulator_api.py | 75] INFO: Initial position of D_87 is Hong Lim Food Centre
2022-02-23 03:43:15,547 [simulator_api.py | 75] INFO: Initial position of D_88 is 37 Cuppage Rd, Singapore 229460, Singapore
2022-02-23 03:43:15,547 [simulator_api.py | 75] INFO: Initial position of D_89 is 54 South Bridge Rd, Singapore 058685, Singapore
2022-02-23 03:43:15,547 [simulator_api.py | 75] INFO: Initial position of D_90 is 66 Kg Bugis, Singapore 338987, Singapore
2022-02-23 03:43:15,548 [simulator_api.py | 75] INFO: Initial position of D_91 is 37 Cuppage Rd, Singapore 229460, Singapore
2022-02-23 03:43:15,548 [simulator_api.py | 75] INFO: Initial position of D_92 is 37 Cuppage Rd, Singapore 229460, Singapore
2022-02-23 03:43:15,548 [simulator_api.py | 75] INFO: Initial position of D_93 is 417 River Valley Rd, Singapore 248316, Singapore
2022-02-23 03:43:15,549 [simulator_api.py | 75] INFO: Initial position of D_94 is Old Airport Road Food Centre
2022-02-23 03:43:15,557 [simulator_api.py | 75] INFO: Initial position of D_95 is 417 River Valley Rd, Singapore 248316, Singapore
2022-02-23 03:43:15,557 [simulator_api.py | 75] INFO: Initial position of D_96 is Golden Mile Food Centre
2022-02-23 03:43:15,557 [simulator_api.py | 75] INFO: Initial position of D_97 is Amoy Street Food Centre
2022-02-23 03:43:15,557 [simulator_api.py | 75] INFO: Initial position of D_98 is Hong Lim Food Centre
2022-02-23 03:43:15,558 [simulator_api.py | 75] INFO: Initial position of D_99 is Hong Lim Food Centre
2022-02-23 03:43:15,558 [simulator_api.py | 75] INFO: Initial position of D_100 is Tiong Bahru Market
2022-02-23 03:43:15,558 [simulator_api.py | 75] INFO: Initial position of D_101 is 54 South Bridge Rd, Singapore 058685, Singapore
2022-02-23 03:43:15,558 [simulator_api.py | 75] INFO: Initial position of D_102 is Golden Mile Food Centre
2022-02-23 03:43:15,558 [simulator_api.py | 75] INFO: Initial position of D_103 is 54 South Bridge Rd, Singapore 058685, Singapore
2022-02-23 03:43:15,572 [simulator_api.py | 75] INFO: Initial position of D_104 is Amoy Street Food Centre
2022-02-23 03:43:15,572 [simulator_api.py | 75] INFO: Initial position of D_105 is Hong Lim Food Centre
2022-02-23 03:43:15,572 [simulator_api.py | 75] INFO: Initial position of D_106 is Alexandra Village Food Centre
2022-02-23 03:43:15,572 [simulator_api.py | 75] INFO: Initial position of D_107 is Golden Mile Food Centre
2022-02-23 03:43:15,572 [simulator_api.py | 75] INFO: Initial position of D_108 is Alexandra Village Food Centre
2022-02-23 03:43:15,586 [simulator_api.py | 75] INFO: Initial position of D_109 is 36 Boat Quay, Singapore 049825, Singapore
2022-02-23 03:43:15,587 [simulator_api.py | 75] INFO: Initial position of D_110 is Hong Lim Food Centre
2022-02-23 03:43:15,587 [simulator_api.py | 75] INFO: Initial position of D_111 is Golden Mile Food Centre
2022-02-23 03:43:15,587 [simulator_api.py | 75] INFO: Initial position of D_112 is Tiong Bahru Market
2022-02-23 03:43:15,588 [simulator_api.py | 75] INFO: Initial position of D_113 is 371 Beach Rd, Singapore 199597, Singapore
2022-02-23 03:43:15,588 [simulator_api.py | 75] INFO: Initial position of D_114 is 54 South Bridge Rd, Singapore 058685, Singapore
2022-02-23 03:43:15,588 [simulator_api.py | 75] INFO: Initial position of D_115 is Golden Mile Food Centre
2022-02-23 03:43:15,588 [simulator_api.py | 75] INFO: Initial position of D_116 is 37 Cuppage Rd, Singapore 229460, Singapore
2022-02-23 03:43:15,588 [simulator_api.py | 75] INFO: Initial position of D_117 is 417 River Valley Rd, Singapore 248316, Singapore
2022-02-23 03:43:15,588 [simulator_api.py | 75] INFO: Initial position of D_118 is 66 Kg Bugis, Singapore 338987, Singapore
2022-02-23 03:43:15,589 [simulator_api.py | 75] INFO: Initial position of D_119 is Golden Mile Food Centre
2022-02-23 03:43:15,589 [simulator_api.py | 75] INFO: Initial position of D_120 is 66 Kg Bugis, Singapore 338987, Singapore
2022-02-23 03:43:15,789 [simulator_env.py | 87] INFO: **************************************************
2022-02-23 03:43:15,789 [simulator_env.py | 91] INFO: cur time: 2022-02-23 09:10:00, pre time: 2022-02-23 09:00:00
2022-02-23 03:43:15,789 [simulator_env.py | 147] INFO: Start to update the input of 2022-02-23 09:10:00
2022-02-23 03:43:15,803 [simulator_env.py | 175] INFO: Get 63 unallocated orders, 0 ongoing orders, 0 completed orders.
2022-02-23 03:43:28,378 [simulator_env.py | 100] INFO: Finish the dispatch.
2022-02-23 03:43:28,381 [simulator_env.py | 278] INFO: 2022-02-23 09:10:00, Order 09000100000: state = 1 < 2, we can not finish the simulation
2022-02-23 03:43:28,383 [simulator_env.py | 87] INFO: **************************************************
2022-02-23 03:43:28,383 [simulator_env.py | 91] INFO: cur time: 2022-02-23 09:20:00, pre time: 2022-02-23 09:10:00
2022-02-23 03:43:28,384 [simulator_env.py | 147] INFO: Start to update the input of 2022-02-23 09:20:00
2022-02-23 03:43:28,427 [simulator_env.py | 175] INFO: Get 52 unallocated orders, 35 ongoing orders, 28 completed orders.
2022-02-23 03:43:40,133 [simulator_env.py | 100] INFO: Finish the dispatch.
2022-02-23 03:43:40,144 [simulator_env.py | 278] INFO: 2022-02-23 09:20:00, Order 09102900063: state = 1 < 2, we can not finish the simulation
2022-02-23 03:43:40,147 [simulator_env.py | 87] INFO: **************************************************
2022-02-23 03:43:40,148 [simulator_env.py | 91] INFO: cur time: 2022-02-23 09:30:00, pre time: 2022-02-23 09:20:00
2022-02-23 03:43:40,148 [simulator_env.py | 147] INFO: Start to update the input of 2022-02-23 09:30:00
2022-02-23 03:43:40,217 [simulator_env.py | 175] INFO: Get 39 unallocated orders, 25 ongoing orders, 90 completed orders.
2022-02-23 03:43:51,880 [simulator_env.py | 100] INFO: Finish the dispatch.
2022-02-23 03:43:51,890 [simulator_env.py | 278] INFO: 2022-02-23 09:30:00, Order 09200200115: state = 1 < 2, we can not finish the simulation
2022-02-23 03:43:51,894 [simulator_env.py | 87] INFO: **************************************************
2022-02-23 03:43:51,894 [simulator_env.py | 91] INFO: cur time: 2022-02-23 09:40:00, pre time: 2022-02-23 09:30:00
2022-02-23 03:43:51,895 [simulator_env.py | 147] INFO: Start to update the input of 2022-02-23 09:40:00
2022-02-23 03:43:51,950 [simulator_env.py | 175] INFO: Get 55 unallocated orders, 22 ongoing orders, 132 completed orders.
2022-02-23 03:44:03,718 [simulator_env.py | 100] INFO: Finish the dispatch.
2022-02-23 03:44:03,726 [simulator_env.py | 278] INFO: 2022-02-23 09:40:00, Order 09302400154: state = 1 < 2, we can not finish the simulation
2022-02-23 03:44:03,731 [simulator_env.py | 87] INFO: **************************************************
2022-02-23 03:44:03,731 [simulator_env.py | 91] INFO: cur time: 2022-02-23 09:50:00, pre time: 2022-02-23 09:40:00
2022-02-23 03:44:03,731 [simulator_env.py | 147] INFO: Start to update the input of 2022-02-23 09:50:00
2022-02-23 03:44:03,785 [simulator_env.py | 175] INFO: Get 60 unallocated orders, 38 ongoing orders, 171 completed orders.
2022-02-23 03:44:13,465 [simulator_env.py | 100] INFO: Finish the dispatch.
2022-02-23 03:44:13,473 [simulator_env.py | 278] INFO: 2022-02-23 09:50:00, Order 09401500209: state = 1 < 2, we can not finish the simulation
2022-02-23 03:44:13,480 [simulator_env.py | 87] INFO: **************************************************
2022-02-23 03:44:13,481 [simulator_env.py | 91] INFO: cur time: 2022-02-23 10:00:00, pre time: 2022-02-23 09:50:00
2022-02-23 03:44:13,481 [simulator_env.py | 147] INFO: Start to update the input of 2022-02-23 10:00:00
2022-02-23 03:44:13,578 [simulator_env.py | 175] INFO: Get 74 unallocated orders, 43 ongoing orders, 226 completed orders.
2022-02-23 03:44:22,100 [simulator_env.py | 100] INFO: Finish the dispatch.
2022-02-23 03:44:22,110 [simulator_env.py | 278] INFO: 2022-02-23 10:00:00, Order 09500200269: state = 1 < 2, we can not finish the simulation
2022-02-23 03:44:22,116 [simulator_env.py | 87] INFO: **************************************************
2022-02-23 03:44:22,116 [simulator_env.py | 91] INFO: cur time: 2022-02-23 10:10:00, pre time: 2022-02-23 10:00:00
2022-02-23 03:44:22,117 [simulator_env.py | 147] INFO: Start to update the input of 2022-02-23 10:10:00
2022-02-23 03:44:22,191 [simulator_env.py | 175] INFO: Get 73 unallocated orders, 48 ongoing orders, 295 completed orders.
2022-02-23 03:44:31,687 [simulator_env.py | 100] INFO: Finish the dispatch.
2022-02-23 03:44:31,696 [simulator_env.py | 278] INFO: 2022-02-23 10:10:00, Order 10000300343: state = 1 < 2, we can not finish the simulation
2022-02-23 03:44:31,702 [simulator_env.py | 87] INFO: **************************************************
2022-02-23 03:44:31,702 [simulator_env.py | 91] INFO: cur time: 2022-02-23 10:20:00, pre time: 2022-02-23 10:10:00
2022-02-23 03:44:31,703 [simulator_env.py | 147] INFO: Start to update the input of 2022-02-23 10:20:00
2022-02-23 03:44:31,774 [simulator_env.py | 175] INFO: Get 71 unallocated orders, 49 ongoing orders, 365 completed orders.
2022-02-23 03:44:40,992 [simulator_env.py | 100] INFO: Finish the dispatch.
2022-02-23 03:44:41,002 [simulator_env.py | 278] INFO: 2022-02-23 10:20:00, Order 10080200398: state = 1 < 2, we can not finish the simulation
2022-02-23 03:44:41,008 [simulator_env.py | 87] INFO: **************************************************
2022-02-23 03:44:41,008 [simulator_env.py | 91] INFO: cur time: 2022-02-23 10:30:00, pre time: 2022-02-23 10:20:00
2022-02-23 03:44:41,010 [simulator_env.py | 147] INFO: Start to update the input of 2022-02-23 10:30:00
2022-02-23 03:44:41,089 [simulator_env.py | 175] INFO: Get 68 unallocated orders, 51 ongoing orders, 433 completed orders.
2022-02-23 03:44:50,914 [simulator_env.py | 100] INFO: Finish the dispatch.
2022-02-23 03:44:50,937 [simulator_env.py | 278] INFO: 2022-02-23 10:30:00, Order 10195000482: state = 1 < 2, we can not finish the simulation
2022-02-23 03:44:50,944 [simulator_env.py | 87] INFO: **************************************************
2022-02-23 03:44:50,945 [simulator_env.py | 91] INFO: cur time: 2022-02-23 10:40:00, pre time: 2022-02-23 10:30:00
2022-02-23 03:44:50,949 [simulator_env.py | 147] INFO: Start to update the input of 2022-02-23 10:40:00
2022-02-23 03:44:51,044 [simulator_env.py | 175] INFO: Get 93 unallocated orders, 49 ongoing orders, 500 completed orders.
2022-02-23 03:45:04,119 [simulator_env.py | 100] INFO: Finish the dispatch.
2022-02-23 03:45:04,139 [simulator_env.py | 278] INFO: 2022-02-23 10:40:00, Order 10274900536: state = 1 < 2, we can not finish the simulation
2022-02-23 03:45:04,146 [simulator_env.py | 87] INFO: **************************************************
2022-02-23 03:45:04,147 [simulator_env.py | 91] INFO: cur time: 2022-02-23 10:50:00, pre time: 2022-02-23 10:40:00
2022-02-23 03:45:04,147 [simulator_env.py | 147] INFO: Start to update the input of 2022-02-23 10:50:00
2022-02-23 03:45:04,246 [simulator_env.py | 175] INFO: Get 92 unallocated orders, 54 ongoing orders, 575 completed orders.
2022-02-23 03:45:15,201 [simulator_env.py | 100] INFO: Finish the dispatch.
2022-02-23 03:45:15,221 [simulator_env.py | 278] INFO: 2022-02-23 10:50:00, Order 10372000617: state = 1 < 2, we can not finish the simulation
2022-02-23 03:45:15,230 [simulator_env.py | 87] INFO: **************************************************
2022-02-23 03:45:15,231 [simulator_env.py | 91] INFO: cur time: 2022-02-23 11:00:00, pre time: 2022-02-23 10:50:00
2022-02-23 03:45:15,234 [simulator_env.py | 147] INFO: Start to update the input of 2022-02-23 11:00:00
2022-02-23 03:45:15,332 [simulator_env.py | 175] INFO: Get 76 unallocated orders, 55 ongoing orders, 653 completed orders.
2022-02-23 03:45:25,454 [simulator_env.py | 100] INFO: Finish the dispatch.
2022-02-23 03:45:25,487 [simulator_env.py | 278] INFO: 2022-02-23 11:00:00, Order 10465000695: state = 1 < 2, we can not finish the simulation
2022-02-23 03:45:25,512 [simulator_env.py | 87] INFO: **************************************************
2022-02-23 03:45:25,513 [simulator_env.py | 91] INFO: cur time: 2022-02-23 11:10:00, pre time: 2022-02-23 11:00:00
2022-02-23 03:45:25,516 [simulator_env.py | 147] INFO: Start to update the input of 2022-02-23 11:10:00
2022-02-23 03:45:25,647 [simulator_env.py | 175] INFO: Get 86 unallocated orders, 44 ongoing orders, 735 completed orders.
2022-02-23 03:45:37,291 [simulator_env.py | 100] INFO: Finish the dispatch.
2022-02-23 03:45:37,308 [simulator_env.py | 278] INFO: 2022-02-23 11:10:00, Order 10545800748: state = 1 < 2, we can not finish the simulation
2022-02-23 03:45:37,316 [simulator_env.py | 87] INFO: **************************************************
2022-02-23 03:45:37,317 [simulator_env.py | 91] INFO: cur time: 2022-02-23 11:20:00, pre time: 2022-02-23 11:10:00
2022-02-23 03:45:37,320 [simulator_env.py | 147] INFO: Start to update the input of 2022-02-23 11:20:00
2022-02-23 03:45:37,406 [simulator_env.py | 175] INFO: Get 74 unallocated orders, 58 ongoing orders, 800 completed orders.
2022-02-23 03:45:46,715 [simulator_env.py | 100] INFO: Finish the dispatch.
2022-02-23 03:45:46,730 [simulator_env.py | 278] INFO: 2022-02-23 11:20:00, Order 11034200819: state = 1 < 2, we can not finish the simulation
2022-02-23 03:45:46,736 [simulator_env.py | 87] INFO: **************************************************
2022-02-23 03:45:46,737 [simulator_env.py | 91] INFO: cur time: 2022-02-23 11:30:00, pre time: 2022-02-23 11:20:00
2022-02-23 03:45:46,740 [simulator_env.py | 147] INFO: Start to update the input of 2022-02-23 11:30:00
2022-02-23 03:45:46,833 [simulator_env.py | 175] INFO: Get 77 unallocated orders, 38 ongoing orders, 884 completed orders.
2022-02-23 03:46:00,204 [simulator_env.py | 100] INFO: Finish the dispatch.
2022-02-23 03:46:00,222 [simulator_env.py | 278] INFO: 2022-02-23 11:30:00, Order 11105800871: state = 1 < 2, we can not finish the simulation
2022-02-23 03:46:00,229 [simulator_env.py | 87] INFO: **************************************************
2022-02-23 03:46:00,229 [simulator_env.py | 91] INFO: cur time: 2022-02-23 11:40:00, pre time: 2022-02-23 11:30:00
2022-02-23 03:46:00,230 [simulator_env.py | 147] INFO: Start to update the input of 2022-02-23 11:40:00
2022-02-23 03:46:00,370 [simulator_env.py | 175] INFO: Get 70 unallocated orders, 54 ongoing orders, 945 completed orders.
2022-02-23 03:46:13,676 [simulator_env.py | 100] INFO: Finish the dispatch.
2022-02-23 03:46:13,694 [simulator_env.py | 278] INFO: 2022-02-23 11:40:00, Order 11301200999: state = 1 < 2, we can not finish the simulation
2022-02-23 03:46:13,703 [simulator_env.py | 87] INFO: **************************************************
2022-02-23 03:46:13,704 [simulator_env.py | 91] INFO: cur time: 2022-02-23 11:50:00, pre time: 2022-02-23 11:40:00
2022-02-23 03:46:13,704 [simulator_env.py | 147] INFO: Start to update the input of 2022-02-23 11:50:00
2022-02-23 03:46:13,827 [simulator_env.py | 175] INFO: Get 64 unallocated orders, 47 ongoing orders, 1020 completed orders.
2022-02-23 03:46:25,824 [simulator_env.py | 100] INFO: Finish the dispatch.
2022-02-23 03:46:25,843 [simulator_env.py | 278] INFO: 2022-02-23 11:50:00, Order 11311201009: state = 1 < 2, we can not finish the simulation
2022-02-23 03:46:25,854 [simulator_env.py | 87] INFO: **************************************************
2022-02-23 03:46:25,856 [simulator_env.py | 91] INFO: cur time: 2022-02-23 12:00:00, pre time: 2022-02-23 11:50:00
2022-02-23 03:46:25,858 [simulator_env.py | 147] INFO: Start to update the input of 2022-02-23 12:00:00
2022-02-23 03:46:25,982 [simulator_env.py | 175] INFO: Get 73 unallocated orders, 50 ongoing orders, 1081 completed orders.
2022-02-23 03:46:37,238 [simulator_env.py | 100] INFO: Finish the dispatch.
2022-02-23 03:46:37,253 [simulator_env.py | 278] INFO: 2022-02-23 12:00:00, Order 11500101131: state = 1 < 2, we can not finish the simulation
2022-02-23 03:46:37,260 [simulator_env.py | 87] INFO: **************************************************
2022-02-23 03:46:37,260 [simulator_env.py | 91] INFO: cur time: 2022-02-23 12:10:00, pre time: 2022-02-23 12:00:00
2022-02-23 03:46:37,261 [simulator_env.py | 147] INFO: Start to update the input of 2022-02-23 12:10:00
2022-02-23 03:46:37,372 [simulator_env.py | 175] INFO: Get 39 unallocated orders, 49 ongoing orders, 1154 completed orders.
2022-02-23 03:46:46,877 [simulator_env.py | 100] INFO: Finish the dispatch.
2022-02-23 03:46:46,892 [simulator_env.py | 278] INFO: 2022-02-23 12:10:00, Order 11595701203: state = 1 < 2, we can not finish the simulation
2022-02-23 03:46:46,894 [simulator_env.py | 87] INFO: **************************************************
2022-02-23 03:46:46,895 [simulator_env.py | 91] INFO: cur time: 2022-02-23 12:20:00, pre time: 2022-02-23 12:10:00
2022-02-23 03:46:46,895 [simulator_env.py | 147] INFO: Start to update the input of 2022-02-23 12:20:00
2022-02-23 03:46:46,953 [simulator_env.py | 175] INFO: Get 36 unallocated orders, 24 ongoing orders, 1218 completed orders.
2022-02-23 03:47:00,492 [simulator_env.py | 100] INFO: Finish the dispatch.
2022-02-23 03:47:00,500 [simulator_env.py | 278] INFO: 2022-02-23 12:20:00, Order 12103101242: state = 1 < 2, we can not finish the simulation
2022-02-23 03:47:00,504 [simulator_env.py | 87] INFO: **************************************************
2022-02-23 03:47:00,505 [simulator_env.py | 91] INFO: cur time: 2022-02-23 12:30:00, pre time: 2022-02-23 12:20:00
2022-02-23 03:47:00,505 [simulator_env.py | 147] INFO: Start to update the input of 2022-02-23 12:30:00
2022-02-23 03:47:00,557 [simulator_env.py | 175] INFO: Get 42 unallocated orders, 24 ongoing orders, 1254 completed orders.
2022-02-23 03:47:11,665 [simulator_env.py | 100] INFO: Finish the dispatch.
2022-02-23 03:47:11,673 [simulator_env.py | 278] INFO: 2022-02-23 12:30:00, Order 12201701278: state = 1 < 2, we can not finish the simulation
2022-02-23 03:47:11,677 [simulator_env.py | 87] INFO: **************************************************
2022-02-23 03:47:11,678 [simulator_env.py | 91] INFO: cur time: 2022-02-23 12:40:00, pre time: 2022-02-23 12:30:00
2022-02-23 03:47:11,678 [simulator_env.py | 147] INFO: Start to update the input of 2022-02-23 12:40:00
2022-02-23 03:47:11,735 [simulator_env.py | 175] INFO: Get 37 unallocated orders, 25 ongoing orders, 1295 completed orders.
2022-02-23 03:47:21,903 [simulator_env.py | 100] INFO: Finish the dispatch.
2022-02-23 03:47:21,914 [simulator_env.py | 278] INFO: 2022-02-23 12:40:00, Order 12301301320: state = 1 < 2, we can not finish the simulation
2022-02-23 03:47:21,915 [simulator_env.py | 87] INFO: **************************************************
2022-02-23 03:47:21,915 [simulator_env.py | 91] INFO: cur time: 2022-02-23 12:50:00, pre time: 2022-02-23 12:40:00
2022-02-23 03:47:21,915 [simulator_env.py | 147] INFO: Start to update the input of 2022-02-23 12:50:00
2022-02-23 03:47:21,982 [simulator_env.py | 175] INFO: Get 41 unallocated orders, 26 ongoing orders, 1331 completed orders.
2022-02-23 03:47:31,602 [simulator_env.py | 100] INFO: Finish the dispatch.
2022-02-23 03:47:31,612 [simulator_env.py | 278] INFO: 2022-02-23 12:50:00, Order 12401001357: state = 1 < 2, we can not finish the simulation
2022-02-23 03:47:31,617 [simulator_env.py | 87] INFO: **************************************************
2022-02-23 03:47:31,617 [simulator_env.py | 91] INFO: cur time: 2022-02-23 13:00:00, pre time: 2022-02-23 12:50:00
2022-02-23 03:47:31,619 [simulator_env.py | 147] INFO: Start to update the input of 2022-02-23 13:00:00
2022-02-23 03:47:31,697 [simulator_env.py | 175] INFO: Get 29 unallocated orders, 25 ongoing orders, 1373 completed orders.
2022-02-23 03:47:42,221 [simulator_env.py | 100] INFO: Finish the dispatch.
2022-02-23 03:47:42,229 [simulator_env.py | 278] INFO: 2022-02-23 13:00:00, Order 12500701398: state = 1 < 2, we can not finish the simulation
2022-02-23 03:47:42,233 [simulator_env.py | 87] INFO: **************************************************
2022-02-23 03:47:42,233 [simulator_env.py | 91] INFO: cur time: 2022-02-23 13:10:00, pre time: 2022-02-23 13:00:00
2022-02-23 03:47:42,233 [simulator_env.py | 147] INFO: Start to update the input of 2022-02-23 13:10:00
2022-02-23 03:47:42,288 [simulator_env.py | 175] INFO: Get 21 unallocated orders, 22 ongoing orders, 1404 completed orders.
2022-02-23 03:47:53,004 [simulator_env.py | 100] INFO: Finish the dispatch.
2022-02-23 03:47:53,009 [simulator_env.py | 278] INFO: 2022-02-23 13:10:00, Order 12550101411: state = 1 < 2, we can not finish the simulation
2022-02-23 03:47:53,012 [simulator_env.py | 87] INFO: **************************************************
2022-02-23 03:47:53,012 [simulator_env.py | 91] INFO: cur time: 2022-02-23 13:20:00, pre time: 2022-02-23 13:10:00
2022-02-23 03:47:53,013 [simulator_env.py | 147] INFO: Start to update the input of 2022-02-23 13:20:00
2022-02-23 03:47:53,051 [simulator_env.py | 175] INFO: Get 39 unallocated orders, 14 ongoing orders, 1433 completed orders.
2022-02-23 03:48:07,736 [simulator_env.py | 100] INFO: Finish the dispatch.
2022-02-23 03:48:07,742 [simulator_env.py | 278] INFO: 2022-02-23 13:20:00, Order 13100801447: state = 1 < 2, we can not finish the simulation
2022-02-23 03:48:07,743 [simulator_env.py | 87] INFO: **************************************************
2022-02-23 03:48:07,744 [simulator_env.py | 91] INFO: cur time: 2022-02-23 13:30:00, pre time: 2022-02-23 13:20:00
2022-02-23 03:48:07,744 [simulator_env.py | 147] INFO: Start to update the input of 2022-02-23 13:30:00
2022-02-23 03:48:07,802 [simulator_env.py | 175] INFO: Get 32 unallocated orders, 24 ongoing orders, 1462 completed orders.
2022-02-23 03:48:17,724 [simulator_env.py | 100] INFO: Finish the dispatch.
2022-02-23 03:48:17,733 [simulator_env.py | 278] INFO: 2022-02-23 13:30:00, Order 13201501486: state = 1 < 2, we can not finish the simulation
2022-02-23 03:48:17,738 [simulator_env.py | 87] INFO: **************************************************
2022-02-23 03:48:17,739 [simulator_env.py | 91] INFO: cur time: 2022-02-23 13:40:00, pre time: 2022-02-23 13:30:00
2022-02-23 03:48:17,740 [simulator_env.py | 147] INFO: Start to update the input of 2022-02-23 13:40:00
2022-02-23 03:48:17,767 [simulator_env.py | 175] INFO: Get 24 unallocated orders, 19 ongoing orders, 1499 completed orders.
2022-02-23 03:48:29,941 [simulator_env.py | 100] INFO: Finish the dispatch.
2022-02-23 03:48:29,947 [simulator_env.py | 278] INFO: 2022-02-23 13:40:00, Order 13301301518: state = 1 < 2, we can not finish the simulation
2022-02-23 03:48:29,951 [simulator_env.py | 87] INFO: **************************************************
2022-02-23 03:48:29,951 [simulator_env.py | 91] INFO: cur time: 2022-02-23 13:50:00, pre time: 2022-02-23 13:40:00
2022-02-23 03:48:29,951 [simulator_env.py | 147] INFO: Start to update the input of 2022-02-23 13:50:00
2022-02-23 03:48:29,985 [simulator_env.py | 175] INFO: Get 28 unallocated orders, 14 ongoing orders, 1527 completed orders.
2022-02-23 03:48:40,155 [simulator_env.py | 100] INFO: Finish the dispatch.
2022-02-23 03:48:40,163 [simulator_env.py | 278] INFO: 2022-02-23 13:50:00, Order 13361901532: state = 1 < 2, we can not finish the simulation
2022-02-23 03:48:40,165 [simulator_env.py | 87] INFO: **************************************************
2022-02-23 03:48:40,165 [simulator_env.py | 91] INFO: cur time: 2022-02-23 14:00:00, pre time: 2022-02-23 13:50:00
2022-02-23 03:48:40,166 [simulator_env.py | 147] INFO: Start to update the input of 2022-02-23 14:00:00
2022-02-23 03:48:40,207 [simulator_env.py | 175] INFO: Get 23 unallocated orders, 20 ongoing orders, 1549 completed orders.
2022-02-23 03:48:50,114 [simulator_env.py | 100] INFO: Finish the dispatch.
2022-02-23 03:48:50,123 [simulator_env.py | 278] INFO: 2022-02-23 14:00:00, Order 13501601569: state = 1 < 2, we can not finish the simulation
2022-02-23 03:48:50,127 [simulator_env.py | 87] INFO: **************************************************
2022-02-23 03:48:50,127 [simulator_env.py | 91] INFO: cur time: 2022-02-23 14:10:00, pre time: 2022-02-23 14:00:00
2022-02-23 03:48:50,127 [simulator_env.py | 147] INFO: Start to update the input of 2022-02-23 14:10:00
2022-02-23 03:48:50,167 [simulator_env.py | 175] INFO: Get 24 unallocated orders, 14 ongoing orders, 1578 completed orders.
2022-02-23 03:49:01,675 [simulator_env.py | 100] INFO: Finish the dispatch.
2022-02-23 03:49:01,683 [simulator_env.py | 278] INFO: 2022-02-23 14:10:00, Order 14003701592: state = 1 < 2, we can not finish the simulation
2022-02-23 03:49:01,686 [simulator_env.py | 87] INFO: **************************************************
2022-02-23 03:49:01,687 [simulator_env.py | 91] INFO: cur time: 2022-02-23 14:20:00, pre time: 2022-02-23 14:10:00
2022-02-23 03:49:01,687 [simulator_env.py | 147] INFO: Start to update the input of 2022-02-23 14:20:00
2022-02-23 03:49:01,717 [simulator_env.py | 175] INFO: Get 23 unallocated orders, 16 ongoing orders, 1600 completed orders.
2022-02-23 03:49:12,572 [simulator_env.py | 100] INFO: Finish the dispatch.
2022-02-23 03:49:12,583 [simulator_env.py | 278] INFO: 2022-02-23 14:20:00, Order 14100201616: state = 1 < 2, we can not finish the simulation
2022-02-23 03:49:12,586 [simulator_env.py | 87] INFO: **************************************************
2022-02-23 03:49:12,587 [simulator_env.py | 91] INFO: cur time: 2022-02-23 14:30:00, pre time: 2022-02-23 14:20:00
2022-02-23 03:49:12,587 [simulator_env.py | 147] INFO: Start to update the input of 2022-02-23 14:30:00
2022-02-23 03:49:12,620 [simulator_env.py | 175] INFO: Get 30 unallocated orders, 14 ongoing orders, 1625 completed orders.
2022-02-23 03:49:25,590 [simulator_env.py | 100] INFO: Finish the dispatch.
2022-02-23 03:49:25,598 [simulator_env.py | 278] INFO: 2022-02-23 14:30:00, Order 14201501639: state = 1 < 2, we can not finish the simulation
2022-02-23 03:49:25,601 [simulator_env.py | 87] INFO: **************************************************
2022-02-23 03:49:25,601 [simulator_env.py | 91] INFO: cur time: 2022-02-23 14:40:00, pre time: 2022-02-23 14:30:00
2022-02-23 03:49:25,601 [simulator_env.py | 147] INFO: Start to update the input of 2022-02-23 14:40:00
2022-02-23 03:49:25,643 [simulator_env.py | 175] INFO: Get 27 unallocated orders, 23 ongoing orders, 1646 completed orders.
2022-02-23 03:49:35,653 [simulator_env.py | 100] INFO: Finish the dispatch.
2022-02-23 03:49:35,660 [simulator_env.py | 278] INFO: 2022-02-23 14:40:00, Order 14302001669: state = 1 < 2, we can not finish the simulation
2022-02-23 03:49:35,663 [simulator_env.py | 87] INFO: **************************************************
2022-02-23 03:49:35,664 [simulator_env.py | 91] INFO: cur time: 2022-02-23 14:50:00, pre time: 2022-02-23 14:40:00
2022-02-23 03:49:35,665 [simulator_env.py | 147] INFO: Start to update the input of 2022-02-23 14:50:00
2022-02-23 03:49:35,699 [simulator_env.py | 175] INFO: Get 27 unallocated orders, 15 ongoing orders, 1681 completed orders.
2022-02-23 03:49:44,639 [simulator_env.py | 100] INFO: Finish the dispatch.
2022-02-23 03:49:44,644 [simulator_env.py | 278] INFO: 2022-02-23 14:50:00, Order 14401601696: state = 1 < 2, we can not finish the simulation
2022-02-23 03:49:44,646 [simulator_env.py | 87] INFO: **************************************************
2022-02-23 03:49:44,647 [simulator_env.py | 91] INFO: cur time: 2022-02-23 15:00:00, pre time: 2022-02-23 14:50:00
2022-02-23 03:49:44,647 [simulator_env.py | 147] INFO: Start to update the input of 2022-02-23 15:00:00
2022-02-23 03:49:44,675 [simulator_env.py | 175] INFO: Get 26 unallocated orders, 15 ongoing orders, 1708 completed orders.
2022-02-23 03:49:53,364 [simulator_env.py | 100] INFO: Finish the dispatch.
2022-02-23 03:49:53,371 [simulator_env.py | 278] INFO: 2022-02-23 15:00:00, Order 14504101723: state = 1 < 2, we can not finish the simulation
2022-02-23 03:49:53,373 [simulator_env.py | 87] INFO: **************************************************
2022-02-23 03:49:53,373 [simulator_env.py | 91] INFO: cur time: 2022-02-23 15:10:00, pre time: 2022-02-23 15:00:00
2022-02-23 03:49:53,373 [simulator_env.py | 147] INFO: Start to update the input of 2022-02-23 15:10:00
2022-02-23 03:49:53,404 [simulator_env.py | 175] INFO: Get 0 unallocated orders, 20 ongoing orders, 1729 completed orders.
2022-02-23 03:50:03,190 [simulator_env.py | 100] INFO: Finish the dispatch.
2022-02-23 03:50:03,195 [simulator_env.py | 281] INFO: 2022-02-23 15:10:00, the status of all orders is greater than 1, we could finish the simulation
2022-02-23 03:50:03,204 [simulator_env.py | 124] INFO: finished the left ongoing orders
2022-02-23 03:50:03,206 [evaluator.py    | 116] INFO: Traveling Distance of driver D_1 is  48.100, visited node list: 17
2022-02-23 03:50:03,208 [evaluator.py    | 116] INFO: Traveling Distance of driver D_2 is  85.940, visited node list: 40
2022-02-23 03:50:03,209 [evaluator.py    | 116] INFO: Traveling Distance of driver D_3 is  109.150, visited node list: 43
2022-02-23 03:50:03,210 [evaluator.py    | 116] INFO: Traveling Distance of driver D_4 is  116.730, visited node list: 45
2022-02-23 03:50:03,212 [evaluator.py    | 116] INFO: Traveling Distance of driver D_5 is  124.660, visited node list: 43
2022-02-23 03:50:03,213 [evaluator.py    | 116] INFO: Traveling Distance of driver D_6 is  117.550, visited node list: 39
2022-02-23 03:50:03,214 [evaluator.py    | 116] INFO: Traveling Distance of driver D_7 is  114.770, visited node list: 41
2022-02-23 03:50:03,216 [evaluator.py    | 116] INFO: Traveling Distance of driver D_8 is  115.250, visited node list: 39
2022-02-23 03:50:03,217 [evaluator.py    | 116] INFO: Traveling Distance of driver D_9 is  81.470, visited node list: 27
2022-02-23 03:50:03,219 [evaluator.py    | 116] INFO: Traveling Distance of driver D_10 is  86.800, visited node list: 37
2022-02-23 03:50:03,221 [evaluator.py    | 116] INFO: Traveling Distance of driver D_11 is  120.500, visited node list: 43
2022-02-23 03:50:03,223 [evaluator.py    | 116] INFO: Traveling Distance of driver D_12 is  108.060, visited node list: 41
2022-02-23 03:50:03,224 [evaluator.py    | 116] INFO: Traveling Distance of driver D_13 is  114.430, visited node list: 39
2022-02-23 03:50:03,225 [evaluator.py    | 116] INFO: Traveling Distance of driver D_14 is  121.240, visited node list: 41
2022-02-23 03:50:03,226 [evaluator.py    | 116] INFO: Traveling Distance of driver D_15 is  117.120, visited node list: 43
2022-02-23 03:50:03,228 [evaluator.py    | 116] INFO: Traveling Distance of driver D_16 is  121.370, visited node list: 45
2022-02-23 03:50:03,230 [evaluator.py    | 116] INFO: Traveling Distance of driver D_17 is  128.540, visited node list: 43
2022-02-23 03:50:03,230 [evaluator.py    | 116] INFO: Traveling Distance of driver D_18 is  131.850, visited node list: 45
2022-02-23 03:50:03,231 [evaluator.py    | 116] INFO: Traveling Distance of driver D_19 is  117.200, visited node list: 45
2022-02-23 03:50:03,233 [evaluator.py    | 116] INFO: Traveling Distance of driver D_20 is  107.220, visited node list: 53
2022-02-23 03:50:03,234 [evaluator.py    | 116] INFO: Traveling Distance of driver D_21 is  120.020, visited node list: 45
2022-02-23 03:50:03,235 [evaluator.py    | 116] INFO: Traveling Distance of driver D_22 is  107.270, visited node list: 36
2022-02-23 03:50:03,238 [evaluator.py    | 116] INFO: Traveling Distance of driver D_23 is  109.660, visited node list: 47
2022-02-23 03:50:03,240 [evaluator.py    | 116] INFO: Traveling Distance of driver D_24 is  111.080, visited node list: 41
2022-02-23 03:50:03,243 [evaluator.py    | 116] INFO: Traveling Distance of driver D_25 is  120.210, visited node list: 45
2022-02-23 03:50:03,245 [evaluator.py    | 116] INFO: Traveling Distance of driver D_26 is  113.700, visited node list: 45
2022-02-23 03:50:03,245 [evaluator.py    | 116] INFO: Traveling Distance of driver D_27 is  108.460, visited node list: 44
2022-02-23 03:50:03,246 [evaluator.py    | 116] INFO: Traveling Distance of driver D_28 is  112.220, visited node list: 49
2022-02-23 03:50:03,246 [evaluator.py    | 116] INFO: Traveling Distance of driver D_29 is  130.140, visited node list: 51
2022-02-23 03:50:03,247 [evaluator.py    | 116] INFO: Traveling Distance of driver D_30 is  122.600, visited node list: 43
2022-02-23 03:50:03,248 [evaluator.py    | 116] INFO: Traveling Distance of driver D_31 is  117.980, visited node list: 49
2022-02-23 03:50:03,249 [evaluator.py    | 116] INFO: Traveling Distance of driver D_32 is  122.370, visited node list: 45
2022-02-23 03:50:03,249 [evaluator.py    | 116] INFO: Traveling Distance of driver D_33 is  107.440, visited node list: 37
2022-02-23 03:50:03,250 [evaluator.py    | 116] INFO: Traveling Distance of driver D_34 is  126.170, visited node list: 45
2022-02-23 03:50:03,253 [evaluator.py    | 116] INFO: Traveling Distance of driver D_35 is  125.340, visited node list: 47
2022-02-23 03:50:03,254 [evaluator.py    | 116] INFO: Traveling Distance of driver D_36 is  114.540, visited node list: 44
2022-02-23 03:50:03,256 [evaluator.py    | 116] INFO: Traveling Distance of driver D_37 is  115.000, visited node list: 43
2022-02-23 03:50:03,257 [evaluator.py    | 116] INFO: Traveling Distance of driver D_38 is  105.420, visited node list: 43
2022-02-23 03:50:03,257 [evaluator.py    | 116] INFO: Traveling Distance of driver D_39 is  107.470, visited node list: 49
2022-02-23 03:50:03,258 [evaluator.py    | 116] INFO: Traveling Distance of driver D_40 is  118.430, visited node list: 47
2022-02-23 03:50:03,259 [evaluator.py    | 116] INFO: Traveling Distance of driver D_41 is  120.410, visited node list: 43
2022-02-23 03:50:03,259 [evaluator.py    | 116] INFO: Traveling Distance of driver D_42 is  101.760, visited node list: 39
2022-02-23 03:50:03,260 [evaluator.py    | 116] INFO: Traveling Distance of driver D_43 is  107.010, visited node list: 47
2022-02-23 03:50:03,262 [evaluator.py    | 116] INFO: Traveling Distance of driver D_44 is  126.330, visited node list: 43
2022-02-23 03:50:03,263 [evaluator.py    | 116] INFO: Traveling Distance of driver D_45 is  85.870, visited node list: 31
2022-02-23 03:50:03,264 [evaluator.py    | 116] INFO: Traveling Distance of driver D_46 is  70.480, visited node list: 27
2022-02-23 03:50:03,264 [evaluator.py    | 116] INFO: Traveling Distance of driver D_47 is  96.970, visited node list: 32
2022-02-23 03:50:03,265 [evaluator.py    | 116] INFO: Traveling Distance of driver D_48 is  108.280, visited node list: 44
2022-02-23 03:50:03,266 [evaluator.py    | 116] INFO: Traveling Distance of driver D_49 is  96.040, visited node list: 41
2022-02-23 03:50:03,268 [evaluator.py    | 116] INFO: Traveling Distance of driver D_50 is  99.940, visited node list: 43
2022-02-23 03:50:03,270 [evaluator.py    | 116] INFO: Traveling Distance of driver D_51 is  99.640, visited node list: 37
2022-02-23 03:50:03,273 [evaluator.py    | 116] INFO: Traveling Distance of driver D_52 is  89.510, visited node list: 32
2022-02-23 03:50:03,274 [evaluator.py    | 116] INFO: Traveling Distance of driver D_53 is  89.870, visited node list: 35
2022-02-23 03:50:03,274 [evaluator.py    | 116] INFO: Traveling Distance of driver D_54 is  84.390, visited node list: 35
2022-02-23 03:50:03,275 [evaluator.py    | 116] INFO: Traveling Distance of driver D_55 is  77.920, visited node list: 31
2022-02-23 03:50:03,275 [evaluator.py    | 116] INFO: Traveling Distance of driver D_56 is  79.970, visited node list: 35
2022-02-23 03:50:03,275 [evaluator.py    | 116] INFO: Traveling Distance of driver D_57 is  87.760, visited node list: 31
2022-02-23 03:50:03,276 [evaluator.py    | 116] INFO: Traveling Distance of driver D_58 is  74.980, visited node list: 27
2022-02-23 03:50:03,276 [evaluator.py    | 116] INFO: Traveling Distance of driver D_59 is  69.890, visited node list: 22
2022-02-23 03:50:03,276 [evaluator.py    | 116] INFO: Traveling Distance of driver D_60 is  77.130, visited node list: 27
2022-02-23 03:50:03,277 [evaluator.py    | 116] INFO: Traveling Distance of driver D_61 is  73.330, visited node list: 33
2022-02-23 03:50:03,277 [evaluator.py    | 116] INFO: Traveling Distance of driver D_62 is  76.210, visited node list: 27
2022-02-23 03:50:03,278 [evaluator.py    | 116] INFO: Traveling Distance of driver D_63 is  84.650, visited node list: 29
2022-02-23 03:50:03,279 [evaluator.py    | 116] INFO: Traveling Distance of driver D_64 is  62.690, visited node list: 23
2022-02-23 03:50:03,279 [evaluator.py    | 116] INFO: Traveling Distance of driver D_65 is  53.570, visited node list: 27
2022-02-23 03:50:03,279 [evaluator.py    | 116] INFO: Traveling Distance of driver D_66 is  66.640, visited node list: 25
2022-02-23 03:50:03,280 [evaluator.py    | 116] INFO: Traveling Distance of driver D_67 is  78.060, visited node list: 29
2022-02-23 03:50:03,281 [evaluator.py    | 116] INFO: Traveling Distance of driver D_68 is  60.640, visited node list: 29
2022-02-23 03:50:03,282 [evaluator.py    | 116] INFO: Traveling Distance of driver D_69 is  61.440, visited node list: 27
2022-02-23 03:50:03,283 [evaluator.py    | 116] INFO: Traveling Distance of driver D_70 is  55.310, visited node list: 25
2022-02-23 03:50:03,283 [evaluator.py    | 116] INFO: Traveling Distance of driver D_71 is  51.000, visited node list: 17
2022-02-23 03:50:03,284 [evaluator.py    | 116] INFO: Traveling Distance of driver D_72 is  74.110, visited node list: 27
2022-02-23 03:50:03,284 [evaluator.py    | 116] INFO: Traveling Distance of driver D_73 is  51.430, visited node list: 19
2022-02-23 03:50:03,285 [evaluator.py    | 116] INFO: Traveling Distance of driver D_74 is  54.760, visited node list: 21
2022-02-23 03:50:03,288 [evaluator.py    | 116] INFO: Traveling Distance of driver D_75 is  55.420, visited node list: 25
2022-02-23 03:50:03,291 [evaluator.py    | 116] INFO: Traveling Distance of driver D_76 is  69.420, visited node list: 25
2022-02-23 03:50:03,291 [evaluator.py    | 116] INFO: Traveling Distance of driver D_77 is  57.000, visited node list: 21
2022-02-23 03:50:03,292 [evaluator.py    | 116] INFO: Traveling Distance of driver D_78 is  61.530, visited node list: 29
2022-02-23 03:50:03,292 [evaluator.py    | 116] INFO: Traveling Distance of driver D_79 is  61.750, visited node list: 27
2022-02-23 03:50:03,293 [evaluator.py    | 116] INFO: Traveling Distance of driver D_80 is  47.380, visited node list: 23
2022-02-23 03:50:03,293 [evaluator.py    | 116] INFO: Traveling Distance of driver D_81 is  46.590, visited node list: 19
2022-02-23 03:50:03,293 [evaluator.py    | 116] INFO: Traveling Distance of driver D_82 is  51.760, visited node list: 23
2022-02-23 03:50:03,294 [evaluator.py    | 116] INFO: Traveling Distance of driver D_83 is  55.200, visited node list: 21
2022-02-23 03:50:03,294 [evaluator.py    | 116] INFO: Traveling Distance of driver D_84 is  45.310, visited node list: 21
2022-02-23 03:50:03,295 [evaluator.py    | 116] INFO: Traveling Distance of driver D_85 is  54.130, visited node list: 20
2022-02-23 03:50:03,295 [evaluator.py    | 116] INFO: Traveling Distance of driver D_86 is  50.270, visited node list: 19
2022-02-23 03:50:03,295 [evaluator.py    | 116] INFO: Traveling Distance of driver D_87 is  51.230, visited node list: 19
2022-02-23 03:50:03,296 [evaluator.py    | 116] INFO: Traveling Distance of driver D_88 is  38.790, visited node list: 17
2022-02-23 03:50:03,296 [evaluator.py    | 116] INFO: Traveling Distance of driver D_89 is  49.350, visited node list: 17
2022-02-23 03:50:03,297 [evaluator.py    | 116] INFO: Traveling Distance of driver D_90 is  56.720, visited node list: 23
2022-02-23 03:50:03,297 [evaluator.py    | 116] INFO: Traveling Distance of driver D_91 is  50.490, visited node list: 21
2022-02-23 03:50:03,297 [evaluator.py    | 116] INFO: Traveling Distance of driver D_92 is  47.030, visited node list: 19
2022-02-23 03:50:03,297 [evaluator.py    | 116] INFO: Traveling Distance of driver D_93 is  50.160, visited node list: 17
2022-02-23 03:50:03,298 [evaluator.py    | 116] INFO: Traveling Distance of driver D_94 is  49.120, visited node list: 13
2022-02-23 03:50:03,299 [evaluator.py    | 116] INFO: Traveling Distance of driver D_95 is  52.790, visited node list: 17
2022-02-23 03:50:03,299 [evaluator.py    | 116] INFO: Traveling Distance of driver D_96 is  46.840, visited node list: 15
2022-02-23 03:50:03,300 [evaluator.py    | 116] INFO: Traveling Distance of driver D_97 is  53.110, visited node list: 19
2022-02-23 03:50:03,301 [evaluator.py    | 116] INFO: Traveling Distance of driver D_98 is  44.810, visited node list: 19
2022-02-23 03:50:03,301 [evaluator.py    | 116] INFO: Traveling Distance of driver D_99 is  42.770, visited node list: 17
2022-02-23 03:50:03,308 [evaluator.py    | 116] INFO: Traveling Distance of driver D_100 is  50.070, visited node list: 17
2022-02-23 03:50:03,308 [evaluator.py    | 116] INFO: Traveling Distance of driver D_101 is  48.200, visited node list: 21
2022-02-23 03:50:03,309 [evaluator.py    | 116] INFO: Traveling Distance of driver D_102 is  43.620, visited node list: 17
2022-02-23 03:50:03,309 [evaluator.py    | 116] INFO: Traveling Distance of driver D_103 is  43.580, visited node list: 17
2022-02-23 03:50:03,309 [evaluator.py    | 116] INFO: Traveling Distance of driver D_104 is  37.480, visited node list: 15
2022-02-23 03:50:03,309 [evaluator.py    | 116] INFO: Traveling Distance of driver D_105 is  37.150, visited node list: 19
2022-02-23 03:50:03,311 [evaluator.py    | 116] INFO: Traveling Distance of driver D_106 is  43.110, visited node list: 17
2022-02-23 03:50:03,311 [evaluator.py    | 116] INFO: Traveling Distance of driver D_107 is  43.880, visited node list: 15
2022-02-23 03:50:03,312 [evaluator.py    | 116] INFO: Traveling Distance of driver D_108 is  45.660, visited node list: 15
2022-02-23 03:50:03,312 [evaluator.py    | 116] INFO: Traveling Distance of driver D_109 is  46.170, visited node list: 17
2022-02-23 03:50:03,312 [evaluator.py    | 116] INFO: Traveling Distance of driver D_110 is  39.730, visited node list: 15
2022-02-23 03:50:03,313 [evaluator.py    | 116] INFO: Traveling Distance of driver D_111 is  43.120, visited node list: 15
2022-02-23 03:50:03,313 [evaluator.py    | 116] INFO: Traveling Distance of driver D_112 is  41.540, visited node list: 17
2022-02-23 03:50:03,313 [evaluator.py    | 116] INFO: Traveling Distance of driver D_113 is  38.960, visited node list: 15
2022-02-23 03:50:03,313 [evaluator.py    | 116] INFO: Traveling Distance of driver D_114 is  38.850, visited node list: 15
2022-02-23 03:50:03,314 [evaluator.py    | 116] INFO: Traveling Distance of driver D_115 is  38.680, visited node list: 13
2022-02-23 03:50:03,314 [evaluator.py    | 116] INFO: Traveling Distance of driver D_116 is  36.170, visited node list: 14
2022-02-23 03:50:03,314 [evaluator.py    | 116] INFO: Traveling Distance of driver D_117 is  46.350, visited node list: 17
2022-02-23 03:50:03,315 [evaluator.py    | 116] INFO: Traveling Distance of driver D_118 is  30.100, visited node list: 15
2022-02-23 03:50:03,316 [evaluator.py    | 116] INFO: Traveling Distance of driver D_119 is  28.730, visited node list: 19
2022-02-23 03:50:03,317 [evaluator.py    | 116] INFO: Traveling Distance of driver D_120 is  38.040, visited node list: 13
2022-02-23 03:50:03,317 [evaluator.py    | 18] INFO: Total distance:  9399.620
2022-02-23 03:50:03,684 [evaluator.py    | 22] INFO: Sum over time:  0.000
2022-02-23 03:50:03,684 [evaluator.py    | 26] INFO: Total score:  78.330
2022-02-23 03:50:04,324 [main.py         | 43] INFO: Score of instance_45: 78.33016666666671
