2022-02-23 01:38:19,900 [main.py         | 38] INFO: Start to run /Users/yangjingfeng/Library/CloudStorage/OneDrive-Personal/Public/PhD Study/Papers/Food_Delivery/Code/Food_delivery_simulator/Benchmark/Instance_medium: instance_4
2022-02-23 01:38:19,904 [simulator_api.py | 43] INFO: Start time of the simulator: 2022-02-23 09:00:00, time interval:  600.00
2022-02-23 01:38:20,808 [input_utils.py  | 35] INFO: Get 3052 locations
2022-02-23 01:38:21,122 [input_utils.py  | 39] INFO: Get 95 drivers
2022-02-23 01:38:21,667 [input_utils.py  | 43] INFO: Get 1498 orders
2022-02-23 01:38:21,668 [simulator_api.py | 75] INFO: Initial position of D_1 is 371 Beach Rd, Singapore 199597, Singapore
2022-02-23 01:38:21,668 [simulator_api.py | 75] INFO: Initial position of D_2 is Bukit Merah View Market & Hawker Centre
2022-02-23 01:38:21,668 [simulator_api.py | 75] INFO: Initial position of D_3 is 417 River Valley Rd, Singapore 248316, Singapore
2022-02-23 01:38:21,668 [simulator_api.py | 75] INFO: Initial position of D_4 is 54 South Bridge Rd, Singapore 058685, Singapore
2022-02-23 01:38:21,668 [simulator_api.py | 75] INFO: Initial position of D_5 is Bukit Merah View Market & Hawker Centre
2022-02-23 01:38:21,668 [simulator_api.py | 75] INFO: Initial position of D_6 is Maxwell Food Centre
2022-02-23 01:38:21,668 [simulator_api.py | 75] INFO: Initial position of D_7 is Alexandra Village Food Centre
2022-02-23 01:38:21,668 [simulator_api.py | 75] INFO: Initial position of D_8 is Golden Mile Food Centre
2022-02-23 01:38:21,668 [simulator_api.py | 75] INFO: Initial position of D_9 is Amoy Street Food Centre
2022-02-23 01:38:21,669 [simulator_api.py | 75] INFO: Initial position of D_10 is Bukit Merah View Market & Hawker Centre
2022-02-23 01:38:21,669 [simulator_api.py | 75] INFO: Initial position of D_11 is 54 South Bridge Rd, Singapore 058685, Singapore
2022-02-23 01:38:21,669 [simulator_api.py | 75] INFO: Initial position of D_12 is 417 River Valley Rd, Singapore 248316, Singapore
2022-02-23 01:38:21,669 [simulator_api.py | 75] INFO: Initial position of D_13 is 371 Beach Rd, Singapore 199597, Singapore
2022-02-23 01:38:21,669 [simulator_api.py | 75] INFO: Initial position of D_14 is Alexandra Village Food Centre
2022-02-23 01:38:21,669 [simulator_api.py | 75] INFO: Initial position of D_15 is Amoy Street Food Centre
2022-02-23 01:38:21,669 [simulator_api.py | 75] INFO: Initial position of D_16 is Tiong Bahru Market
2022-02-23 01:38:21,669 [simulator_api.py | 75] INFO: Initial position of D_17 is 66 Kg Bugis, Singapore 338987, Singapore
2022-02-23 01:38:21,669 [simulator_api.py | 75] INFO: Initial position of D_18 is 54 South Bridge Rd, Singapore 058685, Singapore
2022-02-23 01:38:21,669 [simulator_api.py | 75] INFO: Initial position of D_19 is 54 South Bridge Rd, Singapore 058685, Singapore
2022-02-23 01:38:21,669 [simulator_api.py | 75] INFO: Initial position of D_20 is 37 Cuppage Rd, Singapore 229460, Singapore
2022-02-23 01:38:21,669 [simulator_api.py | 75] INFO: Initial position of D_21 is Golden Mile Food Centre
2022-02-23 01:38:21,669 [simulator_api.py | 75] INFO: Initial position of D_22 is Old Airport Road Food Centre
2022-02-23 01:38:21,670 [simulator_api.py | 75] INFO: Initial position of D_23 is Alexandra Village Food Centre
2022-02-23 01:38:21,670 [simulator_api.py | 75] INFO: Initial position of D_24 is Old Airport Road Food Centre
2022-02-23 01:38:21,670 [simulator_api.py | 75] INFO: Initial position of D_25 is 417 River Valley Rd, Singapore 248316, Singapore
2022-02-23 01:38:21,670 [simulator_api.py | 75] INFO: Initial position of D_26 is Hong Lim Food Centre
2022-02-23 01:38:21,670 [simulator_api.py | 75] INFO: Initial position of D_27 is 66 Kg Bugis, Singapore 338987, Singapore
2022-02-23 01:38:21,670 [simulator_api.py | 75] INFO: Initial position of D_28 is 417 River Valley Rd, Singapore 248316, Singapore
2022-02-23 01:38:21,670 [simulator_api.py | 75] INFO: Initial position of D_29 is Alexandra Village Food Centre
2022-02-23 01:38:21,670 [simulator_api.py | 75] INFO: Initial position of D_30 is 54 South Bridge Rd, Singapore 058685, Singapore
2022-02-23 01:38:21,671 [simulator_api.py | 75] INFO: Initial position of D_31 is Golden Mile Food Centre
2022-02-23 01:38:21,671 [simulator_api.py | 75] INFO: Initial position of D_32 is 36 Boat Quay, Singapore 049825, Singapore
2022-02-23 01:38:21,671 [simulator_api.py | 75] INFO: Initial position of D_33 is 417 River Valley Rd, Singapore 248316, Singapore
2022-02-23 01:38:21,671 [simulator_api.py | 75] INFO: Initial position of D_34 is 66 Kg Bugis, Singapore 338987, Singapore
2022-02-23 01:38:21,671 [simulator_api.py | 75] INFO: Initial position of D_35 is 54 South Bridge Rd, Singapore 058685, Singapore
2022-02-23 01:38:21,671 [simulator_api.py | 75] INFO: Initial position of D_36 is Old Airport Road Food Centre
2022-02-23 01:38:21,671 [simulator_api.py | 75] INFO: Initial position of D_37 is Alexandra Village Food Centre
2022-02-23 01:38:21,671 [simulator_api.py | 75] INFO: Initial position of D_38 is Hong Lim Food Centre
2022-02-23 01:38:21,671 [simulator_api.py | 75] INFO: Initial position of D_39 is 36 Boat Quay, Singapore 049825, Singapore
2022-02-23 01:38:21,671 [simulator_api.py | 75] INFO: Initial position of D_40 is Hong Lim Food Centre
2022-02-23 01:38:21,671 [simulator_api.py | 75] INFO: Initial position of D_41 is 54 South Bridge Rd, Singapore 058685, Singapore
2022-02-23 01:38:21,672 [simulator_api.py | 75] INFO: Initial position of D_42 is 371 Beach Rd, Singapore 199597, Singapore
2022-02-23 01:38:21,672 [simulator_api.py | 75] INFO: Initial position of D_43 is Zion Riverside Food Centre
2022-02-23 01:38:21,672 [simulator_api.py | 75] INFO: Initial position of D_44 is Tiong Bahru Market
2022-02-23 01:38:21,672 [simulator_api.py | 75] INFO: Initial position of D_45 is Amoy Street Food Centre
2022-02-23 01:38:21,672 [simulator_api.py | 75] INFO: Initial position of D_46 is Golden Mile Food Centre
2022-02-23 01:38:21,672 [simulator_api.py | 75] INFO: Initial position of D_47 is Hong Lim Food Centre
2022-02-23 01:38:21,672 [simulator_api.py | 75] INFO: Initial position of D_48 is Tiong Bahru Market
2022-02-23 01:38:21,672 [simulator_api.py | 75] INFO: Initial position of D_49 is Bukit Merah View Market & Hawker Centre
2022-02-23 01:38:21,672 [simulator_api.py | 75] INFO: Initial position of D_50 is Tiong Bahru Market
2022-02-23 01:38:21,674 [simulator_api.py | 75] INFO: Initial position of D_51 is 66 Kg Bugis, Singapore 338987, Singapore
2022-02-23 01:38:21,674 [simulator_api.py | 75] INFO: Initial position of D_52 is Zion Riverside Food Centre
2022-02-23 01:38:21,674 [simulator_api.py | 75] INFO: Initial position of D_53 is 54 South Bridge Rd, Singapore 058685, Singapore
2022-02-23 01:38:21,674 [simulator_api.py | 75] INFO: Initial position of D_54 is 37 Cuppage Rd, Singapore 229460, Singapore
2022-02-23 01:38:21,674 [simulator_api.py | 75] INFO: Initial position of D_55 is Golden Mile Food Centre
2022-02-23 01:38:21,674 [simulator_api.py | 75] INFO: Initial position of D_56 is Amoy Street Food Centre
2022-02-23 01:38:21,674 [simulator_api.py | 75] INFO: Initial position of D_57 is Amoy Street Food Centre
2022-02-23 01:38:21,674 [simulator_api.py | 75] INFO: Initial position of D_58 is 371 Beach Rd, Singapore 199597, Singapore
2022-02-23 01:38:21,674 [simulator_api.py | 75] INFO: Initial position of D_59 is Golden Mile Food Centre
2022-02-23 01:38:21,676 [simulator_api.py | 75] INFO: Initial position of D_60 is Alexandra Village Food Centre
2022-02-23 01:38:21,676 [simulator_api.py | 75] INFO: Initial position of D_61 is Maxwell Food Centre
2022-02-23 01:38:21,676 [simulator_api.py | 75] INFO: Initial position of D_62 is 417 River Valley Rd, Singapore 248316, Singapore
2022-02-23 01:38:21,676 [simulator_api.py | 75] INFO: Initial position of D_63 is 54 South Bridge Rd, Singapore 058685, Singapore
2022-02-23 01:38:21,676 [simulator_api.py | 75] INFO: Initial position of D_64 is Golden Mile Food Centre
2022-02-23 01:38:21,676 [simulator_api.py | 75] INFO: Initial position of D_65 is 54 South Bridge Rd, Singapore 058685, Singapore
2022-02-23 01:38:21,676 [simulator_api.py | 75] INFO: Initial position of D_66 is Maxwell Food Centre
2022-02-23 01:38:21,676 [simulator_api.py | 75] INFO: Initial position of D_67 is Hong Lim Food Centre
2022-02-23 01:38:21,676 [simulator_api.py | 75] INFO: Initial position of D_68 is 36 Boat Quay, Singapore 049825, Singapore
2022-02-23 01:38:21,676 [simulator_api.py | 75] INFO: Initial position of D_69 is 371 Beach Rd, Singapore 199597, Singapore
2022-02-23 01:38:21,676 [simulator_api.py | 75] INFO: Initial position of D_70 is Bukit Merah View Market & Hawker Centre
2022-02-23 01:38:21,677 [simulator_api.py | 75] INFO: Initial position of D_71 is 36 Boat Quay, Singapore 049825, Singapore
2022-02-23 01:38:21,677 [simulator_api.py | 75] INFO: Initial position of D_72 is 371 Beach Rd, Singapore 199597, Singapore
2022-02-23 01:38:21,677 [simulator_api.py | 75] INFO: Initial position of D_73 is 417 River Valley Rd, Singapore 248316, Singapore
2022-02-23 01:38:21,678 [simulator_api.py | 75] INFO: Initial position of D_74 is Zion Riverside Food Centre
2022-02-23 01:38:21,678 [simulator_api.py | 75] INFO: Initial position of D_75 is Zion Riverside Food Centre
2022-02-23 01:38:21,678 [simulator_api.py | 75] INFO: Initial position of D_76 is Maxwell Food Centre
2022-02-23 01:38:21,678 [simulator_api.py | 75] INFO: Initial position of D_77 is 66 Kg Bugis, Singapore 338987, Singapore
2022-02-23 01:38:21,678 [simulator_api.py | 75] INFO: Initial position of D_78 is Amoy Street Food Centre
2022-02-23 01:38:21,679 [simulator_api.py | 75] INFO: Initial position of D_79 is 371 Beach Rd, Singapore 199597, Singapore
2022-02-23 01:38:21,679 [simulator_api.py | 75] INFO: Initial position of D_80 is 371 Beach Rd, Singapore 199597, Singapore
2022-02-23 01:38:21,679 [simulator_api.py | 75] INFO: Initial position of D_81 is Tiong Bahru Market
2022-02-23 01:38:21,679 [simulator_api.py | 75] INFO: Initial position of D_82 is 37 Cuppage Rd, Singapore 229460, Singapore
2022-02-23 01:38:21,679 [simulator_api.py | 75] INFO: Initial position of D_83 is 36 Boat Quay, Singapore 049825, Singapore
2022-02-23 01:38:21,679 [simulator_api.py | 75] INFO: Initial position of D_84 is Tiong Bahru Market
2022-02-23 01:38:21,679 [simulator_api.py | 75] INFO: Initial position of D_85 is 36 Boat Quay, Singapore 049825, Singapore
2022-02-23 01:38:21,679 [simulator_api.py | 75] INFO: Initial position of D_86 is 371 Beach Rd, Singapore 199597, Singapore
2022-02-23 01:38:21,679 [simulator_api.py | 75] INFO: Initial position of D_87 is Hong Lim Food Centre
2022-02-23 01:38:21,680 [simulator_api.py | 75] INFO: Initial position of D_88 is 37 Cuppage Rd, Singapore 229460, Singapore
2022-02-23 01:38:21,680 [simulator_api.py | 75] INFO: Initial position of D_89 is 54 South Bridge Rd, Singapore 058685, Singapore
2022-02-23 01:38:21,680 [simulator_api.py | 75] INFO: Initial position of D_90 is 66 Kg Bugis, Singapore 338987, Singapore
2022-02-23 01:38:21,680 [simulator_api.py | 75] INFO: Initial position of D_91 is 37 Cuppage Rd, Singapore 229460, Singapore
2022-02-23 01:38:21,680 [simulator_api.py | 75] INFO: Initial position of D_92 is 37 Cuppage Rd, Singapore 229460, Singapore
2022-02-23 01:38:21,680 [simulator_api.py | 75] INFO: Initial position of D_93 is 417 River Valley Rd, Singapore 248316, Singapore
2022-02-23 01:38:21,682 [simulator_api.py | 75] INFO: Initial position of D_94 is Old Airport Road Food Centre
2022-02-23 01:38:21,682 [simulator_api.py | 75] INFO: Initial position of D_95 is 417 River Valley Rd, Singapore 248316, Singapore
2022-02-23 01:38:21,704 [simulator_env.py | 87] INFO: **************************************************
2022-02-23 01:38:21,704 [simulator_env.py | 91] INFO: cur time: 2022-02-23 09:10:00, pre time: 2022-02-23 09:00:00
2022-02-23 01:38:21,704 [simulator_env.py | 147] INFO: Start to update the input of 2022-02-23 09:10:00
2022-02-23 01:38:21,707 [simulator_env.py | 175] INFO: Get 39 unallocated orders, 0 ongoing orders, 0 completed orders.
2022-02-23 01:38:22,997 [simulator_env.py | 100] INFO: Finish the dispatch.
2022-02-23 01:38:22,999 [simulator_env.py | 278] INFO: 2022-02-23 09:10:00, Order 09001400000: state = 1 < 2, we can not finish the simulation
2022-02-23 01:38:22,999 [simulator_env.py | 87] INFO: **************************************************
2022-02-23 01:38:22,999 [simulator_env.py | 91] INFO: cur time: 2022-02-23 09:20:00, pre time: 2022-02-23 09:10:00
2022-02-23 01:38:22,999 [simulator_env.py | 147] INFO: Start to update the input of 2022-02-23 09:20:00
2022-02-23 01:38:23,010 [simulator_env.py | 175] INFO: Get 40 unallocated orders, 16 ongoing orders, 23 completed orders.
2022-02-23 01:38:24,353 [simulator_env.py | 100] INFO: Finish the dispatch.
2022-02-23 01:38:24,356 [simulator_env.py | 278] INFO: 2022-02-23 09:20:00, Order 09102300039: state = 1 < 2, we can not finish the simulation
2022-02-23 01:38:24,356 [simulator_env.py | 87] INFO: **************************************************
2022-02-23 01:38:24,357 [simulator_env.py | 91] INFO: cur time: 2022-02-23 09:30:00, pre time: 2022-02-23 09:20:00
2022-02-23 01:38:24,357 [simulator_env.py | 147] INFO: Start to update the input of 2022-02-23 09:30:00
2022-02-23 01:38:24,368 [simulator_env.py | 175] INFO: Get 45 unallocated orders, 19 ongoing orders, 60 completed orders.
2022-02-23 01:38:25,987 [simulator_env.py | 100] INFO: Finish the dispatch.
2022-02-23 01:38:25,990 [simulator_env.py | 278] INFO: 2022-02-23 09:30:00, Order 09201200079: state = 1 < 2, we can not finish the simulation
2022-02-23 01:38:25,991 [simulator_env.py | 87] INFO: **************************************************
2022-02-23 01:38:25,992 [simulator_env.py | 91] INFO: cur time: 2022-02-23 09:40:00, pre time: 2022-02-23 09:30:00
2022-02-23 01:38:25,992 [simulator_env.py | 147] INFO: Start to update the input of 2022-02-23 09:40:00
2022-02-23 01:38:26,010 [simulator_env.py | 175] INFO: Get 55 unallocated orders, 25 ongoing orders, 99 completed orders.
2022-02-23 01:38:27,641 [simulator_env.py | 100] INFO: Finish the dispatch.
2022-02-23 01:38:27,645 [simulator_env.py | 278] INFO: 2022-02-23 09:40:00, Order 09302300124: state = 1 < 2, we can not finish the simulation
2022-02-23 01:38:27,647 [simulator_env.py | 87] INFO: **************************************************
2022-02-23 01:38:27,647 [simulator_env.py | 91] INFO: cur time: 2022-02-23 09:50:00, pre time: 2022-02-23 09:40:00
2022-02-23 01:38:27,647 [simulator_env.py | 147] INFO: Start to update the input of 2022-02-23 09:50:00
2022-02-23 01:38:27,673 [simulator_env.py | 175] INFO: Get 60 unallocated orders, 36 ongoing orders, 143 completed orders.
2022-02-23 01:38:29,311 [simulator_env.py | 100] INFO: Finish the dispatch.
2022-02-23 01:38:29,316 [simulator_env.py | 278] INFO: 2022-02-23 09:50:00, Order 09400100179: state = 1 < 2, we can not finish the simulation
2022-02-23 01:38:29,317 [simulator_env.py | 87] INFO: **************************************************
2022-02-23 01:38:29,318 [simulator_env.py | 91] INFO: cur time: 2022-02-23 10:00:00, pre time: 2022-02-23 09:50:00
2022-02-23 01:38:29,318 [simulator_env.py | 147] INFO: Start to update the input of 2022-02-23 10:00:00
2022-02-23 01:38:29,346 [simulator_env.py | 175] INFO: Get 60 unallocated orders, 32 ongoing orders, 206 completed orders.
2022-02-23 01:38:31,918 [simulator_env.py | 100] INFO: Finish the dispatch.
2022-02-23 01:38:31,923 [simulator_env.py | 278] INFO: 2022-02-23 10:00:00, Order 09495100238: state = 1 < 2, we can not finish the simulation
2022-02-23 01:38:31,925 [simulator_env.py | 87] INFO: **************************************************
2022-02-23 01:38:31,925 [simulator_env.py | 91] INFO: cur time: 2022-02-23 10:10:00, pre time: 2022-02-23 10:00:00
2022-02-23 01:38:31,925 [simulator_env.py | 147] INFO: Start to update the input of 2022-02-23 10:10:00
2022-02-23 01:38:31,957 [simulator_env.py | 175] INFO: Get 63 unallocated orders, 38 ongoing orders, 259 completed orders.
2022-02-23 01:38:33,691 [simulator_env.py | 100] INFO: Finish the dispatch.
2022-02-23 01:38:33,695 [simulator_env.py | 278] INFO: 2022-02-23 10:10:00, Order 09574200283: state = 1 < 2, we can not finish the simulation
2022-02-23 01:38:33,698 [simulator_env.py | 87] INFO: **************************************************
2022-02-23 01:38:33,698 [simulator_env.py | 91] INFO: cur time: 2022-02-23 10:20:00, pre time: 2022-02-23 10:10:00
2022-02-23 01:38:33,698 [simulator_env.py | 147] INFO: Start to update the input of 2022-02-23 10:20:00
2022-02-23 01:38:33,726 [simulator_env.py | 175] INFO: Get 62 unallocated orders, 34 ongoing orders, 322 completed orders.
2022-02-23 01:38:35,377 [simulator_env.py | 100] INFO: Finish the dispatch.
2022-02-23 01:38:35,382 [simulator_env.py | 278] INFO: 2022-02-23 10:20:00, Order 10093200352: state = 1 < 2, we can not finish the simulation
2022-02-23 01:38:35,385 [simulator_env.py | 87] INFO: **************************************************
2022-02-23 01:38:35,385 [simulator_env.py | 91] INFO: cur time: 2022-02-23 10:30:00, pre time: 2022-02-23 10:20:00
2022-02-23 01:38:35,385 [simulator_env.py | 147] INFO: Start to update the input of 2022-02-23 10:30:00
2022-02-23 01:38:35,412 [simulator_env.py | 175] INFO: Get 58 unallocated orders, 41 ongoing orders, 373 completed orders.
2022-02-23 01:38:37,244 [simulator_env.py | 100] INFO: Finish the dispatch.
2022-02-23 01:38:37,249 [simulator_env.py | 278] INFO: 2022-02-23 10:30:00, Order 10185000412: state = 1 < 2, we can not finish the simulation
2022-02-23 01:38:37,252 [simulator_env.py | 87] INFO: **************************************************
2022-02-23 01:38:37,252 [simulator_env.py | 91] INFO: cur time: 2022-02-23 10:40:00, pre time: 2022-02-23 10:30:00
2022-02-23 01:38:37,252 [simulator_env.py | 147] INFO: Start to update the input of 2022-02-23 10:40:00
2022-02-23 01:38:37,278 [simulator_env.py | 175] INFO: Get 71 unallocated orders, 41 ongoing orders, 428 completed orders.
2022-02-23 01:38:38,937 [simulator_env.py | 100] INFO: Finish the dispatch.
2022-02-23 01:38:38,943 [simulator_env.py | 278] INFO: 2022-02-23 10:40:00, Order 10284300467: state = 1 < 2, we can not finish the simulation
2022-02-23 01:38:38,945 [simulator_env.py | 87] INFO: **************************************************
2022-02-23 01:38:38,945 [simulator_env.py | 91] INFO: cur time: 2022-02-23 10:50:00, pre time: 2022-02-23 10:40:00
2022-02-23 01:38:38,945 [simulator_env.py | 147] INFO: Start to update the input of 2022-02-23 10:50:00
2022-02-23 01:38:38,977 [simulator_env.py | 175] INFO: Get 70 unallocated orders, 44 ongoing orders, 487 completed orders.
2022-02-23 01:38:40,611 [simulator_env.py | 100] INFO: Finish the dispatch.
2022-02-23 01:38:40,617 [simulator_env.py | 278] INFO: 2022-02-23 10:50:00, Order 10372500523: state = 1 < 2, we can not finish the simulation
2022-02-23 01:38:40,620 [simulator_env.py | 87] INFO: **************************************************
2022-02-23 01:38:40,620 [simulator_env.py | 91] INFO: cur time: 2022-02-23 11:00:00, pre time: 2022-02-23 10:50:00
2022-02-23 01:38:40,620 [simulator_env.py | 147] INFO: Start to update the input of 2022-02-23 11:00:00
2022-02-23 01:38:40,650 [simulator_env.py | 175] INFO: Get 87 unallocated orders, 42 ongoing orders, 549 completed orders.
2022-02-23 01:38:42,368 [simulator_env.py | 100] INFO: Finish the dispatch.
2022-02-23 01:38:42,374 [simulator_env.py | 278] INFO: 2022-02-23 11:00:00, Order 10462100580: state = 1 < 2, we can not finish the simulation
2022-02-23 01:38:42,377 [simulator_env.py | 87] INFO: **************************************************
2022-02-23 01:38:42,377 [simulator_env.py | 91] INFO: cur time: 2022-02-23 11:10:00, pre time: 2022-02-23 11:00:00
2022-02-23 01:38:42,377 [simulator_env.py | 147] INFO: Start to update the input of 2022-02-23 11:10:00
2022-02-23 01:38:42,413 [simulator_env.py | 175] INFO: Get 76 unallocated orders, 57 ongoing orders, 606 completed orders.
2022-02-23 01:38:44,082 [simulator_env.py | 100] INFO: Finish the dispatch.
2022-02-23 01:38:44,089 [simulator_env.py | 278] INFO: 2022-02-23 11:10:00, Order 10562600644: state = 1 < 2, we can not finish the simulation
2022-02-23 01:38:44,092 [simulator_env.py | 87] INFO: **************************************************
2022-02-23 01:38:44,092 [simulator_env.py | 91] INFO: cur time: 2022-02-23 11:20:00, pre time: 2022-02-23 11:10:00
2022-02-23 01:38:44,092 [simulator_env.py | 147] INFO: Start to update the input of 2022-02-23 11:20:00
2022-02-23 01:38:44,120 [simulator_env.py | 175] INFO: Get 80 unallocated orders, 34 ongoing orders, 683 completed orders.
2022-02-23 01:38:45,831 [simulator_env.py | 100] INFO: Finish the dispatch.
2022-02-23 01:38:45,836 [simulator_env.py | 278] INFO: 2022-02-23 11:20:00, Order 11002200682: state = 1 < 2, we can not finish the simulation
2022-02-23 01:38:45,839 [simulator_env.py | 87] INFO: **************************************************
2022-02-23 01:38:45,839 [simulator_env.py | 91] INFO: cur time: 2022-02-23 11:30:00, pre time: 2022-02-23 11:20:00
2022-02-23 01:38:45,839 [simulator_env.py | 147] INFO: Start to update the input of 2022-02-23 11:30:00
2022-02-23 01:38:45,861 [simulator_env.py | 175] INFO: Get 54 unallocated orders, 36 ongoing orders, 751 completed orders.
2022-02-23 01:38:47,488 [simulator_env.py | 100] INFO: Finish the dispatch.
2022-02-23 01:38:47,494 [simulator_env.py | 278] INFO: 2022-02-23 11:30:00, Order 11163600777: state = 1 < 2, we can not finish the simulation
2022-02-23 01:38:47,496 [simulator_env.py | 87] INFO: **************************************************
2022-02-23 01:38:47,496 [simulator_env.py | 91] INFO: cur time: 2022-02-23 11:40:00, pre time: 2022-02-23 11:30:00
2022-02-23 01:38:47,496 [simulator_env.py | 147] INFO: Start to update the input of 2022-02-23 11:40:00
2022-02-23 01:38:47,522 [simulator_env.py | 175] INFO: Get 65 unallocated orders, 31 ongoing orders, 809 completed orders.
2022-02-23 01:38:49,335 [simulator_env.py | 100] INFO: Finish the dispatch.
2022-02-23 01:38:49,340 [simulator_env.py | 278] INFO: 2022-02-23 11:40:00, Order 11294900840: state = 1 < 2, we can not finish the simulation
2022-02-23 01:38:49,341 [simulator_env.py | 87] INFO: **************************************************
2022-02-23 01:38:49,341 [simulator_env.py | 91] INFO: cur time: 2022-02-23 11:50:00, pre time: 2022-02-23 11:40:00
2022-02-23 01:38:49,341 [simulator_env.py | 147] INFO: Start to update the input of 2022-02-23 11:50:00
2022-02-23 01:38:49,368 [simulator_env.py | 175] INFO: Get 75 unallocated orders, 48 ongoing orders, 854 completed orders.
2022-02-23 01:38:51,088 [simulator_env.py | 100] INFO: Finish the dispatch.
2022-02-23 01:38:51,095 [simulator_env.py | 278] INFO: 2022-02-23 11:50:00, Order 11391400900: state = 1 < 2, we can not finish the simulation
2022-02-23 01:38:51,098 [simulator_env.py | 87] INFO: **************************************************
2022-02-23 01:38:51,098 [simulator_env.py | 91] INFO: cur time: 2022-02-23 12:00:00, pre time: 2022-02-23 11:50:00
2022-02-23 01:38:51,098 [simulator_env.py | 147] INFO: Start to update the input of 2022-02-23 12:00:00
2022-02-23 01:38:51,135 [simulator_env.py | 175] INFO: Get 67 unallocated orders, 44 ongoing orders, 920 completed orders.
2022-02-23 01:38:52,795 [simulator_env.py | 100] INFO: Finish the dispatch.
2022-02-23 01:38:52,801 [simulator_env.py | 278] INFO: 2022-02-23 12:00:00, Order 11442600942: state = 1 < 2, we can not finish the simulation
2022-02-23 01:38:52,804 [simulator_env.py | 87] INFO: **************************************************
2022-02-23 01:38:52,804 [simulator_env.py | 91] INFO: cur time: 2022-02-23 12:10:00, pre time: 2022-02-23 12:00:00
2022-02-23 01:38:52,804 [simulator_env.py | 147] INFO: Start to update the input of 2022-02-23 12:10:00
2022-02-23 01:38:52,822 [simulator_env.py | 175] INFO: Get 42 unallocated orders, 36 ongoing orders, 983 completed orders.
2022-02-23 01:38:55,176 [simulator_env.py | 100] INFO: Finish the dispatch.
2022-02-23 01:38:55,182 [simulator_env.py | 278] INFO: 2022-02-23 12:10:00, Order 11571101015: state = 1 < 2, we can not finish the simulation
2022-02-23 01:38:55,183 [simulator_env.py | 87] INFO: **************************************************
2022-02-23 01:38:55,184 [simulator_env.py | 91] INFO: cur time: 2022-02-23 12:20:00, pre time: 2022-02-23 12:10:00
2022-02-23 01:38:55,184 [simulator_env.py | 147] INFO: Start to update the input of 2022-02-23 12:20:00
2022-02-23 01:38:55,196 [simulator_env.py | 175] INFO: Get 32 unallocated orders, 25 ongoing orders, 1036 completed orders.
2022-02-23 01:38:57,620 [simulator_env.py | 100] INFO: Finish the dispatch.
2022-02-23 01:38:57,624 [simulator_env.py | 278] INFO: 2022-02-23 12:20:00, Order 12100701061: state = 1 < 2, we can not finish the simulation
2022-02-23 01:38:57,626 [simulator_env.py | 87] INFO: **************************************************
2022-02-23 01:38:57,627 [simulator_env.py | 91] INFO: cur time: 2022-02-23 12:30:00, pre time: 2022-02-23 12:20:00
2022-02-23 01:38:57,627 [simulator_env.py | 147] INFO: Start to update the input of 2022-02-23 12:30:00
2022-02-23 01:38:57,636 [simulator_env.py | 175] INFO: Get 40 unallocated orders, 23 ongoing orders, 1070 completed orders.
2022-02-23 01:38:59,698 [simulator_env.py | 100] INFO: Finish the dispatch.
2022-02-23 01:38:59,704 [simulator_env.py | 278] INFO: 2022-02-23 12:30:00, Order 12203201093: state = 1 < 2, we can not finish the simulation
2022-02-23 01:38:59,708 [simulator_env.py | 87] INFO: **************************************************
2022-02-23 01:38:59,708 [simulator_env.py | 91] INFO: cur time: 2022-02-23 12:40:00, pre time: 2022-02-23 12:30:00
2022-02-23 01:38:59,708 [simulator_env.py | 147] INFO: Start to update the input of 2022-02-23 12:40:00
2022-02-23 01:38:59,742 [simulator_env.py | 175] INFO: Get 32 unallocated orders, 24 ongoing orders, 1109 completed orders.
2022-02-23 01:39:01,669 [simulator_env.py | 100] INFO: Finish the dispatch.
2022-02-23 01:39:01,673 [simulator_env.py | 278] INFO: 2022-02-23 12:40:00, Order 12310701133: state = 1 < 2, we can not finish the simulation
2022-02-23 01:39:01,674 [simulator_env.py | 87] INFO: **************************************************
2022-02-23 01:39:01,674 [simulator_env.py | 91] INFO: cur time: 2022-02-23 12:50:00, pre time: 2022-02-23 12:40:00
2022-02-23 01:39:01,674 [simulator_env.py | 147] INFO: Start to update the input of 2022-02-23 12:50:00
2022-02-23 01:39:01,688 [simulator_env.py | 175] INFO: Get 27 unallocated orders, 21 ongoing orders, 1144 completed orders.
2022-02-23 01:39:03,376 [simulator_env.py | 100] INFO: Finish the dispatch.
2022-02-23 01:39:03,378 [simulator_env.py | 278] INFO: 2022-02-23 12:50:00, Order 12403101165: state = 1 < 2, we can not finish the simulation
2022-02-23 01:39:03,379 [simulator_env.py | 87] INFO: **************************************************
2022-02-23 01:39:03,379 [simulator_env.py | 91] INFO: cur time: 2022-02-23 13:00:00, pre time: 2022-02-23 12:50:00
2022-02-23 01:39:03,380 [simulator_env.py | 147] INFO: Start to update the input of 2022-02-23 13:00:00
2022-02-23 01:39:03,393 [simulator_env.py | 175] INFO: Get 35 unallocated orders, 19 ongoing orders, 1173 completed orders.
2022-02-23 01:39:05,018 [simulator_env.py | 100] INFO: Finish the dispatch.
2022-02-23 01:39:05,021 [simulator_env.py | 278] INFO: 2022-02-23 13:00:00, Order 12501701192: state = 1 < 2, we can not finish the simulation
2022-02-23 01:39:05,022 [simulator_env.py | 87] INFO: **************************************************
2022-02-23 01:39:05,022 [simulator_env.py | 91] INFO: cur time: 2022-02-23 13:10:00, pre time: 2022-02-23 13:00:00
2022-02-23 01:39:05,022 [simulator_env.py | 147] INFO: Start to update the input of 2022-02-23 13:10:00
2022-02-23 01:39:05,038 [simulator_env.py | 175] INFO: Get 26 unallocated orders, 21 ongoing orders, 1206 completed orders.
2022-02-23 01:39:06,668 [simulator_env.py | 100] INFO: Finish the dispatch.
2022-02-23 01:39:06,672 [simulator_env.py | 278] INFO: 2022-02-23 13:10:00, Order 13001001227: state = 1 < 2, we can not finish the simulation
2022-02-23 01:39:06,674 [simulator_env.py | 87] INFO: **************************************************
2022-02-23 01:39:06,674 [simulator_env.py | 91] INFO: cur time: 2022-02-23 13:20:00, pre time: 2022-02-23 13:10:00
2022-02-23 01:39:06,674 [simulator_env.py | 147] INFO: Start to update the input of 2022-02-23 13:20:00
2022-02-23 01:39:06,688 [simulator_env.py | 175] INFO: Get 21 unallocated orders, 18 ongoing orders, 1235 completed orders.
2022-02-23 01:39:08,323 [simulator_env.py | 100] INFO: Finish the dispatch.
2022-02-23 01:39:08,327 [simulator_env.py | 278] INFO: 2022-02-23 13:20:00, Order 13104501253: state = 1 < 2, we can not finish the simulation
2022-02-23 01:39:08,328 [simulator_env.py | 87] INFO: **************************************************
2022-02-23 01:39:08,328 [simulator_env.py | 91] INFO: cur time: 2022-02-23 13:30:00, pre time: 2022-02-23 13:20:00
2022-02-23 01:39:08,328 [simulator_env.py | 147] INFO: Start to update the input of 2022-02-23 13:30:00
2022-02-23 01:39:08,339 [simulator_env.py | 175] INFO: Get 27 unallocated orders, 14 ongoing orders, 1260 completed orders.
2022-02-23 01:39:09,918 [simulator_env.py | 100] INFO: Finish the dispatch.
2022-02-23 01:39:09,922 [simulator_env.py | 278] INFO: 2022-02-23 13:30:00, Order 13203401274: state = 1 < 2, we can not finish the simulation
2022-02-23 01:39:09,924 [simulator_env.py | 87] INFO: **************************************************
2022-02-23 01:39:09,924 [simulator_env.py | 91] INFO: cur time: 2022-02-23 13:40:00, pre time: 2022-02-23 13:30:00
2022-02-23 01:39:09,925 [simulator_env.py | 147] INFO: Start to update the input of 2022-02-23 13:40:00
2022-02-23 01:39:09,934 [simulator_env.py | 175] INFO: Get 22 unallocated orders, 20 ongoing orders, 1281 completed orders.
2022-02-23 01:39:11,618 [simulator_env.py | 100] INFO: Finish the dispatch.
2022-02-23 01:39:11,620 [simulator_env.py | 278] INFO: 2022-02-23 13:40:00, Order 13300201301: state = 1 < 2, we can not finish the simulation
2022-02-23 01:39:11,621 [simulator_env.py | 87] INFO: **************************************************
2022-02-23 01:39:11,621 [simulator_env.py | 91] INFO: cur time: 2022-02-23 13:50:00, pre time: 2022-02-23 13:40:00
2022-02-23 01:39:11,621 [simulator_env.py | 147] INFO: Start to update the input of 2022-02-23 13:50:00
2022-02-23 01:39:11,629 [simulator_env.py | 175] INFO: Get 16 unallocated orders, 19 ongoing orders, 1304 completed orders.
2022-02-23 01:39:13,292 [simulator_env.py | 100] INFO: Finish the dispatch.
2022-02-23 01:39:13,295 [simulator_env.py | 278] INFO: 2022-02-23 13:50:00, Order 13402801323: state = 1 < 2, we can not finish the simulation
2022-02-23 01:39:13,296 [simulator_env.py | 87] INFO: **************************************************
2022-02-23 01:39:13,296 [simulator_env.py | 91] INFO: cur time: 2022-02-23 14:00:00, pre time: 2022-02-23 13:50:00
2022-02-23 01:39:13,297 [simulator_env.py | 147] INFO: Start to update the input of 2022-02-23 14:00:00
2022-02-23 01:39:13,308 [simulator_env.py | 175] INFO: Get 21 unallocated orders, 13 ongoing orders, 1326 completed orders.
2022-02-23 01:39:15,066 [simulator_env.py | 100] INFO: Finish the dispatch.
2022-02-23 01:39:15,069 [simulator_env.py | 278] INFO: 2022-02-23 14:00:00, Order 13501701339: state = 1 < 2, we can not finish the simulation
2022-02-23 01:39:15,070 [simulator_env.py | 87] INFO: **************************************************
2022-02-23 01:39:15,070 [simulator_env.py | 91] INFO: cur time: 2022-02-23 14:10:00, pre time: 2022-02-23 14:00:00
2022-02-23 01:39:15,070 [simulator_env.py | 147] INFO: Start to update the input of 2022-02-23 14:10:00
2022-02-23 01:39:15,081 [simulator_env.py | 175] INFO: Get 22 unallocated orders, 14 ongoing orders, 1346 completed orders.
2022-02-23 01:39:17,134 [simulator_env.py | 100] INFO: Finish the dispatch.
2022-02-23 01:39:17,138 [simulator_env.py | 278] INFO: 2022-02-23 14:10:00, Order 14005901360: state = 1 < 2, we can not finish the simulation
2022-02-23 01:39:17,139 [simulator_env.py | 87] INFO: **************************************************
2022-02-23 01:39:17,139 [simulator_env.py | 91] INFO: cur time: 2022-02-23 14:20:00, pre time: 2022-02-23 14:10:00
2022-02-23 01:39:17,139 [simulator_env.py | 147] INFO: Start to update the input of 2022-02-23 14:20:00
2022-02-23 01:39:17,151 [simulator_env.py | 175] INFO: Get 29 unallocated orders, 12 ongoing orders, 1370 completed orders.
2022-02-23 01:39:19,328 [simulator_env.py | 100] INFO: Finish the dispatch.
2022-02-23 01:39:19,331 [simulator_env.py | 278] INFO: 2022-02-23 14:20:00, Order 14100401382: state = 1 < 2, we can not finish the simulation
2022-02-23 01:39:19,332 [simulator_env.py | 87] INFO: **************************************************
2022-02-23 01:39:19,332 [simulator_env.py | 91] INFO: cur time: 2022-02-23 14:30:00, pre time: 2022-02-23 14:20:00
2022-02-23 01:39:19,332 [simulator_env.py | 147] INFO: Start to update the input of 2022-02-23 14:30:00
2022-02-23 01:39:19,342 [simulator_env.py | 175] INFO: Get 22 unallocated orders, 19 ongoing orders, 1392 completed orders.
2022-02-23 01:39:21,485 [simulator_env.py | 100] INFO: Finish the dispatch.
2022-02-23 01:39:21,488 [simulator_env.py | 278] INFO: 2022-02-23 14:30:00, Order 14201001411: state = 1 < 2, we can not finish the simulation
2022-02-23 01:39:21,489 [simulator_env.py | 87] INFO: **************************************************
2022-02-23 01:39:21,489 [simulator_env.py | 91] INFO: cur time: 2022-02-23 14:40:00, pre time: 2022-02-23 14:30:00
2022-02-23 01:39:21,490 [simulator_env.py | 147] INFO: Start to update the input of 2022-02-23 14:40:00
2022-02-23 01:39:21,500 [simulator_env.py | 175] INFO: Get 26 unallocated orders, 13 ongoing orders, 1420 completed orders.
2022-02-23 01:39:23,232 [simulator_env.py | 100] INFO: Finish the dispatch.
2022-02-23 01:39:23,235 [simulator_env.py | 278] INFO: 2022-02-23 14:40:00, Order 14300601433: state = 1 < 2, we can not finish the simulation
2022-02-23 01:39:23,236 [simulator_env.py | 87] INFO: **************************************************
2022-02-23 01:39:23,236 [simulator_env.py | 91] INFO: cur time: 2022-02-23 14:50:00, pre time: 2022-02-23 14:40:00
2022-02-23 01:39:23,236 [simulator_env.py | 147] INFO: Start to update the input of 2022-02-23 14:50:00
2022-02-23 01:39:23,250 [simulator_env.py | 175] INFO: Get 20 unallocated orders, 17 ongoing orders, 1442 completed orders.
2022-02-23 01:39:24,760 [simulator_env.py | 100] INFO: Finish the dispatch.
2022-02-23 01:39:24,763 [simulator_env.py | 278] INFO: 2022-02-23 14:50:00, Order 14403301459: state = 1 < 2, we can not finish the simulation
2022-02-23 01:39:24,764 [simulator_env.py | 87] INFO: **************************************************
2022-02-23 01:39:24,764 [simulator_env.py | 91] INFO: cur time: 2022-02-23 15:00:00, pre time: 2022-02-23 14:50:00
2022-02-23 01:39:24,764 [simulator_env.py | 147] INFO: Start to update the input of 2022-02-23 15:00:00
2022-02-23 01:39:24,777 [simulator_env.py | 175] INFO: Get 19 unallocated orders, 14 ongoing orders, 1465 completed orders.
2022-02-23 01:39:26,135 [simulator_env.py | 100] INFO: Finish the dispatch.
2022-02-23 01:39:26,138 [simulator_env.py | 278] INFO: 2022-02-23 15:00:00, Order 14501901479: state = 1 < 2, we can not finish the simulation
2022-02-23 01:39:26,139 [simulator_env.py | 87] INFO: **************************************************
2022-02-23 01:39:26,139 [simulator_env.py | 91] INFO: cur time: 2022-02-23 15:10:00, pre time: 2022-02-23 15:00:00
2022-02-23 01:39:26,139 [simulator_env.py | 147] INFO: Start to update the input of 2022-02-23 15:10:00
2022-02-23 01:39:26,155 [simulator_env.py | 175] INFO: Get 0 unallocated orders, 13 ongoing orders, 1485 completed orders.
2022-02-23 01:39:27,531 [simulator_env.py | 100] INFO: Finish the dispatch.
2022-02-23 01:39:27,533 [simulator_env.py | 281] INFO: 2022-02-23 15:10:00, the status of all orders is greater than 1, we could finish the simulation
2022-02-23 01:39:27,537 [simulator_env.py | 124] INFO: finished the left ongoing orders
2022-02-23 01:39:27,537 [evaluator.py    | 116] INFO: Traveling Distance of driver D_1 is  57.710, visited node list: 21
2022-02-23 01:39:27,538 [evaluator.py    | 116] INFO: Traveling Distance of driver D_2 is  91.490, visited node list: 32
2022-02-23 01:39:27,538 [evaluator.py    | 116] INFO: Traveling Distance of driver D_3 is  88.090, visited node list: 37
2022-02-23 01:39:27,539 [evaluator.py    | 116] INFO: Traveling Distance of driver D_4 is  124.000, visited node list: 43
2022-02-23 01:39:27,540 [evaluator.py    | 116] INFO: Traveling Distance of driver D_5 is  120.660, visited node list: 45
2022-02-23 01:39:27,542 [evaluator.py    | 116] INFO: Traveling Distance of driver D_6 is  114.060, visited node list: 52
2022-02-23 01:39:27,543 [evaluator.py    | 116] INFO: Traveling Distance of driver D_7 is  127.510, visited node list: 43
2022-02-23 01:39:27,543 [evaluator.py    | 116] INFO: Traveling Distance of driver D_8 is  123.150, visited node list: 47
2022-02-23 01:39:27,544 [evaluator.py    | 116] INFO: Traveling Distance of driver D_9 is  126.900, visited node list: 45
2022-02-23 01:39:27,544 [evaluator.py    | 116] INFO: Traveling Distance of driver D_10 is  114.230, visited node list: 48
2022-02-23 01:39:27,545 [evaluator.py    | 116] INFO: Traveling Distance of driver D_11 is  121.280, visited node list: 51
2022-02-23 01:39:27,545 [evaluator.py    | 116] INFO: Traveling Distance of driver D_12 is  120.270, visited node list: 45
2022-02-23 01:39:27,546 [evaluator.py    | 116] INFO: Traveling Distance of driver D_13 is  129.460, visited node list: 49
2022-02-23 01:39:27,546 [evaluator.py    | 116] INFO: Traveling Distance of driver D_14 is  119.240, visited node list: 43
2022-02-23 01:39:27,547 [evaluator.py    | 116] INFO: Traveling Distance of driver D_15 is  127.260, visited node list: 47
2022-02-23 01:39:27,547 [evaluator.py    | 116] INFO: Traveling Distance of driver D_16 is  125.460, visited node list: 45
2022-02-23 01:39:27,548 [evaluator.py    | 116] INFO: Traveling Distance of driver D_17 is  126.880, visited node list: 43
2022-02-23 01:39:27,548 [evaluator.py    | 116] INFO: Traveling Distance of driver D_18 is  126.840, visited node list: 45
2022-02-23 01:39:27,549 [evaluator.py    | 116] INFO: Traveling Distance of driver D_19 is  124.040, visited node list: 45
2022-02-23 01:39:27,549 [evaluator.py    | 116] INFO: Traveling Distance of driver D_20 is  120.520, visited node list: 45
2022-02-23 01:39:27,549 [evaluator.py    | 116] INFO: Traveling Distance of driver D_21 is  131.640, visited node list: 47
2022-02-23 01:39:27,550 [evaluator.py    | 116] INFO: Traveling Distance of driver D_22 is  119.930, visited node list: 45
2022-02-23 01:39:27,550 [evaluator.py    | 116] INFO: Traveling Distance of driver D_23 is  120.580, visited node list: 44
2022-02-23 01:39:27,552 [evaluator.py    | 116] INFO: Traveling Distance of driver D_24 is  117.690, visited node list: 48
2022-02-23 01:39:27,552 [evaluator.py    | 116] INFO: Traveling Distance of driver D_25 is  121.150, visited node list: 43
2022-02-23 01:39:27,552 [evaluator.py    | 116] INFO: Traveling Distance of driver D_26 is  127.300, visited node list: 49
2022-02-23 01:39:27,553 [evaluator.py    | 116] INFO: Traveling Distance of driver D_27 is  126.460, visited node list: 47
2022-02-23 01:39:27,553 [evaluator.py    | 116] INFO: Traveling Distance of driver D_28 is  122.550, visited node list: 47
2022-02-23 01:39:27,554 [evaluator.py    | 116] INFO: Traveling Distance of driver D_29 is  92.340, visited node list: 43
2022-02-23 01:39:27,554 [evaluator.py    | 116] INFO: Traveling Distance of driver D_30 is  132.700, visited node list: 47
2022-02-23 01:39:27,555 [evaluator.py    | 116] INFO: Traveling Distance of driver D_31 is  115.420, visited node list: 41
2022-02-23 01:39:27,556 [evaluator.py    | 116] INFO: Traveling Distance of driver D_32 is  120.380, visited node list: 47
2022-02-23 01:39:27,556 [evaluator.py    | 116] INFO: Traveling Distance of driver D_33 is  110.720, visited node list: 43
2022-02-23 01:39:27,557 [evaluator.py    | 116] INFO: Traveling Distance of driver D_34 is  111.920, visited node list: 41
2022-02-23 01:39:27,557 [evaluator.py    | 116] INFO: Traveling Distance of driver D_35 is  109.940, visited node list: 41
2022-02-23 01:39:27,557 [evaluator.py    | 116] INFO: Traveling Distance of driver D_36 is  90.340, visited node list: 30
2022-02-23 01:39:27,560 [evaluator.py    | 116] INFO: Traveling Distance of driver D_37 is  118.860, visited node list: 53
2022-02-23 01:39:27,563 [evaluator.py    | 116] INFO: Traveling Distance of driver D_38 is  113.520, visited node list: 51
2022-02-23 01:39:27,564 [evaluator.py    | 116] INFO: Traveling Distance of driver D_39 is  111.240, visited node list: 43
2022-02-23 01:39:27,565 [evaluator.py    | 116] INFO: Traveling Distance of driver D_40 is  113.990, visited node list: 49
2022-02-23 01:39:27,566 [evaluator.py    | 116] INFO: Traveling Distance of driver D_41 is  88.490, visited node list: 37
2022-02-23 01:39:27,566 [evaluator.py    | 116] INFO: Traveling Distance of driver D_42 is  101.750, visited node list: 39
2022-02-23 01:39:27,567 [evaluator.py    | 116] INFO: Traveling Distance of driver D_43 is  85.650, visited node list: 35
2022-02-23 01:39:27,567 [evaluator.py    | 116] INFO: Traveling Distance of driver D_44 is  89.190, visited node list: 29
2022-02-23 01:39:27,568 [evaluator.py    | 116] INFO: Traveling Distance of driver D_45 is  87.620, visited node list: 31
2022-02-23 01:39:27,569 [evaluator.py    | 116] INFO: Traveling Distance of driver D_46 is  86.480, visited node list: 29
2022-02-23 01:39:27,569 [evaluator.py    | 116] INFO: Traveling Distance of driver D_47 is  100.310, visited node list: 37
2022-02-23 01:39:27,573 [evaluator.py    | 116] INFO: Traveling Distance of driver D_48 is  79.380, visited node list: 27
2022-02-23 01:39:27,576 [evaluator.py    | 116] INFO: Traveling Distance of driver D_49 is  90.060, visited node list: 39
2022-02-23 01:39:27,578 [evaluator.py    | 116] INFO: Traveling Distance of driver D_50 is  88.300, visited node list: 33
2022-02-23 01:39:27,580 [evaluator.py    | 116] INFO: Traveling Distance of driver D_51 is  79.710, visited node list: 31
2022-02-23 01:39:27,583 [evaluator.py    | 116] INFO: Traveling Distance of driver D_52 is  83.470, visited node list: 33
2022-02-23 01:39:27,584 [evaluator.py    | 116] INFO: Traveling Distance of driver D_53 is  72.030, visited node list: 27
2022-02-23 01:39:27,586 [evaluator.py    | 116] INFO: Traveling Distance of driver D_54 is  64.470, visited node list: 33
2022-02-23 01:39:27,588 [evaluator.py    | 116] INFO: Traveling Distance of driver D_55 is  69.320, visited node list: 29
2022-02-23 01:39:27,592 [evaluator.py    | 116] INFO: Traveling Distance of driver D_56 is  69.620, visited node list: 27
2022-02-23 01:39:27,596 [evaluator.py    | 116] INFO: Traveling Distance of driver D_57 is  67.970, visited node list: 27
2022-02-23 01:39:27,598 [evaluator.py    | 116] INFO: Traveling Distance of driver D_58 is  64.850, visited node list: 21
2022-02-23 01:39:27,599 [evaluator.py    | 116] INFO: Traveling Distance of driver D_59 is  77.550, visited node list: 31
2022-02-23 01:39:27,600 [evaluator.py    | 116] INFO: Traveling Distance of driver D_60 is  70.110, visited node list: 29
2022-02-23 01:39:27,601 [evaluator.py    | 116] INFO: Traveling Distance of driver D_61 is  69.060, visited node list: 25
2022-02-23 01:39:27,602 [evaluator.py    | 116] INFO: Traveling Distance of driver D_62 is  63.680, visited node list: 27
2022-02-23 01:39:27,603 [evaluator.py    | 116] INFO: Traveling Distance of driver D_63 is  58.080, visited node list: 25
2022-02-23 01:39:27,603 [evaluator.py    | 116] INFO: Traveling Distance of driver D_64 is  61.500, visited node list: 22
2022-02-23 01:39:27,604 [evaluator.py    | 116] INFO: Traveling Distance of driver D_65 is  57.820, visited node list: 21
2022-02-23 01:39:27,605 [evaluator.py    | 116] INFO: Traveling Distance of driver D_66 is  55.110, visited node list: 21
2022-02-23 01:39:27,610 [evaluator.py    | 116] INFO: Traveling Distance of driver D_67 is  59.140, visited node list: 25
2022-02-23 01:39:27,612 [evaluator.py    | 116] INFO: Traveling Distance of driver D_68 is  60.400, visited node list: 22
2022-02-23 01:39:27,612 [evaluator.py    | 116] INFO: Traveling Distance of driver D_69 is  48.300, visited node list: 17
2022-02-23 01:39:27,613 [evaluator.py    | 116] INFO: Traveling Distance of driver D_70 is  55.100, visited node list: 23
2022-02-23 01:39:27,614 [evaluator.py    | 116] INFO: Traveling Distance of driver D_71 is  55.260, visited node list: 19
2022-02-23 01:39:27,615 [evaluator.py    | 116] INFO: Traveling Distance of driver D_72 is  50.660, visited node list: 23
2022-02-23 01:39:27,616 [evaluator.py    | 116] INFO: Traveling Distance of driver D_73 is  48.770, visited node list: 17
2022-02-23 01:39:27,617 [evaluator.py    | 116] INFO: Traveling Distance of driver D_74 is  42.640, visited node list: 19
2022-02-23 01:39:27,618 [evaluator.py    | 116] INFO: Traveling Distance of driver D_75 is  53.410, visited node list: 19
2022-02-23 01:39:27,619 [evaluator.py    | 116] INFO: Traveling Distance of driver D_76 is  42.330, visited node list: 23
2022-02-23 01:39:27,620 [evaluator.py    | 116] INFO: Traveling Distance of driver D_77 is  48.690, visited node list: 21
2022-02-23 01:39:27,620 [evaluator.py    | 116] INFO: Traveling Distance of driver D_78 is  52.430, visited node list: 19
2022-02-23 01:39:27,622 [evaluator.py    | 116] INFO: Traveling Distance of driver D_79 is  44.140, visited node list: 21
2022-02-23 01:39:27,625 [evaluator.py    | 116] INFO: Traveling Distance of driver D_80 is  51.580, visited node list: 19
2022-02-23 01:39:27,627 [evaluator.py    | 116] INFO: Traveling Distance of driver D_81 is  50.540, visited node list: 25
2022-02-23 01:39:27,628 [evaluator.py    | 116] INFO: Traveling Distance of driver D_82 is  49.020, visited node list: 17
2022-02-23 01:39:27,629 [evaluator.py    | 116] INFO: Traveling Distance of driver D_83 is  48.170, visited node list: 20
2022-02-23 01:39:27,630 [evaluator.py    | 116] INFO: Traveling Distance of driver D_84 is  43.150, visited node list: 21
2022-02-23 01:39:27,630 [evaluator.py    | 116] INFO: Traveling Distance of driver D_85 is  41.370, visited node list: 15
2022-02-23 01:39:27,631 [evaluator.py    | 116] INFO: Traveling Distance of driver D_86 is  46.810, visited node list: 21
2022-02-23 01:39:27,632 [evaluator.py    | 116] INFO: Traveling Distance of driver D_87 is  43.110, visited node list: 15
2022-02-23 01:39:27,633 [evaluator.py    | 116] INFO: Traveling Distance of driver D_88 is  40.360, visited node list: 15
2022-02-23 01:39:27,634 [evaluator.py    | 116] INFO: Traveling Distance of driver D_89 is  52.980, visited node list: 17
2022-02-23 01:39:27,634 [evaluator.py    | 116] INFO: Traveling Distance of driver D_90 is  38.320, visited node list: 17
2022-02-23 01:39:27,635 [evaluator.py    | 116] INFO: Traveling Distance of driver D_91 is  49.710, visited node list: 15
2022-02-23 01:39:27,636 [evaluator.py    | 116] INFO: Traveling Distance of driver D_92 is  45.780, visited node list: 19
2022-02-23 01:39:27,637 [evaluator.py    | 116] INFO: Traveling Distance of driver D_93 is  48.820, visited node list: 17
2022-02-23 01:39:27,638 [evaluator.py    | 116] INFO: Traveling Distance of driver D_94 is  41.720, visited node list: 14
2022-02-23 01:39:27,643 [evaluator.py    | 116] INFO: Traveling Distance of driver D_95 is  36.860, visited node list: 13
2022-02-23 01:39:27,644 [evaluator.py    | 18] INFO: Total distance:  8028.870
2022-02-23 01:39:27,771 [evaluator.py    | 22] INFO: Sum over time:  0.000
2022-02-23 01:39:27,771 [evaluator.py    | 26] INFO: Total score:  84.514
2022-02-23 01:39:27,995 [main.py         | 43] INFO: Score of instance_4: 84.51442105263156
