2022-02-23 11:26:15,828 [main.py         | 38] INFO: Start to run /Users/yangjingfeng/Library/CloudStorage/OneDrive-Personal/Public/PhD Study/Papers/Food_Delivery/Code/Food_delivery_simulator/Benchmark/Instance_medium: instance_80
2022-02-23 11:26:15,829 [simulator_api.py | 43] INFO: Start time of the simulator: 2022-02-23 09:00:00, time interval:  600.00
2022-02-23 11:26:16,539 [input_utils.py  | 35] INFO: Get 3052 locations
2022-02-23 11:26:16,568 [input_utils.py  | 39] INFO: Get 135 drivers
2022-02-23 11:26:17,104 [input_utils.py  | 43] INFO: Get 1957 orders
2022-02-23 11:26:17,104 [simulator_api.py | 75] INFO: Initial position of D_1 is 371 Beach Rd, Singapore 199597, Singapore
2022-02-23 11:26:17,104 [simulator_api.py | 75] INFO: Initial position of D_2 is Bukit Merah View Market & Hawker Centre
2022-02-23 11:26:17,105 [simulator_api.py | 75] INFO: Initial position of D_3 is 417 River Valley Rd, Singapore 248316, Singapore
2022-02-23 11:26:17,105 [simulator_api.py | 75] INFO: Initial position of D_4 is 54 South Bridge Rd, Singapore 058685, Singapore
2022-02-23 11:26:17,105 [simulator_api.py | 75] INFO: Initial position of D_5 is Bukit Merah View Market & Hawker Centre
2022-02-23 11:26:17,105 [simulator_api.py | 75] INFO: Initial position of D_6 is Maxwell Food Centre
2022-02-23 11:26:17,105 [simulator_api.py | 75] INFO: Initial position of D_7 is Alexandra Village Food Centre
2022-02-23 11:26:17,106 [simulator_api.py | 75] INFO: Initial position of D_8 is Golden Mile Food Centre
2022-02-23 11:26:17,106 [simulator_api.py | 75] INFO: Initial position of D_9 is Amoy Street Food Centre
2022-02-23 11:26:17,106 [simulator_api.py | 75] INFO: Initial position of D_10 is Bukit Merah View Market & Hawker Centre
2022-02-23 11:26:17,106 [simulator_api.py | 75] INFO: Initial position of D_11 is 54 South Bridge Rd, Singapore 058685, Singapore
2022-02-23 11:26:17,106 [simulator_api.py | 75] INFO: Initial position of D_12 is 417 River Valley Rd, Singapore 248316, Singapore
2022-02-23 11:26:17,106 [simulator_api.py | 75] INFO: Initial position of D_13 is 371 Beach Rd, Singapore 199597, Singapore
2022-02-23 11:26:17,106 [simulator_api.py | 75] INFO: Initial position of D_14 is Alexandra Village Food Centre
2022-02-23 11:26:17,106 [simulator_api.py | 75] INFO: Initial position of D_15 is Amoy Street Food Centre
2022-02-23 11:26:17,106 [simulator_api.py | 75] INFO: Initial position of D_16 is Tiong Bahru Market
2022-02-23 11:26:17,106 [simulator_api.py | 75] INFO: Initial position of D_17 is 66 Kg Bugis, Singapore 338987, Singapore
2022-02-23 11:26:17,107 [simulator_api.py | 75] INFO: Initial position of D_18 is 54 South Bridge Rd, Singapore 058685, Singapore
2022-02-23 11:26:17,107 [simulator_api.py | 75] INFO: Initial position of D_19 is 54 South Bridge Rd, Singapore 058685, Singapore
2022-02-23 11:26:17,107 [simulator_api.py | 75] INFO: Initial position of D_20 is 37 Cuppage Rd, Singapore 229460, Singapore
2022-02-23 11:26:17,107 [simulator_api.py | 75] INFO: Initial position of D_21 is Golden Mile Food Centre
2022-02-23 11:26:17,107 [simulator_api.py | 75] INFO: Initial position of D_22 is Old Airport Road Food Centre
2022-02-23 11:26:17,107 [simulator_api.py | 75] INFO: Initial position of D_23 is Alexandra Village Food Centre
2022-02-23 11:26:17,107 [simulator_api.py | 75] INFO: Initial position of D_24 is Old Airport Road Food Centre
2022-02-23 11:26:17,107 [simulator_api.py | 75] INFO: Initial position of D_25 is 417 River Valley Rd, Singapore 248316, Singapore
2022-02-23 11:26:17,107 [simulator_api.py | 75] INFO: Initial position of D_26 is Hong Lim Food Centre
2022-02-23 11:26:17,107 [simulator_api.py | 75] INFO: Initial position of D_27 is 66 Kg Bugis, Singapore 338987, Singapore
2022-02-23 11:26:17,108 [simulator_api.py | 75] INFO: Initial position of D_28 is 417 River Valley Rd, Singapore 248316, Singapore
2022-02-23 11:26:17,108 [simulator_api.py | 75] INFO: Initial position of D_29 is Alexandra Village Food Centre
2022-02-23 11:26:17,108 [simulator_api.py | 75] INFO: Initial position of D_30 is 54 South Bridge Rd, Singapore 058685, Singapore
2022-02-23 11:26:17,108 [simulator_api.py | 75] INFO: Initial position of D_31 is Golden Mile Food Centre
2022-02-23 11:26:17,108 [simulator_api.py | 75] INFO: Initial position of D_32 is 36 Boat Quay, Singapore 049825, Singapore
2022-02-23 11:26:17,108 [simulator_api.py | 75] INFO: Initial position of D_33 is 417 River Valley Rd, Singapore 248316, Singapore
2022-02-23 11:26:17,108 [simulator_api.py | 75] INFO: Initial position of D_34 is 66 Kg Bugis, Singapore 338987, Singapore
2022-02-23 11:26:17,108 [simulator_api.py | 75] INFO: Initial position of D_35 is 54 South Bridge Rd, Singapore 058685, Singapore
2022-02-23 11:26:17,109 [simulator_api.py | 75] INFO: Initial position of D_36 is Old Airport Road Food Centre
2022-02-23 11:26:17,109 [simulator_api.py | 75] INFO: Initial position of D_37 is Alexandra Village Food Centre
2022-02-23 11:26:17,109 [simulator_api.py | 75] INFO: Initial position of D_38 is Hong Lim Food Centre
2022-02-23 11:26:17,109 [simulator_api.py | 75] INFO: Initial position of D_39 is 36 Boat Quay, Singapore 049825, Singapore
2022-02-23 11:26:17,109 [simulator_api.py | 75] INFO: Initial position of D_40 is Hong Lim Food Centre
2022-02-23 11:26:17,109 [simulator_api.py | 75] INFO: Initial position of D_41 is 54 South Bridge Rd, Singapore 058685, Singapore
2022-02-23 11:26:17,109 [simulator_api.py | 75] INFO: Initial position of D_42 is 371 Beach Rd, Singapore 199597, Singapore
2022-02-23 11:26:17,110 [simulator_api.py | 75] INFO: Initial position of D_43 is Zion Riverside Food Centre
2022-02-23 11:26:17,110 [simulator_api.py | 75] INFO: Initial position of D_44 is Tiong Bahru Market
2022-02-23 11:26:17,112 [simulator_api.py | 75] INFO: Initial position of D_45 is Amoy Street Food Centre
2022-02-23 11:26:17,112 [simulator_api.py | 75] INFO: Initial position of D_46 is Golden Mile Food Centre
2022-02-23 11:26:17,112 [simulator_api.py | 75] INFO: Initial position of D_47 is Hong Lim Food Centre
2022-02-23 11:26:17,112 [simulator_api.py | 75] INFO: Initial position of D_48 is Tiong Bahru Market
2022-02-23 11:26:17,112 [simulator_api.py | 75] INFO: Initial position of D_49 is Bukit Merah View Market & Hawker Centre
2022-02-23 11:26:17,112 [simulator_api.py | 75] INFO: Initial position of D_50 is Tiong Bahru Market
2022-02-23 11:26:17,112 [simulator_api.py | 75] INFO: Initial position of D_51 is 66 Kg Bugis, Singapore 338987, Singapore
2022-02-23 11:26:17,112 [simulator_api.py | 75] INFO: Initial position of D_52 is Zion Riverside Food Centre
2022-02-23 11:26:17,112 [simulator_api.py | 75] INFO: Initial position of D_53 is 54 South Bridge Rd, Singapore 058685, Singapore
2022-02-23 11:26:17,112 [simulator_api.py | 75] INFO: Initial position of D_54 is 37 Cuppage Rd, Singapore 229460, Singapore
2022-02-23 11:26:17,113 [simulator_api.py | 75] INFO: Initial position of D_55 is Golden Mile Food Centre
2022-02-23 11:26:17,113 [simulator_api.py | 75] INFO: Initial position of D_56 is Amoy Street Food Centre
2022-02-23 11:26:17,113 [simulator_api.py | 75] INFO: Initial position of D_57 is Amoy Street Food Centre
2022-02-23 11:26:17,113 [simulator_api.py | 75] INFO: Initial position of D_58 is 371 Beach Rd, Singapore 199597, Singapore
2022-02-23 11:26:17,113 [simulator_api.py | 75] INFO: Initial position of D_59 is Golden Mile Food Centre
2022-02-23 11:26:17,114 [simulator_api.py | 75] INFO: Initial position of D_60 is Alexandra Village Food Centre
2022-02-23 11:26:17,114 [simulator_api.py | 75] INFO: Initial position of D_61 is Maxwell Food Centre
2022-02-23 11:26:17,114 [simulator_api.py | 75] INFO: Initial position of D_62 is 417 River Valley Rd, Singapore 248316, Singapore
2022-02-23 11:26:17,114 [simulator_api.py | 75] INFO: Initial position of D_63 is 54 South Bridge Rd, Singapore 058685, Singapore
2022-02-23 11:26:17,114 [simulator_api.py | 75] INFO: Initial position of D_64 is Golden Mile Food Centre
2022-02-23 11:26:17,114 [simulator_api.py | 75] INFO: Initial position of D_65 is 54 South Bridge Rd, Singapore 058685, Singapore
2022-02-23 11:26:17,114 [simulator_api.py | 75] INFO: Initial position of D_66 is Maxwell Food Centre
2022-02-23 11:26:17,114 [simulator_api.py | 75] INFO: Initial position of D_67 is Hong Lim Food Centre
2022-02-23 11:26:17,115 [simulator_api.py | 75] INFO: Initial position of D_68 is 36 Boat Quay, Singapore 049825, Singapore
2022-02-23 11:26:17,115 [simulator_api.py | 75] INFO: Initial position of D_69 is 371 Beach Rd, Singapore 199597, Singapore
2022-02-23 11:26:17,115 [simulator_api.py | 75] INFO: Initial position of D_70 is Bukit Merah View Market & Hawker Centre
2022-02-23 11:26:17,115 [simulator_api.py | 75] INFO: Initial position of D_71 is 36 Boat Quay, Singapore 049825, Singapore
2022-02-23 11:26:17,115 [simulator_api.py | 75] INFO: Initial position of D_72 is 371 Beach Rd, Singapore 199597, Singapore
2022-02-23 11:26:17,116 [simulator_api.py | 75] INFO: Initial position of D_73 is 417 River Valley Rd, Singapore 248316, Singapore
2022-02-23 11:26:17,116 [simulator_api.py | 75] INFO: Initial position of D_74 is Zion Riverside Food Centre
2022-02-23 11:26:17,116 [simulator_api.py | 75] INFO: Initial position of D_75 is Zion Riverside Food Centre
2022-02-23 11:26:17,116 [simulator_api.py | 75] INFO: Initial position of D_76 is Maxwell Food Centre
2022-02-23 11:26:17,116 [simulator_api.py | 75] INFO: Initial position of D_77 is 66 Kg Bugis, Singapore 338987, Singapore
2022-02-23 11:26:17,116 [simulator_api.py | 75] INFO: Initial position of D_78 is Amoy Street Food Centre
2022-02-23 11:26:17,117 [simulator_api.py | 75] INFO: Initial position of D_79 is 371 Beach Rd, Singapore 199597, Singapore
2022-02-23 11:26:17,117 [simulator_api.py | 75] INFO: Initial position of D_80 is 371 Beach Rd, Singapore 199597, Singapore
2022-02-23 11:26:17,117 [simulator_api.py | 75] INFO: Initial position of D_81 is Tiong Bahru Market
2022-02-23 11:26:17,117 [simulator_api.py | 75] INFO: Initial position of D_82 is 37 Cuppage Rd, Singapore 229460, Singapore
2022-02-23 11:26:17,117 [simulator_api.py | 75] INFO: Initial position of D_83 is 36 Boat Quay, Singapore 049825, Singapore
2022-02-23 11:26:17,117 [simulator_api.py | 75] INFO: Initial position of D_84 is Tiong Bahru Market
2022-02-23 11:26:17,117 [simulator_api.py | 75] INFO: Initial position of D_85 is 36 Boat Quay, Singapore 049825, Singapore
2022-02-23 11:26:17,117 [simulator_api.py | 75] INFO: Initial position of D_86 is 371 Beach Rd, Singapore 199597, Singapore
2022-02-23 11:26:17,117 [simulator_api.py | 75] INFO: Initial position of D_87 is Hong Lim Food Centre
2022-02-23 11:26:17,118 [simulator_api.py | 75] INFO: Initial position of D_88 is 37 Cuppage Rd, Singapore 229460, Singapore
2022-02-23 11:26:17,118 [simulator_api.py | 75] INFO: Initial position of D_89 is 54 South Bridge Rd, Singapore 058685, Singapore
2022-02-23 11:26:17,118 [simulator_api.py | 75] INFO: Initial position of D_90 is 66 Kg Bugis, Singapore 338987, Singapore
2022-02-23 11:26:17,118 [simulator_api.py | 75] INFO: Initial position of D_91 is 37 Cuppage Rd, Singapore 229460, Singapore
2022-02-23 11:26:17,118 [simulator_api.py | 75] INFO: Initial position of D_92 is 37 Cuppage Rd, Singapore 229460, Singapore
2022-02-23 11:26:17,118 [simulator_api.py | 75] INFO: Initial position of D_93 is 417 River Valley Rd, Singapore 248316, Singapore
2022-02-23 11:26:17,118 [simulator_api.py | 75] INFO: Initial position of D_94 is Old Airport Road Food Centre
2022-02-23 11:26:17,119 [simulator_api.py | 75] INFO: Initial position of D_95 is 417 River Valley Rd, Singapore 248316, Singapore
2022-02-23 11:26:17,119 [simulator_api.py | 75] INFO: Initial position of D_96 is Golden Mile Food Centre
2022-02-23 11:26:17,119 [simulator_api.py | 75] INFO: Initial position of D_97 is Amoy Street Food Centre
2022-02-23 11:26:17,119 [simulator_api.py | 75] INFO: Initial position of D_98 is Hong Lim Food Centre
2022-02-23 11:26:17,119 [simulator_api.py | 75] INFO: Initial position of D_99 is Hong Lim Food Centre
2022-02-23 11:26:17,119 [simulator_api.py | 75] INFO: Initial position of D_100 is Tiong Bahru Market
2022-02-23 11:26:17,119 [simulator_api.py | 75] INFO: Initial position of D_101 is 54 South Bridge Rd, Singapore 058685, Singapore
2022-02-23 11:26:17,119 [simulator_api.py | 75] INFO: Initial position of D_102 is Golden Mile Food Centre
2022-02-23 11:26:17,119 [simulator_api.py | 75] INFO: Initial position of D_103 is 54 South Bridge Rd, Singapore 058685, Singapore
2022-02-23 11:26:17,119 [simulator_api.py | 75] INFO: Initial position of D_104 is Amoy Street Food Centre
2022-02-23 11:26:17,120 [simulator_api.py | 75] INFO: Initial position of D_105 is Hong Lim Food Centre
2022-02-23 11:26:17,120 [simulator_api.py | 75] INFO: Initial position of D_106 is Alexandra Village Food Centre
2022-02-23 11:26:17,120 [simulator_api.py | 75] INFO: Initial position of D_107 is Golden Mile Food Centre
2022-02-23 11:26:17,120 [simulator_api.py | 75] INFO: Initial position of D_108 is Alexandra Village Food Centre
2022-02-23 11:26:17,121 [simulator_api.py | 75] INFO: Initial position of D_109 is 36 Boat Quay, Singapore 049825, Singapore
2022-02-23 11:26:17,121 [simulator_api.py | 75] INFO: Initial position of D_110 is Hong Lim Food Centre
2022-02-23 11:26:17,121 [simulator_api.py | 75] INFO: Initial position of D_111 is Golden Mile Food Centre
2022-02-23 11:26:17,121 [simulator_api.py | 75] INFO: Initial position of D_112 is Tiong Bahru Market
2022-02-23 11:26:17,121 [simulator_api.py | 75] INFO: Initial position of D_113 is 371 Beach Rd, Singapore 199597, Singapore
2022-02-23 11:26:17,121 [simulator_api.py | 75] INFO: Initial position of D_114 is 54 South Bridge Rd, Singapore 058685, Singapore
2022-02-23 11:26:17,121 [simulator_api.py | 75] INFO: Initial position of D_115 is Golden Mile Food Centre
2022-02-23 11:26:17,121 [simulator_api.py | 75] INFO: Initial position of D_116 is 37 Cuppage Rd, Singapore 229460, Singapore
2022-02-23 11:26:17,121 [simulator_api.py | 75] INFO: Initial position of D_117 is 417 River Valley Rd, Singapore 248316, Singapore
2022-02-23 11:26:17,122 [simulator_api.py | 75] INFO: Initial position of D_118 is 66 Kg Bugis, Singapore 338987, Singapore
2022-02-23 11:26:17,122 [simulator_api.py | 75] INFO: Initial position of D_119 is Golden Mile Food Centre
2022-02-23 11:26:17,122 [simulator_api.py | 75] INFO: Initial position of D_120 is 66 Kg Bugis, Singapore 338987, Singapore
2022-02-23 11:26:17,122 [simulator_api.py | 75] INFO: Initial position of D_121 is Alexandra Village Food Centre
2022-02-23 11:26:17,122 [simulator_api.py | 75] INFO: Initial position of D_122 is Amoy Street Food Centre
2022-02-23 11:26:17,122 [simulator_api.py | 75] INFO: Initial position of D_123 is Hong Lim Food Centre
2022-02-23 11:26:17,123 [simulator_api.py | 75] INFO: Initial position of D_124 is 66 Kg Bugis, Singapore 338987, Singapore
2022-02-23 11:26:17,123 [simulator_api.py | 75] INFO: Initial position of D_125 is 417 River Valley Rd, Singapore 248316, Singapore
2022-02-23 11:26:17,123 [simulator_api.py | 75] INFO: Initial position of D_126 is Bukit Merah View Market & Hawker Centre
2022-02-23 11:26:17,123 [simulator_api.py | 75] INFO: Initial position of D_127 is Tiong Bahru Market
2022-02-23 11:26:17,123 [simulator_api.py | 75] INFO: Initial position of D_128 is 66 Kg Bugis, Singapore 338987, Singapore
2022-02-23 11:26:17,123 [simulator_api.py | 75] INFO: Initial position of D_129 is 37 Cuppage Rd, Singapore 229460, Singapore
2022-02-23 11:26:17,124 [simulator_api.py | 75] INFO: Initial position of D_130 is Alexandra Village Food Centre
2022-02-23 11:26:17,124 [simulator_api.py | 75] INFO: Initial position of D_131 is Old Airport Road Food Centre
2022-02-23 11:26:17,124 [simulator_api.py | 75] INFO: Initial position of D_132 is 37 Cuppage Rd, Singapore 229460, Singapore
2022-02-23 11:26:17,124 [simulator_api.py | 75] INFO: Initial position of D_133 is 371 Beach Rd, Singapore 199597, Singapore
2022-02-23 11:26:17,124 [simulator_api.py | 75] INFO: Initial position of D_134 is Old Airport Road Food Centre
2022-02-23 11:26:17,124 [simulator_api.py | 75] INFO: Initial position of D_135 is Maxwell Food Centre
2022-02-23 11:26:17,170 [simulator_env.py | 87] INFO: **************************************************
2022-02-23 11:26:17,170 [simulator_env.py | 91] INFO: cur time: 2022-02-23 09:10:00, pre time: 2022-02-23 09:00:00
2022-02-23 11:26:17,172 [simulator_env.py | 147] INFO: Start to update the input of 2022-02-23 09:10:00
2022-02-23 11:26:17,182 [simulator_env.py | 175] INFO: Get 49 unallocated orders, 0 ongoing orders, 0 completed orders.
2022-02-23 11:26:24,042 [simulator_env.py | 100] INFO: Finish the dispatch.
2022-02-23 11:26:24,043 [simulator_env.py | 278] INFO: 2022-02-23 09:10:00, Order 09000800000: state = 1 < 2, we can not finish the simulation
2022-02-23 11:26:24,044 [simulator_env.py | 87] INFO: **************************************************
2022-02-23 11:26:24,044 [simulator_env.py | 91] INFO: cur time: 2022-02-23 09:20:00, pre time: 2022-02-23 09:10:00
2022-02-23 11:26:24,044 [simulator_env.py | 147] INFO: Start to update the input of 2022-02-23 09:20:00
2022-02-23 11:26:24,065 [simulator_env.py | 175] INFO: Get 57 unallocated orders, 25 ongoing orders, 24 completed orders.
2022-02-23 11:26:31,045 [simulator_env.py | 100] INFO: Finish the dispatch.
2022-02-23 11:26:31,050 [simulator_env.py | 278] INFO: 2022-02-23 09:20:00, Order 09101100049: state = 1 < 2, we can not finish the simulation
2022-02-23 11:26:31,052 [simulator_env.py | 87] INFO: **************************************************
2022-02-23 11:26:31,052 [simulator_env.py | 91] INFO: cur time: 2022-02-23 09:30:00, pre time: 2022-02-23 09:20:00
2022-02-23 11:26:31,053 [simulator_env.py | 147] INFO: Start to update the input of 2022-02-23 09:30:00
2022-02-23 11:26:31,088 [simulator_env.py | 175] INFO: Get 67 unallocated orders, 33 ongoing orders, 73 completed orders.
2022-02-23 11:26:38,080 [simulator_env.py | 100] INFO: Finish the dispatch.
2022-02-23 11:26:38,085 [simulator_env.py | 278] INFO: 2022-02-23 09:30:00, Order 09203200106: state = 1 < 2, we can not finish the simulation
2022-02-23 11:26:38,087 [simulator_env.py | 87] INFO: **************************************************
2022-02-23 11:26:38,087 [simulator_env.py | 91] INFO: cur time: 2022-02-23 09:40:00, pre time: 2022-02-23 09:30:00
2022-02-23 11:26:38,087 [simulator_env.py | 147] INFO: Start to update the input of 2022-02-23 09:40:00
2022-02-23 11:26:38,136 [simulator_env.py | 175] INFO: Get 53 unallocated orders, 47 ongoing orders, 126 completed orders.
2022-02-23 11:26:44,783 [simulator_env.py | 100] INFO: Finish the dispatch.
2022-02-23 11:26:44,788 [simulator_env.py | 278] INFO: 2022-02-23 09:40:00, Order 09302600173: state = 1 < 2, we can not finish the simulation
2022-02-23 11:26:44,790 [simulator_env.py | 87] INFO: **************************************************
2022-02-23 11:26:44,790 [simulator_env.py | 91] INFO: cur time: 2022-02-23 09:50:00, pre time: 2022-02-23 09:40:00
2022-02-23 11:26:44,790 [simulator_env.py | 147] INFO: Start to update the input of 2022-02-23 09:50:00
2022-02-23 11:26:44,846 [simulator_env.py | 175] INFO: Get 83 unallocated orders, 40 ongoing orders, 186 completed orders.
2022-02-23 11:26:51,683 [simulator_env.py | 100] INFO: Finish the dispatch.
2022-02-23 11:26:51,689 [simulator_env.py | 278] INFO: 2022-02-23 09:50:00, Order 09401100226: state = 1 < 2, we can not finish the simulation
2022-02-23 11:26:51,691 [simulator_env.py | 87] INFO: **************************************************
2022-02-23 11:26:51,691 [simulator_env.py | 91] INFO: cur time: 2022-02-23 10:00:00, pre time: 2022-02-23 09:50:00
2022-02-23 11:26:51,691 [simulator_env.py | 147] INFO: Start to update the input of 2022-02-23 10:00:00
2022-02-23 11:26:51,732 [simulator_env.py | 175] INFO: Get 78 unallocated orders, 54 ongoing orders, 255 completed orders.
2022-02-23 11:26:58,581 [simulator_env.py | 100] INFO: Finish the dispatch.
2022-02-23 11:26:58,589 [simulator_env.py | 278] INFO: 2022-02-23 10:00:00, Order 09500800309: state = 1 < 2, we can not finish the simulation
2022-02-23 11:26:58,592 [simulator_env.py | 87] INFO: **************************************************
2022-02-23 11:26:58,592 [simulator_env.py | 91] INFO: cur time: 2022-02-23 10:10:00, pre time: 2022-02-23 10:00:00
2022-02-23 11:26:58,593 [simulator_env.py | 147] INFO: Start to update the input of 2022-02-23 10:10:00
2022-02-23 11:26:58,649 [simulator_env.py | 175] INFO: Get 67 unallocated orders, 51 ongoing orders, 335 completed orders.
2022-02-23 11:27:06,446 [simulator_env.py | 100] INFO: Finish the dispatch.
2022-02-23 11:27:06,454 [simulator_env.py | 278] INFO: 2022-02-23 10:10:00, Order 09551200352: state = 1 < 2, we can not finish the simulation
2022-02-23 11:27:06,457 [simulator_env.py | 87] INFO: **************************************************
2022-02-23 11:27:06,457 [simulator_env.py | 91] INFO: cur time: 2022-02-23 10:20:00, pre time: 2022-02-23 10:10:00
2022-02-23 11:27:06,457 [simulator_env.py | 147] INFO: Start to update the input of 2022-02-23 10:20:00
2022-02-23 11:27:06,507 [simulator_env.py | 175] INFO: Get 82 unallocated orders, 47 ongoing orders, 406 completed orders.
2022-02-23 11:27:13,173 [simulator_env.py | 100] INFO: Finish the dispatch.
2022-02-23 11:27:13,180 [simulator_env.py | 278] INFO: 2022-02-23 10:20:00, Order 10100300453: state = 1 < 2, we can not finish the simulation
2022-02-23 11:27:13,182 [simulator_env.py | 87] INFO: **************************************************
2022-02-23 11:27:13,182 [simulator_env.py | 91] INFO: cur time: 2022-02-23 10:30:00, pre time: 2022-02-23 10:20:00
2022-02-23 11:27:13,182 [simulator_env.py | 147] INFO: Start to update the input of 2022-02-23 10:30:00
2022-02-23 11:27:13,233 [simulator_env.py | 175] INFO: Get 85 unallocated orders, 55 ongoing orders, 479 completed orders.
2022-02-23 11:27:20,116 [simulator_env.py | 100] INFO: Finish the dispatch.
2022-02-23 11:27:20,125 [simulator_env.py | 278] INFO: 2022-02-23 10:30:00, Order 10164000501: state = 1 < 2, we can not finish the simulation
2022-02-23 11:27:20,128 [simulator_env.py | 87] INFO: **************************************************
2022-02-23 11:27:20,128 [simulator_env.py | 91] INFO: cur time: 2022-02-23 10:40:00, pre time: 2022-02-23 10:30:00
2022-02-23 11:27:20,129 [simulator_env.py | 147] INFO: Start to update the input of 2022-02-23 10:40:00
2022-02-23 11:27:20,179 [simulator_env.py | 175] INFO: Get 75 unallocated orders, 55 ongoing orders, 560 completed orders.
2022-02-23 11:27:26,931 [simulator_env.py | 100] INFO: Finish the dispatch.
2022-02-23 11:27:26,935 [simulator_env.py | 278] INFO: 2022-02-23 10:40:00, Order 10200900539: state = 1 < 2, we can not finish the simulation
2022-02-23 11:27:26,938 [simulator_env.py | 87] INFO: **************************************************
2022-02-23 11:27:26,938 [simulator_env.py | 91] INFO: cur time: 2022-02-23 10:50:00, pre time: 2022-02-23 10:40:00
2022-02-23 11:27:26,938 [simulator_env.py | 147] INFO: Start to update the input of 2022-02-23 10:50:00
2022-02-23 11:27:26,982 [simulator_env.py | 175] INFO: Get 89 unallocated orders, 49 ongoing orders, 641 completed orders.
2022-02-23 11:27:34,869 [simulator_env.py | 100] INFO: Finish the dispatch.
2022-02-23 11:27:34,878 [simulator_env.py | 278] INFO: 2022-02-23 10:50:00, Order 10400900690: state = 1 < 2, we can not finish the simulation
2022-02-23 11:27:34,881 [simulator_env.py | 87] INFO: **************************************************
2022-02-23 11:27:34,881 [simulator_env.py | 91] INFO: cur time: 2022-02-23 11:00:00, pre time: 2022-02-23 10:50:00
2022-02-23 11:27:34,881 [simulator_env.py | 147] INFO: Start to update the input of 2022-02-23 11:00:00
2022-02-23 11:27:34,944 [simulator_env.py | 175] INFO: Get 95 unallocated orders, 56 ongoing orders, 720 completed orders.
2022-02-23 11:27:42,106 [simulator_env.py | 100] INFO: Finish the dispatch.
2022-02-23 11:27:42,115 [simulator_env.py | 278] INFO: 2022-02-23 11:00:00, Order 10493800774: state = 1 < 2, we can not finish the simulation
2022-02-23 11:27:42,118 [simulator_env.py | 87] INFO: **************************************************
2022-02-23 11:27:42,119 [simulator_env.py | 91] INFO: cur time: 2022-02-23 11:10:00, pre time: 2022-02-23 11:00:00
2022-02-23 11:27:42,119 [simulator_env.py | 147] INFO: Start to update the input of 2022-02-23 11:10:00
2022-02-23 11:27:42,181 [simulator_env.py | 175] INFO: Get 99 unallocated orders, 62 ongoing orders, 800 completed orders.
2022-02-23 11:27:48,885 [simulator_env.py | 100] INFO: Finish the dispatch.
2022-02-23 11:27:48,892 [simulator_env.py | 278] INFO: 2022-02-23 11:10:00, Order 10583700855: state = 1 < 2, we can not finish the simulation
2022-02-23 11:27:48,896 [simulator_env.py | 87] INFO: **************************************************
2022-02-23 11:27:48,896 [simulator_env.py | 91] INFO: cur time: 2022-02-23 11:20:00, pre time: 2022-02-23 11:10:00
2022-02-23 11:27:48,897 [simulator_env.py | 147] INFO: Start to update the input of 2022-02-23 11:20:00
2022-02-23 11:27:48,964 [simulator_env.py | 175] INFO: Get 99 unallocated orders, 52 ongoing orders, 895 completed orders.
2022-02-23 11:27:55,788 [simulator_env.py | 100] INFO: Finish the dispatch.
2022-02-23 11:27:55,795 [simulator_env.py | 278] INFO: 2022-02-23 11:20:00, Order 11065700933: state = 1 < 2, we can not finish the simulation
2022-02-23 11:27:55,798 [simulator_env.py | 87] INFO: **************************************************
2022-02-23 11:27:55,798 [simulator_env.py | 91] INFO: cur time: 2022-02-23 11:30:00, pre time: 2022-02-23 11:20:00
2022-02-23 11:27:55,798 [simulator_env.py | 147] INFO: Start to update the input of 2022-02-23 11:30:00
2022-02-23 11:27:55,857 [simulator_env.py | 175] INFO: Get 82 unallocated orders, 57 ongoing orders, 977 completed orders.
2022-02-23 11:28:05,062 [simulator_env.py | 100] INFO: Finish the dispatch.
2022-02-23 11:28:05,070 [simulator_env.py | 278] INFO: 2022-02-23 11:30:00, Order 11165001027: state = 1 < 2, we can not finish the simulation
2022-02-23 11:28:05,075 [simulator_env.py | 87] INFO: **************************************************
2022-02-23 11:28:05,075 [simulator_env.py | 91] INFO: cur time: 2022-02-23 11:40:00, pre time: 2022-02-23 11:30:00
2022-02-23 11:28:05,076 [simulator_env.py | 147] INFO: Start to update the input of 2022-02-23 11:40:00
2022-02-23 11:28:05,130 [simulator_env.py | 175] INFO: Get 83 unallocated orders, 53 ongoing orders, 1059 completed orders.
2022-02-23 11:28:12,251 [simulator_env.py | 100] INFO: Finish the dispatch.
2022-02-23 11:28:12,261 [simulator_env.py | 278] INFO: 2022-02-23 11:40:00, Order 11292001111: state = 1 < 2, we can not finish the simulation
2022-02-23 11:28:12,266 [simulator_env.py | 87] INFO: **************************************************
2022-02-23 11:28:12,267 [simulator_env.py | 91] INFO: cur time: 2022-02-23 11:50:00, pre time: 2022-02-23 11:40:00
2022-02-23 11:28:12,269 [simulator_env.py | 147] INFO: Start to update the input of 2022-02-23 11:50:00
2022-02-23 11:28:12,332 [simulator_env.py | 175] INFO: Get 77 unallocated orders, 55 ongoing orders, 1139 completed orders.
2022-02-23 11:28:19,107 [simulator_env.py | 100] INFO: Finish the dispatch.
2022-02-23 11:28:19,115 [simulator_env.py | 278] INFO: 2022-02-23 11:50:00, Order 11395201193: state = 1 < 2, we can not finish the simulation
2022-02-23 11:28:19,119 [simulator_env.py | 87] INFO: **************************************************
2022-02-23 11:28:19,119 [simulator_env.py | 91] INFO: cur time: 2022-02-23 12:00:00, pre time: 2022-02-23 11:50:00
2022-02-23 11:28:19,120 [simulator_env.py | 147] INFO: Start to update the input of 2022-02-23 12:00:00
2022-02-23 11:28:19,174 [simulator_env.py | 175] INFO: Get 72 unallocated orders, 51 ongoing orders, 1220 completed orders.
2022-02-23 11:28:26,305 [simulator_env.py | 100] INFO: Finish the dispatch.
2022-02-23 11:28:26,312 [simulator_env.py | 278] INFO: 2022-02-23 12:00:00, Order 11500401271: state = 1 < 2, we can not finish the simulation
2022-02-23 11:28:26,314 [simulator_env.py | 87] INFO: **************************************************
2022-02-23 11:28:26,315 [simulator_env.py | 91] INFO: cur time: 2022-02-23 12:10:00, pre time: 2022-02-23 12:00:00
2022-02-23 11:28:26,315 [simulator_env.py | 147] INFO: Start to update the input of 2022-02-23 12:10:00
2022-02-23 11:28:26,368 [simulator_env.py | 175] INFO: Get 54 unallocated orders, 50 ongoing orders, 1293 completed orders.
2022-02-23 11:28:33,281 [simulator_env.py | 100] INFO: Finish the dispatch.
2022-02-23 11:28:33,288 [simulator_env.py | 278] INFO: 2022-02-23 12:10:00, Order 12000301343: state = 1 < 2, we can not finish the simulation
2022-02-23 11:28:33,291 [simulator_env.py | 87] INFO: **************************************************
2022-02-23 11:28:33,291 [simulator_env.py | 91] INFO: cur time: 2022-02-23 12:20:00, pre time: 2022-02-23 12:10:00
2022-02-23 11:28:33,292 [simulator_env.py | 147] INFO: Start to update the input of 2022-02-23 12:20:00
2022-02-23 11:28:33,329 [simulator_env.py | 175] INFO: Get 43 unallocated orders, 39 ongoing orders, 1357 completed orders.
2022-02-23 11:28:41,399 [simulator_env.py | 100] INFO: Finish the dispatch.
2022-02-23 11:28:41,403 [simulator_env.py | 278] INFO: 2022-02-23 12:20:00, Order 12085601389: state = 1 < 2, we can not finish the simulation
2022-02-23 11:28:41,405 [simulator_env.py | 87] INFO: **************************************************
2022-02-23 11:28:41,405 [simulator_env.py | 91] INFO: cur time: 2022-02-23 12:30:00, pre time: 2022-02-23 12:20:00
2022-02-23 11:28:41,406 [simulator_env.py | 147] INFO: Start to update the input of 2022-02-23 12:30:00
2022-02-23 11:28:41,459 [simulator_env.py | 175] INFO: Get 44 unallocated orders, 27 ongoing orders, 1412 completed orders.
2022-02-23 11:28:48,426 [simulator_env.py | 100] INFO: Finish the dispatch.
2022-02-23 11:28:48,433 [simulator_env.py | 278] INFO: 2022-02-23 12:30:00, Order 12200701439: state = 1 < 2, we can not finish the simulation
2022-02-23 11:28:48,434 [simulator_env.py | 87] INFO: **************************************************
2022-02-23 11:28:48,435 [simulator_env.py | 91] INFO: cur time: 2022-02-23 12:40:00, pre time: 2022-02-23 12:30:00
2022-02-23 11:28:48,435 [simulator_env.py | 147] INFO: Start to update the input of 2022-02-23 12:40:00
2022-02-23 11:28:48,483 [simulator_env.py | 175] INFO: Get 42 unallocated orders, 31 ongoing orders, 1452 completed orders.
2022-02-23 11:28:55,171 [simulator_env.py | 100] INFO: Finish the dispatch.
2022-02-23 11:28:55,175 [simulator_env.py | 278] INFO: 2022-02-23 12:40:00, Order 12301601483: state = 1 < 2, we can not finish the simulation
2022-02-23 11:28:55,176 [simulator_env.py | 87] INFO: **************************************************
2022-02-23 11:28:55,176 [simulator_env.py | 91] INFO: cur time: 2022-02-23 12:50:00, pre time: 2022-02-23 12:40:00
2022-02-23 11:28:55,177 [simulator_env.py | 147] INFO: Start to update the input of 2022-02-23 12:50:00
2022-02-23 11:28:55,224 [simulator_env.py | 175] INFO: Get 33 unallocated orders, 31 ongoing orders, 1494 completed orders.
2022-02-23 11:29:02,028 [simulator_env.py | 100] INFO: Finish the dispatch.
2022-02-23 11:29:02,032 [simulator_env.py | 278] INFO: 2022-02-23 12:50:00, Order 12401601525: state = 1 < 2, we can not finish the simulation
2022-02-23 11:29:02,034 [simulator_env.py | 87] INFO: **************************************************
2022-02-23 11:29:02,034 [simulator_env.py | 91] INFO: cur time: 2022-02-23 13:00:00, pre time: 2022-02-23 12:50:00
2022-02-23 11:29:02,034 [simulator_env.py | 147] INFO: Start to update the input of 2022-02-23 13:00:00
2022-02-23 11:29:02,073 [simulator_env.py | 175] INFO: Get 34 unallocated orders, 18 ongoing orders, 1539 completed orders.
2022-02-23 11:29:09,751 [simulator_env.py | 100] INFO: Finish the dispatch.
2022-02-23 11:29:09,755 [simulator_env.py | 278] INFO: 2022-02-23 13:00:00, Order 12420301529: state = 1 < 2, we can not finish the simulation
2022-02-23 11:29:09,758 [simulator_env.py | 87] INFO: **************************************************
2022-02-23 11:29:09,758 [simulator_env.py | 91] INFO: cur time: 2022-02-23 13:10:00, pre time: 2022-02-23 13:00:00
2022-02-23 11:29:09,759 [simulator_env.py | 147] INFO: Start to update the input of 2022-02-23 13:10:00
2022-02-23 11:29:09,809 [simulator_env.py | 175] INFO: Get 33 unallocated orders, 20 ongoing orders, 1571 completed orders.
2022-02-23 11:29:16,559 [simulator_env.py | 100] INFO: Finish the dispatch.
2022-02-23 11:29:16,564 [simulator_env.py | 278] INFO: 2022-02-23 13:10:00, Order 13000901591: state = 1 < 2, we can not finish the simulation
2022-02-23 11:29:16,565 [simulator_env.py | 87] INFO: **************************************************
2022-02-23 11:29:16,565 [simulator_env.py | 91] INFO: cur time: 2022-02-23 13:20:00, pre time: 2022-02-23 13:10:00
2022-02-23 11:29:16,565 [simulator_env.py | 147] INFO: Start to update the input of 2022-02-23 13:20:00
2022-02-23 11:29:16,592 [simulator_env.py | 175] INFO: Get 30 unallocated orders, 20 ongoing orders, 1604 completed orders.
2022-02-23 11:29:23,250 [simulator_env.py | 100] INFO: Finish the dispatch.
2022-02-23 11:29:23,255 [simulator_env.py | 278] INFO: 2022-02-23 13:20:00, Order 13101001624: state = 1 < 2, we can not finish the simulation
2022-02-23 11:29:23,256 [simulator_env.py | 87] INFO: **************************************************
2022-02-23 11:29:23,257 [simulator_env.py | 91] INFO: cur time: 2022-02-23 13:30:00, pre time: 2022-02-23 13:20:00
2022-02-23 11:29:23,257 [simulator_env.py | 147] INFO: Start to update the input of 2022-02-23 13:30:00
2022-02-23 11:29:23,277 [simulator_env.py | 175] INFO: Get 44 unallocated orders, 21 ongoing orders, 1633 completed orders.
2022-02-23 11:29:30,131 [simulator_env.py | 100] INFO: Finish the dispatch.
2022-02-23 11:29:30,136 [simulator_env.py | 278] INFO: 2022-02-23 13:30:00, Order 13200801654: state = 1 < 2, we can not finish the simulation
2022-02-23 11:29:30,139 [simulator_env.py | 87] INFO: **************************************************
2022-02-23 11:29:30,139 [simulator_env.py | 91] INFO: cur time: 2022-02-23 13:40:00, pre time: 2022-02-23 13:30:00
2022-02-23 11:29:30,140 [simulator_env.py | 147] INFO: Start to update the input of 2022-02-23 13:40:00
2022-02-23 11:29:30,185 [simulator_env.py | 175] INFO: Get 24 unallocated orders, 32 ongoing orders, 1665 completed orders.
2022-02-23 11:29:37,045 [simulator_env.py | 100] INFO: Finish the dispatch.
2022-02-23 11:29:37,050 [simulator_env.py | 278] INFO: 2022-02-23 13:40:00, Order 13242601667: state = 1 < 2, we can not finish the simulation
2022-02-23 11:29:37,051 [simulator_env.py | 87] INFO: **************************************************
2022-02-23 11:29:37,052 [simulator_env.py | 91] INFO: cur time: 2022-02-23 13:50:00, pre time: 2022-02-23 13:40:00
2022-02-23 11:29:37,052 [simulator_env.py | 147] INFO: Start to update the input of 2022-02-23 13:50:00
2022-02-23 11:29:37,076 [simulator_env.py | 175] INFO: Get 28 unallocated orders, 11 ongoing orders, 1709 completed orders.
2022-02-23 11:29:44,017 [simulator_env.py | 100] INFO: Finish the dispatch.
2022-02-23 11:29:44,021 [simulator_env.py | 278] INFO: 2022-02-23 13:50:00, Order 13370801710: state = 1 < 2, we can not finish the simulation
2022-02-23 11:29:44,022 [simulator_env.py | 87] INFO: **************************************************
2022-02-23 11:29:44,022 [simulator_env.py | 91] INFO: cur time: 2022-02-23 14:00:00, pre time: 2022-02-23 13:50:00
2022-02-23 11:29:44,022 [simulator_env.py | 147] INFO: Start to update the input of 2022-02-23 14:00:00
2022-02-23 11:29:44,046 [simulator_env.py | 175] INFO: Get 26 unallocated orders, 18 ongoing orders, 1730 completed orders.
2022-02-23 11:29:50,742 [simulator_env.py | 100] INFO: Finish the dispatch.
2022-02-23 11:29:50,747 [simulator_env.py | 278] INFO: 2022-02-23 14:00:00, Order 13501001748: state = 1 < 2, we can not finish the simulation
2022-02-23 11:29:50,748 [simulator_env.py | 87] INFO: **************************************************
2022-02-23 11:29:50,749 [simulator_env.py | 91] INFO: cur time: 2022-02-23 14:10:00, pre time: 2022-02-23 14:00:00
2022-02-23 11:29:50,749 [simulator_env.py | 147] INFO: Start to update the input of 2022-02-23 14:10:00
2022-02-23 11:29:50,783 [simulator_env.py | 175] INFO: Get 34 unallocated orders, 20 ongoing orders, 1754 completed orders.
2022-02-23 11:29:57,526 [simulator_env.py | 100] INFO: Finish the dispatch.
2022-02-23 11:29:57,530 [simulator_env.py | 278] INFO: 2022-02-23 14:10:00, Order 14000601774: state = 1 < 2, we can not finish the simulation
2022-02-23 11:29:57,532 [simulator_env.py | 87] INFO: **************************************************
2022-02-23 11:29:57,532 [simulator_env.py | 91] INFO: cur time: 2022-02-23 14:20:00, pre time: 2022-02-23 14:10:00
2022-02-23 11:29:57,532 [simulator_env.py | 147] INFO: Start to update the input of 2022-02-23 14:20:00
2022-02-23 11:29:57,565 [simulator_env.py | 175] INFO: Get 28 unallocated orders, 18 ongoing orders, 1790 completed orders.
2022-02-23 11:30:04,530 [simulator_env.py | 100] INFO: Finish the dispatch.
2022-02-23 11:30:04,535 [simulator_env.py | 278] INFO: 2022-02-23 14:20:00, Order 14103301808: state = 1 < 2, we can not finish the simulation
2022-02-23 11:30:04,536 [simulator_env.py | 87] INFO: **************************************************
2022-02-23 11:30:04,536 [simulator_env.py | 91] INFO: cur time: 2022-02-23 14:30:00, pre time: 2022-02-23 14:20:00
2022-02-23 11:30:04,536 [simulator_env.py | 147] INFO: Start to update the input of 2022-02-23 14:30:00
2022-02-23 11:30:04,558 [simulator_env.py | 175] INFO: Get 30 unallocated orders, 17 ongoing orders, 1819 completed orders.
2022-02-23 11:30:11,230 [simulator_env.py | 100] INFO: Finish the dispatch.
2022-02-23 11:30:11,234 [simulator_env.py | 278] INFO: 2022-02-23 14:30:00, Order 14201401836: state = 1 < 2, we can not finish the simulation
2022-02-23 11:30:11,235 [simulator_env.py | 87] INFO: **************************************************
2022-02-23 11:30:11,235 [simulator_env.py | 91] INFO: cur time: 2022-02-23 14:40:00, pre time: 2022-02-23 14:30:00
2022-02-23 11:30:11,235 [simulator_env.py | 147] INFO: Start to update the input of 2022-02-23 14:40:00
2022-02-23 11:30:11,265 [simulator_env.py | 175] INFO: Get 26 unallocated orders, 22 ongoing orders, 1844 completed orders.
2022-02-23 11:30:19,677 [simulator_env.py | 100] INFO: Finish the dispatch.
2022-02-23 11:30:19,684 [simulator_env.py | 278] INFO: 2022-02-23 14:40:00, Order 14302701866: state = 1 < 2, we can not finish the simulation
2022-02-23 11:30:19,685 [simulator_env.py | 87] INFO: **************************************************
2022-02-23 11:30:19,685 [simulator_env.py | 91] INFO: cur time: 2022-02-23 14:50:00, pre time: 2022-02-23 14:40:00
2022-02-23 11:30:19,685 [simulator_env.py | 147] INFO: Start to update the input of 2022-02-23 14:50:00
2022-02-23 11:30:19,708 [simulator_env.py | 175] INFO: Get 33 unallocated orders, 17 ongoing orders, 1875 completed orders.
2022-02-23 11:30:31,207 [simulator_env.py | 100] INFO: Finish the dispatch.
2022-02-23 11:30:31,214 [simulator_env.py | 278] INFO: 2022-02-23 14:50:00, Order 14400901892: state = 1 < 2, we can not finish the simulation
2022-02-23 11:30:31,215 [simulator_env.py | 87] INFO: **************************************************
2022-02-23 11:30:31,216 [simulator_env.py | 91] INFO: cur time: 2022-02-23 15:00:00, pre time: 2022-02-23 14:50:00
2022-02-23 11:30:31,216 [simulator_env.py | 147] INFO: Start to update the input of 2022-02-23 15:00:00
2022-02-23 11:30:31,252 [simulator_env.py | 175] INFO: Get 32 unallocated orders, 21 ongoing orders, 1904 completed orders.
2022-02-23 11:30:45,001 [simulator_env.py | 100] INFO: Finish the dispatch.
2022-02-23 11:30:45,006 [simulator_env.py | 278] INFO: 2022-02-23 15:00:00, Order 14501601925: state = 1 < 2, we can not finish the simulation
2022-02-23 11:30:45,007 [simulator_env.py | 87] INFO: **************************************************
2022-02-23 11:30:45,007 [simulator_env.py | 91] INFO: cur time: 2022-02-23 15:10:00, pre time: 2022-02-23 15:00:00
2022-02-23 11:30:45,007 [simulator_env.py | 147] INFO: Start to update the input of 2022-02-23 15:10:00
2022-02-23 11:30:45,037 [simulator_env.py | 175] INFO: Get 0 unallocated orders, 22 ongoing orders, 1935 completed orders.
2022-02-23 11:30:53,117 [simulator_env.py | 100] INFO: Finish the dispatch.
2022-02-23 11:30:53,121 [simulator_env.py | 281] INFO: 2022-02-23 15:10:00, the status of all orders is greater than 1, we could finish the simulation
2022-02-23 11:30:53,127 [simulator_env.py | 124] INFO: finished the left ongoing orders
2022-02-23 11:30:53,128 [evaluator.py    | 116] INFO: Traveling Distance of driver D_1 is  44.640, visited node list: 21
2022-02-23 11:30:53,129 [evaluator.py    | 116] INFO: Traveling Distance of driver D_2 is  78.060, visited node list: 28
2022-02-23 11:30:53,131 [evaluator.py    | 116] INFO: Traveling Distance of driver D_3 is  107.340, visited node list: 45
2022-02-23 11:30:53,132 [evaluator.py    | 116] INFO: Traveling Distance of driver D_4 is  103.940, visited node list: 41
2022-02-23 11:30:53,133 [evaluator.py    | 116] INFO: Traveling Distance of driver D_5 is  119.680, visited node list: 41
2022-02-23 11:30:53,134 [evaluator.py    | 116] INFO: Traveling Distance of driver D_6 is  68.630, visited node list: 25
2022-02-23 11:30:53,135 [evaluator.py    | 116] INFO: Traveling Distance of driver D_7 is  108.960, visited node list: 41
2022-02-23 11:30:53,135 [evaluator.py    | 116] INFO: Traveling Distance of driver D_8 is  104.550, visited node list: 43
2022-02-23 11:30:53,136 [evaluator.py    | 116] INFO: Traveling Distance of driver D_9 is  119.250, visited node list: 40
2022-02-23 11:30:53,137 [evaluator.py    | 116] INFO: Traveling Distance of driver D_10 is  123.580, visited node list: 44
2022-02-23 11:30:53,138 [evaluator.py    | 116] INFO: Traveling Distance of driver D_11 is  109.340, visited node list: 41
2022-02-23 11:30:53,140 [evaluator.py    | 116] INFO: Traveling Distance of driver D_12 is  99.750, visited node list: 35
2022-02-23 11:30:53,141 [evaluator.py    | 116] INFO: Traveling Distance of driver D_13 is  110.620, visited node list: 43
2022-02-23 11:30:53,142 [evaluator.py    | 116] INFO: Traveling Distance of driver D_14 is  131.080, visited node list: 39
2022-02-23 11:30:53,143 [evaluator.py    | 116] INFO: Traveling Distance of driver D_15 is  103.550, visited node list: 38
2022-02-23 11:30:53,144 [evaluator.py    | 116] INFO: Traveling Distance of driver D_16 is  104.800, visited node list: 41
2022-02-23 11:30:53,146 [evaluator.py    | 116] INFO: Traveling Distance of driver D_17 is  119.120, visited node list: 43
2022-02-23 11:30:53,148 [evaluator.py    | 116] INFO: Traveling Distance of driver D_18 is  114.550, visited node list: 45
2022-02-23 11:30:53,149 [evaluator.py    | 116] INFO: Traveling Distance of driver D_19 is  111.380, visited node list: 41
2022-02-23 11:30:53,151 [evaluator.py    | 116] INFO: Traveling Distance of driver D_20 is  113.870, visited node list: 49
2022-02-23 11:30:53,152 [evaluator.py    | 116] INFO: Traveling Distance of driver D_21 is  120.800, visited node list: 41
2022-02-23 11:30:53,153 [evaluator.py    | 116] INFO: Traveling Distance of driver D_22 is  104.140, visited node list: 36
2022-02-23 11:30:53,154 [evaluator.py    | 116] INFO: Traveling Distance of driver D_23 is  113.140, visited node list: 45
2022-02-23 11:30:53,154 [evaluator.py    | 116] INFO: Traveling Distance of driver D_24 is  109.520, visited node list: 40
2022-02-23 11:30:53,155 [evaluator.py    | 116] INFO: Traveling Distance of driver D_25 is  120.300, visited node list: 39
2022-02-23 11:30:53,155 [evaluator.py    | 116] INFO: Traveling Distance of driver D_26 is  124.400, visited node list: 41
2022-02-23 11:30:53,156 [evaluator.py    | 116] INFO: Traveling Distance of driver D_27 is  120.480, visited node list: 41
2022-02-23 11:30:53,156 [evaluator.py    | 116] INFO: Traveling Distance of driver D_28 is  104.790, visited node list: 47
2022-02-23 11:30:53,158 [evaluator.py    | 116] INFO: Traveling Distance of driver D_29 is  121.020, visited node list: 43
2022-02-23 11:30:53,159 [evaluator.py    | 116] INFO: Traveling Distance of driver D_30 is  118.430, visited node list: 47
2022-02-23 11:30:53,159 [evaluator.py    | 116] INFO: Traveling Distance of driver D_31 is  113.290, visited node list: 45
2022-02-23 11:30:53,160 [evaluator.py    | 116] INFO: Traveling Distance of driver D_32 is  111.670, visited node list: 45
2022-02-23 11:30:53,161 [evaluator.py    | 116] INFO: Traveling Distance of driver D_33 is  117.850, visited node list: 45
2022-02-23 11:30:53,162 [evaluator.py    | 116] INFO: Traveling Distance of driver D_34 is  111.130, visited node list: 43
2022-02-23 11:30:53,163 [evaluator.py    | 116] INFO: Traveling Distance of driver D_35 is  114.410, visited node list: 45
2022-02-23 11:30:53,163 [evaluator.py    | 116] INFO: Traveling Distance of driver D_36 is  116.370, visited node list: 42
2022-02-23 11:30:53,164 [evaluator.py    | 116] INFO: Traveling Distance of driver D_37 is  116.290, visited node list: 47
2022-02-23 11:30:53,164 [evaluator.py    | 116] INFO: Traveling Distance of driver D_38 is  112.690, visited node list: 47
2022-02-23 11:30:53,165 [evaluator.py    | 116] INFO: Traveling Distance of driver D_39 is  109.660, visited node list: 41
2022-02-23 11:30:53,165 [evaluator.py    | 116] INFO: Traveling Distance of driver D_40 is  118.000, visited node list: 47
2022-02-23 11:30:53,166 [evaluator.py    | 116] INFO: Traveling Distance of driver D_41 is  120.810, visited node list: 47
2022-02-23 11:30:53,166 [evaluator.py    | 116] INFO: Traveling Distance of driver D_42 is  118.690, visited node list: 47
2022-02-23 11:30:53,167 [evaluator.py    | 116] INFO: Traveling Distance of driver D_43 is  105.210, visited node list: 43
2022-02-23 11:30:53,168 [evaluator.py    | 116] INFO: Traveling Distance of driver D_44 is  126.060, visited node list: 39
2022-02-23 11:30:53,168 [evaluator.py    | 116] INFO: Traveling Distance of driver D_45 is  80.920, visited node list: 33
2022-02-23 11:30:53,168 [evaluator.py    | 116] INFO: Traveling Distance of driver D_46 is  112.310, visited node list: 41
2022-02-23 11:30:53,169 [evaluator.py    | 116] INFO: Traveling Distance of driver D_47 is  109.400, visited node list: 44
2022-02-23 11:30:53,171 [evaluator.py    | 116] INFO: Traveling Distance of driver D_48 is  116.170, visited node list: 42
2022-02-23 11:30:53,173 [evaluator.py    | 116] INFO: Traveling Distance of driver D_49 is  119.730, visited node list: 43
2022-02-23 11:30:53,204 [evaluator.py    | 116] INFO: Traveling Distance of driver D_50 is  111.220, visited node list: 47
2022-02-23 11:30:53,206 [evaluator.py    | 116] INFO: Traveling Distance of driver D_51 is  105.540, visited node list: 43
2022-02-23 11:30:53,207 [evaluator.py    | 116] INFO: Traveling Distance of driver D_52 is  96.220, visited node list: 39
2022-02-23 11:30:53,208 [evaluator.py    | 116] INFO: Traveling Distance of driver D_53 is  93.680, visited node list: 35
2022-02-23 11:30:53,209 [evaluator.py    | 116] INFO: Traveling Distance of driver D_54 is  104.750, visited node list: 47
2022-02-23 11:30:53,210 [evaluator.py    | 116] INFO: Traveling Distance of driver D_55 is  98.750, visited node list: 37
2022-02-23 11:30:53,210 [evaluator.py    | 116] INFO: Traveling Distance of driver D_56 is  90.980, visited node list: 39
2022-02-23 11:30:53,211 [evaluator.py    | 116] INFO: Traveling Distance of driver D_57 is  90.360, visited node list: 37
2022-02-23 11:30:53,211 [evaluator.py    | 116] INFO: Traveling Distance of driver D_58 is  90.320, visited node list: 39
2022-02-23 11:30:53,212 [evaluator.py    | 116] INFO: Traveling Distance of driver D_59 is  99.490, visited node list: 45
2022-02-23 11:30:53,212 [evaluator.py    | 116] INFO: Traveling Distance of driver D_60 is  76.250, visited node list: 25
2022-02-23 11:30:53,213 [evaluator.py    | 116] INFO: Traveling Distance of driver D_61 is  76.160, visited node list: 33
2022-02-23 11:30:53,213 [evaluator.py    | 116] INFO: Traveling Distance of driver D_62 is  76.330, visited node list: 31
2022-02-23 11:30:53,213 [evaluator.py    | 116] INFO: Traveling Distance of driver D_63 is  74.760, visited node list: 31
2022-02-23 11:30:53,215 [evaluator.py    | 116] INFO: Traveling Distance of driver D_64 is  79.020, visited node list: 33
2022-02-23 11:30:53,215 [evaluator.py    | 116] INFO: Traveling Distance of driver D_65 is  75.600, visited node list: 27
2022-02-23 11:30:53,216 [evaluator.py    | 116] INFO: Traveling Distance of driver D_66 is  72.580, visited node list: 27
2022-02-23 11:30:53,217 [evaluator.py    | 116] INFO: Traveling Distance of driver D_67 is  72.590, visited node list: 29
2022-02-23 11:30:53,217 [evaluator.py    | 116] INFO: Traveling Distance of driver D_68 is  67.350, visited node list: 27
2022-02-23 11:30:53,218 [evaluator.py    | 116] INFO: Traveling Distance of driver D_69 is  63.760, visited node list: 25
2022-02-23 11:30:53,218 [evaluator.py    | 116] INFO: Traveling Distance of driver D_70 is  63.720, visited node list: 23
2022-02-23 11:30:53,219 [evaluator.py    | 116] INFO: Traveling Distance of driver D_71 is  73.850, visited node list: 29
2022-02-23 11:30:53,220 [evaluator.py    | 116] INFO: Traveling Distance of driver D_72 is  63.540, visited node list: 23
2022-02-23 11:30:53,220 [evaluator.py    | 116] INFO: Traveling Distance of driver D_73 is  66.430, visited node list: 27
2022-02-23 11:30:53,220 [evaluator.py    | 116] INFO: Traveling Distance of driver D_74 is  62.690, visited node list: 25
2022-02-23 11:30:53,221 [evaluator.py    | 116] INFO: Traveling Distance of driver D_75 is  64.970, visited node list: 27
2022-02-23 11:30:53,221 [evaluator.py    | 116] INFO: Traveling Distance of driver D_76 is  74.370, visited node list: 23
2022-02-23 11:30:53,222 [evaluator.py    | 116] INFO: Traveling Distance of driver D_77 is  67.230, visited node list: 23
2022-02-23 11:30:53,222 [evaluator.py    | 116] INFO: Traveling Distance of driver D_78 is  56.130, visited node list: 25
2022-02-23 11:30:53,222 [evaluator.py    | 116] INFO: Traveling Distance of driver D_79 is  50.750, visited node list: 19
2022-02-23 11:30:53,222 [evaluator.py    | 116] INFO: Traveling Distance of driver D_80 is  52.220, visited node list: 23
2022-02-23 11:30:53,223 [evaluator.py    | 116] INFO: Traveling Distance of driver D_81 is  55.910, visited node list: 21
2022-02-23 11:30:53,223 [evaluator.py    | 116] INFO: Traveling Distance of driver D_82 is  59.250, visited node list: 21
2022-02-23 11:30:53,223 [evaluator.py    | 116] INFO: Traveling Distance of driver D_83 is  57.000, visited node list: 19
2022-02-23 11:30:53,223 [evaluator.py    | 116] INFO: Traveling Distance of driver D_84 is  54.100, visited node list: 23
2022-02-23 11:30:53,224 [evaluator.py    | 116] INFO: Traveling Distance of driver D_85 is  52.160, visited node list: 21
2022-02-23 11:30:53,224 [evaluator.py    | 116] INFO: Traveling Distance of driver D_86 is  59.470, visited node list: 23
2022-02-23 11:30:53,225 [evaluator.py    | 116] INFO: Traveling Distance of driver D_87 is  63.060, visited node list: 21
2022-02-23 11:30:53,225 [evaluator.py    | 116] INFO: Traveling Distance of driver D_88 is  60.780, visited node list: 23
2022-02-23 11:30:53,226 [evaluator.py    | 116] INFO: Traveling Distance of driver D_89 is  58.200, visited node list: 23
2022-02-23 11:30:53,227 [evaluator.py    | 116] INFO: Traveling Distance of driver D_90 is  53.560, visited node list: 27
2022-02-23 11:30:53,227 [evaluator.py    | 116] INFO: Traveling Distance of driver D_91 is  55.380, visited node list: 21
2022-02-23 11:30:53,228 [evaluator.py    | 116] INFO: Traveling Distance of driver D_92 is  57.910, visited node list: 19
2022-02-23 11:30:53,228 [evaluator.py    | 116] INFO: Traveling Distance of driver D_93 is  56.150, visited node list: 21
2022-02-23 11:30:53,229 [evaluator.py    | 116] INFO: Traveling Distance of driver D_94 is  51.660, visited node list: 17
2022-02-23 11:30:53,229 [evaluator.py    | 116] INFO: Traveling Distance of driver D_95 is  52.550, visited node list: 21
2022-02-23 11:30:53,230 [evaluator.py    | 116] INFO: Traveling Distance of driver D_96 is  58.970, visited node list: 23
2022-02-23 11:30:53,230 [evaluator.py    | 116] INFO: Traveling Distance of driver D_97 is  45.670, visited node list: 15
2022-02-23 11:30:53,230 [evaluator.py    | 116] INFO: Traveling Distance of driver D_98 is  49.810, visited node list: 23
2022-02-23 11:30:53,231 [evaluator.py    | 116] INFO: Traveling Distance of driver D_99 is  54.020, visited node list: 25
2022-02-23 11:30:53,231 [evaluator.py    | 116] INFO: Traveling Distance of driver D_100 is  57.400, visited node list: 23
2022-02-23 11:30:53,232 [evaluator.py    | 116] INFO: Traveling Distance of driver D_101 is  49.610, visited node list: 23
2022-02-23 11:30:53,232 [evaluator.py    | 116] INFO: Traveling Distance of driver D_102 is  47.590, visited node list: 17
2022-02-23 11:30:53,232 [evaluator.py    | 116] INFO: Traveling Distance of driver D_103 is  59.450, visited node list: 25
2022-02-23 11:30:53,233 [evaluator.py    | 116] INFO: Traveling Distance of driver D_104 is  49.400, visited node list: 17
2022-02-23 11:30:53,233 [evaluator.py    | 116] INFO: Traveling Distance of driver D_105 is  52.380, visited node list: 21
2022-02-23 11:30:53,233 [evaluator.py    | 116] INFO: Traveling Distance of driver D_106 is  48.170, visited node list: 19
2022-02-23 11:30:53,233 [evaluator.py    | 116] INFO: Traveling Distance of driver D_107 is  53.260, visited node list: 20
2022-02-23 11:30:53,234 [evaluator.py    | 116] INFO: Traveling Distance of driver D_108 is  45.470, visited node list: 22
2022-02-23 11:30:53,234 [evaluator.py    | 116] INFO: Traveling Distance of driver D_109 is  52.020, visited node list: 19
2022-02-23 11:30:53,235 [evaluator.py    | 116] INFO: Traveling Distance of driver D_110 is  57.720, visited node list: 19
2022-02-23 11:30:53,235 [evaluator.py    | 116] INFO: Traveling Distance of driver D_111 is  45.550, visited node list: 16
2022-02-23 11:30:53,235 [evaluator.py    | 116] INFO: Traveling Distance of driver D_112 is  41.600, visited node list: 21
2022-02-23 11:30:53,235 [evaluator.py    | 116] INFO: Traveling Distance of driver D_113 is  40.050, visited node list: 23
2022-02-23 11:30:53,236 [evaluator.py    | 116] INFO: Traveling Distance of driver D_114 is  41.440, visited node list: 19
2022-02-23 11:30:53,236 [evaluator.py    | 116] INFO: Traveling Distance of driver D_115 is  43.630, visited node list: 23
2022-02-23 11:30:53,236 [evaluator.py    | 116] INFO: Traveling Distance of driver D_116 is  46.430, visited node list: 17
2022-02-23 11:30:53,237 [evaluator.py    | 116] INFO: Traveling Distance of driver D_117 is  42.340, visited node list: 15
2022-02-23 11:30:53,237 [evaluator.py    | 116] INFO: Traveling Distance of driver D_118 is  39.740, visited node list: 17
2022-02-23 11:30:53,237 [evaluator.py    | 116] INFO: Traveling Distance of driver D_119 is  41.240, visited node list: 23
2022-02-23 11:30:53,237 [evaluator.py    | 116] INFO: Traveling Distance of driver D_120 is  48.030, visited node list: 19
2022-02-23 11:30:53,237 [evaluator.py    | 116] INFO: Traveling Distance of driver D_121 is  48.510, visited node list: 19
2022-02-23 11:30:53,238 [evaluator.py    | 116] INFO: Traveling Distance of driver D_122 is  38.080, visited node list: 15
2022-02-23 11:30:53,238 [evaluator.py    | 116] INFO: Traveling Distance of driver D_123 is  37.910, visited node list: 15
2022-02-23 11:30:53,239 [evaluator.py    | 116] INFO: Traveling Distance of driver D_124 is  40.450, visited node list: 17
2022-02-23 11:30:53,239 [evaluator.py    | 116] INFO: Traveling Distance of driver D_125 is  38.860, visited node list: 13
2022-02-23 11:30:53,240 [evaluator.py    | 116] INFO: Traveling Distance of driver D_126 is  38.540, visited node list: 19
2022-02-23 11:30:53,240 [evaluator.py    | 116] INFO: Traveling Distance of driver D_127 is  36.140, visited node list: 13
2022-02-23 11:30:53,240 [evaluator.py    | 116] INFO: Traveling Distance of driver D_128 is  36.930, visited node list: 15
2022-02-23 11:30:53,240 [evaluator.py    | 116] INFO: Traveling Distance of driver D_129 is  36.940, visited node list: 15
2022-02-23 11:30:53,240 [evaluator.py    | 116] INFO: Traveling Distance of driver D_130 is  29.880, visited node list: 13
2022-02-23 11:30:53,241 [evaluator.py    | 116] INFO: Traveling Distance of driver D_131 is  30.850, visited node list: 11
2022-02-23 11:30:53,241 [evaluator.py    | 116] INFO: Traveling Distance of driver D_132 is  37.140, visited node list: 17
2022-02-23 11:30:53,241 [evaluator.py    | 116] INFO: Traveling Distance of driver D_133 is  25.640, visited node list: 15
2022-02-23 11:30:53,241 [evaluator.py    | 116] INFO: Traveling Distance of driver D_134 is  17.710, visited node list: 8
2022-02-23 11:30:53,241 [evaluator.py    | 116] INFO: Traveling Distance of driver D_135 is  33.040, visited node list: 13
2022-02-23 11:30:53,241 [evaluator.py    | 18] INFO: Total distance:  10400.730
2022-02-23 11:30:53,533 [evaluator.py    | 22] INFO: Sum over time:  0.000
2022-02-23 11:30:53,533 [evaluator.py    | 26] INFO: Total score:  77.042
2022-02-23 11:30:54,238 [main.py         | 43] INFO: Score of instance_80: 77.04244444444443
