2022-02-23 02:51:29,093 [main.py         | 38] INFO: Start to run /Users/yangjingfeng/Library/CloudStorage/OneDrive-Personal/Public/PhD Study/Papers/Food_Delivery/Code/Food_delivery_simulator/Benchmark/Instance_medium: instance_36
2022-02-23 02:51:29,094 [simulator_api.py | 43] INFO: Start time of the simulator: 2022-02-23 09:00:00, time interval:  600.00
2022-02-23 02:51:29,696 [input_utils.py  | 35] INFO: Get 3052 locations
2022-02-23 02:51:29,717 [input_utils.py  | 39] INFO: Get 95 drivers
2022-02-23 02:51:30,156 [input_utils.py  | 43] INFO: Get 1700 orders
2022-02-23 02:51:30,158 [simulator_api.py | 75] INFO: Initial position of D_1 is 371 Beach Rd, Singapore 199597, Singapore
2022-02-23 02:51:30,158 [simulator_api.py | 75] INFO: Initial position of D_2 is Bukit Merah View Market & Hawker Centre
2022-02-23 02:51:30,159 [simulator_api.py | 75] INFO: Initial position of D_3 is 417 River Valley Rd, Singapore 248316, Singapore
2022-02-23 02:51:30,160 [simulator_api.py | 75] INFO: Initial position of D_4 is 54 South Bridge Rd, Singapore 058685, Singapore
2022-02-23 02:51:30,161 [simulator_api.py | 75] INFO: Initial position of D_5 is Bukit Merah View Market & Hawker Centre
2022-02-23 02:51:30,163 [simulator_api.py | 75] INFO: Initial position of D_6 is Maxwell Food Centre
2022-02-23 02:51:30,165 [simulator_api.py | 75] INFO: Initial position of D_7 is Alexandra Village Food Centre
2022-02-23 02:51:30,167 [simulator_api.py | 75] INFO: Initial position of D_8 is Golden Mile Food Centre
2022-02-23 02:51:30,168 [simulator_api.py | 75] INFO: Initial position of D_9 is Amoy Street Food Centre
2022-02-23 02:51:30,171 [simulator_api.py | 75] INFO: Initial position of D_10 is Bukit Merah View Market & Hawker Centre
2022-02-23 02:51:30,172 [simulator_api.py | 75] INFO: Initial position of D_11 is 54 South Bridge Rd, Singapore 058685, Singapore
2022-02-23 02:51:30,178 [simulator_api.py | 75] INFO: Initial position of D_12 is 417 River Valley Rd, Singapore 248316, Singapore
2022-02-23 02:51:30,182 [simulator_api.py | 75] INFO: Initial position of D_13 is 371 Beach Rd, Singapore 199597, Singapore
2022-02-23 02:51:30,183 [simulator_api.py | 75] INFO: Initial position of D_14 is Alexandra Village Food Centre
2022-02-23 02:51:30,186 [simulator_api.py | 75] INFO: Initial position of D_15 is Amoy Street Food Centre
2022-02-23 02:51:30,188 [simulator_api.py | 75] INFO: Initial position of D_16 is Tiong Bahru Market
2022-02-23 02:51:30,191 [simulator_api.py | 75] INFO: Initial position of D_17 is 66 Kg Bugis, Singapore 338987, Singapore
2022-02-23 02:51:30,194 [simulator_api.py | 75] INFO: Initial position of D_18 is 54 South Bridge Rd, Singapore 058685, Singapore
2022-02-23 02:51:30,207 [simulator_api.py | 75] INFO: Initial position of D_19 is 54 South Bridge Rd, Singapore 058685, Singapore
2022-02-23 02:51:30,211 [simulator_api.py | 75] INFO: Initial position of D_20 is 37 Cuppage Rd, Singapore 229460, Singapore
2022-02-23 02:51:30,225 [simulator_api.py | 75] INFO: Initial position of D_21 is Golden Mile Food Centre
2022-02-23 02:51:30,237 [simulator_api.py | 75] INFO: Initial position of D_22 is Old Airport Road Food Centre
2022-02-23 02:51:30,244 [simulator_api.py | 75] INFO: Initial position of D_23 is Alexandra Village Food Centre
2022-02-23 02:51:30,244 [simulator_api.py | 75] INFO: Initial position of D_24 is Old Airport Road Food Centre
2022-02-23 02:51:30,245 [simulator_api.py | 75] INFO: Initial position of D_25 is 417 River Valley Rd, Singapore 248316, Singapore
2022-02-23 02:51:30,246 [simulator_api.py | 75] INFO: Initial position of D_26 is Hong Lim Food Centre
2022-02-23 02:51:30,248 [simulator_api.py | 75] INFO: Initial position of D_27 is 66 Kg Bugis, Singapore 338987, Singapore
2022-02-23 02:51:30,249 [simulator_api.py | 75] INFO: Initial position of D_28 is 417 River Valley Rd, Singapore 248316, Singapore
2022-02-23 02:51:30,249 [simulator_api.py | 75] INFO: Initial position of D_29 is Alexandra Village Food Centre
2022-02-23 02:51:30,249 [simulator_api.py | 75] INFO: Initial position of D_30 is 54 South Bridge Rd, Singapore 058685, Singapore
2022-02-23 02:51:30,253 [simulator_api.py | 75] INFO: Initial position of D_31 is Golden Mile Food Centre
2022-02-23 02:51:30,254 [simulator_api.py | 75] INFO: Initial position of D_32 is 36 Boat Quay, Singapore 049825, Singapore
2022-02-23 02:51:30,255 [simulator_api.py | 75] INFO: Initial position of D_33 is 417 River Valley Rd, Singapore 248316, Singapore
2022-02-23 02:51:30,255 [simulator_api.py | 75] INFO: Initial position of D_34 is 66 Kg Bugis, Singapore 338987, Singapore
2022-02-23 02:51:30,256 [simulator_api.py | 75] INFO: Initial position of D_35 is 54 South Bridge Rd, Singapore 058685, Singapore
2022-02-23 02:51:30,258 [simulator_api.py | 75] INFO: Initial position of D_36 is Old Airport Road Food Centre
2022-02-23 02:51:30,258 [simulator_api.py | 75] INFO: Initial position of D_37 is Alexandra Village Food Centre
2022-02-23 02:51:30,259 [simulator_api.py | 75] INFO: Initial position of D_38 is Hong Lim Food Centre
2022-02-23 02:51:30,259 [simulator_api.py | 75] INFO: Initial position of D_39 is 36 Boat Quay, Singapore 049825, Singapore
2022-02-23 02:51:30,259 [simulator_api.py | 75] INFO: Initial position of D_40 is Hong Lim Food Centre
2022-02-23 02:51:30,260 [simulator_api.py | 75] INFO: Initial position of D_41 is 54 South Bridge Rd, Singapore 058685, Singapore
2022-02-23 02:51:30,260 [simulator_api.py | 75] INFO: Initial position of D_42 is 371 Beach Rd, Singapore 199597, Singapore
2022-02-23 02:51:30,260 [simulator_api.py | 75] INFO: Initial position of D_43 is Zion Riverside Food Centre
2022-02-23 02:51:30,260 [simulator_api.py | 75] INFO: Initial position of D_44 is Tiong Bahru Market
2022-02-23 02:51:30,260 [simulator_api.py | 75] INFO: Initial position of D_45 is Amoy Street Food Centre
2022-02-23 02:51:30,260 [simulator_api.py | 75] INFO: Initial position of D_46 is Golden Mile Food Centre
2022-02-23 02:51:30,260 [simulator_api.py | 75] INFO: Initial position of D_47 is Hong Lim Food Centre
2022-02-23 02:51:30,260 [simulator_api.py | 75] INFO: Initial position of D_48 is Tiong Bahru Market
2022-02-23 02:51:30,260 [simulator_api.py | 75] INFO: Initial position of D_49 is Bukit Merah View Market & Hawker Centre
2022-02-23 02:51:30,261 [simulator_api.py | 75] INFO: Initial position of D_50 is Tiong Bahru Market
2022-02-23 02:51:30,262 [simulator_api.py | 75] INFO: Initial position of D_51 is 66 Kg Bugis, Singapore 338987, Singapore
2022-02-23 02:51:30,262 [simulator_api.py | 75] INFO: Initial position of D_52 is Zion Riverside Food Centre
2022-02-23 02:51:30,262 [simulator_api.py | 75] INFO: Initial position of D_53 is 54 South Bridge Rd, Singapore 058685, Singapore
2022-02-23 02:51:30,262 [simulator_api.py | 75] INFO: Initial position of D_54 is 37 Cuppage Rd, Singapore 229460, Singapore
2022-02-23 02:51:30,262 [simulator_api.py | 75] INFO: Initial position of D_55 is Golden Mile Food Centre
2022-02-23 02:51:30,262 [simulator_api.py | 75] INFO: Initial position of D_56 is Amoy Street Food Centre
2022-02-23 02:51:30,262 [simulator_api.py | 75] INFO: Initial position of D_57 is Amoy Street Food Centre
2022-02-23 02:51:30,262 [simulator_api.py | 75] INFO: Initial position of D_58 is 371 Beach Rd, Singapore 199597, Singapore
2022-02-23 02:51:30,262 [simulator_api.py | 75] INFO: Initial position of D_59 is Golden Mile Food Centre
2022-02-23 02:51:30,263 [simulator_api.py | 75] INFO: Initial position of D_60 is Alexandra Village Food Centre
2022-02-23 02:51:30,263 [simulator_api.py | 75] INFO: Initial position of D_61 is Maxwell Food Centre
2022-02-23 02:51:30,263 [simulator_api.py | 75] INFO: Initial position of D_62 is 417 River Valley Rd, Singapore 248316, Singapore
2022-02-23 02:51:30,263 [simulator_api.py | 75] INFO: Initial position of D_63 is 54 South Bridge Rd, Singapore 058685, Singapore
2022-02-23 02:51:30,263 [simulator_api.py | 75] INFO: Initial position of D_64 is Golden Mile Food Centre
2022-02-23 02:51:30,263 [simulator_api.py | 75] INFO: Initial position of D_65 is 54 South Bridge Rd, Singapore 058685, Singapore
2022-02-23 02:51:30,263 [simulator_api.py | 75] INFO: Initial position of D_66 is Maxwell Food Centre
2022-02-23 02:51:30,263 [simulator_api.py | 75] INFO: Initial position of D_67 is Hong Lim Food Centre
2022-02-23 02:51:30,263 [simulator_api.py | 75] INFO: Initial position of D_68 is 36 Boat Quay, Singapore 049825, Singapore
2022-02-23 02:51:30,264 [simulator_api.py | 75] INFO: Initial position of D_69 is 371 Beach Rd, Singapore 199597, Singapore
2022-02-23 02:51:30,264 [simulator_api.py | 75] INFO: Initial position of D_70 is Bukit Merah View Market & Hawker Centre
2022-02-23 02:51:30,264 [simulator_api.py | 75] INFO: Initial position of D_71 is 36 Boat Quay, Singapore 049825, Singapore
2022-02-23 02:51:30,264 [simulator_api.py | 75] INFO: Initial position of D_72 is 371 Beach Rd, Singapore 199597, Singapore
2022-02-23 02:51:30,264 [simulator_api.py | 75] INFO: Initial position of D_73 is 417 River Valley Rd, Singapore 248316, Singapore
2022-02-23 02:51:30,264 [simulator_api.py | 75] INFO: Initial position of D_74 is Zion Riverside Food Centre
2022-02-23 02:51:30,264 [simulator_api.py | 75] INFO: Initial position of D_75 is Zion Riverside Food Centre
2022-02-23 02:51:30,264 [simulator_api.py | 75] INFO: Initial position of D_76 is Maxwell Food Centre
2022-02-23 02:51:30,264 [simulator_api.py | 75] INFO: Initial position of D_77 is 66 Kg Bugis, Singapore 338987, Singapore
2022-02-23 02:51:30,264 [simulator_api.py | 75] INFO: Initial position of D_78 is Amoy Street Food Centre
2022-02-23 02:51:30,265 [simulator_api.py | 75] INFO: Initial position of D_79 is 371 Beach Rd, Singapore 199597, Singapore
2022-02-23 02:51:30,265 [simulator_api.py | 75] INFO: Initial position of D_80 is 371 Beach Rd, Singapore 199597, Singapore
2022-02-23 02:51:30,265 [simulator_api.py | 75] INFO: Initial position of D_81 is Tiong Bahru Market
2022-02-23 02:51:30,265 [simulator_api.py | 75] INFO: Initial position of D_82 is 37 Cuppage Rd, Singapore 229460, Singapore
2022-02-23 02:51:30,265 [simulator_api.py | 75] INFO: Initial position of D_83 is 36 Boat Quay, Singapore 049825, Singapore
2022-02-23 02:51:30,265 [simulator_api.py | 75] INFO: Initial position of D_84 is Tiong Bahru Market
2022-02-23 02:51:30,265 [simulator_api.py | 75] INFO: Initial position of D_85 is 36 Boat Quay, Singapore 049825, Singapore
2022-02-23 02:51:30,265 [simulator_api.py | 75] INFO: Initial position of D_86 is 371 Beach Rd, Singapore 199597, Singapore
2022-02-23 02:51:30,265 [simulator_api.py | 75] INFO: Initial position of D_87 is Hong Lim Food Centre
2022-02-23 02:51:30,266 [simulator_api.py | 75] INFO: Initial position of D_88 is 37 Cuppage Rd, Singapore 229460, Singapore
2022-02-23 02:51:30,266 [simulator_api.py | 75] INFO: Initial position of D_89 is 54 South Bridge Rd, Singapore 058685, Singapore
2022-02-23 02:51:30,266 [simulator_api.py | 75] INFO: Initial position of D_90 is 66 Kg Bugis, Singapore 338987, Singapore
2022-02-23 02:51:30,266 [simulator_api.py | 75] INFO: Initial position of D_91 is 37 Cuppage Rd, Singapore 229460, Singapore
2022-02-23 02:51:30,266 [simulator_api.py | 75] INFO: Initial position of D_92 is 37 Cuppage Rd, Singapore 229460, Singapore
2022-02-23 02:51:30,266 [simulator_api.py | 75] INFO: Initial position of D_93 is 417 River Valley Rd, Singapore 248316, Singapore
2022-02-23 02:51:30,266 [simulator_api.py | 75] INFO: Initial position of D_94 is Old Airport Road Food Centre
2022-02-23 02:51:30,266 [simulator_api.py | 75] INFO: Initial position of D_95 is 417 River Valley Rd, Singapore 248316, Singapore
2022-02-23 02:51:30,395 [simulator_env.py | 87] INFO: **************************************************
2022-02-23 02:51:30,395 [simulator_env.py | 91] INFO: cur time: 2022-02-23 09:10:00, pre time: 2022-02-23 09:00:00
2022-02-23 02:51:30,395 [simulator_env.py | 147] INFO: Start to update the input of 2022-02-23 09:10:00
2022-02-23 02:51:30,402 [simulator_env.py | 175] INFO: Get 49 unallocated orders, 0 ongoing orders, 0 completed orders.
2022-02-23 02:51:35,846 [simulator_env.py | 100] INFO: Finish the dispatch.
2022-02-23 02:51:35,848 [simulator_env.py | 278] INFO: 2022-02-23 09:10:00, Order 09001500000: state = 1 < 2, we can not finish the simulation
2022-02-23 02:51:35,848 [simulator_env.py | 87] INFO: **************************************************
2022-02-23 02:51:35,848 [simulator_env.py | 91] INFO: cur time: 2022-02-23 09:20:00, pre time: 2022-02-23 09:10:00
2022-02-23 02:51:35,848 [simulator_env.py | 147] INFO: Start to update the input of 2022-02-23 09:20:00
2022-02-23 02:51:35,868 [simulator_env.py | 175] INFO: Get 42 unallocated orders, 26 ongoing orders, 23 completed orders.
2022-02-23 02:51:40,350 [simulator_env.py | 100] INFO: Finish the dispatch.
2022-02-23 02:51:40,354 [simulator_env.py | 278] INFO: 2022-02-23 09:20:00, Order 09100200049: state = 1 < 2, we can not finish the simulation
2022-02-23 02:51:40,357 [simulator_env.py | 87] INFO: **************************************************
2022-02-23 02:51:40,357 [simulator_env.py | 91] INFO: cur time: 2022-02-23 09:30:00, pre time: 2022-02-23 09:20:00
2022-02-23 02:51:40,357 [simulator_env.py | 147] INFO: Start to update the input of 2022-02-23 09:30:00
2022-02-23 02:51:40,397 [simulator_env.py | 175] INFO: Get 52 unallocated orders, 30 ongoing orders, 61 completed orders.
2022-02-23 02:51:45,379 [simulator_env.py | 100] INFO: Finish the dispatch.
2022-02-23 02:51:45,383 [simulator_env.py | 278] INFO: 2022-02-23 09:30:00, Order 09200900091: state = 1 < 2, we can not finish the simulation
2022-02-23 02:51:45,386 [simulator_env.py | 87] INFO: **************************************************
2022-02-23 02:51:45,387 [simulator_env.py | 91] INFO: cur time: 2022-02-23 09:40:00, pre time: 2022-02-23 09:30:00
2022-02-23 02:51:45,388 [simulator_env.py | 147] INFO: Start to update the input of 2022-02-23 09:40:00
2022-02-23 02:51:45,441 [simulator_env.py | 175] INFO: Get 57 unallocated orders, 41 ongoing orders, 102 completed orders.
2022-02-23 02:51:49,130 [simulator_env.py | 100] INFO: Finish the dispatch.
2022-02-23 02:51:49,134 [simulator_env.py | 278] INFO: 2022-02-23 09:40:00, Order 09300900143: state = 1 < 2, we can not finish the simulation
2022-02-23 02:51:49,135 [simulator_env.py | 87] INFO: **************************************************
2022-02-23 02:51:49,135 [simulator_env.py | 91] INFO: cur time: 2022-02-23 09:50:00, pre time: 2022-02-23 09:40:00
2022-02-23 02:51:49,135 [simulator_env.py | 147] INFO: Start to update the input of 2022-02-23 09:50:00
2022-02-23 02:51:49,166 [simulator_env.py | 175] INFO: Get 65 unallocated orders, 39 ongoing orders, 160 completed orders.
2022-02-23 02:51:52,794 [simulator_env.py | 100] INFO: Finish the dispatch.
2022-02-23 02:51:52,829 [simulator_env.py | 278] INFO: 2022-02-23 09:50:00, Order 09394900199: state = 1 < 2, we can not finish the simulation
2022-02-23 02:51:52,832 [simulator_env.py | 87] INFO: **************************************************
2022-02-23 02:51:52,833 [simulator_env.py | 91] INFO: cur time: 2022-02-23 10:00:00, pre time: 2022-02-23 09:50:00
2022-02-23 02:51:52,833 [simulator_env.py | 147] INFO: Start to update the input of 2022-02-23 10:00:00
2022-02-23 02:51:52,897 [simulator_env.py | 175] INFO: Get 89 unallocated orders, 39 ongoing orders, 216 completed orders.
2022-02-23 02:51:56,525 [simulator_env.py | 100] INFO: Finish the dispatch.
2022-02-23 02:51:56,531 [simulator_env.py | 278] INFO: 2022-02-23 10:00:00, Order 09482300252: state = 1 < 2, we can not finish the simulation
2022-02-23 02:51:56,535 [simulator_env.py | 87] INFO: **************************************************
2022-02-23 02:51:56,535 [simulator_env.py | 91] INFO: cur time: 2022-02-23 10:10:00, pre time: 2022-02-23 10:00:00
2022-02-23 02:51:56,535 [simulator_env.py | 147] INFO: Start to update the input of 2022-02-23 10:10:00
2022-02-23 02:51:56,619 [simulator_env.py | 175] INFO: Get 91 unallocated orders, 51 ongoing orders, 275 completed orders.
2022-02-23 02:52:00,468 [simulator_env.py | 100] INFO: Finish the dispatch.
2022-02-23 02:52:00,476 [simulator_env.py | 278] INFO: 2022-02-23 10:10:00, Order 09545000311: state = 1 < 2, we can not finish the simulation
2022-02-23 02:52:00,479 [simulator_env.py | 87] INFO: **************************************************
2022-02-23 02:52:00,481 [simulator_env.py | 91] INFO: cur time: 2022-02-23 10:20:00, pre time: 2022-02-23 10:10:00
2022-02-23 02:52:00,481 [simulator_env.py | 147] INFO: Start to update the input of 2022-02-23 10:20:00
2022-02-23 02:52:00,564 [simulator_env.py | 175] INFO: Get 85 unallocated orders, 46 ongoing orders, 349 completed orders.
2022-02-23 02:52:04,279 [simulator_env.py | 100] INFO: Finish the dispatch.
2022-02-23 02:52:04,284 [simulator_env.py | 278] INFO: 2022-02-23 10:20:00, Order 10035700372: state = 1 < 2, we can not finish the simulation
2022-02-23 02:52:04,286 [simulator_env.py | 87] INFO: **************************************************
2022-02-23 02:52:04,286 [simulator_env.py | 91] INFO: cur time: 2022-02-23 10:30:00, pre time: 2022-02-23 10:20:00
2022-02-23 02:52:04,286 [simulator_env.py | 147] INFO: Start to update the input of 2022-02-23 10:30:00
2022-02-23 02:52:04,349 [simulator_env.py | 175] INFO: Get 76 unallocated orders, 45 ongoing orders, 417 completed orders.
2022-02-23 02:52:08,222 [simulator_env.py | 100] INFO: Finish the dispatch.
2022-02-23 02:52:08,230 [simulator_env.py | 278] INFO: 2022-02-23 10:30:00, Order 10104300421: state = 1 < 2, we can not finish the simulation
2022-02-23 02:52:08,235 [simulator_env.py | 87] INFO: **************************************************
2022-02-23 02:52:08,237 [simulator_env.py | 91] INFO: cur time: 2022-02-23 10:40:00, pre time: 2022-02-23 10:30:00
2022-02-23 02:52:08,238 [simulator_env.py | 147] INFO: Start to update the input of 2022-02-23 10:40:00
2022-02-23 02:52:08,283 [simulator_env.py | 175] INFO: Get 89 unallocated orders, 38 ongoing orders, 486 completed orders.
2022-02-23 02:52:11,849 [simulator_env.py | 100] INFO: Finish the dispatch.
2022-02-23 02:52:11,855 [simulator_env.py | 278] INFO: 2022-02-23 10:40:00, Order 10241800505: state = 1 < 2, we can not finish the simulation
2022-02-23 02:52:11,859 [simulator_env.py | 87] INFO: **************************************************
2022-02-23 02:52:11,860 [simulator_env.py | 91] INFO: cur time: 2022-02-23 10:50:00, pre time: 2022-02-23 10:40:00
2022-02-23 02:52:11,861 [simulator_env.py | 147] INFO: Start to update the input of 2022-02-23 10:50:00
2022-02-23 02:52:11,924 [simulator_env.py | 175] INFO: Get 104 unallocated orders, 43 ongoing orders, 546 completed orders.
2022-02-23 02:52:15,931 [simulator_env.py | 100] INFO: Finish the dispatch.
2022-02-23 02:52:15,941 [simulator_env.py | 278] INFO: 2022-02-23 10:50:00, Order 10304900544: state = 1 < 2, we can not finish the simulation
2022-02-23 02:52:15,946 [simulator_env.py | 87] INFO: **************************************************
2022-02-23 02:52:15,947 [simulator_env.py | 91] INFO: cur time: 2022-02-23 11:00:00, pre time: 2022-02-23 10:50:00
2022-02-23 02:52:15,955 [simulator_env.py | 147] INFO: Start to update the input of 2022-02-23 11:00:00
2022-02-23 02:52:16,038 [simulator_env.py | 175] INFO: Get 103 unallocated orders, 57 ongoing orders, 613 completed orders.
2022-02-23 02:52:19,792 [simulator_env.py | 100] INFO: Finish the dispatch.
2022-02-23 02:52:19,802 [simulator_env.py | 278] INFO: 2022-02-23 11:00:00, Order 10440500639: state = 1 < 2, we can not finish the simulation
2022-02-23 02:52:19,807 [simulator_env.py | 87] INFO: **************************************************
2022-02-23 02:52:19,807 [simulator_env.py | 91] INFO: cur time: 2022-02-23 11:10:00, pre time: 2022-02-23 11:00:00
2022-02-23 02:52:19,808 [simulator_env.py | 147] INFO: Start to update the input of 2022-02-23 11:10:00
2022-02-23 02:52:19,889 [simulator_env.py | 175] INFO: Get 107 unallocated orders, 47 ongoing orders, 690 completed orders.
2022-02-23 02:52:23,524 [simulator_env.py | 100] INFO: Finish the dispatch.
2022-02-23 02:52:23,530 [simulator_env.py | 278] INFO: 2022-02-23 11:10:00, Order 10490900680: state = 1 < 2, we can not finish the simulation
2022-02-23 02:52:23,535 [simulator_env.py | 87] INFO: **************************************************
2022-02-23 02:52:23,537 [simulator_env.py | 91] INFO: cur time: 2022-02-23 11:20:00, pre time: 2022-02-23 11:10:00
2022-02-23 02:52:23,537 [simulator_env.py | 147] INFO: Start to update the input of 2022-02-23 11:20:00
2022-02-23 02:52:23,620 [simulator_env.py | 175] INFO: Get 104 unallocated orders, 48 ongoing orders, 759 completed orders.
2022-02-23 02:52:27,159 [simulator_env.py | 100] INFO: Finish the dispatch.
2022-02-23 02:52:27,170 [simulator_env.py | 278] INFO: 2022-02-23 11:20:00, Order 11031700788: state = 1 < 2, we can not finish the simulation
2022-02-23 02:52:27,174 [simulator_env.py | 87] INFO: **************************************************
2022-02-23 02:52:27,176 [simulator_env.py | 91] INFO: cur time: 2022-02-23 11:30:00, pre time: 2022-02-23 11:20:00
2022-02-23 02:52:27,178 [simulator_env.py | 147] INFO: Start to update the input of 2022-02-23 11:30:00
2022-02-23 02:52:27,253 [simulator_env.py | 175] INFO: Get 101 unallocated orders, 49 ongoing orders, 829 completed orders.
2022-02-23 02:52:30,316 [simulator_env.py | 100] INFO: Finish the dispatch.
2022-02-23 02:52:30,326 [simulator_env.py | 278] INFO: 2022-02-23 11:30:00, Order 11113900857: state = 1 < 2, we can not finish the simulation
2022-02-23 02:52:30,330 [simulator_env.py | 87] INFO: **************************************************
2022-02-23 02:52:30,330 [simulator_env.py | 91] INFO: cur time: 2022-02-23 11:40:00, pre time: 2022-02-23 11:30:00
2022-02-23 02:52:30,330 [simulator_env.py | 147] INFO: Start to update the input of 2022-02-23 11:40:00
2022-02-23 02:52:30,404 [simulator_env.py | 175] INFO: Get 87 unallocated orders, 56 ongoing orders, 899 completed orders.
2022-02-23 02:52:33,285 [simulator_env.py | 100] INFO: Finish the dispatch.
2022-02-23 02:52:33,298 [simulator_env.py | 278] INFO: 2022-02-23 11:40:00, Order 11162600890: state = 1 < 2, we can not finish the simulation
2022-02-23 02:52:33,302 [simulator_env.py | 87] INFO: **************************************************
2022-02-23 02:52:33,305 [simulator_env.py | 91] INFO: cur time: 2022-02-23 11:50:00, pre time: 2022-02-23 11:40:00
2022-02-23 02:52:33,311 [simulator_env.py | 147] INFO: Start to update the input of 2022-02-23 11:50:00
2022-02-23 02:52:33,378 [simulator_env.py | 175] INFO: Get 94 unallocated orders, 47 ongoing orders, 971 completed orders.
2022-02-23 02:52:36,214 [simulator_env.py | 100] INFO: Finish the dispatch.
2022-02-23 02:52:36,221 [simulator_env.py | 278] INFO: 2022-02-23 11:50:00, Order 11335501007: state = 1 < 2, we can not finish the simulation
2022-02-23 02:52:36,226 [simulator_env.py | 87] INFO: **************************************************
2022-02-23 02:52:36,227 [simulator_env.py | 91] INFO: cur time: 2022-02-23 12:00:00, pre time: 2022-02-23 11:50:00
2022-02-23 02:52:36,228 [simulator_env.py | 147] INFO: Start to update the input of 2022-02-23 12:00:00
2022-02-23 02:52:36,290 [simulator_env.py | 175] INFO: Get 83 unallocated orders, 46 ongoing orders, 1040 completed orders.
2022-02-23 02:52:40,147 [simulator_env.py | 100] INFO: Finish the dispatch.
2022-02-23 02:52:40,152 [simulator_env.py | 278] INFO: 2022-02-23 12:00:00, Order 11390201033: state = 1 < 2, we can not finish the simulation
2022-02-23 02:52:40,155 [simulator_env.py | 87] INFO: **************************************************
2022-02-23 02:52:40,156 [simulator_env.py | 91] INFO: cur time: 2022-02-23 12:10:00, pre time: 2022-02-23 12:00:00
2022-02-23 02:52:40,156 [simulator_env.py | 147] INFO: Start to update the input of 2022-02-23 12:10:00
2022-02-23 02:52:40,223 [simulator_env.py | 175] INFO: Get 45 unallocated orders, 46 ongoing orders, 1109 completed orders.
2022-02-23 02:52:43,940 [simulator_env.py | 100] INFO: Finish the dispatch.
2022-02-23 02:52:43,947 [simulator_env.py | 278] INFO: 2022-02-23 12:10:00, Order 11502601112: state = 1 < 2, we can not finish the simulation
2022-02-23 02:52:43,952 [simulator_env.py | 87] INFO: **************************************************
2022-02-23 02:52:43,952 [simulator_env.py | 91] INFO: cur time: 2022-02-23 12:20:00, pre time: 2022-02-23 12:10:00
2022-02-23 02:52:43,952 [simulator_env.py | 147] INFO: Start to update the input of 2022-02-23 12:20:00
2022-02-23 02:52:43,988 [simulator_env.py | 175] INFO: Get 43 unallocated orders, 24 ongoing orders, 1176 completed orders.
2022-02-23 02:52:47,598 [simulator_env.py | 100] INFO: Finish the dispatch.
2022-02-23 02:52:47,602 [simulator_env.py | 278] INFO: 2022-02-23 12:20:00, Order 12100201200: state = 1 < 2, we can not finish the simulation
2022-02-23 02:52:47,604 [simulator_env.py | 87] INFO: **************************************************
2022-02-23 02:52:47,605 [simulator_env.py | 91] INFO: cur time: 2022-02-23 12:30:00, pre time: 2022-02-23 12:20:00
2022-02-23 02:52:47,606 [simulator_env.py | 147] INFO: Start to update the input of 2022-02-23 12:30:00
2022-02-23 02:52:47,641 [simulator_env.py | 175] INFO: Get 42 unallocated orders, 24 ongoing orders, 1218 completed orders.
2022-02-23 02:52:51,420 [simulator_env.py | 100] INFO: Finish the dispatch.
2022-02-23 02:52:51,425 [simulator_env.py | 278] INFO: 2022-02-23 12:30:00, Order 12160401228: state = 1 < 2, we can not finish the simulation
2022-02-23 02:52:51,428 [simulator_env.py | 87] INFO: **************************************************
2022-02-23 02:52:51,428 [simulator_env.py | 91] INFO: cur time: 2022-02-23 12:40:00, pre time: 2022-02-23 12:30:00
2022-02-23 02:52:51,428 [simulator_env.py | 147] INFO: Start to update the input of 2022-02-23 12:40:00
2022-02-23 02:52:51,465 [simulator_env.py | 175] INFO: Get 37 unallocated orders, 27 ongoing orders, 1257 completed orders.
2022-02-23 02:52:54,984 [simulator_env.py | 100] INFO: Finish the dispatch.
2022-02-23 02:52:54,987 [simulator_env.py | 278] INFO: 2022-02-23 12:40:00, Order 12300101284: state = 1 < 2, we can not finish the simulation
2022-02-23 02:52:54,989 [simulator_env.py | 87] INFO: **************************************************
2022-02-23 02:52:54,989 [simulator_env.py | 91] INFO: cur time: 2022-02-23 12:50:00, pre time: 2022-02-23 12:40:00
2022-02-23 02:52:54,989 [simulator_env.py | 147] INFO: Start to update the input of 2022-02-23 12:50:00
2022-02-23 02:52:55,028 [simulator_env.py | 175] INFO: Get 33 unallocated orders, 28 ongoing orders, 1293 completed orders.
2022-02-23 02:52:58,748 [simulator_env.py | 100] INFO: Finish the dispatch.
2022-02-23 02:52:58,752 [simulator_env.py | 278] INFO: 2022-02-23 12:50:00, Order 12402001321: state = 1 < 2, we can not finish the simulation
2022-02-23 02:52:58,753 [simulator_env.py | 87] INFO: **************************************************
2022-02-23 02:52:58,754 [simulator_env.py | 91] INFO: cur time: 2022-02-23 13:00:00, pre time: 2022-02-23 12:50:00
2022-02-23 02:52:58,754 [simulator_env.py | 147] INFO: Start to update the input of 2022-02-23 13:00:00
2022-02-23 02:52:58,790 [simulator_env.py | 175] INFO: Get 36 unallocated orders, 23 ongoing orders, 1330 completed orders.
2022-02-23 02:53:03,323 [simulator_env.py | 100] INFO: Finish the dispatch.
2022-02-23 02:53:03,327 [simulator_env.py | 278] INFO: 2022-02-23 13:00:00, Order 12441501337: state = 1 < 2, we can not finish the simulation
2022-02-23 02:53:03,328 [simulator_env.py | 87] INFO: **************************************************
2022-02-23 02:53:03,328 [simulator_env.py | 91] INFO: cur time: 2022-02-23 13:10:00, pre time: 2022-02-23 13:00:00
2022-02-23 02:53:03,329 [simulator_env.py | 147] INFO: Start to update the input of 2022-02-23 13:10:00
2022-02-23 02:53:03,361 [simulator_env.py | 175] INFO: Get 24 unallocated orders, 24 ongoing orders, 1365 completed orders.
2022-02-23 02:53:07,031 [simulator_env.py | 100] INFO: Finish the dispatch.
2022-02-23 02:53:07,035 [simulator_env.py | 278] INFO: 2022-02-23 13:10:00, Order 13004801389: state = 1 < 2, we can not finish the simulation
2022-02-23 02:53:07,036 [simulator_env.py | 87] INFO: **************************************************
2022-02-23 02:53:07,037 [simulator_env.py | 91] INFO: cur time: 2022-02-23 13:20:00, pre time: 2022-02-23 13:10:00
2022-02-23 02:53:07,037 [simulator_env.py | 147] INFO: Start to update the input of 2022-02-23 13:20:00
2022-02-23 02:53:07,069 [simulator_env.py | 175] INFO: Get 37 unallocated orders, 16 ongoing orders, 1397 completed orders.
2022-02-23 02:53:11,539 [simulator_env.py | 100] INFO: Finish the dispatch.
2022-02-23 02:53:11,543 [simulator_env.py | 278] INFO: 2022-02-23 13:20:00, Order 13103101413: state = 1 < 2, we can not finish the simulation
2022-02-23 02:53:11,543 [simulator_env.py | 87] INFO: **************************************************
2022-02-23 02:53:11,544 [simulator_env.py | 91] INFO: cur time: 2022-02-23 13:30:00, pre time: 2022-02-23 13:20:00
2022-02-23 02:53:11,544 [simulator_env.py | 147] INFO: Start to update the input of 2022-02-23 13:30:00
2022-02-23 02:53:11,576 [simulator_env.py | 175] INFO: Get 28 unallocated orders, 23 ongoing orders, 1427 completed orders.
2022-02-23 02:53:15,453 [simulator_env.py | 100] INFO: Finish the dispatch.
2022-02-23 02:53:15,457 [simulator_env.py | 278] INFO: 2022-02-23 13:30:00, Order 13203601450: state = 1 < 2, we can not finish the simulation
2022-02-23 02:53:15,459 [simulator_env.py | 87] INFO: **************************************************
2022-02-23 02:53:15,459 [simulator_env.py | 91] INFO: cur time: 2022-02-23 13:40:00, pre time: 2022-02-23 13:30:00
2022-02-23 02:53:15,460 [simulator_env.py | 147] INFO: Start to update the input of 2022-02-23 13:40:00
2022-02-23 02:53:15,496 [simulator_env.py | 175] INFO: Get 22 unallocated orders, 14 ongoing orders, 1464 completed orders.
2022-02-23 02:53:19,122 [simulator_env.py | 100] INFO: Finish the dispatch.
2022-02-23 02:53:19,125 [simulator_env.py | 278] INFO: 2022-02-23 13:40:00, Order 13302101478: state = 1 < 2, we can not finish the simulation
2022-02-23 02:53:19,126 [simulator_env.py | 87] INFO: **************************************************
2022-02-23 02:53:19,127 [simulator_env.py | 91] INFO: cur time: 2022-02-23 13:50:00, pre time: 2022-02-23 13:40:00
2022-02-23 02:53:19,127 [simulator_env.py | 147] INFO: Start to update the input of 2022-02-23 13:50:00
2022-02-23 02:53:19,138 [simulator_env.py | 175] INFO: Get 30 unallocated orders, 14 ongoing orders, 1486 completed orders.
2022-02-23 02:53:22,840 [simulator_env.py | 100] INFO: Finish the dispatch.
2022-02-23 02:53:22,843 [simulator_env.py | 278] INFO: 2022-02-23 13:50:00, Order 13401701500: state = 1 < 2, we can not finish the simulation
2022-02-23 02:53:22,843 [simulator_env.py | 87] INFO: **************************************************
2022-02-23 02:53:22,843 [simulator_env.py | 91] INFO: cur time: 2022-02-23 14:00:00, pre time: 2022-02-23 13:50:00
2022-02-23 02:53:22,844 [simulator_env.py | 147] INFO: Start to update the input of 2022-02-23 14:00:00
2022-02-23 02:53:22,862 [simulator_env.py | 175] INFO: Get 20 unallocated orders, 24 ongoing orders, 1506 completed orders.
2022-02-23 02:53:26,441 [simulator_env.py | 100] INFO: Finish the dispatch.
2022-02-23 02:53:26,444 [simulator_env.py | 278] INFO: 2022-02-23 14:00:00, Order 13500501530: state = 1 < 2, we can not finish the simulation
2022-02-23 02:53:26,446 [simulator_env.py | 87] INFO: **************************************************
2022-02-23 02:53:26,446 [simulator_env.py | 91] INFO: cur time: 2022-02-23 14:10:00, pre time: 2022-02-23 14:00:00
2022-02-23 02:53:26,446 [simulator_env.py | 147] INFO: Start to update the input of 2022-02-23 14:10:00
2022-02-23 02:53:26,469 [simulator_env.py | 175] INFO: Get 22 unallocated orders, 13 ongoing orders, 1537 completed orders.
2022-02-23 02:53:29,402 [simulator_env.py | 100] INFO: Finish the dispatch.
2022-02-23 02:53:29,405 [simulator_env.py | 278] INFO: 2022-02-23 14:10:00, Order 14002501550: state = 1 < 2, we can not finish the simulation
2022-02-23 02:53:29,406 [simulator_env.py | 87] INFO: **************************************************
2022-02-23 02:53:29,406 [simulator_env.py | 91] INFO: cur time: 2022-02-23 14:20:00, pre time: 2022-02-23 14:10:00
2022-02-23 02:53:29,406 [simulator_env.py | 147] INFO: Start to update the input of 2022-02-23 14:20:00
2022-02-23 02:53:29,428 [simulator_env.py | 175] INFO: Get 29 unallocated orders, 14 ongoing orders, 1557 completed orders.
2022-02-23 02:53:32,279 [simulator_env.py | 100] INFO: Finish the dispatch.
2022-02-23 02:53:32,282 [simulator_env.py | 278] INFO: 2022-02-23 14:20:00, Order 14083001566: state = 1 < 2, we can not finish the simulation
2022-02-23 02:53:32,284 [simulator_env.py | 87] INFO: **************************************************
2022-02-23 02:53:32,284 [simulator_env.py | 91] INFO: cur time: 2022-02-23 14:30:00, pre time: 2022-02-23 14:20:00
2022-02-23 02:53:32,284 [simulator_env.py | 147] INFO: Start to update the input of 2022-02-23 14:30:00
2022-02-23 02:53:32,306 [simulator_env.py | 175] INFO: Get 25 unallocated orders, 19 ongoing orders, 1581 completed orders.
2022-02-23 02:53:35,230 [simulator_env.py | 100] INFO: Finish the dispatch.
2022-02-23 02:53:35,234 [simulator_env.py | 278] INFO: 2022-02-23 14:30:00, Order 14211301600: state = 1 < 2, we can not finish the simulation
2022-02-23 02:53:35,236 [simulator_env.py | 87] INFO: **************************************************
2022-02-23 02:53:35,236 [simulator_env.py | 91] INFO: cur time: 2022-02-23 14:40:00, pre time: 2022-02-23 14:30:00
2022-02-23 02:53:35,236 [simulator_env.py | 147] INFO: Start to update the input of 2022-02-23 14:40:00
2022-02-23 02:53:35,252 [simulator_env.py | 175] INFO: Get 25 unallocated orders, 19 ongoing orders, 1606 completed orders.
2022-02-23 02:53:38,555 [simulator_env.py | 100] INFO: Finish the dispatch.
2022-02-23 02:53:38,559 [simulator_env.py | 278] INFO: 2022-02-23 14:40:00, Order 14301001625: state = 1 < 2, we can not finish the simulation
2022-02-23 02:53:38,560 [simulator_env.py | 87] INFO: **************************************************
2022-02-23 02:53:38,561 [simulator_env.py | 91] INFO: cur time: 2022-02-23 14:50:00, pre time: 2022-02-23 14:40:00
2022-02-23 02:53:38,561 [simulator_env.py | 147] INFO: Start to update the input of 2022-02-23 14:50:00
2022-02-23 02:53:38,583 [simulator_env.py | 175] INFO: Get 30 unallocated orders, 16 ongoing orders, 1634 completed orders.
2022-02-23 02:53:42,993 [simulator_env.py | 100] INFO: Finish the dispatch.
2022-02-23 02:53:42,999 [simulator_env.py | 278] INFO: 2022-02-23 14:50:00, Order 14401501650: state = 1 < 2, we can not finish the simulation
2022-02-23 02:53:43,001 [simulator_env.py | 87] INFO: **************************************************
2022-02-23 02:53:43,001 [simulator_env.py | 91] INFO: cur time: 2022-02-23 15:00:00, pre time: 2022-02-23 14:50:00
2022-02-23 02:53:43,001 [simulator_env.py | 147] INFO: Start to update the input of 2022-02-23 15:00:00
2022-02-23 02:53:43,030 [simulator_env.py | 175] INFO: Get 20 unallocated orders, 19 ongoing orders, 1661 completed orders.
2022-02-23 02:53:46,846 [simulator_env.py | 100] INFO: Finish the dispatch.
2022-02-23 02:53:46,849 [simulator_env.py | 278] INFO: 2022-02-23 15:00:00, Order 14502101680: state = 1 < 2, we can not finish the simulation
2022-02-23 02:53:46,850 [simulator_env.py | 87] INFO: **************************************************
2022-02-23 02:53:46,850 [simulator_env.py | 91] INFO: cur time: 2022-02-23 15:10:00, pre time: 2022-02-23 15:00:00
2022-02-23 02:53:46,850 [simulator_env.py | 147] INFO: Start to update the input of 2022-02-23 15:10:00
2022-02-23 02:53:46,905 [simulator_env.py | 175] INFO: Get 0 unallocated orders, 14 ongoing orders, 1686 completed orders.
2022-02-23 02:53:50,440 [simulator_env.py | 100] INFO: Finish the dispatch.
2022-02-23 02:53:50,443 [simulator_env.py | 281] INFO: 2022-02-23 15:10:00, the status of all orders is greater than 1, we could finish the simulation
2022-02-23 02:53:50,447 [simulator_env.py | 124] INFO: finished the left ongoing orders
2022-02-23 02:53:50,449 [evaluator.py    | 116] INFO: Traveling Distance of driver D_1 is  69.670, visited node list: 26
2022-02-23 02:53:50,450 [evaluator.py    | 116] INFO: Traveling Distance of driver D_2 is  69.400, visited node list: 25
2022-02-23 02:53:50,452 [evaluator.py    | 116] INFO: Traveling Distance of driver D_3 is  121.100, visited node list: 48
2022-02-23 02:53:50,455 [evaluator.py    | 116] INFO: Traveling Distance of driver D_4 is  101.240, visited node list: 40
2022-02-23 02:53:50,458 [evaluator.py    | 116] INFO: Traveling Distance of driver D_5 is  124.660, visited node list: 49
2022-02-23 02:53:50,458 [evaluator.py    | 116] INFO: Traveling Distance of driver D_6 is  128.400, visited node list: 46
2022-02-23 02:53:50,462 [evaluator.py    | 116] INFO: Traveling Distance of driver D_7 is  126.230, visited node list: 47
2022-02-23 02:53:50,465 [evaluator.py    | 116] INFO: Traveling Distance of driver D_8 is  136.270, visited node list: 47
2022-02-23 02:53:50,470 [evaluator.py    | 116] INFO: Traveling Distance of driver D_9 is  125.010, visited node list: 51
2022-02-23 02:53:50,476 [evaluator.py    | 116] INFO: Traveling Distance of driver D_10 is  136.490, visited node list: 45
2022-02-23 02:53:50,479 [evaluator.py    | 116] INFO: Traveling Distance of driver D_11 is  129.880, visited node list: 47
2022-02-23 02:53:50,485 [evaluator.py    | 116] INFO: Traveling Distance of driver D_12 is  136.900, visited node list: 44
2022-02-23 02:53:50,488 [evaluator.py    | 116] INFO: Traveling Distance of driver D_13 is  124.780, visited node list: 46
2022-02-23 02:53:50,494 [evaluator.py    | 116] INFO: Traveling Distance of driver D_14 is  132.650, visited node list: 49
2022-02-23 02:53:50,496 [evaluator.py    | 116] INFO: Traveling Distance of driver D_15 is  134.210, visited node list: 49
2022-02-23 02:53:50,499 [evaluator.py    | 116] INFO: Traveling Distance of driver D_16 is  123.690, visited node list: 47
2022-02-23 02:53:50,504 [evaluator.py    | 116] INFO: Traveling Distance of driver D_17 is  124.780, visited node list: 49
2022-02-23 02:53:50,507 [evaluator.py    | 116] INFO: Traveling Distance of driver D_18 is  118.510, visited node list: 44
2022-02-23 02:53:50,510 [evaluator.py    | 116] INFO: Traveling Distance of driver D_19 is  127.430, visited node list: 48
2022-02-23 02:53:50,513 [evaluator.py    | 116] INFO: Traveling Distance of driver D_20 is  122.890, visited node list: 47
2022-02-23 02:53:50,514 [evaluator.py    | 116] INFO: Traveling Distance of driver D_21 is  129.370, visited node list: 51
2022-02-23 02:53:50,515 [evaluator.py    | 116] INFO: Traveling Distance of driver D_22 is  119.120, visited node list: 52
2022-02-23 02:53:50,519 [evaluator.py    | 116] INFO: Traveling Distance of driver D_23 is  137.560, visited node list: 45
2022-02-23 02:53:50,521 [evaluator.py    | 116] INFO: Traveling Distance of driver D_24 is  129.040, visited node list: 40
2022-02-23 02:53:50,523 [evaluator.py    | 116] INFO: Traveling Distance of driver D_25 is  125.830, visited node list: 48
2022-02-23 02:53:50,527 [evaluator.py    | 116] INFO: Traveling Distance of driver D_26 is  123.790, visited node list: 42
2022-02-23 02:53:50,535 [evaluator.py    | 116] INFO: Traveling Distance of driver D_27 is  112.710, visited node list: 45
2022-02-23 02:53:50,537 [evaluator.py    | 116] INFO: Traveling Distance of driver D_28 is  121.820, visited node list: 51
2022-02-23 02:53:50,538 [evaluator.py    | 116] INFO: Traveling Distance of driver D_29 is  124.300, visited node list: 42
2022-02-23 02:53:50,539 [evaluator.py    | 116] INFO: Traveling Distance of driver D_30 is  126.360, visited node list: 43
2022-02-23 02:53:50,542 [evaluator.py    | 116] INFO: Traveling Distance of driver D_31 is  126.910, visited node list: 44
2022-02-23 02:53:50,546 [evaluator.py    | 116] INFO: Traveling Distance of driver D_32 is  119.850, visited node list: 51
2022-02-23 02:53:50,551 [evaluator.py    | 116] INFO: Traveling Distance of driver D_33 is  115.650, visited node list: 50
2022-02-23 02:53:50,622 [evaluator.py    | 116] INFO: Traveling Distance of driver D_34 is  124.680, visited node list: 50
2022-02-23 02:53:50,625 [evaluator.py    | 116] INFO: Traveling Distance of driver D_35 is  127.800, visited node list: 51
2022-02-23 02:53:50,626 [evaluator.py    | 116] INFO: Traveling Distance of driver D_36 is  122.970, visited node list: 51
2022-02-23 02:53:50,634 [evaluator.py    | 116] INFO: Traveling Distance of driver D_37 is  116.740, visited node list: 44
2022-02-23 02:53:50,637 [evaluator.py    | 116] INFO: Traveling Distance of driver D_38 is  124.290, visited node list: 51
2022-02-23 02:53:50,638 [evaluator.py    | 116] INFO: Traveling Distance of driver D_39 is  127.070, visited node list: 47
2022-02-23 02:53:50,646 [evaluator.py    | 116] INFO: Traveling Distance of driver D_40 is  102.120, visited node list: 53
2022-02-23 02:53:50,655 [evaluator.py    | 116] INFO: Traveling Distance of driver D_41 is  104.060, visited node list: 43
2022-02-23 02:53:50,662 [evaluator.py    | 116] INFO: Traveling Distance of driver D_42 is  120.540, visited node list: 43
2022-02-23 02:53:50,666 [evaluator.py    | 116] INFO: Traveling Distance of driver D_43 is  110.930, visited node list: 39
2022-02-23 02:53:50,671 [evaluator.py    | 116] INFO: Traveling Distance of driver D_44 is  105.360, visited node list: 39
2022-02-23 02:53:50,675 [evaluator.py    | 116] INFO: Traveling Distance of driver D_45 is  115.550, visited node list: 43
2022-02-23 02:53:50,677 [evaluator.py    | 116] INFO: Traveling Distance of driver D_46 is  119.520, visited node list: 47
2022-02-23 02:53:50,678 [evaluator.py    | 116] INFO: Traveling Distance of driver D_47 is  115.090, visited node list: 45
2022-02-23 02:53:50,678 [evaluator.py    | 116] INFO: Traveling Distance of driver D_48 is  112.970, visited node list: 41
2022-02-23 02:53:50,679 [evaluator.py    | 116] INFO: Traveling Distance of driver D_49 is  85.110, visited node list: 31
2022-02-23 02:53:50,679 [evaluator.py    | 116] INFO: Traveling Distance of driver D_50 is  107.310, visited node list: 39
2022-02-23 02:53:50,680 [evaluator.py    | 116] INFO: Traveling Distance of driver D_51 is  86.850, visited node list: 35
2022-02-23 02:53:50,691 [evaluator.py    | 116] INFO: Traveling Distance of driver D_52 is  89.850, visited node list: 35
2022-02-23 02:53:50,694 [evaluator.py    | 116] INFO: Traveling Distance of driver D_53 is  100.560, visited node list: 35
2022-02-23 02:53:50,696 [evaluator.py    | 116] INFO: Traveling Distance of driver D_54 is  94.390, visited node list: 41
2022-02-23 02:53:50,697 [evaluator.py    | 116] INFO: Traveling Distance of driver D_55 is  83.570, visited node list: 36
2022-02-23 02:53:50,697 [evaluator.py    | 116] INFO: Traveling Distance of driver D_56 is  85.760, visited node list: 27
2022-02-23 02:53:50,700 [evaluator.py    | 116] INFO: Traveling Distance of driver D_57 is  82.430, visited node list: 39
2022-02-23 02:53:50,701 [evaluator.py    | 116] INFO: Traveling Distance of driver D_58 is  80.240, visited node list: 31
2022-02-23 02:53:50,705 [evaluator.py    | 116] INFO: Traveling Distance of driver D_59 is  73.880, visited node list: 29
2022-02-23 02:53:50,707 [evaluator.py    | 116] INFO: Traveling Distance of driver D_60 is  73.410, visited node list: 27
2022-02-23 02:53:50,707 [evaluator.py    | 116] INFO: Traveling Distance of driver D_61 is  79.050, visited node list: 25
2022-02-23 02:53:50,709 [evaluator.py    | 116] INFO: Traveling Distance of driver D_62 is  79.160, visited node list: 27
2022-02-23 02:53:50,710 [evaluator.py    | 116] INFO: Traveling Distance of driver D_63 is  78.880, visited node list: 29
2022-02-23 02:53:50,711 [evaluator.py    | 116] INFO: Traveling Distance of driver D_64 is  63.460, visited node list: 25
2022-02-23 02:53:50,712 [evaluator.py    | 116] INFO: Traveling Distance of driver D_65 is  90.610, visited node list: 31
2022-02-23 02:53:50,714 [evaluator.py    | 116] INFO: Traveling Distance of driver D_66 is  69.610, visited node list: 29
2022-02-23 02:53:50,714 [evaluator.py    | 116] INFO: Traveling Distance of driver D_67 is  74.120, visited node list: 27
2022-02-23 02:53:50,716 [evaluator.py    | 116] INFO: Traveling Distance of driver D_68 is  73.890, visited node list: 27
2022-02-23 02:53:50,720 [evaluator.py    | 116] INFO: Traveling Distance of driver D_69 is  73.410, visited node list: 33
2022-02-23 02:53:50,721 [evaluator.py    | 116] INFO: Traveling Distance of driver D_70 is  61.280, visited node list: 25
2022-02-23 02:53:50,722 [evaluator.py    | 116] INFO: Traveling Distance of driver D_71 is  88.580, visited node list: 31
2022-02-23 02:53:50,723 [evaluator.py    | 116] INFO: Traveling Distance of driver D_72 is  65.060, visited node list: 25
2022-02-23 02:53:50,724 [evaluator.py    | 116] INFO: Traveling Distance of driver D_73 is  63.420, visited node list: 31
2022-02-23 02:53:50,724 [evaluator.py    | 116] INFO: Traveling Distance of driver D_74 is  65.620, visited node list: 27
2022-02-23 02:53:50,726 [evaluator.py    | 116] INFO: Traveling Distance of driver D_75 is  76.550, visited node list: 33
2022-02-23 02:53:50,727 [evaluator.py    | 116] INFO: Traveling Distance of driver D_76 is  65.870, visited node list: 27
2022-02-23 02:53:50,727 [evaluator.py    | 116] INFO: Traveling Distance of driver D_77 is  69.820, visited node list: 27
2022-02-23 02:53:50,728 [evaluator.py    | 116] INFO: Traveling Distance of driver D_78 is  56.730, visited node list: 23
2022-02-23 02:53:50,729 [evaluator.py    | 116] INFO: Traveling Distance of driver D_79 is  56.610, visited node list: 31
2022-02-23 02:53:50,730 [evaluator.py    | 116] INFO: Traveling Distance of driver D_80 is  60.620, visited node list: 23
2022-02-23 02:53:50,736 [evaluator.py    | 116] INFO: Traveling Distance of driver D_81 is  68.270, visited node list: 27
2022-02-23 02:53:50,738 [evaluator.py    | 116] INFO: Traveling Distance of driver D_82 is  69.200, visited node list: 23
2022-02-23 02:53:50,741 [evaluator.py    | 116] INFO: Traveling Distance of driver D_83 is  58.720, visited node list: 21
2022-02-23 02:53:50,744 [evaluator.py    | 116] INFO: Traveling Distance of driver D_84 is  61.740, visited node list: 21
2022-02-23 02:53:50,745 [evaluator.py    | 116] INFO: Traveling Distance of driver D_85 is  57.320, visited node list: 23
2022-02-23 02:53:50,747 [evaluator.py    | 116] INFO: Traveling Distance of driver D_86 is  65.740, visited node list: 25
2022-02-23 02:53:50,749 [evaluator.py    | 116] INFO: Traveling Distance of driver D_87 is  63.520, visited node list: 25
2022-02-23 02:53:50,749 [evaluator.py    | 116] INFO: Traveling Distance of driver D_88 is  61.360, visited node list: 23
2022-02-23 02:53:50,749 [evaluator.py    | 116] INFO: Traveling Distance of driver D_89 is  61.860, visited node list: 21
2022-02-23 02:53:50,750 [evaluator.py    | 116] INFO: Traveling Distance of driver D_90 is  47.730, visited node list: 23
2022-02-23 02:53:50,753 [evaluator.py    | 116] INFO: Traveling Distance of driver D_91 is  61.410, visited node list: 23
2022-02-23 02:53:50,761 [evaluator.py    | 116] INFO: Traveling Distance of driver D_92 is  52.650, visited node list: 21
2022-02-23 02:53:50,761 [evaluator.py    | 116] INFO: Traveling Distance of driver D_93 is  55.640, visited node list: 29
2022-02-23 02:53:50,763 [evaluator.py    | 116] INFO: Traveling Distance of driver D_94 is  55.900, visited node list: 18
2022-02-23 02:53:50,764 [evaluator.py    | 116] INFO: Traveling Distance of driver D_95 is  53.280, visited node list: 21
2022-02-23 02:53:50,764 [evaluator.py    | 18] INFO: Total distance:  9126.240
2022-02-23 02:53:50,940 [evaluator.py    | 22] INFO: Sum over time:  5547.000
2022-02-23 02:53:50,940 [evaluator.py    | 26] INFO: Total score:  15504.399
2022-02-23 02:53:51,255 [main.py         | 43] INFO: Score of instance_36: 15504.39901754386
