2022-02-23 11:08:09,510 [main.py         | 38] INFO: Start to run /Users/yangjingfeng/Library/CloudStorage/OneDrive-Personal/Public/PhD Study/Papers/Food_Delivery/Code/Food_delivery_simulator/Benchmark/Instance_medium: instance_76
2022-02-23 11:08:09,513 [simulator_api.py | 43] INFO: Start time of the simulator: 2022-02-23 09:00:00, time interval:  600.00
2022-02-23 11:08:10,189 [input_utils.py  | 35] INFO: Get 3052 locations
2022-02-23 11:08:10,216 [input_utils.py  | 39] INFO: Get 115 drivers
2022-02-23 11:08:10,802 [input_utils.py  | 43] INFO: Get 1957 orders
2022-02-23 11:08:10,802 [simulator_api.py | 75] INFO: Initial position of D_1 is 371 Beach Rd, Singapore 199597, Singapore
2022-02-23 11:08:10,802 [simulator_api.py | 75] INFO: Initial position of D_2 is Bukit Merah View Market & Hawker Centre
2022-02-23 11:08:10,802 [simulator_api.py | 75] INFO: Initial position of D_3 is 417 River Valley Rd, Singapore 248316, Singapore
2022-02-23 11:08:10,803 [simulator_api.py | 75] INFO: Initial position of D_4 is 54 South Bridge Rd, Singapore 058685, Singapore
2022-02-23 11:08:10,803 [simulator_api.py | 75] INFO: Initial position of D_5 is Bukit Merah View Market & Hawker Centre
2022-02-23 11:08:10,803 [simulator_api.py | 75] INFO: Initial position of D_6 is Maxwell Food Centre
2022-02-23 11:08:10,803 [simulator_api.py | 75] INFO: Initial position of D_7 is Alexandra Village Food Centre
2022-02-23 11:08:10,803 [simulator_api.py | 75] INFO: Initial position of D_8 is Golden Mile Food Centre
2022-02-23 11:08:10,803 [simulator_api.py | 75] INFO: Initial position of D_9 is Amoy Street Food Centre
2022-02-23 11:08:10,803 [simulator_api.py | 75] INFO: Initial position of D_10 is Bukit Merah View Market & Hawker Centre
2022-02-23 11:08:10,803 [simulator_api.py | 75] INFO: Initial position of D_11 is 54 South Bridge Rd, Singapore 058685, Singapore
2022-02-23 11:08:10,803 [simulator_api.py | 75] INFO: Initial position of D_12 is 417 River Valley Rd, Singapore 248316, Singapore
2022-02-23 11:08:10,804 [simulator_api.py | 75] INFO: Initial position of D_13 is 371 Beach Rd, Singapore 199597, Singapore
2022-02-23 11:08:10,804 [simulator_api.py | 75] INFO: Initial position of D_14 is Alexandra Village Food Centre
2022-02-23 11:08:10,804 [simulator_api.py | 75] INFO: Initial position of D_15 is Amoy Street Food Centre
2022-02-23 11:08:10,804 [simulator_api.py | 75] INFO: Initial position of D_16 is Tiong Bahru Market
2022-02-23 11:08:10,804 [simulator_api.py | 75] INFO: Initial position of D_17 is 66 Kg Bugis, Singapore 338987, Singapore
2022-02-23 11:08:10,804 [simulator_api.py | 75] INFO: Initial position of D_18 is 54 South Bridge Rd, Singapore 058685, Singapore
2022-02-23 11:08:10,804 [simulator_api.py | 75] INFO: Initial position of D_19 is 54 South Bridge Rd, Singapore 058685, Singapore
2022-02-23 11:08:10,804 [simulator_api.py | 75] INFO: Initial position of D_20 is 37 Cuppage Rd, Singapore 229460, Singapore
2022-02-23 11:08:10,806 [simulator_api.py | 75] INFO: Initial position of D_21 is Golden Mile Food Centre
2022-02-23 11:08:10,806 [simulator_api.py | 75] INFO: Initial position of D_22 is Old Airport Road Food Centre
2022-02-23 11:08:10,806 [simulator_api.py | 75] INFO: Initial position of D_23 is Alexandra Village Food Centre
2022-02-23 11:08:10,806 [simulator_api.py | 75] INFO: Initial position of D_24 is Old Airport Road Food Centre
2022-02-23 11:08:10,806 [simulator_api.py | 75] INFO: Initial position of D_25 is 417 River Valley Rd, Singapore 248316, Singapore
2022-02-23 11:08:10,806 [simulator_api.py | 75] INFO: Initial position of D_26 is Hong Lim Food Centre
2022-02-23 11:08:10,807 [simulator_api.py | 75] INFO: Initial position of D_27 is 66 Kg Bugis, Singapore 338987, Singapore
2022-02-23 11:08:10,807 [simulator_api.py | 75] INFO: Initial position of D_28 is 417 River Valley Rd, Singapore 248316, Singapore
2022-02-23 11:08:10,807 [simulator_api.py | 75] INFO: Initial position of D_29 is Alexandra Village Food Centre
2022-02-23 11:08:10,807 [simulator_api.py | 75] INFO: Initial position of D_30 is 54 South Bridge Rd, Singapore 058685, Singapore
2022-02-23 11:08:10,807 [simulator_api.py | 75] INFO: Initial position of D_31 is Golden Mile Food Centre
2022-02-23 11:08:10,807 [simulator_api.py | 75] INFO: Initial position of D_32 is 36 Boat Quay, Singapore 049825, Singapore
2022-02-23 11:08:10,809 [simulator_api.py | 75] INFO: Initial position of D_33 is 417 River Valley Rd, Singapore 248316, Singapore
2022-02-23 11:08:10,809 [simulator_api.py | 75] INFO: Initial position of D_34 is 66 Kg Bugis, Singapore 338987, Singapore
2022-02-23 11:08:10,809 [simulator_api.py | 75] INFO: Initial position of D_35 is 54 South Bridge Rd, Singapore 058685, Singapore
2022-02-23 11:08:10,809 [simulator_api.py | 75] INFO: Initial position of D_36 is Old Airport Road Food Centre
2022-02-23 11:08:10,809 [simulator_api.py | 75] INFO: Initial position of D_37 is Alexandra Village Food Centre
2022-02-23 11:08:10,809 [simulator_api.py | 75] INFO: Initial position of D_38 is Hong Lim Food Centre
2022-02-23 11:08:10,809 [simulator_api.py | 75] INFO: Initial position of D_39 is 36 Boat Quay, Singapore 049825, Singapore
2022-02-23 11:08:10,809 [simulator_api.py | 75] INFO: Initial position of D_40 is Hong Lim Food Centre
2022-02-23 11:08:10,810 [simulator_api.py | 75] INFO: Initial position of D_41 is 54 South Bridge Rd, Singapore 058685, Singapore
2022-02-23 11:08:10,810 [simulator_api.py | 75] INFO: Initial position of D_42 is 371 Beach Rd, Singapore 199597, Singapore
2022-02-23 11:08:10,810 [simulator_api.py | 75] INFO: Initial position of D_43 is Zion Riverside Food Centre
2022-02-23 11:08:10,810 [simulator_api.py | 75] INFO: Initial position of D_44 is Tiong Bahru Market
2022-02-23 11:08:10,810 [simulator_api.py | 75] INFO: Initial position of D_45 is Amoy Street Food Centre
2022-02-23 11:08:10,810 [simulator_api.py | 75] INFO: Initial position of D_46 is Golden Mile Food Centre
2022-02-23 11:08:10,810 [simulator_api.py | 75] INFO: Initial position of D_47 is Hong Lim Food Centre
2022-02-23 11:08:10,810 [simulator_api.py | 75] INFO: Initial position of D_48 is Tiong Bahru Market
2022-02-23 11:08:10,811 [simulator_api.py | 75] INFO: Initial position of D_49 is Bukit Merah View Market & Hawker Centre
2022-02-23 11:08:10,811 [simulator_api.py | 75] INFO: Initial position of D_50 is Tiong Bahru Market
2022-02-23 11:08:10,811 [simulator_api.py | 75] INFO: Initial position of D_51 is 66 Kg Bugis, Singapore 338987, Singapore
2022-02-23 11:08:10,811 [simulator_api.py | 75] INFO: Initial position of D_52 is Zion Riverside Food Centre
2022-02-23 11:08:10,811 [simulator_api.py | 75] INFO: Initial position of D_53 is 54 South Bridge Rd, Singapore 058685, Singapore
2022-02-23 11:08:10,812 [simulator_api.py | 75] INFO: Initial position of D_54 is 37 Cuppage Rd, Singapore 229460, Singapore
2022-02-23 11:08:10,812 [simulator_api.py | 75] INFO: Initial position of D_55 is Golden Mile Food Centre
2022-02-23 11:08:10,812 [simulator_api.py | 75] INFO: Initial position of D_56 is Amoy Street Food Centre
2022-02-23 11:08:10,812 [simulator_api.py | 75] INFO: Initial position of D_57 is Amoy Street Food Centre
2022-02-23 11:08:10,812 [simulator_api.py | 75] INFO: Initial position of D_58 is 371 Beach Rd, Singapore 199597, Singapore
2022-02-23 11:08:10,812 [simulator_api.py | 75] INFO: Initial position of D_59 is Golden Mile Food Centre
2022-02-23 11:08:10,812 [simulator_api.py | 75] INFO: Initial position of D_60 is Alexandra Village Food Centre
2022-02-23 11:08:10,812 [simulator_api.py | 75] INFO: Initial position of D_61 is Maxwell Food Centre
2022-02-23 11:08:10,813 [simulator_api.py | 75] INFO: Initial position of D_62 is 417 River Valley Rd, Singapore 248316, Singapore
2022-02-23 11:08:10,814 [simulator_api.py | 75] INFO: Initial position of D_63 is 54 South Bridge Rd, Singapore 058685, Singapore
2022-02-23 11:08:10,814 [simulator_api.py | 75] INFO: Initial position of D_64 is Golden Mile Food Centre
2022-02-23 11:08:10,814 [simulator_api.py | 75] INFO: Initial position of D_65 is 54 South Bridge Rd, Singapore 058685, Singapore
2022-02-23 11:08:10,814 [simulator_api.py | 75] INFO: Initial position of D_66 is Maxwell Food Centre
2022-02-23 11:08:10,814 [simulator_api.py | 75] INFO: Initial position of D_67 is Hong Lim Food Centre
2022-02-23 11:08:10,815 [simulator_api.py | 75] INFO: Initial position of D_68 is 36 Boat Quay, Singapore 049825, Singapore
2022-02-23 11:08:10,815 [simulator_api.py | 75] INFO: Initial position of D_69 is 371 Beach Rd, Singapore 199597, Singapore
2022-02-23 11:08:10,815 [simulator_api.py | 75] INFO: Initial position of D_70 is Bukit Merah View Market & Hawker Centre
2022-02-23 11:08:10,815 [simulator_api.py | 75] INFO: Initial position of D_71 is 36 Boat Quay, Singapore 049825, Singapore
2022-02-23 11:08:10,815 [simulator_api.py | 75] INFO: Initial position of D_72 is 371 Beach Rd, Singapore 199597, Singapore
2022-02-23 11:08:10,815 [simulator_api.py | 75] INFO: Initial position of D_73 is 417 River Valley Rd, Singapore 248316, Singapore
2022-02-23 11:08:10,817 [simulator_api.py | 75] INFO: Initial position of D_74 is Zion Riverside Food Centre
2022-02-23 11:08:10,817 [simulator_api.py | 75] INFO: Initial position of D_75 is Zion Riverside Food Centre
2022-02-23 11:08:10,817 [simulator_api.py | 75] INFO: Initial position of D_76 is Maxwell Food Centre
2022-02-23 11:08:10,817 [simulator_api.py | 75] INFO: Initial position of D_77 is 66 Kg Bugis, Singapore 338987, Singapore
2022-02-23 11:08:10,817 [simulator_api.py | 75] INFO: Initial position of D_78 is Amoy Street Food Centre
2022-02-23 11:08:10,817 [simulator_api.py | 75] INFO: Initial position of D_79 is 371 Beach Rd, Singapore 199597, Singapore
2022-02-23 11:08:10,817 [simulator_api.py | 75] INFO: Initial position of D_80 is 371 Beach Rd, Singapore 199597, Singapore
2022-02-23 11:08:10,817 [simulator_api.py | 75] INFO: Initial position of D_81 is Tiong Bahru Market
2022-02-23 11:08:10,817 [simulator_api.py | 75] INFO: Initial position of D_82 is 37 Cuppage Rd, Singapore 229460, Singapore
2022-02-23 11:08:10,817 [simulator_api.py | 75] INFO: Initial position of D_83 is 36 Boat Quay, Singapore 049825, Singapore
2022-02-23 11:08:10,818 [simulator_api.py | 75] INFO: Initial position of D_84 is Tiong Bahru Market
2022-02-23 11:08:10,818 [simulator_api.py | 75] INFO: Initial position of D_85 is 36 Boat Quay, Singapore 049825, Singapore
2022-02-23 11:08:10,818 [simulator_api.py | 75] INFO: Initial position of D_86 is 371 Beach Rd, Singapore 199597, Singapore
2022-02-23 11:08:10,818 [simulator_api.py | 75] INFO: Initial position of D_87 is Hong Lim Food Centre
2022-02-23 11:08:10,818 [simulator_api.py | 75] INFO: Initial position of D_88 is 37 Cuppage Rd, Singapore 229460, Singapore
2022-02-23 11:08:10,818 [simulator_api.py | 75] INFO: Initial position of D_89 is 54 South Bridge Rd, Singapore 058685, Singapore
2022-02-23 11:08:10,818 [simulator_api.py | 75] INFO: Initial position of D_90 is 66 Kg Bugis, Singapore 338987, Singapore
2022-02-23 11:08:10,820 [simulator_api.py | 75] INFO: Initial position of D_91 is 37 Cuppage Rd, Singapore 229460, Singapore
2022-02-23 11:08:10,820 [simulator_api.py | 75] INFO: Initial position of D_92 is 37 Cuppage Rd, Singapore 229460, Singapore
2022-02-23 11:08:10,820 [simulator_api.py | 75] INFO: Initial position of D_93 is 417 River Valley Rd, Singapore 248316, Singapore
2022-02-23 11:08:10,820 [simulator_api.py | 75] INFO: Initial position of D_94 is Old Airport Road Food Centre
2022-02-23 11:08:10,820 [simulator_api.py | 75] INFO: Initial position of D_95 is 417 River Valley Rd, Singapore 248316, Singapore
2022-02-23 11:08:10,820 [simulator_api.py | 75] INFO: Initial position of D_96 is Golden Mile Food Centre
2022-02-23 11:08:10,820 [simulator_api.py | 75] INFO: Initial position of D_97 is Amoy Street Food Centre
2022-02-23 11:08:10,820 [simulator_api.py | 75] INFO: Initial position of D_98 is Hong Lim Food Centre
2022-02-23 11:08:10,820 [simulator_api.py | 75] INFO: Initial position of D_99 is Hong Lim Food Centre
2022-02-23 11:08:10,820 [simulator_api.py | 75] INFO: Initial position of D_100 is Tiong Bahru Market
2022-02-23 11:08:10,821 [simulator_api.py | 75] INFO: Initial position of D_101 is 54 South Bridge Rd, Singapore 058685, Singapore
2022-02-23 11:08:10,821 [simulator_api.py | 75] INFO: Initial position of D_102 is Golden Mile Food Centre
2022-02-23 11:08:10,821 [simulator_api.py | 75] INFO: Initial position of D_103 is 54 South Bridge Rd, Singapore 058685, Singapore
2022-02-23 11:08:10,821 [simulator_api.py | 75] INFO: Initial position of D_104 is Amoy Street Food Centre
2022-02-23 11:08:10,821 [simulator_api.py | 75] INFO: Initial position of D_105 is Hong Lim Food Centre
2022-02-23 11:08:10,821 [simulator_api.py | 75] INFO: Initial position of D_106 is Alexandra Village Food Centre
2022-02-23 11:08:10,821 [simulator_api.py | 75] INFO: Initial position of D_107 is Golden Mile Food Centre
2022-02-23 11:08:10,821 [simulator_api.py | 75] INFO: Initial position of D_108 is Alexandra Village Food Centre
2022-02-23 11:08:10,821 [simulator_api.py | 75] INFO: Initial position of D_109 is 36 Boat Quay, Singapore 049825, Singapore
2022-02-23 11:08:10,823 [simulator_api.py | 75] INFO: Initial position of D_110 is Hong Lim Food Centre
2022-02-23 11:08:10,823 [simulator_api.py | 75] INFO: Initial position of D_111 is Golden Mile Food Centre
2022-02-23 11:08:10,823 [simulator_api.py | 75] INFO: Initial position of D_112 is Tiong Bahru Market
2022-02-23 11:08:10,823 [simulator_api.py | 75] INFO: Initial position of D_113 is 371 Beach Rd, Singapore 199597, Singapore
2022-02-23 11:08:10,823 [simulator_api.py | 75] INFO: Initial position of D_114 is 54 South Bridge Rd, Singapore 058685, Singapore
2022-02-23 11:08:10,824 [simulator_api.py | 75] INFO: Initial position of D_115 is Golden Mile Food Centre
2022-02-23 11:08:10,854 [simulator_env.py | 87] INFO: **************************************************
2022-02-23 11:08:10,854 [simulator_env.py | 91] INFO: cur time: 2022-02-23 09:10:00, pre time: 2022-02-23 09:00:00
2022-02-23 11:08:10,854 [simulator_env.py | 147] INFO: Start to update the input of 2022-02-23 09:10:00
2022-02-23 11:08:10,858 [simulator_env.py | 175] INFO: Get 49 unallocated orders, 0 ongoing orders, 0 completed orders.
2022-02-23 11:08:17,173 [simulator_env.py | 100] INFO: Finish the dispatch.
2022-02-23 11:08:17,175 [simulator_env.py | 278] INFO: 2022-02-23 09:10:00, Order 09000800000: state = 1 < 2, we can not finish the simulation
2022-02-23 11:08:17,175 [simulator_env.py | 87] INFO: **************************************************
2022-02-23 11:08:17,175 [simulator_env.py | 91] INFO: cur time: 2022-02-23 09:20:00, pre time: 2022-02-23 09:10:00
2022-02-23 11:08:17,176 [simulator_env.py | 147] INFO: Start to update the input of 2022-02-23 09:20:00
2022-02-23 11:08:17,192 [simulator_env.py | 175] INFO: Get 57 unallocated orders, 34 ongoing orders, 15 completed orders.
2022-02-23 11:08:23,367 [simulator_env.py | 100] INFO: Finish the dispatch.
2022-02-23 11:08:23,373 [simulator_env.py | 278] INFO: 2022-02-23 09:20:00, Order 09101100049: state = 1 < 2, we can not finish the simulation
2022-02-23 11:08:23,375 [simulator_env.py | 87] INFO: **************************************************
2022-02-23 11:08:23,375 [simulator_env.py | 91] INFO: cur time: 2022-02-23 09:30:00, pre time: 2022-02-23 09:20:00
2022-02-23 11:08:23,375 [simulator_env.py | 147] INFO: Start to update the input of 2022-02-23 09:30:00
2022-02-23 11:08:23,400 [simulator_env.py | 175] INFO: Get 67 unallocated orders, 36 ongoing orders, 70 completed orders.
2022-02-23 11:08:30,701 [simulator_env.py | 100] INFO: Finish the dispatch.
2022-02-23 11:08:30,708 [simulator_env.py | 278] INFO: 2022-02-23 09:30:00, Order 09203200106: state = 1 < 2, we can not finish the simulation
2022-02-23 11:08:30,710 [simulator_env.py | 87] INFO: **************************************************
2022-02-23 11:08:30,710 [simulator_env.py | 91] INFO: cur time: 2022-02-23 09:40:00, pre time: 2022-02-23 09:30:00
2022-02-23 11:08:30,710 [simulator_env.py | 147] INFO: Start to update the input of 2022-02-23 09:40:00
2022-02-23 11:08:30,815 [simulator_env.py | 175] INFO: Get 54 unallocated orders, 47 ongoing orders, 125 completed orders.
2022-02-23 11:08:37,373 [simulator_env.py | 100] INFO: Finish the dispatch.
2022-02-23 11:08:37,378 [simulator_env.py | 278] INFO: 2022-02-23 09:40:00, Order 09274500153: state = 1 < 2, we can not finish the simulation
2022-02-23 11:08:37,381 [simulator_env.py | 87] INFO: **************************************************
2022-02-23 11:08:37,381 [simulator_env.py | 91] INFO: cur time: 2022-02-23 09:50:00, pre time: 2022-02-23 09:40:00
2022-02-23 11:08:37,381 [simulator_env.py | 147] INFO: Start to update the input of 2022-02-23 09:50:00
2022-02-23 11:08:37,449 [simulator_env.py | 175] INFO: Get 83 unallocated orders, 40 ongoing orders, 186 completed orders.
2022-02-23 11:08:43,275 [simulator_env.py | 100] INFO: Finish the dispatch.
2022-02-23 11:08:43,281 [simulator_env.py | 278] INFO: 2022-02-23 09:50:00, Order 09401100226: state = 1 < 2, we can not finish the simulation
2022-02-23 11:08:43,283 [simulator_env.py | 87] INFO: **************************************************
2022-02-23 11:08:43,283 [simulator_env.py | 91] INFO: cur time: 2022-02-23 10:00:00, pre time: 2022-02-23 09:50:00
2022-02-23 11:08:43,284 [simulator_env.py | 147] INFO: Start to update the input of 2022-02-23 10:00:00
2022-02-23 11:08:43,386 [simulator_env.py | 175] INFO: Get 83 unallocated orders, 51 ongoing orders, 253 completed orders.
2022-02-23 11:08:49,101 [simulator_env.py | 100] INFO: Finish the dispatch.
2022-02-23 11:08:49,107 [simulator_env.py | 278] INFO: 2022-02-23 10:00:00, Order 09490100301: state = 1 < 2, we can not finish the simulation
2022-02-23 11:08:49,110 [simulator_env.py | 87] INFO: **************************************************
2022-02-23 11:08:49,110 [simulator_env.py | 91] INFO: cur time: 2022-02-23 10:10:00, pre time: 2022-02-23 10:00:00
2022-02-23 11:08:49,110 [simulator_env.py | 147] INFO: Start to update the input of 2022-02-23 10:10:00
2022-02-23 11:08:49,187 [simulator_env.py | 175] INFO: Get 77 unallocated orders, 45 ongoing orders, 331 completed orders.
2022-02-23 11:08:55,167 [simulator_env.py | 100] INFO: Finish the dispatch.
2022-02-23 11:08:55,172 [simulator_env.py | 278] INFO: 2022-02-23 10:10:00, Order 09545500349: state = 1 < 2, we can not finish the simulation
2022-02-23 11:08:55,174 [simulator_env.py | 87] INFO: **************************************************
2022-02-23 11:08:55,175 [simulator_env.py | 91] INFO: cur time: 2022-02-23 10:20:00, pre time: 2022-02-23 10:10:00
2022-02-23 11:08:55,175 [simulator_env.py | 147] INFO: Start to update the input of 2022-02-23 10:20:00
2022-02-23 11:08:55,270 [simulator_env.py | 175] INFO: Get 86 unallocated orders, 47 ongoing orders, 402 completed orders.
2022-02-23 11:09:01,131 [simulator_env.py | 100] INFO: Finish the dispatch.
2022-02-23 11:09:01,140 [simulator_env.py | 278] INFO: 2022-02-23 10:20:00, Order 10064200431: state = 1 < 2, we can not finish the simulation
2022-02-23 11:09:01,143 [simulator_env.py | 87] INFO: **************************************************
2022-02-23 11:09:01,143 [simulator_env.py | 91] INFO: cur time: 2022-02-23 10:30:00, pre time: 2022-02-23 10:20:00
2022-02-23 11:09:01,143 [simulator_env.py | 147] INFO: Start to update the input of 2022-02-23 10:30:00
2022-02-23 11:09:01,203 [simulator_env.py | 175] INFO: Get 94 unallocated orders, 48 ongoing orders, 477 completed orders.
2022-02-23 11:09:07,560 [simulator_env.py | 100] INFO: Finish the dispatch.
2022-02-23 11:09:07,566 [simulator_env.py | 278] INFO: 2022-02-23 10:30:00, Order 10180500517: state = 1 < 2, we can not finish the simulation
2022-02-23 11:09:07,569 [simulator_env.py | 87] INFO: **************************************************
2022-02-23 11:09:07,569 [simulator_env.py | 91] INFO: cur time: 2022-02-23 10:40:00, pre time: 2022-02-23 10:30:00
2022-02-23 11:09:07,569 [simulator_env.py | 147] INFO: Start to update the input of 2022-02-23 10:40:00
2022-02-23 11:09:07,632 [simulator_env.py | 175] INFO: Get 89 unallocated orders, 46 ongoing orders, 555 completed orders.
2022-02-23 11:09:13,633 [simulator_env.py | 100] INFO: Finish the dispatch.
2022-02-23 11:09:13,638 [simulator_env.py | 278] INFO: 2022-02-23 10:40:00, Order 10214400548: state = 1 < 2, we can not finish the simulation
2022-02-23 11:09:13,640 [simulator_env.py | 87] INFO: **************************************************
2022-02-23 11:09:13,641 [simulator_env.py | 91] INFO: cur time: 2022-02-23 10:50:00, pre time: 2022-02-23 10:40:00
2022-02-23 11:09:13,641 [simulator_env.py | 147] INFO: Start to update the input of 2022-02-23 10:50:00
2022-02-23 11:09:13,698 [simulator_env.py | 175] INFO: Get 99 unallocated orders, 49 ongoing orders, 631 completed orders.
2022-02-23 11:09:21,205 [simulator_env.py | 100] INFO: Finish the dispatch.
2022-02-23 11:09:21,210 [simulator_env.py | 278] INFO: 2022-02-23 10:50:00, Order 10361300669: state = 1 < 2, we can not finish the simulation
2022-02-23 11:09:21,212 [simulator_env.py | 87] INFO: **************************************************
2022-02-23 11:09:21,212 [simulator_env.py | 91] INFO: cur time: 2022-02-23 11:00:00, pre time: 2022-02-23 10:50:00
2022-02-23 11:09:21,212 [simulator_env.py | 147] INFO: Start to update the input of 2022-02-23 11:00:00
2022-02-23 11:09:21,289 [simulator_env.py | 175] INFO: Get 107 unallocated orders, 53 ongoing orders, 711 completed orders.
2022-02-23 11:09:27,834 [simulator_env.py | 100] INFO: Finish the dispatch.
2022-02-23 11:09:27,845 [simulator_env.py | 278] INFO: 2022-02-23 11:00:00, Order 10462700747: state = 1 < 2, we can not finish the simulation
2022-02-23 11:09:27,850 [simulator_env.py | 87] INFO: **************************************************
2022-02-23 11:09:27,851 [simulator_env.py | 91] INFO: cur time: 2022-02-23 11:10:00, pre time: 2022-02-23 11:00:00
2022-02-23 11:09:27,851 [simulator_env.py | 147] INFO: Start to update the input of 2022-02-23 11:10:00
2022-02-23 11:09:27,912 [simulator_env.py | 175] INFO: Get 116 unallocated orders, 56 ongoing orders, 789 completed orders.
2022-02-23 11:09:33,811 [simulator_env.py | 100] INFO: Finish the dispatch.
2022-02-23 11:09:33,821 [simulator_env.py | 278] INFO: 2022-02-23 11:10:00, Order 10541300821: state = 1 < 2, we can not finish the simulation
2022-02-23 11:09:33,824 [simulator_env.py | 87] INFO: **************************************************
2022-02-23 11:09:33,824 [simulator_env.py | 91] INFO: cur time: 2022-02-23 11:20:00, pre time: 2022-02-23 11:10:00
2022-02-23 11:09:33,824 [simulator_env.py | 147] INFO: Start to update the input of 2022-02-23 11:20:00
2022-02-23 11:09:33,914 [simulator_env.py | 175] INFO: Get 113 unallocated orders, 58 ongoing orders, 875 completed orders.
2022-02-23 11:09:40,169 [simulator_env.py | 100] INFO: Finish the dispatch.
2022-02-23 11:09:40,177 [simulator_env.py | 278] INFO: 2022-02-23 11:20:00, Order 11031200905: state = 1 < 2, we can not finish the simulation
2022-02-23 11:09:40,180 [simulator_env.py | 87] INFO: **************************************************
2022-02-23 11:09:40,180 [simulator_env.py | 91] INFO: cur time: 2022-02-23 11:30:00, pre time: 2022-02-23 11:20:00
2022-02-23 11:09:40,180 [simulator_env.py | 147] INFO: Start to update the input of 2022-02-23 11:30:00
2022-02-23 11:09:40,268 [simulator_env.py | 175] INFO: Get 97 unallocated orders, 59 ongoing orders, 960 completed orders.
2022-02-23 11:09:49,025 [simulator_env.py | 100] INFO: Finish the dispatch.
2022-02-23 11:09:49,032 [simulator_env.py | 278] INFO: 2022-02-23 11:30:00, Order 11123700994: state = 1 < 2, we can not finish the simulation
2022-02-23 11:09:49,040 [simulator_env.py | 87] INFO: **************************************************
2022-02-23 11:09:49,041 [simulator_env.py | 91] INFO: cur time: 2022-02-23 11:40:00, pre time: 2022-02-23 11:30:00
2022-02-23 11:09:49,041 [simulator_env.py | 147] INFO: Start to update the input of 2022-02-23 11:40:00
2022-02-23 11:09:49,100 [simulator_env.py | 175] INFO: Get 103 unallocated orders, 50 ongoing orders, 1042 completed orders.
2022-02-23 11:09:55,972 [simulator_env.py | 100] INFO: Finish the dispatch.
2022-02-23 11:09:55,982 [simulator_env.py | 278] INFO: 2022-02-23 11:40:00, Order 11244001076: state = 1 < 2, we can not finish the simulation
2022-02-23 11:09:55,986 [simulator_env.py | 87] INFO: **************************************************
2022-02-23 11:09:55,986 [simulator_env.py | 91] INFO: cur time: 2022-02-23 11:50:00, pre time: 2022-02-23 11:40:00
2022-02-23 11:09:55,989 [simulator_env.py | 147] INFO: Start to update the input of 2022-02-23 11:50:00
2022-02-23 11:09:56,055 [simulator_env.py | 175] INFO: Get 98 unallocated orders, 57 ongoing orders, 1116 completed orders.
2022-02-23 11:10:02,889 [simulator_env.py | 100] INFO: Finish the dispatch.
2022-02-23 11:10:02,898 [simulator_env.py | 278] INFO: 2022-02-23 11:50:00, Order 11344401154: state = 1 < 2, we can not finish the simulation
2022-02-23 11:10:02,903 [simulator_env.py | 87] INFO: **************************************************
2022-02-23 11:10:02,903 [simulator_env.py | 91] INFO: cur time: 2022-02-23 12:00:00, pre time: 2022-02-23 11:50:00
2022-02-23 11:10:02,904 [simulator_env.py | 147] INFO: Start to update the input of 2022-02-23 12:00:00
2022-02-23 11:10:02,975 [simulator_env.py | 175] INFO: Get 89 unallocated orders, 58 ongoing orders, 1196 completed orders.
2022-02-23 11:10:10,700 [simulator_env.py | 100] INFO: Finish the dispatch.
2022-02-23 11:10:10,710 [simulator_env.py | 278] INFO: 2022-02-23 12:00:00, Order 11443001232: state = 1 < 2, we can not finish the simulation
2022-02-23 11:10:10,716 [simulator_env.py | 87] INFO: **************************************************
2022-02-23 11:10:10,717 [simulator_env.py | 91] INFO: cur time: 2022-02-23 12:10:00, pre time: 2022-02-23 12:00:00
2022-02-23 11:10:10,718 [simulator_env.py | 147] INFO: Start to update the input of 2022-02-23 12:10:00
2022-02-23 11:10:10,771 [simulator_env.py | 175] INFO: Get 73 unallocated orders, 51 ongoing orders, 1273 completed orders.
2022-02-23 11:10:17,397 [simulator_env.py | 100] INFO: Finish the dispatch.
2022-02-23 11:10:17,406 [simulator_env.py | 278] INFO: 2022-02-23 12:10:00, Order 11542601309: state = 1 < 2, we can not finish the simulation
2022-02-23 11:10:17,410 [simulator_env.py | 87] INFO: **************************************************
2022-02-23 11:10:17,410 [simulator_env.py | 91] INFO: cur time: 2022-02-23 12:20:00, pre time: 2022-02-23 12:10:00
2022-02-23 11:10:17,411 [simulator_env.py | 147] INFO: Start to update the input of 2022-02-23 12:20:00
2022-02-23 11:10:17,459 [simulator_env.py | 175] INFO: Get 50 unallocated orders, 39 ongoing orders, 1350 completed orders.
2022-02-23 11:10:24,058 [simulator_env.py | 100] INFO: Finish the dispatch.
2022-02-23 11:10:24,063 [simulator_env.py | 278] INFO: 2022-02-23 12:20:00, Order 12042601369: state = 1 < 2, we can not finish the simulation
2022-02-23 11:10:24,066 [simulator_env.py | 87] INFO: **************************************************
2022-02-23 11:10:24,066 [simulator_env.py | 91] INFO: cur time: 2022-02-23 12:30:00, pre time: 2022-02-23 12:20:00
2022-02-23 11:10:24,067 [simulator_env.py | 147] INFO: Start to update the input of 2022-02-23 12:30:00
2022-02-23 11:10:24,097 [simulator_env.py | 175] INFO: Get 44 unallocated orders, 26 ongoing orders, 1413 completed orders.
2022-02-23 11:10:30,517 [simulator_env.py | 100] INFO: Finish the dispatch.
2022-02-23 11:10:30,524 [simulator_env.py | 278] INFO: 2022-02-23 12:30:00, Order 12200701439: state = 1 < 2, we can not finish the simulation
2022-02-23 11:10:30,525 [simulator_env.py | 87] INFO: **************************************************
2022-02-23 11:10:30,526 [simulator_env.py | 91] INFO: cur time: 2022-02-23 12:40:00, pre time: 2022-02-23 12:30:00
2022-02-23 11:10:30,526 [simulator_env.py | 147] INFO: Start to update the input of 2022-02-23 12:40:00
2022-02-23 11:10:30,563 [simulator_env.py | 175] INFO: Get 42 unallocated orders, 27 ongoing orders, 1456 completed orders.
2022-02-23 11:10:39,709 [simulator_env.py | 100] INFO: Finish the dispatch.
2022-02-23 11:10:39,715 [simulator_env.py | 278] INFO: 2022-02-23 12:40:00, Order 12301601483: state = 1 < 2, we can not finish the simulation
2022-02-23 11:10:39,717 [simulator_env.py | 87] INFO: **************************************************
2022-02-23 11:10:39,717 [simulator_env.py | 91] INFO: cur time: 2022-02-23 12:50:00, pre time: 2022-02-23 12:40:00
2022-02-23 11:10:39,717 [simulator_env.py | 147] INFO: Start to update the input of 2022-02-23 12:50:00
2022-02-23 11:10:39,753 [simulator_env.py | 175] INFO: Get 33 unallocated orders, 33 ongoing orders, 1492 completed orders.
2022-02-23 11:10:51,650 [simulator_env.py | 100] INFO: Finish the dispatch.
2022-02-23 11:10:51,654 [simulator_env.py | 278] INFO: 2022-02-23 12:50:00, Order 12401601525: state = 1 < 2, we can not finish the simulation
2022-02-23 11:10:51,655 [simulator_env.py | 87] INFO: **************************************************
2022-02-23 11:10:51,656 [simulator_env.py | 91] INFO: cur time: 2022-02-23 13:00:00, pre time: 2022-02-23 12:50:00
2022-02-23 11:10:51,656 [simulator_env.py | 147] INFO: Start to update the input of 2022-02-23 13:00:00
2022-02-23 11:10:51,682 [simulator_env.py | 175] INFO: Get 33 unallocated orders, 18 ongoing orders, 1540 completed orders.
2022-02-23 11:11:00,688 [simulator_env.py | 100] INFO: Finish the dispatch.
2022-02-23 11:11:00,691 [simulator_env.py | 278] INFO: 2022-02-23 13:00:00, Order 12504901558: state = 1 < 2, we can not finish the simulation
2022-02-23 11:11:00,692 [simulator_env.py | 87] INFO: **************************************************
2022-02-23 11:11:00,692 [simulator_env.py | 91] INFO: cur time: 2022-02-23 13:10:00, pre time: 2022-02-23 13:00:00
2022-02-23 11:11:00,692 [simulator_env.py | 147] INFO: Start to update the input of 2022-02-23 13:10:00
2022-02-23 11:11:00,725 [simulator_env.py | 175] INFO: Get 34 unallocated orders, 23 ongoing orders, 1567 completed orders.
2022-02-23 11:11:09,218 [simulator_env.py | 100] INFO: Finish the dispatch.
2022-02-23 11:11:09,222 [simulator_env.py | 278] INFO: 2022-02-23 13:10:00, Order 12530601567: state = 1 < 2, we can not finish the simulation
2022-02-23 11:11:09,224 [simulator_env.py | 87] INFO: **************************************************
2022-02-23 11:11:09,224 [simulator_env.py | 91] INFO: cur time: 2022-02-23 13:20:00, pre time: 2022-02-23 13:10:00
2022-02-23 11:11:09,224 [simulator_env.py | 147] INFO: Start to update the input of 2022-02-23 13:20:00
2022-02-23 11:11:09,248 [simulator_env.py | 175] INFO: Get 30 unallocated orders, 23 ongoing orders, 1601 completed orders.
2022-02-23 11:11:15,404 [simulator_env.py | 100] INFO: Finish the dispatch.
2022-02-23 11:11:15,415 [simulator_env.py | 278] INFO: 2022-02-23 13:20:00, Order 13101001624: state = 1 < 2, we can not finish the simulation
2022-02-23 11:11:15,416 [simulator_env.py | 87] INFO: **************************************************
2022-02-23 11:11:15,417 [simulator_env.py | 91] INFO: cur time: 2022-02-23 13:30:00, pre time: 2022-02-23 13:20:00
2022-02-23 11:11:15,417 [simulator_env.py | 147] INFO: Start to update the input of 2022-02-23 13:30:00
2022-02-23 11:11:15,435 [simulator_env.py | 175] INFO: Get 44 unallocated orders, 18 ongoing orders, 1636 completed orders.
2022-02-23 11:11:21,583 [simulator_env.py | 100] INFO: Finish the dispatch.
2022-02-23 11:11:21,587 [simulator_env.py | 278] INFO: 2022-02-23 13:30:00, Order 13200801654: state = 1 < 2, we can not finish the simulation
2022-02-23 11:11:21,588 [simulator_env.py | 87] INFO: **************************************************
2022-02-23 11:11:21,588 [simulator_env.py | 91] INFO: cur time: 2022-02-23 13:40:00, pre time: 2022-02-23 13:30:00
2022-02-23 11:11:21,589 [simulator_env.py | 147] INFO: Start to update the input of 2022-02-23 13:40:00
2022-02-23 11:11:21,619 [simulator_env.py | 175] INFO: Get 23 unallocated orders, 29 ongoing orders, 1669 completed orders.
2022-02-23 11:11:27,643 [simulator_env.py | 100] INFO: Finish the dispatch.
2022-02-23 11:11:27,649 [simulator_env.py | 278] INFO: 2022-02-23 13:40:00, Order 13302201698: state = 1 < 2, we can not finish the simulation
2022-02-23 11:11:27,652 [simulator_env.py | 87] INFO: **************************************************
2022-02-23 11:11:27,652 [simulator_env.py | 91] INFO: cur time: 2022-02-23 13:50:00, pre time: 2022-02-23 13:40:00
2022-02-23 11:11:27,653 [simulator_env.py | 147] INFO: Start to update the input of 2022-02-23 13:50:00
2022-02-23 11:11:27,669 [simulator_env.py | 175] INFO: Get 27 unallocated orders, 14 ongoing orders, 1707 completed orders.
2022-02-23 11:11:34,868 [simulator_env.py | 100] INFO: Finish the dispatch.
2022-02-23 11:11:34,872 [simulator_env.py | 278] INFO: 2022-02-23 13:50:00, Order 13400101721: state = 1 < 2, we can not finish the simulation
2022-02-23 11:11:34,888 [simulator_env.py | 87] INFO: **************************************************
2022-02-23 11:11:34,888 [simulator_env.py | 91] INFO: cur time: 2022-02-23 14:00:00, pre time: 2022-02-23 13:50:00
2022-02-23 11:11:34,889 [simulator_env.py | 147] INFO: Start to update the input of 2022-02-23 14:00:00
2022-02-23 11:11:34,905 [simulator_env.py | 175] INFO: Get 26 unallocated orders, 18 ongoing orders, 1730 completed orders.
2022-02-23 11:11:41,311 [simulator_env.py | 100] INFO: Finish the dispatch.
2022-02-23 11:11:41,315 [simulator_env.py | 278] INFO: 2022-02-23 14:00:00, Order 13501001748: state = 1 < 2, we can not finish the simulation
2022-02-23 11:11:41,316 [simulator_env.py | 87] INFO: **************************************************
2022-02-23 11:11:41,316 [simulator_env.py | 91] INFO: cur time: 2022-02-23 14:10:00, pre time: 2022-02-23 14:00:00
2022-02-23 11:11:41,316 [simulator_env.py | 147] INFO: Start to update the input of 2022-02-23 14:10:00
2022-02-23 11:11:41,337 [simulator_env.py | 175] INFO: Get 34 unallocated orders, 19 ongoing orders, 1755 completed orders.
2022-02-23 11:11:47,386 [simulator_env.py | 100] INFO: Finish the dispatch.
2022-02-23 11:11:47,391 [simulator_env.py | 278] INFO: 2022-02-23 14:10:00, Order 14000601774: state = 1 < 2, we can not finish the simulation
2022-02-23 11:11:47,392 [simulator_env.py | 87] INFO: **************************************************
2022-02-23 11:11:47,392 [simulator_env.py | 91] INFO: cur time: 2022-02-23 14:20:00, pre time: 2022-02-23 14:10:00
2022-02-23 11:11:47,392 [simulator_env.py | 147] INFO: Start to update the input of 2022-02-23 14:20:00
2022-02-23 11:11:47,405 [simulator_env.py | 175] INFO: Get 28 unallocated orders, 26 ongoing orders, 1782 completed orders.
2022-02-23 11:11:53,539 [simulator_env.py | 100] INFO: Finish the dispatch.
2022-02-23 11:11:53,544 [simulator_env.py | 278] INFO: 2022-02-23 14:20:00, Order 14103301808: state = 1 < 2, we can not finish the simulation
2022-02-23 11:11:53,546 [simulator_env.py | 87] INFO: **************************************************
2022-02-23 11:11:53,546 [simulator_env.py | 91] INFO: cur time: 2022-02-23 14:30:00, pre time: 2022-02-23 14:20:00
2022-02-23 11:11:53,546 [simulator_env.py | 147] INFO: Start to update the input of 2022-02-23 14:30:00
2022-02-23 11:11:53,572 [simulator_env.py | 175] INFO: Get 30 unallocated orders, 19 ongoing orders, 1817 completed orders.
2022-02-23 11:12:00,828 [simulator_env.py | 100] INFO: Finish the dispatch.
2022-02-23 11:12:00,832 [simulator_env.py | 278] INFO: 2022-02-23 14:30:00, Order 14201401836: state = 1 < 2, we can not finish the simulation
2022-02-23 11:12:00,833 [simulator_env.py | 87] INFO: **************************************************
2022-02-23 11:12:00,833 [simulator_env.py | 91] INFO: cur time: 2022-02-23 14:40:00, pre time: 2022-02-23 14:30:00
2022-02-23 11:12:00,833 [simulator_env.py | 147] INFO: Start to update the input of 2022-02-23 14:40:00
2022-02-23 11:12:00,856 [simulator_env.py | 175] INFO: Get 26 unallocated orders, 22 ongoing orders, 1844 completed orders.
2022-02-23 11:12:07,058 [simulator_env.py | 100] INFO: Finish the dispatch.
2022-02-23 11:12:07,063 [simulator_env.py | 278] INFO: 2022-02-23 14:40:00, Order 14302701866: state = 1 < 2, we can not finish the simulation
2022-02-23 11:12:07,064 [simulator_env.py | 87] INFO: **************************************************
2022-02-23 11:12:07,064 [simulator_env.py | 91] INFO: cur time: 2022-02-23 14:50:00, pre time: 2022-02-23 14:40:00
2022-02-23 11:12:07,065 [simulator_env.py | 147] INFO: Start to update the input of 2022-02-23 14:50:00
2022-02-23 11:12:07,079 [simulator_env.py | 175] INFO: Get 33 unallocated orders, 18 ongoing orders, 1874 completed orders.
2022-02-23 11:12:13,168 [simulator_env.py | 100] INFO: Finish the dispatch.
2022-02-23 11:12:13,174 [simulator_env.py | 278] INFO: 2022-02-23 14:50:00, Order 14400901892: state = 1 < 2, we can not finish the simulation
2022-02-23 11:12:13,177 [simulator_env.py | 87] INFO: **************************************************
2022-02-23 11:12:13,189 [simulator_env.py | 91] INFO: cur time: 2022-02-23 15:00:00, pre time: 2022-02-23 14:50:00
2022-02-23 11:12:13,190 [simulator_env.py | 147] INFO: Start to update the input of 2022-02-23 15:00:00
2022-02-23 11:12:13,255 [simulator_env.py | 175] INFO: Get 32 unallocated orders, 23 ongoing orders, 1902 completed orders.
2022-02-23 11:12:19,756 [simulator_env.py | 100] INFO: Finish the dispatch.
2022-02-23 11:12:19,762 [simulator_env.py | 278] INFO: 2022-02-23 15:00:00, Order 14501601925: state = 1 < 2, we can not finish the simulation
2022-02-23 11:12:19,763 [simulator_env.py | 87] INFO: **************************************************
2022-02-23 11:12:19,763 [simulator_env.py | 91] INFO: cur time: 2022-02-23 15:10:00, pre time: 2022-02-23 15:00:00
2022-02-23 11:12:19,764 [simulator_env.py | 147] INFO: Start to update the input of 2022-02-23 15:10:00
2022-02-23 11:12:19,789 [simulator_env.py | 175] INFO: Get 0 unallocated orders, 22 ongoing orders, 1935 completed orders.
2022-02-23 11:12:26,015 [simulator_env.py | 100] INFO: Finish the dispatch.
2022-02-23 11:12:26,021 [simulator_env.py | 281] INFO: 2022-02-23 15:10:00, the status of all orders is greater than 1, we could finish the simulation
2022-02-23 11:12:26,027 [simulator_env.py | 124] INFO: finished the left ongoing orders
2022-02-23 11:12:26,029 [evaluator.py    | 116] INFO: Traveling Distance of driver D_1 is  73.870, visited node list: 33
2022-02-23 11:12:26,031 [evaluator.py    | 116] INFO: Traveling Distance of driver D_2 is  65.800, visited node list: 27
2022-02-23 11:12:26,033 [evaluator.py    | 116] INFO: Traveling Distance of driver D_3 is  119.470, visited node list: 44
2022-02-23 11:12:26,034 [evaluator.py    | 116] INFO: Traveling Distance of driver D_4 is  130.770, visited node list: 45
2022-02-23 11:12:26,037 [evaluator.py    | 116] INFO: Traveling Distance of driver D_5 is  127.890, visited node list: 45
2022-02-23 11:12:26,038 [evaluator.py    | 116] INFO: Traveling Distance of driver D_6 is  126.080, visited node list: 39
2022-02-23 11:12:26,039 [evaluator.py    | 116] INFO: Traveling Distance of driver D_7 is  125.090, visited node list: 49
2022-02-23 11:12:26,041 [evaluator.py    | 116] INFO: Traveling Distance of driver D_8 is  137.080, visited node list: 45
2022-02-23 11:12:26,042 [evaluator.py    | 116] INFO: Traveling Distance of driver D_9 is  129.080, visited node list: 50
2022-02-23 11:12:26,043 [evaluator.py    | 116] INFO: Traveling Distance of driver D_10 is  120.880, visited node list: 45
2022-02-23 11:12:26,045 [evaluator.py    | 116] INFO: Traveling Distance of driver D_11 is  116.630, visited node list: 45
2022-02-23 11:12:26,046 [evaluator.py    | 116] INFO: Traveling Distance of driver D_12 is  130.950, visited node list: 47
2022-02-23 11:12:26,047 [evaluator.py    | 116] INFO: Traveling Distance of driver D_13 is  128.080, visited node list: 48
2022-02-23 11:12:26,048 [evaluator.py    | 116] INFO: Traveling Distance of driver D_14 is  130.380, visited node list: 49
2022-02-23 11:12:26,050 [evaluator.py    | 116] INFO: Traveling Distance of driver D_15 is  125.830, visited node list: 51
2022-02-23 11:12:26,051 [evaluator.py    | 116] INFO: Traveling Distance of driver D_16 is  124.770, visited node list: 45
2022-02-23 11:12:26,052 [evaluator.py    | 116] INFO: Traveling Distance of driver D_17 is  120.590, visited node list: 47
2022-02-23 11:12:26,054 [evaluator.py    | 116] INFO: Traveling Distance of driver D_18 is  128.480, visited node list: 41
2022-02-23 11:12:26,055 [evaluator.py    | 116] INFO: Traveling Distance of driver D_19 is  114.460, visited node list: 47
2022-02-23 11:12:26,057 [evaluator.py    | 116] INFO: Traveling Distance of driver D_20 is  116.750, visited node list: 43
2022-02-23 11:12:26,058 [evaluator.py    | 116] INFO: Traveling Distance of driver D_21 is  120.150, visited node list: 47
2022-02-23 11:12:26,060 [evaluator.py    | 116] INFO: Traveling Distance of driver D_22 is  118.950, visited node list: 44
2022-02-23 11:12:26,061 [evaluator.py    | 116] INFO: Traveling Distance of driver D_23 is  121.160, visited node list: 50
2022-02-23 11:12:26,062 [evaluator.py    | 116] INFO: Traveling Distance of driver D_24 is  133.010, visited node list: 49
2022-02-23 11:12:26,064 [evaluator.py    | 116] INFO: Traveling Distance of driver D_25 is  121.070, visited node list: 51
2022-02-23 11:12:26,065 [evaluator.py    | 116] INFO: Traveling Distance of driver D_26 is  127.720, visited node list: 46
2022-02-23 11:12:26,066 [evaluator.py    | 116] INFO: Traveling Distance of driver D_27 is  126.330, visited node list: 49
2022-02-23 11:12:26,067 [evaluator.py    | 116] INFO: Traveling Distance of driver D_28 is  111.880, visited node list: 37
2022-02-23 11:12:26,067 [evaluator.py    | 116] INFO: Traveling Distance of driver D_29 is  116.640, visited node list: 48
2022-02-23 11:12:26,070 [evaluator.py    | 116] INFO: Traveling Distance of driver D_30 is  122.260, visited node list: 46
2022-02-23 11:12:26,071 [evaluator.py    | 116] INFO: Traveling Distance of driver D_31 is  127.460, visited node list: 45
2022-02-23 11:12:26,071 [evaluator.py    | 116] INFO: Traveling Distance of driver D_32 is  122.960, visited node list: 47
2022-02-23 11:12:26,072 [evaluator.py    | 116] INFO: Traveling Distance of driver D_33 is  108.300, visited node list: 45
2022-02-23 11:12:26,074 [evaluator.py    | 116] INFO: Traveling Distance of driver D_34 is  114.020, visited node list: 35
2022-02-23 11:12:26,075 [evaluator.py    | 116] INFO: Traveling Distance of driver D_35 is  117.820, visited node list: 47
2022-02-23 11:12:26,076 [evaluator.py    | 116] INFO: Traveling Distance of driver D_36 is  115.120, visited node list: 51
2022-02-23 11:12:26,076 [evaluator.py    | 116] INFO: Traveling Distance of driver D_37 is  117.110, visited node list: 41
2022-02-23 11:12:26,077 [evaluator.py    | 116] INFO: Traveling Distance of driver D_38 is  122.270, visited node list: 45
2022-02-23 11:12:26,078 [evaluator.py    | 116] INFO: Traveling Distance of driver D_39 is  125.660, visited node list: 45
2022-02-23 11:12:26,079 [evaluator.py    | 116] INFO: Traveling Distance of driver D_40 is  128.720, visited node list: 49
2022-02-23 11:12:26,080 [evaluator.py    | 116] INFO: Traveling Distance of driver D_41 is  120.990, visited node list: 43
2022-02-23 11:12:26,081 [evaluator.py    | 116] INFO: Traveling Distance of driver D_42 is  124.460, visited node list: 49
2022-02-23 11:12:26,082 [evaluator.py    | 116] INFO: Traveling Distance of driver D_43 is  126.130, visited node list: 49
2022-02-23 11:12:26,083 [evaluator.py    | 116] INFO: Traveling Distance of driver D_44 is  120.720, visited node list: 47
2022-02-23 11:12:26,084 [evaluator.py    | 116] INFO: Traveling Distance of driver D_45 is  117.220, visited node list: 49
2022-02-23 11:12:26,084 [evaluator.py    | 116] INFO: Traveling Distance of driver D_46 is  114.730, visited node list: 49
2022-02-23 11:12:26,085 [evaluator.py    | 116] INFO: Traveling Distance of driver D_47 is  114.940, visited node list: 49
2022-02-23 11:12:26,086 [evaluator.py    | 116] INFO: Traveling Distance of driver D_48 is  115.150, visited node list: 47
2022-02-23 11:12:26,087 [evaluator.py    | 116] INFO: Traveling Distance of driver D_49 is  113.990, visited node list: 49
2022-02-23 11:12:26,088 [evaluator.py    | 116] INFO: Traveling Distance of driver D_50 is  109.140, visited node list: 48
2022-02-23 11:12:26,089 [evaluator.py    | 116] INFO: Traveling Distance of driver D_51 is  106.910, visited node list: 45
2022-02-23 11:12:26,089 [evaluator.py    | 116] INFO: Traveling Distance of driver D_52 is  114.560, visited node list: 39
2022-02-23 11:12:26,090 [evaluator.py    | 116] INFO: Traveling Distance of driver D_53 is  76.350, visited node list: 29
2022-02-23 11:12:26,091 [evaluator.py    | 116] INFO: Traveling Distance of driver D_54 is  99.340, visited node list: 35
2022-02-23 11:12:26,091 [evaluator.py    | 116] INFO: Traveling Distance of driver D_55 is  71.560, visited node list: 25
2022-02-23 11:12:26,092 [evaluator.py    | 116] INFO: Traveling Distance of driver D_56 is  101.470, visited node list: 36
2022-02-23 11:12:26,093 [evaluator.py    | 116] INFO: Traveling Distance of driver D_57 is  98.010, visited node list: 39
2022-02-23 11:12:26,094 [evaluator.py    | 116] INFO: Traveling Distance of driver D_58 is  99.820, visited node list: 43
2022-02-23 11:12:26,096 [evaluator.py    | 116] INFO: Traveling Distance of driver D_59 is  94.930, visited node list: 37
2022-02-23 11:12:26,096 [evaluator.py    | 116] INFO: Traveling Distance of driver D_60 is  103.900, visited node list: 37
2022-02-23 11:12:26,097 [evaluator.py    | 116] INFO: Traveling Distance of driver D_61 is  89.100, visited node list: 29
2022-02-23 11:12:26,098 [evaluator.py    | 116] INFO: Traveling Distance of driver D_62 is  91.290, visited node list: 33
2022-02-23 11:12:26,100 [evaluator.py    | 116] INFO: Traveling Distance of driver D_63 is  85.710, visited node list: 35
2022-02-23 11:12:26,101 [evaluator.py    | 116] INFO: Traveling Distance of driver D_64 is  84.040, visited node list: 33
2022-02-23 11:12:26,101 [evaluator.py    | 116] INFO: Traveling Distance of driver D_65 is  80.700, visited node list: 33
2022-02-23 11:12:26,102 [evaluator.py    | 116] INFO: Traveling Distance of driver D_66 is  72.720, visited node list: 29
2022-02-23 11:12:26,102 [evaluator.py    | 116] INFO: Traveling Distance of driver D_67 is  80.030, visited node list: 35
2022-02-23 11:12:26,103 [evaluator.py    | 116] INFO: Traveling Distance of driver D_68 is  82.350, visited node list: 33
2022-02-23 11:12:26,104 [evaluator.py    | 116] INFO: Traveling Distance of driver D_69 is  78.910, visited node list: 33
2022-02-23 11:12:26,104 [evaluator.py    | 116] INFO: Traveling Distance of driver D_70 is  70.580, visited node list: 27
2022-02-23 11:12:26,105 [evaluator.py    | 116] INFO: Traveling Distance of driver D_71 is  71.270, visited node list: 31
2022-02-23 11:12:26,106 [evaluator.py    | 116] INFO: Traveling Distance of driver D_72 is  71.840, visited node list: 27
2022-02-23 11:12:26,107 [evaluator.py    | 116] INFO: Traveling Distance of driver D_73 is  73.460, visited node list: 25
2022-02-23 11:12:26,108 [evaluator.py    | 116] INFO: Traveling Distance of driver D_74 is  70.400, visited node list: 29
2022-02-23 11:12:26,108 [evaluator.py    | 116] INFO: Traveling Distance of driver D_75 is  67.200, visited node list: 25
2022-02-23 11:12:26,108 [evaluator.py    | 116] INFO: Traveling Distance of driver D_76 is  62.410, visited node list: 23
2022-02-23 11:12:26,109 [evaluator.py    | 116] INFO: Traveling Distance of driver D_77 is  71.030, visited node list: 23
2022-02-23 11:12:26,110 [evaluator.py    | 116] INFO: Traveling Distance of driver D_78 is  70.120, visited node list: 27
2022-02-23 11:12:26,110 [evaluator.py    | 116] INFO: Traveling Distance of driver D_79 is  67.040, visited node list: 23
2022-02-23 11:12:26,111 [evaluator.py    | 116] INFO: Traveling Distance of driver D_80 is  66.990, visited node list: 27
2022-02-23 11:12:26,112 [evaluator.py    | 116] INFO: Traveling Distance of driver D_81 is  64.250, visited node list: 27
2022-02-23 11:12:26,113 [evaluator.py    | 116] INFO: Traveling Distance of driver D_82 is  67.820, visited node list: 27
2022-02-23 11:12:26,113 [evaluator.py    | 116] INFO: Traveling Distance of driver D_83 is  67.250, visited node list: 23
2022-02-23 11:12:26,113 [evaluator.py    | 116] INFO: Traveling Distance of driver D_84 is  65.290, visited node list: 21
2022-02-23 11:12:26,114 [evaluator.py    | 116] INFO: Traveling Distance of driver D_85 is  63.980, visited node list: 25
2022-02-23 11:12:26,114 [evaluator.py    | 116] INFO: Traveling Distance of driver D_86 is  68.840, visited node list: 27
2022-02-23 11:12:26,115 [evaluator.py    | 116] INFO: Traveling Distance of driver D_87 is  60.320, visited node list: 24
2022-02-23 11:12:26,115 [evaluator.py    | 116] INFO: Traveling Distance of driver D_88 is  56.330, visited node list: 21
2022-02-23 11:12:26,116 [evaluator.py    | 116] INFO: Traveling Distance of driver D_89 is  60.990, visited node list: 23
2022-02-23 11:12:26,117 [evaluator.py    | 116] INFO: Traveling Distance of driver D_90 is  63.300, visited node list: 23
2022-02-23 11:12:26,117 [evaluator.py    | 116] INFO: Traveling Distance of driver D_91 is  65.600, visited node list: 23
2022-02-23 11:12:26,118 [evaluator.py    | 116] INFO: Traveling Distance of driver D_92 is  64.000, visited node list: 23
2022-02-23 11:12:26,118 [evaluator.py    | 116] INFO: Traveling Distance of driver D_93 is  59.610, visited node list: 27
2022-02-23 11:12:26,118 [evaluator.py    | 116] INFO: Traveling Distance of driver D_94 is  61.680, visited node list: 21
2022-02-23 11:12:26,119 [evaluator.py    | 116] INFO: Traveling Distance of driver D_95 is  64.900, visited node list: 23
2022-02-23 11:12:26,120 [evaluator.py    | 116] INFO: Traveling Distance of driver D_96 is  63.980, visited node list: 25
2022-02-23 11:12:26,120 [evaluator.py    | 116] INFO: Traveling Distance of driver D_97 is  56.970, visited node list: 21
2022-02-23 11:12:26,120 [evaluator.py    | 116] INFO: Traveling Distance of driver D_98 is  54.490, visited node list: 27
2022-02-23 11:12:26,122 [evaluator.py    | 116] INFO: Traveling Distance of driver D_99 is  52.550, visited node list: 26
2022-02-23 11:12:26,122 [evaluator.py    | 116] INFO: Traveling Distance of driver D_100 is  63.030, visited node list: 25
2022-02-23 11:12:26,123 [evaluator.py    | 116] INFO: Traveling Distance of driver D_101 is  52.260, visited node list: 25
2022-02-23 11:12:26,123 [evaluator.py    | 116] INFO: Traveling Distance of driver D_102 is  56.540, visited node list: 20
2022-02-23 11:12:26,124 [evaluator.py    | 116] INFO: Traveling Distance of driver D_103 is  53.710, visited node list: 23
2022-02-23 11:12:26,124 [evaluator.py    | 116] INFO: Traveling Distance of driver D_104 is  64.010, visited node list: 21
2022-02-23 11:12:26,125 [evaluator.py    | 116] INFO: Traveling Distance of driver D_105 is  54.410, visited node list: 23
2022-02-23 11:12:26,125 [evaluator.py    | 116] INFO: Traveling Distance of driver D_106 is  52.260, visited node list: 18
2022-02-23 11:12:26,125 [evaluator.py    | 116] INFO: Traveling Distance of driver D_107 is  44.210, visited node list: 14
2022-02-23 11:12:26,126 [evaluator.py    | 116] INFO: Traveling Distance of driver D_108 is  48.610, visited node list: 18
2022-02-23 11:12:26,126 [evaluator.py    | 116] INFO: Traveling Distance of driver D_109 is  46.960, visited node list: 20
2022-02-23 11:12:26,127 [evaluator.py    | 116] INFO: Traveling Distance of driver D_110 is  55.270, visited node list: 21
2022-02-23 11:12:26,127 [evaluator.py    | 116] INFO: Traveling Distance of driver D_111 is  52.160, visited node list: 21
2022-02-23 11:12:26,128 [evaluator.py    | 116] INFO: Traveling Distance of driver D_112 is  48.330, visited node list: 24
2022-02-23 11:12:26,129 [evaluator.py    | 116] INFO: Traveling Distance of driver D_113 is  48.040, visited node list: 19
2022-02-23 11:12:26,129 [evaluator.py    | 116] INFO: Traveling Distance of driver D_114 is  55.530, visited node list: 22
2022-02-23 11:12:26,130 [evaluator.py    | 116] INFO: Traveling Distance of driver D_115 is  53.620, visited node list: 18
2022-02-23 11:12:26,130 [evaluator.py    | 18] INFO: Total distance:  10494.150
2022-02-23 11:12:26,366 [evaluator.py    | 22] INFO: Sum over time:  1375.000
2022-02-23 11:12:26,367 [evaluator.py    | 26] INFO: Total score:  3910.698
2022-02-23 11:12:26,735 [main.py         | 43] INFO: Score of instance_76: 3910.697922705314
