2022-02-23 03:09:11,148 [main.py         | 38] INFO: Start to run /Users/yangjingfeng/Library/CloudStorage/OneDrive-Personal/Public/PhD Study/Papers/Food_Delivery/Code/Food_delivery_simulator/Benchmark/Instance_medium: instance_40
2022-02-23 03:09:11,150 [simulator_api.py | 43] INFO: Start time of the simulator: 2022-02-23 09:00:00, time interval:  600.00
2022-02-23 03:09:12,531 [input_utils.py  | 35] INFO: Get 3052 locations
2022-02-23 03:09:12,565 [input_utils.py  | 39] INFO: Get 115 drivers
2022-02-23 03:09:13,715 [input_utils.py  | 43] INFO: Get 1700 orders
2022-02-23 03:09:13,717 [simulator_api.py | 75] INFO: Initial position of D_1 is 371 Beach Rd, Singapore 199597, Singapore
2022-02-23 03:09:13,717 [simulator_api.py | 75] INFO: Initial position of D_2 is Bukit Merah View Market & Hawker Centre
2022-02-23 03:09:13,718 [simulator_api.py | 75] INFO: Initial position of D_3 is 417 River Valley Rd, Singapore 248316, Singapore
2022-02-23 03:09:13,718 [simulator_api.py | 75] INFO: Initial position of D_4 is 54 South Bridge Rd, Singapore 058685, Singapore
2022-02-23 03:09:13,719 [simulator_api.py | 75] INFO: Initial position of D_5 is Bukit Merah View Market & Hawker Centre
2022-02-23 03:09:13,719 [simulator_api.py | 75] INFO: Initial position of D_6 is Maxwell Food Centre
2022-02-23 03:09:13,719 [simulator_api.py | 75] INFO: Initial position of D_7 is Alexandra Village Food Centre
2022-02-23 03:09:13,719 [simulator_api.py | 75] INFO: Initial position of D_8 is Golden Mile Food Centre
2022-02-23 03:09:13,720 [simulator_api.py | 75] INFO: Initial position of D_9 is Amoy Street Food Centre
2022-02-23 03:09:13,720 [simulator_api.py | 75] INFO: Initial position of D_10 is Bukit Merah View Market & Hawker Centre
2022-02-23 03:09:13,720 [simulator_api.py | 75] INFO: Initial position of D_11 is 54 South Bridge Rd, Singapore 058685, Singapore
2022-02-23 03:09:13,721 [simulator_api.py | 75] INFO: Initial position of D_12 is 417 River Valley Rd, Singapore 248316, Singapore
2022-02-23 03:09:13,721 [simulator_api.py | 75] INFO: Initial position of D_13 is 371 Beach Rd, Singapore 199597, Singapore
2022-02-23 03:09:13,721 [simulator_api.py | 75] INFO: Initial position of D_14 is Alexandra Village Food Centre
2022-02-23 03:09:13,721 [simulator_api.py | 75] INFO: Initial position of D_15 is Amoy Street Food Centre
2022-02-23 03:09:13,721 [simulator_api.py | 75] INFO: Initial position of D_16 is Tiong Bahru Market
2022-02-23 03:09:13,722 [simulator_api.py | 75] INFO: Initial position of D_17 is 66 Kg Bugis, Singapore 338987, Singapore
2022-02-23 03:09:13,722 [simulator_api.py | 75] INFO: Initial position of D_18 is 54 South Bridge Rd, Singapore 058685, Singapore
2022-02-23 03:09:13,722 [simulator_api.py | 75] INFO: Initial position of D_19 is 54 South Bridge Rd, Singapore 058685, Singapore
2022-02-23 03:09:13,722 [simulator_api.py | 75] INFO: Initial position of D_20 is 37 Cuppage Rd, Singapore 229460, Singapore
2022-02-23 03:09:13,723 [simulator_api.py | 75] INFO: Initial position of D_21 is Golden Mile Food Centre
2022-02-23 03:09:13,723 [simulator_api.py | 75] INFO: Initial position of D_22 is Old Airport Road Food Centre
2022-02-23 03:09:13,724 [simulator_api.py | 75] INFO: Initial position of D_23 is Alexandra Village Food Centre
2022-02-23 03:09:13,724 [simulator_api.py | 75] INFO: Initial position of D_24 is Old Airport Road Food Centre
2022-02-23 03:09:13,724 [simulator_api.py | 75] INFO: Initial position of D_25 is 417 River Valley Rd, Singapore 248316, Singapore
2022-02-23 03:09:13,726 [simulator_api.py | 75] INFO: Initial position of D_26 is Hong Lim Food Centre
2022-02-23 03:09:13,726 [simulator_api.py | 75] INFO: Initial position of D_27 is 66 Kg Bugis, Singapore 338987, Singapore
2022-02-23 03:09:13,726 [simulator_api.py | 75] INFO: Initial position of D_28 is 417 River Valley Rd, Singapore 248316, Singapore
2022-02-23 03:09:13,726 [simulator_api.py | 75] INFO: Initial position of D_29 is Alexandra Village Food Centre
2022-02-23 03:09:13,726 [simulator_api.py | 75] INFO: Initial position of D_30 is 54 South Bridge Rd, Singapore 058685, Singapore
2022-02-23 03:09:13,726 [simulator_api.py | 75] INFO: Initial position of D_31 is Golden Mile Food Centre
2022-02-23 03:09:13,726 [simulator_api.py | 75] INFO: Initial position of D_32 is 36 Boat Quay, Singapore 049825, Singapore
2022-02-23 03:09:13,726 [simulator_api.py | 75] INFO: Initial position of D_33 is 417 River Valley Rd, Singapore 248316, Singapore
2022-02-23 03:09:13,726 [simulator_api.py | 75] INFO: Initial position of D_34 is 66 Kg Bugis, Singapore 338987, Singapore
2022-02-23 03:09:13,727 [simulator_api.py | 75] INFO: Initial position of D_35 is 54 South Bridge Rd, Singapore 058685, Singapore
2022-02-23 03:09:13,727 [simulator_api.py | 75] INFO: Initial position of D_36 is Old Airport Road Food Centre
2022-02-23 03:09:13,727 [simulator_api.py | 75] INFO: Initial position of D_37 is Alexandra Village Food Centre
2022-02-23 03:09:13,727 [simulator_api.py | 75] INFO: Initial position of D_38 is Hong Lim Food Centre
2022-02-23 03:09:13,727 [simulator_api.py | 75] INFO: Initial position of D_39 is 36 Boat Quay, Singapore 049825, Singapore
2022-02-23 03:09:13,727 [simulator_api.py | 75] INFO: Initial position of D_40 is Hong Lim Food Centre
2022-02-23 03:09:13,728 [simulator_api.py | 75] INFO: Initial position of D_41 is 54 South Bridge Rd, Singapore 058685, Singapore
2022-02-23 03:09:13,728 [simulator_api.py | 75] INFO: Initial position of D_42 is 371 Beach Rd, Singapore 199597, Singapore
2022-02-23 03:09:13,728 [simulator_api.py | 75] INFO: Initial position of D_43 is Zion Riverside Food Centre
2022-02-23 03:09:13,728 [simulator_api.py | 75] INFO: Initial position of D_44 is Tiong Bahru Market
2022-02-23 03:09:13,728 [simulator_api.py | 75] INFO: Initial position of D_45 is Amoy Street Food Centre
2022-02-23 03:09:13,728 [simulator_api.py | 75] INFO: Initial position of D_46 is Golden Mile Food Centre
2022-02-23 03:09:13,728 [simulator_api.py | 75] INFO: Initial position of D_47 is Hong Lim Food Centre
2022-02-23 03:09:13,728 [simulator_api.py | 75] INFO: Initial position of D_48 is Tiong Bahru Market
2022-02-23 03:09:13,728 [simulator_api.py | 75] INFO: Initial position of D_49 is Bukit Merah View Market & Hawker Centre
2022-02-23 03:09:13,729 [simulator_api.py | 75] INFO: Initial position of D_50 is Tiong Bahru Market
2022-02-23 03:09:13,729 [simulator_api.py | 75] INFO: Initial position of D_51 is 66 Kg Bugis, Singapore 338987, Singapore
2022-02-23 03:09:13,729 [simulator_api.py | 75] INFO: Initial position of D_52 is Zion Riverside Food Centre
2022-02-23 03:09:13,729 [simulator_api.py | 75] INFO: Initial position of D_53 is 54 South Bridge Rd, Singapore 058685, Singapore
2022-02-23 03:09:13,729 [simulator_api.py | 75] INFO: Initial position of D_54 is 37 Cuppage Rd, Singapore 229460, Singapore
2022-02-23 03:09:13,729 [simulator_api.py | 75] INFO: Initial position of D_55 is Golden Mile Food Centre
2022-02-23 03:09:13,729 [simulator_api.py | 75] INFO: Initial position of D_56 is Amoy Street Food Centre
2022-02-23 03:09:13,731 [simulator_api.py | 75] INFO: Initial position of D_57 is Amoy Street Food Centre
2022-02-23 03:09:13,731 [simulator_api.py | 75] INFO: Initial position of D_58 is 371 Beach Rd, Singapore 199597, Singapore
2022-02-23 03:09:13,731 [simulator_api.py | 75] INFO: Initial position of D_59 is Golden Mile Food Centre
2022-02-23 03:09:13,731 [simulator_api.py | 75] INFO: Initial position of D_60 is Alexandra Village Food Centre
2022-02-23 03:09:13,731 [simulator_api.py | 75] INFO: Initial position of D_61 is Maxwell Food Centre
2022-02-23 03:09:13,731 [simulator_api.py | 75] INFO: Initial position of D_62 is 417 River Valley Rd, Singapore 248316, Singapore
2022-02-23 03:09:13,731 [simulator_api.py | 75] INFO: Initial position of D_63 is 54 South Bridge Rd, Singapore 058685, Singapore
2022-02-23 03:09:13,731 [simulator_api.py | 75] INFO: Initial position of D_64 is Golden Mile Food Centre
2022-02-23 03:09:13,732 [simulator_api.py | 75] INFO: Initial position of D_65 is 54 South Bridge Rd, Singapore 058685, Singapore
2022-02-23 03:09:13,734 [simulator_api.py | 75] INFO: Initial position of D_66 is Maxwell Food Centre
2022-02-23 03:09:13,735 [simulator_api.py | 75] INFO: Initial position of D_67 is Hong Lim Food Centre
2022-02-23 03:09:13,735 [simulator_api.py | 75] INFO: Initial position of D_68 is 36 Boat Quay, Singapore 049825, Singapore
2022-02-23 03:09:13,735 [simulator_api.py | 75] INFO: Initial position of D_69 is 371 Beach Rd, Singapore 199597, Singapore
2022-02-23 03:09:13,736 [simulator_api.py | 75] INFO: Initial position of D_70 is Bukit Merah View Market & Hawker Centre
2022-02-23 03:09:13,736 [simulator_api.py | 75] INFO: Initial position of D_71 is 36 Boat Quay, Singapore 049825, Singapore
2022-02-23 03:09:13,736 [simulator_api.py | 75] INFO: Initial position of D_72 is 371 Beach Rd, Singapore 199597, Singapore
2022-02-23 03:09:13,738 [simulator_api.py | 75] INFO: Initial position of D_73 is 417 River Valley Rd, Singapore 248316, Singapore
2022-02-23 03:09:13,739 [simulator_api.py | 75] INFO: Initial position of D_74 is Zion Riverside Food Centre
2022-02-23 03:09:13,739 [simulator_api.py | 75] INFO: Initial position of D_75 is Zion Riverside Food Centre
2022-02-23 03:09:13,742 [simulator_api.py | 75] INFO: Initial position of D_76 is Maxwell Food Centre
2022-02-23 03:09:13,742 [simulator_api.py | 75] INFO: Initial position of D_77 is 66 Kg Bugis, Singapore 338987, Singapore
2022-02-23 03:09:13,743 [simulator_api.py | 75] INFO: Initial position of D_78 is Amoy Street Food Centre
2022-02-23 03:09:13,743 [simulator_api.py | 75] INFO: Initial position of D_79 is 371 Beach Rd, Singapore 199597, Singapore
2022-02-23 03:09:13,743 [simulator_api.py | 75] INFO: Initial position of D_80 is 371 Beach Rd, Singapore 199597, Singapore
2022-02-23 03:09:13,743 [simulator_api.py | 75] INFO: Initial position of D_81 is Tiong Bahru Market
2022-02-23 03:09:13,744 [simulator_api.py | 75] INFO: Initial position of D_82 is 37 Cuppage Rd, Singapore 229460, Singapore
2022-02-23 03:09:13,744 [simulator_api.py | 75] INFO: Initial position of D_83 is 36 Boat Quay, Singapore 049825, Singapore
2022-02-23 03:09:13,744 [simulator_api.py | 75] INFO: Initial position of D_84 is Tiong Bahru Market
2022-02-23 03:09:13,744 [simulator_api.py | 75] INFO: Initial position of D_85 is 36 Boat Quay, Singapore 049825, Singapore
2022-02-23 03:09:13,745 [simulator_api.py | 75] INFO: Initial position of D_86 is 371 Beach Rd, Singapore 199597, Singapore
2022-02-23 03:09:13,745 [simulator_api.py | 75] INFO: Initial position of D_87 is Hong Lim Food Centre
2022-02-23 03:09:13,745 [simulator_api.py | 75] INFO: Initial position of D_88 is 37 Cuppage Rd, Singapore 229460, Singapore
2022-02-23 03:09:13,746 [simulator_api.py | 75] INFO: Initial position of D_89 is 54 South Bridge Rd, Singapore 058685, Singapore
2022-02-23 03:09:13,747 [simulator_api.py | 75] INFO: Initial position of D_90 is 66 Kg Bugis, Singapore 338987, Singapore
2022-02-23 03:09:13,747 [simulator_api.py | 75] INFO: Initial position of D_91 is 37 Cuppage Rd, Singapore 229460, Singapore
2022-02-23 03:09:13,747 [simulator_api.py | 75] INFO: Initial position of D_92 is 37 Cuppage Rd, Singapore 229460, Singapore
2022-02-23 03:09:13,747 [simulator_api.py | 75] INFO: Initial position of D_93 is 417 River Valley Rd, Singapore 248316, Singapore
2022-02-23 03:09:13,747 [simulator_api.py | 75] INFO: Initial position of D_94 is Old Airport Road Food Centre
2022-02-23 03:09:13,747 [simulator_api.py | 75] INFO: Initial position of D_95 is 417 River Valley Rd, Singapore 248316, Singapore
2022-02-23 03:09:13,747 [simulator_api.py | 75] INFO: Initial position of D_96 is Golden Mile Food Centre
2022-02-23 03:09:13,747 [simulator_api.py | 75] INFO: Initial position of D_97 is Amoy Street Food Centre
2022-02-23 03:09:13,748 [simulator_api.py | 75] INFO: Initial position of D_98 is Hong Lim Food Centre
2022-02-23 03:09:13,749 [simulator_api.py | 75] INFO: Initial position of D_99 is Hong Lim Food Centre
2022-02-23 03:09:13,750 [simulator_api.py | 75] INFO: Initial position of D_100 is Tiong Bahru Market
2022-02-23 03:09:13,751 [simulator_api.py | 75] INFO: Initial position of D_101 is 54 South Bridge Rd, Singapore 058685, Singapore
2022-02-23 03:09:13,752 [simulator_api.py | 75] INFO: Initial position of D_102 is Golden Mile Food Centre
2022-02-23 03:09:13,753 [simulator_api.py | 75] INFO: Initial position of D_103 is 54 South Bridge Rd, Singapore 058685, Singapore
2022-02-23 03:09:13,753 [simulator_api.py | 75] INFO: Initial position of D_104 is Amoy Street Food Centre
2022-02-23 03:09:13,754 [simulator_api.py | 75] INFO: Initial position of D_105 is Hong Lim Food Centre
2022-02-23 03:09:13,754 [simulator_api.py | 75] INFO: Initial position of D_106 is Alexandra Village Food Centre
2022-02-23 03:09:13,757 [simulator_api.py | 75] INFO: Initial position of D_107 is Golden Mile Food Centre
2022-02-23 03:09:13,757 [simulator_api.py | 75] INFO: Initial position of D_108 is Alexandra Village Food Centre
2022-02-23 03:09:13,757 [simulator_api.py | 75] INFO: Initial position of D_109 is 36 Boat Quay, Singapore 049825, Singapore
2022-02-23 03:09:13,758 [simulator_api.py | 75] INFO: Initial position of D_110 is Hong Lim Food Centre
2022-02-23 03:09:13,758 [simulator_api.py | 75] INFO: Initial position of D_111 is Golden Mile Food Centre
2022-02-23 03:09:13,758 [simulator_api.py | 75] INFO: Initial position of D_112 is Tiong Bahru Market
2022-02-23 03:09:13,758 [simulator_api.py | 75] INFO: Initial position of D_113 is 371 Beach Rd, Singapore 199597, Singapore
2022-02-23 03:09:13,758 [simulator_api.py | 75] INFO: Initial position of D_114 is 54 South Bridge Rd, Singapore 058685, Singapore
2022-02-23 03:09:13,759 [simulator_api.py | 75] INFO: Initial position of D_115 is Golden Mile Food Centre
2022-02-23 03:09:13,848 [simulator_env.py | 87] INFO: **************************************************
2022-02-23 03:09:13,848 [simulator_env.py | 91] INFO: cur time: 2022-02-23 09:10:00, pre time: 2022-02-23 09:00:00
2022-02-23 03:09:13,852 [simulator_env.py | 147] INFO: Start to update the input of 2022-02-23 09:10:00
2022-02-23 03:09:13,867 [simulator_env.py | 175] INFO: Get 49 unallocated orders, 0 ongoing orders, 0 completed orders.
2022-02-23 03:09:22,120 [simulator_env.py | 100] INFO: Finish the dispatch.
2022-02-23 03:09:22,125 [simulator_env.py | 278] INFO: 2022-02-23 09:10:00, Order 09001500000: state = 1 < 2, we can not finish the simulation
2022-02-23 03:09:22,127 [simulator_env.py | 87] INFO: **************************************************
2022-02-23 03:09:22,127 [simulator_env.py | 91] INFO: cur time: 2022-02-23 09:20:00, pre time: 2022-02-23 09:10:00
2022-02-23 03:09:22,127 [simulator_env.py | 147] INFO: Start to update the input of 2022-02-23 09:20:00
2022-02-23 03:09:22,149 [simulator_env.py | 175] INFO: Get 42 unallocated orders, 24 ongoing orders, 25 completed orders.
2022-02-23 03:09:30,916 [simulator_env.py | 100] INFO: Finish the dispatch.
2022-02-23 03:09:30,929 [simulator_env.py | 278] INFO: 2022-02-23 09:20:00, Order 09100200049: state = 1 < 2, we can not finish the simulation
2022-02-23 03:09:30,933 [simulator_env.py | 87] INFO: **************************************************
2022-02-23 03:09:30,934 [simulator_env.py | 91] INFO: cur time: 2022-02-23 09:30:00, pre time: 2022-02-23 09:20:00
2022-02-23 03:09:30,936 [simulator_env.py | 147] INFO: Start to update the input of 2022-02-23 09:30:00
2022-02-23 03:09:30,990 [simulator_env.py | 175] INFO: Get 53 unallocated orders, 26 ongoing orders, 64 completed orders.
2022-02-23 03:09:40,917 [simulator_env.py | 100] INFO: Finish the dispatch.
2022-02-23 03:09:40,927 [simulator_env.py | 278] INFO: 2022-02-23 09:30:00, Order 09165400078: state = 1 < 2, we can not finish the simulation
2022-02-23 03:09:40,932 [simulator_env.py | 87] INFO: **************************************************
2022-02-23 03:09:40,932 [simulator_env.py | 91] INFO: cur time: 2022-02-23 09:40:00, pre time: 2022-02-23 09:30:00
2022-02-23 03:09:40,933 [simulator_env.py | 147] INFO: Start to update the input of 2022-02-23 09:40:00
2022-02-23 03:09:40,985 [simulator_env.py | 175] INFO: Get 58 unallocated orders, 36 ongoing orders, 106 completed orders.
2022-02-23 03:09:49,822 [simulator_env.py | 100] INFO: Finish the dispatch.
2022-02-23 03:09:49,834 [simulator_env.py | 278] INFO: 2022-02-23 09:40:00, Order 09244200116: state = 1 < 2, we can not finish the simulation
2022-02-23 03:09:49,837 [simulator_env.py | 87] INFO: **************************************************
2022-02-23 03:09:49,838 [simulator_env.py | 91] INFO: cur time: 2022-02-23 09:50:00, pre time: 2022-02-23 09:40:00
2022-02-23 03:09:49,838 [simulator_env.py | 147] INFO: Start to update the input of 2022-02-23 09:50:00
2022-02-23 03:09:49,899 [simulator_env.py | 175] INFO: Get 64 unallocated orders, 44 ongoing orders, 156 completed orders.
2022-02-23 03:09:58,784 [simulator_env.py | 100] INFO: Finish the dispatch.
2022-02-23 03:09:58,792 [simulator_env.py | 278] INFO: 2022-02-23 09:50:00, Order 09400700200: state = 1 < 2, we can not finish the simulation
2022-02-23 03:09:58,798 [simulator_env.py | 87] INFO: **************************************************
2022-02-23 03:09:58,799 [simulator_env.py | 91] INFO: cur time: 2022-02-23 10:00:00, pre time: 2022-02-23 09:50:00
2022-02-23 03:09:58,799 [simulator_env.py | 147] INFO: Start to update the input of 2022-02-23 10:00:00
2022-02-23 03:09:58,866 [simulator_env.py | 175] INFO: Get 80 unallocated orders, 41 ongoing orders, 223 completed orders.
2022-02-23 03:10:12,565 [simulator_env.py | 100] INFO: Finish the dispatch.
2022-02-23 03:10:12,583 [simulator_env.py | 278] INFO: 2022-02-23 10:00:00, Order 09501300264: state = 1 < 2, we can not finish the simulation
2022-02-23 03:10:12,591 [simulator_env.py | 87] INFO: **************************************************
2022-02-23 03:10:12,592 [simulator_env.py | 91] INFO: cur time: 2022-02-23 10:10:00, pre time: 2022-02-23 10:00:00
2022-02-23 03:10:12,595 [simulator_env.py | 147] INFO: Start to update the input of 2022-02-23 10:10:00
2022-02-23 03:10:12,671 [simulator_env.py | 175] INFO: Get 77 unallocated orders, 53 ongoing orders, 287 completed orders.
2022-02-23 03:10:22,238 [simulator_env.py | 100] INFO: Finish the dispatch.
2022-02-23 03:10:22,256 [simulator_env.py | 278] INFO: 2022-02-23 10:10:00, Order 09503100267: state = 1 < 2, we can not finish the simulation
2022-02-23 03:10:22,266 [simulator_env.py | 87] INFO: **************************************************
2022-02-23 03:10:22,269 [simulator_env.py | 91] INFO: cur time: 2022-02-23 10:20:00, pre time: 2022-02-23 10:10:00
2022-02-23 03:10:22,270 [simulator_env.py | 147] INFO: Start to update the input of 2022-02-23 10:20:00
2022-02-23 03:10:22,389 [simulator_env.py | 175] INFO: Get 71 unallocated orders, 42 ongoing orders, 367 completed orders.
2022-02-23 03:10:33,731 [simulator_env.py | 100] INFO: Finish the dispatch.
2022-02-23 03:10:33,745 [simulator_env.py | 278] INFO: 2022-02-23 10:20:00, Order 10080100401: state = 1 < 2, we can not finish the simulation
2022-02-23 03:10:33,750 [simulator_env.py | 87] INFO: **************************************************
2022-02-23 03:10:33,751 [simulator_env.py | 91] INFO: cur time: 2022-02-23 10:30:00, pre time: 2022-02-23 10:20:00
2022-02-23 03:10:33,751 [simulator_env.py | 147] INFO: Start to update the input of 2022-02-23 10:30:00
2022-02-23 03:10:33,842 [simulator_env.py | 175] INFO: Get 58 unallocated orders, 46 ongoing orders, 434 completed orders.
2022-02-23 03:10:42,095 [simulator_env.py | 100] INFO: Finish the dispatch.
2022-02-23 03:10:42,111 [simulator_env.py | 278] INFO: 2022-02-23 10:30:00, Order 10200500480: state = 1 < 2, we can not finish the simulation
2022-02-23 03:10:42,119 [simulator_env.py | 87] INFO: **************************************************
2022-02-23 03:10:42,122 [simulator_env.py | 91] INFO: cur time: 2022-02-23 10:40:00, pre time: 2022-02-23 10:30:00
2022-02-23 03:10:42,123 [simulator_env.py | 147] INFO: Start to update the input of 2022-02-23 10:40:00
2022-02-23 03:10:42,194 [simulator_env.py | 175] INFO: Get 75 unallocated orders, 38 ongoing orders, 500 completed orders.
2022-02-23 03:10:49,854 [simulator_env.py | 100] INFO: Finish the dispatch.
2022-02-23 03:10:49,862 [simulator_env.py | 278] INFO: 2022-02-23 10:40:00, Order 10301800538: state = 1 < 2, we can not finish the simulation
2022-02-23 03:10:49,865 [simulator_env.py | 87] INFO: **************************************************
2022-02-23 03:10:49,865 [simulator_env.py | 91] INFO: cur time: 2022-02-23 10:50:00, pre time: 2022-02-23 10:40:00
2022-02-23 03:10:49,865 [simulator_env.py | 147] INFO: Start to update the input of 2022-02-23 10:50:00
2022-02-23 03:10:49,914 [simulator_env.py | 175] INFO: Get 84 unallocated orders, 48 ongoing orders, 561 completed orders.
2022-02-23 03:10:57,538 [simulator_env.py | 100] INFO: Finish the dispatch.
2022-02-23 03:10:57,549 [simulator_env.py | 278] INFO: 2022-02-23 10:50:00, Order 10382300601: state = 1 < 2, we can not finish the simulation
2022-02-23 03:10:57,559 [simulator_env.py | 87] INFO: **************************************************
2022-02-23 03:10:57,560 [simulator_env.py | 91] INFO: cur time: 2022-02-23 11:00:00, pre time: 2022-02-23 10:50:00
2022-02-23 03:10:57,561 [simulator_env.py | 147] INFO: Start to update the input of 2022-02-23 11:00:00
2022-02-23 03:10:57,641 [simulator_env.py | 175] INFO: Get 89 unallocated orders, 56 ongoing orders, 628 completed orders.
2022-02-23 03:11:05,619 [simulator_env.py | 100] INFO: Finish the dispatch.
2022-02-23 03:11:05,637 [simulator_env.py | 278] INFO: 2022-02-23 11:00:00, Order 10480500672: state = 1 < 2, we can not finish the simulation
2022-02-23 03:11:05,644 [simulator_env.py | 87] INFO: **************************************************
2022-02-23 03:11:05,644 [simulator_env.py | 91] INFO: cur time: 2022-02-23 11:10:00, pre time: 2022-02-23 11:00:00
2022-02-23 03:11:05,644 [simulator_env.py | 147] INFO: Start to update the input of 2022-02-23 11:10:00
2022-02-23 03:11:05,709 [simulator_env.py | 175] INFO: Get 89 unallocated orders, 48 ongoing orders, 707 completed orders.
2022-02-23 03:11:15,653 [simulator_env.py | 100] INFO: Finish the dispatch.
2022-02-23 03:11:15,670 [simulator_env.py | 278] INFO: 2022-02-23 11:10:00, Order 10561400742: state = 1 < 2, we can not finish the simulation
2022-02-23 03:11:15,679 [simulator_env.py | 87] INFO: **************************************************
2022-02-23 03:11:15,679 [simulator_env.py | 91] INFO: cur time: 2022-02-23 11:20:00, pre time: 2022-02-23 11:10:00
2022-02-23 03:11:15,680 [simulator_env.py | 147] INFO: Start to update the input of 2022-02-23 11:20:00
2022-02-23 03:11:15,839 [simulator_env.py | 175] INFO: Get 77 unallocated orders, 54 ongoing orders, 780 completed orders.
2022-02-23 03:11:26,320 [simulator_env.py | 100] INFO: Finish the dispatch.
2022-02-23 03:11:26,336 [simulator_env.py | 278] INFO: 2022-02-23 11:20:00, Order 11064800822: state = 1 < 2, we can not finish the simulation
2022-02-23 03:11:26,342 [simulator_env.py | 87] INFO: **************************************************
2022-02-23 03:11:26,343 [simulator_env.py | 91] INFO: cur time: 2022-02-23 11:30:00, pre time: 2022-02-23 11:20:00
2022-02-23 03:11:26,344 [simulator_env.py | 147] INFO: Start to update the input of 2022-02-23 11:30:00
2022-02-23 03:11:26,423 [simulator_env.py | 175] INFO: Get 79 unallocated orders, 40 ongoing orders, 860 completed orders.
2022-02-23 03:11:36,567 [simulator_env.py | 100] INFO: Finish the dispatch.
2022-02-23 03:11:36,588 [simulator_env.py | 278] INFO: 2022-02-23 11:30:00, Order 11164600893: state = 1 < 2, we can not finish the simulation
2022-02-23 03:11:36,593 [simulator_env.py | 87] INFO: **************************************************
2022-02-23 03:11:36,593 [simulator_env.py | 91] INFO: cur time: 2022-02-23 11:40:00, pre time: 2022-02-23 11:30:00
2022-02-23 03:11:36,594 [simulator_env.py | 147] INFO: Start to update the input of 2022-02-23 11:40:00
2022-02-23 03:11:36,674 [simulator_env.py | 175] INFO: Get 65 unallocated orders, 47 ongoing orders, 930 completed orders.
2022-02-23 03:11:46,640 [simulator_env.py | 100] INFO: Finish the dispatch.
2022-02-23 03:11:46,656 [simulator_env.py | 278] INFO: 2022-02-23 11:40:00, Order 11234800933: state = 1 < 2, we can not finish the simulation
2022-02-23 03:11:46,669 [simulator_env.py | 87] INFO: **************************************************
2022-02-23 03:11:46,670 [simulator_env.py | 91] INFO: cur time: 2022-02-23 11:50:00, pre time: 2022-02-23 11:40:00
2022-02-23 03:11:46,670 [simulator_env.py | 147] INFO: Start to update the input of 2022-02-23 11:50:00
2022-02-23 03:11:46,723 [simulator_env.py | 175] INFO: Get 71 unallocated orders, 43 ongoing orders, 998 completed orders.
2022-02-23 03:11:55,516 [simulator_env.py | 100] INFO: Finish the dispatch.
2022-02-23 03:11:55,528 [simulator_env.py | 278] INFO: 2022-02-23 11:50:00, Order 11333201003: state = 1 < 2, we can not finish the simulation
2022-02-23 03:11:55,535 [simulator_env.py | 87] INFO: **************************************************
2022-02-23 03:11:55,535 [simulator_env.py | 91] INFO: cur time: 2022-02-23 12:00:00, pre time: 2022-02-23 11:50:00
2022-02-23 03:11:55,536 [simulator_env.py | 147] INFO: Start to update the input of 2022-02-23 12:00:00
2022-02-23 03:11:55,605 [simulator_env.py | 175] INFO: Get 58 unallocated orders, 35 ongoing orders, 1076 completed orders.
2022-02-23 03:12:05,665 [simulator_env.py | 100] INFO: Finish the dispatch.
2022-02-23 03:12:05,675 [simulator_env.py | 278] INFO: 2022-02-23 12:00:00, Order 11490601100: state = 1 < 2, we can not finish the simulation
2022-02-23 03:12:05,678 [simulator_env.py | 87] INFO: **************************************************
2022-02-23 03:12:05,679 [simulator_env.py | 91] INFO: cur time: 2022-02-23 12:10:00, pre time: 2022-02-23 12:00:00
2022-02-23 03:12:05,679 [simulator_env.py | 147] INFO: Start to update the input of 2022-02-23 12:10:00
2022-02-23 03:12:05,777 [simulator_env.py | 175] INFO: Get 31 unallocated orders, 39 ongoing orders, 1130 completed orders.
2022-02-23 03:12:15,778 [simulator_env.py | 100] INFO: Finish the dispatch.
2022-02-23 03:12:15,790 [simulator_env.py | 278] INFO: 2022-02-23 12:10:00, Order 12003401169: state = 1 < 2, we can not finish the simulation
2022-02-23 03:12:15,793 [simulator_env.py | 87] INFO: **************************************************
2022-02-23 03:12:15,793 [simulator_env.py | 91] INFO: cur time: 2022-02-23 12:20:00, pre time: 2022-02-23 12:10:00
2022-02-23 03:12:15,793 [simulator_env.py | 147] INFO: Start to update the input of 2022-02-23 12:20:00
2022-02-23 03:12:15,841 [simulator_env.py | 175] INFO: Get 43 unallocated orders, 13 ongoing orders, 1187 completed orders.
2022-02-23 03:12:23,935 [simulator_env.py | 100] INFO: Finish the dispatch.
2022-02-23 03:12:23,943 [simulator_env.py | 278] INFO: 2022-02-23 12:20:00, Order 12100201200: state = 1 < 2, we can not finish the simulation
2022-02-23 03:12:23,945 [simulator_env.py | 87] INFO: **************************************************
2022-02-23 03:12:23,945 [simulator_env.py | 91] INFO: cur time: 2022-02-23 12:30:00, pre time: 2022-02-23 12:20:00
2022-02-23 03:12:23,946 [simulator_env.py | 147] INFO: Start to update the input of 2022-02-23 12:30:00
2022-02-23 03:12:23,995 [simulator_env.py | 175] INFO: Get 41 unallocated orders, 24 ongoing orders, 1219 completed orders.
2022-02-23 03:12:32,300 [simulator_env.py | 100] INFO: Finish the dispatch.
2022-02-23 03:12:32,311 [simulator_env.py | 278] INFO: 2022-02-23 12:30:00, Order 12201101243: state = 1 < 2, we can not finish the simulation
2022-02-23 03:12:32,313 [simulator_env.py | 87] INFO: **************************************************
2022-02-23 03:12:32,313 [simulator_env.py | 91] INFO: cur time: 2022-02-23 12:40:00, pre time: 2022-02-23 12:30:00
2022-02-23 03:12:32,313 [simulator_env.py | 147] INFO: Start to update the input of 2022-02-23 12:40:00
2022-02-23 03:12:32,351 [simulator_env.py | 175] INFO: Get 38 unallocated orders, 23 ongoing orders, 1260 completed orders.
2022-02-23 03:12:40,959 [simulator_env.py | 100] INFO: Finish the dispatch.
2022-02-23 03:12:40,967 [simulator_env.py | 278] INFO: 2022-02-23 12:40:00, Order 12222201252: state = 1 < 2, we can not finish the simulation
2022-02-23 03:12:40,971 [simulator_env.py | 87] INFO: **************************************************
2022-02-23 03:12:40,973 [simulator_env.py | 91] INFO: cur time: 2022-02-23 12:50:00, pre time: 2022-02-23 12:40:00
2022-02-23 03:12:40,976 [simulator_env.py | 147] INFO: Start to update the input of 2022-02-23 12:50:00
2022-02-23 03:12:41,025 [simulator_env.py | 175] INFO: Get 33 unallocated orders, 25 ongoing orders, 1296 completed orders.
2022-02-23 03:12:51,335 [simulator_env.py | 100] INFO: Finish the dispatch.
2022-02-23 03:12:51,349 [simulator_env.py | 278] INFO: 2022-02-23 12:50:00, Order 12402001321: state = 1 < 2, we can not finish the simulation
2022-02-23 03:12:51,352 [simulator_env.py | 87] INFO: **************************************************
2022-02-23 03:12:51,353 [simulator_env.py | 91] INFO: cur time: 2022-02-23 13:00:00, pre time: 2022-02-23 12:50:00
2022-02-23 03:12:51,353 [simulator_env.py | 147] INFO: Start to update the input of 2022-02-23 13:00:00
2022-02-23 03:12:51,413 [simulator_env.py | 175] INFO: Get 35 unallocated orders, 19 ongoing orders, 1335 completed orders.
2022-02-23 03:13:06,175 [simulator_env.py | 100] INFO: Finish the dispatch.
2022-02-23 03:13:06,185 [simulator_env.py | 278] INFO: 2022-02-23 13:00:00, Order 12501301354: state = 1 < 2, we can not finish the simulation
2022-02-23 03:13:06,186 [simulator_env.py | 87] INFO: **************************************************
2022-02-23 03:13:06,187 [simulator_env.py | 91] INFO: cur time: 2022-02-23 13:10:00, pre time: 2022-02-23 13:00:00
2022-02-23 03:13:06,187 [simulator_env.py | 147] INFO: Start to update the input of 2022-02-23 13:10:00
2022-02-23 03:13:06,221 [simulator_env.py | 175] INFO: Get 24 unallocated orders, 25 ongoing orders, 1364 completed orders.
2022-02-23 03:13:17,073 [simulator_env.py | 100] INFO: Finish the dispatch.
2022-02-23 03:13:17,084 [simulator_env.py | 278] INFO: 2022-02-23 13:10:00, Order 13004801389: state = 1 < 2, we can not finish the simulation
2022-02-23 03:13:17,087 [simulator_env.py | 87] INFO: **************************************************
2022-02-23 03:13:17,088 [simulator_env.py | 91] INFO: cur time: 2022-02-23 13:20:00, pre time: 2022-02-23 13:10:00
2022-02-23 03:13:17,088 [simulator_env.py | 147] INFO: Start to update the input of 2022-02-23 13:20:00
2022-02-23 03:13:17,122 [simulator_env.py | 175] INFO: Get 37 unallocated orders, 15 ongoing orders, 1398 completed orders.
2022-02-23 03:13:30,140 [simulator_env.py | 100] INFO: Finish the dispatch.
2022-02-23 03:13:30,154 [simulator_env.py | 278] INFO: 2022-02-23 13:20:00, Order 13103101413: state = 1 < 2, we can not finish the simulation
2022-02-23 03:13:30,159 [simulator_env.py | 87] INFO: **************************************************
2022-02-23 03:13:30,160 [simulator_env.py | 91] INFO: cur time: 2022-02-23 13:30:00, pre time: 2022-02-23 13:20:00
2022-02-23 03:13:30,160 [simulator_env.py | 147] INFO: Start to update the input of 2022-02-23 13:30:00
2022-02-23 03:13:30,203 [simulator_env.py | 175] INFO: Get 28 unallocated orders, 25 ongoing orders, 1425 completed orders.
2022-02-23 03:13:40,811 [simulator_env.py | 100] INFO: Finish the dispatch.
2022-02-23 03:13:40,822 [simulator_env.py | 278] INFO: 2022-02-23 13:30:00, Order 13203601450: state = 1 < 2, we can not finish the simulation
2022-02-23 03:13:40,825 [simulator_env.py | 87] INFO: **************************************************
2022-02-23 03:13:40,826 [simulator_env.py | 91] INFO: cur time: 2022-02-23 13:40:00, pre time: 2022-02-23 13:30:00
2022-02-23 03:13:40,826 [simulator_env.py | 147] INFO: Start to update the input of 2022-02-23 13:40:00
2022-02-23 03:13:40,866 [simulator_env.py | 175] INFO: Get 22 unallocated orders, 17 ongoing orders, 1461 completed orders.
2022-02-23 03:13:50,574 [simulator_env.py | 100] INFO: Finish the dispatch.
2022-02-23 03:13:50,582 [simulator_env.py | 278] INFO: 2022-02-23 13:40:00, Order 13302101478: state = 1 < 2, we can not finish the simulation
2022-02-23 03:13:50,586 [simulator_env.py | 87] INFO: **************************************************
2022-02-23 03:13:50,587 [simulator_env.py | 91] INFO: cur time: 2022-02-23 13:50:00, pre time: 2022-02-23 13:40:00
2022-02-23 03:13:50,588 [simulator_env.py | 147] INFO: Start to update the input of 2022-02-23 13:50:00
2022-02-23 03:13:50,613 [simulator_env.py | 175] INFO: Get 30 unallocated orders, 16 ongoing orders, 1484 completed orders.
2022-02-23 03:14:00,973 [simulator_env.py | 100] INFO: Finish the dispatch.
2022-02-23 03:14:00,980 [simulator_env.py | 278] INFO: 2022-02-23 13:50:00, Order 13401701500: state = 1 < 2, we can not finish the simulation
2022-02-23 03:14:00,983 [simulator_env.py | 87] INFO: **************************************************
2022-02-23 03:14:00,984 [simulator_env.py | 91] INFO: cur time: 2022-02-23 14:00:00, pre time: 2022-02-23 13:50:00
2022-02-23 03:14:00,985 [simulator_env.py | 147] INFO: Start to update the input of 2022-02-23 14:00:00
2022-02-23 03:14:01,019 [simulator_env.py | 175] INFO: Get 20 unallocated orders, 19 ongoing orders, 1511 completed orders.
2022-02-23 03:14:08,869 [simulator_env.py | 100] INFO: Finish the dispatch.
2022-02-23 03:14:08,878 [simulator_env.py | 278] INFO: 2022-02-23 14:00:00, Order 13500501530: state = 1 < 2, we can not finish the simulation
2022-02-23 03:14:08,879 [simulator_env.py | 87] INFO: **************************************************
2022-02-23 03:14:08,880 [simulator_env.py | 91] INFO: cur time: 2022-02-23 14:10:00, pre time: 2022-02-23 14:00:00
2022-02-23 03:14:08,880 [simulator_env.py | 147] INFO: Start to update the input of 2022-02-23 14:10:00
2022-02-23 03:14:08,903 [simulator_env.py | 175] INFO: Get 22 unallocated orders, 13 ongoing orders, 1537 completed orders.
2022-02-23 03:14:19,195 [simulator_env.py | 100] INFO: Finish the dispatch.
2022-02-23 03:14:19,202 [simulator_env.py | 278] INFO: 2022-02-23 14:10:00, Order 14002501550: state = 1 < 2, we can not finish the simulation
2022-02-23 03:14:19,204 [simulator_env.py | 87] INFO: **************************************************
2022-02-23 03:14:19,204 [simulator_env.py | 91] INFO: cur time: 2022-02-23 14:20:00, pre time: 2022-02-23 14:10:00
2022-02-23 03:14:19,204 [simulator_env.py | 147] INFO: Start to update the input of 2022-02-23 14:20:00
2022-02-23 03:14:19,223 [simulator_env.py | 175] INFO: Get 28 unallocated orders, 17 ongoing orders, 1555 completed orders.
2022-02-23 03:14:28,816 [simulator_env.py | 100] INFO: Finish the dispatch.
2022-02-23 03:14:28,825 [simulator_env.py | 278] INFO: 2022-02-23 14:20:00, Order 14105001572: state = 1 < 2, we can not finish the simulation
2022-02-23 03:14:28,828 [simulator_env.py | 87] INFO: **************************************************
2022-02-23 03:14:28,828 [simulator_env.py | 91] INFO: cur time: 2022-02-23 14:30:00, pre time: 2022-02-23 14:20:00
2022-02-23 03:14:28,829 [simulator_env.py | 147] INFO: Start to update the input of 2022-02-23 14:30:00
2022-02-23 03:14:28,861 [simulator_env.py | 175] INFO: Get 25 unallocated orders, 16 ongoing orders, 1584 completed orders.
2022-02-23 03:14:38,302 [simulator_env.py | 100] INFO: Finish the dispatch.
2022-02-23 03:14:38,312 [simulator_env.py | 278] INFO: 2022-02-23 14:30:00, Order 14211301600: state = 1 < 2, we can not finish the simulation
2022-02-23 03:14:38,316 [simulator_env.py | 87] INFO: **************************************************
2022-02-23 03:14:38,316 [simulator_env.py | 91] INFO: cur time: 2022-02-23 14:40:00, pre time: 2022-02-23 14:30:00
2022-02-23 03:14:38,317 [simulator_env.py | 147] INFO: Start to update the input of 2022-02-23 14:40:00
2022-02-23 03:14:38,346 [simulator_env.py | 175] INFO: Get 25 unallocated orders, 19 ongoing orders, 1606 completed orders.
2022-02-23 03:14:47,799 [simulator_env.py | 100] INFO: Finish the dispatch.
2022-02-23 03:14:47,806 [simulator_env.py | 278] INFO: 2022-02-23 14:40:00, Order 14301001625: state = 1 < 2, we can not finish the simulation
2022-02-23 03:14:47,809 [simulator_env.py | 87] INFO: **************************************************
2022-02-23 03:14:47,810 [simulator_env.py | 91] INFO: cur time: 2022-02-23 14:50:00, pre time: 2022-02-23 14:40:00
2022-02-23 03:14:47,811 [simulator_env.py | 147] INFO: Start to update the input of 2022-02-23 14:50:00
2022-02-23 03:14:47,846 [simulator_env.py | 175] INFO: Get 30 unallocated orders, 17 ongoing orders, 1633 completed orders.
2022-02-23 03:14:57,459 [simulator_env.py | 100] INFO: Finish the dispatch.
2022-02-23 03:14:57,469 [simulator_env.py | 278] INFO: 2022-02-23 14:50:00, Order 14401501650: state = 1 < 2, we can not finish the simulation
2022-02-23 03:14:57,471 [simulator_env.py | 87] INFO: **************************************************
2022-02-23 03:14:57,472 [simulator_env.py | 91] INFO: cur time: 2022-02-23 15:00:00, pre time: 2022-02-23 14:50:00
2022-02-23 03:14:57,472 [simulator_env.py | 147] INFO: Start to update the input of 2022-02-23 15:00:00
2022-02-23 03:14:57,503 [simulator_env.py | 175] INFO: Get 20 unallocated orders, 20 ongoing orders, 1660 completed orders.
2022-02-23 03:15:07,302 [simulator_env.py | 100] INFO: Finish the dispatch.
2022-02-23 03:15:07,312 [simulator_env.py | 278] INFO: 2022-02-23 15:00:00, Order 14502101680: state = 1 < 2, we can not finish the simulation
2022-02-23 03:15:07,315 [simulator_env.py | 87] INFO: **************************************************
2022-02-23 03:15:07,316 [simulator_env.py | 91] INFO: cur time: 2022-02-23 15:10:00, pre time: 2022-02-23 15:00:00
2022-02-23 03:15:07,317 [simulator_env.py | 147] INFO: Start to update the input of 2022-02-23 15:10:00
2022-02-23 03:15:07,343 [simulator_env.py | 175] INFO: Get 0 unallocated orders, 14 ongoing orders, 1686 completed orders.
2022-02-23 03:15:18,481 [simulator_env.py | 100] INFO: Finish the dispatch.
2022-02-23 03:15:18,487 [simulator_env.py | 281] INFO: 2022-02-23 15:10:00, the status of all orders is greater than 1, we could finish the simulation
2022-02-23 03:15:18,498 [simulator_env.py | 124] INFO: finished the left ongoing orders
2022-02-23 03:15:18,504 [evaluator.py    | 116] INFO: Traveling Distance of driver D_1 is  53.980, visited node list: 21
2022-02-23 03:15:18,506 [evaluator.py    | 116] INFO: Traveling Distance of driver D_2 is  70.040, visited node list: 27
2022-02-23 03:15:18,510 [evaluator.py    | 116] INFO: Traveling Distance of driver D_3 is  97.840, visited node list: 44
2022-02-23 03:15:18,515 [evaluator.py    | 116] INFO: Traveling Distance of driver D_4 is  118.040, visited node list: 43
2022-02-23 03:15:18,520 [evaluator.py    | 116] INFO: Traveling Distance of driver D_5 is  113.920, visited node list: 37
2022-02-23 03:15:18,522 [evaluator.py    | 116] INFO: Traveling Distance of driver D_6 is  95.720, visited node list: 34
2022-02-23 03:15:18,526 [evaluator.py    | 116] INFO: Traveling Distance of driver D_7 is  112.210, visited node list: 38
2022-02-23 03:15:18,529 [evaluator.py    | 116] INFO: Traveling Distance of driver D_8 is  114.730, visited node list: 35
2022-02-23 03:15:18,535 [evaluator.py    | 116] INFO: Traveling Distance of driver D_9 is  121.870, visited node list: 43
2022-02-23 03:15:18,538 [evaluator.py    | 116] INFO: Traveling Distance of driver D_10 is  110.520, visited node list: 42
2022-02-23 03:15:18,541 [evaluator.py    | 116] INFO: Traveling Distance of driver D_11 is  87.460, visited node list: 37
2022-02-23 03:15:18,545 [evaluator.py    | 116] INFO: Traveling Distance of driver D_12 is  112.520, visited node list: 49
2022-02-23 03:15:18,547 [evaluator.py    | 116] INFO: Traveling Distance of driver D_13 is  113.380, visited node list: 49
2022-02-23 03:15:18,552 [evaluator.py    | 116] INFO: Traveling Distance of driver D_14 is  119.090, visited node list: 47
2022-02-23 03:15:18,555 [evaluator.py    | 116] INFO: Traveling Distance of driver D_15 is  118.760, visited node list: 47
2022-02-23 03:15:18,557 [evaluator.py    | 116] INFO: Traveling Distance of driver D_16 is  129.540, visited node list: 43
2022-02-23 03:15:18,560 [evaluator.py    | 116] INFO: Traveling Distance of driver D_17 is  114.130, visited node list: 47
2022-02-23 03:15:18,563 [evaluator.py    | 116] INFO: Traveling Distance of driver D_18 is  111.790, visited node list: 43
2022-02-23 03:15:18,567 [evaluator.py    | 116] INFO: Traveling Distance of driver D_19 is  106.880, visited node list: 39
2022-02-23 03:15:18,571 [evaluator.py    | 116] INFO: Traveling Distance of driver D_20 is  118.390, visited node list: 47
2022-02-23 03:15:18,574 [evaluator.py    | 116] INFO: Traveling Distance of driver D_21 is  111.120, visited node list: 45
2022-02-23 03:15:18,576 [evaluator.py    | 116] INFO: Traveling Distance of driver D_22 is  110.160, visited node list: 44
2022-02-23 03:15:18,579 [evaluator.py    | 116] INFO: Traveling Distance of driver D_23 is  119.720, visited node list: 41
2022-02-23 03:15:18,583 [evaluator.py    | 116] INFO: Traveling Distance of driver D_24 is  117.030, visited node list: 43
2022-02-23 03:15:18,586 [evaluator.py    | 116] INFO: Traveling Distance of driver D_25 is  121.520, visited node list: 47
2022-02-23 03:15:18,589 [evaluator.py    | 116] INFO: Traveling Distance of driver D_26 is  116.410, visited node list: 47
2022-02-23 03:15:18,592 [evaluator.py    | 116] INFO: Traveling Distance of driver D_27 is  115.640, visited node list: 45
2022-02-23 03:15:18,594 [evaluator.py    | 116] INFO: Traveling Distance of driver D_28 is  118.740, visited node list: 45
2022-02-23 03:15:18,598 [evaluator.py    | 116] INFO: Traveling Distance of driver D_29 is  125.480, visited node list: 45
2022-02-23 03:15:18,603 [evaluator.py    | 116] INFO: Traveling Distance of driver D_30 is  105.340, visited node list: 37
2022-02-23 03:15:18,606 [evaluator.py    | 116] INFO: Traveling Distance of driver D_31 is  120.210, visited node list: 45
2022-02-23 03:15:18,608 [evaluator.py    | 116] INFO: Traveling Distance of driver D_32 is  119.280, visited node list: 43
2022-02-23 03:15:18,610 [evaluator.py    | 116] INFO: Traveling Distance of driver D_33 is  114.390, visited node list: 43
2022-02-23 03:15:18,614 [evaluator.py    | 116] INFO: Traveling Distance of driver D_34 is  112.700, visited node list: 43
2022-02-23 03:15:18,618 [evaluator.py    | 116] INFO: Traveling Distance of driver D_35 is  113.060, visited node list: 55
2022-02-23 03:15:18,621 [evaluator.py    | 116] INFO: Traveling Distance of driver D_36 is  121.890, visited node list: 44
2022-02-23 03:15:18,623 [evaluator.py    | 116] INFO: Traveling Distance of driver D_37 is  114.730, visited node list: 39
2022-02-23 03:15:18,625 [evaluator.py    | 116] INFO: Traveling Distance of driver D_38 is  94.320, visited node list: 38
2022-02-23 03:15:18,630 [evaluator.py    | 116] INFO: Traveling Distance of driver D_39 is  123.510, visited node list: 45
2022-02-23 03:15:18,641 [evaluator.py    | 116] INFO: Traveling Distance of driver D_40 is  113.600, visited node list: 48
2022-02-23 03:15:18,648 [evaluator.py    | 116] INFO: Traveling Distance of driver D_41 is  104.830, visited node list: 41
2022-02-23 03:15:18,653 [evaluator.py    | 116] INFO: Traveling Distance of driver D_42 is  123.180, visited node list: 53
2022-02-23 03:15:18,656 [evaluator.py    | 116] INFO: Traveling Distance of driver D_43 is  122.240, visited node list: 51
2022-02-23 03:15:18,656 [evaluator.py    | 116] INFO: Traveling Distance of driver D_44 is  117.710, visited node list: 41
2022-02-23 03:15:18,659 [evaluator.py    | 116] INFO: Traveling Distance of driver D_45 is  97.180, visited node list: 39
2022-02-23 03:15:18,660 [evaluator.py    | 116] INFO: Traveling Distance of driver D_46 is  100.890, visited node list: 33
2022-02-23 03:15:18,664 [evaluator.py    | 116] INFO: Traveling Distance of driver D_47 is  102.630, visited node list: 41
2022-02-23 03:15:18,665 [evaluator.py    | 116] INFO: Traveling Distance of driver D_48 is  102.790, visited node list: 41
2022-02-23 03:15:18,669 [evaluator.py    | 116] INFO: Traveling Distance of driver D_49 is  94.880, visited node list: 43
2022-02-23 03:15:18,671 [evaluator.py    | 116] INFO: Traveling Distance of driver D_50 is  104.280, visited node list: 39
2022-02-23 03:15:18,672 [evaluator.py    | 116] INFO: Traveling Distance of driver D_51 is  56.730, visited node list: 27
2022-02-23 03:15:18,674 [evaluator.py    | 116] INFO: Traveling Distance of driver D_52 is  88.700, visited node list: 35
2022-02-23 03:15:18,676 [evaluator.py    | 116] INFO: Traveling Distance of driver D_53 is  86.220, visited node list: 37
2022-02-23 03:15:18,678 [evaluator.py    | 116] INFO: Traveling Distance of driver D_54 is  88.660, visited node list: 37
2022-02-23 03:15:18,679 [evaluator.py    | 116] INFO: Traveling Distance of driver D_55 is  75.280, visited node list: 29
2022-02-23 03:15:18,680 [evaluator.py    | 116] INFO: Traveling Distance of driver D_56 is  85.200, visited node list: 33
2022-02-23 03:15:18,683 [evaluator.py    | 116] INFO: Traveling Distance of driver D_57 is  76.890, visited node list: 31
2022-02-23 03:15:18,687 [evaluator.py    | 116] INFO: Traveling Distance of driver D_58 is  73.730, visited node list: 31
2022-02-23 03:15:18,687 [evaluator.py    | 116] INFO: Traveling Distance of driver D_59 is  71.310, visited node list: 33
2022-02-23 03:15:18,691 [evaluator.py    | 116] INFO: Traveling Distance of driver D_60 is  68.240, visited node list: 30
2022-02-23 03:15:18,692 [evaluator.py    | 116] INFO: Traveling Distance of driver D_61 is  90.370, visited node list: 31
2022-02-23 03:15:18,693 [evaluator.py    | 116] INFO: Traveling Distance of driver D_62 is  65.850, visited node list: 25
2022-02-23 03:15:18,695 [evaluator.py    | 116] INFO: Traveling Distance of driver D_63 is  60.940, visited node list: 29
2022-02-23 03:15:18,698 [evaluator.py    | 116] INFO: Traveling Distance of driver D_64 is  72.540, visited node list: 25
2022-02-23 03:15:18,701 [evaluator.py    | 116] INFO: Traveling Distance of driver D_65 is  53.640, visited node list: 21
2022-02-23 03:15:18,704 [evaluator.py    | 116] INFO: Traveling Distance of driver D_66 is  63.600, visited node list: 21
2022-02-23 03:15:18,705 [evaluator.py    | 116] INFO: Traveling Distance of driver D_67 is  49.200, visited node list: 21
2022-02-23 03:15:18,707 [evaluator.py    | 116] INFO: Traveling Distance of driver D_68 is  75.990, visited node list: 23
2022-02-23 03:15:18,708 [evaluator.py    | 116] INFO: Traveling Distance of driver D_69 is  47.410, visited node list: 25
2022-02-23 03:15:18,710 [evaluator.py    | 116] INFO: Traveling Distance of driver D_70 is  54.260, visited node list: 23
2022-02-23 03:15:18,710 [evaluator.py    | 116] INFO: Traveling Distance of driver D_71 is  70.000, visited node list: 23
2022-02-23 03:15:18,711 [evaluator.py    | 116] INFO: Traveling Distance of driver D_72 is  54.340, visited node list: 21
2022-02-23 03:15:18,715 [evaluator.py    | 116] INFO: Traveling Distance of driver D_73 is  54.480, visited node list: 23
2022-02-23 03:15:18,719 [evaluator.py    | 116] INFO: Traveling Distance of driver D_74 is  56.100, visited node list: 23
2022-02-23 03:15:18,720 [evaluator.py    | 116] INFO: Traveling Distance of driver D_75 is  51.340, visited node list: 19
2022-02-23 03:15:18,720 [evaluator.py    | 116] INFO: Traveling Distance of driver D_76 is  59.430, visited node list: 25
2022-02-23 03:15:18,723 [evaluator.py    | 116] INFO: Traveling Distance of driver D_77 is  52.020, visited node list: 21
2022-02-23 03:15:18,723 [evaluator.py    | 116] INFO: Traveling Distance of driver D_78 is  54.050, visited node list: 21
2022-02-23 03:15:18,726 [evaluator.py    | 116] INFO: Traveling Distance of driver D_79 is  51.320, visited node list: 19
2022-02-23 03:15:18,730 [evaluator.py    | 116] INFO: Traveling Distance of driver D_80 is  46.970, visited node list: 17
2022-02-23 03:15:18,732 [evaluator.py    | 116] INFO: Traveling Distance of driver D_81 is  43.910, visited node list: 19
2022-02-23 03:15:18,733 [evaluator.py    | 116] INFO: Traveling Distance of driver D_82 is  42.500, visited node list: 19
2022-02-23 03:15:18,733 [evaluator.py    | 116] INFO: Traveling Distance of driver D_83 is  53.840, visited node list: 21
2022-02-23 03:15:18,734 [evaluator.py    | 116] INFO: Traveling Distance of driver D_84 is  48.390, visited node list: 21
2022-02-23 03:15:18,737 [evaluator.py    | 116] INFO: Traveling Distance of driver D_85 is  49.180, visited node list: 19
2022-02-23 03:15:18,739 [evaluator.py    | 116] INFO: Traveling Distance of driver D_86 is  56.210, visited node list: 19
2022-02-23 03:15:18,741 [evaluator.py    | 116] INFO: Traveling Distance of driver D_87 is  47.420, visited node list: 26
2022-02-23 03:15:18,743 [evaluator.py    | 116] INFO: Traveling Distance of driver D_88 is  48.490, visited node list: 23
2022-02-23 03:15:18,743 [evaluator.py    | 116] INFO: Traveling Distance of driver D_89 is  42.870, visited node list: 19
2022-02-23 03:15:18,744 [evaluator.py    | 116] INFO: Traveling Distance of driver D_90 is  48.850, visited node list: 19
2022-02-23 03:15:18,745 [evaluator.py    | 116] INFO: Traveling Distance of driver D_91 is  39.310, visited node list: 19
2022-02-23 03:15:18,754 [evaluator.py    | 116] INFO: Traveling Distance of driver D_92 is  46.270, visited node list: 17
2022-02-23 03:15:18,755 [evaluator.py    | 116] INFO: Traveling Distance of driver D_93 is  42.030, visited node list: 21
2022-02-23 03:15:18,755 [evaluator.py    | 116] INFO: Traveling Distance of driver D_94 is  43.730, visited node list: 15
2022-02-23 03:15:18,757 [evaluator.py    | 116] INFO: Traveling Distance of driver D_95 is  46.070, visited node list: 19
2022-02-23 03:15:18,759 [evaluator.py    | 116] INFO: Traveling Distance of driver D_96 is  50.430, visited node list: 21
2022-02-23 03:15:18,760 [evaluator.py    | 116] INFO: Traveling Distance of driver D_97 is  38.370, visited node list: 17
2022-02-23 03:15:18,764 [evaluator.py    | 116] INFO: Traveling Distance of driver D_98 is  56.430, visited node list: 19
2022-02-23 03:15:18,765 [evaluator.py    | 116] INFO: Traveling Distance of driver D_99 is  35.180, visited node list: 15
2022-02-23 03:15:18,770 [evaluator.py    | 116] INFO: Traveling Distance of driver D_100 is  38.580, visited node list: 19
2022-02-23 03:15:18,771 [evaluator.py    | 116] INFO: Traveling Distance of driver D_101 is  36.790, visited node list: 17
2022-02-23 03:15:18,772 [evaluator.py    | 116] INFO: Traveling Distance of driver D_102 is  40.410, visited node list: 15
2022-02-23 03:15:18,775 [evaluator.py    | 116] INFO: Traveling Distance of driver D_103 is  41.500, visited node list: 15
2022-02-23 03:15:18,777 [evaluator.py    | 116] INFO: Traveling Distance of driver D_104 is  41.130, visited node list: 17
2022-02-23 03:15:18,781 [evaluator.py    | 116] INFO: Traveling Distance of driver D_105 is  38.480, visited node list: 17
2022-02-23 03:15:18,783 [evaluator.py    | 116] INFO: Traveling Distance of driver D_106 is  40.250, visited node list: 15
2022-02-23 03:15:18,783 [evaluator.py    | 116] INFO: Traveling Distance of driver D_107 is  39.430, visited node list: 15
2022-02-23 03:15:18,786 [evaluator.py    | 116] INFO: Traveling Distance of driver D_108 is  55.510, visited node list: 17
2022-02-23 03:15:18,789 [evaluator.py    | 116] INFO: Traveling Distance of driver D_109 is  45.890, visited node list: 19
2022-02-23 03:15:18,789 [evaluator.py    | 116] INFO: Traveling Distance of driver D_110 is  33.350, visited node list: 13
2022-02-23 03:15:18,792 [evaluator.py    | 116] INFO: Traveling Distance of driver D_111 is  33.000, visited node list: 13
2022-02-23 03:15:18,793 [evaluator.py    | 116] INFO: Traveling Distance of driver D_112 is  35.860, visited node list: 12
2022-02-23 03:15:18,797 [evaluator.py    | 116] INFO: Traveling Distance of driver D_113 is  34.000, visited node list: 11
2022-02-23 03:15:18,799 [evaluator.py    | 116] INFO: Traveling Distance of driver D_114 is  32.630, visited node list: 15
2022-02-23 03:15:18,803 [evaluator.py    | 116] INFO: Traveling Distance of driver D_115 is  29.260, visited node list: 10
2022-02-23 03:15:18,806 [evaluator.py    | 18] INFO: Total distance:  8970.630
2022-02-23 03:15:19,275 [evaluator.py    | 22] INFO: Sum over time:  0.000
2022-02-23 03:15:19,277 [evaluator.py    | 26] INFO: Total score:  78.005
2022-02-23 03:15:20,040 [main.py         | 43] INFO: Score of instance_40: 78.00547826086958
