2022-02-23 10:35:54,218 [main.py         | 38] INFO: Start to run /Users/yangjingfeng/Library/CloudStorage/OneDrive-Personal/Public/PhD Study/Papers/Food_Delivery/Code/Food_delivery_simulator/Benchmark/Instance_medium: instance_66
2022-02-23 10:35:54,220 [simulator_api.py | 43] INFO: Start time of the simulator: 2022-02-23 09:00:00, time interval:  600.00
2022-02-23 10:35:54,835 [input_utils.py  | 35] INFO: Get 3052 locations
2022-02-23 10:35:54,856 [input_utils.py  | 39] INFO: Get 105 drivers
2022-02-23 10:35:55,360 [input_utils.py  | 43] INFO: Get 1898 orders
2022-02-23 10:35:55,361 [simulator_api.py | 75] INFO: Initial position of D_1 is 371 Beach Rd, Singapore 199597, Singapore
2022-02-23 10:35:55,362 [simulator_api.py | 75] INFO: Initial position of D_2 is Bukit Merah View Market & Hawker Centre
2022-02-23 10:35:55,364 [simulator_api.py | 75] INFO: Initial position of D_3 is 417 River Valley Rd, Singapore 248316, Singapore
2022-02-23 10:35:55,365 [simulator_api.py | 75] INFO: Initial position of D_4 is 54 South Bridge Rd, Singapore 058685, Singapore
2022-02-23 10:35:55,366 [simulator_api.py | 75] INFO: Initial position of D_5 is Bukit Merah View Market & Hawker Centre
2022-02-23 10:35:55,367 [simulator_api.py | 75] INFO: Initial position of D_6 is Maxwell Food Centre
2022-02-23 10:35:55,368 [simulator_api.py | 75] INFO: Initial position of D_7 is Alexandra Village Food Centre
2022-02-23 10:35:55,368 [simulator_api.py | 75] INFO: Initial position of D_8 is Golden Mile Food Centre
2022-02-23 10:35:55,370 [simulator_api.py | 75] INFO: Initial position of D_9 is Amoy Street Food Centre
2022-02-23 10:35:55,371 [simulator_api.py | 75] INFO: Initial position of D_10 is Bukit Merah View Market & Hawker Centre
2022-02-23 10:35:55,372 [simulator_api.py | 75] INFO: Initial position of D_11 is 54 South Bridge Rd, Singapore 058685, Singapore
2022-02-23 10:35:55,373 [simulator_api.py | 75] INFO: Initial position of D_12 is 417 River Valley Rd, Singapore 248316, Singapore
2022-02-23 10:35:55,374 [simulator_api.py | 75] INFO: Initial position of D_13 is 371 Beach Rd, Singapore 199597, Singapore
2022-02-23 10:35:55,374 [simulator_api.py | 75] INFO: Initial position of D_14 is Alexandra Village Food Centre
2022-02-23 10:35:55,374 [simulator_api.py | 75] INFO: Initial position of D_15 is Amoy Street Food Centre
2022-02-23 10:35:55,376 [simulator_api.py | 75] INFO: Initial position of D_16 is Tiong Bahru Market
2022-02-23 10:35:55,377 [simulator_api.py | 75] INFO: Initial position of D_17 is 66 Kg Bugis, Singapore 338987, Singapore
2022-02-23 10:35:55,378 [simulator_api.py | 75] INFO: Initial position of D_18 is 54 South Bridge Rd, Singapore 058685, Singapore
2022-02-23 10:35:55,379 [simulator_api.py | 75] INFO: Initial position of D_19 is 54 South Bridge Rd, Singapore 058685, Singapore
2022-02-23 10:35:55,380 [simulator_api.py | 75] INFO: Initial position of D_20 is 37 Cuppage Rd, Singapore 229460, Singapore
2022-02-23 10:35:55,381 [simulator_api.py | 75] INFO: Initial position of D_21 is Golden Mile Food Centre
2022-02-23 10:35:55,381 [simulator_api.py | 75] INFO: Initial position of D_22 is Old Airport Road Food Centre
2022-02-23 10:35:55,382 [simulator_api.py | 75] INFO: Initial position of D_23 is Alexandra Village Food Centre
2022-02-23 10:35:55,383 [simulator_api.py | 75] INFO: Initial position of D_24 is Old Airport Road Food Centre
2022-02-23 10:35:55,384 [simulator_api.py | 75] INFO: Initial position of D_25 is 417 River Valley Rd, Singapore 248316, Singapore
2022-02-23 10:35:55,385 [simulator_api.py | 75] INFO: Initial position of D_26 is Hong Lim Food Centre
2022-02-23 10:35:55,386 [simulator_api.py | 75] INFO: Initial position of D_27 is 66 Kg Bugis, Singapore 338987, Singapore
2022-02-23 10:35:55,387 [simulator_api.py | 75] INFO: Initial position of D_28 is 417 River Valley Rd, Singapore 248316, Singapore
2022-02-23 10:35:55,388 [simulator_api.py | 75] INFO: Initial position of D_29 is Alexandra Village Food Centre
2022-02-23 10:35:55,389 [simulator_api.py | 75] INFO: Initial position of D_30 is 54 South Bridge Rd, Singapore 058685, Singapore
2022-02-23 10:35:55,391 [simulator_api.py | 75] INFO: Initial position of D_31 is Golden Mile Food Centre
2022-02-23 10:35:55,392 [simulator_api.py | 75] INFO: Initial position of D_32 is 36 Boat Quay, Singapore 049825, Singapore
2022-02-23 10:35:55,393 [simulator_api.py | 75] INFO: Initial position of D_33 is 417 River Valley Rd, Singapore 248316, Singapore
2022-02-23 10:35:55,394 [simulator_api.py | 75] INFO: Initial position of D_34 is 66 Kg Bugis, Singapore 338987, Singapore
2022-02-23 10:35:55,395 [simulator_api.py | 75] INFO: Initial position of D_35 is 54 South Bridge Rd, Singapore 058685, Singapore
2022-02-23 10:35:55,396 [simulator_api.py | 75] INFO: Initial position of D_36 is Old Airport Road Food Centre
2022-02-23 10:35:55,397 [simulator_api.py | 75] INFO: Initial position of D_37 is Alexandra Village Food Centre
2022-02-23 10:35:55,398 [simulator_api.py | 75] INFO: Initial position of D_38 is Hong Lim Food Centre
2022-02-23 10:35:55,399 [simulator_api.py | 75] INFO: Initial position of D_39 is 36 Boat Quay, Singapore 049825, Singapore
2022-02-23 10:35:55,400 [simulator_api.py | 75] INFO: Initial position of D_40 is Hong Lim Food Centre
2022-02-23 10:35:55,401 [simulator_api.py | 75] INFO: Initial position of D_41 is 54 South Bridge Rd, Singapore 058685, Singapore
2022-02-23 10:35:55,403 [simulator_api.py | 75] INFO: Initial position of D_42 is 371 Beach Rd, Singapore 199597, Singapore
2022-02-23 10:35:55,404 [simulator_api.py | 75] INFO: Initial position of D_43 is Zion Riverside Food Centre
2022-02-23 10:35:55,404 [simulator_api.py | 75] INFO: Initial position of D_44 is Tiong Bahru Market
2022-02-23 10:35:55,406 [simulator_api.py | 75] INFO: Initial position of D_45 is Amoy Street Food Centre
2022-02-23 10:35:55,407 [simulator_api.py | 75] INFO: Initial position of D_46 is Golden Mile Food Centre
2022-02-23 10:35:55,407 [simulator_api.py | 75] INFO: Initial position of D_47 is Hong Lim Food Centre
2022-02-23 10:35:55,408 [simulator_api.py | 75] INFO: Initial position of D_48 is Tiong Bahru Market
2022-02-23 10:35:55,409 [simulator_api.py | 75] INFO: Initial position of D_49 is Bukit Merah View Market & Hawker Centre
2022-02-23 10:35:55,410 [simulator_api.py | 75] INFO: Initial position of D_50 is Tiong Bahru Market
2022-02-23 10:35:55,411 [simulator_api.py | 75] INFO: Initial position of D_51 is 66 Kg Bugis, Singapore 338987, Singapore
2022-02-23 10:35:55,412 [simulator_api.py | 75] INFO: Initial position of D_52 is Zion Riverside Food Centre
2022-02-23 10:35:55,412 [simulator_api.py | 75] INFO: Initial position of D_53 is 54 South Bridge Rd, Singapore 058685, Singapore
2022-02-23 10:35:55,414 [simulator_api.py | 75] INFO: Initial position of D_54 is 37 Cuppage Rd, Singapore 229460, Singapore
2022-02-23 10:35:55,415 [simulator_api.py | 75] INFO: Initial position of D_55 is Golden Mile Food Centre
2022-02-23 10:35:55,416 [simulator_api.py | 75] INFO: Initial position of D_56 is Amoy Street Food Centre
2022-02-23 10:35:55,417 [simulator_api.py | 75] INFO: Initial position of D_57 is Amoy Street Food Centre
2022-02-23 10:35:55,418 [simulator_api.py | 75] INFO: Initial position of D_58 is 371 Beach Rd, Singapore 199597, Singapore
2022-02-23 10:35:55,418 [simulator_api.py | 75] INFO: Initial position of D_59 is Golden Mile Food Centre
2022-02-23 10:35:55,421 [simulator_api.py | 75] INFO: Initial position of D_60 is Alexandra Village Food Centre
2022-02-23 10:35:55,422 [simulator_api.py | 75] INFO: Initial position of D_61 is Maxwell Food Centre
2022-02-23 10:35:55,423 [simulator_api.py | 75] INFO: Initial position of D_62 is 417 River Valley Rd, Singapore 248316, Singapore
2022-02-23 10:35:55,423 [simulator_api.py | 75] INFO: Initial position of D_63 is 54 South Bridge Rd, Singapore 058685, Singapore
2022-02-23 10:35:55,425 [simulator_api.py | 75] INFO: Initial position of D_64 is Golden Mile Food Centre
2022-02-23 10:35:55,425 [simulator_api.py | 75] INFO: Initial position of D_65 is 54 South Bridge Rd, Singapore 058685, Singapore
2022-02-23 10:35:55,427 [simulator_api.py | 75] INFO: Initial position of D_66 is Maxwell Food Centre
2022-02-23 10:35:55,428 [simulator_api.py | 75] INFO: Initial position of D_67 is Hong Lim Food Centre
2022-02-23 10:35:55,429 [simulator_api.py | 75] INFO: Initial position of D_68 is 36 Boat Quay, Singapore 049825, Singapore
2022-02-23 10:35:55,430 [simulator_api.py | 75] INFO: Initial position of D_69 is 371 Beach Rd, Singapore 199597, Singapore
2022-02-23 10:35:55,431 [simulator_api.py | 75] INFO: Initial position of D_70 is Bukit Merah View Market & Hawker Centre
2022-02-23 10:35:55,432 [simulator_api.py | 75] INFO: Initial position of D_71 is 36 Boat Quay, Singapore 049825, Singapore
2022-02-23 10:35:55,433 [simulator_api.py | 75] INFO: Initial position of D_72 is 371 Beach Rd, Singapore 199597, Singapore
2022-02-23 10:35:55,434 [simulator_api.py | 75] INFO: Initial position of D_73 is 417 River Valley Rd, Singapore 248316, Singapore
2022-02-23 10:35:55,435 [simulator_api.py | 75] INFO: Initial position of D_74 is Zion Riverside Food Centre
2022-02-23 10:35:55,435 [simulator_api.py | 75] INFO: Initial position of D_75 is Zion Riverside Food Centre
2022-02-23 10:35:55,435 [simulator_api.py | 75] INFO: Initial position of D_76 is Maxwell Food Centre
2022-02-23 10:35:55,436 [simulator_api.py | 75] INFO: Initial position of D_77 is 66 Kg Bugis, Singapore 338987, Singapore
2022-02-23 10:35:55,437 [simulator_api.py | 75] INFO: Initial position of D_78 is Amoy Street Food Centre
2022-02-23 10:35:55,438 [simulator_api.py | 75] INFO: Initial position of D_79 is 371 Beach Rd, Singapore 199597, Singapore
2022-02-23 10:35:55,439 [simulator_api.py | 75] INFO: Initial position of D_80 is 371 Beach Rd, Singapore 199597, Singapore
2022-02-23 10:35:55,439 [simulator_api.py | 75] INFO: Initial position of D_81 is Tiong Bahru Market
2022-02-23 10:35:55,440 [simulator_api.py | 75] INFO: Initial position of D_82 is 37 Cuppage Rd, Singapore 229460, Singapore
2022-02-23 10:35:55,442 [simulator_api.py | 75] INFO: Initial position of D_83 is 36 Boat Quay, Singapore 049825, Singapore
2022-02-23 10:35:55,442 [simulator_api.py | 75] INFO: Initial position of D_84 is Tiong Bahru Market
2022-02-23 10:35:55,444 [simulator_api.py | 75] INFO: Initial position of D_85 is 36 Boat Quay, Singapore 049825, Singapore
2022-02-23 10:35:55,445 [simulator_api.py | 75] INFO: Initial position of D_86 is 371 Beach Rd, Singapore 199597, Singapore
2022-02-23 10:35:55,446 [simulator_api.py | 75] INFO: Initial position of D_87 is Hong Lim Food Centre
2022-02-23 10:35:55,447 [simulator_api.py | 75] INFO: Initial position of D_88 is 37 Cuppage Rd, Singapore 229460, Singapore
2022-02-23 10:35:55,448 [simulator_api.py | 75] INFO: Initial position of D_89 is 54 South Bridge Rd, Singapore 058685, Singapore
2022-02-23 10:35:55,450 [simulator_api.py | 75] INFO: Initial position of D_90 is 66 Kg Bugis, Singapore 338987, Singapore
2022-02-23 10:35:55,451 [simulator_api.py | 75] INFO: Initial position of D_91 is 37 Cuppage Rd, Singapore 229460, Singapore
2022-02-23 10:35:55,453 [simulator_api.py | 75] INFO: Initial position of D_92 is 37 Cuppage Rd, Singapore 229460, Singapore
2022-02-23 10:35:55,453 [simulator_api.py | 75] INFO: Initial position of D_93 is 417 River Valley Rd, Singapore 248316, Singapore
2022-02-23 10:35:55,454 [simulator_api.py | 75] INFO: Initial position of D_94 is Old Airport Road Food Centre
2022-02-23 10:35:55,472 [simulator_api.py | 75] INFO: Initial position of D_95 is 417 River Valley Rd, Singapore 248316, Singapore
2022-02-23 10:35:55,508 [simulator_api.py | 75] INFO: Initial position of D_96 is Golden Mile Food Centre
2022-02-23 10:35:55,512 [simulator_api.py | 75] INFO: Initial position of D_97 is Amoy Street Food Centre
2022-02-23 10:35:55,512 [simulator_api.py | 75] INFO: Initial position of D_98 is Hong Lim Food Centre
2022-02-23 10:35:55,512 [simulator_api.py | 75] INFO: Initial position of D_99 is Hong Lim Food Centre
2022-02-23 10:35:55,512 [simulator_api.py | 75] INFO: Initial position of D_100 is Tiong Bahru Market
2022-02-23 10:35:55,512 [simulator_api.py | 75] INFO: Initial position of D_101 is 54 South Bridge Rd, Singapore 058685, Singapore
2022-02-23 10:35:55,512 [simulator_api.py | 75] INFO: Initial position of D_102 is Golden Mile Food Centre
2022-02-23 10:35:55,512 [simulator_api.py | 75] INFO: Initial position of D_103 is 54 South Bridge Rd, Singapore 058685, Singapore
2022-02-23 10:35:55,512 [simulator_api.py | 75] INFO: Initial position of D_104 is Amoy Street Food Centre
2022-02-23 10:35:55,530 [simulator_api.py | 75] INFO: Initial position of D_105 is Hong Lim Food Centre
2022-02-23 10:35:55,575 [simulator_env.py | 87] INFO: **************************************************
2022-02-23 10:35:55,577 [simulator_env.py | 91] INFO: cur time: 2022-02-23 09:10:00, pre time: 2022-02-23 09:00:00
2022-02-23 10:35:55,577 [simulator_env.py | 147] INFO: Start to update the input of 2022-02-23 09:10:00
2022-02-23 10:35:55,669 [simulator_env.py | 175] INFO: Get 62 unallocated orders, 0 ongoing orders, 0 completed orders.
2022-02-23 10:35:59,712 [simulator_env.py | 100] INFO: Finish the dispatch.
2022-02-23 10:35:59,714 [simulator_env.py | 278] INFO: 2022-02-23 09:10:00, Order 09000700000: state = 1 < 2, we can not finish the simulation
2022-02-23 10:35:59,715 [simulator_env.py | 87] INFO: **************************************************
2022-02-23 10:35:59,715 [simulator_env.py | 91] INFO: cur time: 2022-02-23 09:20:00, pre time: 2022-02-23 09:10:00
2022-02-23 10:35:59,715 [simulator_env.py | 147] INFO: Start to update the input of 2022-02-23 09:20:00
2022-02-23 10:35:59,733 [simulator_env.py | 175] INFO: Get 59 unallocated orders, 32 ongoing orders, 30 completed orders.
2022-02-23 10:36:03,428 [simulator_env.py | 100] INFO: Finish the dispatch.
2022-02-23 10:36:03,433 [simulator_env.py | 278] INFO: 2022-02-23 09:20:00, Order 09101800062: state = 1 < 2, we can not finish the simulation
2022-02-23 10:36:03,437 [simulator_env.py | 87] INFO: **************************************************
2022-02-23 10:36:03,437 [simulator_env.py | 91] INFO: cur time: 2022-02-23 09:30:00, pre time: 2022-02-23 09:20:00
2022-02-23 10:36:03,440 [simulator_env.py | 147] INFO: Start to update the input of 2022-02-23 09:30:00
2022-02-23 10:36:03,471 [simulator_env.py | 175] INFO: Get 57 unallocated orders, 31 ongoing orders, 90 completed orders.
2022-02-23 10:36:08,170 [simulator_env.py | 100] INFO: Finish the dispatch.
2022-02-23 10:36:08,175 [simulator_env.py | 278] INFO: 2022-02-23 09:30:00, Order 09201000121: state = 1 < 2, we can not finish the simulation
2022-02-23 10:36:08,178 [simulator_env.py | 87] INFO: **************************************************
2022-02-23 10:36:08,178 [simulator_env.py | 91] INFO: cur time: 2022-02-23 09:40:00, pre time: 2022-02-23 09:30:00
2022-02-23 10:36:08,178 [simulator_env.py | 147] INFO: Start to update the input of 2022-02-23 09:40:00
2022-02-23 10:36:08,211 [simulator_env.py | 175] INFO: Get 48 unallocated orders, 38 ongoing orders, 140 completed orders.
2022-02-23 10:36:12,623 [simulator_env.py | 100] INFO: Finish the dispatch.
2022-02-23 10:36:12,629 [simulator_env.py | 278] INFO: 2022-02-23 09:40:00, Order 09300500178: state = 1 < 2, we can not finish the simulation
2022-02-23 10:36:12,632 [simulator_env.py | 87] INFO: **************************************************
2022-02-23 10:36:12,632 [simulator_env.py | 91] INFO: cur time: 2022-02-23 09:50:00, pre time: 2022-02-23 09:40:00
2022-02-23 10:36:12,633 [simulator_env.py | 147] INFO: Start to update the input of 2022-02-23 09:50:00
2022-02-23 10:36:12,667 [simulator_env.py | 175] INFO: Get 63 unallocated orders, 31 ongoing orders, 195 completed orders.
2022-02-23 10:36:16,903 [simulator_env.py | 100] INFO: Finish the dispatch.
2022-02-23 10:36:16,908 [simulator_env.py | 278] INFO: 2022-02-23 09:50:00, Order 09401200226: state = 1 < 2, we can not finish the simulation
2022-02-23 10:36:16,911 [simulator_env.py | 87] INFO: **************************************************
2022-02-23 10:36:16,911 [simulator_env.py | 91] INFO: cur time: 2022-02-23 10:00:00, pre time: 2022-02-23 09:50:00
2022-02-23 10:36:16,912 [simulator_env.py | 147] INFO: Start to update the input of 2022-02-23 10:00:00
2022-02-23 10:36:16,952 [simulator_env.py | 175] INFO: Get 77 unallocated orders, 43 ongoing orders, 245 completed orders.
2022-02-23 10:36:20,783 [simulator_env.py | 100] INFO: Finish the dispatch.
2022-02-23 10:36:20,788 [simulator_env.py | 278] INFO: 2022-02-23 10:00:00, Order 09413900238: state = 1 < 2, we can not finish the simulation
2022-02-23 10:36:20,790 [simulator_env.py | 87] INFO: **************************************************
2022-02-23 10:36:20,791 [simulator_env.py | 91] INFO: cur time: 2022-02-23 10:10:00, pre time: 2022-02-23 10:00:00
2022-02-23 10:36:20,792 [simulator_env.py | 147] INFO: Start to update the input of 2022-02-23 10:10:00
2022-02-23 10:36:20,853 [simulator_env.py | 175] INFO: Get 96 unallocated orders, 52 ongoing orders, 309 completed orders.
2022-02-23 10:36:24,784 [simulator_env.py | 100] INFO: Finish the dispatch.
2022-02-23 10:36:24,790 [simulator_env.py | 278] INFO: 2022-02-23 10:10:00, Order 09575800348: state = 1 < 2, we can not finish the simulation
2022-02-23 10:36:24,795 [simulator_env.py | 87] INFO: **************************************************
2022-02-23 10:36:24,795 [simulator_env.py | 91] INFO: cur time: 2022-02-23 10:20:00, pre time: 2022-02-23 10:10:00
2022-02-23 10:36:24,796 [simulator_env.py | 147] INFO: Start to update the input of 2022-02-23 10:20:00
2022-02-23 10:36:24,855 [simulator_env.py | 175] INFO: Get 94 unallocated orders, 52 ongoing orders, 381 completed orders.
2022-02-23 10:36:28,940 [simulator_env.py | 100] INFO: Finish the dispatch.
2022-02-23 10:36:28,947 [simulator_env.py | 278] INFO: 2022-02-23 10:20:00, Order 10061700412: state = 1 < 2, we can not finish the simulation
2022-02-23 10:36:28,950 [simulator_env.py | 87] INFO: **************************************************
2022-02-23 10:36:28,950 [simulator_env.py | 91] INFO: cur time: 2022-02-23 10:30:00, pre time: 2022-02-23 10:20:00
2022-02-23 10:36:28,950 [simulator_env.py | 147] INFO: Start to update the input of 2022-02-23 10:30:00
2022-02-23 10:36:29,004 [simulator_env.py | 175] INFO: Get 90 unallocated orders, 48 ongoing orders, 461 completed orders.
2022-02-23 10:36:32,809 [simulator_env.py | 100] INFO: Finish the dispatch.
2022-02-23 10:36:32,815 [simulator_env.py | 278] INFO: 2022-02-23 10:30:00, Order 10152400491: state = 1 < 2, we can not finish the simulation
2022-02-23 10:36:32,818 [simulator_env.py | 87] INFO: **************************************************
2022-02-23 10:36:32,818 [simulator_env.py | 91] INFO: cur time: 2022-02-23 10:40:00, pre time: 2022-02-23 10:30:00
2022-02-23 10:36:32,818 [simulator_env.py | 147] INFO: Start to update the input of 2022-02-23 10:40:00
2022-02-23 10:36:32,881 [simulator_env.py | 175] INFO: Get 93 unallocated orders, 41 ongoing orders, 543 completed orders.
2022-02-23 10:36:36,719 [simulator_env.py | 100] INFO: Finish the dispatch.
2022-02-23 10:36:36,726 [simulator_env.py | 278] INFO: 2022-02-23 10:40:00, Order 10253500568: state = 1 < 2, we can not finish the simulation
2022-02-23 10:36:36,728 [simulator_env.py | 87] INFO: **************************************************
2022-02-23 10:36:36,728 [simulator_env.py | 91] INFO: cur time: 2022-02-23 10:50:00, pre time: 2022-02-23 10:40:00
2022-02-23 10:36:36,728 [simulator_env.py | 147] INFO: Start to update the input of 2022-02-23 10:50:00
2022-02-23 10:36:36,784 [simulator_env.py | 175] INFO: Get 110 unallocated orders, 55 ongoing orders, 604 completed orders.
2022-02-23 10:36:40,513 [simulator_env.py | 100] INFO: Finish the dispatch.
2022-02-23 10:36:40,519 [simulator_env.py | 278] INFO: 2022-02-23 10:50:00, Order 10304400604: state = 1 < 2, we can not finish the simulation
2022-02-23 10:36:40,521 [simulator_env.py | 87] INFO: **************************************************
2022-02-23 10:36:40,521 [simulator_env.py | 91] INFO: cur time: 2022-02-23 11:00:00, pre time: 2022-02-23 10:50:00
2022-02-23 10:36:40,521 [simulator_env.py | 147] INFO: Start to update the input of 2022-02-23 11:00:00
2022-02-23 10:36:40,586 [simulator_env.py | 175] INFO: Get 124 unallocated orders, 59 ongoing orders, 676 completed orders.
2022-02-23 10:36:43,789 [simulator_env.py | 100] INFO: Finish the dispatch.
2022-02-23 10:36:43,795 [simulator_env.py | 278] INFO: 2022-02-23 11:00:00, Order 10442700708: state = 1 < 2, we can not finish the simulation
2022-02-23 10:36:43,799 [simulator_env.py | 87] INFO: **************************************************
2022-02-23 10:36:43,799 [simulator_env.py | 91] INFO: cur time: 2022-02-23 11:10:00, pre time: 2022-02-23 11:00:00
2022-02-23 10:36:43,800 [simulator_env.py | 147] INFO: Start to update the input of 2022-02-23 11:10:00
2022-02-23 10:36:43,893 [simulator_env.py | 175] INFO: Get 113 unallocated orders, 67 ongoing orders, 763 completed orders.
2022-02-23 10:36:46,798 [simulator_env.py | 100] INFO: Finish the dispatch.
2022-02-23 10:36:46,804 [simulator_env.py | 278] INFO: 2022-02-23 11:10:00, Order 10515300787: state = 1 < 2, we can not finish the simulation
2022-02-23 10:36:46,807 [simulator_env.py | 87] INFO: **************************************************
2022-02-23 10:36:46,807 [simulator_env.py | 91] INFO: cur time: 2022-02-23 11:20:00, pre time: 2022-02-23 11:10:00
2022-02-23 10:36:46,808 [simulator_env.py | 147] INFO: Start to update the input of 2022-02-23 11:20:00
2022-02-23 10:36:46,876 [simulator_env.py | 175] INFO: Get 112 unallocated orders, 64 ongoing orders, 843 completed orders.
2022-02-23 10:36:49,911 [simulator_env.py | 100] INFO: Finish the dispatch.
2022-02-23 10:36:49,920 [simulator_env.py | 278] INFO: 2022-02-23 11:20:00, Order 10562200827: state = 1 < 2, we can not finish the simulation
2022-02-23 10:36:49,924 [simulator_env.py | 87] INFO: **************************************************
2022-02-23 10:36:49,925 [simulator_env.py | 91] INFO: cur time: 2022-02-23 11:30:00, pre time: 2022-02-23 11:20:00
2022-02-23 10:36:49,926 [simulator_env.py | 147] INFO: Start to update the input of 2022-02-23 11:30:00
2022-02-23 10:36:49,994 [simulator_env.py | 175] INFO: Get 104 unallocated orders, 60 ongoing orders, 923 completed orders.
2022-02-23 10:36:53,038 [simulator_env.py | 100] INFO: Finish the dispatch.
2022-02-23 10:36:53,045 [simulator_env.py | 278] INFO: 2022-02-23 11:30:00, Order 11113300952: state = 1 < 2, we can not finish the simulation
2022-02-23 10:36:53,048 [simulator_env.py | 87] INFO: **************************************************
2022-02-23 10:36:53,048 [simulator_env.py | 91] INFO: cur time: 2022-02-23 11:40:00, pre time: 2022-02-23 11:30:00
2022-02-23 10:36:53,048 [simulator_env.py | 147] INFO: Start to update the input of 2022-02-23 11:40:00
2022-02-23 10:36:53,174 [simulator_env.py | 175] INFO: Get 102 unallocated orders, 50 ongoing orders, 1007 completed orders.
2022-02-23 10:36:56,065 [simulator_env.py | 100] INFO: Finish the dispatch.
2022-02-23 10:36:56,070 [simulator_env.py | 278] INFO: 2022-02-23 11:40:00, Order 11171400993: state = 1 < 2, we can not finish the simulation
2022-02-23 10:36:56,072 [simulator_env.py | 87] INFO: **************************************************
2022-02-23 10:36:56,073 [simulator_env.py | 91] INFO: cur time: 2022-02-23 11:50:00, pre time: 2022-02-23 11:40:00
2022-02-23 10:36:56,074 [simulator_env.py | 147] INFO: Start to update the input of 2022-02-23 11:50:00
2022-02-23 10:36:56,131 [simulator_env.py | 175] INFO: Get 93 unallocated orders, 58 ongoing orders, 1079 completed orders.
2022-02-23 10:36:59,452 [simulator_env.py | 100] INFO: Finish the dispatch.
2022-02-23 10:36:59,461 [simulator_env.py | 278] INFO: 2022-02-23 11:50:00, Order 11350601118: state = 1 < 2, we can not finish the simulation
2022-02-23 10:36:59,465 [simulator_env.py | 87] INFO: **************************************************
2022-02-23 10:36:59,465 [simulator_env.py | 91] INFO: cur time: 2022-02-23 12:00:00, pre time: 2022-02-23 11:50:00
2022-02-23 10:36:59,467 [simulator_env.py | 147] INFO: Start to update the input of 2022-02-23 12:00:00
2022-02-23 10:36:59,529 [simulator_env.py | 175] INFO: Get 100 unallocated orders, 52 ongoing orders, 1154 completed orders.
2022-02-23 10:37:02,522 [simulator_env.py | 100] INFO: Finish the dispatch.
2022-02-23 10:37:02,527 [simulator_env.py | 278] INFO: 2022-02-23 12:00:00, Order 11393301156: state = 1 < 2, we can not finish the simulation
2022-02-23 10:37:02,529 [simulator_env.py | 87] INFO: **************************************************
2022-02-23 10:37:02,529 [simulator_env.py | 91] INFO: cur time: 2022-02-23 12:10:00, pre time: 2022-02-23 12:00:00
2022-02-23 10:37:02,529 [simulator_env.py | 147] INFO: Start to update the input of 2022-02-23 12:10:00
2022-02-23 10:37:02,577 [simulator_env.py | 175] INFO: Get 67 unallocated orders, 46 ongoing orders, 1229 completed orders.
2022-02-23 10:37:05,513 [simulator_env.py | 100] INFO: Finish the dispatch.
2022-02-23 10:37:05,520 [simulator_env.py | 278] INFO: 2022-02-23 12:10:00, Order 11535601259: state = 1 < 2, we can not finish the simulation
2022-02-23 10:37:05,522 [simulator_env.py | 87] INFO: **************************************************
2022-02-23 10:37:05,522 [simulator_env.py | 91] INFO: cur time: 2022-02-23 12:20:00, pre time: 2022-02-23 12:10:00
2022-02-23 10:37:05,522 [simulator_env.py | 147] INFO: Start to update the input of 2022-02-23 12:20:00
2022-02-23 10:37:05,544 [simulator_env.py | 175] INFO: Get 50 unallocated orders, 41 ongoing orders, 1299 completed orders.
2022-02-23 10:37:08,521 [simulator_env.py | 100] INFO: Finish the dispatch.
2022-02-23 10:37:08,526 [simulator_env.py | 278] INFO: 2022-02-23 12:20:00, Order 12091401338: state = 1 < 2, we can not finish the simulation
2022-02-23 10:37:08,528 [simulator_env.py | 87] INFO: **************************************************
2022-02-23 10:37:08,528 [simulator_env.py | 91] INFO: cur time: 2022-02-23 12:30:00, pre time: 2022-02-23 12:20:00
2022-02-23 10:37:08,528 [simulator_env.py | 147] INFO: Start to update the input of 2022-02-23 12:30:00
2022-02-23 10:37:08,553 [simulator_env.py | 175] INFO: Get 47 unallocated orders, 39 ongoing orders, 1351 completed orders.
2022-02-23 10:37:12,072 [simulator_env.py | 100] INFO: Finish the dispatch.
2022-02-23 10:37:12,077 [simulator_env.py | 278] INFO: 2022-02-23 12:30:00, Order 12200901390: state = 1 < 2, we can not finish the simulation
2022-02-23 10:37:12,079 [simulator_env.py | 87] INFO: **************************************************
2022-02-23 10:37:12,079 [simulator_env.py | 91] INFO: cur time: 2022-02-23 12:40:00, pre time: 2022-02-23 12:30:00
2022-02-23 10:37:12,080 [simulator_env.py | 147] INFO: Start to update the input of 2022-02-23 12:40:00
2022-02-23 10:37:12,103 [simulator_env.py | 175] INFO: Get 38 unallocated orders, 40 ongoing orders, 1397 completed orders.
2022-02-23 10:37:15,667 [simulator_env.py | 100] INFO: Finish the dispatch.
2022-02-23 10:37:15,672 [simulator_env.py | 278] INFO: 2022-02-23 12:40:00, Order 12301301437: state = 1 < 2, we can not finish the simulation
2022-02-23 10:37:15,674 [simulator_env.py | 87] INFO: **************************************************
2022-02-23 10:37:15,675 [simulator_env.py | 91] INFO: cur time: 2022-02-23 12:50:00, pre time: 2022-02-23 12:40:00
2022-02-23 10:37:15,676 [simulator_env.py | 147] INFO: Start to update the input of 2022-02-23 12:50:00
2022-02-23 10:37:15,702 [simulator_env.py | 175] INFO: Get 36 unallocated orders, 27 ongoing orders, 1448 completed orders.
2022-02-23 10:37:18,721 [simulator_env.py | 100] INFO: Finish the dispatch.
2022-02-23 10:37:18,725 [simulator_env.py | 278] INFO: 2022-02-23 12:50:00, Order 12401201475: state = 1 < 2, we can not finish the simulation
2022-02-23 10:37:18,727 [simulator_env.py | 87] INFO: **************************************************
2022-02-23 10:37:18,727 [simulator_env.py | 91] INFO: cur time: 2022-02-23 13:00:00, pre time: 2022-02-23 12:50:00
2022-02-23 10:37:18,727 [simulator_env.py | 147] INFO: Start to update the input of 2022-02-23 13:00:00
2022-02-23 10:37:18,747 [simulator_env.py | 175] INFO: Get 34 unallocated orders, 22 ongoing orders, 1489 completed orders.
2022-02-23 10:37:21,617 [simulator_env.py | 100] INFO: Finish the dispatch.
2022-02-23 10:37:21,621 [simulator_env.py | 278] INFO: 2022-02-23 13:00:00, Order 12500701511: state = 1 < 2, we can not finish the simulation
2022-02-23 10:37:21,622 [simulator_env.py | 87] INFO: **************************************************
2022-02-23 10:37:21,622 [simulator_env.py | 91] INFO: cur time: 2022-02-23 13:10:00, pre time: 2022-02-23 13:00:00
2022-02-23 10:37:21,622 [simulator_env.py | 147] INFO: Start to update the input of 2022-02-23 13:10:00
2022-02-23 10:37:21,639 [simulator_env.py | 175] INFO: Get 34 unallocated orders, 21 ongoing orders, 1524 completed orders.
2022-02-23 10:37:24,772 [simulator_env.py | 100] INFO: Finish the dispatch.
2022-02-23 10:37:24,775 [simulator_env.py | 278] INFO: 2022-02-23 13:10:00, Order 13002101545: state = 1 < 2, we can not finish the simulation
2022-02-23 10:37:24,776 [simulator_env.py | 87] INFO: **************************************************
2022-02-23 10:37:24,776 [simulator_env.py | 91] INFO: cur time: 2022-02-23 13:20:00, pre time: 2022-02-23 13:10:00
2022-02-23 10:37:24,776 [simulator_env.py | 147] INFO: Start to update the input of 2022-02-23 13:20:00
2022-02-23 10:37:24,791 [simulator_env.py | 175] INFO: Get 23 unallocated orders, 23 ongoing orders, 1556 completed orders.
2022-02-23 10:37:27,703 [simulator_env.py | 100] INFO: Finish the dispatch.
2022-02-23 10:37:27,706 [simulator_env.py | 278] INFO: 2022-02-23 13:20:00, Order 13100401579: state = 1 < 2, we can not finish the simulation
2022-02-23 10:37:27,708 [simulator_env.py | 87] INFO: **************************************************
2022-02-23 10:37:27,708 [simulator_env.py | 91] INFO: cur time: 2022-02-23 13:30:00, pre time: 2022-02-23 13:20:00
2022-02-23 10:37:27,709 [simulator_env.py | 147] INFO: Start to update the input of 2022-02-23 13:30:00
2022-02-23 10:37:27,720 [simulator_env.py | 175] INFO: Get 43 unallocated orders, 17 ongoing orders, 1585 completed orders.
2022-02-23 10:37:30,755 [simulator_env.py | 100] INFO: Finish the dispatch.
2022-02-23 10:37:30,758 [simulator_env.py | 278] INFO: 2022-02-23 13:30:00, Order 13200801602: state = 1 < 2, we can not finish the simulation
2022-02-23 10:37:30,760 [simulator_env.py | 87] INFO: **************************************************
2022-02-23 10:37:30,760 [simulator_env.py | 91] INFO: cur time: 2022-02-23 13:40:00, pre time: 2022-02-23 13:30:00
2022-02-23 10:37:30,760 [simulator_env.py | 147] INFO: Start to update the input of 2022-02-23 13:40:00
2022-02-23 10:37:30,774 [simulator_env.py | 175] INFO: Get 17 unallocated orders, 33 ongoing orders, 1612 completed orders.
2022-02-23 10:37:33,659 [simulator_env.py | 100] INFO: Finish the dispatch.
2022-02-23 10:37:33,664 [simulator_env.py | 278] INFO: 2022-02-23 13:40:00, Order 13300501645: state = 1 < 2, we can not finish the simulation
2022-02-23 10:37:33,665 [simulator_env.py | 87] INFO: **************************************************
2022-02-23 10:37:33,665 [simulator_env.py | 91] INFO: cur time: 2022-02-23 13:50:00, pre time: 2022-02-23 13:40:00
2022-02-23 10:37:33,666 [simulator_env.py | 147] INFO: Start to update the input of 2022-02-23 13:50:00
2022-02-23 10:37:33,676 [simulator_env.py | 175] INFO: Get 32 unallocated orders, 10 ongoing orders, 1652 completed orders.
2022-02-23 10:37:37,221 [simulator_env.py | 100] INFO: Finish the dispatch.
2022-02-23 10:37:37,224 [simulator_env.py | 278] INFO: 2022-02-23 13:50:00, Order 13400801662: state = 1 < 2, we can not finish the simulation
2022-02-23 10:37:37,225 [simulator_env.py | 87] INFO: **************************************************
2022-02-23 10:37:37,225 [simulator_env.py | 91] INFO: cur time: 2022-02-23 14:00:00, pre time: 2022-02-23 13:50:00
2022-02-23 10:37:37,225 [simulator_env.py | 147] INFO: Start to update the input of 2022-02-23 14:00:00
2022-02-23 10:37:37,242 [simulator_env.py | 175] INFO: Get 32 unallocated orders, 23 ongoing orders, 1671 completed orders.
2022-02-23 10:37:42,032 [simulator_env.py | 100] INFO: Finish the dispatch.
2022-02-23 10:37:42,036 [simulator_env.py | 278] INFO: 2022-02-23 14:00:00, Order 13500301694: state = 1 < 2, we can not finish the simulation
2022-02-23 10:37:42,038 [simulator_env.py | 87] INFO: **************************************************
2022-02-23 10:37:42,038 [simulator_env.py | 91] INFO: cur time: 2022-02-23 14:10:00, pre time: 2022-02-23 14:00:00
2022-02-23 10:37:42,038 [simulator_env.py | 147] INFO: Start to update the input of 2022-02-23 14:10:00
2022-02-23 10:37:42,065 [simulator_env.py | 175] INFO: Get 26 unallocated orders, 20 ongoing orders, 1706 completed orders.
2022-02-23 10:37:46,117 [simulator_env.py | 100] INFO: Finish the dispatch.
2022-02-23 10:37:46,121 [simulator_env.py | 278] INFO: 2022-02-23 14:10:00, Order 14005001726: state = 1 < 2, we can not finish the simulation
2022-02-23 10:37:46,123 [simulator_env.py | 87] INFO: **************************************************
2022-02-23 10:37:46,123 [simulator_env.py | 91] INFO: cur time: 2022-02-23 14:20:00, pre time: 2022-02-23 14:10:00
2022-02-23 10:37:46,123 [simulator_env.py | 147] INFO: Start to update the input of 2022-02-23 14:20:00
2022-02-23 10:37:46,142 [simulator_env.py | 175] INFO: Get 33 unallocated orders, 22 ongoing orders, 1730 completed orders.
2022-02-23 10:37:50,002 [simulator_env.py | 100] INFO: Finish the dispatch.
2022-02-23 10:37:50,005 [simulator_env.py | 278] INFO: 2022-02-23 14:20:00, Order 14100601752: state = 1 < 2, we can not finish the simulation
2022-02-23 10:37:50,006 [simulator_env.py | 87] INFO: **************************************************
2022-02-23 10:37:50,006 [simulator_env.py | 91] INFO: cur time: 2022-02-23 14:30:00, pre time: 2022-02-23 14:20:00
2022-02-23 10:37:50,007 [simulator_env.py | 147] INFO: Start to update the input of 2022-02-23 14:30:00
2022-02-23 10:37:50,023 [simulator_env.py | 175] INFO: Get 33 unallocated orders, 18 ongoing orders, 1767 completed orders.
2022-02-23 10:37:53,795 [simulator_env.py | 100] INFO: Finish the dispatch.
2022-02-23 10:37:53,798 [simulator_env.py | 278] INFO: 2022-02-23 14:30:00, Order 14204201785: state = 1 < 2, we can not finish the simulation
2022-02-23 10:37:53,799 [simulator_env.py | 87] INFO: **************************************************
2022-02-23 10:37:53,800 [simulator_env.py | 91] INFO: cur time: 2022-02-23 14:40:00, pre time: 2022-02-23 14:30:00
2022-02-23 10:37:53,800 [simulator_env.py | 147] INFO: Start to update the input of 2022-02-23 14:40:00
2022-02-23 10:37:53,824 [simulator_env.py | 175] INFO: Get 31 unallocated orders, 19 ongoing orders, 1799 completed orders.
2022-02-23 10:37:59,489 [simulator_env.py | 100] INFO: Finish the dispatch.
2022-02-23 10:37:59,493 [simulator_env.py | 278] INFO: 2022-02-23 14:40:00, Order 14301001818: state = 1 < 2, we can not finish the simulation
2022-02-23 10:37:59,494 [simulator_env.py | 87] INFO: **************************************************
2022-02-23 10:37:59,494 [simulator_env.py | 91] INFO: cur time: 2022-02-23 14:50:00, pre time: 2022-02-23 14:40:00
2022-02-23 10:37:59,494 [simulator_env.py | 147] INFO: Start to update the input of 2022-02-23 14:50:00
2022-02-23 10:37:59,516 [simulator_env.py | 175] INFO: Get 22 unallocated orders, 17 ongoing orders, 1832 completed orders.
2022-02-23 10:38:03,655 [simulator_env.py | 100] INFO: Finish the dispatch.
2022-02-23 10:38:03,659 [simulator_env.py | 278] INFO: 2022-02-23 14:50:00, Order 14401901849: state = 1 < 2, we can not finish the simulation
2022-02-23 10:38:03,660 [simulator_env.py | 87] INFO: **************************************************
2022-02-23 10:38:03,660 [simulator_env.py | 91] INFO: cur time: 2022-02-23 15:00:00, pre time: 2022-02-23 14:50:00
2022-02-23 10:38:03,660 [simulator_env.py | 147] INFO: Start to update the input of 2022-02-23 15:00:00
2022-02-23 10:38:03,675 [simulator_env.py | 175] INFO: Get 27 unallocated orders, 13 ongoing orders, 1858 completed orders.
2022-02-23 10:38:07,678 [simulator_env.py | 100] INFO: Finish the dispatch.
2022-02-23 10:38:07,682 [simulator_env.py | 278] INFO: 2022-02-23 15:00:00, Order 14502001871: state = 1 < 2, we can not finish the simulation
2022-02-23 10:38:07,683 [simulator_env.py | 87] INFO: **************************************************
2022-02-23 10:38:07,684 [simulator_env.py | 91] INFO: cur time: 2022-02-23 15:10:00, pre time: 2022-02-23 15:00:00
2022-02-23 10:38:07,684 [simulator_env.py | 147] INFO: Start to update the input of 2022-02-23 15:10:00
2022-02-23 10:38:07,703 [simulator_env.py | 175] INFO: Get 0 unallocated orders, 19 ongoing orders, 1879 completed orders.
2022-02-23 10:38:11,651 [simulator_env.py | 100] INFO: Finish the dispatch.
2022-02-23 10:38:11,653 [simulator_env.py | 281] INFO: 2022-02-23 15:10:00, the status of all orders is greater than 1, we could finish the simulation
2022-02-23 10:38:11,657 [simulator_env.py | 124] INFO: finished the left ongoing orders
2022-02-23 10:38:11,657 [evaluator.py    | 116] INFO: Traveling Distance of driver D_1 is  80.110, visited node list: 30
2022-02-23 10:38:11,659 [evaluator.py    | 116] INFO: Traveling Distance of driver D_2 is  104.890, visited node list: 38
2022-02-23 10:38:11,660 [evaluator.py    | 116] INFO: Traveling Distance of driver D_3 is  125.910, visited node list: 52
2022-02-23 10:38:11,660 [evaluator.py    | 116] INFO: Traveling Distance of driver D_4 is  70.520, visited node list: 26
2022-02-23 10:38:11,661 [evaluator.py    | 116] INFO: Traveling Distance of driver D_5 is  127.690, visited node list: 51
2022-02-23 10:38:11,661 [evaluator.py    | 116] INFO: Traveling Distance of driver D_6 is  131.930, visited node list: 46
2022-02-23 10:38:11,662 [evaluator.py    | 116] INFO: Traveling Distance of driver D_7 is  100.390, visited node list: 34
2022-02-23 10:38:11,662 [evaluator.py    | 116] INFO: Traveling Distance of driver D_8 is  130.230, visited node list: 47
2022-02-23 10:38:11,663 [evaluator.py    | 116] INFO: Traveling Distance of driver D_9 is  116.170, visited node list: 47
2022-02-23 10:38:11,663 [evaluator.py    | 116] INFO: Traveling Distance of driver D_10 is  125.460, visited node list: 49
2022-02-23 10:38:11,664 [evaluator.py    | 116] INFO: Traveling Distance of driver D_11 is  128.970, visited node list: 53
2022-02-23 10:38:11,665 [evaluator.py    | 116] INFO: Traveling Distance of driver D_12 is  126.610, visited node list: 52
2022-02-23 10:38:11,666 [evaluator.py    | 116] INFO: Traveling Distance of driver D_13 is  131.800, visited node list: 52
2022-02-23 10:38:11,666 [evaluator.py    | 116] INFO: Traveling Distance of driver D_14 is  124.440, visited node list: 47
2022-02-23 10:38:11,667 [evaluator.py    | 116] INFO: Traveling Distance of driver D_15 is  122.590, visited node list: 46
2022-02-23 10:38:11,667 [evaluator.py    | 116] INFO: Traveling Distance of driver D_16 is  128.930, visited node list: 48
2022-02-23 10:38:11,668 [evaluator.py    | 116] INFO: Traveling Distance of driver D_17 is  130.590, visited node list: 43
2022-02-23 10:38:11,669 [evaluator.py    | 116] INFO: Traveling Distance of driver D_18 is  134.420, visited node list: 46
2022-02-23 10:38:11,670 [evaluator.py    | 116] INFO: Traveling Distance of driver D_19 is  125.550, visited node list: 57
2022-02-23 10:38:11,670 [evaluator.py    | 116] INFO: Traveling Distance of driver D_20 is  119.360, visited node list: 51
2022-02-23 10:38:11,671 [evaluator.py    | 116] INFO: Traveling Distance of driver D_21 is  130.480, visited node list: 46
2022-02-23 10:38:11,671 [evaluator.py    | 116] INFO: Traveling Distance of driver D_22 is  136.080, visited node list: 44
2022-02-23 10:38:11,672 [evaluator.py    | 116] INFO: Traveling Distance of driver D_23 is  135.630, visited node list: 45
2022-02-23 10:38:11,672 [evaluator.py    | 116] INFO: Traveling Distance of driver D_24 is  129.440, visited node list: 47
2022-02-23 10:38:11,672 [evaluator.py    | 116] INFO: Traveling Distance of driver D_25 is  128.180, visited node list: 53
2022-02-23 10:38:11,673 [evaluator.py    | 116] INFO: Traveling Distance of driver D_26 is  121.370, visited node list: 47
2022-02-23 10:38:11,673 [evaluator.py    | 116] INFO: Traveling Distance of driver D_27 is  136.280, visited node list: 49
2022-02-23 10:38:11,678 [evaluator.py    | 116] INFO: Traveling Distance of driver D_28 is  126.900, visited node list: 45
2022-02-23 10:38:11,679 [evaluator.py    | 116] INFO: Traveling Distance of driver D_29 is  131.540, visited node list: 42
2022-02-23 10:38:11,679 [evaluator.py    | 116] INFO: Traveling Distance of driver D_30 is  132.200, visited node list: 47
2022-02-23 10:38:11,679 [evaluator.py    | 116] INFO: Traveling Distance of driver D_31 is  131.730, visited node list: 44
2022-02-23 10:38:11,680 [evaluator.py    | 116] INFO: Traveling Distance of driver D_32 is  126.200, visited node list: 44
2022-02-23 10:38:11,680 [evaluator.py    | 116] INFO: Traveling Distance of driver D_33 is  119.110, visited node list: 40
2022-02-23 10:38:11,682 [evaluator.py    | 116] INFO: Traveling Distance of driver D_34 is  124.500, visited node list: 51
2022-02-23 10:38:11,683 [evaluator.py    | 116] INFO: Traveling Distance of driver D_35 is  131.190, visited node list: 46
2022-02-23 10:38:11,684 [evaluator.py    | 116] INFO: Traveling Distance of driver D_36 is  118.990, visited node list: 52
2022-02-23 10:38:11,684 [evaluator.py    | 116] INFO: Traveling Distance of driver D_37 is  126.290, visited node list: 47
2022-02-23 10:38:11,685 [evaluator.py    | 116] INFO: Traveling Distance of driver D_38 is  116.200, visited node list: 49
2022-02-23 10:38:11,686 [evaluator.py    | 116] INFO: Traveling Distance of driver D_39 is  130.670, visited node list: 49
2022-02-23 10:38:11,686 [evaluator.py    | 116] INFO: Traveling Distance of driver D_40 is  125.830, visited node list: 53
2022-02-23 10:38:11,687 [evaluator.py    | 116] INFO: Traveling Distance of driver D_41 is  125.070, visited node list: 45
2022-02-23 10:38:11,688 [evaluator.py    | 116] INFO: Traveling Distance of driver D_42 is  122.740, visited node list: 41
2022-02-23 10:38:11,688 [evaluator.py    | 116] INFO: Traveling Distance of driver D_43 is  116.990, visited node list: 47
2022-02-23 10:38:11,688 [evaluator.py    | 116] INFO: Traveling Distance of driver D_44 is  119.260, visited node list: 45
2022-02-23 10:38:11,689 [evaluator.py    | 116] INFO: Traveling Distance of driver D_45 is  116.350, visited node list: 42
2022-02-23 10:38:11,689 [evaluator.py    | 116] INFO: Traveling Distance of driver D_46 is  103.380, visited node list: 45
2022-02-23 10:38:11,690 [evaluator.py    | 116] INFO: Traveling Distance of driver D_47 is  117.570, visited node list: 47
2022-02-23 10:38:11,690 [evaluator.py    | 116] INFO: Traveling Distance of driver D_48 is  112.870, visited node list: 43
2022-02-23 10:38:11,690 [evaluator.py    | 116] INFO: Traveling Distance of driver D_49 is  116.750, visited node list: 45
2022-02-23 10:38:11,690 [evaluator.py    | 116] INFO: Traveling Distance of driver D_50 is  104.950, visited node list: 43
2022-02-23 10:38:11,691 [evaluator.py    | 116] INFO: Traveling Distance of driver D_51 is  116.680, visited node list: 49
2022-02-23 10:38:11,691 [evaluator.py    | 116] INFO: Traveling Distance of driver D_52 is  108.010, visited node list: 43
2022-02-23 10:38:11,691 [evaluator.py    | 116] INFO: Traveling Distance of driver D_53 is  110.710, visited node list: 49
2022-02-23 10:38:11,692 [evaluator.py    | 116] INFO: Traveling Distance of driver D_54 is  92.940, visited node list: 41
2022-02-23 10:38:11,692 [evaluator.py    | 116] INFO: Traveling Distance of driver D_55 is  101.030, visited node list: 33
2022-02-23 10:38:11,695 [evaluator.py    | 116] INFO: Traveling Distance of driver D_56 is  100.260, visited node list: 39
2022-02-23 10:38:11,696 [evaluator.py    | 116] INFO: Traveling Distance of driver D_57 is  107.780, visited node list: 37
2022-02-23 10:38:11,696 [evaluator.py    | 116] INFO: Traveling Distance of driver D_58 is  98.470, visited node list: 37
2022-02-23 10:38:11,696 [evaluator.py    | 116] INFO: Traveling Distance of driver D_59 is  103.550, visited node list: 40
2022-02-23 10:38:11,697 [evaluator.py    | 116] INFO: Traveling Distance of driver D_60 is  78.120, visited node list: 38
2022-02-23 10:38:11,697 [evaluator.py    | 116] INFO: Traveling Distance of driver D_61 is  90.370, visited node list: 35
2022-02-23 10:38:11,697 [evaluator.py    | 116] INFO: Traveling Distance of driver D_62 is  88.180, visited node list: 35
2022-02-23 10:38:11,698 [evaluator.py    | 116] INFO: Traveling Distance of driver D_63 is  88.220, visited node list: 33
2022-02-23 10:38:11,698 [evaluator.py    | 116] INFO: Traveling Distance of driver D_64 is  89.590, visited node list: 35
2022-02-23 10:38:11,702 [evaluator.py    | 116] INFO: Traveling Distance of driver D_65 is  76.180, visited node list: 29
2022-02-23 10:38:11,703 [evaluator.py    | 116] INFO: Traveling Distance of driver D_66 is  80.720, visited node list: 29
2022-02-23 10:38:11,703 [evaluator.py    | 116] INFO: Traveling Distance of driver D_67 is  71.980, visited node list: 27
2022-02-23 10:38:11,703 [evaluator.py    | 116] INFO: Traveling Distance of driver D_68 is  65.030, visited node list: 25
2022-02-23 10:38:11,703 [evaluator.py    | 116] INFO: Traveling Distance of driver D_69 is  79.430, visited node list: 25
2022-02-23 10:38:11,704 [evaluator.py    | 116] INFO: Traveling Distance of driver D_70 is  77.610, visited node list: 27
2022-02-23 10:38:11,704 [evaluator.py    | 116] INFO: Traveling Distance of driver D_71 is  77.560, visited node list: 25
2022-02-23 10:38:11,704 [evaluator.py    | 116] INFO: Traveling Distance of driver D_72 is  68.170, visited node list: 31
2022-02-23 10:38:11,705 [evaluator.py    | 116] INFO: Traveling Distance of driver D_73 is  72.860, visited node list: 29
2022-02-23 10:38:11,705 [evaluator.py    | 116] INFO: Traveling Distance of driver D_74 is  76.620, visited node list: 33
2022-02-23 10:38:11,705 [evaluator.py    | 116] INFO: Traveling Distance of driver D_75 is  77.430, visited node list: 29
2022-02-23 10:38:11,705 [evaluator.py    | 116] INFO: Traveling Distance of driver D_76 is  75.110, visited node list: 27
2022-02-23 10:38:11,705 [evaluator.py    | 116] INFO: Traveling Distance of driver D_77 is  72.430, visited node list: 29
2022-02-23 10:38:11,706 [evaluator.py    | 116] INFO: Traveling Distance of driver D_78 is  76.890, visited node list: 29
2022-02-23 10:38:11,706 [evaluator.py    | 116] INFO: Traveling Distance of driver D_79 is  75.290, visited node list: 23
2022-02-23 10:38:11,706 [evaluator.py    | 116] INFO: Traveling Distance of driver D_80 is  64.580, visited node list: 29
2022-02-23 10:38:11,708 [evaluator.py    | 116] INFO: Traveling Distance of driver D_81 is  73.990, visited node list: 27
2022-02-23 10:38:11,708 [evaluator.py    | 116] INFO: Traveling Distance of driver D_82 is  72.030, visited node list: 27
2022-02-23 10:38:11,709 [evaluator.py    | 116] INFO: Traveling Distance of driver D_83 is  63.720, visited node list: 25
2022-02-23 10:38:11,709 [evaluator.py    | 116] INFO: Traveling Distance of driver D_84 is  66.640, visited node list: 27
2022-02-23 10:38:11,709 [evaluator.py    | 116] INFO: Traveling Distance of driver D_85 is  67.580, visited node list: 29
2022-02-23 10:38:11,710 [evaluator.py    | 116] INFO: Traveling Distance of driver D_86 is  69.330, visited node list: 27
2022-02-23 10:38:11,710 [evaluator.py    | 116] INFO: Traveling Distance of driver D_87 is  67.380, visited node list: 31
2022-02-23 10:38:11,710 [evaluator.py    | 116] INFO: Traveling Distance of driver D_88 is  65.990, visited node list: 25
2022-02-23 10:38:11,711 [evaluator.py    | 116] INFO: Traveling Distance of driver D_89 is  76.280, visited node list: 27
2022-02-23 10:38:11,711 [evaluator.py    | 116] INFO: Traveling Distance of driver D_90 is  69.230, visited node list: 25
2022-02-23 10:38:11,711 [evaluator.py    | 116] INFO: Traveling Distance of driver D_91 is  56.980, visited node list: 27
2022-02-23 10:38:11,712 [evaluator.py    | 116] INFO: Traveling Distance of driver D_92 is  62.400, visited node list: 25
2022-02-23 10:38:11,712 [evaluator.py    | 116] INFO: Traveling Distance of driver D_93 is  56.740, visited node list: 23
2022-02-23 10:38:11,712 [evaluator.py    | 116] INFO: Traveling Distance of driver D_94 is  54.340, visited node list: 23
2022-02-23 10:38:11,713 [evaluator.py    | 116] INFO: Traveling Distance of driver D_95 is  62.880, visited node list: 19
2022-02-23 10:38:11,713 [evaluator.py    | 116] INFO: Traveling Distance of driver D_96 is  52.900, visited node list: 25
2022-02-23 10:38:11,713 [evaluator.py    | 116] INFO: Traveling Distance of driver D_97 is  59.930, visited node list: 23
2022-02-23 10:38:11,714 [evaluator.py    | 116] INFO: Traveling Distance of driver D_98 is  50.370, visited node list: 21
2022-02-23 10:38:11,714 [evaluator.py    | 116] INFO: Traveling Distance of driver D_99 is  52.610, visited node list: 21
2022-02-23 10:38:11,715 [evaluator.py    | 116] INFO: Traveling Distance of driver D_100 is  52.090, visited node list: 24
2022-02-23 10:38:11,715 [evaluator.py    | 116] INFO: Traveling Distance of driver D_101 is  45.910, visited node list: 23
2022-02-23 10:38:11,715 [evaluator.py    | 116] INFO: Traveling Distance of driver D_102 is  57.840, visited node list: 19
2022-02-23 10:38:11,715 [evaluator.py    | 116] INFO: Traveling Distance of driver D_103 is  57.750, visited node list: 21
2022-02-23 10:38:11,716 [evaluator.py    | 116] INFO: Traveling Distance of driver D_104 is  51.420, visited node list: 23
2022-02-23 10:38:11,716 [evaluator.py    | 116] INFO: Traveling Distance of driver D_105 is  50.860, visited node list: 21
2022-02-23 10:38:11,716 [evaluator.py    | 18] INFO: Total distance:  10180.290
2022-02-23 10:38:11,891 [evaluator.py    | 22] INFO: Sum over time:  1917.000
2022-02-23 10:38:11,891 [evaluator.py    | 26] INFO: Total score:  5421.955
2022-02-23 10:38:12,217 [main.py         | 43] INFO: Score of instance_66: 5421.955142857143
