2022-02-23 11:21:20,327 [main.py         | 38] INFO: Start to run /Users/yangjingfeng/Library/CloudStorage/OneDrive-Personal/Public/PhD Study/Papers/Food_Delivery/Code/Food_delivery_simulator/Benchmark/Instance_medium: instance_79
2022-02-23 11:21:20,328 [simulator_api.py | 43] INFO: Start time of the simulator: 2022-02-23 09:00:00, time interval:  600.00
2022-02-23 11:21:21,001 [input_utils.py  | 35] INFO: Get 3052 locations
2022-02-23 11:21:21,025 [input_utils.py  | 39] INFO: Get 130 drivers
2022-02-23 11:21:21,672 [input_utils.py  | 43] INFO: Get 1957 orders
2022-02-23 11:21:21,673 [simulator_api.py | 75] INFO: Initial position of D_1 is 371 Beach Rd, Singapore 199597, Singapore
2022-02-23 11:21:21,673 [simulator_api.py | 75] INFO: Initial position of D_2 is Bukit Merah View Market & Hawker Centre
2022-02-23 11:21:21,674 [simulator_api.py | 75] INFO: Initial position of D_3 is 417 River Valley Rd, Singapore 248316, Singapore
2022-02-23 11:21:21,674 [simulator_api.py | 75] INFO: Initial position of D_4 is 54 South Bridge Rd, Singapore 058685, Singapore
2022-02-23 11:21:21,674 [simulator_api.py | 75] INFO: Initial position of D_5 is Bukit Merah View Market & Hawker Centre
2022-02-23 11:21:21,674 [simulator_api.py | 75] INFO: Initial position of D_6 is Maxwell Food Centre
2022-02-23 11:21:21,674 [simulator_api.py | 75] INFO: Initial position of D_7 is Alexandra Village Food Centre
2022-02-23 11:21:21,674 [simulator_api.py | 75] INFO: Initial position of D_8 is Golden Mile Food Centre
2022-02-23 11:21:21,674 [simulator_api.py | 75] INFO: Initial position of D_9 is Amoy Street Food Centre
2022-02-23 11:21:21,674 [simulator_api.py | 75] INFO: Initial position of D_10 is Bukit Merah View Market & Hawker Centre
2022-02-23 11:21:21,674 [simulator_api.py | 75] INFO: Initial position of D_11 is 54 South Bridge Rd, Singapore 058685, Singapore
2022-02-23 11:21:21,674 [simulator_api.py | 75] INFO: Initial position of D_12 is 417 River Valley Rd, Singapore 248316, Singapore
2022-02-23 11:21:21,674 [simulator_api.py | 75] INFO: Initial position of D_13 is 371 Beach Rd, Singapore 199597, Singapore
2022-02-23 11:21:21,674 [simulator_api.py | 75] INFO: Initial position of D_14 is Alexandra Village Food Centre
2022-02-23 11:21:21,675 [simulator_api.py | 75] INFO: Initial position of D_15 is Amoy Street Food Centre
2022-02-23 11:21:21,675 [simulator_api.py | 75] INFO: Initial position of D_16 is Tiong Bahru Market
2022-02-23 11:21:21,675 [simulator_api.py | 75] INFO: Initial position of D_17 is 66 Kg Bugis, Singapore 338987, Singapore
2022-02-23 11:21:21,675 [simulator_api.py | 75] INFO: Initial position of D_18 is 54 South Bridge Rd, Singapore 058685, Singapore
2022-02-23 11:21:21,675 [simulator_api.py | 75] INFO: Initial position of D_19 is 54 South Bridge Rd, Singapore 058685, Singapore
2022-02-23 11:21:21,675 [simulator_api.py | 75] INFO: Initial position of D_20 is 37 Cuppage Rd, Singapore 229460, Singapore
2022-02-23 11:21:21,676 [simulator_api.py | 75] INFO: Initial position of D_21 is Golden Mile Food Centre
2022-02-23 11:21:21,676 [simulator_api.py | 75] INFO: Initial position of D_22 is Old Airport Road Food Centre
2022-02-23 11:21:21,676 [simulator_api.py | 75] INFO: Initial position of D_23 is Alexandra Village Food Centre
2022-02-23 11:21:21,676 [simulator_api.py | 75] INFO: Initial position of D_24 is Old Airport Road Food Centre
2022-02-23 11:21:21,676 [simulator_api.py | 75] INFO: Initial position of D_25 is 417 River Valley Rd, Singapore 248316, Singapore
2022-02-23 11:21:21,676 [simulator_api.py | 75] INFO: Initial position of D_26 is Hong Lim Food Centre
2022-02-23 11:21:21,676 [simulator_api.py | 75] INFO: Initial position of D_27 is 66 Kg Bugis, Singapore 338987, Singapore
2022-02-23 11:21:21,676 [simulator_api.py | 75] INFO: Initial position of D_28 is 417 River Valley Rd, Singapore 248316, Singapore
2022-02-23 11:21:21,676 [simulator_api.py | 75] INFO: Initial position of D_29 is Alexandra Village Food Centre
2022-02-23 11:21:21,676 [simulator_api.py | 75] INFO: Initial position of D_30 is 54 South Bridge Rd, Singapore 058685, Singapore
2022-02-23 11:21:21,677 [simulator_api.py | 75] INFO: Initial position of D_31 is Golden Mile Food Centre
2022-02-23 11:21:21,677 [simulator_api.py | 75] INFO: Initial position of D_32 is 36 Boat Quay, Singapore 049825, Singapore
2022-02-23 11:21:21,677 [simulator_api.py | 75] INFO: Initial position of D_33 is 417 River Valley Rd, Singapore 248316, Singapore
2022-02-23 11:21:21,677 [simulator_api.py | 75] INFO: Initial position of D_34 is 66 Kg Bugis, Singapore 338987, Singapore
2022-02-23 11:21:21,677 [simulator_api.py | 75] INFO: Initial position of D_35 is 54 South Bridge Rd, Singapore 058685, Singapore
2022-02-23 11:21:21,677 [simulator_api.py | 75] INFO: Initial position of D_36 is Old Airport Road Food Centre
2022-02-23 11:21:21,677 [simulator_api.py | 75] INFO: Initial position of D_37 is Alexandra Village Food Centre
2022-02-23 11:21:21,677 [simulator_api.py | 75] INFO: Initial position of D_38 is Hong Lim Food Centre
2022-02-23 11:21:21,677 [simulator_api.py | 75] INFO: Initial position of D_39 is 36 Boat Quay, Singapore 049825, Singapore
2022-02-23 11:21:21,678 [simulator_api.py | 75] INFO: Initial position of D_40 is Hong Lim Food Centre
2022-02-23 11:21:21,678 [simulator_api.py | 75] INFO: Initial position of D_41 is 54 South Bridge Rd, Singapore 058685, Singapore
2022-02-23 11:21:21,678 [simulator_api.py | 75] INFO: Initial position of D_42 is 371 Beach Rd, Singapore 199597, Singapore
2022-02-23 11:21:21,678 [simulator_api.py | 75] INFO: Initial position of D_43 is Zion Riverside Food Centre
2022-02-23 11:21:21,679 [simulator_api.py | 75] INFO: Initial position of D_44 is Tiong Bahru Market
2022-02-23 11:21:21,679 [simulator_api.py | 75] INFO: Initial position of D_45 is Amoy Street Food Centre
2022-02-23 11:21:21,679 [simulator_api.py | 75] INFO: Initial position of D_46 is Golden Mile Food Centre
2022-02-23 11:21:21,680 [simulator_api.py | 75] INFO: Initial position of D_47 is Hong Lim Food Centre
2022-02-23 11:21:21,680 [simulator_api.py | 75] INFO: Initial position of D_48 is Tiong Bahru Market
2022-02-23 11:21:21,680 [simulator_api.py | 75] INFO: Initial position of D_49 is Bukit Merah View Market & Hawker Centre
2022-02-23 11:21:21,680 [simulator_api.py | 75] INFO: Initial position of D_50 is Tiong Bahru Market
2022-02-23 11:21:21,680 [simulator_api.py | 75] INFO: Initial position of D_51 is 66 Kg Bugis, Singapore 338987, Singapore
2022-02-23 11:21:21,680 [simulator_api.py | 75] INFO: Initial position of D_52 is Zion Riverside Food Centre
2022-02-23 11:21:21,680 [simulator_api.py | 75] INFO: Initial position of D_53 is 54 South Bridge Rd, Singapore 058685, Singapore
2022-02-23 11:21:21,680 [simulator_api.py | 75] INFO: Initial position of D_54 is 37 Cuppage Rd, Singapore 229460, Singapore
2022-02-23 11:21:21,681 [simulator_api.py | 75] INFO: Initial position of D_55 is Golden Mile Food Centre
2022-02-23 11:21:21,681 [simulator_api.py | 75] INFO: Initial position of D_56 is Amoy Street Food Centre
2022-02-23 11:21:21,681 [simulator_api.py | 75] INFO: Initial position of D_57 is Amoy Street Food Centre
2022-02-23 11:21:21,681 [simulator_api.py | 75] INFO: Initial position of D_58 is 371 Beach Rd, Singapore 199597, Singapore
2022-02-23 11:21:21,682 [simulator_api.py | 75] INFO: Initial position of D_59 is Golden Mile Food Centre
2022-02-23 11:21:21,682 [simulator_api.py | 75] INFO: Initial position of D_60 is Alexandra Village Food Centre
2022-02-23 11:21:21,682 [simulator_api.py | 75] INFO: Initial position of D_61 is Maxwell Food Centre
2022-02-23 11:21:21,682 [simulator_api.py | 75] INFO: Initial position of D_62 is 417 River Valley Rd, Singapore 248316, Singapore
2022-02-23 11:21:21,682 [simulator_api.py | 75] INFO: Initial position of D_63 is 54 South Bridge Rd, Singapore 058685, Singapore
2022-02-23 11:21:21,682 [simulator_api.py | 75] INFO: Initial position of D_64 is Golden Mile Food Centre
2022-02-23 11:21:21,682 [simulator_api.py | 75] INFO: Initial position of D_65 is 54 South Bridge Rd, Singapore 058685, Singapore
2022-02-23 11:21:21,683 [simulator_api.py | 75] INFO: Initial position of D_66 is Maxwell Food Centre
2022-02-23 11:21:21,683 [simulator_api.py | 75] INFO: Initial position of D_67 is Hong Lim Food Centre
2022-02-23 11:21:21,683 [simulator_api.py | 75] INFO: Initial position of D_68 is 36 Boat Quay, Singapore 049825, Singapore
2022-02-23 11:21:21,683 [simulator_api.py | 75] INFO: Initial position of D_69 is 371 Beach Rd, Singapore 199597, Singapore
2022-02-23 11:21:21,683 [simulator_api.py | 75] INFO: Initial position of D_70 is Bukit Merah View Market & Hawker Centre
2022-02-23 11:21:21,683 [simulator_api.py | 75] INFO: Initial position of D_71 is 36 Boat Quay, Singapore 049825, Singapore
2022-02-23 11:21:21,683 [simulator_api.py | 75] INFO: Initial position of D_72 is 371 Beach Rd, Singapore 199597, Singapore
2022-02-23 11:21:21,684 [simulator_api.py | 75] INFO: Initial position of D_73 is 417 River Valley Rd, Singapore 248316, Singapore
2022-02-23 11:21:21,684 [simulator_api.py | 75] INFO: Initial position of D_74 is Zion Riverside Food Centre
2022-02-23 11:21:21,684 [simulator_api.py | 75] INFO: Initial position of D_75 is Zion Riverside Food Centre
2022-02-23 11:21:21,684 [simulator_api.py | 75] INFO: Initial position of D_76 is Maxwell Food Centre
2022-02-23 11:21:21,684 [simulator_api.py | 75] INFO: Initial position of D_77 is 66 Kg Bugis, Singapore 338987, Singapore
2022-02-23 11:21:21,684 [simulator_api.py | 75] INFO: Initial position of D_78 is Amoy Street Food Centre
2022-02-23 11:21:21,684 [simulator_api.py | 75] INFO: Initial position of D_79 is 371 Beach Rd, Singapore 199597, Singapore
2022-02-23 11:21:21,684 [simulator_api.py | 75] INFO: Initial position of D_80 is 371 Beach Rd, Singapore 199597, Singapore
2022-02-23 11:21:21,684 [simulator_api.py | 75] INFO: Initial position of D_81 is Tiong Bahru Market
2022-02-23 11:21:21,684 [simulator_api.py | 75] INFO: Initial position of D_82 is 37 Cuppage Rd, Singapore 229460, Singapore
2022-02-23 11:21:21,685 [simulator_api.py | 75] INFO: Initial position of D_83 is 36 Boat Quay, Singapore 049825, Singapore
2022-02-23 11:21:21,686 [simulator_api.py | 75] INFO: Initial position of D_84 is Tiong Bahru Market
2022-02-23 11:21:21,686 [simulator_api.py | 75] INFO: Initial position of D_85 is 36 Boat Quay, Singapore 049825, Singapore
2022-02-23 11:21:21,686 [simulator_api.py | 75] INFO: Initial position of D_86 is 371 Beach Rd, Singapore 199597, Singapore
2022-02-23 11:21:21,686 [simulator_api.py | 75] INFO: Initial position of D_87 is Hong Lim Food Centre
2022-02-23 11:21:21,686 [simulator_api.py | 75] INFO: Initial position of D_88 is 37 Cuppage Rd, Singapore 229460, Singapore
2022-02-23 11:21:21,686 [simulator_api.py | 75] INFO: Initial position of D_89 is 54 South Bridge Rd, Singapore 058685, Singapore
2022-02-23 11:21:21,686 [simulator_api.py | 75] INFO: Initial position of D_90 is 66 Kg Bugis, Singapore 338987, Singapore
2022-02-23 11:21:21,686 [simulator_api.py | 75] INFO: Initial position of D_91 is 37 Cuppage Rd, Singapore 229460, Singapore
2022-02-23 11:21:21,686 [simulator_api.py | 75] INFO: Initial position of D_92 is 37 Cuppage Rd, Singapore 229460, Singapore
2022-02-23 11:21:21,686 [simulator_api.py | 75] INFO: Initial position of D_93 is 417 River Valley Rd, Singapore 248316, Singapore
2022-02-23 11:21:21,687 [simulator_api.py | 75] INFO: Initial position of D_94 is Old Airport Road Food Centre
2022-02-23 11:21:21,687 [simulator_api.py | 75] INFO: Initial position of D_95 is 417 River Valley Rd, Singapore 248316, Singapore
2022-02-23 11:21:21,687 [simulator_api.py | 75] INFO: Initial position of D_96 is Golden Mile Food Centre
2022-02-23 11:21:21,687 [simulator_api.py | 75] INFO: Initial position of D_97 is Amoy Street Food Centre
2022-02-23 11:21:21,687 [simulator_api.py | 75] INFO: Initial position of D_98 is Hong Lim Food Centre
2022-02-23 11:21:21,687 [simulator_api.py | 75] INFO: Initial position of D_99 is Hong Lim Food Centre
2022-02-23 11:21:21,687 [simulator_api.py | 75] INFO: Initial position of D_100 is Tiong Bahru Market
2022-02-23 11:21:21,688 [simulator_api.py | 75] INFO: Initial position of D_101 is 54 South Bridge Rd, Singapore 058685, Singapore
2022-02-23 11:21:21,688 [simulator_api.py | 75] INFO: Initial position of D_102 is Golden Mile Food Centre
2022-02-23 11:21:21,688 [simulator_api.py | 75] INFO: Initial position of D_103 is 54 South Bridge Rd, Singapore 058685, Singapore
2022-02-23 11:21:21,688 [simulator_api.py | 75] INFO: Initial position of D_104 is Amoy Street Food Centre
2022-02-23 11:21:21,688 [simulator_api.py | 75] INFO: Initial position of D_105 is Hong Lim Food Centre
2022-02-23 11:21:21,688 [simulator_api.py | 75] INFO: Initial position of D_106 is Alexandra Village Food Centre
2022-02-23 11:21:21,688 [simulator_api.py | 75] INFO: Initial position of D_107 is Golden Mile Food Centre
2022-02-23 11:21:21,688 [simulator_api.py | 75] INFO: Initial position of D_108 is Alexandra Village Food Centre
2022-02-23 11:21:21,688 [simulator_api.py | 75] INFO: Initial position of D_109 is 36 Boat Quay, Singapore 049825, Singapore
2022-02-23 11:21:21,688 [simulator_api.py | 75] INFO: Initial position of D_110 is Hong Lim Food Centre
2022-02-23 11:21:21,688 [simulator_api.py | 75] INFO: Initial position of D_111 is Golden Mile Food Centre
2022-02-23 11:21:21,689 [simulator_api.py | 75] INFO: Initial position of D_112 is Tiong Bahru Market
2022-02-23 11:21:21,689 [simulator_api.py | 75] INFO: Initial position of D_113 is 371 Beach Rd, Singapore 199597, Singapore
2022-02-23 11:21:21,690 [simulator_api.py | 75] INFO: Initial position of D_114 is 54 South Bridge Rd, Singapore 058685, Singapore
2022-02-23 11:21:21,690 [simulator_api.py | 75] INFO: Initial position of D_115 is Golden Mile Food Centre
2022-02-23 11:21:21,690 [simulator_api.py | 75] INFO: Initial position of D_116 is 37 Cuppage Rd, Singapore 229460, Singapore
2022-02-23 11:21:21,690 [simulator_api.py | 75] INFO: Initial position of D_117 is 417 River Valley Rd, Singapore 248316, Singapore
2022-02-23 11:21:21,690 [simulator_api.py | 75] INFO: Initial position of D_118 is 66 Kg Bugis, Singapore 338987, Singapore
2022-02-23 11:21:21,690 [simulator_api.py | 75] INFO: Initial position of D_119 is Golden Mile Food Centre
2022-02-23 11:21:21,690 [simulator_api.py | 75] INFO: Initial position of D_120 is 66 Kg Bugis, Singapore 338987, Singapore
2022-02-23 11:21:21,690 [simulator_api.py | 75] INFO: Initial position of D_121 is Alexandra Village Food Centre
2022-02-23 11:21:21,690 [simulator_api.py | 75] INFO: Initial position of D_122 is Amoy Street Food Centre
2022-02-23 11:21:21,691 [simulator_api.py | 75] INFO: Initial position of D_123 is Hong Lim Food Centre
2022-02-23 11:21:21,691 [simulator_api.py | 75] INFO: Initial position of D_124 is 66 Kg Bugis, Singapore 338987, Singapore
2022-02-23 11:21:21,691 [simulator_api.py | 75] INFO: Initial position of D_125 is 417 River Valley Rd, Singapore 248316, Singapore
2022-02-23 11:21:21,691 [simulator_api.py | 75] INFO: Initial position of D_126 is Bukit Merah View Market & Hawker Centre
2022-02-23 11:21:21,691 [simulator_api.py | 75] INFO: Initial position of D_127 is Tiong Bahru Market
2022-02-23 11:21:21,691 [simulator_api.py | 75] INFO: Initial position of D_128 is 66 Kg Bugis, Singapore 338987, Singapore
2022-02-23 11:21:21,691 [simulator_api.py | 75] INFO: Initial position of D_129 is 37 Cuppage Rd, Singapore 229460, Singapore
2022-02-23 11:21:21,691 [simulator_api.py | 75] INFO: Initial position of D_130 is Alexandra Village Food Centre
2022-02-23 11:21:21,723 [simulator_env.py | 87] INFO: **************************************************
2022-02-23 11:21:21,723 [simulator_env.py | 91] INFO: cur time: 2022-02-23 09:10:00, pre time: 2022-02-23 09:00:00
2022-02-23 11:21:21,724 [simulator_env.py | 147] INFO: Start to update the input of 2022-02-23 09:10:00
2022-02-23 11:21:21,730 [simulator_env.py | 175] INFO: Get 49 unallocated orders, 0 ongoing orders, 0 completed orders.
2022-02-23 11:21:28,468 [simulator_env.py | 100] INFO: Finish the dispatch.
2022-02-23 11:21:28,470 [simulator_env.py | 278] INFO: 2022-02-23 09:10:00, Order 09000800000: state = 1 < 2, we can not finish the simulation
2022-02-23 11:21:28,471 [simulator_env.py | 87] INFO: **************************************************
2022-02-23 11:21:28,471 [simulator_env.py | 91] INFO: cur time: 2022-02-23 09:20:00, pre time: 2022-02-23 09:10:00
2022-02-23 11:21:28,471 [simulator_env.py | 147] INFO: Start to update the input of 2022-02-23 09:20:00
2022-02-23 11:21:28,490 [simulator_env.py | 175] INFO: Get 57 unallocated orders, 25 ongoing orders, 24 completed orders.
2022-02-23 11:21:35,005 [simulator_env.py | 100] INFO: Finish the dispatch.
2022-02-23 11:21:35,009 [simulator_env.py | 278] INFO: 2022-02-23 09:20:00, Order 09101100049: state = 1 < 2, we can not finish the simulation
2022-02-23 11:21:35,010 [simulator_env.py | 87] INFO: **************************************************
2022-02-23 11:21:35,011 [simulator_env.py | 91] INFO: cur time: 2022-02-23 09:30:00, pre time: 2022-02-23 09:20:00
2022-02-23 11:21:35,011 [simulator_env.py | 147] INFO: Start to update the input of 2022-02-23 09:30:00
2022-02-23 11:21:35,041 [simulator_env.py | 175] INFO: Get 67 unallocated orders, 33 ongoing orders, 73 completed orders.
2022-02-23 11:21:41,566 [simulator_env.py | 100] INFO: Finish the dispatch.
2022-02-23 11:21:41,571 [simulator_env.py | 278] INFO: 2022-02-23 09:30:00, Order 09203200106: state = 1 < 2, we can not finish the simulation
2022-02-23 11:21:41,575 [simulator_env.py | 87] INFO: **************************************************
2022-02-23 11:21:41,575 [simulator_env.py | 91] INFO: cur time: 2022-02-23 09:40:00, pre time: 2022-02-23 09:30:00
2022-02-23 11:21:41,576 [simulator_env.py | 147] INFO: Start to update the input of 2022-02-23 09:40:00
2022-02-23 11:21:41,623 [simulator_env.py | 175] INFO: Get 53 unallocated orders, 49 ongoing orders, 124 completed orders.
2022-02-23 11:21:48,248 [simulator_env.py | 100] INFO: Finish the dispatch.
2022-02-23 11:21:48,253 [simulator_env.py | 278] INFO: 2022-02-23 09:40:00, Order 09302600173: state = 1 < 2, we can not finish the simulation
2022-02-23 11:21:48,255 [simulator_env.py | 87] INFO: **************************************************
2022-02-23 11:21:48,256 [simulator_env.py | 91] INFO: cur time: 2022-02-23 09:50:00, pre time: 2022-02-23 09:40:00
2022-02-23 11:21:48,256 [simulator_env.py | 147] INFO: Start to update the input of 2022-02-23 09:50:00
2022-02-23 11:21:48,281 [simulator_env.py | 175] INFO: Get 83 unallocated orders, 42 ongoing orders, 184 completed orders.
2022-02-23 11:21:54,842 [simulator_env.py | 100] INFO: Finish the dispatch.
2022-02-23 11:21:54,847 [simulator_env.py | 278] INFO: 2022-02-23 09:50:00, Order 09401100226: state = 1 < 2, we can not finish the simulation
2022-02-23 11:21:54,850 [simulator_env.py | 87] INFO: **************************************************
2022-02-23 11:21:54,850 [simulator_env.py | 91] INFO: cur time: 2022-02-23 10:00:00, pre time: 2022-02-23 09:50:00
2022-02-23 11:21:54,850 [simulator_env.py | 147] INFO: Start to update the input of 2022-02-23 10:00:00
2022-02-23 11:21:54,913 [simulator_env.py | 175] INFO: Get 78 unallocated orders, 52 ongoing orders, 257 completed orders.
2022-02-23 11:22:01,504 [simulator_env.py | 100] INFO: Finish the dispatch.
2022-02-23 11:22:01,513 [simulator_env.py | 278] INFO: 2022-02-23 10:00:00, Order 09500800309: state = 1 < 2, we can not finish the simulation
2022-02-23 11:22:01,517 [simulator_env.py | 87] INFO: **************************************************
2022-02-23 11:22:01,517 [simulator_env.py | 91] INFO: cur time: 2022-02-23 10:10:00, pre time: 2022-02-23 10:00:00
2022-02-23 11:22:01,518 [simulator_env.py | 147] INFO: Start to update the input of 2022-02-23 10:10:00
2022-02-23 11:22:01,582 [simulator_env.py | 175] INFO: Get 67 unallocated orders, 59 ongoing orders, 327 completed orders.
2022-02-23 11:22:08,157 [simulator_env.py | 100] INFO: Finish the dispatch.
2022-02-23 11:22:08,163 [simulator_env.py | 278] INFO: 2022-02-23 10:10:00, Order 09593700385: state = 1 < 2, we can not finish the simulation
2022-02-23 11:22:08,166 [simulator_env.py | 87] INFO: **************************************************
2022-02-23 11:22:08,167 [simulator_env.py | 91] INFO: cur time: 2022-02-23 10:20:00, pre time: 2022-02-23 10:10:00
2022-02-23 11:22:08,167 [simulator_env.py | 147] INFO: Start to update the input of 2022-02-23 10:20:00
2022-02-23 11:22:08,225 [simulator_env.py | 175] INFO: Get 82 unallocated orders, 47 ongoing orders, 406 completed orders.
2022-02-23 11:22:16,663 [simulator_env.py | 100] INFO: Finish the dispatch.
2022-02-23 11:22:16,668 [simulator_env.py | 278] INFO: 2022-02-23 10:20:00, Order 10100300453: state = 1 < 2, we can not finish the simulation
2022-02-23 11:22:16,670 [simulator_env.py | 87] INFO: **************************************************
2022-02-23 11:22:16,671 [simulator_env.py | 91] INFO: cur time: 2022-02-23 10:30:00, pre time: 2022-02-23 10:20:00
2022-02-23 11:22:16,671 [simulator_env.py | 147] INFO: Start to update the input of 2022-02-23 10:30:00
2022-02-23 11:22:16,727 [simulator_env.py | 175] INFO: Get 86 unallocated orders, 50 ongoing orders, 483 completed orders.
2022-02-23 11:22:28,323 [simulator_env.py | 100] INFO: Finish the dispatch.
2022-02-23 11:22:28,334 [simulator_env.py | 278] INFO: 2022-02-23 10:30:00, Order 10195300532: state = 1 < 2, we can not finish the simulation
2022-02-23 11:22:28,338 [simulator_env.py | 87] INFO: **************************************************
2022-02-23 11:22:28,338 [simulator_env.py | 91] INFO: cur time: 2022-02-23 10:40:00, pre time: 2022-02-23 10:30:00
2022-02-23 11:22:28,338 [simulator_env.py | 147] INFO: Start to update the input of 2022-02-23 10:40:00
2022-02-23 11:22:28,407 [simulator_env.py | 175] INFO: Get 76 unallocated orders, 55 ongoing orders, 559 completed orders.
2022-02-23 11:22:40,224 [simulator_env.py | 100] INFO: Finish the dispatch.
2022-02-23 11:22:40,237 [simulator_env.py | 278] INFO: 2022-02-23 10:40:00, Order 10254800580: state = 1 < 2, we can not finish the simulation
2022-02-23 11:22:40,243 [simulator_env.py | 87] INFO: **************************************************
2022-02-23 11:22:40,245 [simulator_env.py | 91] INFO: cur time: 2022-02-23 10:50:00, pre time: 2022-02-23 10:40:00
2022-02-23 11:22:40,246 [simulator_env.py | 147] INFO: Start to update the input of 2022-02-23 10:50:00
2022-02-23 11:22:40,330 [simulator_env.py | 175] INFO: Get 92 unallocated orders, 44 ongoing orders, 643 completed orders.
2022-02-23 11:22:47,871 [simulator_env.py | 100] INFO: Finish the dispatch.
2022-02-23 11:22:47,877 [simulator_env.py | 278] INFO: 2022-02-23 10:50:00, Order 10301200621: state = 1 < 2, we can not finish the simulation
2022-02-23 11:22:47,879 [simulator_env.py | 87] INFO: **************************************************
2022-02-23 11:22:47,879 [simulator_env.py | 91] INFO: cur time: 2022-02-23 11:00:00, pre time: 2022-02-23 10:50:00
2022-02-23 11:22:47,880 [simulator_env.py | 147] INFO: Start to update the input of 2022-02-23 11:00:00
2022-02-23 11:22:47,920 [simulator_env.py | 175] INFO: Get 96 unallocated orders, 52 ongoing orders, 723 completed orders.
2022-02-23 11:22:54,363 [simulator_env.py | 100] INFO: Finish the dispatch.
2022-02-23 11:22:54,372 [simulator_env.py | 278] INFO: 2022-02-23 11:00:00, Order 10492800771: state = 1 < 2, we can not finish the simulation
2022-02-23 11:22:54,375 [simulator_env.py | 87] INFO: **************************************************
2022-02-23 11:22:54,375 [simulator_env.py | 91] INFO: cur time: 2022-02-23 11:10:00, pre time: 2022-02-23 11:00:00
2022-02-23 11:22:54,375 [simulator_env.py | 147] INFO: Start to update the input of 2022-02-23 11:10:00
2022-02-23 11:22:54,429 [simulator_env.py | 175] INFO: Get 102 unallocated orders, 55 ongoing orders, 804 completed orders.
2022-02-23 11:23:01,997 [simulator_env.py | 100] INFO: Finish the dispatch.
2022-02-23 11:23:02,003 [simulator_env.py | 278] INFO: 2022-02-23 11:10:00, Order 10571900846: state = 1 < 2, we can not finish the simulation
2022-02-23 11:23:02,006 [simulator_env.py | 87] INFO: **************************************************
2022-02-23 11:23:02,007 [simulator_env.py | 91] INFO: cur time: 2022-02-23 11:20:00, pre time: 2022-02-23 11:10:00
2022-02-23 11:23:02,007 [simulator_env.py | 147] INFO: Start to update the input of 2022-02-23 11:20:00
2022-02-23 11:23:02,067 [simulator_env.py | 175] INFO: Get 95 unallocated orders, 63 ongoing orders, 888 completed orders.
2022-02-23 11:23:08,929 [simulator_env.py | 100] INFO: Finish the dispatch.
2022-02-23 11:23:08,947 [simulator_env.py | 278] INFO: 2022-02-23 11:20:00, Order 11070200934: state = 1 < 2, we can not finish the simulation
2022-02-23 11:23:08,964 [simulator_env.py | 87] INFO: **************************************************
2022-02-23 11:23:08,965 [simulator_env.py | 91] INFO: cur time: 2022-02-23 11:30:00, pre time: 2022-02-23 11:20:00
2022-02-23 11:23:08,966 [simulator_env.py | 147] INFO: Start to update the input of 2022-02-23 11:30:00
2022-02-23 11:23:09,033 [simulator_env.py | 175] INFO: Get 88 unallocated orders, 50 ongoing orders, 978 completed orders.
2022-02-23 11:23:16,767 [simulator_env.py | 100] INFO: Finish the dispatch.
2022-02-23 11:23:16,775 [simulator_env.py | 278] INFO: 2022-02-23 11:30:00, Order 11155401018: state = 1 < 2, we can not finish the simulation
2022-02-23 11:23:16,778 [simulator_env.py | 87] INFO: **************************************************
2022-02-23 11:23:16,779 [simulator_env.py | 91] INFO: cur time: 2022-02-23 11:40:00, pre time: 2022-02-23 11:30:00
2022-02-23 11:23:16,779 [simulator_env.py | 147] INFO: Start to update the input of 2022-02-23 11:40:00
2022-02-23 11:23:16,843 [simulator_env.py | 175] INFO: Get 84 unallocated orders, 49 ongoing orders, 1062 completed orders.
2022-02-23 11:23:27,321 [simulator_env.py | 100] INFO: Finish the dispatch.
2022-02-23 11:23:27,330 [simulator_env.py | 278] INFO: 2022-02-23 11:40:00, Order 11242601075: state = 1 < 2, we can not finish the simulation
2022-02-23 11:23:27,333 [simulator_env.py | 87] INFO: **************************************************
2022-02-23 11:23:27,334 [simulator_env.py | 91] INFO: cur time: 2022-02-23 11:50:00, pre time: 2022-02-23 11:40:00
2022-02-23 11:23:27,334 [simulator_env.py | 147] INFO: Start to update the input of 2022-02-23 11:50:00
2022-02-23 11:23:27,386 [simulator_env.py | 175] INFO: Get 78 unallocated orders, 61 ongoing orders, 1132 completed orders.
2022-02-23 11:23:34,532 [simulator_env.py | 100] INFO: Finish the dispatch.
2022-02-23 11:23:34,542 [simulator_env.py | 278] INFO: 2022-02-23 11:50:00, Order 11374701179: state = 1 < 2, we can not finish the simulation
2022-02-23 11:23:34,545 [simulator_env.py | 87] INFO: **************************************************
2022-02-23 11:23:34,546 [simulator_env.py | 91] INFO: cur time: 2022-02-23 12:00:00, pre time: 2022-02-23 11:50:00
2022-02-23 11:23:34,546 [simulator_env.py | 147] INFO: Start to update the input of 2022-02-23 12:00:00
2022-02-23 11:23:34,591 [simulator_env.py | 175] INFO: Get 78 unallocated orders, 57 ongoing orders, 1208 completed orders.
2022-02-23 11:23:42,095 [simulator_env.py | 100] INFO: Finish the dispatch.
2022-02-23 11:23:42,107 [simulator_env.py | 278] INFO: 2022-02-23 12:00:00, Order 11482301259: state = 1 < 2, we can not finish the simulation
2022-02-23 11:23:42,111 [simulator_env.py | 87] INFO: **************************************************
2022-02-23 11:23:42,111 [simulator_env.py | 91] INFO: cur time: 2022-02-23 12:10:00, pre time: 2022-02-23 12:00:00
2022-02-23 11:23:42,112 [simulator_env.py | 147] INFO: Start to update the input of 2022-02-23 12:10:00
2022-02-23 11:23:42,156 [simulator_env.py | 175] INFO: Get 58 unallocated orders, 44 ongoing orders, 1295 completed orders.
2022-02-23 11:23:48,899 [simulator_env.py | 100] INFO: Finish the dispatch.
2022-02-23 11:23:48,905 [simulator_env.py | 278] INFO: 2022-02-23 12:10:00, Order 11582901333: state = 1 < 2, we can not finish the simulation
2022-02-23 11:23:48,907 [simulator_env.py | 87] INFO: **************************************************
2022-02-23 11:23:48,907 [simulator_env.py | 91] INFO: cur time: 2022-02-23 12:20:00, pre time: 2022-02-23 12:10:00
2022-02-23 11:23:48,907 [simulator_env.py | 147] INFO: Start to update the input of 2022-02-23 12:20:00
2022-02-23 11:23:48,940 [simulator_env.py | 175] INFO: Get 42 unallocated orders, 40 ongoing orders, 1357 completed orders.
2022-02-23 11:23:56,003 [simulator_env.py | 100] INFO: Finish the dispatch.
2022-02-23 11:23:56,009 [simulator_env.py | 278] INFO: 2022-02-23 12:20:00, Order 12100501397: state = 1 < 2, we can not finish the simulation
2022-02-23 11:23:56,012 [simulator_env.py | 87] INFO: **************************************************
2022-02-23 11:23:56,012 [simulator_env.py | 91] INFO: cur time: 2022-02-23 12:30:00, pre time: 2022-02-23 12:20:00
2022-02-23 11:23:56,012 [simulator_env.py | 147] INFO: Start to update the input of 2022-02-23 12:30:00
2022-02-23 11:23:56,043 [simulator_env.py | 175] INFO: Get 45 unallocated orders, 22 ongoing orders, 1416 completed orders.
2022-02-23 11:24:03,930 [simulator_env.py | 100] INFO: Finish the dispatch.
2022-02-23 11:24:03,938 [simulator_env.py | 278] INFO: 2022-02-23 12:30:00, Order 12103401399: state = 1 < 2, we can not finish the simulation
2022-02-23 11:24:03,941 [simulator_env.py | 87] INFO: **************************************************
2022-02-23 11:24:03,942 [simulator_env.py | 91] INFO: cur time: 2022-02-23 12:40:00, pre time: 2022-02-23 12:30:00
2022-02-23 11:24:03,944 [simulator_env.py | 147] INFO: Start to update the input of 2022-02-23 12:40:00
2022-02-23 11:24:03,983 [simulator_env.py | 175] INFO: Get 42 unallocated orders, 29 ongoing orders, 1454 completed orders.
2022-02-23 11:24:14,631 [simulator_env.py | 100] INFO: Finish the dispatch.
2022-02-23 11:24:14,637 [simulator_env.py | 278] INFO: 2022-02-23 12:40:00, Order 12301601483: state = 1 < 2, we can not finish the simulation
2022-02-23 11:24:14,638 [simulator_env.py | 87] INFO: **************************************************
2022-02-23 11:24:14,639 [simulator_env.py | 91] INFO: cur time: 2022-02-23 12:50:00, pre time: 2022-02-23 12:40:00
2022-02-23 11:24:14,639 [simulator_env.py | 147] INFO: Start to update the input of 2022-02-23 12:50:00
2022-02-23 11:24:14,671 [simulator_env.py | 175] INFO: Get 33 unallocated orders, 32 ongoing orders, 1493 completed orders.
2022-02-23 11:24:29,099 [simulator_env.py | 100] INFO: Finish the dispatch.
2022-02-23 11:24:29,108 [simulator_env.py | 278] INFO: 2022-02-23 12:50:00, Order 12401601525: state = 1 < 2, we can not finish the simulation
2022-02-23 11:24:29,110 [simulator_env.py | 87] INFO: **************************************************
2022-02-23 11:24:29,110 [simulator_env.py | 91] INFO: cur time: 2022-02-23 13:00:00, pre time: 2022-02-23 12:50:00
2022-02-23 11:24:29,111 [simulator_env.py | 147] INFO: Start to update the input of 2022-02-23 13:00:00
2022-02-23 11:24:29,159 [simulator_env.py | 175] INFO: Get 33 unallocated orders, 22 ongoing orders, 1536 completed orders.
2022-02-23 11:24:37,353 [simulator_env.py | 100] INFO: Finish the dispatch.
2022-02-23 11:24:37,357 [simulator_env.py | 278] INFO: 2022-02-23 13:00:00, Order 12504901558: state = 1 < 2, we can not finish the simulation
2022-02-23 11:24:37,358 [simulator_env.py | 87] INFO: **************************************************
2022-02-23 11:24:37,358 [simulator_env.py | 91] INFO: cur time: 2022-02-23 13:10:00, pre time: 2022-02-23 13:00:00
2022-02-23 11:24:37,358 [simulator_env.py | 147] INFO: Start to update the input of 2022-02-23 13:10:00
2022-02-23 11:24:37,380 [simulator_env.py | 175] INFO: Get 34 unallocated orders, 24 ongoing orders, 1566 completed orders.
2022-02-23 11:24:45,225 [simulator_env.py | 100] INFO: Finish the dispatch.
2022-02-23 11:24:45,230 [simulator_env.py | 278] INFO: 2022-02-23 13:10:00, Order 12542001574: state = 1 < 2, we can not finish the simulation
2022-02-23 11:24:45,232 [simulator_env.py | 87] INFO: **************************************************
2022-02-23 11:24:45,232 [simulator_env.py | 91] INFO: cur time: 2022-02-23 13:20:00, pre time: 2022-02-23 13:10:00
2022-02-23 11:24:45,233 [simulator_env.py | 147] INFO: Start to update the input of 2022-02-23 13:20:00
2022-02-23 11:24:45,268 [simulator_env.py | 175] INFO: Get 30 unallocated orders, 21 ongoing orders, 1603 completed orders.
2022-02-23 11:24:54,319 [simulator_env.py | 100] INFO: Finish the dispatch.
2022-02-23 11:24:54,324 [simulator_env.py | 278] INFO: 2022-02-23 13:20:00, Order 13101001624: state = 1 < 2, we can not finish the simulation
2022-02-23 11:24:54,325 [simulator_env.py | 87] INFO: **************************************************
2022-02-23 11:24:54,325 [simulator_env.py | 91] INFO: cur time: 2022-02-23 13:30:00, pre time: 2022-02-23 13:20:00
2022-02-23 11:24:54,325 [simulator_env.py | 147] INFO: Start to update the input of 2022-02-23 13:30:00
2022-02-23 11:24:54,386 [simulator_env.py | 175] INFO: Get 44 unallocated orders, 17 ongoing orders, 1637 completed orders.
2022-02-23 11:25:02,478 [simulator_env.py | 100] INFO: Finish the dispatch.
2022-02-23 11:25:02,483 [simulator_env.py | 278] INFO: 2022-02-23 13:30:00, Order 13200801654: state = 1 < 2, we can not finish the simulation
2022-02-23 11:25:02,485 [simulator_env.py | 87] INFO: **************************************************
2022-02-23 11:25:02,485 [simulator_env.py | 91] INFO: cur time: 2022-02-23 13:40:00, pre time: 2022-02-23 13:30:00
2022-02-23 11:25:02,485 [simulator_env.py | 147] INFO: Start to update the input of 2022-02-23 13:40:00
2022-02-23 11:25:02,559 [simulator_env.py | 175] INFO: Get 23 unallocated orders, 29 ongoing orders, 1669 completed orders.
2022-02-23 11:25:10,184 [simulator_env.py | 100] INFO: Finish the dispatch.
2022-02-23 11:25:10,188 [simulator_env.py | 278] INFO: 2022-02-23 13:40:00, Order 13302201698: state = 1 < 2, we can not finish the simulation
2022-02-23 11:25:10,190 [simulator_env.py | 87] INFO: **************************************************
2022-02-23 11:25:10,190 [simulator_env.py | 91] INFO: cur time: 2022-02-23 13:50:00, pre time: 2022-02-23 13:40:00
2022-02-23 11:25:10,190 [simulator_env.py | 147] INFO: Start to update the input of 2022-02-23 13:50:00
2022-02-23 11:25:10,228 [simulator_env.py | 175] INFO: Get 27 unallocated orders, 12 ongoing orders, 1709 completed orders.
2022-02-23 11:25:17,917 [simulator_env.py | 100] INFO: Finish the dispatch.
2022-02-23 11:25:17,921 [simulator_env.py | 278] INFO: 2022-02-23 13:50:00, Order 13400101721: state = 1 < 2, we can not finish the simulation
2022-02-23 11:25:17,922 [simulator_env.py | 87] INFO: **************************************************
2022-02-23 11:25:17,922 [simulator_env.py | 91] INFO: cur time: 2022-02-23 14:00:00, pre time: 2022-02-23 13:50:00
2022-02-23 11:25:17,923 [simulator_env.py | 147] INFO: Start to update the input of 2022-02-23 14:00:00
2022-02-23 11:25:17,962 [simulator_env.py | 175] INFO: Get 26 unallocated orders, 18 ongoing orders, 1730 completed orders.
2022-02-23 11:25:24,768 [simulator_env.py | 100] INFO: Finish the dispatch.
2022-02-23 11:25:24,773 [simulator_env.py | 278] INFO: 2022-02-23 14:00:00, Order 13501001748: state = 1 < 2, we can not finish the simulation
2022-02-23 11:25:24,775 [simulator_env.py | 87] INFO: **************************************************
2022-02-23 11:25:24,775 [simulator_env.py | 91] INFO: cur time: 2022-02-23 14:10:00, pre time: 2022-02-23 14:00:00
2022-02-23 11:25:24,775 [simulator_env.py | 147] INFO: Start to update the input of 2022-02-23 14:10:00
2022-02-23 11:25:24,808 [simulator_env.py | 175] INFO: Get 34 unallocated orders, 19 ongoing orders, 1755 completed orders.
2022-02-23 11:25:34,310 [simulator_env.py | 100] INFO: Finish the dispatch.
2022-02-23 11:25:34,313 [simulator_env.py | 278] INFO: 2022-02-23 14:10:00, Order 14000601774: state = 1 < 2, we can not finish the simulation
2022-02-23 11:25:34,315 [simulator_env.py | 87] INFO: **************************************************
2022-02-23 11:25:34,315 [simulator_env.py | 91] INFO: cur time: 2022-02-23 14:20:00, pre time: 2022-02-23 14:10:00
2022-02-23 11:25:34,315 [simulator_env.py | 147] INFO: Start to update the input of 2022-02-23 14:20:00
2022-02-23 11:25:34,343 [simulator_env.py | 175] INFO: Get 28 unallocated orders, 20 ongoing orders, 1788 completed orders.
2022-02-23 11:25:40,910 [simulator_env.py | 100] INFO: Finish the dispatch.
2022-02-23 11:25:40,914 [simulator_env.py | 278] INFO: 2022-02-23 14:20:00, Order 14103301808: state = 1 < 2, we can not finish the simulation
2022-02-23 11:25:40,915 [simulator_env.py | 87] INFO: **************************************************
2022-02-23 11:25:40,916 [simulator_env.py | 91] INFO: cur time: 2022-02-23 14:30:00, pre time: 2022-02-23 14:20:00
2022-02-23 11:25:40,916 [simulator_env.py | 147] INFO: Start to update the input of 2022-02-23 14:30:00
2022-02-23 11:25:40,943 [simulator_env.py | 175] INFO: Get 30 unallocated orders, 22 ongoing orders, 1814 completed orders.
2022-02-23 11:25:47,573 [simulator_env.py | 100] INFO: Finish the dispatch.
2022-02-23 11:25:47,577 [simulator_env.py | 278] INFO: 2022-02-23 14:30:00, Order 14201401836: state = 1 < 2, we can not finish the simulation
2022-02-23 11:25:47,579 [simulator_env.py | 87] INFO: **************************************************
2022-02-23 11:25:47,579 [simulator_env.py | 91] INFO: cur time: 2022-02-23 14:40:00, pre time: 2022-02-23 14:30:00
2022-02-23 11:25:47,579 [simulator_env.py | 147] INFO: Start to update the input of 2022-02-23 14:40:00
2022-02-23 11:25:47,619 [simulator_env.py | 175] INFO: Get 26 unallocated orders, 21 ongoing orders, 1845 completed orders.
2022-02-23 11:25:54,174 [simulator_env.py | 100] INFO: Finish the dispatch.
2022-02-23 11:25:54,178 [simulator_env.py | 278] INFO: 2022-02-23 14:40:00, Order 14302701866: state = 1 < 2, we can not finish the simulation
2022-02-23 11:25:54,180 [simulator_env.py | 87] INFO: **************************************************
2022-02-23 11:25:54,180 [simulator_env.py | 91] INFO: cur time: 2022-02-23 14:50:00, pre time: 2022-02-23 14:40:00
2022-02-23 11:25:54,180 [simulator_env.py | 147] INFO: Start to update the input of 2022-02-23 14:50:00
2022-02-23 11:25:54,212 [simulator_env.py | 175] INFO: Get 34 unallocated orders, 15 ongoing orders, 1876 completed orders.
2022-02-23 11:26:01,454 [simulator_env.py | 100] INFO: Finish the dispatch.
2022-02-23 11:26:01,458 [simulator_env.py | 278] INFO: 2022-02-23 14:50:00, Order 14315801871: state = 1 < 2, we can not finish the simulation
2022-02-23 11:26:01,460 [simulator_env.py | 87] INFO: **************************************************
2022-02-23 11:26:01,461 [simulator_env.py | 91] INFO: cur time: 2022-02-23 15:00:00, pre time: 2022-02-23 14:50:00
2022-02-23 11:26:01,461 [simulator_env.py | 147] INFO: Start to update the input of 2022-02-23 15:00:00
2022-02-23 11:26:01,495 [simulator_env.py | 175] INFO: Get 32 unallocated orders, 25 ongoing orders, 1900 completed orders.
2022-02-23 11:26:08,525 [simulator_env.py | 100] INFO: Finish the dispatch.
2022-02-23 11:26:08,529 [simulator_env.py | 278] INFO: 2022-02-23 15:00:00, Order 14501601925: state = 1 < 2, we can not finish the simulation
2022-02-23 11:26:08,531 [simulator_env.py | 87] INFO: **************************************************
2022-02-23 11:26:08,531 [simulator_env.py | 91] INFO: cur time: 2022-02-23 15:10:00, pre time: 2022-02-23 15:00:00
2022-02-23 11:26:08,531 [simulator_env.py | 147] INFO: Start to update the input of 2022-02-23 15:10:00
2022-02-23 11:26:08,554 [simulator_env.py | 175] INFO: Get 0 unallocated orders, 25 ongoing orders, 1932 completed orders.
2022-02-23 11:26:15,087 [simulator_env.py | 100] INFO: Finish the dispatch.
2022-02-23 11:26:15,091 [simulator_env.py | 281] INFO: 2022-02-23 15:10:00, the status of all orders is greater than 1, we could finish the simulation
2022-02-23 11:26:15,097 [simulator_env.py | 124] INFO: finished the left ongoing orders
2022-02-23 11:26:15,103 [evaluator.py    | 116] INFO: Traveling Distance of driver D_1 is  51.710, visited node list: 21
2022-02-23 11:26:15,107 [evaluator.py    | 116] INFO: Traveling Distance of driver D_2 is  88.200, visited node list: 37
2022-02-23 11:26:15,108 [evaluator.py    | 116] INFO: Traveling Distance of driver D_3 is  105.060, visited node list: 39
2022-02-23 11:26:15,110 [evaluator.py    | 116] INFO: Traveling Distance of driver D_4 is  119.540, visited node list: 45
2022-02-23 11:26:15,112 [evaluator.py    | 116] INFO: Traveling Distance of driver D_5 is  122.940, visited node list: 41
2022-02-23 11:26:15,113 [evaluator.py    | 116] INFO: Traveling Distance of driver D_6 is  114.870, visited node list: 41
2022-02-23 11:26:15,114 [evaluator.py    | 116] INFO: Traveling Distance of driver D_7 is  121.840, visited node list: 41
2022-02-23 11:26:15,115 [evaluator.py    | 116] INFO: Traveling Distance of driver D_8 is  112.230, visited node list: 41
2022-02-23 11:26:15,117 [evaluator.py    | 116] INFO: Traveling Distance of driver D_9 is  128.620, visited node list: 49
2022-02-23 11:26:15,118 [evaluator.py    | 116] INFO: Traveling Distance of driver D_10 is  113.830, visited node list: 45
2022-02-23 11:26:15,119 [evaluator.py    | 116] INFO: Traveling Distance of driver D_11 is  115.410, visited node list: 41
2022-02-23 11:26:15,121 [evaluator.py    | 116] INFO: Traveling Distance of driver D_12 is  117.410, visited node list: 43
2022-02-23 11:26:15,122 [evaluator.py    | 116] INFO: Traveling Distance of driver D_13 is  121.030, visited node list: 41
2022-02-23 11:26:15,123 [evaluator.py    | 116] INFO: Traveling Distance of driver D_14 is  132.950, visited node list: 43
2022-02-23 11:26:15,125 [evaluator.py    | 116] INFO: Traveling Distance of driver D_15 is  115.890, visited node list: 44
2022-02-23 11:26:15,126 [evaluator.py    | 116] INFO: Traveling Distance of driver D_16 is  120.360, visited node list: 43
2022-02-23 11:26:15,127 [evaluator.py    | 116] INFO: Traveling Distance of driver D_17 is  118.470, visited node list: 47
2022-02-23 11:26:15,128 [evaluator.py    | 116] INFO: Traveling Distance of driver D_18 is  121.980, visited node list: 47
2022-02-23 11:26:15,131 [evaluator.py    | 116] INFO: Traveling Distance of driver D_19 is  98.330, visited node list: 43
2022-02-23 11:26:15,132 [evaluator.py    | 116] INFO: Traveling Distance of driver D_20 is  110.730, visited node list: 45
2022-02-23 11:26:15,135 [evaluator.py    | 116] INFO: Traveling Distance of driver D_21 is  130.570, visited node list: 51
2022-02-23 11:26:15,136 [evaluator.py    | 116] INFO: Traveling Distance of driver D_22 is  107.160, visited node list: 44
2022-02-23 11:26:15,137 [evaluator.py    | 116] INFO: Traveling Distance of driver D_23 is  126.890, visited node list: 47
2022-02-23 11:26:15,138 [evaluator.py    | 116] INFO: Traveling Distance of driver D_24 is  87.930, visited node list: 34
2022-02-23 11:26:15,139 [evaluator.py    | 116] INFO: Traveling Distance of driver D_25 is  116.430, visited node list: 43
2022-02-23 11:26:15,141 [evaluator.py    | 116] INFO: Traveling Distance of driver D_26 is  121.790, visited node list: 47
2022-02-23 11:26:15,141 [evaluator.py    | 116] INFO: Traveling Distance of driver D_27 is  105.920, visited node list: 41
2022-02-23 11:26:15,142 [evaluator.py    | 116] INFO: Traveling Distance of driver D_28 is  122.150, visited node list: 43
2022-02-23 11:26:15,143 [evaluator.py    | 116] INFO: Traveling Distance of driver D_29 is  115.040, visited node list: 47
2022-02-23 11:26:15,144 [evaluator.py    | 116] INFO: Traveling Distance of driver D_30 is  126.770, visited node list: 45
2022-02-23 11:26:15,146 [evaluator.py    | 116] INFO: Traveling Distance of driver D_31 is  112.000, visited node list: 49
2022-02-23 11:26:15,147 [evaluator.py    | 116] INFO: Traveling Distance of driver D_32 is  115.880, visited node list: 45
2022-02-23 11:26:15,147 [evaluator.py    | 116] INFO: Traveling Distance of driver D_33 is  112.690, visited node list: 43
2022-02-23 11:26:15,149 [evaluator.py    | 116] INFO: Traveling Distance of driver D_34 is  105.200, visited node list: 39
2022-02-23 11:26:15,150 [evaluator.py    | 116] INFO: Traveling Distance of driver D_35 is  120.020, visited node list: 45
2022-02-23 11:26:15,151 [evaluator.py    | 116] INFO: Traveling Distance of driver D_36 is  120.570, visited node list: 40
2022-02-23 11:26:15,152 [evaluator.py    | 116] INFO: Traveling Distance of driver D_37 is  114.880, visited node list: 39
2022-02-23 11:26:15,153 [evaluator.py    | 116] INFO: Traveling Distance of driver D_38 is  114.430, visited node list: 45
2022-02-23 11:26:15,155 [evaluator.py    | 116] INFO: Traveling Distance of driver D_39 is  112.610, visited node list: 43
2022-02-23 11:26:15,156 [evaluator.py    | 116] INFO: Traveling Distance of driver D_40 is  121.990, visited node list: 43
2022-02-23 11:26:15,156 [evaluator.py    | 116] INFO: Traveling Distance of driver D_41 is  113.180, visited node list: 39
2022-02-23 11:26:15,158 [evaluator.py    | 116] INFO: Traveling Distance of driver D_42 is  112.120, visited node list: 43
2022-02-23 11:26:15,159 [evaluator.py    | 116] INFO: Traveling Distance of driver D_43 is  96.210, visited node list: 31
2022-02-23 11:26:15,160 [evaluator.py    | 116] INFO: Traveling Distance of driver D_44 is  115.980, visited node list: 43
2022-02-23 11:26:15,161 [evaluator.py    | 116] INFO: Traveling Distance of driver D_45 is  116.220, visited node list: 45
2022-02-23 11:26:15,161 [evaluator.py    | 116] INFO: Traveling Distance of driver D_46 is  65.810, visited node list: 25
2022-02-23 11:26:15,163 [evaluator.py    | 116] INFO: Traveling Distance of driver D_47 is  101.780, visited node list: 38
2022-02-23 11:26:15,164 [evaluator.py    | 116] INFO: Traveling Distance of driver D_48 is  111.490, visited node list: 48
2022-02-23 11:26:15,165 [evaluator.py    | 116] INFO: Traveling Distance of driver D_49 is  113.240, visited node list: 43
2022-02-23 11:26:15,165 [evaluator.py    | 116] INFO: Traveling Distance of driver D_50 is  113.680, visited node list: 45
2022-02-23 11:26:15,166 [evaluator.py    | 116] INFO: Traveling Distance of driver D_51 is  102.010, visited node list: 41
2022-02-23 11:26:15,167 [evaluator.py    | 116] INFO: Traveling Distance of driver D_52 is  74.180, visited node list: 23
2022-02-23 11:26:15,168 [evaluator.py    | 116] INFO: Traveling Distance of driver D_53 is  101.070, visited node list: 41
2022-02-23 11:26:15,169 [evaluator.py    | 116] INFO: Traveling Distance of driver D_54 is  102.450, visited node list: 35
2022-02-23 11:26:15,169 [evaluator.py    | 116] INFO: Traveling Distance of driver D_55 is  92.540, visited node list: 39
2022-02-23 11:26:15,171 [evaluator.py    | 116] INFO: Traveling Distance of driver D_56 is  94.860, visited node list: 45
2022-02-23 11:26:15,172 [evaluator.py    | 116] INFO: Traveling Distance of driver D_57 is  98.730, visited node list: 43
2022-02-23 11:26:15,173 [evaluator.py    | 116] INFO: Traveling Distance of driver D_58 is  78.520, visited node list: 31
2022-02-23 11:26:15,173 [evaluator.py    | 116] INFO: Traveling Distance of driver D_59 is  93.880, visited node list: 43
2022-02-23 11:26:15,174 [evaluator.py    | 116] INFO: Traveling Distance of driver D_60 is  87.130, visited node list: 37
2022-02-23 11:26:15,175 [evaluator.py    | 116] INFO: Traveling Distance of driver D_61 is  91.590, visited node list: 39
2022-02-23 11:26:15,176 [evaluator.py    | 116] INFO: Traveling Distance of driver D_62 is  84.770, visited node list: 43
2022-02-23 11:26:15,177 [evaluator.py    | 116] INFO: Traveling Distance of driver D_63 is  77.420, visited node list: 31
2022-02-23 11:26:15,177 [evaluator.py    | 116] INFO: Traveling Distance of driver D_64 is  80.660, visited node list: 30
2022-02-23 11:26:15,178 [evaluator.py    | 116] INFO: Traveling Distance of driver D_65 is  80.880, visited node list: 31
2022-02-23 11:26:15,179 [evaluator.py    | 116] INFO: Traveling Distance of driver D_66 is  83.340, visited node list: 35
2022-02-23 11:26:15,180 [evaluator.py    | 116] INFO: Traveling Distance of driver D_67 is  85.040, visited node list: 31
2022-02-23 11:26:15,180 [evaluator.py    | 116] INFO: Traveling Distance of driver D_68 is  70.260, visited node list: 25
2022-02-23 11:26:15,181 [evaluator.py    | 116] INFO: Traveling Distance of driver D_69 is  77.500, visited node list: 31
2022-02-23 11:26:15,182 [evaluator.py    | 116] INFO: Traveling Distance of driver D_70 is  73.800, visited node list: 27
2022-02-23 11:26:15,183 [evaluator.py    | 116] INFO: Traveling Distance of driver D_71 is  65.140, visited node list: 23
2022-02-23 11:26:15,184 [evaluator.py    | 116] INFO: Traveling Distance of driver D_72 is  68.290, visited node list: 25
2022-02-23 11:26:15,185 [evaluator.py    | 116] INFO: Traveling Distance of driver D_73 is  73.960, visited node list: 25
2022-02-23 11:26:15,187 [evaluator.py    | 116] INFO: Traveling Distance of driver D_74 is  59.930, visited node list: 25
2022-02-23 11:26:15,187 [evaluator.py    | 116] INFO: Traveling Distance of driver D_75 is  71.940, visited node list: 25
2022-02-23 11:26:15,187 [evaluator.py    | 116] INFO: Traveling Distance of driver D_76 is  58.500, visited node list: 23
2022-02-23 11:26:15,188 [evaluator.py    | 116] INFO: Traveling Distance of driver D_77 is  67.700, visited node list: 27
2022-02-23 11:26:15,188 [evaluator.py    | 116] INFO: Traveling Distance of driver D_78 is  56.770, visited node list: 23
2022-02-23 11:26:15,189 [evaluator.py    | 116] INFO: Traveling Distance of driver D_79 is  53.750, visited node list: 25
2022-02-23 11:26:15,189 [evaluator.py    | 116] INFO: Traveling Distance of driver D_80 is  56.740, visited node list: 19
2022-02-23 11:26:15,190 [evaluator.py    | 116] INFO: Traveling Distance of driver D_81 is  60.230, visited node list: 21
2022-02-23 11:26:15,190 [evaluator.py    | 116] INFO: Traveling Distance of driver D_82 is  56.340, visited node list: 25
2022-02-23 11:26:15,191 [evaluator.py    | 116] INFO: Traveling Distance of driver D_83 is  61.290, visited node list: 27
2022-02-23 11:26:15,192 [evaluator.py    | 116] INFO: Traveling Distance of driver D_84 is  58.020, visited node list: 23
2022-02-23 11:26:15,192 [evaluator.py    | 116] INFO: Traveling Distance of driver D_85 is  50.770, visited node list: 19
2022-02-23 11:26:15,192 [evaluator.py    | 116] INFO: Traveling Distance of driver D_86 is  59.580, visited node list: 25
2022-02-23 11:26:15,193 [evaluator.py    | 116] INFO: Traveling Distance of driver D_87 is  50.010, visited node list: 23
2022-02-23 11:26:15,193 [evaluator.py    | 116] INFO: Traveling Distance of driver D_88 is  61.390, visited node list: 20
2022-02-23 11:26:15,194 [evaluator.py    | 116] INFO: Traveling Distance of driver D_89 is  53.380, visited node list: 25
2022-02-23 11:26:15,194 [evaluator.py    | 116] INFO: Traveling Distance of driver D_90 is  51.790, visited node list: 17
2022-02-23 11:26:15,194 [evaluator.py    | 116] INFO: Traveling Distance of driver D_91 is  54.190, visited node list: 19
2022-02-23 11:26:15,195 [evaluator.py    | 116] INFO: Traveling Distance of driver D_92 is  49.240, visited node list: 17
2022-02-23 11:26:15,195 [evaluator.py    | 116] INFO: Traveling Distance of driver D_93 is  49.860, visited node list: 19
2022-02-23 11:26:15,196 [evaluator.py    | 116] INFO: Traveling Distance of driver D_94 is  49.240, visited node list: 20
2022-02-23 11:26:15,197 [evaluator.py    | 116] INFO: Traveling Distance of driver D_95 is  51.360, visited node list: 23
2022-02-23 11:26:15,197 [evaluator.py    | 116] INFO: Traveling Distance of driver D_96 is  43.970, visited node list: 17
2022-02-23 11:26:15,198 [evaluator.py    | 116] INFO: Traveling Distance of driver D_97 is  53.880, visited node list: 21
2022-02-23 11:26:15,198 [evaluator.py    | 116] INFO: Traveling Distance of driver D_98 is  50.930, visited node list: 20
2022-02-23 11:26:15,199 [evaluator.py    | 116] INFO: Traveling Distance of driver D_99 is  47.080, visited node list: 22
2022-02-23 11:26:15,200 [evaluator.py    | 116] INFO: Traveling Distance of driver D_100 is  62.000, visited node list: 19
2022-02-23 11:26:15,200 [evaluator.py    | 116] INFO: Traveling Distance of driver D_101 is  49.260, visited node list: 22
2022-02-23 11:26:15,201 [evaluator.py    | 116] INFO: Traveling Distance of driver D_102 is  52.950, visited node list: 21
2022-02-23 11:26:15,202 [evaluator.py    | 116] INFO: Traveling Distance of driver D_103 is  49.670, visited node list: 23
2022-02-23 11:26:15,203 [evaluator.py    | 116] INFO: Traveling Distance of driver D_104 is  45.610, visited node list: 21
2022-02-23 11:26:15,203 [evaluator.py    | 116] INFO: Traveling Distance of driver D_105 is  45.020, visited node list: 17
2022-02-23 11:26:15,203 [evaluator.py    | 116] INFO: Traveling Distance of driver D_106 is  50.370, visited node list: 19
2022-02-23 11:26:15,204 [evaluator.py    | 116] INFO: Traveling Distance of driver D_107 is  52.370, visited node list: 19
2022-02-23 11:26:15,205 [evaluator.py    | 116] INFO: Traveling Distance of driver D_108 is  49.990, visited node list: 21
2022-02-23 11:26:15,205 [evaluator.py    | 116] INFO: Traveling Distance of driver D_109 is  53.520, visited node list: 19
2022-02-23 11:26:15,205 [evaluator.py    | 116] INFO: Traveling Distance of driver D_110 is  46.280, visited node list: 17
2022-02-23 11:26:15,206 [evaluator.py    | 116] INFO: Traveling Distance of driver D_111 is  45.070, visited node list: 17
2022-02-23 11:26:15,206 [evaluator.py    | 116] INFO: Traveling Distance of driver D_112 is  44.020, visited node list: 17
2022-02-23 11:26:15,207 [evaluator.py    | 116] INFO: Traveling Distance of driver D_113 is  50.110, visited node list: 23
2022-02-23 11:26:15,208 [evaluator.py    | 116] INFO: Traveling Distance of driver D_114 is  55.610, visited node list: 18
2022-02-23 11:26:15,209 [evaluator.py    | 116] INFO: Traveling Distance of driver D_115 is  53.330, visited node list: 25
2022-02-23 11:26:15,209 [evaluator.py    | 116] INFO: Traveling Distance of driver D_116 is  47.180, visited node list: 17
2022-02-23 11:26:15,210 [evaluator.py    | 116] INFO: Traveling Distance of driver D_117 is  51.750, visited node list: 19
2022-02-23 11:26:15,211 [evaluator.py    | 116] INFO: Traveling Distance of driver D_118 is  48.100, visited node list: 21
2022-02-23 11:26:15,211 [evaluator.py    | 116] INFO: Traveling Distance of driver D_119 is  39.960, visited node list: 17
2022-02-23 11:26:15,212 [evaluator.py    | 116] INFO: Traveling Distance of driver D_120 is  36.820, visited node list: 21
2022-02-23 11:26:15,212 [evaluator.py    | 116] INFO: Traveling Distance of driver D_121 is  50.730, visited node list: 19
2022-02-23 11:26:15,213 [evaluator.py    | 116] INFO: Traveling Distance of driver D_122 is  44.630, visited node list: 17
2022-02-23 11:26:15,213 [evaluator.py    | 116] INFO: Traveling Distance of driver D_123 is  38.710, visited node list: 15
2022-02-23 11:26:15,214 [evaluator.py    | 116] INFO: Traveling Distance of driver D_124 is  42.710, visited node list: 17
2022-02-23 11:26:15,214 [evaluator.py    | 116] INFO: Traveling Distance of driver D_125 is  39.630, visited node list: 15
2022-02-23 11:26:15,215 [evaluator.py    | 116] INFO: Traveling Distance of driver D_126 is  36.090, visited node list: 13
2022-02-23 11:26:15,215 [evaluator.py    | 116] INFO: Traveling Distance of driver D_127 is  44.850, visited node list: 17
2022-02-23 11:26:15,217 [evaluator.py    | 116] INFO: Traveling Distance of driver D_128 is  39.480, visited node list: 15
2022-02-23 11:26:15,218 [evaluator.py    | 116] INFO: Traveling Distance of driver D_129 is  33.910, visited node list: 15
2022-02-23 11:26:15,219 [evaluator.py    | 116] INFO: Traveling Distance of driver D_130 is  37.340, visited node list: 21
2022-02-23 11:26:15,219 [evaluator.py    | 18] INFO: Total distance:  10435.000
2022-02-23 11:26:15,465 [evaluator.py    | 22] INFO: Sum over time:  0.000
2022-02-23 11:26:15,465 [evaluator.py    | 26] INFO: Total score:  80.269
2022-02-23 11:26:15,823 [main.py         | 43] INFO: Score of instance_79: 80.26923076923079
