2022-02-23 02:49:10,823 [main.py         | 38] INFO: Start to run /Users/yangjingfeng/Library/CloudStorage/OneDrive-Personal/Public/PhD Study/Papers/Food_Delivery/Code/Food_delivery_simulator/Benchmark/Instance_medium: instance_35
2022-02-23 02:49:10,823 [simulator_api.py | 43] INFO: Start time of the simulator: 2022-02-23 09:00:00, time interval:  600.00
2022-02-23 02:49:11,276 [input_utils.py  | 35] INFO: Get 3052 locations
2022-02-23 02:49:11,294 [input_utils.py  | 39] INFO: Get 90 drivers
2022-02-23 02:49:11,684 [input_utils.py  | 43] INFO: Get 1700 orders
2022-02-23 02:49:11,684 [simulator_api.py | 75] INFO: Initial position of D_1 is 371 Beach Rd, Singapore 199597, Singapore
2022-02-23 02:49:11,684 [simulator_api.py | 75] INFO: Initial position of D_2 is Bukit Merah View Market & Hawker Centre
2022-02-23 02:49:11,684 [simulator_api.py | 75] INFO: Initial position of D_3 is 417 River Valley Rd, Singapore 248316, Singapore
2022-02-23 02:49:11,684 [simulator_api.py | 75] INFO: Initial position of D_4 is 54 South Bridge Rd, Singapore 058685, Singapore
2022-02-23 02:49:11,684 [simulator_api.py | 75] INFO: Initial position of D_5 is Bukit Merah View Market & Hawker Centre
2022-02-23 02:49:11,685 [simulator_api.py | 75] INFO: Initial position of D_6 is Maxwell Food Centre
2022-02-23 02:49:11,685 [simulator_api.py | 75] INFO: Initial position of D_7 is Alexandra Village Food Centre
2022-02-23 02:49:11,685 [simulator_api.py | 75] INFO: Initial position of D_8 is Golden Mile Food Centre
2022-02-23 02:49:11,685 [simulator_api.py | 75] INFO: Initial position of D_9 is Amoy Street Food Centre
2022-02-23 02:49:11,685 [simulator_api.py | 75] INFO: Initial position of D_10 is Bukit Merah View Market & Hawker Centre
2022-02-23 02:49:11,685 [simulator_api.py | 75] INFO: Initial position of D_11 is 54 South Bridge Rd, Singapore 058685, Singapore
2022-02-23 02:49:11,685 [simulator_api.py | 75] INFO: Initial position of D_12 is 417 River Valley Rd, Singapore 248316, Singapore
2022-02-23 02:49:11,685 [simulator_api.py | 75] INFO: Initial position of D_13 is 371 Beach Rd, Singapore 199597, Singapore
2022-02-23 02:49:11,685 [simulator_api.py | 75] INFO: Initial position of D_14 is Alexandra Village Food Centre
2022-02-23 02:49:11,685 [simulator_api.py | 75] INFO: Initial position of D_15 is Amoy Street Food Centre
2022-02-23 02:49:11,685 [simulator_api.py | 75] INFO: Initial position of D_16 is Tiong Bahru Market
2022-02-23 02:49:11,686 [simulator_api.py | 75] INFO: Initial position of D_17 is 66 Kg Bugis, Singapore 338987, Singapore
2022-02-23 02:49:11,686 [simulator_api.py | 75] INFO: Initial position of D_18 is 54 South Bridge Rd, Singapore 058685, Singapore
2022-02-23 02:49:11,686 [simulator_api.py | 75] INFO: Initial position of D_19 is 54 South Bridge Rd, Singapore 058685, Singapore
2022-02-23 02:49:11,686 [simulator_api.py | 75] INFO: Initial position of D_20 is 37 Cuppage Rd, Singapore 229460, Singapore
2022-02-23 02:49:11,686 [simulator_api.py | 75] INFO: Initial position of D_21 is Golden Mile Food Centre
2022-02-23 02:49:11,686 [simulator_api.py | 75] INFO: Initial position of D_22 is Old Airport Road Food Centre
2022-02-23 02:49:11,686 [simulator_api.py | 75] INFO: Initial position of D_23 is Alexandra Village Food Centre
2022-02-23 02:49:11,686 [simulator_api.py | 75] INFO: Initial position of D_24 is Old Airport Road Food Centre
2022-02-23 02:49:11,686 [simulator_api.py | 75] INFO: Initial position of D_25 is 417 River Valley Rd, Singapore 248316, Singapore
2022-02-23 02:49:11,686 [simulator_api.py | 75] INFO: Initial position of D_26 is Hong Lim Food Centre
2022-02-23 02:49:11,686 [simulator_api.py | 75] INFO: Initial position of D_27 is 66 Kg Bugis, Singapore 338987, Singapore
2022-02-23 02:49:11,686 [simulator_api.py | 75] INFO: Initial position of D_28 is 417 River Valley Rd, Singapore 248316, Singapore
2022-02-23 02:49:11,686 [simulator_api.py | 75] INFO: Initial position of D_29 is Alexandra Village Food Centre
2022-02-23 02:49:11,687 [simulator_api.py | 75] INFO: Initial position of D_30 is 54 South Bridge Rd, Singapore 058685, Singapore
2022-02-23 02:49:11,687 [simulator_api.py | 75] INFO: Initial position of D_31 is Golden Mile Food Centre
2022-02-23 02:49:11,687 [simulator_api.py | 75] INFO: Initial position of D_32 is 36 Boat Quay, Singapore 049825, Singapore
2022-02-23 02:49:11,687 [simulator_api.py | 75] INFO: Initial position of D_33 is 417 River Valley Rd, Singapore 248316, Singapore
2022-02-23 02:49:11,687 [simulator_api.py | 75] INFO: Initial position of D_34 is 66 Kg Bugis, Singapore 338987, Singapore
2022-02-23 02:49:11,687 [simulator_api.py | 75] INFO: Initial position of D_35 is 54 South Bridge Rd, Singapore 058685, Singapore
2022-02-23 02:49:11,687 [simulator_api.py | 75] INFO: Initial position of D_36 is Old Airport Road Food Centre
2022-02-23 02:49:11,687 [simulator_api.py | 75] INFO: Initial position of D_37 is Alexandra Village Food Centre
2022-02-23 02:49:11,687 [simulator_api.py | 75] INFO: Initial position of D_38 is Hong Lim Food Centre
2022-02-23 02:49:11,687 [simulator_api.py | 75] INFO: Initial position of D_39 is 36 Boat Quay, Singapore 049825, Singapore
2022-02-23 02:49:11,687 [simulator_api.py | 75] INFO: Initial position of D_40 is Hong Lim Food Centre
2022-02-23 02:49:11,687 [simulator_api.py | 75] INFO: Initial position of D_41 is 54 South Bridge Rd, Singapore 058685, Singapore
2022-02-23 02:49:11,687 [simulator_api.py | 75] INFO: Initial position of D_42 is 371 Beach Rd, Singapore 199597, Singapore
2022-02-23 02:49:11,687 [simulator_api.py | 75] INFO: Initial position of D_43 is Zion Riverside Food Centre
2022-02-23 02:49:11,688 [simulator_api.py | 75] INFO: Initial position of D_44 is Tiong Bahru Market
2022-02-23 02:49:11,688 [simulator_api.py | 75] INFO: Initial position of D_45 is Amoy Street Food Centre
2022-02-23 02:49:11,688 [simulator_api.py | 75] INFO: Initial position of D_46 is Golden Mile Food Centre
2022-02-23 02:49:11,688 [simulator_api.py | 75] INFO: Initial position of D_47 is Hong Lim Food Centre
2022-02-23 02:49:11,688 [simulator_api.py | 75] INFO: Initial position of D_48 is Tiong Bahru Market
2022-02-23 02:49:11,689 [simulator_api.py | 75] INFO: Initial position of D_49 is Bukit Merah View Market & Hawker Centre
2022-02-23 02:49:11,689 [simulator_api.py | 75] INFO: Initial position of D_50 is Tiong Bahru Market
2022-02-23 02:49:11,689 [simulator_api.py | 75] INFO: Initial position of D_51 is 66 Kg Bugis, Singapore 338987, Singapore
2022-02-23 02:49:11,689 [simulator_api.py | 75] INFO: Initial position of D_52 is Zion Riverside Food Centre
2022-02-23 02:49:11,689 [simulator_api.py | 75] INFO: Initial position of D_53 is 54 South Bridge Rd, Singapore 058685, Singapore
2022-02-23 02:49:11,690 [simulator_api.py | 75] INFO: Initial position of D_54 is 37 Cuppage Rd, Singapore 229460, Singapore
2022-02-23 02:49:11,690 [simulator_api.py | 75] INFO: Initial position of D_55 is Golden Mile Food Centre
2022-02-23 02:49:11,690 [simulator_api.py | 75] INFO: Initial position of D_56 is Amoy Street Food Centre
2022-02-23 02:49:11,690 [simulator_api.py | 75] INFO: Initial position of D_57 is Amoy Street Food Centre
2022-02-23 02:49:11,691 [simulator_api.py | 75] INFO: Initial position of D_58 is 371 Beach Rd, Singapore 199597, Singapore
2022-02-23 02:49:11,691 [simulator_api.py | 75] INFO: Initial position of D_59 is Golden Mile Food Centre
2022-02-23 02:49:11,691 [simulator_api.py | 75] INFO: Initial position of D_60 is Alexandra Village Food Centre
2022-02-23 02:49:11,691 [simulator_api.py | 75] INFO: Initial position of D_61 is Maxwell Food Centre
2022-02-23 02:49:11,691 [simulator_api.py | 75] INFO: Initial position of D_62 is 417 River Valley Rd, Singapore 248316, Singapore
2022-02-23 02:49:11,692 [simulator_api.py | 75] INFO: Initial position of D_63 is 54 South Bridge Rd, Singapore 058685, Singapore
2022-02-23 02:49:11,692 [simulator_api.py | 75] INFO: Initial position of D_64 is Golden Mile Food Centre
2022-02-23 02:49:11,692 [simulator_api.py | 75] INFO: Initial position of D_65 is 54 South Bridge Rd, Singapore 058685, Singapore
2022-02-23 02:49:11,692 [simulator_api.py | 75] INFO: Initial position of D_66 is Maxwell Food Centre
2022-02-23 02:49:11,692 [simulator_api.py | 75] INFO: Initial position of D_67 is Hong Lim Food Centre
2022-02-23 02:49:11,693 [simulator_api.py | 75] INFO: Initial position of D_68 is 36 Boat Quay, Singapore 049825, Singapore
2022-02-23 02:49:11,693 [simulator_api.py | 75] INFO: Initial position of D_69 is 371 Beach Rd, Singapore 199597, Singapore
2022-02-23 02:49:11,693 [simulator_api.py | 75] INFO: Initial position of D_70 is Bukit Merah View Market & Hawker Centre
2022-02-23 02:49:11,693 [simulator_api.py | 75] INFO: Initial position of D_71 is 36 Boat Quay, Singapore 049825, Singapore
2022-02-23 02:49:11,693 [simulator_api.py | 75] INFO: Initial position of D_72 is 371 Beach Rd, Singapore 199597, Singapore
2022-02-23 02:49:11,693 [simulator_api.py | 75] INFO: Initial position of D_73 is 417 River Valley Rd, Singapore 248316, Singapore
2022-02-23 02:49:11,693 [simulator_api.py | 75] INFO: Initial position of D_74 is Zion Riverside Food Centre
2022-02-23 02:49:11,693 [simulator_api.py | 75] INFO: Initial position of D_75 is Zion Riverside Food Centre
2022-02-23 02:49:11,703 [simulator_api.py | 75] INFO: Initial position of D_76 is Maxwell Food Centre
2022-02-23 02:49:11,704 [simulator_api.py | 75] INFO: Initial position of D_77 is 66 Kg Bugis, Singapore 338987, Singapore
2022-02-23 02:49:11,706 [simulator_api.py | 75] INFO: Initial position of D_78 is Amoy Street Food Centre
2022-02-23 02:49:11,706 [simulator_api.py | 75] INFO: Initial position of D_79 is 371 Beach Rd, Singapore 199597, Singapore
2022-02-23 02:49:11,708 [simulator_api.py | 75] INFO: Initial position of D_80 is 371 Beach Rd, Singapore 199597, Singapore
2022-02-23 02:49:11,711 [simulator_api.py | 75] INFO: Initial position of D_81 is Tiong Bahru Market
2022-02-23 02:49:11,711 [simulator_api.py | 75] INFO: Initial position of D_82 is 37 Cuppage Rd, Singapore 229460, Singapore
2022-02-23 02:49:11,712 [simulator_api.py | 75] INFO: Initial position of D_83 is 36 Boat Quay, Singapore 049825, Singapore
2022-02-23 02:49:11,712 [simulator_api.py | 75] INFO: Initial position of D_84 is Tiong Bahru Market
2022-02-23 02:49:11,712 [simulator_api.py | 75] INFO: Initial position of D_85 is 36 Boat Quay, Singapore 049825, Singapore
2022-02-23 02:49:11,716 [simulator_api.py | 75] INFO: Initial position of D_86 is 371 Beach Rd, Singapore 199597, Singapore
2022-02-23 02:49:11,716 [simulator_api.py | 75] INFO: Initial position of D_87 is Hong Lim Food Centre
2022-02-23 02:49:11,716 [simulator_api.py | 75] INFO: Initial position of D_88 is 37 Cuppage Rd, Singapore 229460, Singapore
2022-02-23 02:49:11,716 [simulator_api.py | 75] INFO: Initial position of D_89 is 54 South Bridge Rd, Singapore 058685, Singapore
2022-02-23 02:49:11,719 [simulator_api.py | 75] INFO: Initial position of D_90 is 66 Kg Bugis, Singapore 338987, Singapore
2022-02-23 02:49:11,776 [simulator_env.py | 87] INFO: **************************************************
2022-02-23 02:49:11,776 [simulator_env.py | 91] INFO: cur time: 2022-02-23 09:10:00, pre time: 2022-02-23 09:00:00
2022-02-23 02:49:11,777 [simulator_env.py | 147] INFO: Start to update the input of 2022-02-23 09:10:00
2022-02-23 02:49:11,789 [simulator_env.py | 175] INFO: Get 49 unallocated orders, 0 ongoing orders, 0 completed orders.
2022-02-23 02:49:15,631 [simulator_env.py | 100] INFO: Finish the dispatch.
2022-02-23 02:49:15,633 [simulator_env.py | 278] INFO: 2022-02-23 09:10:00, Order 09001500000: state = 1 < 2, we can not finish the simulation
2022-02-23 02:49:15,633 [simulator_env.py | 87] INFO: **************************************************
2022-02-23 02:49:15,633 [simulator_env.py | 91] INFO: cur time: 2022-02-23 09:20:00, pre time: 2022-02-23 09:10:00
2022-02-23 02:49:15,633 [simulator_env.py | 147] INFO: Start to update the input of 2022-02-23 09:20:00
2022-02-23 02:49:15,649 [simulator_env.py | 175] INFO: Get 42 unallocated orders, 26 ongoing orders, 23 completed orders.
2022-02-23 02:49:19,187 [simulator_env.py | 100] INFO: Finish the dispatch.
2022-02-23 02:49:19,192 [simulator_env.py | 278] INFO: 2022-02-23 09:20:00, Order 09100200049: state = 1 < 2, we can not finish the simulation
2022-02-23 02:49:19,193 [simulator_env.py | 87] INFO: **************************************************
2022-02-23 02:49:19,193 [simulator_env.py | 91] INFO: cur time: 2022-02-23 09:30:00, pre time: 2022-02-23 09:20:00
2022-02-23 02:49:19,193 [simulator_env.py | 147] INFO: Start to update the input of 2022-02-23 09:30:00
2022-02-23 02:49:19,223 [simulator_env.py | 175] INFO: Get 52 unallocated orders, 32 ongoing orders, 59 completed orders.
2022-02-23 02:49:22,620 [simulator_env.py | 100] INFO: Finish the dispatch.
2022-02-23 02:49:22,626 [simulator_env.py | 278] INFO: 2022-02-23 09:30:00, Order 09200900091: state = 1 < 2, we can not finish the simulation
2022-02-23 02:49:22,627 [simulator_env.py | 87] INFO: **************************************************
2022-02-23 02:49:22,628 [simulator_env.py | 91] INFO: cur time: 2022-02-23 09:40:00, pre time: 2022-02-23 09:30:00
2022-02-23 02:49:22,628 [simulator_env.py | 147] INFO: Start to update the input of 2022-02-23 09:40:00
2022-02-23 02:49:22,652 [simulator_env.py | 175] INFO: Get 57 unallocated orders, 38 ongoing orders, 105 completed orders.
2022-02-23 02:49:26,117 [simulator_env.py | 100] INFO: Finish the dispatch.
2022-02-23 02:49:26,123 [simulator_env.py | 278] INFO: 2022-02-23 09:40:00, Order 09300900143: state = 1 < 2, we can not finish the simulation
2022-02-23 02:49:26,125 [simulator_env.py | 87] INFO: **************************************************
2022-02-23 02:49:26,125 [simulator_env.py | 91] INFO: cur time: 2022-02-23 09:50:00, pre time: 2022-02-23 09:40:00
2022-02-23 02:49:26,125 [simulator_env.py | 147] INFO: Start to update the input of 2022-02-23 09:50:00
2022-02-23 02:49:26,145 [simulator_env.py | 175] INFO: Get 70 unallocated orders, 38 ongoing orders, 156 completed orders.
2022-02-23 02:49:29,694 [simulator_env.py | 100] INFO: Finish the dispatch.
2022-02-23 02:49:29,702 [simulator_env.py | 278] INFO: 2022-02-23 09:50:00, Order 09322600157: state = 1 < 2, we can not finish the simulation
2022-02-23 02:49:29,709 [simulator_env.py | 87] INFO: **************************************************
2022-02-23 02:49:29,709 [simulator_env.py | 91] INFO: cur time: 2022-02-23 10:00:00, pre time: 2022-02-23 09:50:00
2022-02-23 02:49:29,710 [simulator_env.py | 147] INFO: Start to update the input of 2022-02-23 10:00:00
2022-02-23 02:49:29,756 [simulator_env.py | 175] INFO: Get 93 unallocated orders, 41 ongoing orders, 210 completed orders.
2022-02-23 02:49:33,255 [simulator_env.py | 100] INFO: Finish the dispatch.
2022-02-23 02:49:33,261 [simulator_env.py | 278] INFO: 2022-02-23 10:00:00, Order 09465600245: state = 1 < 2, we can not finish the simulation
2022-02-23 02:49:33,265 [simulator_env.py | 87] INFO: **************************************************
2022-02-23 02:49:33,266 [simulator_env.py | 91] INFO: cur time: 2022-02-23 10:10:00, pre time: 2022-02-23 10:00:00
2022-02-23 02:49:33,266 [simulator_env.py | 147] INFO: Start to update the input of 2022-02-23 10:10:00
2022-02-23 02:49:33,311 [simulator_env.py | 175] INFO: Get 101 unallocated orders, 47 ongoing orders, 269 completed orders.
2022-02-23 02:49:36,775 [simulator_env.py | 100] INFO: Finish the dispatch.
2022-02-23 02:49:36,783 [simulator_env.py | 278] INFO: 2022-02-23 10:10:00, Order 09534600300: state = 1 < 2, we can not finish the simulation
2022-02-23 02:49:36,788 [simulator_env.py | 87] INFO: **************************************************
2022-02-23 02:49:36,788 [simulator_env.py | 91] INFO: cur time: 2022-02-23 10:20:00, pre time: 2022-02-23 10:10:00
2022-02-23 02:49:36,789 [simulator_env.py | 147] INFO: Start to update the input of 2022-02-23 10:20:00
2022-02-23 02:49:36,839 [simulator_env.py | 175] INFO: Get 91 unallocated orders, 53 ongoing orders, 336 completed orders.
2022-02-23 02:49:40,580 [simulator_env.py | 100] INFO: Finish the dispatch.
2022-02-23 02:49:40,590 [simulator_env.py | 278] INFO: 2022-02-23 10:20:00, Order 10024400362: state = 1 < 2, we can not finish the simulation
2022-02-23 02:49:40,595 [simulator_env.py | 87] INFO: **************************************************
2022-02-23 02:49:40,596 [simulator_env.py | 91] INFO: cur time: 2022-02-23 10:30:00, pre time: 2022-02-23 10:20:00
2022-02-23 02:49:40,596 [simulator_env.py | 147] INFO: Start to update the input of 2022-02-23 10:30:00
2022-02-23 02:49:40,638 [simulator_env.py | 175] INFO: Get 80 unallocated orders, 50 ongoing orders, 408 completed orders.
2022-02-23 02:49:44,163 [simulator_env.py | 100] INFO: Finish the dispatch.
2022-02-23 02:49:44,171 [simulator_env.py | 278] INFO: 2022-02-23 10:30:00, Order 10125800431: state = 1 < 2, we can not finish the simulation
2022-02-23 02:49:44,176 [simulator_env.py | 87] INFO: **************************************************
2022-02-23 02:49:44,177 [simulator_env.py | 91] INFO: cur time: 2022-02-23 10:40:00, pre time: 2022-02-23 10:30:00
2022-02-23 02:49:44,177 [simulator_env.py | 147] INFO: Start to update the input of 2022-02-23 10:40:00
2022-02-23 02:49:44,213 [simulator_env.py | 175] INFO: Get 95 unallocated orders, 52 ongoing orders, 466 completed orders.
2022-02-23 02:49:47,555 [simulator_env.py | 100] INFO: Finish the dispatch.
2022-02-23 02:49:47,564 [simulator_env.py | 278] INFO: 2022-02-23 10:40:00, Order 10183000470: state = 1 < 2, we can not finish the simulation
2022-02-23 02:49:47,571 [simulator_env.py | 87] INFO: **************************************************
2022-02-23 02:49:47,573 [simulator_env.py | 91] INFO: cur time: 2022-02-23 10:50:00, pre time: 2022-02-23 10:40:00
2022-02-23 02:49:47,574 [simulator_env.py | 147] INFO: Start to update the input of 2022-02-23 10:50:00
2022-02-23 02:49:47,630 [simulator_env.py | 175] INFO: Get 115 unallocated orders, 39 ongoing orders, 539 completed orders.
2022-02-23 02:49:52,713 [simulator_env.py | 100] INFO: Finish the dispatch.
2022-02-23 02:49:52,720 [simulator_env.py | 278] INFO: 2022-02-23 10:50:00, Order 10323800556: state = 1 < 2, we can not finish the simulation
2022-02-23 02:49:52,725 [simulator_env.py | 87] INFO: **************************************************
2022-02-23 02:49:52,725 [simulator_env.py | 91] INFO: cur time: 2022-02-23 11:00:00, pre time: 2022-02-23 10:50:00
2022-02-23 02:49:52,726 [simulator_env.py | 147] INFO: Start to update the input of 2022-02-23 11:00:00
2022-02-23 02:49:52,785 [simulator_env.py | 175] INFO: Get 111 unallocated orders, 66 ongoing orders, 596 completed orders.
2022-02-23 02:49:57,367 [simulator_env.py | 100] INFO: Finish the dispatch.
2022-02-23 02:49:57,374 [simulator_env.py | 278] INFO: 2022-02-23 11:00:00, Order 10430600632: state = 1 < 2, we can not finish the simulation
2022-02-23 02:49:57,380 [simulator_env.py | 87] INFO: **************************************************
2022-02-23 02:49:57,381 [simulator_env.py | 91] INFO: cur time: 2022-02-23 11:10:00, pre time: 2022-02-23 11:00:00
2022-02-23 02:49:57,381 [simulator_env.py | 147] INFO: Start to update the input of 2022-02-23 11:10:00
2022-02-23 02:49:57,436 [simulator_env.py | 175] INFO: Get 112 unallocated orders, 73 ongoing orders, 659 completed orders.
2022-02-23 02:50:01,528 [simulator_env.py | 100] INFO: Finish the dispatch.
2022-02-23 02:50:01,538 [simulator_env.py | 278] INFO: 2022-02-23 11:10:00, Order 10494000690: state = 1 < 2, we can not finish the simulation
2022-02-23 02:50:01,551 [simulator_env.py | 87] INFO: **************************************************
2022-02-23 02:50:01,555 [simulator_env.py | 91] INFO: cur time: 2022-02-23 11:20:00, pre time: 2022-02-23 11:10:00
2022-02-23 02:50:01,557 [simulator_env.py | 147] INFO: Start to update the input of 2022-02-23 11:20:00
2022-02-23 02:50:01,626 [simulator_env.py | 175] INFO: Get 108 unallocated orders, 69 ongoing orders, 734 completed orders.
2022-02-23 02:50:05,184 [simulator_env.py | 100] INFO: Finish the dispatch.
2022-02-23 02:50:05,191 [simulator_env.py | 278] INFO: 2022-02-23 11:20:00, Order 10515900705: state = 1 < 2, we can not finish the simulation
2022-02-23 02:50:05,198 [simulator_env.py | 87] INFO: **************************************************
2022-02-23 02:50:05,198 [simulator_env.py | 91] INFO: cur time: 2022-02-23 11:30:00, pre time: 2022-02-23 11:20:00
2022-02-23 02:50:05,198 [simulator_env.py | 147] INFO: Start to update the input of 2022-02-23 11:30:00
2022-02-23 02:50:05,252 [simulator_env.py | 175] INFO: Get 112 unallocated orders, 68 ongoing orders, 799 completed orders.
2022-02-23 02:50:09,145 [simulator_env.py | 100] INFO: Finish the dispatch.
2022-02-23 02:50:09,154 [simulator_env.py | 278] INFO: 2022-02-23 11:30:00, Order 11055800812: state = 1 < 2, we can not finish the simulation
2022-02-23 02:50:09,160 [simulator_env.py | 87] INFO: **************************************************
2022-02-23 02:50:09,162 [simulator_env.py | 91] INFO: cur time: 2022-02-23 11:40:00, pre time: 2022-02-23 11:30:00
2022-02-23 02:50:09,166 [simulator_env.py | 147] INFO: Start to update the input of 2022-02-23 11:40:00
2022-02-23 02:50:09,226 [simulator_env.py | 175] INFO: Get 100 unallocated orders, 68 ongoing orders, 874 completed orders.
2022-02-23 02:50:12,802 [simulator_env.py | 100] INFO: Finish the dispatch.
2022-02-23 02:50:12,813 [simulator_env.py | 278] INFO: 2022-02-23 11:40:00, Order 11164600893: state = 1 < 2, we can not finish the simulation
2022-02-23 02:50:12,821 [simulator_env.py | 87] INFO: **************************************************
2022-02-23 02:50:12,823 [simulator_env.py | 91] INFO: cur time: 2022-02-23 11:50:00, pre time: 2022-02-23 11:40:00
2022-02-23 02:50:12,824 [simulator_env.py | 147] INFO: Start to update the input of 2022-02-23 11:50:00
2022-02-23 02:50:12,881 [simulator_env.py | 175] INFO: Get 97 unallocated orders, 68 ongoing orders, 947 completed orders.
2022-02-23 02:50:16,543 [simulator_env.py | 100] INFO: Finish the dispatch.
2022-02-23 02:50:16,549 [simulator_env.py | 278] INFO: 2022-02-23 11:50:00, Order 11223400927: state = 1 < 2, we can not finish the simulation
2022-02-23 02:50:16,551 [simulator_env.py | 87] INFO: **************************************************
2022-02-23 02:50:16,551 [simulator_env.py | 91] INFO: cur time: 2022-02-23 12:00:00, pre time: 2022-02-23 11:50:00
2022-02-23 02:50:16,551 [simulator_env.py | 147] INFO: Start to update the input of 2022-02-23 12:00:00
2022-02-23 02:50:16,599 [simulator_env.py | 175] INFO: Get 93 unallocated orders, 59 ongoing orders, 1017 completed orders.
2022-02-23 02:50:20,686 [simulator_env.py | 100] INFO: Finish the dispatch.
2022-02-23 02:50:20,691 [simulator_env.py | 278] INFO: 2022-02-23 12:00:00, Order 11343701011: state = 1 < 2, we can not finish the simulation
2022-02-23 02:50:20,693 [simulator_env.py | 87] INFO: **************************************************
2022-02-23 02:50:20,693 [simulator_env.py | 91] INFO: cur time: 2022-02-23 12:10:00, pre time: 2022-02-23 12:00:00
2022-02-23 02:50:20,693 [simulator_env.py | 147] INFO: Start to update the input of 2022-02-23 12:10:00
2022-02-23 02:50:20,738 [simulator_env.py | 175] INFO: Get 60 unallocated orders, 53 ongoing orders, 1087 completed orders.
2022-02-23 02:50:23,930 [simulator_env.py | 100] INFO: Finish the dispatch.
2022-02-23 02:50:23,936 [simulator_env.py | 278] INFO: 2022-02-23 12:10:00, Order 11454301083: state = 1 < 2, we can not finish the simulation
2022-02-23 02:50:23,938 [simulator_env.py | 87] INFO: **************************************************
2022-02-23 02:50:23,938 [simulator_env.py | 91] INFO: cur time: 2022-02-23 12:20:00, pre time: 2022-02-23 12:10:00
2022-02-23 02:50:23,939 [simulator_env.py | 147] INFO: Start to update the input of 2022-02-23 12:20:00
2022-02-23 02:50:23,962 [simulator_env.py | 175] INFO: Get 51 unallocated orders, 43 ongoing orders, 1149 completed orders.
2022-02-23 02:50:26,862 [simulator_env.py | 100] INFO: Finish the dispatch.
2022-02-23 02:50:26,873 [simulator_env.py | 278] INFO: 2022-02-23 12:20:00, Order 11573701154: state = 1 < 2, we can not finish the simulation
2022-02-23 02:50:26,877 [simulator_env.py | 87] INFO: **************************************************
2022-02-23 02:50:26,877 [simulator_env.py | 91] INFO: cur time: 2022-02-23 12:30:00, pre time: 2022-02-23 12:20:00
2022-02-23 02:50:26,877 [simulator_env.py | 147] INFO: Start to update the input of 2022-02-23 12:30:00
2022-02-23 02:50:26,913 [simulator_env.py | 175] INFO: Get 46 unallocated orders, 31 ongoing orders, 1207 completed orders.
2022-02-23 02:50:29,736 [simulator_env.py | 100] INFO: Finish the dispatch.
2022-02-23 02:50:29,739 [simulator_env.py | 278] INFO: 2022-02-23 12:30:00, Order 12172401231: state = 1 < 2, we can not finish the simulation
2022-02-23 02:50:29,740 [simulator_env.py | 87] INFO: **************************************************
2022-02-23 02:50:29,741 [simulator_env.py | 91] INFO: cur time: 2022-02-23 12:40:00, pre time: 2022-02-23 12:30:00
2022-02-23 02:50:29,741 [simulator_env.py | 147] INFO: Start to update the input of 2022-02-23 12:40:00
2022-02-23 02:50:29,761 [simulator_env.py | 175] INFO: Get 37 unallocated orders, 28 ongoing orders, 1256 completed orders.
2022-02-23 02:50:32,553 [simulator_env.py | 100] INFO: Finish the dispatch.
2022-02-23 02:50:32,558 [simulator_env.py | 278] INFO: 2022-02-23 12:40:00, Order 12300101284: state = 1 < 2, we can not finish the simulation
2022-02-23 02:50:32,559 [simulator_env.py | 87] INFO: **************************************************
2022-02-23 02:50:32,560 [simulator_env.py | 91] INFO: cur time: 2022-02-23 12:50:00, pre time: 2022-02-23 12:40:00
2022-02-23 02:50:32,560 [simulator_env.py | 147] INFO: Start to update the input of 2022-02-23 12:50:00
2022-02-23 02:50:32,580 [simulator_env.py | 175] INFO: Get 33 unallocated orders, 23 ongoing orders, 1298 completed orders.
2022-02-23 02:50:35,589 [simulator_env.py | 100] INFO: Finish the dispatch.
2022-02-23 02:50:35,591 [simulator_env.py | 278] INFO: 2022-02-23 12:50:00, Order 12402001321: state = 1 < 2, we can not finish the simulation
2022-02-23 02:50:35,592 [simulator_env.py | 87] INFO: **************************************************
2022-02-23 02:50:35,592 [simulator_env.py | 91] INFO: cur time: 2022-02-23 13:00:00, pre time: 2022-02-23 12:50:00
2022-02-23 02:50:35,592 [simulator_env.py | 147] INFO: Start to update the input of 2022-02-23 13:00:00
2022-02-23 02:50:35,608 [simulator_env.py | 175] INFO: Get 35 unallocated orders, 26 ongoing orders, 1328 completed orders.
2022-02-23 02:50:38,567 [simulator_env.py | 100] INFO: Finish the dispatch.
2022-02-23 02:50:38,570 [simulator_env.py | 278] INFO: 2022-02-23 13:00:00, Order 12501301354: state = 1 < 2, we can not finish the simulation
2022-02-23 02:50:38,571 [simulator_env.py | 87] INFO: **************************************************
2022-02-23 02:50:38,571 [simulator_env.py | 91] INFO: cur time: 2022-02-23 13:10:00, pre time: 2022-02-23 13:00:00
2022-02-23 02:50:38,572 [simulator_env.py | 147] INFO: Start to update the input of 2022-02-23 13:10:00
2022-02-23 02:50:38,599 [simulator_env.py | 175] INFO: Get 24 unallocated orders, 23 ongoing orders, 1366 completed orders.
2022-02-23 02:50:41,648 [simulator_env.py | 100] INFO: Finish the dispatch.
2022-02-23 02:50:41,654 [simulator_env.py | 278] INFO: 2022-02-23 13:10:00, Order 13004801389: state = 1 < 2, we can not finish the simulation
2022-02-23 02:50:41,655 [simulator_env.py | 87] INFO: **************************************************
2022-02-23 02:50:41,655 [simulator_env.py | 91] INFO: cur time: 2022-02-23 13:20:00, pre time: 2022-02-23 13:10:00
2022-02-23 02:50:41,655 [simulator_env.py | 147] INFO: Start to update the input of 2022-02-23 13:20:00
2022-02-23 02:50:41,672 [simulator_env.py | 175] INFO: Get 38 unallocated orders, 16 ongoing orders, 1396 completed orders.
2022-02-23 02:50:44,425 [simulator_env.py | 100] INFO: Finish the dispatch.
2022-02-23 02:50:44,430 [simulator_env.py | 278] INFO: 2022-02-23 13:20:00, Order 13022201392: state = 1 < 2, we can not finish the simulation
2022-02-23 02:50:44,436 [simulator_env.py | 87] INFO: **************************************************
2022-02-23 02:50:44,437 [simulator_env.py | 91] INFO: cur time: 2022-02-23 13:30:00, pre time: 2022-02-23 13:20:00
2022-02-23 02:50:44,440 [simulator_env.py | 147] INFO: Start to update the input of 2022-02-23 13:30:00
2022-02-23 02:50:44,477 [simulator_env.py | 175] INFO: Get 28 unallocated orders, 23 ongoing orders, 1427 completed orders.
2022-02-23 02:50:47,264 [simulator_env.py | 100] INFO: Finish the dispatch.
2022-02-23 02:50:47,268 [simulator_env.py | 278] INFO: 2022-02-23 13:30:00, Order 13203601450: state = 1 < 2, we can not finish the simulation
2022-02-23 02:50:47,269 [simulator_env.py | 87] INFO: **************************************************
2022-02-23 02:50:47,269 [simulator_env.py | 91] INFO: cur time: 2022-02-23 13:40:00, pre time: 2022-02-23 13:30:00
2022-02-23 02:50:47,269 [simulator_env.py | 147] INFO: Start to update the input of 2022-02-23 13:40:00
2022-02-23 02:50:47,289 [simulator_env.py | 175] INFO: Get 22 unallocated orders, 14 ongoing orders, 1464 completed orders.
2022-02-23 02:50:50,488 [simulator_env.py | 100] INFO: Finish the dispatch.
2022-02-23 02:50:50,493 [simulator_env.py | 278] INFO: 2022-02-23 13:40:00, Order 13302101478: state = 1 < 2, we can not finish the simulation
2022-02-23 02:50:50,494 [simulator_env.py | 87] INFO: **************************************************
2022-02-23 02:50:50,494 [simulator_env.py | 91] INFO: cur time: 2022-02-23 13:50:00, pre time: 2022-02-23 13:40:00
2022-02-23 02:50:50,494 [simulator_env.py | 147] INFO: Start to update the input of 2022-02-23 13:50:00
2022-02-23 02:50:50,509 [simulator_env.py | 175] INFO: Get 31 unallocated orders, 12 ongoing orders, 1487 completed orders.
2022-02-23 02:50:54,104 [simulator_env.py | 100] INFO: Finish the dispatch.
2022-02-23 02:50:54,106 [simulator_env.py | 278] INFO: 2022-02-23 13:50:00, Order 13361801488: state = 1 < 2, we can not finish the simulation
2022-02-23 02:50:54,107 [simulator_env.py | 87] INFO: **************************************************
2022-02-23 02:50:54,107 [simulator_env.py | 91] INFO: cur time: 2022-02-23 14:00:00, pre time: 2022-02-23 13:50:00
2022-02-23 02:50:54,107 [simulator_env.py | 147] INFO: Start to update the input of 2022-02-23 14:00:00
2022-02-23 02:50:54,145 [simulator_env.py | 175] INFO: Get 20 unallocated orders, 21 ongoing orders, 1509 completed orders.
2022-02-23 02:50:58,376 [simulator_env.py | 100] INFO: Finish the dispatch.
2022-02-23 02:50:58,380 [simulator_env.py | 278] INFO: 2022-02-23 14:00:00, Order 13500501530: state = 1 < 2, we can not finish the simulation
2022-02-23 02:50:58,382 [simulator_env.py | 87] INFO: **************************************************
2022-02-23 02:50:58,382 [simulator_env.py | 91] INFO: cur time: 2022-02-23 14:10:00, pre time: 2022-02-23 14:00:00
2022-02-23 02:50:58,382 [simulator_env.py | 147] INFO: Start to update the input of 2022-02-23 14:10:00
2022-02-23 02:50:58,453 [simulator_env.py | 175] INFO: Get 22 unallocated orders, 15 ongoing orders, 1535 completed orders.
2022-02-23 02:51:02,218 [simulator_env.py | 100] INFO: Finish the dispatch.
2022-02-23 02:51:02,221 [simulator_env.py | 278] INFO: 2022-02-23 14:10:00, Order 14002501550: state = 1 < 2, we can not finish the simulation
2022-02-23 02:51:02,223 [simulator_env.py | 87] INFO: **************************************************
2022-02-23 02:51:02,223 [simulator_env.py | 91] INFO: cur time: 2022-02-23 14:20:00, pre time: 2022-02-23 14:10:00
2022-02-23 02:51:02,223 [simulator_env.py | 147] INFO: Start to update the input of 2022-02-23 14:20:00
2022-02-23 02:51:02,251 [simulator_env.py | 175] INFO: Get 28 unallocated orders, 13 ongoing orders, 1559 completed orders.
2022-02-23 02:51:05,849 [simulator_env.py | 100] INFO: Finish the dispatch.
2022-02-23 02:51:05,852 [simulator_env.py | 278] INFO: 2022-02-23 14:20:00, Order 14105001572: state = 1 < 2, we can not finish the simulation
2022-02-23 02:51:05,853 [simulator_env.py | 87] INFO: **************************************************
2022-02-23 02:51:05,853 [simulator_env.py | 91] INFO: cur time: 2022-02-23 14:30:00, pre time: 2022-02-23 14:20:00
2022-02-23 02:51:05,853 [simulator_env.py | 147] INFO: Start to update the input of 2022-02-23 14:30:00
2022-02-23 02:51:05,882 [simulator_env.py | 175] INFO: Get 25 unallocated orders, 18 ongoing orders, 1582 completed orders.
2022-02-23 02:51:09,466 [simulator_env.py | 100] INFO: Finish the dispatch.
2022-02-23 02:51:09,472 [simulator_env.py | 278] INFO: 2022-02-23 14:30:00, Order 14211301600: state = 1 < 2, we can not finish the simulation
2022-02-23 02:51:09,473 [simulator_env.py | 87] INFO: **************************************************
2022-02-23 02:51:09,474 [simulator_env.py | 91] INFO: cur time: 2022-02-23 14:40:00, pre time: 2022-02-23 14:30:00
2022-02-23 02:51:09,474 [simulator_env.py | 147] INFO: Start to update the input of 2022-02-23 14:40:00
2022-02-23 02:51:09,509 [simulator_env.py | 175] INFO: Get 26 unallocated orders, 19 ongoing orders, 1605 completed orders.
2022-02-23 02:51:13,015 [simulator_env.py | 100] INFO: Finish the dispatch.
2022-02-23 02:51:13,017 [simulator_env.py | 278] INFO: 2022-02-23 14:40:00, Order 14221601604: state = 1 < 2, we can not finish the simulation
2022-02-23 02:51:13,019 [simulator_env.py | 87] INFO: **************************************************
2022-02-23 02:51:13,019 [simulator_env.py | 91] INFO: cur time: 2022-02-23 14:50:00, pre time: 2022-02-23 14:40:00
2022-02-23 02:51:13,019 [simulator_env.py | 147] INFO: Start to update the input of 2022-02-23 14:50:00
2022-02-23 02:51:13,056 [simulator_env.py | 175] INFO: Get 30 unallocated orders, 16 ongoing orders, 1634 completed orders.
2022-02-23 02:51:18,733 [simulator_env.py | 100] INFO: Finish the dispatch.
2022-02-23 02:51:18,736 [simulator_env.py | 278] INFO: 2022-02-23 14:50:00, Order 14401501650: state = 1 < 2, we can not finish the simulation
2022-02-23 02:51:18,738 [simulator_env.py | 87] INFO: **************************************************
2022-02-23 02:51:18,738 [simulator_env.py | 91] INFO: cur time: 2022-02-23 15:00:00, pre time: 2022-02-23 14:50:00
2022-02-23 02:51:18,738 [simulator_env.py | 147] INFO: Start to update the input of 2022-02-23 15:00:00
2022-02-23 02:51:18,779 [simulator_env.py | 175] INFO: Get 21 unallocated orders, 21 ongoing orders, 1658 completed orders.
2022-02-23 02:51:24,302 [simulator_env.py | 100] INFO: Finish the dispatch.
2022-02-23 02:51:24,306 [simulator_env.py | 278] INFO: 2022-02-23 15:00:00, Order 14405801653: state = 1 < 2, we can not finish the simulation
2022-02-23 02:51:24,307 [simulator_env.py | 87] INFO: **************************************************
2022-02-23 02:51:24,307 [simulator_env.py | 91] INFO: cur time: 2022-02-23 15:10:00, pre time: 2022-02-23 15:00:00
2022-02-23 02:51:24,307 [simulator_env.py | 147] INFO: Start to update the input of 2022-02-23 15:10:00
2022-02-23 02:51:24,344 [simulator_env.py | 175] INFO: Get 0 unallocated orders, 16 ongoing orders, 1684 completed orders.
2022-02-23 02:51:27,943 [simulator_env.py | 100] INFO: Finish the dispatch.
2022-02-23 02:51:27,946 [simulator_env.py | 281] INFO: 2022-02-23 15:10:00, the status of all orders is greater than 1, we could finish the simulation
2022-02-23 02:51:27,949 [simulator_env.py | 124] INFO: finished the left ongoing orders
2022-02-23 02:51:27,952 [evaluator.py    | 116] INFO: Traveling Distance of driver D_1 is  99.690, visited node list: 36
2022-02-23 02:51:27,954 [evaluator.py    | 116] INFO: Traveling Distance of driver D_2 is  76.260, visited node list: 30
2022-02-23 02:51:27,957 [evaluator.py    | 116] INFO: Traveling Distance of driver D_3 is  124.180, visited node list: 49
2022-02-23 02:51:27,962 [evaluator.py    | 116] INFO: Traveling Distance of driver D_4 is  127.600, visited node list: 51
2022-02-23 02:51:27,963 [evaluator.py    | 116] INFO: Traveling Distance of driver D_5 is  129.100, visited node list: 52
2022-02-23 02:51:27,966 [evaluator.py    | 116] INFO: Traveling Distance of driver D_6 is  130.490, visited node list: 51
2022-02-23 02:51:27,969 [evaluator.py    | 116] INFO: Traveling Distance of driver D_7 is  139.100, visited node list: 48
2022-02-23 02:51:27,971 [evaluator.py    | 116] INFO: Traveling Distance of driver D_8 is  138.070, visited node list: 47
2022-02-23 02:51:27,973 [evaluator.py    | 116] INFO: Traveling Distance of driver D_9 is  135.380, visited node list: 45
2022-02-23 02:51:27,975 [evaluator.py    | 116] INFO: Traveling Distance of driver D_10 is  132.950, visited node list: 46
2022-02-23 02:51:27,983 [evaluator.py    | 116] INFO: Traveling Distance of driver D_11 is  119.010, visited node list: 43
2022-02-23 02:51:27,994 [evaluator.py    | 116] INFO: Traveling Distance of driver D_12 is  128.930, visited node list: 47
2022-02-23 02:51:27,998 [evaluator.py    | 116] INFO: Traveling Distance of driver D_13 is  133.890, visited node list: 46
2022-02-23 02:51:28,003 [evaluator.py    | 116] INFO: Traveling Distance of driver D_14 is  123.960, visited node list: 47
2022-02-23 02:51:28,007 [evaluator.py    | 116] INFO: Traveling Distance of driver D_15 is  131.770, visited node list: 51
2022-02-23 02:51:28,012 [evaluator.py    | 116] INFO: Traveling Distance of driver D_16 is  129.300, visited node list: 52
2022-02-23 02:51:28,015 [evaluator.py    | 116] INFO: Traveling Distance of driver D_17 is  143.990, visited node list: 49
2022-02-23 02:51:28,016 [evaluator.py    | 116] INFO: Traveling Distance of driver D_18 is  139.050, visited node list: 42
2022-02-23 02:51:28,018 [evaluator.py    | 116] INFO: Traveling Distance of driver D_19 is  127.620, visited node list: 40
2022-02-23 02:51:28,025 [evaluator.py    | 116] INFO: Traveling Distance of driver D_20 is  130.840, visited node list: 50
2022-02-23 02:51:28,030 [evaluator.py    | 116] INFO: Traveling Distance of driver D_21 is  122.820, visited node list: 48
2022-02-23 02:51:28,032 [evaluator.py    | 116] INFO: Traveling Distance of driver D_22 is  119.140, visited node list: 47
2022-02-23 02:51:28,034 [evaluator.py    | 116] INFO: Traveling Distance of driver D_23 is  133.960, visited node list: 52
2022-02-23 02:51:28,038 [evaluator.py    | 116] INFO: Traveling Distance of driver D_24 is  112.750, visited node list: 47
2022-02-23 02:51:28,045 [evaluator.py    | 116] INFO: Traveling Distance of driver D_25 is  124.140, visited node list: 50
2022-02-23 02:51:28,049 [evaluator.py    | 116] INFO: Traveling Distance of driver D_26 is  131.030, visited node list: 44
2022-02-23 02:51:28,050 [evaluator.py    | 116] INFO: Traveling Distance of driver D_27 is  137.100, visited node list: 45
2022-02-23 02:51:28,054 [evaluator.py    | 116] INFO: Traveling Distance of driver D_28 is  126.850, visited node list: 49
2022-02-23 02:51:28,058 [evaluator.py    | 116] INFO: Traveling Distance of driver D_29 is  100.150, visited node list: 45
2022-02-23 02:51:28,064 [evaluator.py    | 116] INFO: Traveling Distance of driver D_30 is  141.940, visited node list: 49
2022-02-23 02:51:28,070 [evaluator.py    | 116] INFO: Traveling Distance of driver D_31 is  128.340, visited node list: 53
2022-02-23 02:51:28,075 [evaluator.py    | 116] INFO: Traveling Distance of driver D_32 is  122.240, visited node list: 51
2022-02-23 02:51:28,076 [evaluator.py    | 116] INFO: Traveling Distance of driver D_33 is  115.440, visited node list: 48
2022-02-23 02:51:28,082 [evaluator.py    | 116] INFO: Traveling Distance of driver D_34 is  88.360, visited node list: 34
2022-02-23 02:51:28,084 [evaluator.py    | 116] INFO: Traveling Distance of driver D_35 is  128.230, visited node list: 46
2022-02-23 02:51:28,088 [evaluator.py    | 116] INFO: Traveling Distance of driver D_36 is  131.100, visited node list: 47
2022-02-23 02:51:28,090 [evaluator.py    | 116] INFO: Traveling Distance of driver D_37 is  114.280, visited node list: 43
2022-02-23 02:51:28,094 [evaluator.py    | 116] INFO: Traveling Distance of driver D_38 is  122.290, visited node list: 50
2022-02-23 02:51:28,098 [evaluator.py    | 116] INFO: Traveling Distance of driver D_39 is  118.950, visited node list: 45
2022-02-23 02:51:28,099 [evaluator.py    | 116] INFO: Traveling Distance of driver D_40 is  133.570, visited node list: 46
2022-02-23 02:51:28,102 [evaluator.py    | 116] INFO: Traveling Distance of driver D_41 is  121.530, visited node list: 47
2022-02-23 02:51:28,105 [evaluator.py    | 116] INFO: Traveling Distance of driver D_42 is  115.870, visited node list: 43
2022-02-23 02:51:28,108 [evaluator.py    | 116] INFO: Traveling Distance of driver D_43 is  118.350, visited node list: 49
2022-02-23 02:51:28,110 [evaluator.py    | 116] INFO: Traveling Distance of driver D_44 is  110.940, visited node list: 43
2022-02-23 02:51:28,114 [evaluator.py    | 116] INFO: Traveling Distance of driver D_45 is  121.260, visited node list: 43
2022-02-23 02:51:28,116 [evaluator.py    | 116] INFO: Traveling Distance of driver D_46 is  112.800, visited node list: 47
2022-02-23 02:51:28,118 [evaluator.py    | 116] INFO: Traveling Distance of driver D_47 is  112.840, visited node list: 49
2022-02-23 02:51:28,121 [evaluator.py    | 116] INFO: Traveling Distance of driver D_48 is  111.890, visited node list: 43
2022-02-23 02:51:28,122 [evaluator.py    | 116] INFO: Traveling Distance of driver D_49 is  89.070, visited node list: 39
2022-02-23 02:51:28,125 [evaluator.py    | 116] INFO: Traveling Distance of driver D_50 is  100.570, visited node list: 45
2022-02-23 02:51:28,133 [evaluator.py    | 116] INFO: Traveling Distance of driver D_51 is  99.630, visited node list: 45
2022-02-23 02:51:28,141 [evaluator.py    | 116] INFO: Traveling Distance of driver D_52 is  99.140, visited node list: 36
2022-02-23 02:51:28,148 [evaluator.py    | 116] INFO: Traveling Distance of driver D_53 is  91.620, visited node list: 37
2022-02-23 02:51:28,151 [evaluator.py    | 116] INFO: Traveling Distance of driver D_54 is  95.420, visited node list: 37
2022-02-23 02:51:28,153 [evaluator.py    | 116] INFO: Traveling Distance of driver D_55 is  93.680, visited node list: 37
2022-02-23 02:51:28,157 [evaluator.py    | 116] INFO: Traveling Distance of driver D_56 is  89.830, visited node list: 33
2022-02-23 02:51:28,178 [evaluator.py    | 116] INFO: Traveling Distance of driver D_57 is  86.780, visited node list: 32
2022-02-23 02:51:28,197 [evaluator.py    | 116] INFO: Traveling Distance of driver D_58 is  78.890, visited node list: 31
2022-02-23 02:51:28,204 [evaluator.py    | 116] INFO: Traveling Distance of driver D_59 is  85.560, visited node list: 35
2022-02-23 02:51:28,239 [evaluator.py    | 116] INFO: Traveling Distance of driver D_60 is  78.100, visited node list: 36
2022-02-23 02:51:28,298 [evaluator.py    | 116] INFO: Traveling Distance of driver D_61 is  84.210, visited node list: 37
2022-02-23 02:51:28,301 [evaluator.py    | 116] INFO: Traveling Distance of driver D_62 is  72.260, visited node list: 35
2022-02-23 02:51:28,302 [evaluator.py    | 116] INFO: Traveling Distance of driver D_63 is  79.540, visited node list: 29
2022-02-23 02:51:28,303 [evaluator.py    | 116] INFO: Traveling Distance of driver D_64 is  88.860, visited node list: 31
2022-02-23 02:51:28,304 [evaluator.py    | 116] INFO: Traveling Distance of driver D_65 is  83.860, visited node list: 33
2022-02-23 02:51:28,307 [evaluator.py    | 116] INFO: Traveling Distance of driver D_66 is  84.350, visited node list: 29
2022-02-23 02:51:28,309 [evaluator.py    | 116] INFO: Traveling Distance of driver D_67 is  69.580, visited node list: 24
2022-02-23 02:51:28,315 [evaluator.py    | 116] INFO: Traveling Distance of driver D_68 is  69.420, visited node list: 27
2022-02-23 02:51:28,317 [evaluator.py    | 116] INFO: Traveling Distance of driver D_69 is  77.230, visited node list: 29
2022-02-23 02:51:28,318 [evaluator.py    | 116] INFO: Traveling Distance of driver D_70 is  65.700, visited node list: 28
2022-02-23 02:51:28,318 [evaluator.py    | 116] INFO: Traveling Distance of driver D_71 is  70.270, visited node list: 29
2022-02-23 02:51:28,321 [evaluator.py    | 116] INFO: Traveling Distance of driver D_72 is  73.360, visited node list: 25
2022-02-23 02:51:28,321 [evaluator.py    | 116] INFO: Traveling Distance of driver D_73 is  74.210, visited node list: 27
2022-02-23 02:51:28,322 [evaluator.py    | 116] INFO: Traveling Distance of driver D_74 is  77.460, visited node list: 33
2022-02-23 02:51:28,334 [evaluator.py    | 116] INFO: Traveling Distance of driver D_75 is  76.630, visited node list: 28
2022-02-23 02:51:28,337 [evaluator.py    | 116] INFO: Traveling Distance of driver D_76 is  68.180, visited node list: 26
2022-02-23 02:51:28,338 [evaluator.py    | 116] INFO: Traveling Distance of driver D_77 is  75.410, visited node list: 29
2022-02-23 02:51:28,339 [evaluator.py    | 116] INFO: Traveling Distance of driver D_78 is  74.850, visited node list: 29
2022-02-23 02:51:28,347 [evaluator.py    | 116] INFO: Traveling Distance of driver D_79 is  68.030, visited node list: 28
2022-02-23 02:51:28,349 [evaluator.py    | 116] INFO: Traveling Distance of driver D_80 is  61.660, visited node list: 21
2022-02-23 02:51:28,351 [evaluator.py    | 116] INFO: Traveling Distance of driver D_81 is  68.460, visited node list: 27
2022-02-23 02:51:28,355 [evaluator.py    | 116] INFO: Traveling Distance of driver D_82 is  60.680, visited node list: 25
2022-02-23 02:51:28,357 [evaluator.py    | 116] INFO: Traveling Distance of driver D_83 is  63.160, visited node list: 21
2022-02-23 02:51:28,360 [evaluator.py    | 116] INFO: Traveling Distance of driver D_84 is  71.160, visited node list: 25
2022-02-23 02:51:28,364 [evaluator.py    | 116] INFO: Traveling Distance of driver D_85 is  65.030, visited node list: 27
2022-02-23 02:51:28,365 [evaluator.py    | 116] INFO: Traveling Distance of driver D_86 is  62.930, visited node list: 31
2022-02-23 02:51:28,366 [evaluator.py    | 116] INFO: Traveling Distance of driver D_87 is  66.130, visited node list: 21
2022-02-23 02:51:28,369 [evaluator.py    | 116] INFO: Traveling Distance of driver D_88 is  67.070, visited node list: 27
2022-02-23 02:51:28,460 [evaluator.py    | 116] INFO: Traveling Distance of driver D_89 is  65.690, visited node list: 21
2022-02-23 02:51:28,463 [evaluator.py    | 116] INFO: Traveling Distance of driver D_90 is  59.130, visited node list: 31
2022-02-23 02:51:28,467 [evaluator.py    | 18] INFO: Total distance:  9152.140
2022-02-23 02:51:28,705 [evaluator.py    | 22] INFO: Sum over time:  38583.000
2022-02-23 02:51:28,707 [evaluator.py    | 26] INFO: Total score:  107276.690
2022-02-23 02:51:29,091 [main.py         | 43] INFO: Score of instance_35: 107276.69044444445
