2022-02-21 22:10:08,019 [main.py         | 38] INFO: Start to run /Users/yangjingfeng/Library/CloudStorage/OneDrive-Personal/Public/PhD Study/Papers/Food_Delivery/Code/Food_delivery_simulator/Benchmark/Instance_small_2: instance_22
2022-02-21 22:10:08,020 [simulator_api.py | 43] INFO: Start time of the simulator: 2022-02-21 09:00:00, time interval:  600.00
2022-02-21 22:10:08,731 [input_utils.py  | 35] INFO: Get 2165 locations
2022-02-21 22:10:08,748 [input_utils.py  | 39] INFO: Get 75 drivers
2022-02-21 22:10:08,931 [input_utils.py  | 43] INFO: Get 900 orders
2022-02-21 22:10:08,931 [simulator_api.py | 75] INFO: Initial position of D_1 is Lorong 8 Toa Payoh Hawker Centre
2022-02-21 22:10:08,931 [simulator_api.py | 75] INFO: Initial position of D_2 is Lorong 8 Toa Payoh Hawker Centre
2022-02-21 22:10:08,931 [simulator_api.py | 75] INFO: Initial position of D_3 is Old Airport Road Food Centre
2022-02-21 22:10:08,931 [simulator_api.py | 75] INFO: Initial position of D_4 is Bedok Interchange Hawker Centre
2022-02-21 22:10:08,931 [simulator_api.py | 75] INFO: Initial position of D_5 is Chomp Chomp
2022-02-21 22:10:08,931 [simulator_api.py | 75] INFO: Initial position of D_6 is Lorong 8 Toa Payoh Hawker Centre
2022-02-21 22:10:08,931 [simulator_api.py | 75] INFO: Initial position of D_7 is Lorong 8 Toa Payoh Hawker Centre
2022-02-21 22:10:08,931 [simulator_api.py | 75] INFO: Initial position of D_8 is Bedok Interchange Hawker Centre
2022-02-21 22:10:08,932 [simulator_api.py | 75] INFO: Initial position of D_9 is Lorong 8 Toa Payoh Hawker Centre
2022-02-21 22:10:08,932 [simulator_api.py | 75] INFO: Initial position of D_10 is Bedok Interchange Hawker Centre
2022-02-21 22:10:08,932 [simulator_api.py | 75] INFO: Initial position of D_11 is Chomp Chomp
2022-02-21 22:10:08,932 [simulator_api.py | 75] INFO: Initial position of D_12 is Kovan Food Centre (209 Hougang Street 21)
2022-02-21 22:10:08,932 [simulator_api.py | 75] INFO: Initial position of D_13 is Chomp Chomp
2022-02-21 22:10:08,932 [simulator_api.py | 75] INFO: Initial position of D_14 is Kovan Food Centre (209 Hougang Street 21)
2022-02-21 22:10:08,932 [simulator_api.py | 75] INFO: Initial position of D_15 is Bedok Interchange Hawker Centre
2022-02-21 22:10:08,932 [simulator_api.py | 75] INFO: Initial position of D_16 is Kovan Food Centre (209 Hougang Street 21)
2022-02-21 22:10:08,932 [simulator_api.py | 75] INFO: Initial position of D_17 is Old Airport Road Food Centre
2022-02-21 22:10:08,932 [simulator_api.py | 75] INFO: Initial position of D_18 is Chomp Chomp
2022-02-21 22:10:08,933 [simulator_api.py | 75] INFO: Initial position of D_19 is Bedok Interchange Hawker Centre
2022-02-21 22:10:08,933 [simulator_api.py | 75] INFO: Initial position of D_20 is Chomp Chomp
2022-02-21 22:10:08,933 [simulator_api.py | 75] INFO: Initial position of D_21 is Breadtalk Ihq, 30 Tai Seng St, Singapore 534013, Singapore
2022-02-21 22:10:08,933 [simulator_api.py | 75] INFO: Initial position of D_22 is Chomp Chomp
2022-02-21 22:10:08,933 [simulator_api.py | 75] INFO: Initial position of D_23 is Kovan Food Centre (209 Hougang Street 21)
2022-02-21 22:10:08,933 [simulator_api.py | 75] INFO: Initial position of D_24 is Bedok Interchange Hawker Centre
2022-02-21 22:10:08,933 [simulator_api.py | 75] INFO: Initial position of D_25 is Old Airport Road Food Centre
2022-02-21 22:10:08,933 [simulator_api.py | 75] INFO: Initial position of D_26 is Breadtalk Ihq, 30 Tai Seng St, Singapore 534013, Singapore
2022-02-21 22:10:08,934 [simulator_api.py | 75] INFO: Initial position of D_27 is Old Airport Road Food Centre
2022-02-21 22:10:08,934 [simulator_api.py | 75] INFO: Initial position of D_28 is Breadtalk Ihq, 30 Tai Seng St, Singapore 534013, Singapore
2022-02-21 22:10:08,934 [simulator_api.py | 75] INFO: Initial position of D_29 is Bedok Interchange Hawker Centre
2022-02-21 22:10:08,934 [simulator_api.py | 75] INFO: Initial position of D_30 is Lorong 8 Toa Payoh Hawker Centre
2022-02-21 22:10:08,934 [simulator_api.py | 75] INFO: Initial position of D_31 is Chomp Chomp
2022-02-21 22:10:08,934 [simulator_api.py | 75] INFO: Initial position of D_32 is Old Airport Road Food Centre
2022-02-21 22:10:08,934 [simulator_api.py | 75] INFO: Initial position of D_33 is Bedok Interchange Hawker Centre
2022-02-21 22:10:08,934 [simulator_api.py | 75] INFO: Initial position of D_34 is Lorong 8 Toa Payoh Hawker Centre
2022-02-21 22:10:08,934 [simulator_api.py | 75] INFO: Initial position of D_35 is Bedok Interchange Hawker Centre
2022-02-21 22:10:08,934 [simulator_api.py | 75] INFO: Initial position of D_36 is Chomp Chomp
2022-02-21 22:10:08,935 [simulator_api.py | 75] INFO: Initial position of D_37 is Breadtalk Ihq, 30 Tai Seng St, Singapore 534013, Singapore
2022-02-21 22:10:08,935 [simulator_api.py | 75] INFO: Initial position of D_38 is Kovan Food Centre (209 Hougang Street 21)
2022-02-21 22:10:08,935 [simulator_api.py | 75] INFO: Initial position of D_39 is Chomp Chomp
2022-02-21 22:10:08,935 [simulator_api.py | 75] INFO: Initial position of D_40 is Lorong 8 Toa Payoh Hawker Centre
2022-02-21 22:10:08,935 [simulator_api.py | 75] INFO: Initial position of D_41 is Lorong 8 Toa Payoh Hawker Centre
2022-02-21 22:10:08,935 [simulator_api.py | 75] INFO: Initial position of D_42 is Chomp Chomp
2022-02-21 22:10:08,936 [simulator_api.py | 75] INFO: Initial position of D_43 is Bedok Interchange Hawker Centre
2022-02-21 22:10:08,936 [simulator_api.py | 75] INFO: Initial position of D_44 is Old Airport Road Food Centre
2022-02-21 22:10:08,936 [simulator_api.py | 75] INFO: Initial position of D_45 is Chomp Chomp
2022-02-21 22:10:08,936 [simulator_api.py | 75] INFO: Initial position of D_46 is Old Airport Road Food Centre
2022-02-21 22:10:08,937 [simulator_api.py | 75] INFO: Initial position of D_47 is Old Airport Road Food Centre
2022-02-21 22:10:08,937 [simulator_api.py | 75] INFO: Initial position of D_48 is Breadtalk Ihq, 30 Tai Seng St, Singapore 534013, Singapore
2022-02-21 22:10:08,937 [simulator_api.py | 75] INFO: Initial position of D_49 is Lorong 8 Toa Payoh Hawker Centre
2022-02-21 22:10:08,937 [simulator_api.py | 75] INFO: Initial position of D_50 is Breadtalk Ihq, 30 Tai Seng St, Singapore 534013, Singapore
2022-02-21 22:10:08,937 [simulator_api.py | 75] INFO: Initial position of D_51 is Breadtalk Ihq, 30 Tai Seng St, Singapore 534013, Singapore
2022-02-21 22:10:08,937 [simulator_api.py | 75] INFO: Initial position of D_52 is Breadtalk Ihq, 30 Tai Seng St, Singapore 534013, Singapore
2022-02-21 22:10:08,937 [simulator_api.py | 75] INFO: Initial position of D_53 is Old Airport Road Food Centre
2022-02-21 22:10:08,937 [simulator_api.py | 75] INFO: Initial position of D_54 is Chomp Chomp
2022-02-21 22:10:08,937 [simulator_api.py | 75] INFO: Initial position of D_55 is Lorong 8 Toa Payoh Hawker Centre
2022-02-21 22:10:08,940 [simulator_api.py | 75] INFO: Initial position of D_56 is Bedok Interchange Hawker Centre
2022-02-21 22:10:08,940 [simulator_api.py | 75] INFO: Initial position of D_57 is Kovan Food Centre (209 Hougang Street 21)
2022-02-21 22:10:08,940 [simulator_api.py | 75] INFO: Initial position of D_58 is Breadtalk Ihq, 30 Tai Seng St, Singapore 534013, Singapore
2022-02-21 22:10:08,940 [simulator_api.py | 75] INFO: Initial position of D_59 is Bedok Interchange Hawker Centre
2022-02-21 22:10:08,940 [simulator_api.py | 75] INFO: Initial position of D_60 is Breadtalk Ihq, 30 Tai Seng St, Singapore 534013, Singapore
2022-02-21 22:10:08,940 [simulator_api.py | 75] INFO: Initial position of D_61 is Old Airport Road Food Centre
2022-02-21 22:10:08,940 [simulator_api.py | 75] INFO: Initial position of D_62 is Kovan Food Centre (209 Hougang Street 21)
2022-02-21 22:10:08,941 [simulator_api.py | 75] INFO: Initial position of D_63 is Chomp Chomp
2022-02-21 22:10:08,942 [simulator_api.py | 75] INFO: Initial position of D_64 is Kovan Food Centre (209 Hougang Street 21)
2022-02-21 22:10:08,943 [simulator_api.py | 75] INFO: Initial position of D_65 is Kovan Food Centre (209 Hougang Street 21)
2022-02-21 22:10:08,943 [simulator_api.py | 75] INFO: Initial position of D_66 is Kovan Food Centre (209 Hougang Street 21)
2022-02-21 22:10:08,943 [simulator_api.py | 75] INFO: Initial position of D_67 is Chomp Chomp
2022-02-21 22:10:08,943 [simulator_api.py | 75] INFO: Initial position of D_68 is Lorong 8 Toa Payoh Hawker Centre
2022-02-21 22:10:08,943 [simulator_api.py | 75] INFO: Initial position of D_69 is Old Airport Road Food Centre
2022-02-21 22:10:08,943 [simulator_api.py | 75] INFO: Initial position of D_70 is Old Airport Road Food Centre
2022-02-21 22:10:08,943 [simulator_api.py | 75] INFO: Initial position of D_71 is Bedok Interchange Hawker Centre
2022-02-21 22:10:08,944 [simulator_api.py | 75] INFO: Initial position of D_72 is Chomp Chomp
2022-02-21 22:10:08,944 [simulator_api.py | 75] INFO: Initial position of D_73 is Lorong 8 Toa Payoh Hawker Centre
2022-02-21 22:10:08,944 [simulator_api.py | 75] INFO: Initial position of D_74 is Old Airport Road Food Centre
2022-02-21 22:10:08,944 [simulator_api.py | 75] INFO: Initial position of D_75 is Bedok Interchange Hawker Centre
2022-02-21 22:10:08,961 [simulator_env.py | 87] INFO: **************************************************
2022-02-21 22:10:08,961 [simulator_env.py | 91] INFO: cur time: 2022-02-21 09:10:00, pre time: 2022-02-21 09:00:00
2022-02-21 22:10:08,961 [simulator_env.py | 147] INFO: Start to update the input of 2022-02-21 09:10:00
2022-02-21 22:10:08,963 [simulator_env.py | 175] INFO: Get 28 unallocated orders, 0 ongoing orders, 0 completed orders.
2022-02-21 22:10:12,064 [simulator_env.py | 100] INFO: Finish the dispatch.
2022-02-21 22:10:12,065 [simulator_env.py | 278] INFO: 2022-02-21 09:10:00, Order 09000500000: state = 1 < 2, we can not finish the simulation
2022-02-21 22:10:12,066 [simulator_env.py | 87] INFO: **************************************************
2022-02-21 22:10:12,066 [simulator_env.py | 91] INFO: cur time: 2022-02-21 09:20:00, pre time: 2022-02-21 09:10:00
2022-02-21 22:10:12,066 [simulator_env.py | 147] INFO: Start to update the input of 2022-02-21 09:20:00
2022-02-21 22:10:12,075 [simulator_env.py | 175] INFO: Get 23 unallocated orders, 20 ongoing orders, 8 completed orders.
2022-02-21 22:10:13,525 [simulator_env.py | 100] INFO: Finish the dispatch.
2022-02-21 22:10:13,529 [simulator_env.py | 278] INFO: 2022-02-21 09:20:00, Order 09100700028: state = 1 < 2, we can not finish the simulation
2022-02-21 22:10:13,529 [simulator_env.py | 87] INFO: **************************************************
2022-02-21 22:10:13,529 [simulator_env.py | 91] INFO: cur time: 2022-02-21 09:30:00, pre time: 2022-02-21 09:20:00
2022-02-21 22:10:13,530 [simulator_env.py | 147] INFO: Start to update the input of 2022-02-21 09:30:00
2022-02-21 22:10:13,537 [simulator_env.py | 175] INFO: Get 30 unallocated orders, 12 ongoing orders, 39 completed orders.
2022-02-21 22:10:14,873 [simulator_env.py | 100] INFO: Finish the dispatch.
2022-02-21 22:10:14,875 [simulator_env.py | 278] INFO: 2022-02-21 09:30:00, Order 09202400051: state = 1 < 2, we can not finish the simulation
2022-02-21 22:10:14,876 [simulator_env.py | 87] INFO: **************************************************
2022-02-21 22:10:14,876 [simulator_env.py | 91] INFO: cur time: 2022-02-21 09:40:00, pre time: 2022-02-21 09:30:00
2022-02-21 22:10:14,876 [simulator_env.py | 147] INFO: Start to update the input of 2022-02-21 09:40:00
2022-02-21 22:10:14,888 [simulator_env.py | 175] INFO: Get 28 unallocated orders, 18 ongoing orders, 63 completed orders.
2022-02-21 22:10:15,972 [simulator_env.py | 100] INFO: Finish the dispatch.
2022-02-21 22:10:15,975 [simulator_env.py | 278] INFO: 2022-02-21 09:40:00, Order 09302400081: state = 1 < 2, we can not finish the simulation
2022-02-21 22:10:15,976 [simulator_env.py | 87] INFO: **************************************************
2022-02-21 22:10:15,976 [simulator_env.py | 91] INFO: cur time: 2022-02-21 09:50:00, pre time: 2022-02-21 09:40:00
2022-02-21 22:10:15,976 [simulator_env.py | 147] INFO: Start to update the input of 2022-02-21 09:50:00
2022-02-21 22:10:15,988 [simulator_env.py | 175] INFO: Get 24 unallocated orders, 18 ongoing orders, 90 completed orders.
2022-02-21 22:10:17,285 [simulator_env.py | 100] INFO: Finish the dispatch.
2022-02-21 22:10:17,288 [simulator_env.py | 278] INFO: 2022-02-21 09:50:00, Order 09392900106: state = 1 < 2, we can not finish the simulation
2022-02-21 22:10:17,289 [simulator_env.py | 87] INFO: **************************************************
2022-02-21 22:10:17,289 [simulator_env.py | 91] INFO: cur time: 2022-02-21 10:00:00, pre time: 2022-02-21 09:50:00
2022-02-21 22:10:17,289 [simulator_env.py | 147] INFO: Start to update the input of 2022-02-21 10:00:00
2022-02-21 22:10:17,301 [simulator_env.py | 175] INFO: Get 38 unallocated orders, 20 ongoing orders, 112 completed orders.
2022-02-21 22:10:18,542 [simulator_env.py | 100] INFO: Finish the dispatch.
2022-02-21 22:10:18,545 [simulator_env.py | 278] INFO: 2022-02-21 10:00:00, Order 09502700132: state = 1 < 2, we can not finish the simulation
2022-02-21 22:10:18,546 [simulator_env.py | 87] INFO: **************************************************
2022-02-21 22:10:18,546 [simulator_env.py | 91] INFO: cur time: 2022-02-21 10:10:00, pre time: 2022-02-21 10:00:00
2022-02-21 22:10:18,546 [simulator_env.py | 147] INFO: Start to update the input of 2022-02-21 10:10:00
2022-02-21 22:10:18,560 [simulator_env.py | 175] INFO: Get 37 unallocated orders, 31 ongoing orders, 139 completed orders.
2022-02-21 22:10:19,762 [simulator_env.py | 100] INFO: Finish the dispatch.
2022-02-21 22:10:19,766 [simulator_env.py | 278] INFO: 2022-02-21 10:10:00, Order 10001100170: state = 1 < 2, we can not finish the simulation
2022-02-21 22:10:19,768 [simulator_env.py | 87] INFO: **************************************************
2022-02-21 22:10:19,768 [simulator_env.py | 91] INFO: cur time: 2022-02-21 10:20:00, pre time: 2022-02-21 10:10:00
2022-02-21 22:10:19,768 [simulator_env.py | 147] INFO: Start to update the input of 2022-02-21 10:20:00
2022-02-21 22:10:19,781 [simulator_env.py | 175] INFO: Get 34 unallocated orders, 25 ongoing orders, 182 completed orders.
2022-02-21 22:10:21,334 [simulator_env.py | 100] INFO: Finish the dispatch.
2022-02-21 22:10:21,339 [simulator_env.py | 278] INFO: 2022-02-21 10:20:00, Order 10101300207: state = 1 < 2, we can not finish the simulation
2022-02-21 22:10:21,342 [simulator_env.py | 87] INFO: **************************************************
2022-02-21 22:10:21,342 [simulator_env.py | 91] INFO: cur time: 2022-02-21 10:30:00, pre time: 2022-02-21 10:20:00
2022-02-21 22:10:21,342 [simulator_env.py | 147] INFO: Start to update the input of 2022-02-21 10:30:00
2022-02-21 22:10:21,356 [simulator_env.py | 175] INFO: Get 44 unallocated orders, 27 ongoing orders, 214 completed orders.
2022-02-21 22:10:24,105 [simulator_env.py | 100] INFO: Finish the dispatch.
2022-02-21 22:10:24,110 [simulator_env.py | 278] INFO: 2022-02-21 10:30:00, Order 10200400241: state = 1 < 2, we can not finish the simulation
2022-02-21 22:10:24,111 [simulator_env.py | 87] INFO: **************************************************
2022-02-21 22:10:24,112 [simulator_env.py | 91] INFO: cur time: 2022-02-21 10:40:00, pre time: 2022-02-21 10:30:00
2022-02-21 22:10:24,112 [simulator_env.py | 147] INFO: Start to update the input of 2022-02-21 10:40:00
2022-02-21 22:10:24,128 [simulator_env.py | 175] INFO: Get 47 unallocated orders, 37 ongoing orders, 248 completed orders.
2022-02-21 22:10:26,066 [simulator_env.py | 100] INFO: Finish the dispatch.
2022-02-21 22:10:26,072 [simulator_env.py | 278] INFO: 2022-02-21 10:40:00, Order 10301800285: state = 1 < 2, we can not finish the simulation
2022-02-21 22:10:26,074 [simulator_env.py | 87] INFO: **************************************************
2022-02-21 22:10:26,074 [simulator_env.py | 91] INFO: cur time: 2022-02-21 10:50:00, pre time: 2022-02-21 10:40:00
2022-02-21 22:10:26,074 [simulator_env.py | 147] INFO: Start to update the input of 2022-02-21 10:50:00
2022-02-21 22:10:26,088 [simulator_env.py | 175] INFO: Get 39 unallocated orders, 35 ongoing orders, 292 completed orders.
2022-02-21 22:10:27,859 [simulator_env.py | 100] INFO: Finish the dispatch.
2022-02-21 22:10:27,864 [simulator_env.py | 278] INFO: 2022-02-21 10:50:00, Order 10374600322: state = 1 < 2, we can not finish the simulation
2022-02-21 22:10:27,868 [simulator_env.py | 87] INFO: **************************************************
2022-02-21 22:10:27,869 [simulator_env.py | 91] INFO: cur time: 2022-02-21 11:00:00, pre time: 2022-02-21 10:50:00
2022-02-21 22:10:27,869 [simulator_env.py | 147] INFO: Start to update the input of 2022-02-21 11:00:00
2022-02-21 22:10:27,887 [simulator_env.py | 175] INFO: Get 39 unallocated orders, 22 ongoing orders, 341 completed orders.
2022-02-21 22:10:29,553 [simulator_env.py | 100] INFO: Finish the dispatch.
2022-02-21 22:10:29,558 [simulator_env.py | 278] INFO: 2022-02-21 11:00:00, Order 10461400355: state = 1 < 2, we can not finish the simulation
2022-02-21 22:10:29,559 [simulator_env.py | 87] INFO: **************************************************
2022-02-21 22:10:29,559 [simulator_env.py | 91] INFO: cur time: 2022-02-21 11:10:00, pre time: 2022-02-21 11:00:00
2022-02-21 22:10:29,560 [simulator_env.py | 147] INFO: Start to update the input of 2022-02-21 11:10:00
2022-02-21 22:10:29,573 [simulator_env.py | 175] INFO: Get 45 unallocated orders, 34 ongoing orders, 367 completed orders.
2022-02-21 22:10:31,464 [simulator_env.py | 100] INFO: Finish the dispatch.
2022-02-21 22:10:31,468 [simulator_env.py | 278] INFO: 2022-02-21 11:10:00, Order 10541900383: state = 1 < 2, we can not finish the simulation
2022-02-21 22:10:31,470 [simulator_env.py | 87] INFO: **************************************************
2022-02-21 22:10:31,470 [simulator_env.py | 91] INFO: cur time: 2022-02-21 11:20:00, pre time: 2022-02-21 11:10:00
2022-02-21 22:10:31,471 [simulator_env.py | 147] INFO: Start to update the input of 2022-02-21 11:20:00
2022-02-21 22:10:31,487 [simulator_env.py | 175] INFO: Get 41 unallocated orders, 33 ongoing orders, 412 completed orders.
2022-02-21 22:10:32,814 [simulator_env.py | 100] INFO: Finish the dispatch.
2022-02-21 22:10:32,820 [simulator_env.py | 278] INFO: 2022-02-21 11:20:00, Order 11083100440: state = 1 < 2, we can not finish the simulation
2022-02-21 22:10:32,822 [simulator_env.py | 87] INFO: **************************************************
2022-02-21 22:10:32,822 [simulator_env.py | 91] INFO: cur time: 2022-02-21 11:30:00, pre time: 2022-02-21 11:20:00
2022-02-21 22:10:32,822 [simulator_env.py | 147] INFO: Start to update the input of 2022-02-21 11:30:00
2022-02-21 22:10:32,843 [simulator_env.py | 175] INFO: Get 39 unallocated orders, 27 ongoing orders, 456 completed orders.
2022-02-21 22:10:34,100 [simulator_env.py | 100] INFO: Finish the dispatch.
2022-02-21 22:10:34,106 [simulator_env.py | 278] INFO: 2022-02-21 11:30:00, Order 11164000470: state = 1 < 2, we can not finish the simulation
2022-02-21 22:10:34,107 [simulator_env.py | 87] INFO: **************************************************
2022-02-21 22:10:34,107 [simulator_env.py | 91] INFO: cur time: 2022-02-21 11:40:00, pre time: 2022-02-21 11:30:00
2022-02-21 22:10:34,107 [simulator_env.py | 147] INFO: Start to update the input of 2022-02-21 11:40:00
2022-02-21 22:10:34,130 [simulator_env.py | 175] INFO: Get 34 unallocated orders, 27 ongoing orders, 495 completed orders.
2022-02-21 22:10:36,233 [simulator_env.py | 100] INFO: Finish the dispatch.
2022-02-21 22:10:36,236 [simulator_env.py | 278] INFO: 2022-02-21 11:40:00, Order 11302000522: state = 1 < 2, we can not finish the simulation
2022-02-21 22:10:36,238 [simulator_env.py | 87] INFO: **************************************************
2022-02-21 22:10:36,238 [simulator_env.py | 91] INFO: cur time: 2022-02-21 11:50:00, pre time: 2022-02-21 11:40:00
2022-02-21 22:10:36,239 [simulator_env.py | 147] INFO: Start to update the input of 2022-02-21 11:50:00
2022-02-21 22:10:36,252 [simulator_env.py | 175] INFO: Get 30 unallocated orders, 20 ongoing orders, 536 completed orders.
2022-02-21 22:10:37,453 [simulator_env.py | 100] INFO: Finish the dispatch.
2022-02-21 22:10:37,456 [simulator_env.py | 278] INFO: 2022-02-21 11:50:00, Order 11402900556: state = 1 < 2, we can not finish the simulation
2022-02-21 22:10:37,458 [simulator_env.py | 87] INFO: **************************************************
2022-02-21 22:10:37,458 [simulator_env.py | 91] INFO: cur time: 2022-02-21 12:00:00, pre time: 2022-02-21 11:50:00
2022-02-21 22:10:37,459 [simulator_env.py | 147] INFO: Start to update the input of 2022-02-21 12:00:00
2022-02-21 22:10:37,473 [simulator_env.py | 175] INFO: Get 33 unallocated orders, 18 ongoing orders, 567 completed orders.
2022-02-21 22:10:38,943 [simulator_env.py | 100] INFO: Finish the dispatch.
2022-02-21 22:10:38,948 [simulator_env.py | 278] INFO: 2022-02-21 12:00:00, Order 11484200579: state = 1 < 2, we can not finish the simulation
2022-02-21 22:10:38,950 [simulator_env.py | 87] INFO: **************************************************
2022-02-21 22:10:38,951 [simulator_env.py | 91] INFO: cur time: 2022-02-21 12:10:00, pre time: 2022-02-21 12:00:00
2022-02-21 22:10:38,951 [simulator_env.py | 147] INFO: Start to update the input of 2022-02-21 12:10:00
2022-02-21 22:10:38,968 [simulator_env.py | 175] INFO: Get 20 unallocated orders, 25 ongoing orders, 592 completed orders.
2022-02-21 22:10:40,671 [simulator_env.py | 100] INFO: Finish the dispatch.
2022-02-21 22:10:40,676 [simulator_env.py | 278] INFO: 2022-02-21 12:10:00, Order 11594300617: state = 1 < 2, we can not finish the simulation
2022-02-21 22:10:40,677 [simulator_env.py | 87] INFO: **************************************************
2022-02-21 22:10:40,677 [simulator_env.py | 91] INFO: cur time: 2022-02-21 12:20:00, pre time: 2022-02-21 12:10:00
2022-02-21 22:10:40,677 [simulator_env.py | 147] INFO: Start to update the input of 2022-02-21 12:20:00
2022-02-21 22:10:40,687 [simulator_env.py | 175] INFO: Get 19 unallocated orders, 18 ongoing orders, 619 completed orders.
2022-02-21 22:10:41,928 [simulator_env.py | 100] INFO: Finish the dispatch.
2022-02-21 22:10:41,931 [simulator_env.py | 278] INFO: 2022-02-21 12:20:00, Order 12103700637: state = 1 < 2, we can not finish the simulation
2022-02-21 22:10:41,932 [simulator_env.py | 87] INFO: **************************************************
2022-02-21 22:10:41,932 [simulator_env.py | 91] INFO: cur time: 2022-02-21 12:30:00, pre time: 2022-02-21 12:20:00
2022-02-21 22:10:41,933 [simulator_env.py | 147] INFO: Start to update the input of 2022-02-21 12:30:00
2022-02-21 22:10:41,941 [simulator_env.py | 175] INFO: Get 25 unallocated orders, 17 ongoing orders, 639 completed orders.
2022-02-21 22:10:43,396 [simulator_env.py | 100] INFO: Finish the dispatch.
2022-02-21 22:10:43,398 [simulator_env.py | 278] INFO: 2022-02-21 12:30:00, Order 12200700656: state = 1 < 2, we can not finish the simulation
2022-02-21 22:10:43,399 [simulator_env.py | 87] INFO: **************************************************
2022-02-21 22:10:43,399 [simulator_env.py | 91] INFO: cur time: 2022-02-21 12:40:00, pre time: 2022-02-21 12:30:00
2022-02-21 22:10:43,399 [simulator_env.py | 147] INFO: Start to update the input of 2022-02-21 12:40:00
2022-02-21 22:10:43,407 [simulator_env.py | 175] INFO: Get 18 unallocated orders, 18 ongoing orders, 663 completed orders.
2022-02-21 22:10:44,859 [simulator_env.py | 100] INFO: Finish the dispatch.
2022-02-21 22:10:44,861 [simulator_env.py | 278] INFO: 2022-02-21 12:40:00, Order 12300900681: state = 1 < 2, we can not finish the simulation
2022-02-21 22:10:44,862 [simulator_env.py | 87] INFO: **************************************************
2022-02-21 22:10:44,862 [simulator_env.py | 91] INFO: cur time: 2022-02-21 12:50:00, pre time: 2022-02-21 12:40:00
2022-02-21 22:10:44,863 [simulator_env.py | 147] INFO: Start to update the input of 2022-02-21 12:50:00
2022-02-21 22:10:44,871 [simulator_env.py | 175] INFO: Get 18 unallocated orders, 11 ongoing orders, 688 completed orders.
2022-02-21 22:10:46,202 [simulator_env.py | 100] INFO: Finish the dispatch.
2022-02-21 22:10:46,205 [simulator_env.py | 278] INFO: 2022-02-21 12:50:00, Order 12403600699: state = 1 < 2, we can not finish the simulation
2022-02-21 22:10:46,206 [simulator_env.py | 87] INFO: **************************************************
2022-02-21 22:10:46,206 [simulator_env.py | 91] INFO: cur time: 2022-02-21 13:00:00, pre time: 2022-02-21 12:50:00
2022-02-21 22:10:46,207 [simulator_env.py | 147] INFO: Start to update the input of 2022-02-21 13:00:00
2022-02-21 22:10:46,216 [simulator_env.py | 175] INFO: Get 14 unallocated orders, 14 ongoing orders, 703 completed orders.
2022-02-21 22:10:47,445 [simulator_env.py | 100] INFO: Finish the dispatch.
2022-02-21 22:10:47,449 [simulator_env.py | 278] INFO: 2022-02-21 13:00:00, Order 12500200717: state = 1 < 2, we can not finish the simulation
2022-02-21 22:10:47,450 [simulator_env.py | 87] INFO: **************************************************
2022-02-21 22:10:47,450 [simulator_env.py | 91] INFO: cur time: 2022-02-21 13:10:00, pre time: 2022-02-21 13:00:00
2022-02-21 22:10:47,450 [simulator_env.py | 147] INFO: Start to update the input of 2022-02-21 13:10:00
2022-02-21 22:10:47,457 [simulator_env.py | 175] INFO: Get 19 unallocated orders, 8 ongoing orders, 723 completed orders.
2022-02-21 22:10:49,858 [simulator_env.py | 100] INFO: Finish the dispatch.
2022-02-21 22:10:49,860 [simulator_env.py | 278] INFO: 2022-02-21 13:10:00, Order 13001200731: state = 1 < 2, we can not finish the simulation
2022-02-21 22:10:49,861 [simulator_env.py | 87] INFO: **************************************************
2022-02-21 22:10:49,861 [simulator_env.py | 91] INFO: cur time: 2022-02-21 13:20:00, pre time: 2022-02-21 13:10:00
2022-02-21 22:10:49,861 [simulator_env.py | 147] INFO: Start to update the input of 2022-02-21 13:20:00
2022-02-21 22:10:49,868 [simulator_env.py | 175] INFO: Get 14 unallocated orders, 14 ongoing orders, 736 completed orders.
2022-02-21 22:10:51,829 [simulator_env.py | 100] INFO: Finish the dispatch.
2022-02-21 22:10:51,833 [simulator_env.py | 278] INFO: 2022-02-21 13:20:00, Order 13110700750: state = 1 < 2, we can not finish the simulation
2022-02-21 22:10:51,834 [simulator_env.py | 87] INFO: **************************************************
2022-02-21 22:10:51,834 [simulator_env.py | 91] INFO: cur time: 2022-02-21 13:30:00, pre time: 2022-02-21 13:20:00
2022-02-21 22:10:51,834 [simulator_env.py | 147] INFO: Start to update the input of 2022-02-21 13:30:00
2022-02-21 22:10:51,843 [simulator_env.py | 175] INFO: Get 17 unallocated orders, 12 ongoing orders, 752 completed orders.
2022-02-21 22:10:53,631 [simulator_env.py | 100] INFO: Finish the dispatch.
2022-02-21 22:10:53,635 [simulator_env.py | 278] INFO: 2022-02-21 13:30:00, Order 13201200764: state = 1 < 2, we can not finish the simulation
2022-02-21 22:10:53,636 [simulator_env.py | 87] INFO: **************************************************
2022-02-21 22:10:53,636 [simulator_env.py | 91] INFO: cur time: 2022-02-21 13:40:00, pre time: 2022-02-21 13:30:00
2022-02-21 22:10:53,636 [simulator_env.py | 147] INFO: Start to update the input of 2022-02-21 13:40:00
2022-02-21 22:10:53,648 [simulator_env.py | 175] INFO: Get 10 unallocated orders, 12 ongoing orders, 769 completed orders.
2022-02-21 22:10:55,013 [simulator_env.py | 100] INFO: Finish the dispatch.
2022-02-21 22:10:55,015 [simulator_env.py | 278] INFO: 2022-02-21 13:40:00, Order 13313100781: state = 1 < 2, we can not finish the simulation
2022-02-21 22:10:55,017 [simulator_env.py | 87] INFO: **************************************************
2022-02-21 22:10:55,017 [simulator_env.py | 91] INFO: cur time: 2022-02-21 13:50:00, pre time: 2022-02-21 13:40:00
2022-02-21 22:10:55,017 [simulator_env.py | 147] INFO: Start to update the input of 2022-02-21 13:50:00
2022-02-21 22:10:55,025 [simulator_env.py | 175] INFO: Get 12 unallocated orders, 8 ongoing orders, 783 completed orders.
2022-02-21 22:10:56,478 [simulator_env.py | 100] INFO: Finish the dispatch.
2022-02-21 22:10:56,480 [simulator_env.py | 278] INFO: 2022-02-21 13:50:00, Order 13410900791: state = 1 < 2, we can not finish the simulation
2022-02-21 22:10:56,481 [simulator_env.py | 87] INFO: **************************************************
2022-02-21 22:10:56,481 [simulator_env.py | 91] INFO: cur time: 2022-02-21 14:00:00, pre time: 2022-02-21 13:50:00
2022-02-21 22:10:56,481 [simulator_env.py | 147] INFO: Start to update the input of 2022-02-21 14:00:00
2022-02-21 22:10:56,488 [simulator_env.py | 175] INFO: Get 11 unallocated orders, 9 ongoing orders, 794 completed orders.
2022-02-21 22:10:57,939 [simulator_env.py | 100] INFO: Finish the dispatch.
2022-02-21 22:10:57,941 [simulator_env.py | 278] INFO: 2022-02-21 14:00:00, Order 13501600803: state = 1 < 2, we can not finish the simulation
2022-02-21 22:10:57,943 [simulator_env.py | 87] INFO: **************************************************
2022-02-21 22:10:57,943 [simulator_env.py | 91] INFO: cur time: 2022-02-21 14:10:00, pre time: 2022-02-21 14:00:00
2022-02-21 22:10:57,943 [simulator_env.py | 147] INFO: Start to update the input of 2022-02-21 14:10:00
2022-02-21 22:10:57,949 [simulator_env.py | 175] INFO: Get 15 unallocated orders, 7 ongoing orders, 807 completed orders.
2022-02-21 22:10:59,940 [simulator_env.py | 100] INFO: Finish the dispatch.
2022-02-21 22:10:59,943 [simulator_env.py | 278] INFO: 2022-02-21 14:10:00, Order 14001900814: state = 1 < 2, we can not finish the simulation
2022-02-21 22:10:59,944 [simulator_env.py | 87] INFO: **************************************************
2022-02-21 22:10:59,944 [simulator_env.py | 91] INFO: cur time: 2022-02-21 14:20:00, pre time: 2022-02-21 14:10:00
2022-02-21 22:10:59,944 [simulator_env.py | 147] INFO: Start to update the input of 2022-02-21 14:20:00
2022-02-21 22:10:59,956 [simulator_env.py | 175] INFO: Get 12 unallocated orders, 10 ongoing orders, 819 completed orders.
2022-02-21 22:11:02,753 [simulator_env.py | 100] INFO: Finish the dispatch.
2022-02-21 22:11:02,756 [simulator_env.py | 278] INFO: 2022-02-21 14:20:00, Order 14100900829: state = 1 < 2, we can not finish the simulation
2022-02-21 22:11:02,757 [simulator_env.py | 87] INFO: **************************************************
2022-02-21 22:11:02,757 [simulator_env.py | 91] INFO: cur time: 2022-02-21 14:30:00, pre time: 2022-02-21 14:20:00
2022-02-21 22:11:02,757 [simulator_env.py | 147] INFO: Start to update the input of 2022-02-21 14:30:00
2022-02-21 22:11:02,766 [simulator_env.py | 175] INFO: Get 17 unallocated orders, 11 ongoing orders, 830 completed orders.
2022-02-21 22:11:04,765 [simulator_env.py | 100] INFO: Finish the dispatch.
2022-02-21 22:11:04,771 [simulator_env.py | 278] INFO: 2022-02-21 14:30:00, Order 14203900841: state = 1 < 2, we can not finish the simulation
2022-02-21 22:11:04,772 [simulator_env.py | 87] INFO: **************************************************
2022-02-21 22:11:04,772 [simulator_env.py | 91] INFO: cur time: 2022-02-21 14:40:00, pre time: 2022-02-21 14:30:00
2022-02-21 22:11:04,772 [simulator_env.py | 147] INFO: Start to update the input of 2022-02-21 14:40:00
2022-02-21 22:11:04,780 [simulator_env.py | 175] INFO: Get 23 unallocated orders, 13 ongoing orders, 844 completed orders.
2022-02-21 22:11:06,851 [simulator_env.py | 100] INFO: Finish the dispatch.
2022-02-21 22:11:06,855 [simulator_env.py | 278] INFO: 2022-02-21 14:40:00, Order 14253100847: state = 1 < 2, we can not finish the simulation
2022-02-21 22:11:06,856 [simulator_env.py | 87] INFO: **************************************************
2022-02-21 22:11:06,856 [simulator_env.py | 91] INFO: cur time: 2022-02-21 14:50:00, pre time: 2022-02-21 14:40:00
2022-02-21 22:11:06,856 [simulator_env.py | 147] INFO: Start to update the input of 2022-02-21 14:50:00
2022-02-21 22:11:06,865 [simulator_env.py | 175] INFO: Get 9 unallocated orders, 16 ongoing orders, 863 completed orders.
2022-02-21 22:11:08,063 [simulator_env.py | 100] INFO: Finish the dispatch.
2022-02-21 22:11:08,065 [simulator_env.py | 278] INFO: 2022-02-21 14:50:00, Order 14341700865: state = 1 < 2, we can not finish the simulation
2022-02-21 22:11:08,066 [simulator_env.py | 87] INFO: **************************************************
2022-02-21 22:11:08,067 [simulator_env.py | 91] INFO: cur time: 2022-02-21 15:00:00, pre time: 2022-02-21 14:50:00
2022-02-21 22:11:08,067 [simulator_env.py | 147] INFO: Start to update the input of 2022-02-21 15:00:00
2022-02-21 22:11:08,073 [simulator_env.py | 175] INFO: Get 12 unallocated orders, 7 ongoing orders, 881 completed orders.
2022-02-21 22:11:09,305 [simulator_env.py | 100] INFO: Finish the dispatch.
2022-02-21 22:11:09,307 [simulator_env.py | 278] INFO: 2022-02-21 15:00:00, Order 14512000888: state = 1 < 2, we can not finish the simulation
2022-02-21 22:11:09,308 [simulator_env.py | 87] INFO: **************************************************
2022-02-21 22:11:09,308 [simulator_env.py | 91] INFO: cur time: 2022-02-21 15:10:00, pre time: 2022-02-21 15:00:00
2022-02-21 22:11:09,308 [simulator_env.py | 147] INFO: Start to update the input of 2022-02-21 15:10:00
2022-02-21 22:11:09,315 [simulator_env.py | 175] INFO: Get 0 unallocated orders, 10 ongoing orders, 890 completed orders.
2022-02-21 22:11:10,602 [simulator_env.py | 100] INFO: Finish the dispatch.
2022-02-21 22:11:10,604 [simulator_env.py | 281] INFO: 2022-02-21 15:10:00, the status of all orders is greater than 1, we could finish the simulation
2022-02-21 22:11:10,607 [simulator_env.py | 124] INFO: finished the left ongoing orders
2022-02-21 22:11:10,607 [evaluator.py    | 116] INFO: Traveling Distance of driver D_1 is  56.580, visited node list: 21
2022-02-21 22:11:10,609 [evaluator.py    | 116] INFO: Traveling Distance of driver D_2 is  108.580, visited node list: 43
2022-02-21 22:11:10,609 [evaluator.py    | 116] INFO: Traveling Distance of driver D_3 is  118.520, visited node list: 38
2022-02-21 22:11:10,611 [evaluator.py    | 116] INFO: Traveling Distance of driver D_4 is  114.220, visited node list: 40
2022-02-21 22:11:10,611 [evaluator.py    | 116] INFO: Traveling Distance of driver D_5 is  118.120, visited node list: 41
2022-02-21 22:11:10,612 [evaluator.py    | 116] INFO: Traveling Distance of driver D_6 is  128.770, visited node list: 43
2022-02-21 22:11:10,612 [evaluator.py    | 116] INFO: Traveling Distance of driver D_7 is  126.830, visited node list: 41
2022-02-21 22:11:10,613 [evaluator.py    | 116] INFO: Traveling Distance of driver D_8 is  119.820, visited node list: 39
2022-02-21 22:11:10,614 [evaluator.py    | 116] INFO: Traveling Distance of driver D_9 is  113.820, visited node list: 41
2022-02-21 22:11:10,615 [evaluator.py    | 116] INFO: Traveling Distance of driver D_10 is  116.760, visited node list: 41
2022-02-21 22:11:10,615 [evaluator.py    | 116] INFO: Traveling Distance of driver D_11 is  124.510, visited node list: 39
2022-02-21 22:11:10,616 [evaluator.py    | 116] INFO: Traveling Distance of driver D_12 is  110.610, visited node list: 44
2022-02-21 22:11:10,617 [evaluator.py    | 116] INFO: Traveling Distance of driver D_13 is  109.450, visited node list: 36
2022-02-21 22:11:10,617 [evaluator.py    | 116] INFO: Traveling Distance of driver D_14 is  100.550, visited node list: 35
2022-02-21 22:11:10,617 [evaluator.py    | 116] INFO: Traveling Distance of driver D_15 is  104.620, visited node list: 40
2022-02-21 22:11:10,618 [evaluator.py    | 116] INFO: Traveling Distance of driver D_16 is  94.700, visited node list: 37
2022-02-21 22:11:10,618 [evaluator.py    | 116] INFO: Traveling Distance of driver D_17 is  111.730, visited node list: 34
2022-02-21 22:11:10,619 [evaluator.py    | 116] INFO: Traveling Distance of driver D_18 is  110.150, visited node list: 37
2022-02-21 22:11:10,619 [evaluator.py    | 116] INFO: Traveling Distance of driver D_19 is  112.970, visited node list: 42
2022-02-21 22:11:10,620 [evaluator.py    | 116] INFO: Traveling Distance of driver D_20 is  103.310, visited node list: 36
2022-02-21 22:11:10,621 [evaluator.py    | 116] INFO: Traveling Distance of driver D_21 is  88.390, visited node list: 27
2022-02-21 22:11:10,622 [evaluator.py    | 116] INFO: Traveling Distance of driver D_22 is  106.050, visited node list: 37
2022-02-21 22:11:10,622 [evaluator.py    | 116] INFO: Traveling Distance of driver D_23 is  101.990, visited node list: 35
2022-02-21 22:11:10,622 [evaluator.py    | 116] INFO: Traveling Distance of driver D_24 is  96.540, visited node list: 35
2022-02-21 22:11:10,623 [evaluator.py    | 116] INFO: Traveling Distance of driver D_25 is  94.020, visited node list: 34
2022-02-21 22:11:10,624 [evaluator.py    | 116] INFO: Traveling Distance of driver D_26 is  100.570, visited node list: 33
2022-02-21 22:11:10,624 [evaluator.py    | 116] INFO: Traveling Distance of driver D_27 is  94.170, visited node list: 33
2022-02-21 22:11:10,625 [evaluator.py    | 116] INFO: Traveling Distance of driver D_28 is  96.820, visited node list: 37
2022-02-21 22:11:10,625 [evaluator.py    | 116] INFO: Traveling Distance of driver D_29 is  87.230, visited node list: 34
2022-02-21 22:11:10,625 [evaluator.py    | 116] INFO: Traveling Distance of driver D_30 is  78.160, visited node list: 27
2022-02-21 22:11:10,626 [evaluator.py    | 116] INFO: Traveling Distance of driver D_31 is  87.840, visited node list: 36
2022-02-21 22:11:10,626 [evaluator.py    | 116] INFO: Traveling Distance of driver D_32 is  82.000, visited node list: 31
2022-02-21 22:11:10,627 [evaluator.py    | 116] INFO: Traveling Distance of driver D_33 is  49.390, visited node list: 15
2022-02-21 22:11:10,628 [evaluator.py    | 116] INFO: Traveling Distance of driver D_34 is  75.070, visited node list: 25
2022-02-21 22:11:10,628 [evaluator.py    | 116] INFO: Traveling Distance of driver D_35 is  58.010, visited node list: 18
2022-02-21 22:11:10,629 [evaluator.py    | 116] INFO: Traveling Distance of driver D_36 is  46.970, visited node list: 16
2022-02-21 22:11:10,629 [evaluator.py    | 116] INFO: Traveling Distance of driver D_37 is  53.630, visited node list: 25
2022-02-21 22:11:10,630 [evaluator.py    | 116] INFO: Traveling Distance of driver D_38 is  53.990, visited node list: 23
2022-02-21 22:11:10,630 [evaluator.py    | 116] INFO: Traveling Distance of driver D_39 is  83.800, visited node list: 25
2022-02-21 22:11:10,630 [evaluator.py    | 116] INFO: Traveling Distance of driver D_40 is  69.350, visited node list: 24
2022-02-21 22:11:10,631 [evaluator.py    | 116] INFO: Traveling Distance of driver D_41 is  48.560, visited node list: 18
2022-02-21 22:11:10,631 [evaluator.py    | 116] INFO: Traveling Distance of driver D_42 is  55.280, visited node list: 21
2022-02-21 22:11:10,631 [evaluator.py    | 116] INFO: Traveling Distance of driver D_43 is  81.430, visited node list: 30
2022-02-21 22:11:10,631 [evaluator.py    | 116] INFO: Traveling Distance of driver D_44 is  73.680, visited node list: 26
2022-02-21 22:11:10,632 [evaluator.py    | 116] INFO: Traveling Distance of driver D_45 is  51.130, visited node list: 23
2022-02-21 22:11:10,632 [evaluator.py    | 116] INFO: Traveling Distance of driver D_46 is  54.640, visited node list: 24
2022-02-21 22:11:10,632 [evaluator.py    | 116] INFO: Traveling Distance of driver D_47 is  66.610, visited node list: 23
2022-02-21 22:11:10,632 [evaluator.py    | 116] INFO: Traveling Distance of driver D_48 is  53.120, visited node list: 19
2022-02-21 22:11:10,633 [evaluator.py    | 116] INFO: Traveling Distance of driver D_49 is  51.410, visited node list: 17
2022-02-21 22:11:10,633 [evaluator.py    | 116] INFO: Traveling Distance of driver D_50 is  51.630, visited node list: 21
2022-02-21 22:11:10,633 [evaluator.py    | 116] INFO: Traveling Distance of driver D_51 is  45.440, visited node list: 17
2022-02-21 22:11:10,633 [evaluator.py    | 116] INFO: Traveling Distance of driver D_52 is  49.140, visited node list: 15
2022-02-21 22:11:10,634 [evaluator.py    | 116] INFO: Traveling Distance of driver D_53 is  40.310, visited node list: 16
2022-02-21 22:11:10,634 [evaluator.py    | 116] INFO: Traveling Distance of driver D_54 is  31.670, visited node list: 13
2022-02-21 22:11:10,634 [evaluator.py    | 116] INFO: Traveling Distance of driver D_55 is  46.510, visited node list: 15
2022-02-21 22:11:10,634 [evaluator.py    | 116] INFO: Traveling Distance of driver D_56 is  44.340, visited node list: 16
2022-02-21 22:11:10,635 [evaluator.py    | 116] INFO: Traveling Distance of driver D_57 is  53.900, visited node list: 19
2022-02-21 22:11:10,635 [evaluator.py    | 116] INFO: Traveling Distance of driver D_58 is  51.340, visited node list: 21
2022-02-21 22:11:10,635 [evaluator.py    | 116] INFO: Traveling Distance of driver D_59 is  40.790, visited node list: 12
2022-02-21 22:11:10,635 [evaluator.py    | 116] INFO: Traveling Distance of driver D_60 is  41.450, visited node list: 15
2022-02-21 22:11:10,635 [evaluator.py    | 116] INFO: Traveling Distance of driver D_61 is  35.880, visited node list: 14
2022-02-21 22:11:10,636 [evaluator.py    | 116] INFO: Traveling Distance of driver D_62 is  33.560, visited node list: 14
2022-02-21 22:11:10,636 [evaluator.py    | 116] INFO: Traveling Distance of driver D_63 is  37.630, visited node list: 12
2022-02-21 22:11:10,636 [evaluator.py    | 116] INFO: Traveling Distance of driver D_64 is  31.360, visited node list: 11
2022-02-21 22:11:10,636 [evaluator.py    | 116] INFO: Traveling Distance of driver D_65 is  25.870, visited node list: 9
2022-02-21 22:11:10,636 [evaluator.py    | 116] INFO: Traveling Distance of driver D_66 is  19.930, visited node list: 9
2022-02-21 22:11:10,637 [evaluator.py    | 116] INFO: Traveling Distance of driver D_67 is  10.630, visited node list: 5
2022-02-21 22:11:10,637 [evaluator.py    | 116] INFO: Traveling Distance of driver D_68 is  25.600, visited node list: 11
2022-02-21 22:11:10,637 [evaluator.py    | 116] INFO: Traveling Distance of driver D_69 is  15.000, visited node list: 8
2022-02-21 22:11:10,637 [evaluator.py    | 116] INFO: Traveling Distance of driver D_70 is  21.800, visited node list: 7
2022-02-21 22:11:10,637 [evaluator.py    | 116] INFO: Traveling Distance of driver D_71 is  17.460, visited node list: 8
2022-02-21 22:11:10,637 [evaluator.py    | 116] INFO: Traveling Distance of driver D_72 is  12.560, visited node list: 5
2022-02-21 22:11:10,638 [evaluator.py    | 116] INFO: Traveling Distance of driver D_73 is  11.330, visited node list: 5
2022-02-21 22:11:10,638 [evaluator.py    | 116] INFO: Traveling Distance of driver D_74 is  7.110, visited node list: 4
2022-02-21 22:11:10,638 [evaluator.py    | 116] INFO: Traveling Distance of driver D_75 is  14.090, visited node list: 6
2022-02-21 22:11:10,639 [evaluator.py    | 18] INFO: Total distance:  5160.800
2022-02-21 22:11:10,730 [evaluator.py    | 22] INFO: Sum over time:  0.000
2022-02-21 22:11:10,733 [evaluator.py    | 26] INFO: Total score:  68.811
2022-02-21 22:11:10,939 [main.py         | 43] INFO: Score of instance_22: 68.81066666666669
