2022-02-21 23:18:23,384 [main.py         | 38] INFO: Start to run /Users/yangjingfeng/Library/CloudStorage/OneDrive-Personal/Public/PhD Study/Papers/Food_Delivery/Code/Food_delivery_simulator/Benchmark/Instance_small_2: instance_58
2022-02-21 23:18:23,385 [simulator_api.py | 43] INFO: Start time of the simulator: 2022-02-21 09:00:00, time interval:  600.00
2022-02-21 23:18:23,823 [input_utils.py  | 35] INFO: Get 2165 locations
2022-02-21 23:18:23,845 [input_utils.py  | 39] INFO: Get 80 drivers
2022-02-21 23:18:24,081 [input_utils.py  | 43] INFO: Get 1150 orders
2022-02-21 23:18:24,083 [simulator_api.py | 75] INFO: Initial position of D_1 is Lorong 8 Toa Payoh Hawker Centre
2022-02-21 23:18:24,083 [simulator_api.py | 75] INFO: Initial position of D_2 is Lorong 8 Toa Payoh Hawker Centre
2022-02-21 23:18:24,084 [simulator_api.py | 75] INFO: Initial position of D_3 is Old Airport Road Food Centre
2022-02-21 23:18:24,084 [simulator_api.py | 75] INFO: Initial position of D_4 is Bedok Interchange Hawker Centre
2022-02-21 23:18:24,085 [simulator_api.py | 75] INFO: Initial position of D_5 is Chomp Chomp
2022-02-21 23:18:24,085 [simulator_api.py | 75] INFO: Initial position of D_6 is Lorong 8 Toa Payoh Hawker Centre
2022-02-21 23:18:24,086 [simulator_api.py | 75] INFO: Initial position of D_7 is Lorong 8 Toa Payoh Hawker Centre
2022-02-21 23:18:24,087 [simulator_api.py | 75] INFO: Initial position of D_8 is Bedok Interchange Hawker Centre
2022-02-21 23:18:24,088 [simulator_api.py | 75] INFO: Initial position of D_9 is Lorong 8 Toa Payoh Hawker Centre
2022-02-21 23:18:24,089 [simulator_api.py | 75] INFO: Initial position of D_10 is Bedok Interchange Hawker Centre
2022-02-21 23:18:24,089 [simulator_api.py | 75] INFO: Initial position of D_11 is Chomp Chomp
2022-02-21 23:18:24,090 [simulator_api.py | 75] INFO: Initial position of D_12 is Kovan Food Centre (209 Hougang Street 21)
2022-02-21 23:18:24,090 [simulator_api.py | 75] INFO: Initial position of D_13 is Chomp Chomp
2022-02-21 23:18:24,091 [simulator_api.py | 75] INFO: Initial position of D_14 is Kovan Food Centre (209 Hougang Street 21)
2022-02-21 23:18:24,092 [simulator_api.py | 75] INFO: Initial position of D_15 is Bedok Interchange Hawker Centre
2022-02-21 23:18:24,092 [simulator_api.py | 75] INFO: Initial position of D_16 is Kovan Food Centre (209 Hougang Street 21)
2022-02-21 23:18:24,093 [simulator_api.py | 75] INFO: Initial position of D_17 is Old Airport Road Food Centre
2022-02-21 23:18:24,093 [simulator_api.py | 75] INFO: Initial position of D_18 is Chomp Chomp
2022-02-21 23:18:24,094 [simulator_api.py | 75] INFO: Initial position of D_19 is Bedok Interchange Hawker Centre
2022-02-21 23:18:24,095 [simulator_api.py | 75] INFO: Initial position of D_20 is Chomp Chomp
2022-02-21 23:18:24,096 [simulator_api.py | 75] INFO: Initial position of D_21 is Breadtalk Ihq, 30 Tai Seng St, Singapore 534013, Singapore
2022-02-21 23:18:24,096 [simulator_api.py | 75] INFO: Initial position of D_22 is Chomp Chomp
2022-02-21 23:18:24,096 [simulator_api.py | 75] INFO: Initial position of D_23 is Kovan Food Centre (209 Hougang Street 21)
2022-02-21 23:18:24,098 [simulator_api.py | 75] INFO: Initial position of D_24 is Bedok Interchange Hawker Centre
2022-02-21 23:18:24,099 [simulator_api.py | 75] INFO: Initial position of D_25 is Old Airport Road Food Centre
2022-02-21 23:18:24,101 [simulator_api.py | 75] INFO: Initial position of D_26 is Breadtalk Ihq, 30 Tai Seng St, Singapore 534013, Singapore
2022-02-21 23:18:24,102 [simulator_api.py | 75] INFO: Initial position of D_27 is Old Airport Road Food Centre
2022-02-21 23:18:24,103 [simulator_api.py | 75] INFO: Initial position of D_28 is Breadtalk Ihq, 30 Tai Seng St, Singapore 534013, Singapore
2022-02-21 23:18:24,105 [simulator_api.py | 75] INFO: Initial position of D_29 is Bedok Interchange Hawker Centre
2022-02-21 23:18:24,106 [simulator_api.py | 75] INFO: Initial position of D_30 is Lorong 8 Toa Payoh Hawker Centre
2022-02-21 23:18:24,106 [simulator_api.py | 75] INFO: Initial position of D_31 is Chomp Chomp
2022-02-21 23:18:24,106 [simulator_api.py | 75] INFO: Initial position of D_32 is Old Airport Road Food Centre
2022-02-21 23:18:24,107 [simulator_api.py | 75] INFO: Initial position of D_33 is Bedok Interchange Hawker Centre
2022-02-21 23:18:24,108 [simulator_api.py | 75] INFO: Initial position of D_34 is Lorong 8 Toa Payoh Hawker Centre
2022-02-21 23:18:24,109 [simulator_api.py | 75] INFO: Initial position of D_35 is Bedok Interchange Hawker Centre
2022-02-21 23:18:24,110 [simulator_api.py | 75] INFO: Initial position of D_36 is Chomp Chomp
2022-02-21 23:18:24,110 [simulator_api.py | 75] INFO: Initial position of D_37 is Breadtalk Ihq, 30 Tai Seng St, Singapore 534013, Singapore
2022-02-21 23:18:24,110 [simulator_api.py | 75] INFO: Initial position of D_38 is Kovan Food Centre (209 Hougang Street 21)
2022-02-21 23:18:24,111 [simulator_api.py | 75] INFO: Initial position of D_39 is Chomp Chomp
2022-02-21 23:18:24,112 [simulator_api.py | 75] INFO: Initial position of D_40 is Lorong 8 Toa Payoh Hawker Centre
2022-02-21 23:18:24,113 [simulator_api.py | 75] INFO: Initial position of D_41 is Lorong 8 Toa Payoh Hawker Centre
2022-02-21 23:18:24,115 [simulator_api.py | 75] INFO: Initial position of D_42 is Chomp Chomp
2022-02-21 23:18:24,115 [simulator_api.py | 75] INFO: Initial position of D_43 is Bedok Interchange Hawker Centre
2022-02-21 23:18:24,116 [simulator_api.py | 75] INFO: Initial position of D_44 is Old Airport Road Food Centre
2022-02-21 23:18:24,116 [simulator_api.py | 75] INFO: Initial position of D_45 is Chomp Chomp
2022-02-21 23:18:24,118 [simulator_api.py | 75] INFO: Initial position of D_46 is Old Airport Road Food Centre
2022-02-21 23:18:24,119 [simulator_api.py | 75] INFO: Initial position of D_47 is Old Airport Road Food Centre
2022-02-21 23:18:24,119 [simulator_api.py | 75] INFO: Initial position of D_48 is Breadtalk Ihq, 30 Tai Seng St, Singapore 534013, Singapore
2022-02-21 23:18:24,120 [simulator_api.py | 75] INFO: Initial position of D_49 is Lorong 8 Toa Payoh Hawker Centre
2022-02-21 23:18:24,121 [simulator_api.py | 75] INFO: Initial position of D_50 is Breadtalk Ihq, 30 Tai Seng St, Singapore 534013, Singapore
2022-02-21 23:18:24,122 [simulator_api.py | 75] INFO: Initial position of D_51 is Breadtalk Ihq, 30 Tai Seng St, Singapore 534013, Singapore
2022-02-21 23:18:24,122 [simulator_api.py | 75] INFO: Initial position of D_52 is Breadtalk Ihq, 30 Tai Seng St, Singapore 534013, Singapore
2022-02-21 23:18:24,123 [simulator_api.py | 75] INFO: Initial position of D_53 is Old Airport Road Food Centre
2022-02-21 23:18:24,124 [simulator_api.py | 75] INFO: Initial position of D_54 is Chomp Chomp
2022-02-21 23:18:24,125 [simulator_api.py | 75] INFO: Initial position of D_55 is Lorong 8 Toa Payoh Hawker Centre
2022-02-21 23:18:24,125 [simulator_api.py | 75] INFO: Initial position of D_56 is Bedok Interchange Hawker Centre
2022-02-21 23:18:24,127 [simulator_api.py | 75] INFO: Initial position of D_57 is Kovan Food Centre (209 Hougang Street 21)
2022-02-21 23:18:24,128 [simulator_api.py | 75] INFO: Initial position of D_58 is Breadtalk Ihq, 30 Tai Seng St, Singapore 534013, Singapore
2022-02-21 23:18:24,128 [simulator_api.py | 75] INFO: Initial position of D_59 is Bedok Interchange Hawker Centre
2022-02-21 23:18:24,129 [simulator_api.py | 75] INFO: Initial position of D_60 is Breadtalk Ihq, 30 Tai Seng St, Singapore 534013, Singapore
2022-02-21 23:18:24,129 [simulator_api.py | 75] INFO: Initial position of D_61 is Old Airport Road Food Centre
2022-02-21 23:18:24,129 [simulator_api.py | 75] INFO: Initial position of D_62 is Kovan Food Centre (209 Hougang Street 21)
2022-02-21 23:18:24,130 [simulator_api.py | 75] INFO: Initial position of D_63 is Chomp Chomp
2022-02-21 23:18:24,131 [simulator_api.py | 75] INFO: Initial position of D_64 is Kovan Food Centre (209 Hougang Street 21)
2022-02-21 23:18:24,132 [simulator_api.py | 75] INFO: Initial position of D_65 is Kovan Food Centre (209 Hougang Street 21)
2022-02-21 23:18:24,132 [simulator_api.py | 75] INFO: Initial position of D_66 is Kovan Food Centre (209 Hougang Street 21)
2022-02-21 23:18:24,133 [simulator_api.py | 75] INFO: Initial position of D_67 is Chomp Chomp
2022-02-21 23:18:24,134 [simulator_api.py | 75] INFO: Initial position of D_68 is Lorong 8 Toa Payoh Hawker Centre
2022-02-21 23:18:24,135 [simulator_api.py | 75] INFO: Initial position of D_69 is Old Airport Road Food Centre
2022-02-21 23:18:24,135 [simulator_api.py | 75] INFO: Initial position of D_70 is Old Airport Road Food Centre
2022-02-21 23:18:24,135 [simulator_api.py | 75] INFO: Initial position of D_71 is Bedok Interchange Hawker Centre
2022-02-21 23:18:24,136 [simulator_api.py | 75] INFO: Initial position of D_72 is Chomp Chomp
2022-02-21 23:18:24,136 [simulator_api.py | 75] INFO: Initial position of D_73 is Lorong 8 Toa Payoh Hawker Centre
2022-02-21 23:18:24,137 [simulator_api.py | 75] INFO: Initial position of D_74 is Old Airport Road Food Centre
2022-02-21 23:18:24,138 [simulator_api.py | 75] INFO: Initial position of D_75 is Bedok Interchange Hawker Centre
2022-02-21 23:18:24,139 [simulator_api.py | 75] INFO: Initial position of D_76 is Chomp Chomp
2022-02-21 23:18:24,139 [simulator_api.py | 75] INFO: Initial position of D_77 is Bedok Interchange Hawker Centre
2022-02-21 23:18:24,140 [simulator_api.py | 75] INFO: Initial position of D_78 is Breadtalk Ihq, 30 Tai Seng St, Singapore 534013, Singapore
2022-02-21 23:18:24,140 [simulator_api.py | 75] INFO: Initial position of D_79 is Old Airport Road Food Centre
2022-02-21 23:18:24,141 [simulator_api.py | 75] INFO: Initial position of D_80 is Chomp Chomp
2022-02-21 23:18:24,157 [simulator_env.py | 87] INFO: **************************************************
2022-02-21 23:18:24,157 [simulator_env.py | 91] INFO: cur time: 2022-02-21 09:10:00, pre time: 2022-02-21 09:00:00
2022-02-21 23:18:24,159 [simulator_env.py | 147] INFO: Start to update the input of 2022-02-21 09:10:00
2022-02-21 23:18:24,163 [simulator_env.py | 175] INFO: Get 34 unallocated orders, 0 ongoing orders, 0 completed orders.
2022-02-21 23:18:25,546 [simulator_env.py | 100] INFO: Finish the dispatch.
2022-02-21 23:18:25,548 [simulator_env.py | 278] INFO: 2022-02-21 09:10:00, Order 09000500000: state = 1 < 2, we can not finish the simulation
2022-02-21 23:18:25,548 [simulator_env.py | 87] INFO: **************************************************
2022-02-21 23:18:25,549 [simulator_env.py | 91] INFO: cur time: 2022-02-21 09:20:00, pre time: 2022-02-21 09:10:00
2022-02-21 23:18:25,549 [simulator_env.py | 147] INFO: Start to update the input of 2022-02-21 09:20:00
2022-02-21 23:18:25,557 [simulator_env.py | 175] INFO: Get 37 unallocated orders, 23 ongoing orders, 11 completed orders.
2022-02-21 23:18:27,527 [simulator_env.py | 100] INFO: Finish the dispatch.
2022-02-21 23:18:27,530 [simulator_env.py | 278] INFO: 2022-02-21 09:20:00, Order 09101700034: state = 1 < 2, we can not finish the simulation
2022-02-21 23:18:27,531 [simulator_env.py | 87] INFO: **************************************************
2022-02-21 23:18:27,531 [simulator_env.py | 91] INFO: cur time: 2022-02-21 09:30:00, pre time: 2022-02-21 09:20:00
2022-02-21 23:18:27,532 [simulator_env.py | 147] INFO: Start to update the input of 2022-02-21 09:30:00
2022-02-21 23:18:27,543 [simulator_env.py | 175] INFO: Get 33 unallocated orders, 21 ongoing orders, 50 completed orders.
2022-02-21 23:18:29,357 [simulator_env.py | 100] INFO: Finish the dispatch.
2022-02-21 23:18:29,360 [simulator_env.py | 278] INFO: 2022-02-21 09:30:00, Order 09200600071: state = 1 < 2, we can not finish the simulation
2022-02-21 23:18:29,362 [simulator_env.py | 87] INFO: **************************************************
2022-02-21 23:18:29,362 [simulator_env.py | 91] INFO: cur time: 2022-02-21 09:40:00, pre time: 2022-02-21 09:30:00
2022-02-21 23:18:29,362 [simulator_env.py | 147] INFO: Start to update the input of 2022-02-21 09:40:00
2022-02-21 23:18:29,369 [simulator_env.py | 175] INFO: Get 35 unallocated orders, 25 ongoing orders, 79 completed orders.
2022-02-21 23:18:31,174 [simulator_env.py | 100] INFO: Finish the dispatch.
2022-02-21 23:18:31,180 [simulator_env.py | 278] INFO: 2022-02-21 09:40:00, Order 09302100104: state = 1 < 2, we can not finish the simulation
2022-02-21 23:18:31,182 [simulator_env.py | 87] INFO: **************************************************
2022-02-21 23:18:31,182 [simulator_env.py | 91] INFO: cur time: 2022-02-21 09:50:00, pre time: 2022-02-21 09:40:00
2022-02-21 23:18:31,182 [simulator_env.py | 147] INFO: Start to update the input of 2022-02-21 09:50:00
2022-02-21 23:18:31,193 [simulator_env.py | 175] INFO: Get 36 unallocated orders, 23 ongoing orders, 116 completed orders.
2022-02-21 23:18:33,008 [simulator_env.py | 100] INFO: Finish the dispatch.
2022-02-21 23:18:33,011 [simulator_env.py | 278] INFO: 2022-02-21 09:50:00, Order 09400300139: state = 1 < 2, we can not finish the simulation
2022-02-21 23:18:33,013 [simulator_env.py | 87] INFO: **************************************************
2022-02-21 23:18:33,013 [simulator_env.py | 91] INFO: cur time: 2022-02-21 10:00:00, pre time: 2022-02-21 09:50:00
2022-02-21 23:18:33,013 [simulator_env.py | 147] INFO: Start to update the input of 2022-02-21 10:00:00
2022-02-21 23:18:33,026 [simulator_env.py | 175] INFO: Get 35 unallocated orders, 30 ongoing orders, 144 completed orders.
2022-02-21 23:18:34,822 [simulator_env.py | 100] INFO: Finish the dispatch.
2022-02-21 23:18:34,825 [simulator_env.py | 278] INFO: 2022-02-21 10:00:00, Order 09482800167: state = 1 < 2, we can not finish the simulation
2022-02-21 23:18:34,827 [simulator_env.py | 87] INFO: **************************************************
2022-02-21 23:18:34,827 [simulator_env.py | 91] INFO: cur time: 2022-02-21 10:10:00, pre time: 2022-02-21 10:00:00
2022-02-21 23:18:34,827 [simulator_env.py | 147] INFO: Start to update the input of 2022-02-21 10:10:00
2022-02-21 23:18:34,840 [simulator_env.py | 175] INFO: Get 39 unallocated orders, 26 ongoing orders, 183 completed orders.
2022-02-21 23:18:36,658 [simulator_env.py | 100] INFO: Finish the dispatch.
2022-02-21 23:18:36,664 [simulator_env.py | 278] INFO: 2022-02-21 10:10:00, Order 10000100209: state = 1 < 2, we can not finish the simulation
2022-02-21 23:18:36,665 [simulator_env.py | 87] INFO: **************************************************
2022-02-21 23:18:36,666 [simulator_env.py | 91] INFO: cur time: 2022-02-21 10:20:00, pre time: 2022-02-21 10:10:00
2022-02-21 23:18:36,666 [simulator_env.py | 147] INFO: Start to update the input of 2022-02-21 10:20:00
2022-02-21 23:18:36,678 [simulator_env.py | 175] INFO: Get 53 unallocated orders, 27 ongoing orders, 221 completed orders.
2022-02-21 23:18:38,479 [simulator_env.py | 100] INFO: Finish the dispatch.
2022-02-21 23:18:38,482 [simulator_env.py | 278] INFO: 2022-02-21 10:20:00, Order 10101700248: state = 1 < 2, we can not finish the simulation
2022-02-21 23:18:38,483 [simulator_env.py | 87] INFO: **************************************************
2022-02-21 23:18:38,484 [simulator_env.py | 91] INFO: cur time: 2022-02-21 10:30:00, pre time: 2022-02-21 10:20:00
2022-02-21 23:18:38,484 [simulator_env.py | 147] INFO: Start to update the input of 2022-02-21 10:30:00
2022-02-21 23:18:38,502 [simulator_env.py | 175] INFO: Get 62 unallocated orders, 38 ongoing orders, 262 completed orders.
2022-02-21 23:18:40,325 [simulator_env.py | 100] INFO: Finish the dispatch.
2022-02-21 23:18:40,330 [simulator_env.py | 278] INFO: 2022-02-21 10:30:00, Order 10192900297: state = 1 < 2, we can not finish the simulation
2022-02-21 23:18:40,332 [simulator_env.py | 87] INFO: **************************************************
2022-02-21 23:18:40,332 [simulator_env.py | 91] INFO: cur time: 2022-02-21 10:40:00, pre time: 2022-02-21 10:30:00
2022-02-21 23:18:40,332 [simulator_env.py | 147] INFO: Start to update the input of 2022-02-21 10:40:00
2022-02-21 23:18:40,351 [simulator_env.py | 175] INFO: Get 64 unallocated orders, 40 ongoing orders, 311 completed orders.
2022-02-21 23:18:42,055 [simulator_env.py | 100] INFO: Finish the dispatch.
2022-02-21 23:18:42,060 [simulator_env.py | 278] INFO: 2022-02-21 10:40:00, Order 10203300303: state = 1 < 2, we can not finish the simulation
2022-02-21 23:18:42,062 [simulator_env.py | 87] INFO: **************************************************
2022-02-21 23:18:42,062 [simulator_env.py | 91] INFO: cur time: 2022-02-21 10:50:00, pre time: 2022-02-21 10:40:00
2022-02-21 23:18:42,062 [simulator_env.py | 147] INFO: Start to update the input of 2022-02-21 10:50:00
2022-02-21 23:18:42,073 [simulator_env.py | 175] INFO: Get 58 unallocated orders, 39 ongoing orders, 365 completed orders.
2022-02-21 23:18:43,885 [simulator_env.py | 100] INFO: Finish the dispatch.
2022-02-21 23:18:43,889 [simulator_env.py | 278] INFO: 2022-02-21 10:50:00, Order 10353200391: state = 1 < 2, we can not finish the simulation
2022-02-21 23:18:43,890 [simulator_env.py | 87] INFO: **************************************************
2022-02-21 23:18:43,890 [simulator_env.py | 91] INFO: cur time: 2022-02-21 11:00:00, pre time: 2022-02-21 10:50:00
2022-02-21 23:18:43,890 [simulator_env.py | 147] INFO: Start to update the input of 2022-02-21 11:00:00
2022-02-21 23:18:43,903 [simulator_env.py | 175] INFO: Get 63 unallocated orders, 34 ongoing orders, 420 completed orders.
2022-02-21 23:18:46,144 [simulator_env.py | 100] INFO: Finish the dispatch.
2022-02-21 23:18:46,149 [simulator_env.py | 278] INFO: 2022-02-21 11:00:00, Order 10461800439: state = 1 < 2, we can not finish the simulation
2022-02-21 23:18:46,151 [simulator_env.py | 87] INFO: **************************************************
2022-02-21 23:18:46,151 [simulator_env.py | 91] INFO: cur time: 2022-02-21 11:10:00, pre time: 2022-02-21 11:00:00
2022-02-21 23:18:46,151 [simulator_env.py | 147] INFO: Start to update the input of 2022-02-21 11:10:00
2022-02-21 23:18:46,169 [simulator_env.py | 175] INFO: Get 53 unallocated orders, 43 ongoing orders, 466 completed orders.
2022-02-21 23:18:48,129 [simulator_env.py | 100] INFO: Finish the dispatch.
2022-02-21 23:18:48,133 [simulator_env.py | 278] INFO: 2022-02-21 11:10:00, Order 10533500481: state = 1 < 2, we can not finish the simulation
2022-02-21 23:18:48,135 [simulator_env.py | 87] INFO: **************************************************
2022-02-21 23:18:48,135 [simulator_env.py | 91] INFO: cur time: 2022-02-21 11:20:00, pre time: 2022-02-21 11:10:00
2022-02-21 23:18:48,135 [simulator_env.py | 147] INFO: Start to update the input of 2022-02-21 11:20:00
2022-02-21 23:18:48,154 [simulator_env.py | 175] INFO: Get 62 unallocated orders, 30 ongoing orders, 521 completed orders.
2022-02-21 23:18:50,185 [simulator_env.py | 100] INFO: Finish the dispatch.
2022-02-21 23:18:50,191 [simulator_env.py | 278] INFO: 2022-02-21 11:20:00, Order 11063300546: state = 1 < 2, we can not finish the simulation
2022-02-21 23:18:50,192 [simulator_env.py | 87] INFO: **************************************************
2022-02-21 23:18:50,192 [simulator_env.py | 91] INFO: cur time: 2022-02-21 11:30:00, pre time: 2022-02-21 11:20:00
2022-02-21 23:18:50,192 [simulator_env.py | 147] INFO: Start to update the input of 2022-02-21 11:30:00
2022-02-21 23:18:50,212 [simulator_env.py | 175] INFO: Get 41 unallocated orders, 38 ongoing orders, 569 completed orders.
2022-02-21 23:18:52,102 [simulator_env.py | 100] INFO: Finish the dispatch.
2022-02-21 23:18:52,107 [simulator_env.py | 278] INFO: 2022-02-21 11:30:00, Order 11152600597: state = 1 < 2, we can not finish the simulation
2022-02-21 23:18:52,110 [simulator_env.py | 87] INFO: **************************************************
2022-02-21 23:18:52,110 [simulator_env.py | 91] INFO: cur time: 2022-02-21 11:40:00, pre time: 2022-02-21 11:30:00
2022-02-21 23:18:52,111 [simulator_env.py | 147] INFO: Start to update the input of 2022-02-21 11:40:00
2022-02-21 23:18:52,129 [simulator_env.py | 175] INFO: Get 47 unallocated orders, 21 ongoing orders, 625 completed orders.
2022-02-21 23:18:54,053 [simulator_env.py | 100] INFO: Finish the dispatch.
2022-02-21 23:18:54,057 [simulator_env.py | 278] INFO: 2022-02-21 11:40:00, Order 11262100639: state = 1 < 2, we can not finish the simulation
2022-02-21 23:18:54,058 [simulator_env.py | 87] INFO: **************************************************
2022-02-21 23:18:54,058 [simulator_env.py | 91] INFO: cur time: 2022-02-21 11:50:00, pre time: 2022-02-21 11:40:00
2022-02-21 23:18:54,058 [simulator_env.py | 147] INFO: Start to update the input of 2022-02-21 11:50:00
2022-02-21 23:18:54,074 [simulator_env.py | 175] INFO: Get 47 unallocated orders, 40 ongoing orders, 653 completed orders.
2022-02-21 23:18:56,267 [simulator_env.py | 100] INFO: Finish the dispatch.
2022-02-21 23:18:56,271 [simulator_env.py | 278] INFO: 2022-02-21 11:50:00, Order 11400500693: state = 1 < 2, we can not finish the simulation
2022-02-21 23:18:56,272 [simulator_env.py | 87] INFO: **************************************************
2022-02-21 23:18:56,273 [simulator_env.py | 91] INFO: cur time: 2022-02-21 12:00:00, pre time: 2022-02-21 11:50:00
2022-02-21 23:18:56,273 [simulator_env.py | 147] INFO: Start to update the input of 2022-02-21 12:00:00
2022-02-21 23:18:56,286 [simulator_env.py | 175] INFO: Get 58 unallocated orders, 31 ongoing orders, 703 completed orders.
2022-02-21 23:18:58,923 [simulator_env.py | 100] INFO: Finish the dispatch.
2022-02-21 23:18:58,927 [simulator_env.py | 278] INFO: 2022-02-21 12:00:00, Order 11480100731: state = 1 < 2, we can not finish the simulation
2022-02-21 23:18:58,928 [simulator_env.py | 87] INFO: **************************************************
2022-02-21 23:18:58,928 [simulator_env.py | 91] INFO: cur time: 2022-02-21 12:10:00, pre time: 2022-02-21 12:00:00
2022-02-21 23:18:58,928 [simulator_env.py | 147] INFO: Start to update the input of 2022-02-21 12:10:00
2022-02-21 23:18:58,938 [simulator_env.py | 175] INFO: Get 28 unallocated orders, 40 ongoing orders, 746 completed orders.
2022-02-21 23:19:01,152 [simulator_env.py | 100] INFO: Finish the dispatch.
2022-02-21 23:19:01,158 [simulator_env.py | 278] INFO: 2022-02-21 12:10:00, Order 11583100781: state = 1 < 2, we can not finish the simulation
2022-02-21 23:19:01,159 [simulator_env.py | 87] INFO: **************************************************
2022-02-21 23:19:01,159 [simulator_env.py | 91] INFO: cur time: 2022-02-21 12:20:00, pre time: 2022-02-21 12:10:00
2022-02-21 23:19:01,159 [simulator_env.py | 147] INFO: Start to update the input of 2022-02-21 12:20:00
2022-02-21 23:19:01,171 [simulator_env.py | 175] INFO: Get 23 unallocated orders, 19 ongoing orders, 795 completed orders.
2022-02-21 23:19:03,430 [simulator_env.py | 100] INFO: Finish the dispatch.
2022-02-21 23:19:03,435 [simulator_env.py | 278] INFO: 2022-02-21 12:20:00, Order 12103500814: state = 1 < 2, we can not finish the simulation
2022-02-21 23:19:03,436 [simulator_env.py | 87] INFO: **************************************************
2022-02-21 23:19:03,436 [simulator_env.py | 91] INFO: cur time: 2022-02-21 12:30:00, pre time: 2022-02-21 12:20:00
2022-02-21 23:19:03,436 [simulator_env.py | 147] INFO: Start to update the input of 2022-02-21 12:30:00
2022-02-21 23:19:03,446 [simulator_env.py | 175] INFO: Get 24 unallocated orders, 16 ongoing orders, 821 completed orders.
2022-02-21 23:19:05,297 [simulator_env.py | 100] INFO: Finish the dispatch.
2022-02-21 23:19:05,299 [simulator_env.py | 278] INFO: 2022-02-21 12:30:00, Order 12201100837: state = 1 < 2, we can not finish the simulation
2022-02-21 23:19:05,300 [simulator_env.py | 87] INFO: **************************************************
2022-02-21 23:19:05,300 [simulator_env.py | 91] INFO: cur time: 2022-02-21 12:40:00, pre time: 2022-02-21 12:30:00
2022-02-21 23:19:05,300 [simulator_env.py | 147] INFO: Start to update the input of 2022-02-21 12:40:00
2022-02-21 23:19:05,307 [simulator_env.py | 175] INFO: Get 27 unallocated orders, 19 ongoing orders, 842 completed orders.
2022-02-21 23:19:07,274 [simulator_env.py | 100] INFO: Finish the dispatch.
2022-02-21 23:19:07,279 [simulator_env.py | 278] INFO: 2022-02-21 12:40:00, Order 12300800861: state = 1 < 2, we can not finish the simulation
2022-02-21 23:19:07,280 [simulator_env.py | 87] INFO: **************************************************
2022-02-21 23:19:07,280 [simulator_env.py | 91] INFO: cur time: 2022-02-21 12:50:00, pre time: 2022-02-21 12:40:00
2022-02-21 23:19:07,280 [simulator_env.py | 147] INFO: Start to update the input of 2022-02-21 12:50:00
2022-02-21 23:19:07,291 [simulator_env.py | 175] INFO: Get 37 unallocated orders, 17 ongoing orders, 870 completed orders.
2022-02-21 23:19:09,217 [simulator_env.py | 100] INFO: Finish the dispatch.
2022-02-21 23:19:09,221 [simulator_env.py | 278] INFO: 2022-02-21 12:50:00, Order 12300800861: state = 1 < 2, we can not finish the simulation
2022-02-21 23:19:09,222 [simulator_env.py | 87] INFO: **************************************************
2022-02-21 23:19:09,222 [simulator_env.py | 91] INFO: cur time: 2022-02-21 13:00:00, pre time: 2022-02-21 12:50:00
2022-02-21 23:19:09,222 [simulator_env.py | 147] INFO: Start to update the input of 2022-02-21 13:00:00
2022-02-21 23:19:09,234 [simulator_env.py | 175] INFO: Get 15 unallocated orders, 31 ongoing orders, 892 completed orders.
2022-02-21 23:19:11,407 [simulator_env.py | 100] INFO: Finish the dispatch.
2022-02-21 23:19:11,414 [simulator_env.py | 278] INFO: 2022-02-21 13:00:00, Order 12434200902: state = 1 < 2, we can not finish the simulation
2022-02-21 23:19:11,416 [simulator_env.py | 87] INFO: **************************************************
2022-02-21 23:19:11,416 [simulator_env.py | 91] INFO: cur time: 2022-02-21 13:10:00, pre time: 2022-02-21 13:00:00
2022-02-21 23:19:11,416 [simulator_env.py | 147] INFO: Start to update the input of 2022-02-21 13:10:00
2022-02-21 23:19:11,428 [simulator_env.py | 175] INFO: Get 23 unallocated orders, 6 ongoing orders, 932 completed orders.
2022-02-21 23:19:13,704 [simulator_env.py | 100] INFO: Finish the dispatch.
2022-02-21 23:19:13,707 [simulator_env.py | 278] INFO: 2022-02-21 13:10:00, Order 13002900938: state = 1 < 2, we can not finish the simulation
2022-02-21 23:19:13,707 [simulator_env.py | 87] INFO: **************************************************
2022-02-21 23:19:13,707 [simulator_env.py | 91] INFO: cur time: 2022-02-21 13:20:00, pre time: 2022-02-21 13:10:00
2022-02-21 23:19:13,707 [simulator_env.py | 147] INFO: Start to update the input of 2022-02-21 13:20:00
2022-02-21 23:19:13,718 [simulator_env.py | 175] INFO: Get 21 unallocated orders, 18 ongoing orders, 943 completed orders.
2022-02-21 23:19:16,705 [simulator_env.py | 100] INFO: Finish the dispatch.
2022-02-21 23:19:16,709 [simulator_env.py | 278] INFO: 2022-02-21 13:20:00, Order 13102400961: state = 1 < 2, we can not finish the simulation
2022-02-21 23:19:16,710 [simulator_env.py | 87] INFO: **************************************************
2022-02-21 23:19:16,710 [simulator_env.py | 91] INFO: cur time: 2022-02-21 13:30:00, pre time: 2022-02-21 13:20:00
2022-02-21 23:19:16,710 [simulator_env.py | 147] INFO: Start to update the input of 2022-02-21 13:30:00
2022-02-21 23:19:16,721 [simulator_env.py | 175] INFO: Get 18 unallocated orders, 12 ongoing orders, 970 completed orders.
2022-02-21 23:19:19,073 [simulator_env.py | 100] INFO: Finish the dispatch.
2022-02-21 23:19:19,078 [simulator_env.py | 278] INFO: 2022-02-21 13:30:00, Order 13202200982: state = 1 < 2, we can not finish the simulation
2022-02-21 23:19:19,079 [simulator_env.py | 87] INFO: **************************************************
2022-02-21 23:19:19,079 [simulator_env.py | 91] INFO: cur time: 2022-02-21 13:40:00, pre time: 2022-02-21 13:30:00
2022-02-21 23:19:19,079 [simulator_env.py | 147] INFO: Start to update the input of 2022-02-21 13:40:00
2022-02-21 23:19:19,088 [simulator_env.py | 175] INFO: Get 17 unallocated orders, 13 ongoing orders, 987 completed orders.
2022-02-21 23:19:20,903 [simulator_env.py | 100] INFO: Finish the dispatch.
2022-02-21 23:19:20,906 [simulator_env.py | 278] INFO: 2022-02-21 13:40:00, Order 13310301000: state = 1 < 2, we can not finish the simulation
2022-02-21 23:19:20,906 [simulator_env.py | 87] INFO: **************************************************
2022-02-21 23:19:20,906 [simulator_env.py | 91] INFO: cur time: 2022-02-21 13:50:00, pre time: 2022-02-21 13:40:00
2022-02-21 23:19:20,907 [simulator_env.py | 147] INFO: Start to update the input of 2022-02-21 13:50:00
2022-02-21 23:19:20,914 [simulator_env.py | 175] INFO: Get 16 unallocated orders, 14 ongoing orders, 1003 completed orders.
2022-02-21 23:19:22,512 [simulator_env.py | 100] INFO: Finish the dispatch.
2022-02-21 23:19:22,516 [simulator_env.py | 278] INFO: 2022-02-21 13:50:00, Order 13403701017: state = 1 < 2, we can not finish the simulation
2022-02-21 23:19:22,519 [simulator_env.py | 87] INFO: **************************************************
2022-02-21 23:19:22,519 [simulator_env.py | 91] INFO: cur time: 2022-02-21 14:00:00, pre time: 2022-02-21 13:50:00
2022-02-21 23:19:22,520 [simulator_env.py | 147] INFO: Start to update the input of 2022-02-21 14:00:00
2022-02-21 23:19:22,527 [simulator_env.py | 175] INFO: Get 12 unallocated orders, 13 ongoing orders, 1020 completed orders.
2022-02-21 23:19:24,288 [simulator_env.py | 100] INFO: Finish the dispatch.
2022-02-21 23:19:24,290 [simulator_env.py | 278] INFO: 2022-02-21 14:00:00, Order 13503101033: state = 1 < 2, we can not finish the simulation
2022-02-21 23:19:24,290 [simulator_env.py | 87] INFO: **************************************************
2022-02-21 23:19:24,291 [simulator_env.py | 91] INFO: cur time: 2022-02-21 14:10:00, pre time: 2022-02-21 14:00:00
2022-02-21 23:19:24,291 [simulator_env.py | 147] INFO: Start to update the input of 2022-02-21 14:10:00
2022-02-21 23:19:24,298 [simulator_env.py | 175] INFO: Get 20 unallocated orders, 11 ongoing orders, 1034 completed orders.
2022-02-21 23:19:26,015 [simulator_env.py | 100] INFO: Finish the dispatch.
2022-02-21 23:19:26,020 [simulator_env.py | 278] INFO: 2022-02-21 14:10:00, Order 14002001045: state = 1 < 2, we can not finish the simulation
2022-02-21 23:19:26,021 [simulator_env.py | 87] INFO: **************************************************
2022-02-21 23:19:26,021 [simulator_env.py | 91] INFO: cur time: 2022-02-21 14:20:00, pre time: 2022-02-21 14:10:00
2022-02-21 23:19:26,021 [simulator_env.py | 147] INFO: Start to update the input of 2022-02-21 14:20:00
2022-02-21 23:19:26,030 [simulator_env.py | 175] INFO: Get 13 unallocated orders, 14 ongoing orders, 1051 completed orders.
2022-02-21 23:19:27,652 [simulator_env.py | 100] INFO: Finish the dispatch.
2022-02-21 23:19:27,655 [simulator_env.py | 278] INFO: 2022-02-21 14:20:00, Order 14101801065: state = 1 < 2, we can not finish the simulation
2022-02-21 23:19:27,657 [simulator_env.py | 87] INFO: **************************************************
2022-02-21 23:19:27,657 [simulator_env.py | 91] INFO: cur time: 2022-02-21 14:30:00, pre time: 2022-02-21 14:20:00
2022-02-21 23:19:27,657 [simulator_env.py | 147] INFO: Start to update the input of 2022-02-21 14:30:00
2022-02-21 23:19:27,663 [simulator_env.py | 175] INFO: Get 16 unallocated orders, 8 ongoing orders, 1070 completed orders.
2022-02-21 23:19:29,172 [simulator_env.py | 100] INFO: Finish the dispatch.
2022-02-21 23:19:29,174 [simulator_env.py | 278] INFO: 2022-02-21 14:30:00, Order 14210601078: state = 1 < 2, we can not finish the simulation
2022-02-21 23:19:29,175 [simulator_env.py | 87] INFO: **************************************************
2022-02-21 23:19:29,175 [simulator_env.py | 91] INFO: cur time: 2022-02-21 14:40:00, pre time: 2022-02-21 14:30:00
2022-02-21 23:19:29,175 [simulator_env.py | 147] INFO: Start to update the input of 2022-02-21 14:40:00
2022-02-21 23:19:29,183 [simulator_env.py | 175] INFO: Get 22 unallocated orders, 11 ongoing orders, 1083 completed orders.
2022-02-21 23:19:30,793 [simulator_env.py | 100] INFO: Finish the dispatch.
2022-02-21 23:19:30,796 [simulator_env.py | 278] INFO: 2022-02-21 14:40:00, Order 14302401094: state = 1 < 2, we can not finish the simulation
2022-02-21 23:19:30,797 [simulator_env.py | 87] INFO: **************************************************
2022-02-21 23:19:30,798 [simulator_env.py | 91] INFO: cur time: 2022-02-21 14:50:00, pre time: 2022-02-21 14:40:00
2022-02-21 23:19:30,798 [simulator_env.py | 147] INFO: Start to update the input of 2022-02-21 14:50:00
2022-02-21 23:19:30,805 [simulator_env.py | 175] INFO: Get 20 unallocated orders, 11 ongoing orders, 1105 completed orders.
2022-02-21 23:19:32,312 [simulator_env.py | 100] INFO: Finish the dispatch.
2022-02-21 23:19:32,315 [simulator_env.py | 278] INFO: 2022-02-21 14:50:00, Order 14401301116: state = 1 < 2, we can not finish the simulation
2022-02-21 23:19:32,316 [simulator_env.py | 87] INFO: **************************************************
2022-02-21 23:19:32,316 [simulator_env.py | 91] INFO: cur time: 2022-02-21 15:00:00, pre time: 2022-02-21 14:50:00
2022-02-21 23:19:32,316 [simulator_env.py | 147] INFO: Start to update the input of 2022-02-21 15:00:00
2022-02-21 23:19:32,324 [simulator_env.py | 175] INFO: Get 14 unallocated orders, 15 ongoing orders, 1121 completed orders.
2022-02-21 23:19:33,838 [simulator_env.py | 100] INFO: Finish the dispatch.
2022-02-21 23:19:33,841 [simulator_env.py | 278] INFO: 2022-02-21 15:00:00, Order 14510801136: state = 1 < 2, we can not finish the simulation
2022-02-21 23:19:33,843 [simulator_env.py | 87] INFO: **************************************************
2022-02-21 23:19:33,843 [simulator_env.py | 91] INFO: cur time: 2022-02-21 15:10:00, pre time: 2022-02-21 15:00:00
2022-02-21 23:19:33,843 [simulator_env.py | 147] INFO: Start to update the input of 2022-02-21 15:10:00
2022-02-21 23:19:33,851 [simulator_env.py | 175] INFO: Get 0 unallocated orders, 10 ongoing orders, 1140 completed orders.
2022-02-21 23:19:35,302 [simulator_env.py | 100] INFO: Finish the dispatch.
2022-02-21 23:19:35,304 [simulator_env.py | 281] INFO: 2022-02-21 15:10:00, the status of all orders is greater than 1, we could finish the simulation
2022-02-21 23:19:35,307 [simulator_env.py | 124] INFO: finished the left ongoing orders
2022-02-21 23:19:35,307 [evaluator.py    | 116] INFO: Traveling Distance of driver D_1 is  79.940, visited node list: 31
2022-02-21 23:19:35,308 [evaluator.py    | 116] INFO: Traveling Distance of driver D_2 is  131.580, visited node list: 43
2022-02-21 23:19:35,309 [evaluator.py    | 116] INFO: Traveling Distance of driver D_3 is  122.050, visited node list: 44
2022-02-21 23:19:35,309 [evaluator.py    | 116] INFO: Traveling Distance of driver D_4 is  120.840, visited node list: 40
2022-02-21 23:19:35,311 [evaluator.py    | 116] INFO: Traveling Distance of driver D_5 is  126.820, visited node list: 47
2022-02-21 23:19:35,311 [evaluator.py    | 116] INFO: Traveling Distance of driver D_6 is  108.790, visited node list: 41
2022-02-21 23:19:35,312 [evaluator.py    | 116] INFO: Traveling Distance of driver D_7 is  118.390, visited node list: 43
2022-02-21 23:19:35,312 [evaluator.py    | 116] INFO: Traveling Distance of driver D_8 is  109.070, visited node list: 45
2022-02-21 23:19:35,313 [evaluator.py    | 116] INFO: Traveling Distance of driver D_9 is  121.910, visited node list: 45
2022-02-21 23:19:35,313 [evaluator.py    | 116] INFO: Traveling Distance of driver D_10 is  119.670, visited node list: 47
2022-02-21 23:19:35,313 [evaluator.py    | 116] INFO: Traveling Distance of driver D_11 is  128.860, visited node list: 43
2022-02-21 23:19:35,314 [evaluator.py    | 116] INFO: Traveling Distance of driver D_12 is  119.420, visited node list: 46
2022-02-21 23:19:35,314 [evaluator.py    | 116] INFO: Traveling Distance of driver D_13 is  122.950, visited node list: 45
2022-02-21 23:19:35,315 [evaluator.py    | 116] INFO: Traveling Distance of driver D_14 is  128.460, visited node list: 42
2022-02-21 23:19:35,315 [evaluator.py    | 116] INFO: Traveling Distance of driver D_15 is  110.540, visited node list: 35
2022-02-21 23:19:35,315 [evaluator.py    | 116] INFO: Traveling Distance of driver D_16 is  120.080, visited node list: 40
2022-02-21 23:19:35,317 [evaluator.py    | 116] INFO: Traveling Distance of driver D_17 is  124.780, visited node list: 44
2022-02-21 23:19:35,317 [evaluator.py    | 116] INFO: Traveling Distance of driver D_18 is  120.250, visited node list: 42
2022-02-21 23:19:35,317 [evaluator.py    | 116] INFO: Traveling Distance of driver D_19 is  115.570, visited node list: 40
2022-02-21 23:19:35,318 [evaluator.py    | 116] INFO: Traveling Distance of driver D_20 is  112.380, visited node list: 40
2022-02-21 23:19:35,318 [evaluator.py    | 116] INFO: Traveling Distance of driver D_21 is  106.080, visited node list: 39
2022-02-21 23:19:35,318 [evaluator.py    | 116] INFO: Traveling Distance of driver D_22 is  109.540, visited node list: 43
2022-02-21 23:19:35,319 [evaluator.py    | 116] INFO: Traveling Distance of driver D_23 is  101.510, visited node list: 36
2022-02-21 23:19:35,319 [evaluator.py    | 116] INFO: Traveling Distance of driver D_24 is  103.070, visited node list: 43
2022-02-21 23:19:35,320 [evaluator.py    | 116] INFO: Traveling Distance of driver D_25 is  111.710, visited node list: 39
2022-02-21 23:19:35,320 [evaluator.py    | 116] INFO: Traveling Distance of driver D_26 is  104.960, visited node list: 39
2022-02-21 23:19:35,320 [evaluator.py    | 116] INFO: Traveling Distance of driver D_27 is  109.240, visited node list: 41
2022-02-21 23:19:35,321 [evaluator.py    | 116] INFO: Traveling Distance of driver D_28 is  103.720, visited node list: 35
2022-02-21 23:19:35,321 [evaluator.py    | 116] INFO: Traveling Distance of driver D_29 is  96.720, visited node list: 35
2022-02-21 23:19:35,322 [evaluator.py    | 116] INFO: Traveling Distance of driver D_30 is  105.390, visited node list: 41
2022-02-21 23:19:35,322 [evaluator.py    | 116] INFO: Traveling Distance of driver D_31 is  97.560, visited node list: 35
2022-02-21 23:19:35,322 [evaluator.py    | 116] INFO: Traveling Distance of driver D_32 is  114.420, visited node list: 40
2022-02-21 23:19:35,323 [evaluator.py    | 116] INFO: Traveling Distance of driver D_33 is  95.780, visited node list: 34
2022-02-21 23:19:35,323 [evaluator.py    | 116] INFO: Traveling Distance of driver D_34 is  100.800, visited node list: 37
2022-02-21 23:19:35,323 [evaluator.py    | 116] INFO: Traveling Distance of driver D_35 is  90.530, visited node list: 33
2022-02-21 23:19:35,324 [evaluator.py    | 116] INFO: Traveling Distance of driver D_36 is  63.750, visited node list: 23
2022-02-21 23:19:35,324 [evaluator.py    | 116] INFO: Traveling Distance of driver D_37 is  90.820, visited node list: 34
2022-02-21 23:19:35,324 [evaluator.py    | 116] INFO: Traveling Distance of driver D_38 is  85.120, visited node list: 32
2022-02-21 23:19:35,325 [evaluator.py    | 116] INFO: Traveling Distance of driver D_39 is  82.910, visited node list: 25
2022-02-21 23:19:35,325 [evaluator.py    | 116] INFO: Traveling Distance of driver D_40 is  88.660, visited node list: 30
2022-02-21 23:19:35,325 [evaluator.py    | 116] INFO: Traveling Distance of driver D_41 is  78.040, visited node list: 28
2022-02-21 23:19:35,326 [evaluator.py    | 116] INFO: Traveling Distance of driver D_42 is  82.410, visited node list: 29
2022-02-21 23:19:35,326 [evaluator.py    | 116] INFO: Traveling Distance of driver D_43 is  75.150, visited node list: 30
2022-02-21 23:19:35,326 [evaluator.py    | 116] INFO: Traveling Distance of driver D_44 is  80.580, visited node list: 29
2022-02-21 23:19:35,327 [evaluator.py    | 116] INFO: Traveling Distance of driver D_45 is  74.850, visited node list: 27
2022-02-21 23:19:35,327 [evaluator.py    | 116] INFO: Traveling Distance of driver D_46 is  70.290, visited node list: 24
2022-02-21 23:19:35,327 [evaluator.py    | 116] INFO: Traveling Distance of driver D_47 is  68.490, visited node list: 25
2022-02-21 23:19:35,327 [evaluator.py    | 116] INFO: Traveling Distance of driver D_48 is  72.890, visited node list: 23
2022-02-21 23:19:35,328 [evaluator.py    | 116] INFO: Traveling Distance of driver D_49 is  58.490, visited node list: 20
2022-02-21 23:19:35,328 [evaluator.py    | 116] INFO: Traveling Distance of driver D_50 is  57.830, visited node list: 23
2022-02-21 23:19:35,328 [evaluator.py    | 116] INFO: Traveling Distance of driver D_51 is  66.800, visited node list: 23
2022-02-21 23:19:35,328 [evaluator.py    | 116] INFO: Traveling Distance of driver D_52 is  61.300, visited node list: 19
2022-02-21 23:19:35,328 [evaluator.py    | 116] INFO: Traveling Distance of driver D_53 is  53.940, visited node list: 20
2022-02-21 23:19:35,328 [evaluator.py    | 116] INFO: Traveling Distance of driver D_54 is  65.550, visited node list: 21
2022-02-21 23:19:35,329 [evaluator.py    | 116] INFO: Traveling Distance of driver D_55 is  61.900, visited node list: 28
2022-02-21 23:19:35,329 [evaluator.py    | 116] INFO: Traveling Distance of driver D_56 is  47.950, visited node list: 18
2022-02-21 23:19:35,329 [evaluator.py    | 116] INFO: Traveling Distance of driver D_57 is  71.370, visited node list: 23
2022-02-21 23:19:35,329 [evaluator.py    | 116] INFO: Traveling Distance of driver D_58 is  62.640, visited node list: 21
2022-02-21 23:19:35,329 [evaluator.py    | 116] INFO: Traveling Distance of driver D_59 is  57.880, visited node list: 20
2022-02-21 23:19:35,330 [evaluator.py    | 116] INFO: Traveling Distance of driver D_60 is  61.370, visited node list: 21
2022-02-21 23:19:35,330 [evaluator.py    | 116] INFO: Traveling Distance of driver D_61 is  57.090, visited node list: 20
2022-02-21 23:19:35,330 [evaluator.py    | 116] INFO: Traveling Distance of driver D_62 is  45.700, visited node list: 17
2022-02-21 23:19:35,330 [evaluator.py    | 116] INFO: Traveling Distance of driver D_63 is  43.290, visited node list: 17
2022-02-21 23:19:35,330 [evaluator.py    | 116] INFO: Traveling Distance of driver D_64 is  56.830, visited node list: 19
2022-02-21 23:19:35,330 [evaluator.py    | 116] INFO: Traveling Distance of driver D_65 is  50.230, visited node list: 15
2022-02-21 23:19:35,331 [evaluator.py    | 116] INFO: Traveling Distance of driver D_66 is  44.650, visited node list: 16
2022-02-21 23:19:35,331 [evaluator.py    | 116] INFO: Traveling Distance of driver D_67 is  42.780, visited node list: 13
2022-02-21 23:19:35,331 [evaluator.py    | 116] INFO: Traveling Distance of driver D_68 is  63.950, visited node list: 25
2022-02-21 23:19:35,331 [evaluator.py    | 116] INFO: Traveling Distance of driver D_69 is  40.030, visited node list: 18
2022-02-21 23:19:35,331 [evaluator.py    | 116] INFO: Traveling Distance of driver D_70 is  38.160, visited node list: 16
2022-02-21 23:19:35,332 [evaluator.py    | 116] INFO: Traveling Distance of driver D_71 is  39.920, visited node list: 14
2022-02-21 23:19:35,332 [evaluator.py    | 116] INFO: Traveling Distance of driver D_72 is  40.690, visited node list: 17
2022-02-21 23:19:35,332 [evaluator.py    | 116] INFO: Traveling Distance of driver D_73 is  47.940, visited node list: 17
2022-02-21 23:19:35,332 [evaluator.py    | 116] INFO: Traveling Distance of driver D_74 is  37.420, visited node list: 16
2022-02-21 23:19:35,332 [evaluator.py    | 116] INFO: Traveling Distance of driver D_75 is  33.990, visited node list: 14
2022-02-21 23:19:35,332 [evaluator.py    | 116] INFO: Traveling Distance of driver D_76 is  34.190, visited node list: 11
2022-02-21 23:19:35,333 [evaluator.py    | 116] INFO: Traveling Distance of driver D_77 is  29.860, visited node list: 14
2022-02-21 23:19:35,333 [evaluator.py    | 116] INFO: Traveling Distance of driver D_78 is  32.830, visited node list: 11
2022-02-21 23:19:35,333 [evaluator.py    | 116] INFO: Traveling Distance of driver D_79 is  21.810, visited node list: 12
2022-02-21 23:19:35,333 [evaluator.py    | 116] INFO: Traveling Distance of driver D_80 is  31.050, visited node list: 11
2022-02-21 23:19:35,333 [evaluator.py    | 18] INFO: Total distance:  6486.770
2022-02-21 23:19:35,418 [evaluator.py    | 22] INFO: Sum over time:  0.000
2022-02-21 23:19:35,418 [evaluator.py    | 26] INFO: Total score:  81.085
2022-02-21 23:19:35,582 [main.py         | 43] INFO: Score of instance_58: 81.08462499999996
