2022-02-21 22:29:00,977 [main.py         | 38] INFO: Start to run /Users/yangjingfeng/Library/CloudStorage/OneDrive-Personal/Public/PhD Study/Papers/Food_Delivery/Code/Food_delivery_simulator/Benchmark/Instance_small_2: instance_37
2022-02-21 22:29:00,982 [simulator_api.py | 43] INFO: Start time of the simulator: 2022-02-21 09:00:00, time interval:  600.00
2022-02-21 22:29:01,454 [input_utils.py  | 35] INFO: Get 2165 locations
2022-02-21 22:29:01,478 [input_utils.py  | 39] INFO: Get 70 drivers
2022-02-21 22:29:01,866 [input_utils.py  | 43] INFO: Get 995 orders
2022-02-21 22:29:01,867 [simulator_api.py | 75] INFO: Initial position of D_1 is Lorong 8 Toa Payoh Hawker Centre
2022-02-21 22:29:01,867 [simulator_api.py | 75] INFO: Initial position of D_2 is Lorong 8 Toa Payoh Hawker Centre
2022-02-21 22:29:01,868 [simulator_api.py | 75] INFO: Initial position of D_3 is Old Airport Road Food Centre
2022-02-21 22:29:01,868 [simulator_api.py | 75] INFO: Initial position of D_4 is Bedok Interchange Hawker Centre
2022-02-21 22:29:01,869 [simulator_api.py | 75] INFO: Initial position of D_5 is Chomp Chomp
2022-02-21 22:29:01,869 [simulator_api.py | 75] INFO: Initial position of D_6 is Lorong 8 Toa Payoh Hawker Centre
2022-02-21 22:29:01,870 [simulator_api.py | 75] INFO: Initial position of D_7 is Lorong 8 Toa Payoh Hawker Centre
2022-02-21 22:29:01,871 [simulator_api.py | 75] INFO: Initial position of D_8 is Bedok Interchange Hawker Centre
2022-02-21 22:29:01,872 [simulator_api.py | 75] INFO: Initial position of D_9 is Lorong 8 Toa Payoh Hawker Centre
2022-02-21 22:29:01,872 [simulator_api.py | 75] INFO: Initial position of D_10 is Bedok Interchange Hawker Centre
2022-02-21 22:29:01,873 [simulator_api.py | 75] INFO: Initial position of D_11 is Chomp Chomp
2022-02-21 22:29:01,873 [simulator_api.py | 75] INFO: Initial position of D_12 is Kovan Food Centre (209 Hougang Street 21)
2022-02-21 22:29:01,874 [simulator_api.py | 75] INFO: Initial position of D_13 is Chomp Chomp
2022-02-21 22:29:01,875 [simulator_api.py | 75] INFO: Initial position of D_14 is Kovan Food Centre (209 Hougang Street 21)
2022-02-21 22:29:01,875 [simulator_api.py | 75] INFO: Initial position of D_15 is Bedok Interchange Hawker Centre
2022-02-21 22:29:01,876 [simulator_api.py | 75] INFO: Initial position of D_16 is Kovan Food Centre (209 Hougang Street 21)
2022-02-21 22:29:01,876 [simulator_api.py | 75] INFO: Initial position of D_17 is Old Airport Road Food Centre
2022-02-21 22:29:01,877 [simulator_api.py | 75] INFO: Initial position of D_18 is Chomp Chomp
2022-02-21 22:29:01,878 [simulator_api.py | 75] INFO: Initial position of D_19 is Bedok Interchange Hawker Centre
2022-02-21 22:29:01,879 [simulator_api.py | 75] INFO: Initial position of D_20 is Chomp Chomp
2022-02-21 22:29:01,879 [simulator_api.py | 75] INFO: Initial position of D_21 is Breadtalk Ihq, 30 Tai Seng St, Singapore 534013, Singapore
2022-02-21 22:29:01,880 [simulator_api.py | 75] INFO: Initial position of D_22 is Chomp Chomp
2022-02-21 22:29:01,880 [simulator_api.py | 75] INFO: Initial position of D_23 is Kovan Food Centre (209 Hougang Street 21)
2022-02-21 22:29:01,881 [simulator_api.py | 75] INFO: Initial position of D_24 is Bedok Interchange Hawker Centre
2022-02-21 22:29:01,881 [simulator_api.py | 75] INFO: Initial position of D_25 is Old Airport Road Food Centre
2022-02-21 22:29:01,883 [simulator_api.py | 75] INFO: Initial position of D_26 is Breadtalk Ihq, 30 Tai Seng St, Singapore 534013, Singapore
2022-02-21 22:29:01,883 [simulator_api.py | 75] INFO: Initial position of D_27 is Old Airport Road Food Centre
2022-02-21 22:29:01,885 [simulator_api.py | 75] INFO: Initial position of D_28 is Breadtalk Ihq, 30 Tai Seng St, Singapore 534013, Singapore
2022-02-21 22:29:01,885 [simulator_api.py | 75] INFO: Initial position of D_29 is Bedok Interchange Hawker Centre
2022-02-21 22:29:01,886 [simulator_api.py | 75] INFO: Initial position of D_30 is Lorong 8 Toa Payoh Hawker Centre
2022-02-21 22:29:01,886 [simulator_api.py | 75] INFO: Initial position of D_31 is Chomp Chomp
2022-02-21 22:29:01,887 [simulator_api.py | 75] INFO: Initial position of D_32 is Old Airport Road Food Centre
2022-02-21 22:29:01,887 [simulator_api.py | 75] INFO: Initial position of D_33 is Bedok Interchange Hawker Centre
2022-02-21 22:29:01,888 [simulator_api.py | 75] INFO: Initial position of D_34 is Lorong 8 Toa Payoh Hawker Centre
2022-02-21 22:29:01,888 [simulator_api.py | 75] INFO: Initial position of D_35 is Bedok Interchange Hawker Centre
2022-02-21 22:29:01,889 [simulator_api.py | 75] INFO: Initial position of D_36 is Chomp Chomp
2022-02-21 22:29:01,890 [simulator_api.py | 75] INFO: Initial position of D_37 is Breadtalk Ihq, 30 Tai Seng St, Singapore 534013, Singapore
2022-02-21 22:29:01,891 [simulator_api.py | 75] INFO: Initial position of D_38 is Kovan Food Centre (209 Hougang Street 21)
2022-02-21 22:29:01,892 [simulator_api.py | 75] INFO: Initial position of D_39 is Chomp Chomp
2022-02-21 22:29:01,893 [simulator_api.py | 75] INFO: Initial position of D_40 is Lorong 8 Toa Payoh Hawker Centre
2022-02-21 22:29:01,893 [simulator_api.py | 75] INFO: Initial position of D_41 is Lorong 8 Toa Payoh Hawker Centre
2022-02-21 22:29:01,894 [simulator_api.py | 75] INFO: Initial position of D_42 is Chomp Chomp
2022-02-21 22:29:01,894 [simulator_api.py | 75] INFO: Initial position of D_43 is Bedok Interchange Hawker Centre
2022-02-21 22:29:01,895 [simulator_api.py | 75] INFO: Initial position of D_44 is Old Airport Road Food Centre
2022-02-21 22:29:01,895 [simulator_api.py | 75] INFO: Initial position of D_45 is Chomp Chomp
2022-02-21 22:29:01,895 [simulator_api.py | 75] INFO: Initial position of D_46 is Old Airport Road Food Centre
2022-02-21 22:29:01,896 [simulator_api.py | 75] INFO: Initial position of D_47 is Old Airport Road Food Centre
2022-02-21 22:29:01,896 [simulator_api.py | 75] INFO: Initial position of D_48 is Breadtalk Ihq, 30 Tai Seng St, Singapore 534013, Singapore
2022-02-21 22:29:01,896 [simulator_api.py | 75] INFO: Initial position of D_49 is Lorong 8 Toa Payoh Hawker Centre
2022-02-21 22:29:01,896 [simulator_api.py | 75] INFO: Initial position of D_50 is Breadtalk Ihq, 30 Tai Seng St, Singapore 534013, Singapore
2022-02-21 22:29:01,896 [simulator_api.py | 75] INFO: Initial position of D_51 is Breadtalk Ihq, 30 Tai Seng St, Singapore 534013, Singapore
2022-02-21 22:29:01,896 [simulator_api.py | 75] INFO: Initial position of D_52 is Breadtalk Ihq, 30 Tai Seng St, Singapore 534013, Singapore
2022-02-21 22:29:01,896 [simulator_api.py | 75] INFO: Initial position of D_53 is Old Airport Road Food Centre
2022-02-21 22:29:01,898 [simulator_api.py | 75] INFO: Initial position of D_54 is Chomp Chomp
2022-02-21 22:29:01,898 [simulator_api.py | 75] INFO: Initial position of D_55 is Lorong 8 Toa Payoh Hawker Centre
2022-02-21 22:29:01,900 [simulator_api.py | 75] INFO: Initial position of D_56 is Bedok Interchange Hawker Centre
2022-02-21 22:29:01,900 [simulator_api.py | 75] INFO: Initial position of D_57 is Kovan Food Centre (209 Hougang Street 21)
2022-02-21 22:29:01,901 [simulator_api.py | 75] INFO: Initial position of D_58 is Breadtalk Ihq, 30 Tai Seng St, Singapore 534013, Singapore
2022-02-21 22:29:01,901 [simulator_api.py | 75] INFO: Initial position of D_59 is Bedok Interchange Hawker Centre
2022-02-21 22:29:01,902 [simulator_api.py | 75] INFO: Initial position of D_60 is Breadtalk Ihq, 30 Tai Seng St, Singapore 534013, Singapore
2022-02-21 22:29:01,902 [simulator_api.py | 75] INFO: Initial position of D_61 is Old Airport Road Food Centre
2022-02-21 22:29:01,903 [simulator_api.py | 75] INFO: Initial position of D_62 is Kovan Food Centre (209 Hougang Street 21)
2022-02-21 22:29:01,904 [simulator_api.py | 75] INFO: Initial position of D_63 is Chomp Chomp
2022-02-21 22:29:01,904 [simulator_api.py | 75] INFO: Initial position of D_64 is Kovan Food Centre (209 Hougang Street 21)
2022-02-21 22:29:01,905 [simulator_api.py | 75] INFO: Initial position of D_65 is Kovan Food Centre (209 Hougang Street 21)
2022-02-21 22:29:01,906 [simulator_api.py | 75] INFO: Initial position of D_66 is Kovan Food Centre (209 Hougang Street 21)
2022-02-21 22:29:01,906 [simulator_api.py | 75] INFO: Initial position of D_67 is Chomp Chomp
2022-02-21 22:29:01,907 [simulator_api.py | 75] INFO: Initial position of D_68 is Lorong 8 Toa Payoh Hawker Centre
2022-02-21 22:29:01,907 [simulator_api.py | 75] INFO: Initial position of D_69 is Old Airport Road Food Centre
2022-02-21 22:29:01,908 [simulator_api.py | 75] INFO: Initial position of D_70 is Old Airport Road Food Centre
2022-02-21 22:29:01,928 [simulator_env.py | 87] INFO: **************************************************
2022-02-21 22:29:01,929 [simulator_env.py | 91] INFO: cur time: 2022-02-21 09:10:00, pre time: 2022-02-21 09:00:00
2022-02-21 22:29:01,930 [simulator_env.py | 147] INFO: Start to update the input of 2022-02-21 09:10:00
2022-02-21 22:29:01,935 [simulator_env.py | 175] INFO: Get 29 unallocated orders, 0 ongoing orders, 0 completed orders.
2022-02-21 22:29:04,661 [simulator_env.py | 100] INFO: Finish the dispatch.
2022-02-21 22:29:04,662 [simulator_env.py | 278] INFO: 2022-02-21 09:10:00, Order 09000200000: state = 1 < 2, we can not finish the simulation
2022-02-21 22:29:04,663 [simulator_env.py | 87] INFO: **************************************************
2022-02-21 22:29:04,663 [simulator_env.py | 91] INFO: cur time: 2022-02-21 09:20:00, pre time: 2022-02-21 09:10:00
2022-02-21 22:29:04,663 [simulator_env.py | 147] INFO: Start to update the input of 2022-02-21 09:20:00
2022-02-21 22:29:04,672 [simulator_env.py | 175] INFO: Get 28 unallocated orders, 14 ongoing orders, 15 completed orders.
2022-02-21 22:29:07,353 [simulator_env.py | 100] INFO: Finish the dispatch.
2022-02-21 22:29:07,356 [simulator_env.py | 278] INFO: 2022-02-21 09:20:00, Order 09101000029: state = 1 < 2, we can not finish the simulation
2022-02-21 22:29:07,356 [simulator_env.py | 87] INFO: **************************************************
2022-02-21 22:29:07,357 [simulator_env.py | 91] INFO: cur time: 2022-02-21 09:30:00, pre time: 2022-02-21 09:20:00
2022-02-21 22:29:07,357 [simulator_env.py | 147] INFO: Start to update the input of 2022-02-21 09:30:00
2022-02-21 22:29:07,365 [simulator_env.py | 175] INFO: Get 28 unallocated orders, 19 ongoing orders, 38 completed orders.
2022-02-21 22:29:10,013 [simulator_env.py | 100] INFO: Finish the dispatch.
2022-02-21 22:29:10,015 [simulator_env.py | 278] INFO: 2022-02-21 09:30:00, Order 09200500057: state = 1 < 2, we can not finish the simulation
2022-02-21 22:29:10,017 [simulator_env.py | 87] INFO: **************************************************
2022-02-21 22:29:10,017 [simulator_env.py | 91] INFO: cur time: 2022-02-21 09:40:00, pre time: 2022-02-21 09:30:00
2022-02-21 22:29:10,017 [simulator_env.py | 147] INFO: Start to update the input of 2022-02-21 09:40:00
2022-02-21 22:29:10,030 [simulator_env.py | 175] INFO: Get 32 unallocated orders, 21 ongoing orders, 64 completed orders.
2022-02-21 22:29:12,613 [simulator_env.py | 100] INFO: Finish the dispatch.
2022-02-21 22:29:12,615 [simulator_env.py | 278] INFO: 2022-02-21 09:40:00, Order 09303100085: state = 1 < 2, we can not finish the simulation
2022-02-21 22:29:12,617 [simulator_env.py | 87] INFO: **************************************************
2022-02-21 22:29:12,617 [simulator_env.py | 91] INFO: cur time: 2022-02-21 09:50:00, pre time: 2022-02-21 09:40:00
2022-02-21 22:29:12,617 [simulator_env.py | 147] INFO: Start to update the input of 2022-02-21 09:50:00
2022-02-21 22:29:12,627 [simulator_env.py | 175] INFO: Get 36 unallocated orders, 22 ongoing orders, 95 completed orders.
2022-02-21 22:29:15,249 [simulator_env.py | 100] INFO: Finish the dispatch.
2022-02-21 22:29:15,252 [simulator_env.py | 278] INFO: 2022-02-21 09:50:00, Order 09402900117: state = 1 < 2, we can not finish the simulation
2022-02-21 22:29:15,253 [simulator_env.py | 87] INFO: **************************************************
2022-02-21 22:29:15,253 [simulator_env.py | 91] INFO: cur time: 2022-02-21 10:00:00, pre time: 2022-02-21 09:50:00
2022-02-21 22:29:15,253 [simulator_env.py | 147] INFO: Start to update the input of 2022-02-21 10:00:00
2022-02-21 22:29:15,267 [simulator_env.py | 175] INFO: Get 51 unallocated orders, 23 ongoing orders, 130 completed orders.
2022-02-21 22:29:17,765 [simulator_env.py | 100] INFO: Finish the dispatch.
2022-02-21 22:29:17,769 [simulator_env.py | 278] INFO: 2022-02-21 10:00:00, Order 09500400153: state = 1 < 2, we can not finish the simulation
2022-02-21 22:29:17,771 [simulator_env.py | 87] INFO: **************************************************
2022-02-21 22:29:17,772 [simulator_env.py | 91] INFO: cur time: 2022-02-21 10:10:00, pre time: 2022-02-21 10:00:00
2022-02-21 22:29:17,773 [simulator_env.py | 147] INFO: Start to update the input of 2022-02-21 10:10:00
2022-02-21 22:29:17,795 [simulator_env.py | 175] INFO: Get 42 unallocated orders, 34 ongoing orders, 167 completed orders.
2022-02-21 22:29:20,581 [simulator_env.py | 100] INFO: Finish the dispatch.
2022-02-21 22:29:20,584 [simulator_env.py | 278] INFO: 2022-02-21 10:10:00, Order 09573600192: state = 1 < 2, we can not finish the simulation
2022-02-21 22:29:20,586 [simulator_env.py | 87] INFO: **************************************************
2022-02-21 22:29:20,586 [simulator_env.py | 91] INFO: cur time: 2022-02-21 10:20:00, pre time: 2022-02-21 10:10:00
2022-02-21 22:29:20,586 [simulator_env.py | 147] INFO: Start to update the input of 2022-02-21 10:20:00
2022-02-21 22:29:20,596 [simulator_env.py | 175] INFO: Get 47 unallocated orders, 26 ongoing orders, 215 completed orders.
2022-02-21 22:29:23,337 [simulator_env.py | 100] INFO: Finish the dispatch.
2022-02-21 22:29:23,341 [simulator_env.py | 278] INFO: 2022-02-21 10:20:00, Order 10093800240: state = 1 < 2, we can not finish the simulation
2022-02-21 22:29:23,343 [simulator_env.py | 87] INFO: **************************************************
2022-02-21 22:29:23,343 [simulator_env.py | 91] INFO: cur time: 2022-02-21 10:30:00, pre time: 2022-02-21 10:20:00
2022-02-21 22:29:23,343 [simulator_env.py | 147] INFO: Start to update the input of 2022-02-21 10:30:00
2022-02-21 22:29:23,361 [simulator_env.py | 175] INFO: Get 27 unallocated orders, 34 ongoing orders, 251 completed orders.
2022-02-21 22:29:26,069 [simulator_env.py | 100] INFO: Finish the dispatch.
2022-02-21 22:29:26,073 [simulator_env.py | 278] INFO: 2022-02-21 10:30:00, Order 10194900285: state = 1 < 2, we can not finish the simulation
2022-02-21 22:29:26,075 [simulator_env.py | 87] INFO: **************************************************
2022-02-21 22:29:26,075 [simulator_env.py | 91] INFO: cur time: 2022-02-21 10:40:00, pre time: 2022-02-21 10:30:00
2022-02-21 22:29:26,075 [simulator_env.py | 147] INFO: Start to update the input of 2022-02-21 10:40:00
2022-02-21 22:29:26,084 [simulator_env.py | 175] INFO: Get 31 unallocated orders, 19 ongoing orders, 293 completed orders.
2022-02-21 22:29:28,812 [simulator_env.py | 100] INFO: Finish the dispatch.
2022-02-21 22:29:28,817 [simulator_env.py | 278] INFO: 2022-02-21 10:40:00, Order 10300500312: state = 1 < 2, we can not finish the simulation
2022-02-21 22:29:28,818 [simulator_env.py | 87] INFO: **************************************************
2022-02-21 22:29:28,818 [simulator_env.py | 91] INFO: cur time: 2022-02-21 10:50:00, pre time: 2022-02-21 10:40:00
2022-02-21 22:29:28,818 [simulator_env.py | 147] INFO: Start to update the input of 2022-02-21 10:50:00
2022-02-21 22:29:28,835 [simulator_env.py | 175] INFO: Get 54 unallocated orders, 26 ongoing orders, 317 completed orders.
2022-02-21 22:29:31,548 [simulator_env.py | 100] INFO: Finish the dispatch.
2022-02-21 22:29:31,554 [simulator_env.py | 278] INFO: 2022-02-21 10:50:00, Order 10400100343: state = 1 < 2, we can not finish the simulation
2022-02-21 22:29:31,556 [simulator_env.py | 87] INFO: **************************************************
2022-02-21 22:29:31,556 [simulator_env.py | 91] INFO: cur time: 2022-02-21 11:00:00, pre time: 2022-02-21 10:50:00
2022-02-21 22:29:31,556 [simulator_env.py | 147] INFO: Start to update the input of 2022-02-21 11:00:00
2022-02-21 22:29:31,571 [simulator_env.py | 175] INFO: Get 61 unallocated orders, 37 ongoing orders, 352 completed orders.
2022-02-21 22:29:34,173 [simulator_env.py | 100] INFO: Finish the dispatch.
2022-02-21 22:29:34,177 [simulator_env.py | 278] INFO: 2022-02-21 11:00:00, Order 10481500383: state = 1 < 2, we can not finish the simulation
2022-02-21 22:29:34,179 [simulator_env.py | 87] INFO: **************************************************
2022-02-21 22:29:34,180 [simulator_env.py | 91] INFO: cur time: 2022-02-21 11:10:00, pre time: 2022-02-21 11:00:00
2022-02-21 22:29:34,181 [simulator_env.py | 147] INFO: Start to update the input of 2022-02-21 11:10:00
2022-02-21 22:29:34,197 [simulator_env.py | 175] INFO: Get 57 unallocated orders, 26 ongoing orders, 405 completed orders.
2022-02-21 22:29:36,954 [simulator_env.py | 100] INFO: Finish the dispatch.
2022-02-21 22:29:36,959 [simulator_env.py | 278] INFO: 2022-02-21 11:10:00, Order 10505300402: state = 1 < 2, we can not finish the simulation
2022-02-21 22:29:36,965 [simulator_env.py | 87] INFO: **************************************************
2022-02-21 22:29:36,966 [simulator_env.py | 91] INFO: cur time: 2022-02-21 11:20:00, pre time: 2022-02-21 11:10:00
2022-02-21 22:29:36,967 [simulator_env.py | 147] INFO: Start to update the input of 2022-02-21 11:20:00
2022-02-21 22:29:36,990 [simulator_env.py | 175] INFO: Get 54 unallocated orders, 35 ongoing orders, 444 completed orders.
2022-02-21 22:29:39,640 [simulator_env.py | 100] INFO: Finish the dispatch.
2022-02-21 22:29:39,645 [simulator_env.py | 278] INFO: 2022-02-21 11:20:00, Order 11051300471: state = 1 < 2, we can not finish the simulation
2022-02-21 22:29:39,647 [simulator_env.py | 87] INFO: **************************************************
2022-02-21 22:29:39,647 [simulator_env.py | 91] INFO: cur time: 2022-02-21 11:30:00, pre time: 2022-02-21 11:20:00
2022-02-21 22:29:39,647 [simulator_env.py | 147] INFO: Start to update the input of 2022-02-21 11:30:00
2022-02-21 22:29:39,669 [simulator_env.py | 175] INFO: Get 55 unallocated orders, 29 ongoing orders, 493 completed orders.
2022-02-21 22:29:42,519 [simulator_env.py | 100] INFO: Finish the dispatch.
2022-02-21 22:29:42,523 [simulator_env.py | 278] INFO: 2022-02-21 11:30:00, Order 11131300505: state = 1 < 2, we can not finish the simulation
2022-02-21 22:29:42,524 [simulator_env.py | 87] INFO: **************************************************
2022-02-21 22:29:42,524 [simulator_env.py | 91] INFO: cur time: 2022-02-21 11:40:00, pre time: 2022-02-21 11:30:00
2022-02-21 22:29:42,524 [simulator_env.py | 147] INFO: Start to update the input of 2022-02-21 11:40:00
2022-02-21 22:29:42,542 [simulator_env.py | 175] INFO: Get 40 unallocated orders, 37 ongoing orders, 535 completed orders.
2022-02-21 22:29:45,285 [simulator_env.py | 100] INFO: Finish the dispatch.
2022-02-21 22:29:45,290 [simulator_env.py | 278] INFO: 2022-02-21 11:40:00, Order 11260700559: state = 1 < 2, we can not finish the simulation
2022-02-21 22:29:45,291 [simulator_env.py | 87] INFO: **************************************************
2022-02-21 22:29:45,292 [simulator_env.py | 91] INFO: cur time: 2022-02-21 11:50:00, pre time: 2022-02-21 11:40:00
2022-02-21 22:29:45,292 [simulator_env.py | 147] INFO: Start to update the input of 2022-02-21 11:50:00
2022-02-21 22:29:45,313 [simulator_env.py | 175] INFO: Get 41 unallocated orders, 25 ongoing orders, 580 completed orders.
2022-02-21 22:29:48,694 [simulator_env.py | 100] INFO: Finish the dispatch.
2022-02-21 22:29:48,697 [simulator_env.py | 278] INFO: 2022-02-21 11:50:00, Order 11352600592: state = 1 < 2, we can not finish the simulation
2022-02-21 22:29:48,698 [simulator_env.py | 87] INFO: **************************************************
2022-02-21 22:29:48,698 [simulator_env.py | 91] INFO: cur time: 2022-02-21 12:00:00, pre time: 2022-02-21 11:50:00
2022-02-21 22:29:48,699 [simulator_env.py | 147] INFO: Start to update the input of 2022-02-21 12:00:00
2022-02-21 22:29:48,712 [simulator_env.py | 175] INFO: Get 40 unallocated orders, 27 ongoing orders, 618 completed orders.
2022-02-21 22:29:51,560 [simulator_env.py | 100] INFO: Finish the dispatch.
2022-02-21 22:29:51,563 [simulator_env.py | 278] INFO: 2022-02-21 12:00:00, Order 11495800645: state = 1 < 2, we can not finish the simulation
2022-02-21 22:29:51,565 [simulator_env.py | 87] INFO: **************************************************
2022-02-21 22:29:51,565 [simulator_env.py | 91] INFO: cur time: 2022-02-21 12:10:00, pre time: 2022-02-21 12:00:00
2022-02-21 22:29:51,565 [simulator_env.py | 147] INFO: Start to update the input of 2022-02-21 12:10:00
2022-02-21 22:29:51,579 [simulator_env.py | 175] INFO: Get 26 unallocated orders, 27 ongoing orders, 657 completed orders.
2022-02-21 22:29:54,273 [simulator_env.py | 100] INFO: Finish the dispatch.
2022-02-21 22:29:54,277 [simulator_env.py | 278] INFO: 2022-02-21 12:10:00, Order 11591700683: state = 1 < 2, we can not finish the simulation
2022-02-21 22:29:54,279 [simulator_env.py | 87] INFO: **************************************************
2022-02-21 22:29:54,279 [simulator_env.py | 91] INFO: cur time: 2022-02-21 12:20:00, pre time: 2022-02-21 12:10:00
2022-02-21 22:29:54,279 [simulator_env.py | 147] INFO: Start to update the input of 2022-02-21 12:20:00
2022-02-21 22:29:54,289 [simulator_env.py | 175] INFO: Get 26 unallocated orders, 21 ongoing orders, 689 completed orders.
2022-02-21 22:29:57,083 [simulator_env.py | 100] INFO: Finish the dispatch.
2022-02-21 22:29:57,086 [simulator_env.py | 278] INFO: 2022-02-21 12:20:00, Order 12101700710: state = 1 < 2, we can not finish the simulation
2022-02-21 22:29:57,087 [simulator_env.py | 87] INFO: **************************************************
2022-02-21 22:29:57,087 [simulator_env.py | 91] INFO: cur time: 2022-02-21 12:30:00, pre time: 2022-02-21 12:20:00
2022-02-21 22:29:57,087 [simulator_env.py | 147] INFO: Start to update the input of 2022-02-21 12:30:00
2022-02-21 22:29:57,097 [simulator_env.py | 175] INFO: Get 26 unallocated orders, 24 ongoing orders, 712 completed orders.
2022-02-21 22:29:59,803 [simulator_env.py | 100] INFO: Finish the dispatch.
2022-02-21 22:29:59,807 [simulator_env.py | 278] INFO: 2022-02-21 12:30:00, Order 12200900736: state = 1 < 2, we can not finish the simulation
2022-02-21 22:29:59,809 [simulator_env.py | 87] INFO: **************************************************
2022-02-21 22:29:59,809 [simulator_env.py | 91] INFO: cur time: 2022-02-21 12:40:00, pre time: 2022-02-21 12:30:00
2022-02-21 22:29:59,809 [simulator_env.py | 147] INFO: Start to update the input of 2022-02-21 12:40:00
2022-02-21 22:29:59,821 [simulator_env.py | 175] INFO: Get 15 unallocated orders, 18 ongoing orders, 744 completed orders.
2022-02-21 22:30:02,371 [simulator_env.py | 100] INFO: Finish the dispatch.
2022-02-21 22:30:02,375 [simulator_env.py | 278] INFO: 2022-02-21 12:40:00, Order 12301000762: state = 1 < 2, we can not finish the simulation
2022-02-21 22:30:02,378 [simulator_env.py | 87] INFO: **************************************************
2022-02-21 22:30:02,378 [simulator_env.py | 91] INFO: cur time: 2022-02-21 12:50:00, pre time: 2022-02-21 12:40:00
2022-02-21 22:30:02,378 [simulator_env.py | 147] INFO: Start to update the input of 2022-02-21 12:50:00
2022-02-21 22:30:02,387 [simulator_env.py | 175] INFO: Get 19 unallocated orders, 13 ongoing orders, 764 completed orders.
2022-02-21 22:30:05,243 [simulator_env.py | 100] INFO: Finish the dispatch.
2022-02-21 22:30:05,246 [simulator_env.py | 278] INFO: 2022-02-21 12:50:00, Order 12400400777: state = 1 < 2, we can not finish the simulation
2022-02-21 22:30:05,248 [simulator_env.py | 87] INFO: **************************************************
2022-02-21 22:30:05,248 [simulator_env.py | 91] INFO: cur time: 2022-02-21 13:00:00, pre time: 2022-02-21 12:50:00
2022-02-21 22:30:05,248 [simulator_env.py | 147] INFO: Start to update the input of 2022-02-21 13:00:00
2022-02-21 22:30:05,255 [simulator_env.py | 175] INFO: Get 22 unallocated orders, 17 ongoing orders, 779 completed orders.
2022-02-21 22:30:07,368 [simulator_env.py | 100] INFO: Finish the dispatch.
2022-02-21 22:30:07,371 [simulator_env.py | 278] INFO: 2022-02-21 13:00:00, Order 12504900796: state = 1 < 2, we can not finish the simulation
2022-02-21 22:30:07,372 [simulator_env.py | 87] INFO: **************************************************
2022-02-21 22:30:07,372 [simulator_env.py | 91] INFO: cur time: 2022-02-21 13:10:00, pre time: 2022-02-21 13:00:00
2022-02-21 22:30:07,372 [simulator_env.py | 147] INFO: Start to update the input of 2022-02-21 13:10:00
2022-02-21 22:30:07,381 [simulator_env.py | 175] INFO: Get 17 unallocated orders, 11 ongoing orders, 807 completed orders.
2022-02-21 22:30:09,563 [simulator_env.py | 100] INFO: Finish the dispatch.
2022-02-21 22:30:09,566 [simulator_env.py | 278] INFO: 2022-02-21 13:10:00, Order 13000400818: state = 1 < 2, we can not finish the simulation
2022-02-21 22:30:09,567 [simulator_env.py | 87] INFO: **************************************************
2022-02-21 22:30:09,567 [simulator_env.py | 91] INFO: cur time: 2022-02-21 13:20:00, pre time: 2022-02-21 13:10:00
2022-02-21 22:30:09,567 [simulator_env.py | 147] INFO: Start to update the input of 2022-02-21 13:20:00
2022-02-21 22:30:09,575 [simulator_env.py | 175] INFO: Get 15 unallocated orders, 14 ongoing orders, 821 completed orders.
2022-02-21 22:30:11,690 [simulator_env.py | 100] INFO: Finish the dispatch.
2022-02-21 22:30:11,694 [simulator_env.py | 278] INFO: 2022-02-21 13:20:00, Order 13100300835: state = 1 < 2, we can not finish the simulation
2022-02-21 22:30:11,694 [simulator_env.py | 87] INFO: **************************************************
2022-02-21 22:30:11,695 [simulator_env.py | 91] INFO: cur time: 2022-02-21 13:30:00, pre time: 2022-02-21 13:20:00
2022-02-21 22:30:11,695 [simulator_env.py | 147] INFO: Start to update the input of 2022-02-21 13:30:00
2022-02-21 22:30:11,702 [simulator_env.py | 175] INFO: Get 17 unallocated orders, 11 ongoing orders, 838 completed orders.
2022-02-21 22:30:13,827 [simulator_env.py | 100] INFO: Finish the dispatch.
2022-02-21 22:30:13,830 [simulator_env.py | 278] INFO: 2022-02-21 13:30:00, Order 13182200846: state = 1 < 2, we can not finish the simulation
2022-02-21 22:30:13,831 [simulator_env.py | 87] INFO: **************************************************
2022-02-21 22:30:13,831 [simulator_env.py | 91] INFO: cur time: 2022-02-21 13:40:00, pre time: 2022-02-21 13:30:00
2022-02-21 22:30:13,832 [simulator_env.py | 147] INFO: Start to update the input of 2022-02-21 13:40:00
2022-02-21 22:30:13,838 [simulator_env.py | 175] INFO: Get 15 unallocated orders, 13 ongoing orders, 853 completed orders.
2022-02-21 22:30:15,923 [simulator_env.py | 100] INFO: Finish the dispatch.
2022-02-21 22:30:15,926 [simulator_env.py | 278] INFO: 2022-02-21 13:40:00, Order 13303100866: state = 1 < 2, we can not finish the simulation
2022-02-21 22:30:15,927 [simulator_env.py | 87] INFO: **************************************************
2022-02-21 22:30:15,927 [simulator_env.py | 91] INFO: cur time: 2022-02-21 13:50:00, pre time: 2022-02-21 13:40:00
2022-02-21 22:30:15,928 [simulator_env.py | 147] INFO: Start to update the input of 2022-02-21 13:50:00
2022-02-21 22:30:15,934 [simulator_env.py | 175] INFO: Get 13 unallocated orders, 14 ongoing orders, 867 completed orders.
2022-02-21 22:30:17,969 [simulator_env.py | 100] INFO: Finish the dispatch.
2022-02-21 22:30:17,971 [simulator_env.py | 278] INFO: 2022-02-21 13:50:00, Order 13402500881: state = 1 < 2, we can not finish the simulation
2022-02-21 22:30:17,972 [simulator_env.py | 87] INFO: **************************************************
2022-02-21 22:30:17,972 [simulator_env.py | 91] INFO: cur time: 2022-02-21 14:00:00, pre time: 2022-02-21 13:50:00
2022-02-21 22:30:17,972 [simulator_env.py | 147] INFO: Start to update the input of 2022-02-21 14:00:00
2022-02-21 22:30:17,977 [simulator_env.py | 175] INFO: Get 9 unallocated orders, 8 ongoing orders, 886 completed orders.
2022-02-21 22:30:20,160 [simulator_env.py | 100] INFO: Finish the dispatch.
2022-02-21 22:30:20,162 [simulator_env.py | 278] INFO: 2022-02-21 14:00:00, Order 13525100894: state = 1 < 2, we can not finish the simulation
2022-02-21 22:30:20,163 [simulator_env.py | 87] INFO: **************************************************
2022-02-21 22:30:20,163 [simulator_env.py | 91] INFO: cur time: 2022-02-21 14:10:00, pre time: 2022-02-21 14:00:00
2022-02-21 22:30:20,163 [simulator_env.py | 147] INFO: Start to update the input of 2022-02-21 14:10:00
2022-02-21 22:30:20,170 [simulator_env.py | 175] INFO: Get 17 unallocated orders, 6 ongoing orders, 897 completed orders.
2022-02-21 22:30:22,191 [simulator_env.py | 100] INFO: Finish the dispatch.
2022-02-21 22:30:22,193 [simulator_env.py | 278] INFO: 2022-02-21 14:10:00, Order 14000300903: state = 1 < 2, we can not finish the simulation
2022-02-21 22:30:22,194 [simulator_env.py | 87] INFO: **************************************************
2022-02-21 22:30:22,194 [simulator_env.py | 91] INFO: cur time: 2022-02-21 14:20:00, pre time: 2022-02-21 14:10:00
2022-02-21 22:30:22,194 [simulator_env.py | 147] INFO: Start to update the input of 2022-02-21 14:20:00
2022-02-21 22:30:22,204 [simulator_env.py | 175] INFO: Get 18 unallocated orders, 13 ongoing orders, 907 completed orders.
2022-02-21 22:30:24,315 [simulator_env.py | 100] INFO: Finish the dispatch.
2022-02-21 22:30:24,319 [simulator_env.py | 278] INFO: 2022-02-21 14:20:00, Order 14101100920: state = 1 < 2, we can not finish the simulation
2022-02-21 22:30:24,320 [simulator_env.py | 87] INFO: **************************************************
2022-02-21 22:30:24,320 [simulator_env.py | 91] INFO: cur time: 2022-02-21 14:30:00, pre time: 2022-02-21 14:20:00
2022-02-21 22:30:24,320 [simulator_env.py | 147] INFO: Start to update the input of 2022-02-21 14:30:00
2022-02-21 22:30:24,327 [simulator_env.py | 175] INFO: Get 15 unallocated orders, 17 ongoing orders, 921 completed orders.
2022-02-21 22:30:26,408 [simulator_env.py | 100] INFO: Finish the dispatch.
2022-02-21 22:30:26,411 [simulator_env.py | 278] INFO: 2022-02-21 14:30:00, Order 14201100938: state = 1 < 2, we can not finish the simulation
2022-02-21 22:30:26,413 [simulator_env.py | 87] INFO: **************************************************
2022-02-21 22:30:26,413 [simulator_env.py | 91] INFO: cur time: 2022-02-21 14:40:00, pre time: 2022-02-21 14:30:00
2022-02-21 22:30:26,413 [simulator_env.py | 147] INFO: Start to update the input of 2022-02-21 14:40:00
2022-02-21 22:30:26,418 [simulator_env.py | 175] INFO: Get 12 unallocated orders, 9 ongoing orders, 944 completed orders.
2022-02-21 22:30:28,825 [simulator_env.py | 100] INFO: Finish the dispatch.
2022-02-21 22:30:28,827 [simulator_env.py | 278] INFO: 2022-02-21 14:40:00, Order 14311100953: state = 1 < 2, we can not finish the simulation
2022-02-21 22:30:28,828 [simulator_env.py | 87] INFO: **************************************************
2022-02-21 22:30:28,828 [simulator_env.py | 91] INFO: cur time: 2022-02-21 14:50:00, pre time: 2022-02-21 14:40:00
2022-02-21 22:30:28,828 [simulator_env.py | 147] INFO: Start to update the input of 2022-02-21 14:50:00
2022-02-21 22:30:28,835 [simulator_env.py | 175] INFO: Get 15 unallocated orders, 8 ongoing orders, 957 completed orders.
2022-02-21 22:30:30,955 [simulator_env.py | 100] INFO: Finish the dispatch.
2022-02-21 22:30:30,958 [simulator_env.py | 278] INFO: 2022-02-21 14:50:00, Order 14403500965: state = 1 < 2, we can not finish the simulation
2022-02-21 22:30:30,959 [simulator_env.py | 87] INFO: **************************************************
2022-02-21 22:30:30,959 [simulator_env.py | 91] INFO: cur time: 2022-02-21 15:00:00, pre time: 2022-02-21 14:50:00
2022-02-21 22:30:30,959 [simulator_env.py | 147] INFO: Start to update the input of 2022-02-21 15:00:00
2022-02-21 22:30:30,966 [simulator_env.py | 175] INFO: Get 15 unallocated orders, 14 ongoing orders, 966 completed orders.
2022-02-21 22:30:33,867 [simulator_env.py | 100] INFO: Finish the dispatch.
2022-02-21 22:30:33,872 [simulator_env.py | 278] INFO: 2022-02-21 15:00:00, Order 14503400980: state = 1 < 2, we can not finish the simulation
2022-02-21 22:30:33,874 [simulator_env.py | 87] INFO: **************************************************
2022-02-21 22:30:33,874 [simulator_env.py | 91] INFO: cur time: 2022-02-21 15:10:00, pre time: 2022-02-21 15:00:00
2022-02-21 22:30:33,874 [simulator_env.py | 147] INFO: Start to update the input of 2022-02-21 15:10:00
2022-02-21 22:30:33,880 [simulator_env.py | 175] INFO: Get 0 unallocated orders, 12 ongoing orders, 983 completed orders.
2022-02-21 22:30:36,782 [simulator_env.py | 100] INFO: Finish the dispatch.
2022-02-21 22:30:36,784 [simulator_env.py | 281] INFO: 2022-02-21 15:10:00, the status of all orders is greater than 1, we could finish the simulation
2022-02-21 22:30:36,788 [simulator_env.py | 124] INFO: finished the left ongoing orders
2022-02-21 22:30:36,789 [evaluator.py    | 116] INFO: Traveling Distance of driver D_1 is  80.830, visited node list: 31
2022-02-21 22:30:36,789 [evaluator.py    | 116] INFO: Traveling Distance of driver D_2 is  115.760, visited node list: 44
2022-02-21 22:30:36,790 [evaluator.py    | 116] INFO: Traveling Distance of driver D_3 is  106.630, visited node list: 42
2022-02-21 22:30:36,791 [evaluator.py    | 116] INFO: Traveling Distance of driver D_4 is  124.030, visited node list: 52
2022-02-21 22:30:36,791 [evaluator.py    | 116] INFO: Traveling Distance of driver D_5 is  121.250, visited node list: 45
2022-02-21 22:30:36,792 [evaluator.py    | 116] INFO: Traveling Distance of driver D_6 is  111.570, visited node list: 38
2022-02-21 22:30:36,792 [evaluator.py    | 116] INFO: Traveling Distance of driver D_7 is  115.370, visited node list: 39
2022-02-21 22:30:36,793 [evaluator.py    | 116] INFO: Traveling Distance of driver D_8 is  123.320, visited node list: 44
2022-02-21 22:30:36,793 [evaluator.py    | 116] INFO: Traveling Distance of driver D_9 is  128.680, visited node list: 40
2022-02-21 22:30:36,794 [evaluator.py    | 116] INFO: Traveling Distance of driver D_10 is  125.060, visited node list: 40
2022-02-21 22:30:36,794 [evaluator.py    | 116] INFO: Traveling Distance of driver D_11 is  113.980, visited node list: 41
2022-02-21 22:30:36,795 [evaluator.py    | 116] INFO: Traveling Distance of driver D_12 is  122.780, visited node list: 42
2022-02-21 22:30:36,795 [evaluator.py    | 116] INFO: Traveling Distance of driver D_13 is  110.020, visited node list: 39
2022-02-21 22:30:36,795 [evaluator.py    | 116] INFO: Traveling Distance of driver D_14 is  117.170, visited node list: 37
2022-02-21 22:30:36,796 [evaluator.py    | 116] INFO: Traveling Distance of driver D_15 is  123.780, visited node list: 43
2022-02-21 22:30:36,796 [evaluator.py    | 116] INFO: Traveling Distance of driver D_16 is  108.930, visited node list: 47
2022-02-21 22:30:36,798 [evaluator.py    | 116] INFO: Traveling Distance of driver D_17 is  122.960, visited node list: 46
2022-02-21 22:30:36,798 [evaluator.py    | 116] INFO: Traveling Distance of driver D_18 is  120.320, visited node list: 41
2022-02-21 22:30:36,799 [evaluator.py    | 116] INFO: Traveling Distance of driver D_19 is  115.170, visited node list: 40
2022-02-21 22:30:36,799 [evaluator.py    | 116] INFO: Traveling Distance of driver D_20 is  115.020, visited node list: 41
2022-02-21 22:30:36,799 [evaluator.py    | 116] INFO: Traveling Distance of driver D_21 is  107.660, visited node list: 37
2022-02-21 22:30:36,800 [evaluator.py    | 116] INFO: Traveling Distance of driver D_22 is  108.320, visited node list: 31
2022-02-21 22:30:36,800 [evaluator.py    | 116] INFO: Traveling Distance of driver D_23 is  105.020, visited node list: 32
2022-02-21 22:30:36,800 [evaluator.py    | 116] INFO: Traveling Distance of driver D_24 is  117.320, visited node list: 40
2022-02-21 22:30:36,801 [evaluator.py    | 116] INFO: Traveling Distance of driver D_25 is  90.290, visited node list: 36
2022-02-21 22:30:36,801 [evaluator.py    | 116] INFO: Traveling Distance of driver D_26 is  107.710, visited node list: 39
2022-02-21 22:30:36,801 [evaluator.py    | 116] INFO: Traveling Distance of driver D_27 is  112.380, visited node list: 36
2022-02-21 22:30:36,801 [evaluator.py    | 116] INFO: Traveling Distance of driver D_28 is  106.220, visited node list: 33
2022-02-21 22:30:36,802 [evaluator.py    | 116] INFO: Traveling Distance of driver D_29 is  78.450, visited node list: 30
2022-02-21 22:30:36,802 [evaluator.py    | 116] INFO: Traveling Distance of driver D_30 is  98.370, visited node list: 35
2022-02-21 22:30:36,803 [evaluator.py    | 116] INFO: Traveling Distance of driver D_31 is  82.670, visited node list: 27
2022-02-21 22:30:36,804 [evaluator.py    | 116] INFO: Traveling Distance of driver D_32 is  71.180, visited node list: 21
2022-02-21 22:30:36,804 [evaluator.py    | 116] INFO: Traveling Distance of driver D_33 is  79.160, visited node list: 30
2022-02-21 22:30:36,804 [evaluator.py    | 116] INFO: Traveling Distance of driver D_34 is  80.030, visited node list: 35
2022-02-21 22:30:36,806 [evaluator.py    | 116] INFO: Traveling Distance of driver D_35 is  96.080, visited node list: 36
2022-02-21 22:30:36,806 [evaluator.py    | 116] INFO: Traveling Distance of driver D_36 is  78.910, visited node list: 32
2022-02-21 22:30:36,806 [evaluator.py    | 116] INFO: Traveling Distance of driver D_37 is  78.720, visited node list: 31
2022-02-21 22:30:36,807 [evaluator.py    | 116] INFO: Traveling Distance of driver D_38 is  68.750, visited node list: 25
2022-02-21 22:30:36,808 [evaluator.py    | 116] INFO: Traveling Distance of driver D_39 is  56.280, visited node list: 19
2022-02-21 22:30:36,808 [evaluator.py    | 116] INFO: Traveling Distance of driver D_40 is  79.540, visited node list: 33
2022-02-21 22:30:36,808 [evaluator.py    | 116] INFO: Traveling Distance of driver D_41 is  83.140, visited node list: 25
2022-02-21 22:30:36,808 [evaluator.py    | 116] INFO: Traveling Distance of driver D_42 is  57.120, visited node list: 20
2022-02-21 22:30:36,809 [evaluator.py    | 116] INFO: Traveling Distance of driver D_43 is  65.390, visited node list: 24
2022-02-21 22:30:36,809 [evaluator.py    | 116] INFO: Traveling Distance of driver D_44 is  65.110, visited node list: 23
2022-02-21 22:30:36,809 [evaluator.py    | 116] INFO: Traveling Distance of driver D_45 is  65.570, visited node list: 23
2022-02-21 22:30:36,809 [evaluator.py    | 116] INFO: Traveling Distance of driver D_46 is  58.140, visited node list: 21
2022-02-21 22:30:36,809 [evaluator.py    | 116] INFO: Traveling Distance of driver D_47 is  58.430, visited node list: 23
2022-02-21 22:30:36,810 [evaluator.py    | 116] INFO: Traveling Distance of driver D_48 is  65.600, visited node list: 23
2022-02-21 22:30:36,810 [evaluator.py    | 116] INFO: Traveling Distance of driver D_49 is  60.650, visited node list: 21
2022-02-21 22:30:36,810 [evaluator.py    | 116] INFO: Traveling Distance of driver D_50 is  60.000, visited node list: 23
2022-02-21 22:30:36,810 [evaluator.py    | 116] INFO: Traveling Distance of driver D_51 is  52.100, visited node list: 21
2022-02-21 22:30:36,811 [evaluator.py    | 116] INFO: Traveling Distance of driver D_52 is  58.450, visited node list: 23
2022-02-21 22:30:36,811 [evaluator.py    | 116] INFO: Traveling Distance of driver D_53 is  62.560, visited node list: 20
2022-02-21 22:30:36,811 [evaluator.py    | 116] INFO: Traveling Distance of driver D_54 is  48.290, visited node list: 17
2022-02-21 22:30:36,811 [evaluator.py    | 116] INFO: Traveling Distance of driver D_55 is  49.980, visited node list: 20
2022-02-21 22:30:36,811 [evaluator.py    | 116] INFO: Traveling Distance of driver D_56 is  50.290, visited node list: 18
2022-02-21 22:30:36,811 [evaluator.py    | 116] INFO: Traveling Distance of driver D_57 is  44.080, visited node list: 14
2022-02-21 22:30:36,812 [evaluator.py    | 116] INFO: Traveling Distance of driver D_58 is  42.050, visited node list: 17
2022-02-21 22:30:36,812 [evaluator.py    | 116] INFO: Traveling Distance of driver D_59 is  39.830, visited node list: 16
2022-02-21 22:30:36,812 [evaluator.py    | 116] INFO: Traveling Distance of driver D_60 is  45.980, visited node list: 17
2022-02-21 22:30:36,812 [evaluator.py    | 116] INFO: Traveling Distance of driver D_61 is  42.540, visited node list: 14
2022-02-21 22:30:36,812 [evaluator.py    | 116] INFO: Traveling Distance of driver D_62 is  42.700, visited node list: 13
2022-02-21 22:30:36,813 [evaluator.py    | 116] INFO: Traveling Distance of driver D_63 is  52.280, visited node list: 16
2022-02-21 22:30:36,813 [evaluator.py    | 116] INFO: Traveling Distance of driver D_64 is  39.380, visited node list: 14
2022-02-21 22:30:36,813 [evaluator.py    | 116] INFO: Traveling Distance of driver D_65 is  48.930, visited node list: 17
2022-02-21 22:30:36,813 [evaluator.py    | 116] INFO: Traveling Distance of driver D_66 is  41.270, visited node list: 19
2022-02-21 22:30:36,813 [evaluator.py    | 116] INFO: Traveling Distance of driver D_67 is  42.860, visited node list: 16
2022-02-21 22:30:36,814 [evaluator.py    | 116] INFO: Traveling Distance of driver D_68 is  36.890, visited node list: 14
2022-02-21 22:30:36,814 [evaluator.py    | 116] INFO: Traveling Distance of driver D_69 is  39.180, visited node list: 15
2022-02-21 22:30:36,814 [evaluator.py    | 116] INFO: Traveling Distance of driver D_70 is  33.760, visited node list: 12
2022-02-21 22:30:36,814 [evaluator.py    | 18] INFO: Total distance:  5678.240
2022-02-21 22:30:36,873 [evaluator.py    | 22] INFO: Sum over time:  0.000
2022-02-21 22:30:36,873 [evaluator.py    | 26] INFO: Total score:  81.118
2022-02-21 22:30:37,014 [main.py         | 43] INFO: Score of instance_37: 81.1177142857143
