2022-02-21 22:24:07,844 [main.py         | 38] INFO: Start to run /Users/yangjingfeng/Library/CloudStorage/OneDrive-Personal/Public/PhD Study/Papers/Food_Delivery/Code/Food_delivery_simulator/Benchmark/Instance_small_2: instance_34
2022-02-21 22:24:07,845 [simulator_api.py | 43] INFO: Start time of the simulator: 2022-02-21 09:00:00, time interval:  600.00
2022-02-21 22:24:08,243 [input_utils.py  | 35] INFO: Get 2165 locations
2022-02-21 22:24:08,256 [input_utils.py  | 39] INFO: Get 55 drivers
2022-02-21 22:24:08,525 [input_utils.py  | 43] INFO: Get 995 orders
2022-02-21 22:24:08,525 [simulator_api.py | 75] INFO: Initial position of D_1 is Lorong 8 Toa Payoh Hawker Centre
2022-02-21 22:24:08,526 [simulator_api.py | 75] INFO: Initial position of D_2 is Lorong 8 Toa Payoh Hawker Centre
2022-02-21 22:24:08,526 [simulator_api.py | 75] INFO: Initial position of D_3 is Old Airport Road Food Centre
2022-02-21 22:24:08,526 [simulator_api.py | 75] INFO: Initial position of D_4 is Bedok Interchange Hawker Centre
2022-02-21 22:24:08,526 [simulator_api.py | 75] INFO: Initial position of D_5 is Chomp Chomp
2022-02-21 22:24:08,526 [simulator_api.py | 75] INFO: Initial position of D_6 is Lorong 8 Toa Payoh Hawker Centre
2022-02-21 22:24:08,526 [simulator_api.py | 75] INFO: Initial position of D_7 is Lorong 8 Toa Payoh Hawker Centre
2022-02-21 22:24:08,526 [simulator_api.py | 75] INFO: Initial position of D_8 is Bedok Interchange Hawker Centre
2022-02-21 22:24:08,526 [simulator_api.py | 75] INFO: Initial position of D_9 is Lorong 8 Toa Payoh Hawker Centre
2022-02-21 22:24:08,526 [simulator_api.py | 75] INFO: Initial position of D_10 is Bedok Interchange Hawker Centre
2022-02-21 22:24:08,526 [simulator_api.py | 75] INFO: Initial position of D_11 is Chomp Chomp
2022-02-21 22:24:08,526 [simulator_api.py | 75] INFO: Initial position of D_12 is Kovan Food Centre (209 Hougang Street 21)
2022-02-21 22:24:08,526 [simulator_api.py | 75] INFO: Initial position of D_13 is Chomp Chomp
2022-02-21 22:24:08,526 [simulator_api.py | 75] INFO: Initial position of D_14 is Kovan Food Centre (209 Hougang Street 21)
2022-02-21 22:24:08,527 [simulator_api.py | 75] INFO: Initial position of D_15 is Bedok Interchange Hawker Centre
2022-02-21 22:24:08,527 [simulator_api.py | 75] INFO: Initial position of D_16 is Kovan Food Centre (209 Hougang Street 21)
2022-02-21 22:24:08,527 [simulator_api.py | 75] INFO: Initial position of D_17 is Old Airport Road Food Centre
2022-02-21 22:24:08,527 [simulator_api.py | 75] INFO: Initial position of D_18 is Chomp Chomp
2022-02-21 22:24:08,527 [simulator_api.py | 75] INFO: Initial position of D_19 is Bedok Interchange Hawker Centre
2022-02-21 22:24:08,527 [simulator_api.py | 75] INFO: Initial position of D_20 is Chomp Chomp
2022-02-21 22:24:08,527 [simulator_api.py | 75] INFO: Initial position of D_21 is Breadtalk Ihq, 30 Tai Seng St, Singapore 534013, Singapore
2022-02-21 22:24:08,527 [simulator_api.py | 75] INFO: Initial position of D_22 is Chomp Chomp
2022-02-21 22:24:08,527 [simulator_api.py | 75] INFO: Initial position of D_23 is Kovan Food Centre (209 Hougang Street 21)
2022-02-21 22:24:08,527 [simulator_api.py | 75] INFO: Initial position of D_24 is Bedok Interchange Hawker Centre
2022-02-21 22:24:08,528 [simulator_api.py | 75] INFO: Initial position of D_25 is Old Airport Road Food Centre
2022-02-21 22:24:08,528 [simulator_api.py | 75] INFO: Initial position of D_26 is Breadtalk Ihq, 30 Tai Seng St, Singapore 534013, Singapore
2022-02-21 22:24:08,528 [simulator_api.py | 75] INFO: Initial position of D_27 is Old Airport Road Food Centre
2022-02-21 22:24:08,528 [simulator_api.py | 75] INFO: Initial position of D_28 is Breadtalk Ihq, 30 Tai Seng St, Singapore 534013, Singapore
2022-02-21 22:24:08,528 [simulator_api.py | 75] INFO: Initial position of D_29 is Bedok Interchange Hawker Centre
2022-02-21 22:24:08,528 [simulator_api.py | 75] INFO: Initial position of D_30 is Lorong 8 Toa Payoh Hawker Centre
2022-02-21 22:24:08,528 [simulator_api.py | 75] INFO: Initial position of D_31 is Chomp Chomp
2022-02-21 22:24:08,528 [simulator_api.py | 75] INFO: Initial position of D_32 is Old Airport Road Food Centre
2022-02-21 22:24:08,528 [simulator_api.py | 75] INFO: Initial position of D_33 is Bedok Interchange Hawker Centre
2022-02-21 22:24:08,529 [simulator_api.py | 75] INFO: Initial position of D_34 is Lorong 8 Toa Payoh Hawker Centre
2022-02-21 22:24:08,529 [simulator_api.py | 75] INFO: Initial position of D_35 is Bedok Interchange Hawker Centre
2022-02-21 22:24:08,529 [simulator_api.py | 75] INFO: Initial position of D_36 is Chomp Chomp
2022-02-21 22:24:08,529 [simulator_api.py | 75] INFO: Initial position of D_37 is Breadtalk Ihq, 30 Tai Seng St, Singapore 534013, Singapore
2022-02-21 22:24:08,529 [simulator_api.py | 75] INFO: Initial position of D_38 is Kovan Food Centre (209 Hougang Street 21)
2022-02-21 22:24:08,529 [simulator_api.py | 75] INFO: Initial position of D_39 is Chomp Chomp
2022-02-21 22:24:08,529 [simulator_api.py | 75] INFO: Initial position of D_40 is Lorong 8 Toa Payoh Hawker Centre
2022-02-21 22:24:08,529 [simulator_api.py | 75] INFO: Initial position of D_41 is Lorong 8 Toa Payoh Hawker Centre
2022-02-21 22:24:08,529 [simulator_api.py | 75] INFO: Initial position of D_42 is Chomp Chomp
2022-02-21 22:24:08,530 [simulator_api.py | 75] INFO: Initial position of D_43 is Bedok Interchange Hawker Centre
2022-02-21 22:24:08,530 [simulator_api.py | 75] INFO: Initial position of D_44 is Old Airport Road Food Centre
2022-02-21 22:24:08,530 [simulator_api.py | 75] INFO: Initial position of D_45 is Chomp Chomp
2022-02-21 22:24:08,530 [simulator_api.py | 75] INFO: Initial position of D_46 is Old Airport Road Food Centre
2022-02-21 22:24:08,530 [simulator_api.py | 75] INFO: Initial position of D_47 is Old Airport Road Food Centre
2022-02-21 22:24:08,530 [simulator_api.py | 75] INFO: Initial position of D_48 is Breadtalk Ihq, 30 Tai Seng St, Singapore 534013, Singapore
2022-02-21 22:24:08,530 [simulator_api.py | 75] INFO: Initial position of D_49 is Lorong 8 Toa Payoh Hawker Centre
2022-02-21 22:24:08,530 [simulator_api.py | 75] INFO: Initial position of D_50 is Breadtalk Ihq, 30 Tai Seng St, Singapore 534013, Singapore
2022-02-21 22:24:08,530 [simulator_api.py | 75] INFO: Initial position of D_51 is Breadtalk Ihq, 30 Tai Seng St, Singapore 534013, Singapore
2022-02-21 22:24:08,531 [simulator_api.py | 75] INFO: Initial position of D_52 is Breadtalk Ihq, 30 Tai Seng St, Singapore 534013, Singapore
2022-02-21 22:24:08,531 [simulator_api.py | 75] INFO: Initial position of D_53 is Old Airport Road Food Centre
2022-02-21 22:24:08,531 [simulator_api.py | 75] INFO: Initial position of D_54 is Chomp Chomp
2022-02-21 22:24:08,531 [simulator_api.py | 75] INFO: Initial position of D_55 is Lorong 8 Toa Payoh Hawker Centre
2022-02-21 22:24:08,551 [simulator_env.py | 87] INFO: **************************************************
2022-02-21 22:24:08,551 [simulator_env.py | 91] INFO: cur time: 2022-02-21 09:10:00, pre time: 2022-02-21 09:00:00
2022-02-21 22:24:08,551 [simulator_env.py | 147] INFO: Start to update the input of 2022-02-21 09:10:00
2022-02-21 22:24:08,556 [simulator_env.py | 175] INFO: Get 29 unallocated orders, 0 ongoing orders, 0 completed orders.
2022-02-21 22:24:11,060 [simulator_env.py | 100] INFO: Finish the dispatch.
2022-02-21 22:24:11,062 [simulator_env.py | 278] INFO: 2022-02-21 09:10:00, Order 09000200000: state = 1 < 2, we can not finish the simulation
2022-02-21 22:24:11,063 [simulator_env.py | 87] INFO: **************************************************
2022-02-21 22:24:11,063 [simulator_env.py | 91] INFO: cur time: 2022-02-21 09:20:00, pre time: 2022-02-21 09:10:00
2022-02-21 22:24:11,063 [simulator_env.py | 147] INFO: Start to update the input of 2022-02-21 09:20:00
2022-02-21 22:24:11,071 [simulator_env.py | 175] INFO: Get 28 unallocated orders, 16 ongoing orders, 13 completed orders.
2022-02-21 22:24:13,575 [simulator_env.py | 100] INFO: Finish the dispatch.
2022-02-21 22:24:13,578 [simulator_env.py | 278] INFO: 2022-02-21 09:20:00, Order 09101000029: state = 1 < 2, we can not finish the simulation
2022-02-21 22:24:13,579 [simulator_env.py | 87] INFO: **************************************************
2022-02-21 22:24:13,579 [simulator_env.py | 91] INFO: cur time: 2022-02-21 09:30:00, pre time: 2022-02-21 09:20:00
2022-02-21 22:24:13,579 [simulator_env.py | 147] INFO: Start to update the input of 2022-02-21 09:30:00
2022-02-21 22:24:13,589 [simulator_env.py | 175] INFO: Get 28 unallocated orders, 17 ongoing orders, 40 completed orders.
2022-02-21 22:24:16,279 [simulator_env.py | 100] INFO: Finish the dispatch.
2022-02-21 22:24:16,283 [simulator_env.py | 278] INFO: 2022-02-21 09:30:00, Order 09200500057: state = 1 < 2, we can not finish the simulation
2022-02-21 22:24:16,284 [simulator_env.py | 87] INFO: **************************************************
2022-02-21 22:24:16,284 [simulator_env.py | 91] INFO: cur time: 2022-02-21 09:40:00, pre time: 2022-02-21 09:30:00
2022-02-21 22:24:16,284 [simulator_env.py | 147] INFO: Start to update the input of 2022-02-21 09:40:00
2022-02-21 22:24:16,293 [simulator_env.py | 175] INFO: Get 32 unallocated orders, 21 ongoing orders, 64 completed orders.
2022-02-21 22:24:18,998 [simulator_env.py | 100] INFO: Finish the dispatch.
2022-02-21 22:24:19,001 [simulator_env.py | 278] INFO: 2022-02-21 09:40:00, Order 09303100085: state = 1 < 2, we can not finish the simulation
2022-02-21 22:24:19,002 [simulator_env.py | 87] INFO: **************************************************
2022-02-21 22:24:19,002 [simulator_env.py | 91] INFO: cur time: 2022-02-21 09:50:00, pre time: 2022-02-21 09:40:00
2022-02-21 22:24:19,003 [simulator_env.py | 147] INFO: Start to update the input of 2022-02-21 09:50:00
2022-02-21 22:24:19,015 [simulator_env.py | 175] INFO: Get 36 unallocated orders, 22 ongoing orders, 95 completed orders.
2022-02-21 22:24:22,011 [simulator_env.py | 100] INFO: Finish the dispatch.
2022-02-21 22:24:22,015 [simulator_env.py | 278] INFO: 2022-02-21 09:50:00, Order 09402900117: state = 1 < 2, we can not finish the simulation
2022-02-21 22:24:22,017 [simulator_env.py | 87] INFO: **************************************************
2022-02-21 22:24:22,017 [simulator_env.py | 91] INFO: cur time: 2022-02-21 10:00:00, pre time: 2022-02-21 09:50:00
2022-02-21 22:24:22,018 [simulator_env.py | 147] INFO: Start to update the input of 2022-02-21 10:00:00
2022-02-21 22:24:22,041 [simulator_env.py | 175] INFO: Get 55 unallocated orders, 19 ongoing orders, 130 completed orders.
2022-02-21 22:24:25,822 [simulator_env.py | 100] INFO: Finish the dispatch.
2022-02-21 22:24:25,824 [simulator_env.py | 278] INFO: 2022-02-21 10:00:00, Order 09495000149: state = 1 < 2, we can not finish the simulation
2022-02-21 22:24:25,825 [simulator_env.py | 87] INFO: **************************************************
2022-02-21 22:24:25,825 [simulator_env.py | 91] INFO: cur time: 2022-02-21 10:10:00, pre time: 2022-02-21 10:00:00
2022-02-21 22:24:25,825 [simulator_env.py | 147] INFO: Start to update the input of 2022-02-21 10:10:00
2022-02-21 22:24:25,837 [simulator_env.py | 175] INFO: Get 51 unallocated orders, 30 ongoing orders, 162 completed orders.
2022-02-21 22:24:28,176 [simulator_env.py | 100] INFO: Finish the dispatch.
2022-02-21 22:24:28,179 [simulator_env.py | 278] INFO: 2022-02-21 10:10:00, Order 09504000157: state = 1 < 2, we can not finish the simulation
2022-02-21 22:24:28,180 [simulator_env.py | 87] INFO: **************************************************
2022-02-21 22:24:28,181 [simulator_env.py | 91] INFO: cur time: 2022-02-21 10:20:00, pre time: 2022-02-21 10:10:00
2022-02-21 22:24:28,181 [simulator_env.py | 147] INFO: Start to update the input of 2022-02-21 10:20:00
2022-02-21 22:24:28,193 [simulator_env.py | 175] INFO: Get 57 unallocated orders, 27 ongoing orders, 204 completed orders.
2022-02-21 22:24:30,536 [simulator_env.py | 100] INFO: Finish the dispatch.
2022-02-21 22:24:30,541 [simulator_env.py | 278] INFO: 2022-02-21 10:20:00, Order 10024600219: state = 1 < 2, we can not finish the simulation
2022-02-21 22:24:30,542 [simulator_env.py | 87] INFO: **************************************************
2022-02-21 22:24:30,542 [simulator_env.py | 91] INFO: cur time: 2022-02-21 10:30:00, pre time: 2022-02-21 10:20:00
2022-02-21 22:24:30,542 [simulator_env.py | 147] INFO: Start to update the input of 2022-02-21 10:30:00
2022-02-21 22:24:30,557 [simulator_env.py | 175] INFO: Get 40 unallocated orders, 30 ongoing orders, 242 completed orders.
2022-02-21 22:24:32,924 [simulator_env.py | 100] INFO: Finish the dispatch.
2022-02-21 22:24:32,931 [simulator_env.py | 278] INFO: 2022-02-21 10:30:00, Order 10121900254: state = 1 < 2, we can not finish the simulation
2022-02-21 22:24:32,933 [simulator_env.py | 87] INFO: **************************************************
2022-02-21 22:24:32,933 [simulator_env.py | 91] INFO: cur time: 2022-02-21 10:40:00, pre time: 2022-02-21 10:30:00
2022-02-21 22:24:32,934 [simulator_env.py | 147] INFO: Start to update the input of 2022-02-21 10:40:00
2022-02-21 22:24:32,947 [simulator_env.py | 175] INFO: Get 37 unallocated orders, 27 ongoing orders, 279 completed orders.
2022-02-21 22:24:36,252 [simulator_env.py | 100] INFO: Finish the dispatch.
2022-02-21 22:24:36,255 [simulator_env.py | 278] INFO: 2022-02-21 10:40:00, Order 10224200297: state = 1 < 2, we can not finish the simulation
2022-02-21 22:24:36,258 [simulator_env.py | 87] INFO: **************************************************
2022-02-21 22:24:36,258 [simulator_env.py | 91] INFO: cur time: 2022-02-21 10:50:00, pre time: 2022-02-21 10:40:00
2022-02-21 22:24:36,258 [simulator_env.py | 147] INFO: Start to update the input of 2022-02-21 10:50:00
2022-02-21 22:24:36,267 [simulator_env.py | 175] INFO: Get 59 unallocated orders, 28 ongoing orders, 310 completed orders.
2022-02-21 22:24:38,822 [simulator_env.py | 100] INFO: Finish the dispatch.
2022-02-21 22:24:38,827 [simulator_env.py | 278] INFO: 2022-02-21 10:50:00, Order 10375200333: state = 1 < 2, we can not finish the simulation
2022-02-21 22:24:38,828 [simulator_env.py | 87] INFO: **************************************************
2022-02-21 22:24:38,828 [simulator_env.py | 91] INFO: cur time: 2022-02-21 11:00:00, pre time: 2022-02-21 10:50:00
2022-02-21 22:24:38,828 [simulator_env.py | 147] INFO: Start to update the input of 2022-02-21 11:00:00
2022-02-21 22:24:38,846 [simulator_env.py | 175] INFO: Get 76 unallocated orders, 27 ongoing orders, 347 completed orders.
2022-02-21 22:24:41,604 [simulator_env.py | 100] INFO: Finish the dispatch.
2022-02-21 22:24:41,609 [simulator_env.py | 278] INFO: 2022-02-21 11:00:00, Order 10430700360: state = 1 < 2, we can not finish the simulation
2022-02-21 22:24:41,610 [simulator_env.py | 87] INFO: **************************************************
2022-02-21 22:24:41,611 [simulator_env.py | 91] INFO: cur time: 2022-02-21 11:10:00, pre time: 2022-02-21 11:00:00
2022-02-21 22:24:41,611 [simulator_env.py | 147] INFO: Start to update the input of 2022-02-21 11:10:00
2022-02-21 22:24:41,632 [simulator_env.py | 175] INFO: Get 63 unallocated orders, 39 ongoing orders, 386 completed orders.
2022-02-21 22:24:44,464 [simulator_env.py | 100] INFO: Finish the dispatch.
2022-02-21 22:24:44,468 [simulator_env.py | 278] INFO: 2022-02-21 11:10:00, Order 10502600400: state = 1 < 2, we can not finish the simulation
2022-02-21 22:24:44,472 [simulator_env.py | 87] INFO: **************************************************
2022-02-21 22:24:44,473 [simulator_env.py | 91] INFO: cur time: 2022-02-21 11:20:00, pre time: 2022-02-21 11:10:00
2022-02-21 22:24:44,473 [simulator_env.py | 147] INFO: Start to update the input of 2022-02-21 11:20:00
2022-02-21 22:24:44,515 [simulator_env.py | 175] INFO: Get 74 unallocated orders, 33 ongoing orders, 426 completed orders.
2022-02-21 22:24:47,623 [simulator_env.py | 100] INFO: Finish the dispatch.
2022-02-21 22:24:47,629 [simulator_env.py | 278] INFO: 2022-02-21 11:20:00, Order 10552000426: state = 1 < 2, we can not finish the simulation
2022-02-21 22:24:47,632 [simulator_env.py | 87] INFO: **************************************************
2022-02-21 22:24:47,632 [simulator_env.py | 91] INFO: cur time: 2022-02-21 11:30:00, pre time: 2022-02-21 11:20:00
2022-02-21 22:24:47,633 [simulator_env.py | 147] INFO: Start to update the input of 2022-02-21 11:30:00
2022-02-21 22:24:47,668 [simulator_env.py | 175] INFO: Get 75 unallocated orders, 37 ongoing orders, 465 completed orders.
2022-02-21 22:24:50,172 [simulator_env.py | 100] INFO: Finish the dispatch.
2022-02-21 22:24:50,177 [simulator_env.py | 278] INFO: 2022-02-21 11:30:00, Order 11043400468: state = 1 < 2, we can not finish the simulation
2022-02-21 22:24:50,179 [simulator_env.py | 87] INFO: **************************************************
2022-02-21 22:24:50,179 [simulator_env.py | 91] INFO: cur time: 2022-02-21 11:40:00, pre time: 2022-02-21 11:30:00
2022-02-21 22:24:50,179 [simulator_env.py | 147] INFO: Start to update the input of 2022-02-21 11:40:00
2022-02-21 22:24:50,219 [simulator_env.py | 175] INFO: Get 62 unallocated orders, 48 ongoing orders, 502 completed orders.
2022-02-21 22:24:52,812 [simulator_env.py | 100] INFO: Finish the dispatch.
2022-02-21 22:24:52,820 [simulator_env.py | 278] INFO: 2022-02-21 11:40:00, Order 11163500521: state = 1 < 2, we can not finish the simulation
2022-02-21 22:24:52,823 [simulator_env.py | 87] INFO: **************************************************
2022-02-21 22:24:52,823 [simulator_env.py | 91] INFO: cur time: 2022-02-21 11:50:00, pre time: 2022-02-21 11:40:00
2022-02-21 22:24:52,824 [simulator_env.py | 147] INFO: Start to update the input of 2022-02-21 11:50:00
2022-02-21 22:24:52,862 [simulator_env.py | 175] INFO: Get 61 unallocated orders, 36 ongoing orders, 549 completed orders.
2022-02-21 22:24:55,429 [simulator_env.py | 100] INFO: Finish the dispatch.
2022-02-21 22:24:55,432 [simulator_env.py | 278] INFO: 2022-02-21 11:50:00, Order 11263200561: state = 1 < 2, we can not finish the simulation
2022-02-21 22:24:55,434 [simulator_env.py | 87] INFO: **************************************************
2022-02-21 22:24:55,434 [simulator_env.py | 91] INFO: cur time: 2022-02-21 12:00:00, pre time: 2022-02-21 11:50:00
2022-02-21 22:24:55,434 [simulator_env.py | 147] INFO: Start to update the input of 2022-02-21 12:00:00
2022-02-21 22:24:55,457 [simulator_env.py | 175] INFO: Get 65 unallocated orders, 27 ongoing orders, 593 completed orders.
2022-02-21 22:24:58,316 [simulator_env.py | 100] INFO: Finish the dispatch.
2022-02-21 22:24:58,320 [simulator_env.py | 278] INFO: 2022-02-21 12:00:00, Order 11393000608: state = 1 < 2, we can not finish the simulation
2022-02-21 22:24:58,322 [simulator_env.py | 87] INFO: **************************************************
2022-02-21 22:24:58,324 [simulator_env.py | 91] INFO: cur time: 2022-02-21 12:10:00, pre time: 2022-02-21 12:00:00
2022-02-21 22:24:58,324 [simulator_env.py | 147] INFO: Start to update the input of 2022-02-21 12:10:00
2022-02-21 22:24:58,346 [simulator_env.py | 175] INFO: Get 46 unallocated orders, 34 ongoing orders, 630 completed orders.
2022-02-21 22:25:00,789 [simulator_env.py | 100] INFO: Finish the dispatch.
2022-02-21 22:25:00,793 [simulator_env.py | 278] INFO: 2022-02-21 12:10:00, Order 11460800630: state = 1 < 2, we can not finish the simulation
2022-02-21 22:25:00,795 [simulator_env.py | 87] INFO: **************************************************
2022-02-21 22:25:00,795 [simulator_env.py | 91] INFO: cur time: 2022-02-21 12:20:00, pre time: 2022-02-21 12:10:00
2022-02-21 22:25:00,795 [simulator_env.py | 147] INFO: Start to update the input of 2022-02-21 12:20:00
2022-02-21 22:25:00,810 [simulator_env.py | 175] INFO: Get 39 unallocated orders, 27 ongoing orders, 670 completed orders.
2022-02-21 22:25:03,690 [simulator_env.py | 100] INFO: Finish the dispatch.
2022-02-21 22:25:03,694 [simulator_env.py | 278] INFO: 2022-02-21 12:20:00, Order 12031500690: state = 1 < 2, we can not finish the simulation
2022-02-21 22:25:03,695 [simulator_env.py | 87] INFO: **************************************************
2022-02-21 22:25:03,696 [simulator_env.py | 91] INFO: cur time: 2022-02-21 12:30:00, pre time: 2022-02-21 12:20:00
2022-02-21 22:25:03,696 [simulator_env.py | 147] INFO: Start to update the input of 2022-02-21 12:30:00
2022-02-21 22:25:03,707 [simulator_env.py | 175] INFO: Get 30 unallocated orders, 30 ongoing orders, 702 completed orders.
2022-02-21 22:25:06,192 [simulator_env.py | 100] INFO: Finish the dispatch.
2022-02-21 22:25:06,196 [simulator_env.py | 278] INFO: 2022-02-21 12:30:00, Order 12170800727: state = 1 < 2, we can not finish the simulation
2022-02-21 22:25:06,197 [simulator_env.py | 87] INFO: **************************************************
2022-02-21 22:25:06,197 [simulator_env.py | 91] INFO: cur time: 2022-02-21 12:40:00, pre time: 2022-02-21 12:30:00
2022-02-21 22:25:06,197 [simulator_env.py | 147] INFO: Start to update the input of 2022-02-21 12:40:00
2022-02-21 22:25:06,210 [simulator_env.py | 175] INFO: Get 19 unallocated orders, 24 ongoing orders, 734 completed orders.
2022-02-21 22:25:08,239 [simulator_env.py | 100] INFO: Finish the dispatch.
2022-02-21 22:25:08,243 [simulator_env.py | 278] INFO: 2022-02-21 12:40:00, Order 12245200743: state = 1 < 2, we can not finish the simulation
2022-02-21 22:25:08,244 [simulator_env.py | 87] INFO: **************************************************
2022-02-21 22:25:08,244 [simulator_env.py | 91] INFO: cur time: 2022-02-21 12:50:00, pre time: 2022-02-21 12:40:00
2022-02-21 22:25:08,244 [simulator_env.py | 147] INFO: Start to update the input of 2022-02-21 12:50:00
2022-02-21 22:25:08,254 [simulator_env.py | 175] INFO: Get 19 unallocated orders, 12 ongoing orders, 765 completed orders.
2022-02-21 22:25:10,104 [simulator_env.py | 100] INFO: Finish the dispatch.
2022-02-21 22:25:10,107 [simulator_env.py | 278] INFO: 2022-02-21 12:50:00, Order 12400400777: state = 1 < 2, we can not finish the simulation
2022-02-21 22:25:10,108 [simulator_env.py | 87] INFO: **************************************************
2022-02-21 22:25:10,108 [simulator_env.py | 91] INFO: cur time: 2022-02-21 13:00:00, pre time: 2022-02-21 12:50:00
2022-02-21 22:25:10,108 [simulator_env.py | 147] INFO: Start to update the input of 2022-02-21 13:00:00
2022-02-21 22:25:10,115 [simulator_env.py | 175] INFO: Get 22 unallocated orders, 13 ongoing orders, 783 completed orders.
2022-02-21 22:25:11,900 [simulator_env.py | 100] INFO: Finish the dispatch.
2022-02-21 22:25:11,903 [simulator_env.py | 278] INFO: 2022-02-21 13:00:00, Order 12504900796: state = 1 < 2, we can not finish the simulation
2022-02-21 22:25:11,904 [simulator_env.py | 87] INFO: **************************************************
2022-02-21 22:25:11,904 [simulator_env.py | 91] INFO: cur time: 2022-02-21 13:10:00, pre time: 2022-02-21 13:00:00
2022-02-21 22:25:11,904 [simulator_env.py | 147] INFO: Start to update the input of 2022-02-21 13:10:00
2022-02-21 22:25:11,914 [simulator_env.py | 175] INFO: Get 17 unallocated orders, 16 ongoing orders, 802 completed orders.
2022-02-21 22:25:13,670 [simulator_env.py | 100] INFO: Finish the dispatch.
2022-02-21 22:25:13,674 [simulator_env.py | 278] INFO: 2022-02-21 13:10:00, Order 13000400818: state = 1 < 2, we can not finish the simulation
2022-02-21 22:25:13,674 [simulator_env.py | 87] INFO: **************************************************
2022-02-21 22:25:13,675 [simulator_env.py | 91] INFO: cur time: 2022-02-21 13:20:00, pre time: 2022-02-21 13:10:00
2022-02-21 22:25:13,675 [simulator_env.py | 147] INFO: Start to update the input of 2022-02-21 13:20:00
2022-02-21 22:25:13,684 [simulator_env.py | 175] INFO: Get 16 unallocated orders, 12 ongoing orders, 822 completed orders.
2022-02-21 22:25:15,598 [simulator_env.py | 100] INFO: Finish the dispatch.
2022-02-21 22:25:15,601 [simulator_env.py | 278] INFO: 2022-02-21 13:20:00, Order 13075200830: state = 1 < 2, we can not finish the simulation
2022-02-21 22:25:15,602 [simulator_env.py | 87] INFO: **************************************************
2022-02-21 22:25:15,602 [simulator_env.py | 91] INFO: cur time: 2022-02-21 13:30:00, pre time: 2022-02-21 13:20:00
2022-02-21 22:25:15,602 [simulator_env.py | 147] INFO: Start to update the input of 2022-02-21 13:30:00
2022-02-21 22:25:15,609 [simulator_env.py | 175] INFO: Get 16 unallocated orders, 10 ongoing orders, 840 completed orders.
2022-02-21 22:25:17,367 [simulator_env.py | 100] INFO: Finish the dispatch.
2022-02-21 22:25:17,369 [simulator_env.py | 278] INFO: 2022-02-21 13:30:00, Order 13201600850: state = 1 < 2, we can not finish the simulation
2022-02-21 22:25:17,369 [simulator_env.py | 87] INFO: **************************************************
2022-02-21 22:25:17,369 [simulator_env.py | 91] INFO: cur time: 2022-02-21 13:40:00, pre time: 2022-02-21 13:30:00
2022-02-21 22:25:17,370 [simulator_env.py | 147] INFO: Start to update the input of 2022-02-21 13:40:00
2022-02-21 22:25:17,376 [simulator_env.py | 175] INFO: Get 17 unallocated orders, 11 ongoing orders, 853 completed orders.
2022-02-21 22:25:19,263 [simulator_env.py | 100] INFO: Finish the dispatch.
2022-02-21 22:25:19,266 [simulator_env.py | 278] INFO: 2022-02-21 13:40:00, Order 13201600850: state = 1 < 2, we can not finish the simulation
2022-02-21 22:25:19,267 [simulator_env.py | 87] INFO: **************************************************
2022-02-21 22:25:19,267 [simulator_env.py | 91] INFO: cur time: 2022-02-21 13:50:00, pre time: 2022-02-21 13:40:00
2022-02-21 22:25:19,267 [simulator_env.py | 147] INFO: Start to update the input of 2022-02-21 13:50:00
2022-02-21 22:25:19,276 [simulator_env.py | 175] INFO: Get 13 unallocated orders, 12 ongoing orders, 869 completed orders.
2022-02-21 22:25:21,226 [simulator_env.py | 100] INFO: Finish the dispatch.
2022-02-21 22:25:21,228 [simulator_env.py | 278] INFO: 2022-02-21 13:50:00, Order 13402500881: state = 1 < 2, we can not finish the simulation
2022-02-21 22:25:21,229 [simulator_env.py | 87] INFO: **************************************************
2022-02-21 22:25:21,229 [simulator_env.py | 91] INFO: cur time: 2022-02-21 14:00:00, pre time: 2022-02-21 13:50:00
2022-02-21 22:25:21,229 [simulator_env.py | 147] INFO: Start to update the input of 2022-02-21 14:00:00
2022-02-21 22:25:21,237 [simulator_env.py | 175] INFO: Get 9 unallocated orders, 9 ongoing orders, 885 completed orders.
2022-02-21 22:25:23,011 [simulator_env.py | 100] INFO: Finish the dispatch.
2022-02-21 22:25:23,014 [simulator_env.py | 278] INFO: 2022-02-21 14:00:00, Order 13525100894: state = 1 < 2, we can not finish the simulation
2022-02-21 22:25:23,015 [simulator_env.py | 87] INFO: **************************************************
2022-02-21 22:25:23,015 [simulator_env.py | 91] INFO: cur time: 2022-02-21 14:10:00, pre time: 2022-02-21 14:00:00
2022-02-21 22:25:23,015 [simulator_env.py | 147] INFO: Start to update the input of 2022-02-21 14:10:00
2022-02-21 22:25:23,021 [simulator_env.py | 175] INFO: Get 17 unallocated orders, 8 ongoing orders, 895 completed orders.
2022-02-21 22:25:24,871 [simulator_env.py | 100] INFO: Finish the dispatch.
2022-02-21 22:25:24,873 [simulator_env.py | 278] INFO: 2022-02-21 14:10:00, Order 14000300903: state = 1 < 2, we can not finish the simulation
2022-02-21 22:25:24,873 [simulator_env.py | 87] INFO: **************************************************
2022-02-21 22:25:24,874 [simulator_env.py | 91] INFO: cur time: 2022-02-21 14:20:00, pre time: 2022-02-21 14:10:00
2022-02-21 22:25:24,874 [simulator_env.py | 147] INFO: Start to update the input of 2022-02-21 14:20:00
2022-02-21 22:25:24,881 [simulator_env.py | 175] INFO: Get 18 unallocated orders, 13 ongoing orders, 907 completed orders.
2022-02-21 22:25:26,748 [simulator_env.py | 100] INFO: Finish the dispatch.
2022-02-21 22:25:26,751 [simulator_env.py | 278] INFO: 2022-02-21 14:20:00, Order 14101100920: state = 1 < 2, we can not finish the simulation
2022-02-21 22:25:26,752 [simulator_env.py | 87] INFO: **************************************************
2022-02-21 22:25:26,753 [simulator_env.py | 91] INFO: cur time: 2022-02-21 14:30:00, pre time: 2022-02-21 14:20:00
2022-02-21 22:25:26,753 [simulator_env.py | 147] INFO: Start to update the input of 2022-02-21 14:30:00
2022-02-21 22:25:26,763 [simulator_env.py | 175] INFO: Get 15 unallocated orders, 16 ongoing orders, 922 completed orders.
2022-02-21 22:25:28,576 [simulator_env.py | 100] INFO: Finish the dispatch.
2022-02-21 22:25:28,579 [simulator_env.py | 278] INFO: 2022-02-21 14:30:00, Order 14201100938: state = 1 < 2, we can not finish the simulation
2022-02-21 22:25:28,580 [simulator_env.py | 87] INFO: **************************************************
2022-02-21 22:25:28,580 [simulator_env.py | 91] INFO: cur time: 2022-02-21 14:40:00, pre time: 2022-02-21 14:30:00
2022-02-21 22:25:28,581 [simulator_env.py | 147] INFO: Start to update the input of 2022-02-21 14:40:00
2022-02-21 22:25:28,587 [simulator_env.py | 175] INFO: Get 12 unallocated orders, 10 ongoing orders, 943 completed orders.
2022-02-21 22:25:30,399 [simulator_env.py | 100] INFO: Finish the dispatch.
2022-02-21 22:25:30,401 [simulator_env.py | 278] INFO: 2022-02-21 14:40:00, Order 14311100953: state = 1 < 2, we can not finish the simulation
2022-02-21 22:25:30,402 [simulator_env.py | 87] INFO: **************************************************
2022-02-21 22:25:30,403 [simulator_env.py | 91] INFO: cur time: 2022-02-21 14:50:00, pre time: 2022-02-21 14:40:00
2022-02-21 22:25:30,403 [simulator_env.py | 147] INFO: Start to update the input of 2022-02-21 14:50:00
2022-02-21 22:25:30,408 [simulator_env.py | 175] INFO: Get 15 unallocated orders, 7 ongoing orders, 958 completed orders.
2022-02-21 22:25:32,182 [simulator_env.py | 100] INFO: Finish the dispatch.
2022-02-21 22:25:32,185 [simulator_env.py | 278] INFO: 2022-02-21 14:50:00, Order 14403500965: state = 1 < 2, we can not finish the simulation
2022-02-21 22:25:32,185 [simulator_env.py | 87] INFO: **************************************************
2022-02-21 22:25:32,185 [simulator_env.py | 91] INFO: cur time: 2022-02-21 15:00:00, pre time: 2022-02-21 14:50:00
2022-02-21 22:25:32,185 [simulator_env.py | 147] INFO: Start to update the input of 2022-02-21 15:00:00
2022-02-21 22:25:32,192 [simulator_env.py | 175] INFO: Get 15 unallocated orders, 12 ongoing orders, 968 completed orders.
2022-02-21 22:25:34,010 [simulator_env.py | 100] INFO: Finish the dispatch.
2022-02-21 22:25:34,014 [simulator_env.py | 278] INFO: 2022-02-21 15:00:00, Order 14503400980: state = 1 < 2, we can not finish the simulation
2022-02-21 22:25:34,014 [simulator_env.py | 87] INFO: **************************************************
2022-02-21 22:25:34,015 [simulator_env.py | 91] INFO: cur time: 2022-02-21 15:10:00, pre time: 2022-02-21 15:00:00
2022-02-21 22:25:34,015 [simulator_env.py | 147] INFO: Start to update the input of 2022-02-21 15:10:00
2022-02-21 22:25:34,021 [simulator_env.py | 175] INFO: Get 0 unallocated orders, 15 ongoing orders, 980 completed orders.
2022-02-21 22:25:36,215 [simulator_env.py | 100] INFO: Finish the dispatch.
2022-02-21 22:25:36,217 [simulator_env.py | 281] INFO: 2022-02-21 15:10:00, the status of all orders is greater than 1, we could finish the simulation
2022-02-21 22:25:36,220 [simulator_env.py | 124] INFO: finished the left ongoing orders
2022-02-21 22:25:36,222 [evaluator.py    | 116] INFO: Traveling Distance of driver D_1 is  125.190, visited node list: 43
2022-02-21 22:25:36,224 [evaluator.py    | 116] INFO: Traveling Distance of driver D_2 is  127.640, visited node list: 50
2022-02-21 22:25:36,225 [evaluator.py    | 116] INFO: Traveling Distance of driver D_3 is  116.610, visited node list: 42
2022-02-21 22:25:36,227 [evaluator.py    | 116] INFO: Traveling Distance of driver D_4 is  127.330, visited node list: 48
2022-02-21 22:25:36,228 [evaluator.py    | 116] INFO: Traveling Distance of driver D_5 is  131.850, visited node list: 46
2022-02-21 22:25:36,229 [evaluator.py    | 116] INFO: Traveling Distance of driver D_6 is  133.100, visited node list: 39
2022-02-21 22:25:36,230 [evaluator.py    | 116] INFO: Traveling Distance of driver D_7 is  127.260, visited node list: 56
2022-02-21 22:25:36,231 [evaluator.py    | 116] INFO: Traveling Distance of driver D_8 is  129.240, visited node list: 46
2022-02-21 22:25:36,232 [evaluator.py    | 116] INFO: Traveling Distance of driver D_9 is  128.720, visited node list: 47
2022-02-21 22:25:36,233 [evaluator.py    | 116] INFO: Traveling Distance of driver D_10 is  128.650, visited node list: 44
2022-02-21 22:25:36,234 [evaluator.py    | 116] INFO: Traveling Distance of driver D_11 is  121.000, visited node list: 44
2022-02-21 22:25:36,235 [evaluator.py    | 116] INFO: Traveling Distance of driver D_12 is  123.300, visited node list: 43
2022-02-21 22:25:36,236 [evaluator.py    | 116] INFO: Traveling Distance of driver D_13 is  131.150, visited node list: 44
2022-02-21 22:25:36,237 [evaluator.py    | 116] INFO: Traveling Distance of driver D_14 is  124.270, visited node list: 49
2022-02-21 22:25:36,238 [evaluator.py    | 116] INFO: Traveling Distance of driver D_15 is  126.710, visited node list: 46
2022-02-21 22:25:36,239 [evaluator.py    | 116] INFO: Traveling Distance of driver D_16 is  126.560, visited node list: 37
2022-02-21 22:25:36,240 [evaluator.py    | 116] INFO: Traveling Distance of driver D_17 is  129.020, visited node list: 43
2022-02-21 22:25:36,241 [evaluator.py    | 116] INFO: Traveling Distance of driver D_18 is  133.660, visited node list: 50
2022-02-21 22:25:36,242 [evaluator.py    | 116] INFO: Traveling Distance of driver D_19 is  127.200, visited node list: 45
2022-02-21 22:25:36,243 [evaluator.py    | 116] INFO: Traveling Distance of driver D_20 is  137.430, visited node list: 46
2022-02-21 22:25:36,243 [evaluator.py    | 116] INFO: Traveling Distance of driver D_21 is  137.790, visited node list: 41
2022-02-21 22:25:36,244 [evaluator.py    | 116] INFO: Traveling Distance of driver D_22 is  115.490, visited node list: 41
2022-02-21 22:25:36,245 [evaluator.py    | 116] INFO: Traveling Distance of driver D_23 is  115.000, visited node list: 43
2022-02-21 22:25:36,245 [evaluator.py    | 116] INFO: Traveling Distance of driver D_24 is  106.830, visited node list: 35
2022-02-21 22:25:36,246 [evaluator.py    | 116] INFO: Traveling Distance of driver D_25 is  117.190, visited node list: 41
2022-02-21 22:25:36,247 [evaluator.py    | 116] INFO: Traveling Distance of driver D_26 is  105.710, visited node list: 41
2022-02-21 22:25:36,247 [evaluator.py    | 116] INFO: Traveling Distance of driver D_27 is  111.250, visited node list: 38
2022-02-21 22:25:36,248 [evaluator.py    | 116] INFO: Traveling Distance of driver D_28 is  104.370, visited node list: 36
2022-02-21 22:25:36,249 [evaluator.py    | 116] INFO: Traveling Distance of driver D_29 is  110.800, visited node list: 42
2022-02-21 22:25:36,249 [evaluator.py    | 116] INFO: Traveling Distance of driver D_30 is  102.710, visited node list: 34
2022-02-21 22:25:36,250 [evaluator.py    | 116] INFO: Traveling Distance of driver D_31 is  110.860, visited node list: 37
2022-02-21 22:25:36,250 [evaluator.py    | 116] INFO: Traveling Distance of driver D_32 is  95.930, visited node list: 33
2022-02-21 22:25:36,252 [evaluator.py    | 116] INFO: Traveling Distance of driver D_33 is  106.160, visited node list: 37
2022-02-21 22:25:36,252 [evaluator.py    | 116] INFO: Traveling Distance of driver D_34 is  84.110, visited node list: 31
2022-02-21 22:25:36,253 [evaluator.py    | 116] INFO: Traveling Distance of driver D_35 is  100.850, visited node list: 34
2022-02-21 22:25:36,253 [evaluator.py    | 116] INFO: Traveling Distance of driver D_36 is  82.960, visited node list: 29
2022-02-21 22:25:36,253 [evaluator.py    | 116] INFO: Traveling Distance of driver D_37 is  75.880, visited node list: 30
2022-02-21 22:25:36,255 [evaluator.py    | 116] INFO: Traveling Distance of driver D_38 is  74.220, visited node list: 26
2022-02-21 22:25:36,256 [evaluator.py    | 116] INFO: Traveling Distance of driver D_39 is  91.170, visited node list: 31
2022-02-21 22:25:36,257 [evaluator.py    | 116] INFO: Traveling Distance of driver D_40 is  91.090, visited node list: 28
2022-02-21 22:25:36,257 [evaluator.py    | 116] INFO: Traveling Distance of driver D_41 is  71.840, visited node list: 26
2022-02-21 22:25:36,257 [evaluator.py    | 116] INFO: Traveling Distance of driver D_42 is  69.360, visited node list: 26
2022-02-21 22:25:36,258 [evaluator.py    | 116] INFO: Traveling Distance of driver D_43 is  68.670, visited node list: 24
2022-02-21 22:25:36,258 [evaluator.py    | 116] INFO: Traveling Distance of driver D_44 is  77.080, visited node list: 23
2022-02-21 22:25:36,259 [evaluator.py    | 116] INFO: Traveling Distance of driver D_45 is  77.050, visited node list: 27
2022-02-21 22:25:36,259 [evaluator.py    | 116] INFO: Traveling Distance of driver D_46 is  70.140, visited node list: 26
2022-02-21 22:25:36,259 [evaluator.py    | 116] INFO: Traveling Distance of driver D_47 is  65.590, visited node list: 27
2022-02-21 22:25:36,260 [evaluator.py    | 116] INFO: Traveling Distance of driver D_48 is  69.710, visited node list: 25
2022-02-21 22:25:36,260 [evaluator.py    | 116] INFO: Traveling Distance of driver D_49 is  67.550, visited node list: 25
2022-02-21 22:25:36,260 [evaluator.py    | 116] INFO: Traveling Distance of driver D_50 is  60.680, visited node list: 24
2022-02-21 22:25:36,261 [evaluator.py    | 116] INFO: Traveling Distance of driver D_51 is  68.690, visited node list: 23
2022-02-21 22:25:36,262 [evaluator.py    | 116] INFO: Traveling Distance of driver D_52 is  62.200, visited node list: 21
2022-02-21 22:25:36,263 [evaluator.py    | 116] INFO: Traveling Distance of driver D_53 is  66.130, visited node list: 20
2022-02-21 22:25:36,263 [evaluator.py    | 116] INFO: Traveling Distance of driver D_54 is  54.740, visited node list: 21
2022-02-21 22:25:36,264 [evaluator.py    | 116] INFO: Traveling Distance of driver D_55 is  68.120, visited node list: 24
2022-02-21 22:25:36,264 [evaluator.py    | 18] INFO: Total distance:  5613.810
2022-02-21 22:25:36,342 [evaluator.py    | 22] INFO: Sum over time:  11710.000
2022-02-21 22:25:36,342 [evaluator.py    | 26] INFO: Total score:  32629.847
2022-02-21 22:25:36,481 [main.py         | 43] INFO: Score of instance_34: 32629.84705050505
