2022-02-21 23:16:10,769 [main.py         | 38] INFO: Start to run /Users/yangjingfeng/Library/CloudStorage/OneDrive-Personal/Public/PhD Study/Papers/Food_Delivery/Code/Food_delivery_simulator/Benchmark/Instance_small_2: instance_56
2022-02-21 23:16:10,770 [simulator_api.py | 43] INFO: Start time of the simulator: 2022-02-21 09:00:00, time interval:  600.00
2022-02-21 23:16:11,193 [input_utils.py  | 35] INFO: Get 2165 locations
2022-02-21 23:16:11,254 [input_utils.py  | 39] INFO: Get 110 drivers
2022-02-21 23:16:11,749 [input_utils.py  | 43] INFO: Get 1103 orders
2022-02-21 23:16:11,750 [simulator_api.py | 75] INFO: Initial position of D_1 is Lorong 8 Toa Payoh Hawker Centre
2022-02-21 23:16:11,751 [simulator_api.py | 75] INFO: Initial position of D_2 is Lorong 8 Toa Payoh Hawker Centre
2022-02-21 23:16:11,752 [simulator_api.py | 75] INFO: Initial position of D_3 is Old Airport Road Food Centre
2022-02-21 23:16:11,752 [simulator_api.py | 75] INFO: Initial position of D_4 is Bedok Interchange Hawker Centre
2022-02-21 23:16:11,753 [simulator_api.py | 75] INFO: Initial position of D_5 is Chomp Chomp
2022-02-21 23:16:11,754 [simulator_api.py | 75] INFO: Initial position of D_6 is Lorong 8 Toa Payoh Hawker Centre
2022-02-21 23:16:11,754 [simulator_api.py | 75] INFO: Initial position of D_7 is Lorong 8 Toa Payoh Hawker Centre
2022-02-21 23:16:11,755 [simulator_api.py | 75] INFO: Initial position of D_8 is Bedok Interchange Hawker Centre
2022-02-21 23:16:11,755 [simulator_api.py | 75] INFO: Initial position of D_9 is Lorong 8 Toa Payoh Hawker Centre
2022-02-21 23:16:11,755 [simulator_api.py | 75] INFO: Initial position of D_10 is Bedok Interchange Hawker Centre
2022-02-21 23:16:11,757 [simulator_api.py | 75] INFO: Initial position of D_11 is Chomp Chomp
2022-02-21 23:16:11,757 [simulator_api.py | 75] INFO: Initial position of D_12 is Kovan Food Centre (209 Hougang Street 21)
2022-02-21 23:16:11,758 [simulator_api.py | 75] INFO: Initial position of D_13 is Chomp Chomp
2022-02-21 23:16:11,758 [simulator_api.py | 75] INFO: Initial position of D_14 is Kovan Food Centre (209 Hougang Street 21)
2022-02-21 23:16:11,759 [simulator_api.py | 75] INFO: Initial position of D_15 is Bedok Interchange Hawker Centre
2022-02-21 23:16:11,759 [simulator_api.py | 75] INFO: Initial position of D_16 is Kovan Food Centre (209 Hougang Street 21)
2022-02-21 23:16:11,760 [simulator_api.py | 75] INFO: Initial position of D_17 is Old Airport Road Food Centre
2022-02-21 23:16:11,761 [simulator_api.py | 75] INFO: Initial position of D_18 is Chomp Chomp
2022-02-21 23:16:11,761 [simulator_api.py | 75] INFO: Initial position of D_19 is Bedok Interchange Hawker Centre
2022-02-21 23:16:11,763 [simulator_api.py | 75] INFO: Initial position of D_20 is Chomp Chomp
2022-02-21 23:16:11,765 [simulator_api.py | 75] INFO: Initial position of D_21 is Breadtalk Ihq, 30 Tai Seng St, Singapore 534013, Singapore
2022-02-21 23:16:11,765 [simulator_api.py | 75] INFO: Initial position of D_22 is Chomp Chomp
2022-02-21 23:16:11,766 [simulator_api.py | 75] INFO: Initial position of D_23 is Kovan Food Centre (209 Hougang Street 21)
2022-02-21 23:16:11,767 [simulator_api.py | 75] INFO: Initial position of D_24 is Bedok Interchange Hawker Centre
2022-02-21 23:16:11,767 [simulator_api.py | 75] INFO: Initial position of D_25 is Old Airport Road Food Centre
2022-02-21 23:16:11,768 [simulator_api.py | 75] INFO: Initial position of D_26 is Breadtalk Ihq, 30 Tai Seng St, Singapore 534013, Singapore
2022-02-21 23:16:11,768 [simulator_api.py | 75] INFO: Initial position of D_27 is Old Airport Road Food Centre
2022-02-21 23:16:11,769 [simulator_api.py | 75] INFO: Initial position of D_28 is Breadtalk Ihq, 30 Tai Seng St, Singapore 534013, Singapore
2022-02-21 23:16:11,770 [simulator_api.py | 75] INFO: Initial position of D_29 is Bedok Interchange Hawker Centre
2022-02-21 23:16:11,770 [simulator_api.py | 75] INFO: Initial position of D_30 is Lorong 8 Toa Payoh Hawker Centre
2022-02-21 23:16:11,772 [simulator_api.py | 75] INFO: Initial position of D_31 is Chomp Chomp
2022-02-21 23:16:11,773 [simulator_api.py | 75] INFO: Initial position of D_32 is Old Airport Road Food Centre
2022-02-21 23:16:11,774 [simulator_api.py | 75] INFO: Initial position of D_33 is Bedok Interchange Hawker Centre
2022-02-21 23:16:11,774 [simulator_api.py | 75] INFO: Initial position of D_34 is Lorong 8 Toa Payoh Hawker Centre
2022-02-21 23:16:11,777 [simulator_api.py | 75] INFO: Initial position of D_35 is Bedok Interchange Hawker Centre
2022-02-21 23:16:11,778 [simulator_api.py | 75] INFO: Initial position of D_36 is Chomp Chomp
2022-02-21 23:16:11,779 [simulator_api.py | 75] INFO: Initial position of D_37 is Breadtalk Ihq, 30 Tai Seng St, Singapore 534013, Singapore
2022-02-21 23:16:11,780 [simulator_api.py | 75] INFO: Initial position of D_38 is Kovan Food Centre (209 Hougang Street 21)
2022-02-21 23:16:11,781 [simulator_api.py | 75] INFO: Initial position of D_39 is Chomp Chomp
2022-02-21 23:16:11,782 [simulator_api.py | 75] INFO: Initial position of D_40 is Lorong 8 Toa Payoh Hawker Centre
2022-02-21 23:16:11,783 [simulator_api.py | 75] INFO: Initial position of D_41 is Lorong 8 Toa Payoh Hawker Centre
2022-02-21 23:16:11,784 [simulator_api.py | 75] INFO: Initial position of D_42 is Chomp Chomp
2022-02-21 23:16:11,785 [simulator_api.py | 75] INFO: Initial position of D_43 is Bedok Interchange Hawker Centre
2022-02-21 23:16:11,785 [simulator_api.py | 75] INFO: Initial position of D_44 is Old Airport Road Food Centre
2022-02-21 23:16:11,786 [simulator_api.py | 75] INFO: Initial position of D_45 is Chomp Chomp
2022-02-21 23:16:11,787 [simulator_api.py | 75] INFO: Initial position of D_46 is Old Airport Road Food Centre
2022-02-21 23:16:11,788 [simulator_api.py | 75] INFO: Initial position of D_47 is Old Airport Road Food Centre
2022-02-21 23:16:11,789 [simulator_api.py | 75] INFO: Initial position of D_48 is Breadtalk Ihq, 30 Tai Seng St, Singapore 534013, Singapore
2022-02-21 23:16:11,791 [simulator_api.py | 75] INFO: Initial position of D_49 is Lorong 8 Toa Payoh Hawker Centre
2022-02-21 23:16:11,792 [simulator_api.py | 75] INFO: Initial position of D_50 is Breadtalk Ihq, 30 Tai Seng St, Singapore 534013, Singapore
2022-02-21 23:16:11,793 [simulator_api.py | 75] INFO: Initial position of D_51 is Breadtalk Ihq, 30 Tai Seng St, Singapore 534013, Singapore
2022-02-21 23:16:11,793 [simulator_api.py | 75] INFO: Initial position of D_52 is Breadtalk Ihq, 30 Tai Seng St, Singapore 534013, Singapore
2022-02-21 23:16:11,794 [simulator_api.py | 75] INFO: Initial position of D_53 is Old Airport Road Food Centre
2022-02-21 23:16:11,794 [simulator_api.py | 75] INFO: Initial position of D_54 is Chomp Chomp
2022-02-21 23:16:11,796 [simulator_api.py | 75] INFO: Initial position of D_55 is Lorong 8 Toa Payoh Hawker Centre
2022-02-21 23:16:11,797 [simulator_api.py | 75] INFO: Initial position of D_56 is Bedok Interchange Hawker Centre
2022-02-21 23:16:11,798 [simulator_api.py | 75] INFO: Initial position of D_57 is Kovan Food Centre (209 Hougang Street 21)
2022-02-21 23:16:11,799 [simulator_api.py | 75] INFO: Initial position of D_58 is Breadtalk Ihq, 30 Tai Seng St, Singapore 534013, Singapore
2022-02-21 23:16:11,801 [simulator_api.py | 75] INFO: Initial position of D_59 is Bedok Interchange Hawker Centre
2022-02-21 23:16:11,801 [simulator_api.py | 75] INFO: Initial position of D_60 is Breadtalk Ihq, 30 Tai Seng St, Singapore 534013, Singapore
2022-02-21 23:16:11,803 [simulator_api.py | 75] INFO: Initial position of D_61 is Old Airport Road Food Centre
2022-02-21 23:16:11,803 [simulator_api.py | 75] INFO: Initial position of D_62 is Kovan Food Centre (209 Hougang Street 21)
2022-02-21 23:16:11,804 [simulator_api.py | 75] INFO: Initial position of D_63 is Chomp Chomp
2022-02-21 23:16:11,805 [simulator_api.py | 75] INFO: Initial position of D_64 is Kovan Food Centre (209 Hougang Street 21)
2022-02-21 23:16:11,806 [simulator_api.py | 75] INFO: Initial position of D_65 is Kovan Food Centre (209 Hougang Street 21)
2022-02-21 23:16:11,807 [simulator_api.py | 75] INFO: Initial position of D_66 is Kovan Food Centre (209 Hougang Street 21)
2022-02-21 23:16:11,808 [simulator_api.py | 75] INFO: Initial position of D_67 is Chomp Chomp
2022-02-21 23:16:11,808 [simulator_api.py | 75] INFO: Initial position of D_68 is Lorong 8 Toa Payoh Hawker Centre
2022-02-21 23:16:11,808 [simulator_api.py | 75] INFO: Initial position of D_69 is Old Airport Road Food Centre
2022-02-21 23:16:11,809 [simulator_api.py | 75] INFO: Initial position of D_70 is Old Airport Road Food Centre
2022-02-21 23:16:11,811 [simulator_api.py | 75] INFO: Initial position of D_71 is Bedok Interchange Hawker Centre
2022-02-21 23:16:11,811 [simulator_api.py | 75] INFO: Initial position of D_72 is Chomp Chomp
2022-02-21 23:16:11,811 [simulator_api.py | 75] INFO: Initial position of D_73 is Lorong 8 Toa Payoh Hawker Centre
2022-02-21 23:16:11,811 [simulator_api.py | 75] INFO: Initial position of D_74 is Old Airport Road Food Centre
2022-02-21 23:16:11,813 [simulator_api.py | 75] INFO: Initial position of D_75 is Bedok Interchange Hawker Centre
2022-02-21 23:16:11,813 [simulator_api.py | 75] INFO: Initial position of D_76 is Chomp Chomp
2022-02-21 23:16:11,813 [simulator_api.py | 75] INFO: Initial position of D_77 is Bedok Interchange Hawker Centre
2022-02-21 23:16:11,818 [simulator_api.py | 75] INFO: Initial position of D_78 is Breadtalk Ihq, 30 Tai Seng St, Singapore 534013, Singapore
2022-02-21 23:16:11,819 [simulator_api.py | 75] INFO: Initial position of D_79 is Old Airport Road Food Centre
2022-02-21 23:16:11,819 [simulator_api.py | 75] INFO: Initial position of D_80 is Chomp Chomp
2022-02-21 23:16:11,819 [simulator_api.py | 75] INFO: Initial position of D_81 is Bedok Interchange Hawker Centre
2022-02-21 23:16:11,819 [simulator_api.py | 75] INFO: Initial position of D_82 is Chomp Chomp
2022-02-21 23:16:11,819 [simulator_api.py | 75] INFO: Initial position of D_83 is Kovan Food Centre (209 Hougang Street 21)
2022-02-21 23:16:11,819 [simulator_api.py | 75] INFO: Initial position of D_84 is Chomp Chomp
2022-02-21 23:16:11,820 [simulator_api.py | 75] INFO: Initial position of D_85 is Chomp Chomp
2022-02-21 23:16:11,821 [simulator_api.py | 75] INFO: Initial position of D_86 is Chomp Chomp
2022-02-21 23:16:11,822 [simulator_api.py | 75] INFO: Initial position of D_87 is Bedok Interchange Hawker Centre
2022-02-21 23:16:11,822 [simulator_api.py | 75] INFO: Initial position of D_88 is Lorong 8 Toa Payoh Hawker Centre
2022-02-21 23:16:11,822 [simulator_api.py | 75] INFO: Initial position of D_89 is Old Airport Road Food Centre
2022-02-21 23:16:11,823 [simulator_api.py | 75] INFO: Initial position of D_90 is Chomp Chomp
2022-02-21 23:16:11,823 [simulator_api.py | 75] INFO: Initial position of D_91 is Lorong 8 Toa Payoh Hawker Centre
2022-02-21 23:16:11,823 [simulator_api.py | 75] INFO: Initial position of D_92 is Bedok Interchange Hawker Centre
2022-02-21 23:16:11,823 [simulator_api.py | 75] INFO: Initial position of D_93 is Chomp Chomp
2022-02-21 23:16:11,823 [simulator_api.py | 75] INFO: Initial position of D_94 is Kovan Food Centre (209 Hougang Street 21)
2022-02-21 23:16:11,823 [simulator_api.py | 75] INFO: Initial position of D_95 is Bedok Interchange Hawker Centre
2022-02-21 23:16:11,825 [simulator_api.py | 75] INFO: Initial position of D_96 is Kovan Food Centre (209 Hougang Street 21)
2022-02-21 23:16:11,825 [simulator_api.py | 75] INFO: Initial position of D_97 is Kovan Food Centre (209 Hougang Street 21)
2022-02-21 23:16:11,825 [simulator_api.py | 75] INFO: Initial position of D_98 is Kovan Food Centre (209 Hougang Street 21)
2022-02-21 23:16:11,826 [simulator_api.py | 75] INFO: Initial position of D_99 is Old Airport Road Food Centre
2022-02-21 23:16:11,826 [simulator_api.py | 75] INFO: Initial position of D_100 is Chomp Chomp
2022-02-21 23:16:11,826 [simulator_api.py | 75] INFO: Initial position of D_101 is Breadtalk Ihq, 30 Tai Seng St, Singapore 534013, Singapore
2022-02-21 23:16:11,826 [simulator_api.py | 75] INFO: Initial position of D_102 is Bedok Interchange Hawker Centre
2022-02-21 23:16:11,828 [simulator_api.py | 75] INFO: Initial position of D_103 is Lorong 8 Toa Payoh Hawker Centre
2022-02-21 23:16:11,828 [simulator_api.py | 75] INFO: Initial position of D_104 is Old Airport Road Food Centre
2022-02-21 23:16:11,829 [simulator_api.py | 75] INFO: Initial position of D_105 is Old Airport Road Food Centre
2022-02-21 23:16:11,829 [simulator_api.py | 75] INFO: Initial position of D_106 is Breadtalk Ihq, 30 Tai Seng St, Singapore 534013, Singapore
2022-02-21 23:16:11,829 [simulator_api.py | 75] INFO: Initial position of D_107 is Kovan Food Centre (209 Hougang Street 21)
2022-02-21 23:16:11,831 [simulator_api.py | 75] INFO: Initial position of D_108 is Kovan Food Centre (209 Hougang Street 21)
2022-02-21 23:16:11,832 [simulator_api.py | 75] INFO: Initial position of D_109 is Old Airport Road Food Centre
2022-02-21 23:16:11,832 [simulator_api.py | 75] INFO: Initial position of D_110 is Old Airport Road Food Centre
2022-02-21 23:16:11,847 [simulator_env.py | 87] INFO: **************************************************
2022-02-21 23:16:11,848 [simulator_env.py | 91] INFO: cur time: 2022-02-21 09:10:00, pre time: 2022-02-21 09:00:00
2022-02-21 23:16:11,848 [simulator_env.py | 147] INFO: Start to update the input of 2022-02-21 09:10:00
2022-02-21 23:16:11,852 [simulator_env.py | 175] INFO: Get 38 unallocated orders, 0 ongoing orders, 0 completed orders.
2022-02-21 23:16:13,617 [simulator_env.py | 100] INFO: Finish the dispatch.
2022-02-21 23:16:13,618 [simulator_env.py | 278] INFO: 2022-02-21 09:10:00, Order 09002400000: state = 1 < 2, we can not finish the simulation
2022-02-21 23:16:13,619 [simulator_env.py | 87] INFO: **************************************************
2022-02-21 23:16:13,619 [simulator_env.py | 91] INFO: cur time: 2022-02-21 09:20:00, pre time: 2022-02-21 09:10:00
2022-02-21 23:16:13,619 [simulator_env.py | 147] INFO: Start to update the input of 2022-02-21 09:20:00
2022-02-21 23:16:13,631 [simulator_env.py | 175] INFO: Get 34 unallocated orders, 20 ongoing orders, 18 completed orders.
2022-02-21 23:16:15,346 [simulator_env.py | 100] INFO: Finish the dispatch.
2022-02-21 23:16:15,349 [simulator_env.py | 278] INFO: 2022-02-21 09:20:00, Order 09100800038: state = 1 < 2, we can not finish the simulation
2022-02-21 23:16:15,351 [simulator_env.py | 87] INFO: **************************************************
2022-02-21 23:16:15,352 [simulator_env.py | 91] INFO: cur time: 2022-02-21 09:30:00, pre time: 2022-02-21 09:20:00
2022-02-21 23:16:15,352 [simulator_env.py | 147] INFO: Start to update the input of 2022-02-21 09:30:00
2022-02-21 23:16:15,364 [simulator_env.py | 175] INFO: Get 26 unallocated orders, 24 ongoing orders, 48 completed orders.
2022-02-21 23:16:17,175 [simulator_env.py | 100] INFO: Finish the dispatch.
2022-02-21 23:16:17,178 [simulator_env.py | 278] INFO: 2022-02-21 09:30:00, Order 09200200072: state = 1 < 2, we can not finish the simulation
2022-02-21 23:16:17,180 [simulator_env.py | 87] INFO: **************************************************
2022-02-21 23:16:17,180 [simulator_env.py | 91] INFO: cur time: 2022-02-21 09:40:00, pre time: 2022-02-21 09:30:00
2022-02-21 23:16:17,180 [simulator_env.py | 147] INFO: Start to update the input of 2022-02-21 09:40:00
2022-02-21 23:16:17,191 [simulator_env.py | 175] INFO: Get 35 unallocated orders, 18 ongoing orders, 80 completed orders.
2022-02-21 23:16:19,089 [simulator_env.py | 100] INFO: Finish the dispatch.
2022-02-21 23:16:19,093 [simulator_env.py | 278] INFO: 2022-02-21 09:40:00, Order 09310700098: state = 1 < 2, we can not finish the simulation
2022-02-21 23:16:19,095 [simulator_env.py | 87] INFO: **************************************************
2022-02-21 23:16:19,095 [simulator_env.py | 91] INFO: cur time: 2022-02-21 09:50:00, pre time: 2022-02-21 09:40:00
2022-02-21 23:16:19,095 [simulator_env.py | 147] INFO: Start to update the input of 2022-02-21 09:50:00
2022-02-21 23:16:19,108 [simulator_env.py | 175] INFO: Get 29 unallocated orders, 25 ongoing orders, 108 completed orders.
2022-02-21 23:16:20,710 [simulator_env.py | 100] INFO: Finish the dispatch.
2022-02-21 23:16:20,713 [simulator_env.py | 278] INFO: 2022-02-21 09:50:00, Order 09400500133: state = 1 < 2, we can not finish the simulation
2022-02-21 23:16:20,714 [simulator_env.py | 87] INFO: **************************************************
2022-02-21 23:16:20,715 [simulator_env.py | 91] INFO: cur time: 2022-02-21 10:00:00, pre time: 2022-02-21 09:50:00
2022-02-21 23:16:20,715 [simulator_env.py | 147] INFO: Start to update the input of 2022-02-21 10:00:00
2022-02-21 23:16:20,723 [simulator_env.py | 175] INFO: Get 49 unallocated orders, 21 ongoing orders, 141 completed orders.
2022-02-21 23:16:22,337 [simulator_env.py | 100] INFO: Finish the dispatch.
2022-02-21 23:16:22,340 [simulator_env.py | 278] INFO: 2022-02-21 10:00:00, Order 09500900162: state = 1 < 2, we can not finish the simulation
2022-02-21 23:16:22,341 [simulator_env.py | 87] INFO: **************************************************
2022-02-21 23:16:22,342 [simulator_env.py | 91] INFO: cur time: 2022-02-21 10:10:00, pre time: 2022-02-21 10:00:00
2022-02-21 23:16:22,342 [simulator_env.py | 147] INFO: Start to update the input of 2022-02-21 10:10:00
2022-02-21 23:16:22,354 [simulator_env.py | 175] INFO: Get 43 unallocated orders, 32 ongoing orders, 179 completed orders.
2022-02-21 23:16:24,329 [simulator_env.py | 100] INFO: Finish the dispatch.
2022-02-21 23:16:24,333 [simulator_env.py | 278] INFO: 2022-02-21 10:10:00, Order 10000900211: state = 1 < 2, we can not finish the simulation
2022-02-21 23:16:24,335 [simulator_env.py | 87] INFO: **************************************************
2022-02-21 23:16:24,336 [simulator_env.py | 91] INFO: cur time: 2022-02-21 10:20:00, pre time: 2022-02-21 10:10:00
2022-02-21 23:16:24,336 [simulator_env.py | 147] INFO: Start to update the input of 2022-02-21 10:20:00
2022-02-21 23:16:24,351 [simulator_env.py | 175] INFO: Get 48 unallocated orders, 30 ongoing orders, 223 completed orders.
2022-02-21 23:16:26,961 [simulator_env.py | 100] INFO: Finish the dispatch.
2022-02-21 23:16:26,966 [simulator_env.py | 278] INFO: 2022-02-21 10:20:00, Order 10005100216: state = 1 < 2, we can not finish the simulation
2022-02-21 23:16:26,969 [simulator_env.py | 87] INFO: **************************************************
2022-02-21 23:16:26,970 [simulator_env.py | 91] INFO: cur time: 2022-02-21 10:30:00, pre time: 2022-02-21 10:20:00
2022-02-21 23:16:26,970 [simulator_env.py | 147] INFO: Start to update the input of 2022-02-21 10:30:00
2022-02-21 23:16:26,988 [simulator_env.py | 175] INFO: Get 46 unallocated orders, 35 ongoing orders, 266 completed orders.
2022-02-21 23:16:28,665 [simulator_env.py | 100] INFO: Finish the dispatch.
2022-02-21 23:16:28,669 [simulator_env.py | 278] INFO: 2022-02-21 10:30:00, Order 10204900301: state = 1 < 2, we can not finish the simulation
2022-02-21 23:16:28,670 [simulator_env.py | 87] INFO: **************************************************
2022-02-21 23:16:28,671 [simulator_env.py | 91] INFO: cur time: 2022-02-21 10:40:00, pre time: 2022-02-21 10:30:00
2022-02-21 23:16:28,671 [simulator_env.py | 147] INFO: Start to update the input of 2022-02-21 10:40:00
2022-02-21 23:16:28,691 [simulator_env.py | 175] INFO: Get 59 unallocated orders, 38 ongoing orders, 308 completed orders.
2022-02-21 23:16:30,248 [simulator_env.py | 100] INFO: Finish the dispatch.
2022-02-21 23:16:30,254 [simulator_env.py | 278] INFO: 2022-02-21 10:40:00, Order 10265600333: state = 1 < 2, we can not finish the simulation
2022-02-21 23:16:30,258 [simulator_env.py | 87] INFO: **************************************************
2022-02-21 23:16:30,258 [simulator_env.py | 91] INFO: cur time: 2022-02-21 10:50:00, pre time: 2022-02-21 10:40:00
2022-02-21 23:16:30,262 [simulator_env.py | 147] INFO: Start to update the input of 2022-02-21 10:50:00
2022-02-21 23:16:30,293 [simulator_env.py | 175] INFO: Get 44 unallocated orders, 45 ongoing orders, 360 completed orders.
2022-02-21 23:16:32,056 [simulator_env.py | 100] INFO: Finish the dispatch.
2022-02-21 23:16:32,060 [simulator_env.py | 278] INFO: 2022-02-21 10:50:00, Order 10401000405: state = 1 < 2, we can not finish the simulation
2022-02-21 23:16:32,061 [simulator_env.py | 87] INFO: **************************************************
2022-02-21 23:16:32,061 [simulator_env.py | 91] INFO: cur time: 2022-02-21 11:00:00, pre time: 2022-02-21 10:50:00
2022-02-21 23:16:32,061 [simulator_env.py | 147] INFO: Start to update the input of 2022-02-21 11:00:00
2022-02-21 23:16:32,076 [simulator_env.py | 175] INFO: Get 51 unallocated orders, 33 ongoing orders, 416 completed orders.
2022-02-21 23:16:33,692 [simulator_env.py | 100] INFO: Finish the dispatch.
2022-02-21 23:16:33,697 [simulator_env.py | 278] INFO: 2022-02-21 11:00:00, Order 10510100449: state = 1 < 2, we can not finish the simulation
2022-02-21 23:16:33,698 [simulator_env.py | 87] INFO: **************************************************
2022-02-21 23:16:33,698 [simulator_env.py | 91] INFO: cur time: 2022-02-21 11:10:00, pre time: 2022-02-21 11:00:00
2022-02-21 23:16:33,698 [simulator_env.py | 147] INFO: Start to update the input of 2022-02-21 11:10:00
2022-02-21 23:16:33,711 [simulator_env.py | 175] INFO: Get 46 unallocated orders, 35 ongoing orders, 465 completed orders.
2022-02-21 23:16:35,473 [simulator_env.py | 100] INFO: Finish the dispatch.
2022-02-21 23:16:35,477 [simulator_env.py | 278] INFO: 2022-02-21 11:10:00, Order 11000600500: state = 1 < 2, we can not finish the simulation
2022-02-21 23:16:35,482 [simulator_env.py | 87] INFO: **************************************************
2022-02-21 23:16:35,483 [simulator_env.py | 91] INFO: cur time: 2022-02-21 11:20:00, pre time: 2022-02-21 11:10:00
2022-02-21 23:16:35,484 [simulator_env.py | 147] INFO: Start to update the input of 2022-02-21 11:20:00
2022-02-21 23:16:35,502 [simulator_env.py | 175] INFO: Get 44 unallocated orders, 31 ongoing orders, 515 completed orders.
2022-02-21 23:16:37,116 [simulator_env.py | 100] INFO: Finish the dispatch.
2022-02-21 23:16:37,120 [simulator_env.py | 278] INFO: 2022-02-21 11:20:00, Order 11100200546: state = 1 < 2, we can not finish the simulation
2022-02-21 23:16:37,123 [simulator_env.py | 87] INFO: **************************************************
2022-02-21 23:16:37,124 [simulator_env.py | 91] INFO: cur time: 2022-02-21 11:30:00, pre time: 2022-02-21 11:20:00
2022-02-21 23:16:37,126 [simulator_env.py | 147] INFO: Start to update the input of 2022-02-21 11:30:00
2022-02-21 23:16:37,153 [simulator_env.py | 175] INFO: Get 42 unallocated orders, 34 ongoing orders, 556 completed orders.
2022-02-21 23:16:38,813 [simulator_env.py | 100] INFO: Finish the dispatch.
2022-02-21 23:16:38,817 [simulator_env.py | 278] INFO: 2022-02-21 11:30:00, Order 11200400590: state = 1 < 2, we can not finish the simulation
2022-02-21 23:16:38,819 [simulator_env.py | 87] INFO: **************************************************
2022-02-21 23:16:38,819 [simulator_env.py | 91] INFO: cur time: 2022-02-21 11:40:00, pre time: 2022-02-21 11:30:00
2022-02-21 23:16:38,819 [simulator_env.py | 147] INFO: Start to update the input of 2022-02-21 11:40:00
2022-02-21 23:16:38,836 [simulator_env.py | 175] INFO: Get 41 unallocated orders, 27 ongoing orders, 605 completed orders.
2022-02-21 23:16:40,492 [simulator_env.py | 100] INFO: Finish the dispatch.
2022-02-21 23:16:40,496 [simulator_env.py | 278] INFO: 2022-02-21 11:40:00, Order 11300600632: state = 1 < 2, we can not finish the simulation
2022-02-21 23:16:40,498 [simulator_env.py | 87] INFO: **************************************************
2022-02-21 23:16:40,499 [simulator_env.py | 91] INFO: cur time: 2022-02-21 11:50:00, pre time: 2022-02-21 11:40:00
2022-02-21 23:16:40,499 [simulator_env.py | 147] INFO: Start to update the input of 2022-02-21 11:50:00
2022-02-21 23:16:40,520 [simulator_env.py | 175] INFO: Get 40 unallocated orders, 35 ongoing orders, 638 completed orders.
2022-02-21 23:16:42,894 [simulator_env.py | 100] INFO: Finish the dispatch.
2022-02-21 23:16:42,900 [simulator_env.py | 278] INFO: 2022-02-21 11:50:00, Order 11402800673: state = 1 < 2, we can not finish the simulation
2022-02-21 23:16:42,902 [simulator_env.py | 87] INFO: **************************************************
2022-02-21 23:16:42,902 [simulator_env.py | 91] INFO: cur time: 2022-02-21 12:00:00, pre time: 2022-02-21 11:50:00
2022-02-21 23:16:42,902 [simulator_env.py | 147] INFO: Start to update the input of 2022-02-21 12:00:00
2022-02-21 23:16:42,933 [simulator_env.py | 175] INFO: Get 44 unallocated orders, 30 ongoing orders, 683 completed orders.
2022-02-21 23:16:45,886 [simulator_env.py | 100] INFO: Finish the dispatch.
2022-02-21 23:16:45,890 [simulator_env.py | 278] INFO: 2022-02-21 12:00:00, Order 11500400713: state = 1 < 2, we can not finish the simulation
2022-02-21 23:16:45,892 [simulator_env.py | 87] INFO: **************************************************
2022-02-21 23:16:45,892 [simulator_env.py | 91] INFO: cur time: 2022-02-21 12:10:00, pre time: 2022-02-21 12:00:00
2022-02-21 23:16:45,892 [simulator_env.py | 147] INFO: Start to update the input of 2022-02-21 12:10:00
2022-02-21 23:16:45,916 [simulator_env.py | 175] INFO: Get 30 unallocated orders, 34 ongoing orders, 723 completed orders.
2022-02-21 23:16:47,747 [simulator_env.py | 100] INFO: Finish the dispatch.
2022-02-21 23:16:47,751 [simulator_env.py | 278] INFO: 2022-02-21 12:10:00, Order 12002500757: state = 1 < 2, we can not finish the simulation
2022-02-21 23:16:47,752 [simulator_env.py | 87] INFO: **************************************************
2022-02-21 23:16:47,753 [simulator_env.py | 91] INFO: cur time: 2022-02-21 12:20:00, pre time: 2022-02-21 12:10:00
2022-02-21 23:16:47,753 [simulator_env.py | 147] INFO: Start to update the input of 2022-02-21 12:20:00
2022-02-21 23:16:47,768 [simulator_env.py | 175] INFO: Get 26 unallocated orders, 21 ongoing orders, 766 completed orders.
2022-02-21 23:16:49,590 [simulator_env.py | 100] INFO: Finish the dispatch.
2022-02-21 23:16:49,594 [simulator_env.py | 278] INFO: 2022-02-21 12:20:00, Order 12100500787: state = 1 < 2, we can not finish the simulation
2022-02-21 23:16:49,597 [simulator_env.py | 87] INFO: **************************************************
2022-02-21 23:16:49,598 [simulator_env.py | 91] INFO: cur time: 2022-02-21 12:30:00, pre time: 2022-02-21 12:20:00
2022-02-21 23:16:49,598 [simulator_env.py | 147] INFO: Start to update the input of 2022-02-21 12:30:00
2022-02-21 23:16:49,610 [simulator_env.py | 175] INFO: Get 26 unallocated orders, 22 ongoing orders, 790 completed orders.
2022-02-21 23:16:51,477 [simulator_env.py | 100] INFO: Finish the dispatch.
2022-02-21 23:16:51,480 [simulator_env.py | 278] INFO: 2022-02-21 12:30:00, Order 12194500811: state = 1 < 2, we can not finish the simulation
2022-02-21 23:16:51,481 [simulator_env.py | 87] INFO: **************************************************
2022-02-21 23:16:51,481 [simulator_env.py | 91] INFO: cur time: 2022-02-21 12:40:00, pre time: 2022-02-21 12:30:00
2022-02-21 23:16:51,481 [simulator_env.py | 147] INFO: Start to update the input of 2022-02-21 12:40:00
2022-02-21 23:16:51,491 [simulator_env.py | 175] INFO: Get 20 unallocated orders, 19 ongoing orders, 819 completed orders.
2022-02-21 23:16:53,378 [simulator_env.py | 100] INFO: Finish the dispatch.
2022-02-21 23:16:53,381 [simulator_env.py | 278] INFO: 2022-02-21 12:40:00, Order 12300400838: state = 1 < 2, we can not finish the simulation
2022-02-21 23:16:53,382 [simulator_env.py | 87] INFO: **************************************************
2022-02-21 23:16:53,383 [simulator_env.py | 91] INFO: cur time: 2022-02-21 12:50:00, pre time: 2022-02-21 12:40:00
2022-02-21 23:16:53,383 [simulator_env.py | 147] INFO: Start to update the input of 2022-02-21 12:50:00
2022-02-21 23:16:53,395 [simulator_env.py | 175] INFO: Get 18 unallocated orders, 19 ongoing orders, 839 completed orders.
2022-02-21 23:16:55,446 [simulator_env.py | 100] INFO: Finish the dispatch.
2022-02-21 23:16:55,449 [simulator_env.py | 278] INFO: 2022-02-21 12:50:00, Order 12410000858: state = 1 < 2, we can not finish the simulation
2022-02-21 23:16:55,450 [simulator_env.py | 87] INFO: **************************************************
2022-02-21 23:16:55,450 [simulator_env.py | 91] INFO: cur time: 2022-02-21 13:00:00, pre time: 2022-02-21 12:50:00
2022-02-21 23:16:55,450 [simulator_env.py | 147] INFO: Start to update the input of 2022-02-21 13:00:00
2022-02-21 23:16:55,461 [simulator_env.py | 175] INFO: Get 15 unallocated orders, 12 ongoing orders, 864 completed orders.
2022-02-21 23:16:57,399 [simulator_env.py | 100] INFO: Finish the dispatch.
2022-02-21 23:16:57,404 [simulator_env.py | 278] INFO: 2022-02-21 13:00:00, Order 12500500876: state = 1 < 2, we can not finish the simulation
2022-02-21 23:16:57,406 [simulator_env.py | 87] INFO: **************************************************
2022-02-21 23:16:57,406 [simulator_env.py | 91] INFO: cur time: 2022-02-21 13:10:00, pre time: 2022-02-21 13:00:00
2022-02-21 23:16:57,406 [simulator_env.py | 147] INFO: Start to update the input of 2022-02-21 13:10:00
2022-02-21 23:16:57,415 [simulator_env.py | 175] INFO: Get 21 unallocated orders, 10 ongoing orders, 881 completed orders.
2022-02-21 23:16:59,238 [simulator_env.py | 100] INFO: Finish the dispatch.
2022-02-21 23:16:59,241 [simulator_env.py | 278] INFO: 2022-02-21 13:10:00, Order 13015300891: state = 1 < 2, we can not finish the simulation
2022-02-21 23:16:59,241 [simulator_env.py | 87] INFO: **************************************************
2022-02-21 23:16:59,242 [simulator_env.py | 91] INFO: cur time: 2022-02-21 13:20:00, pre time: 2022-02-21 13:10:00
2022-02-21 23:16:59,242 [simulator_env.py | 147] INFO: Start to update the input of 2022-02-21 13:20:00
2022-02-21 23:16:59,252 [simulator_env.py | 175] INFO: Get 30 unallocated orders, 15 ongoing orders, 896 completed orders.
2022-02-21 23:17:00,913 [simulator_env.py | 100] INFO: Finish the dispatch.
2022-02-21 23:17:00,916 [simulator_env.py | 278] INFO: 2022-02-21 13:20:00, Order 13025200895: state = 1 < 2, we can not finish the simulation
2022-02-21 23:17:00,917 [simulator_env.py | 87] INFO: **************************************************
2022-02-21 23:17:00,918 [simulator_env.py | 91] INFO: cur time: 2022-02-21 13:30:00, pre time: 2022-02-21 13:20:00
2022-02-21 23:17:00,918 [simulator_env.py | 147] INFO: Start to update the input of 2022-02-21 13:30:00
2022-02-21 23:17:00,930 [simulator_env.py | 175] INFO: Get 15 unallocated orders, 25 ongoing orders, 916 completed orders.
2022-02-21 23:17:02,807 [simulator_env.py | 100] INFO: Finish the dispatch.
2022-02-21 23:17:02,812 [simulator_env.py | 278] INFO: 2022-02-21 13:30:00, Order 13200500941: state = 1 < 2, we can not finish the simulation
2022-02-21 23:17:02,813 [simulator_env.py | 87] INFO: **************************************************
2022-02-21 23:17:02,813 [simulator_env.py | 91] INFO: cur time: 2022-02-21 13:40:00, pre time: 2022-02-21 13:30:00
2022-02-21 23:17:02,813 [simulator_env.py | 147] INFO: Start to update the input of 2022-02-21 13:40:00
2022-02-21 23:17:02,823 [simulator_env.py | 175] INFO: Get 9 unallocated orders, 14 ongoing orders, 942 completed orders.
2022-02-21 23:17:04,496 [simulator_env.py | 100] INFO: Finish the dispatch.
2022-02-21 23:17:04,498 [simulator_env.py | 278] INFO: 2022-02-21 13:40:00, Order 13304400956: state = 1 < 2, we can not finish the simulation
2022-02-21 23:17:04,499 [simulator_env.py | 87] INFO: **************************************************
2022-02-21 23:17:04,499 [simulator_env.py | 91] INFO: cur time: 2022-02-21 13:50:00, pre time: 2022-02-21 13:40:00
2022-02-21 23:17:04,499 [simulator_env.py | 147] INFO: Start to update the input of 2022-02-21 13:50:00
2022-02-21 23:17:04,507 [simulator_env.py | 175] INFO: Get 16 unallocated orders, 8 ongoing orders, 957 completed orders.
2022-02-21 23:17:06,325 [simulator_env.py | 100] INFO: Finish the dispatch.
2022-02-21 23:17:06,330 [simulator_env.py | 278] INFO: 2022-02-21 13:50:00, Order 13404900965: state = 1 < 2, we can not finish the simulation
2022-02-21 23:17:06,332 [simulator_env.py | 87] INFO: **************************************************
2022-02-21 23:17:06,332 [simulator_env.py | 91] INFO: cur time: 2022-02-21 14:00:00, pre time: 2022-02-21 13:50:00
2022-02-21 23:17:06,332 [simulator_env.py | 147] INFO: Start to update the input of 2022-02-21 14:00:00
2022-02-21 23:17:06,347 [simulator_env.py | 175] INFO: Get 21 unallocated orders, 11 ongoing orders, 970 completed orders.
2022-02-21 23:17:07,883 [simulator_env.py | 100] INFO: Finish the dispatch.
2022-02-21 23:17:07,886 [simulator_env.py | 278] INFO: 2022-02-21 14:00:00, Order 13501100981: state = 1 < 2, we can not finish the simulation
2022-02-21 23:17:07,887 [simulator_env.py | 87] INFO: **************************************************
2022-02-21 23:17:07,887 [simulator_env.py | 91] INFO: cur time: 2022-02-21 14:10:00, pre time: 2022-02-21 14:00:00
2022-02-21 23:17:07,888 [simulator_env.py | 147] INFO: Start to update the input of 2022-02-21 14:10:00
2022-02-21 23:17:07,895 [simulator_env.py | 175] INFO: Get 20 unallocated orders, 16 ongoing orders, 986 completed orders.
2022-02-21 23:17:09,240 [simulator_env.py | 100] INFO: Finish the dispatch.
2022-02-21 23:17:09,244 [simulator_env.py | 278] INFO: 2022-02-21 14:10:00, Order 14011101002: state = 1 < 2, we can not finish the simulation
2022-02-21 23:17:09,245 [simulator_env.py | 87] INFO: **************************************************
2022-02-21 23:17:09,245 [simulator_env.py | 91] INFO: cur time: 2022-02-21 14:20:00, pre time: 2022-02-21 14:10:00
2022-02-21 23:17:09,245 [simulator_env.py | 147] INFO: Start to update the input of 2022-02-21 14:20:00
2022-02-21 23:17:09,254 [simulator_env.py | 175] INFO: Get 11 unallocated orders, 15 ongoing orders, 1006 completed orders.
2022-02-21 23:17:10,918 [simulator_env.py | 100] INFO: Finish the dispatch.
2022-02-21 23:17:10,922 [simulator_env.py | 278] INFO: 2022-02-21 14:20:00, Order 14072001018: state = 1 < 2, we can not finish the simulation
2022-02-21 23:17:10,923 [simulator_env.py | 87] INFO: **************************************************
2022-02-21 23:17:10,923 [simulator_env.py | 91] INFO: cur time: 2022-02-21 14:30:00, pre time: 2022-02-21 14:20:00
2022-02-21 23:17:10,923 [simulator_env.py | 147] INFO: Start to update the input of 2022-02-21 14:30:00
2022-02-21 23:17:10,932 [simulator_env.py | 175] INFO: Get 16 unallocated orders, 7 ongoing orders, 1025 completed orders.
2022-02-21 23:17:12,280 [simulator_env.py | 100] INFO: Finish the dispatch.
2022-02-21 23:17:12,282 [simulator_env.py | 278] INFO: 2022-02-21 14:30:00, Order 14202101032: state = 1 < 2, we can not finish the simulation
2022-02-21 23:17:12,283 [simulator_env.py | 87] INFO: **************************************************
2022-02-21 23:17:12,283 [simulator_env.py | 91] INFO: cur time: 2022-02-21 14:40:00, pre time: 2022-02-21 14:30:00
2022-02-21 23:17:12,284 [simulator_env.py | 147] INFO: Start to update the input of 2022-02-21 14:40:00
2022-02-21 23:17:12,291 [simulator_env.py | 175] INFO: Get 20 unallocated orders, 11 ongoing orders, 1037 completed orders.
2022-02-21 23:17:13,968 [simulator_env.py | 100] INFO: Finish the dispatch.
2022-02-21 23:17:13,971 [simulator_env.py | 278] INFO: 2022-02-21 14:40:00, Order 14304401048: state = 1 < 2, we can not finish the simulation
2022-02-21 23:17:13,972 [simulator_env.py | 87] INFO: **************************************************
2022-02-21 23:17:13,972 [simulator_env.py | 91] INFO: cur time: 2022-02-21 14:50:00, pre time: 2022-02-21 14:40:00
2022-02-21 23:17:13,972 [simulator_env.py | 147] INFO: Start to update the input of 2022-02-21 14:50:00
2022-02-21 23:17:13,980 [simulator_env.py | 175] INFO: Get 13 unallocated orders, 15 ongoing orders, 1053 completed orders.
2022-02-21 23:17:15,462 [simulator_env.py | 100] INFO: Finish the dispatch.
2022-02-21 23:17:15,464 [simulator_env.py | 278] INFO: 2022-02-21 14:50:00, Order 14411101068: state = 1 < 2, we can not finish the simulation
2022-02-21 23:17:15,465 [simulator_env.py | 87] INFO: **************************************************
2022-02-21 23:17:15,465 [simulator_env.py | 91] INFO: cur time: 2022-02-21 15:00:00, pre time: 2022-02-21 14:50:00
2022-02-21 23:17:15,465 [simulator_env.py | 147] INFO: Start to update the input of 2022-02-21 15:00:00
2022-02-21 23:17:15,472 [simulator_env.py | 175] INFO: Get 22 unallocated orders, 6 ongoing orders, 1075 completed orders.
2022-02-21 23:17:16,933 [simulator_env.py | 100] INFO: Finish the dispatch.
2022-02-21 23:17:16,936 [simulator_env.py | 278] INFO: 2022-02-21 15:00:00, Order 14500901081: state = 1 < 2, we can not finish the simulation
2022-02-21 23:17:16,937 [simulator_env.py | 87] INFO: **************************************************
2022-02-21 23:17:16,937 [simulator_env.py | 91] INFO: cur time: 2022-02-21 15:10:00, pre time: 2022-02-21 15:00:00
2022-02-21 23:17:16,937 [simulator_env.py | 147] INFO: Start to update the input of 2022-02-21 15:10:00
2022-02-21 23:17:16,945 [simulator_env.py | 175] INFO: Get 0 unallocated orders, 22 ongoing orders, 1081 completed orders.
2022-02-21 23:17:18,334 [simulator_env.py | 100] INFO: Finish the dispatch.
2022-02-21 23:17:18,338 [simulator_env.py | 281] INFO: 2022-02-21 15:10:00, the status of all orders is greater than 1, we could finish the simulation
2022-02-21 23:17:18,343 [simulator_env.py | 124] INFO: finished the left ongoing orders
2022-02-21 23:17:18,343 [evaluator.py    | 116] INFO: Traveling Distance of driver D_1 is  45.020, visited node list: 17
2022-02-21 23:17:18,344 [evaluator.py    | 116] INFO: Traveling Distance of driver D_2 is  101.160, visited node list: 39
2022-02-21 23:17:18,344 [evaluator.py    | 116] INFO: Traveling Distance of driver D_3 is  47.180, visited node list: 18
2022-02-21 23:17:18,344 [evaluator.py    | 116] INFO: Traveling Distance of driver D_4 is  87.540, visited node list: 32
2022-02-21 23:17:18,345 [evaluator.py    | 116] INFO: Traveling Distance of driver D_5 is  112.720, visited node list: 38
2022-02-21 23:17:18,345 [evaluator.py    | 116] INFO: Traveling Distance of driver D_6 is  96.990, visited node list: 39
2022-02-21 23:17:18,346 [evaluator.py    | 116] INFO: Traveling Distance of driver D_7 is  115.830, visited node list: 37
2022-02-21 23:17:18,347 [evaluator.py    | 116] INFO: Traveling Distance of driver D_8 is  122.030, visited node list: 40
2022-02-21 23:17:18,347 [evaluator.py    | 116] INFO: Traveling Distance of driver D_9 is  120.510, visited node list: 33
2022-02-21 23:17:18,347 [evaluator.py    | 116] INFO: Traveling Distance of driver D_10 is  110.650, visited node list: 40
2022-02-21 23:17:18,348 [evaluator.py    | 116] INFO: Traveling Distance of driver D_11 is  111.470, visited node list: 40
2022-02-21 23:17:18,348 [evaluator.py    | 116] INFO: Traveling Distance of driver D_12 is  125.500, visited node list: 39
2022-02-21 23:17:18,349 [evaluator.py    | 116] INFO: Traveling Distance of driver D_13 is  122.770, visited node list: 38
2022-02-21 23:17:18,349 [evaluator.py    | 116] INFO: Traveling Distance of driver D_14 is  125.960, visited node list: 45
2022-02-21 23:17:18,350 [evaluator.py    | 116] INFO: Traveling Distance of driver D_15 is  109.720, visited node list: 40
2022-02-21 23:17:18,350 [evaluator.py    | 116] INFO: Traveling Distance of driver D_16 is  103.430, visited node list: 38
2022-02-21 23:17:18,351 [evaluator.py    | 116] INFO: Traveling Distance of driver D_17 is  116.380, visited node list: 42
2022-02-21 23:17:18,351 [evaluator.py    | 116] INFO: Traveling Distance of driver D_18 is  120.420, visited node list: 38
2022-02-21 23:17:18,352 [evaluator.py    | 116] INFO: Traveling Distance of driver D_19 is  121.570, visited node list: 38
2022-02-21 23:17:18,352 [evaluator.py    | 116] INFO: Traveling Distance of driver D_20 is  111.320, visited node list: 37
2022-02-21 23:17:18,352 [evaluator.py    | 116] INFO: Traveling Distance of driver D_21 is  108.070, visited node list: 41
2022-02-21 23:17:18,353 [evaluator.py    | 116] INFO: Traveling Distance of driver D_22 is  115.260, visited node list: 39
2022-02-21 23:17:18,353 [evaluator.py    | 116] INFO: Traveling Distance of driver D_23 is  114.670, visited node list: 35
2022-02-21 23:17:18,354 [evaluator.py    | 116] INFO: Traveling Distance of driver D_24 is  106.190, visited node list: 38
2022-02-21 23:17:18,354 [evaluator.py    | 116] INFO: Traveling Distance of driver D_25 is  106.030, visited node list: 36
2022-02-21 23:17:18,354 [evaluator.py    | 116] INFO: Traveling Distance of driver D_26 is  100.920, visited node list: 37
2022-02-21 23:17:18,355 [evaluator.py    | 116] INFO: Traveling Distance of driver D_27 is  111.950, visited node list: 42
2022-02-21 23:17:18,355 [evaluator.py    | 116] INFO: Traveling Distance of driver D_28 is  117.240, visited node list: 43
2022-02-21 23:17:18,356 [evaluator.py    | 116] INFO: Traveling Distance of driver D_29 is  105.060, visited node list: 38
2022-02-21 23:17:18,356 [evaluator.py    | 116] INFO: Traveling Distance of driver D_30 is  98.890, visited node list: 33
2022-02-21 23:17:18,357 [evaluator.py    | 116] INFO: Traveling Distance of driver D_31 is  101.310, visited node list: 39
2022-02-21 23:17:18,357 [evaluator.py    | 116] INFO: Traveling Distance of driver D_32 is  107.380, visited node list: 34
2022-02-21 23:17:18,357 [evaluator.py    | 116] INFO: Traveling Distance of driver D_33 is  97.360, visited node list: 36
2022-02-21 23:17:18,358 [evaluator.py    | 116] INFO: Traveling Distance of driver D_34 is  104.940, visited node list: 37
2022-02-21 23:17:18,359 [evaluator.py    | 116] INFO: Traveling Distance of driver D_35 is  74.670, visited node list: 28
2022-02-21 23:17:18,359 [evaluator.py    | 116] INFO: Traveling Distance of driver D_36 is  74.410, visited node list: 27
2022-02-21 23:17:18,360 [evaluator.py    | 116] INFO: Traveling Distance of driver D_37 is  75.160, visited node list: 27
2022-02-21 23:17:18,360 [evaluator.py    | 116] INFO: Traveling Distance of driver D_38 is  73.460, visited node list: 28
2022-02-21 23:17:18,360 [evaluator.py    | 116] INFO: Traveling Distance of driver D_39 is  95.300, visited node list: 29
2022-02-21 23:17:18,360 [evaluator.py    | 116] INFO: Traveling Distance of driver D_40 is  82.010, visited node list: 27
2022-02-21 23:17:18,360 [evaluator.py    | 116] INFO: Traveling Distance of driver D_41 is  70.290, visited node list: 33
2022-02-21 23:17:18,361 [evaluator.py    | 116] INFO: Traveling Distance of driver D_42 is  65.550, visited node list: 29
2022-02-21 23:17:18,361 [evaluator.py    | 116] INFO: Traveling Distance of driver D_43 is  63.960, visited node list: 24
2022-02-21 23:17:18,362 [evaluator.py    | 116] INFO: Traveling Distance of driver D_44 is  59.990, visited node list: 26
2022-02-21 23:17:18,362 [evaluator.py    | 116] INFO: Traveling Distance of driver D_45 is  57.970, visited node list: 20
2022-02-21 23:17:18,362 [evaluator.py    | 116] INFO: Traveling Distance of driver D_46 is  57.460, visited node list: 24
2022-02-21 23:17:18,362 [evaluator.py    | 116] INFO: Traveling Distance of driver D_47 is  65.050, visited node list: 21
2022-02-21 23:17:18,363 [evaluator.py    | 116] INFO: Traveling Distance of driver D_48 is  55.640, visited node list: 21
2022-02-21 23:17:18,363 [evaluator.py    | 116] INFO: Traveling Distance of driver D_49 is  55.600, visited node list: 23
2022-02-21 23:17:18,363 [evaluator.py    | 116] INFO: Traveling Distance of driver D_50 is  63.310, visited node list: 23
2022-02-21 23:17:18,363 [evaluator.py    | 116] INFO: Traveling Distance of driver D_51 is  72.580, visited node list: 27
2022-02-21 23:17:18,364 [evaluator.py    | 116] INFO: Traveling Distance of driver D_52 is  49.050, visited node list: 21
2022-02-21 23:17:18,364 [evaluator.py    | 116] INFO: Traveling Distance of driver D_53 is  47.030, visited node list: 20
2022-02-21 23:17:18,364 [evaluator.py    | 116] INFO: Traveling Distance of driver D_54 is  47.610, visited node list: 15
2022-02-21 23:17:18,364 [evaluator.py    | 116] INFO: Traveling Distance of driver D_55 is  66.440, visited node list: 23
2022-02-21 23:17:18,364 [evaluator.py    | 116] INFO: Traveling Distance of driver D_56 is  48.630, visited node list: 18
2022-02-21 23:17:18,364 [evaluator.py    | 116] INFO: Traveling Distance of driver D_57 is  48.340, visited node list: 17
2022-02-21 23:17:18,365 [evaluator.py    | 116] INFO: Traveling Distance of driver D_58 is  56.720, visited node list: 20
2022-02-21 23:17:18,365 [evaluator.py    | 116] INFO: Traveling Distance of driver D_59 is  42.150, visited node list: 14
2022-02-21 23:17:18,368 [evaluator.py    | 116] INFO: Traveling Distance of driver D_60 is  46.250, visited node list: 19
2022-02-21 23:17:18,368 [evaluator.py    | 116] INFO: Traveling Distance of driver D_61 is  47.780, visited node list: 18
2022-02-21 23:17:18,368 [evaluator.py    | 116] INFO: Traveling Distance of driver D_62 is  39.250, visited node list: 15
2022-02-21 23:17:18,369 [evaluator.py    | 116] INFO: Traveling Distance of driver D_63 is  27.700, visited node list: 11
2022-02-21 23:17:18,369 [evaluator.py    | 116] INFO: Traveling Distance of driver D_64 is  48.820, visited node list: 19
2022-02-21 23:17:18,369 [evaluator.py    | 116] INFO: Traveling Distance of driver D_65 is  29.080, visited node list: 9
2022-02-21 23:17:18,369 [evaluator.py    | 116] INFO: Traveling Distance of driver D_66 is  38.860, visited node list: 16
2022-02-21 23:17:18,369 [evaluator.py    | 116] INFO: Traveling Distance of driver D_67 is  44.690, visited node list: 19
2022-02-21 23:17:18,370 [evaluator.py    | 116] INFO: Traveling Distance of driver D_68 is  47.510, visited node list: 19
2022-02-21 23:17:18,370 [evaluator.py    | 116] INFO: Traveling Distance of driver D_69 is  46.060, visited node list: 15
2022-02-21 23:17:18,370 [evaluator.py    | 116] INFO: Traveling Distance of driver D_70 is  42.210, visited node list: 15
2022-02-21 23:17:18,372 [evaluator.py    | 116] INFO: Traveling Distance of driver D_71 is  29.000, visited node list: 11
2022-02-21 23:17:18,372 [evaluator.py    | 116] INFO: Traveling Distance of driver D_72 is  39.000, visited node list: 17
2022-02-21 23:17:18,372 [evaluator.py    | 116] INFO: Traveling Distance of driver D_73 is  20.140, visited node list: 7
2022-02-21 23:17:18,372 [evaluator.py    | 116] INFO: Traveling Distance of driver D_74 is  23.060, visited node list: 12
2022-02-21 23:17:18,372 [evaluator.py    | 116] INFO: Traveling Distance of driver D_75 is  25.220, visited node list: 10
2022-02-21 23:17:18,373 [evaluator.py    | 116] INFO: Traveling Distance of driver D_76 is  28.220, visited node list: 11
2022-02-21 23:17:18,373 [evaluator.py    | 116] INFO: Traveling Distance of driver D_77 is  28.830, visited node list: 9
2022-02-21 23:17:18,373 [evaluator.py    | 116] INFO: Traveling Distance of driver D_78 is  15.890, visited node list: 5
2022-02-21 23:17:18,373 [evaluator.py    | 116] INFO: Traveling Distance of driver D_79 is  13.890, visited node list: 5
2022-02-21 23:17:18,373 [evaluator.py    | 116] INFO: Traveling Distance of driver D_80 is  19.840, visited node list: 8
2022-02-21 23:17:18,373 [evaluator.py    | 116] INFO: Traveling Distance of driver D_81 is  28.820, visited node list: 12
2022-02-21 23:17:18,374 [evaluator.py    | 116] INFO: Traveling Distance of driver D_82 is  28.320, visited node list: 11
2022-02-21 23:17:18,374 [evaluator.py    | 116] INFO: Traveling Distance of driver D_83 is  27.250, visited node list: 13
2022-02-21 23:17:18,374 [evaluator.py    | 116] INFO: Traveling Distance of driver D_84 is  24.530, visited node list: 9
2022-02-21 23:17:18,374 [evaluator.py    | 116] INFO: Traveling Distance of driver D_85 is  6.970, visited node list: 3
2022-02-21 23:17:18,375 [evaluator.py    | 116] INFO: Traveling Distance of driver D_86 is  9.930, visited node list: 4
2022-02-21 23:17:18,375 [evaluator.py    | 116] INFO: Traveling Distance of driver D_87 is  7.630, visited node list: 4
2022-02-21 23:17:18,375 [evaluator.py    | 116] INFO: Traveling Distance of driver D_88 is  34.530, visited node list: 11
2022-02-21 23:17:18,376 [evaluator.py    | 116] INFO: Traveling Distance of driver D_89 is  27.690, visited node list: 12
2022-02-21 23:17:18,376 [evaluator.py    | 116] INFO: Traveling Distance of driver D_90 is  13.460, visited node list: 5
2022-02-21 23:17:18,376 [evaluator.py    | 116] INFO: Traveling Distance of driver D_91 is  17.090, visited node list: 7
2022-02-21 23:17:18,376 [evaluator.py    | 116] INFO: Traveling Distance of driver D_92 is  17.310, visited node list: 6
2022-02-21 23:17:18,376 [evaluator.py    | 116] INFO: Traveling Distance of driver D_93 is  19.000, visited node list: 7
2022-02-21 23:17:18,376 [evaluator.py    | 116] INFO: Traveling Distance of driver D_94 is  12.910, visited node list: 7
2022-02-21 23:17:18,376 [evaluator.py    | 116] INFO: Traveling Distance of driver D_95 is  0.000, visited node list: 1
2022-02-21 23:17:18,378 [evaluator.py    | 116] INFO: Traveling Distance of driver D_96 is  0.000, visited node list: 1
2022-02-21 23:17:18,378 [evaluator.py    | 116] INFO: Traveling Distance of driver D_97 is  2.500, visited node list: 2
2022-02-21 23:17:18,378 [evaluator.py    | 116] INFO: Traveling Distance of driver D_98 is  9.060, visited node list: 3
2022-02-21 23:17:18,378 [evaluator.py    | 116] INFO: Traveling Distance of driver D_99 is  7.360, visited node list: 4
2022-02-21 23:17:18,378 [evaluator.py    | 116] INFO: Traveling Distance of driver D_100 is  12.320, visited node list: 5
2022-02-21 23:17:18,378 [evaluator.py    | 116] INFO: Traveling Distance of driver D_101 is  7.410, visited node list: 5
2022-02-21 23:17:18,379 [evaluator.py    | 116] INFO: Traveling Distance of driver D_102 is  1.630, visited node list: 2
2022-02-21 23:17:18,379 [evaluator.py    | 116] INFO: Traveling Distance of driver D_103 is  13.680, visited node list: 6
2022-02-21 23:17:18,379 [evaluator.py    | 116] INFO: Traveling Distance of driver D_104 is  1.760, visited node list: 2
2022-02-21 23:17:18,379 [evaluator.py    | 116] INFO: Traveling Distance of driver D_105 is  3.270, visited node list: 2
2022-02-21 23:17:18,379 [evaluator.py    | 116] INFO: Traveling Distance of driver D_106 is  12.990, visited node list: 5
2022-02-21 23:17:18,379 [evaluator.py    | 116] INFO: Traveling Distance of driver D_107 is  10.390, visited node list: 5
2022-02-21 23:17:18,379 [evaluator.py    | 116] INFO: Traveling Distance of driver D_108 is  0.000, visited node list: 1
2022-02-21 23:17:18,379 [evaluator.py    | 116] INFO: Traveling Distance of driver D_109 is  0.000, visited node list: 1
2022-02-21 23:17:18,380 [evaluator.py    | 116] INFO: Traveling Distance of driver D_110 is  10.370, visited node list: 4
2022-02-21 23:17:18,380 [evaluator.py    | 18] INFO: Total distance:  6261.300
2022-02-21 23:17:18,486 [evaluator.py    | 22] INFO: Sum over time:  0.000
2022-02-21 23:17:18,488 [evaluator.py    | 26] INFO: Total score:  56.921
2022-02-21 23:17:18,679 [main.py         | 43] INFO: Score of instance_56: 56.920909090909106
