2022-02-21 21:49:15,142 [main.py         | 38] INFO: Start to run /Users/yangjingfeng/Library/CloudStorage/OneDrive-Personal/Public/PhD Study/Papers/Food_Delivery/Code/Food_delivery_simulator/Benchmark/Instance_small_2: instance_18
2022-02-21 21:49:15,143 [simulator_api.py | 43] INFO: Start time of the simulator: 2022-02-21 09:00:00, time interval:  600.00
2022-02-21 21:49:15,465 [input_utils.py  | 35] INFO: Get 2165 locations
2022-02-21 21:49:15,478 [input_utils.py  | 39] INFO: Get 55 drivers
2022-02-21 21:49:15,724 [input_utils.py  | 43] INFO: Get 900 orders
2022-02-21 21:49:15,725 [simulator_api.py | 75] INFO: Initial position of D_1 is Lorong 8 Toa Payoh Hawker Centre
2022-02-21 21:49:15,725 [simulator_api.py | 75] INFO: Initial position of D_2 is Lorong 8 Toa Payoh Hawker Centre
2022-02-21 21:49:15,725 [simulator_api.py | 75] INFO: Initial position of D_3 is Old Airport Road Food Centre
2022-02-21 21:49:15,725 [simulator_api.py | 75] INFO: Initial position of D_4 is Bedok Interchange Hawker Centre
2022-02-21 21:49:15,726 [simulator_api.py | 75] INFO: Initial position of D_5 is Chomp Chomp
2022-02-21 21:49:15,726 [simulator_api.py | 75] INFO: Initial position of D_6 is Lorong 8 Toa Payoh Hawker Centre
2022-02-21 21:49:15,726 [simulator_api.py | 75] INFO: Initial position of D_7 is Lorong 8 Toa Payoh Hawker Centre
2022-02-21 21:49:15,726 [simulator_api.py | 75] INFO: Initial position of D_8 is Bedok Interchange Hawker Centre
2022-02-21 21:49:15,726 [simulator_api.py | 75] INFO: Initial position of D_9 is Lorong 8 Toa Payoh Hawker Centre
2022-02-21 21:49:15,726 [simulator_api.py | 75] INFO: Initial position of D_10 is Bedok Interchange Hawker Centre
2022-02-21 21:49:15,726 [simulator_api.py | 75] INFO: Initial position of D_11 is Chomp Chomp
2022-02-21 21:49:15,726 [simulator_api.py | 75] INFO: Initial position of D_12 is Kovan Food Centre (209 Hougang Street 21)
2022-02-21 21:49:15,726 [simulator_api.py | 75] INFO: Initial position of D_13 is Chomp Chomp
2022-02-21 21:49:15,727 [simulator_api.py | 75] INFO: Initial position of D_14 is Kovan Food Centre (209 Hougang Street 21)
2022-02-21 21:49:15,727 [simulator_api.py | 75] INFO: Initial position of D_15 is Bedok Interchange Hawker Centre
2022-02-21 21:49:15,727 [simulator_api.py | 75] INFO: Initial position of D_16 is Kovan Food Centre (209 Hougang Street 21)
2022-02-21 21:49:15,727 [simulator_api.py | 75] INFO: Initial position of D_17 is Old Airport Road Food Centre
2022-02-21 21:49:15,727 [simulator_api.py | 75] INFO: Initial position of D_18 is Chomp Chomp
2022-02-21 21:49:15,727 [simulator_api.py | 75] INFO: Initial position of D_19 is Bedok Interchange Hawker Centre
2022-02-21 21:49:15,727 [simulator_api.py | 75] INFO: Initial position of D_20 is Chomp Chomp
2022-02-21 21:49:15,727 [simulator_api.py | 75] INFO: Initial position of D_21 is Breadtalk Ihq, 30 Tai Seng St, Singapore 534013, Singapore
2022-02-21 21:49:15,727 [simulator_api.py | 75] INFO: Initial position of D_22 is Chomp Chomp
2022-02-21 21:49:15,727 [simulator_api.py | 75] INFO: Initial position of D_23 is Kovan Food Centre (209 Hougang Street 21)
2022-02-21 21:49:15,727 [simulator_api.py | 75] INFO: Initial position of D_24 is Bedok Interchange Hawker Centre
2022-02-21 21:49:15,727 [simulator_api.py | 75] INFO: Initial position of D_25 is Old Airport Road Food Centre
2022-02-21 21:49:15,727 [simulator_api.py | 75] INFO: Initial position of D_26 is Breadtalk Ihq, 30 Tai Seng St, Singapore 534013, Singapore
2022-02-21 21:49:15,728 [simulator_api.py | 75] INFO: Initial position of D_27 is Old Airport Road Food Centre
2022-02-21 21:49:15,728 [simulator_api.py | 75] INFO: Initial position of D_28 is Breadtalk Ihq, 30 Tai Seng St, Singapore 534013, Singapore
2022-02-21 21:49:15,728 [simulator_api.py | 75] INFO: Initial position of D_29 is Bedok Interchange Hawker Centre
2022-02-21 21:49:15,728 [simulator_api.py | 75] INFO: Initial position of D_30 is Lorong 8 Toa Payoh Hawker Centre
2022-02-21 21:49:15,728 [simulator_api.py | 75] INFO: Initial position of D_31 is Chomp Chomp
2022-02-21 21:49:15,728 [simulator_api.py | 75] INFO: Initial position of D_32 is Old Airport Road Food Centre
2022-02-21 21:49:15,728 [simulator_api.py | 75] INFO: Initial position of D_33 is Bedok Interchange Hawker Centre
2022-02-21 21:49:15,729 [simulator_api.py | 75] INFO: Initial position of D_34 is Lorong 8 Toa Payoh Hawker Centre
2022-02-21 21:49:15,729 [simulator_api.py | 75] INFO: Initial position of D_35 is Bedok Interchange Hawker Centre
2022-02-21 21:49:15,729 [simulator_api.py | 75] INFO: Initial position of D_36 is Chomp Chomp
2022-02-21 21:49:15,729 [simulator_api.py | 75] INFO: Initial position of D_37 is Breadtalk Ihq, 30 Tai Seng St, Singapore 534013, Singapore
2022-02-21 21:49:15,729 [simulator_api.py | 75] INFO: Initial position of D_38 is Kovan Food Centre (209 Hougang Street 21)
2022-02-21 21:49:15,729 [simulator_api.py | 75] INFO: Initial position of D_39 is Chomp Chomp
2022-02-21 21:49:15,729 [simulator_api.py | 75] INFO: Initial position of D_40 is Lorong 8 Toa Payoh Hawker Centre
2022-02-21 21:49:15,729 [simulator_api.py | 75] INFO: Initial position of D_41 is Lorong 8 Toa Payoh Hawker Centre
2022-02-21 21:49:15,729 [simulator_api.py | 75] INFO: Initial position of D_42 is Chomp Chomp
2022-02-21 21:49:15,729 [simulator_api.py | 75] INFO: Initial position of D_43 is Bedok Interchange Hawker Centre
2022-02-21 21:49:15,729 [simulator_api.py | 75] INFO: Initial position of D_44 is Old Airport Road Food Centre
2022-02-21 21:49:15,729 [simulator_api.py | 75] INFO: Initial position of D_45 is Chomp Chomp
2022-02-21 21:49:15,729 [simulator_api.py | 75] INFO: Initial position of D_46 is Old Airport Road Food Centre
2022-02-21 21:49:15,730 [simulator_api.py | 75] INFO: Initial position of D_47 is Old Airport Road Food Centre
2022-02-21 21:49:15,730 [simulator_api.py | 75] INFO: Initial position of D_48 is Breadtalk Ihq, 30 Tai Seng St, Singapore 534013, Singapore
2022-02-21 21:49:15,730 [simulator_api.py | 75] INFO: Initial position of D_49 is Lorong 8 Toa Payoh Hawker Centre
2022-02-21 21:49:15,730 [simulator_api.py | 75] INFO: Initial position of D_50 is Breadtalk Ihq, 30 Tai Seng St, Singapore 534013, Singapore
2022-02-21 21:49:15,730 [simulator_api.py | 75] INFO: Initial position of D_51 is Breadtalk Ihq, 30 Tai Seng St, Singapore 534013, Singapore
2022-02-21 21:49:15,730 [simulator_api.py | 75] INFO: Initial position of D_52 is Breadtalk Ihq, 30 Tai Seng St, Singapore 534013, Singapore
2022-02-21 21:49:15,730 [simulator_api.py | 75] INFO: Initial position of D_53 is Old Airport Road Food Centre
2022-02-21 21:49:15,730 [simulator_api.py | 75] INFO: Initial position of D_54 is Chomp Chomp
2022-02-21 21:49:15,730 [simulator_api.py | 75] INFO: Initial position of D_55 is Lorong 8 Toa Payoh Hawker Centre
2022-02-21 21:49:15,745 [simulator_env.py | 87] INFO: **************************************************
2022-02-21 21:49:15,745 [simulator_env.py | 91] INFO: cur time: 2022-02-21 09:10:00, pre time: 2022-02-21 09:00:00
2022-02-21 21:49:15,747 [simulator_env.py | 147] INFO: Start to update the input of 2022-02-21 09:10:00
2022-02-21 21:49:15,750 [simulator_env.py | 175] INFO: Get 28 unallocated orders, 0 ongoing orders, 0 completed orders.
2022-02-21 21:49:18,394 [simulator_env.py | 100] INFO: Finish the dispatch.
2022-02-21 21:49:18,395 [simulator_env.py | 278] INFO: 2022-02-21 09:10:00, Order 09000500000: state = 1 < 2, we can not finish the simulation
2022-02-21 21:49:18,395 [simulator_env.py | 87] INFO: **************************************************
2022-02-21 21:49:18,396 [simulator_env.py | 91] INFO: cur time: 2022-02-21 09:20:00, pre time: 2022-02-21 09:10:00
2022-02-21 21:49:18,396 [simulator_env.py | 147] INFO: Start to update the input of 2022-02-21 09:20:00
2022-02-21 21:49:18,406 [simulator_env.py | 175] INFO: Get 23 unallocated orders, 14 ongoing orders, 14 completed orders.
2022-02-21 21:49:21,150 [simulator_env.py | 100] INFO: Finish the dispatch.
2022-02-21 21:49:21,152 [simulator_env.py | 278] INFO: 2022-02-21 09:20:00, Order 09100700028: state = 1 < 2, we can not finish the simulation
2022-02-21 21:49:21,153 [simulator_env.py | 87] INFO: **************************************************
2022-02-21 21:49:21,153 [simulator_env.py | 91] INFO: cur time: 2022-02-21 09:30:00, pre time: 2022-02-21 09:20:00
2022-02-21 21:49:21,154 [simulator_env.py | 147] INFO: Start to update the input of 2022-02-21 09:30:00
2022-02-21 21:49:21,162 [simulator_env.py | 175] INFO: Get 30 unallocated orders, 17 ongoing orders, 34 completed orders.
2022-02-21 21:49:23,584 [simulator_env.py | 100] INFO: Finish the dispatch.
2022-02-21 21:49:23,586 [simulator_env.py | 278] INFO: 2022-02-21 09:30:00, Order 09202400051: state = 1 < 2, we can not finish the simulation
2022-02-21 21:49:23,587 [simulator_env.py | 87] INFO: **************************************************
2022-02-21 21:49:23,588 [simulator_env.py | 91] INFO: cur time: 2022-02-21 09:40:00, pre time: 2022-02-21 09:30:00
2022-02-21 21:49:23,588 [simulator_env.py | 147] INFO: Start to update the input of 2022-02-21 09:40:00
2022-02-21 21:49:23,599 [simulator_env.py | 175] INFO: Get 28 unallocated orders, 19 ongoing orders, 62 completed orders.
2022-02-21 21:49:26,186 [simulator_env.py | 100] INFO: Finish the dispatch.
2022-02-21 21:49:26,189 [simulator_env.py | 278] INFO: 2022-02-21 09:40:00, Order 09302400081: state = 1 < 2, we can not finish the simulation
2022-02-21 21:49:26,190 [simulator_env.py | 87] INFO: **************************************************
2022-02-21 21:49:26,190 [simulator_env.py | 91] INFO: cur time: 2022-02-21 09:50:00, pre time: 2022-02-21 09:40:00
2022-02-21 21:49:26,190 [simulator_env.py | 147] INFO: Start to update the input of 2022-02-21 09:50:00
2022-02-21 21:49:26,199 [simulator_env.py | 175] INFO: Get 23 unallocated orders, 21 ongoing orders, 88 completed orders.
2022-02-21 21:49:28,610 [simulator_env.py | 100] INFO: Finish the dispatch.
2022-02-21 21:49:28,613 [simulator_env.py | 278] INFO: 2022-02-21 09:50:00, Order 09400400109: state = 1 < 2, we can not finish the simulation
2022-02-21 21:49:28,614 [simulator_env.py | 87] INFO: **************************************************
2022-02-21 21:49:28,615 [simulator_env.py | 91] INFO: cur time: 2022-02-21 10:00:00, pre time: 2022-02-21 09:50:00
2022-02-21 21:49:28,615 [simulator_env.py | 147] INFO: Start to update the input of 2022-02-21 10:00:00
2022-02-21 21:49:28,623 [simulator_env.py | 175] INFO: Get 38 unallocated orders, 19 ongoing orders, 113 completed orders.
2022-02-21 21:49:31,484 [simulator_env.py | 100] INFO: Finish the dispatch.
2022-02-21 21:49:31,487 [simulator_env.py | 278] INFO: 2022-02-21 10:00:00, Order 09502700132: state = 1 < 2, we can not finish the simulation
2022-02-21 21:49:31,488 [simulator_env.py | 87] INFO: **************************************************
2022-02-21 21:49:31,488 [simulator_env.py | 91] INFO: cur time: 2022-02-21 10:10:00, pre time: 2022-02-21 10:00:00
2022-02-21 21:49:31,488 [simulator_env.py | 147] INFO: Start to update the input of 2022-02-21 10:10:00
2022-02-21 21:49:31,501 [simulator_env.py | 175] INFO: Get 39 unallocated orders, 28 ongoing orders, 140 completed orders.
2022-02-21 21:49:34,599 [simulator_env.py | 100] INFO: Finish the dispatch.
2022-02-21 21:49:34,604 [simulator_env.py | 278] INFO: 2022-02-21 10:10:00, Order 09591500168: state = 1 < 2, we can not finish the simulation
2022-02-21 21:49:34,606 [simulator_env.py | 87] INFO: **************************************************
2022-02-21 21:49:34,606 [simulator_env.py | 91] INFO: cur time: 2022-02-21 10:20:00, pre time: 2022-02-21 10:10:00
2022-02-21 21:49:34,606 [simulator_env.py | 147] INFO: Start to update the input of 2022-02-21 10:20:00
2022-02-21 21:49:34,616 [simulator_env.py | 175] INFO: Get 43 unallocated orders, 25 ongoing orders, 173 completed orders.
2022-02-21 21:49:37,329 [simulator_env.py | 100] INFO: Finish the dispatch.
2022-02-21 21:49:37,334 [simulator_env.py | 278] INFO: 2022-02-21 10:20:00, Order 10051000193: state = 1 < 2, we can not finish the simulation
2022-02-21 21:49:37,337 [simulator_env.py | 87] INFO: **************************************************
2022-02-21 21:49:37,338 [simulator_env.py | 91] INFO: cur time: 2022-02-21 10:30:00, pre time: 2022-02-21 10:20:00
2022-02-21 21:49:37,339 [simulator_env.py | 147] INFO: Start to update the input of 2022-02-21 10:30:00
2022-02-21 21:49:37,360 [simulator_env.py | 175] INFO: Get 51 unallocated orders, 20 ongoing orders, 214 completed orders.
2022-02-21 21:49:39,902 [simulator_env.py | 100] INFO: Finish the dispatch.
2022-02-21 21:49:39,905 [simulator_env.py | 278] INFO: 2022-02-21 10:30:00, Order 10104500209: state = 1 < 2, we can not finish the simulation
2022-02-21 21:49:39,906 [simulator_env.py | 87] INFO: **************************************************
2022-02-21 21:49:39,906 [simulator_env.py | 91] INFO: cur time: 2022-02-21 10:40:00, pre time: 2022-02-21 10:30:00
2022-02-21 21:49:39,906 [simulator_env.py | 147] INFO: Start to update the input of 2022-02-21 10:40:00
2022-02-21 21:49:39,920 [simulator_env.py | 175] INFO: Get 57 unallocated orders, 30 ongoing orders, 245 completed orders.
2022-02-21 21:49:42,873 [simulator_env.py | 100] INFO: Finish the dispatch.
2022-02-21 21:49:42,878 [simulator_env.py | 278] INFO: 2022-02-21 10:40:00, Order 10263000271: state = 1 < 2, we can not finish the simulation
2022-02-21 21:49:42,879 [simulator_env.py | 87] INFO: **************************************************
2022-02-21 21:49:42,880 [simulator_env.py | 91] INFO: cur time: 2022-02-21 10:50:00, pre time: 2022-02-21 10:40:00
2022-02-21 21:49:42,880 [simulator_env.py | 147] INFO: Start to update the input of 2022-02-21 10:50:00
2022-02-21 21:49:42,896 [simulator_env.py | 175] INFO: Get 54 unallocated orders, 30 ongoing orders, 282 completed orders.
2022-02-21 21:49:46,066 [simulator_env.py | 100] INFO: Finish the dispatch.
2022-02-21 21:49:46,071 [simulator_env.py | 278] INFO: 2022-02-21 10:50:00, Order 10321200294: state = 1 < 2, we can not finish the simulation
2022-02-21 21:49:46,072 [simulator_env.py | 87] INFO: **************************************************
2022-02-21 21:49:46,072 [simulator_env.py | 91] INFO: cur time: 2022-02-21 11:00:00, pre time: 2022-02-21 10:50:00
2022-02-21 21:49:46,072 [simulator_env.py | 147] INFO: Start to update the input of 2022-02-21 11:00:00
2022-02-21 21:49:46,090 [simulator_env.py | 175] INFO: Get 56 unallocated orders, 21 ongoing orders, 325 completed orders.
2022-02-21 21:49:49,102 [simulator_env.py | 100] INFO: Finish the dispatch.
2022-02-21 21:49:49,105 [simulator_env.py | 278] INFO: 2022-02-21 11:00:00, Order 10392400328: state = 1 < 2, we can not finish the simulation
2022-02-21 21:49:49,106 [simulator_env.py | 87] INFO: **************************************************
2022-02-21 21:49:49,107 [simulator_env.py | 91] INFO: cur time: 2022-02-21 11:10:00, pre time: 2022-02-21 11:00:00
2022-02-21 21:49:49,107 [simulator_env.py | 147] INFO: Start to update the input of 2022-02-21 11:10:00
2022-02-21 21:49:49,122 [simulator_env.py | 175] INFO: Get 57 unallocated orders, 32 ongoing orders, 357 completed orders.
2022-02-21 21:49:51,990 [simulator_env.py | 100] INFO: Finish the dispatch.
2022-02-21 21:49:51,994 [simulator_env.py | 278] INFO: 2022-02-21 11:10:00, Order 10541800382: state = 1 < 2, we can not finish the simulation
2022-02-21 21:49:51,995 [simulator_env.py | 87] INFO: **************************************************
2022-02-21 21:49:51,996 [simulator_env.py | 91] INFO: cur time: 2022-02-21 11:20:00, pre time: 2022-02-21 11:10:00
2022-02-21 21:49:51,996 [simulator_env.py | 147] INFO: Start to update the input of 2022-02-21 11:20:00
2022-02-21 21:49:52,017 [simulator_env.py | 175] INFO: Get 58 unallocated orders, 32 ongoing orders, 396 completed orders.
2022-02-21 21:49:55,051 [simulator_env.py | 100] INFO: Finish the dispatch.
2022-02-21 21:49:55,055 [simulator_env.py | 278] INFO: 2022-02-21 11:20:00, Order 11023400415: state = 1 < 2, we can not finish the simulation
2022-02-21 21:49:55,057 [simulator_env.py | 87] INFO: **************************************************
2022-02-21 21:49:55,057 [simulator_env.py | 91] INFO: cur time: 2022-02-21 11:30:00, pre time: 2022-02-21 11:20:00
2022-02-21 21:49:55,057 [simulator_env.py | 147] INFO: Start to update the input of 2022-02-21 11:30:00
2022-02-21 21:49:55,073 [simulator_env.py | 175] INFO: Get 50 unallocated orders, 40 ongoing orders, 432 completed orders.
2022-02-21 21:49:57,561 [simulator_env.py | 100] INFO: Finish the dispatch.
2022-02-21 21:49:57,565 [simulator_env.py | 278] INFO: 2022-02-21 11:30:00, Order 11123300454: state = 1 < 2, we can not finish the simulation
2022-02-21 21:49:57,568 [simulator_env.py | 87] INFO: **************************************************
2022-02-21 21:49:57,570 [simulator_env.py | 91] INFO: cur time: 2022-02-21 11:40:00, pre time: 2022-02-21 11:30:00
2022-02-21 21:49:57,570 [simulator_env.py | 147] INFO: Start to update the input of 2022-02-21 11:40:00
2022-02-21 21:49:57,581 [simulator_env.py | 175] INFO: Get 50 unallocated orders, 30 ongoing orders, 476 completed orders.
2022-02-21 21:49:59,611 [simulator_env.py | 100] INFO: Finish the dispatch.
2022-02-21 21:49:59,615 [simulator_env.py | 278] INFO: 2022-02-21 11:40:00, Order 11233600491: state = 1 < 2, we can not finish the simulation
2022-02-21 21:49:59,616 [simulator_env.py | 87] INFO: **************************************************
2022-02-21 21:49:59,616 [simulator_env.py | 91] INFO: cur time: 2022-02-21 11:50:00, pre time: 2022-02-21 11:40:00
2022-02-21 21:49:59,616 [simulator_env.py | 147] INFO: Start to update the input of 2022-02-21 11:50:00
2022-02-21 21:49:59,626 [simulator_env.py | 175] INFO: Get 44 unallocated orders, 23 ongoing orders, 519 completed orders.
2022-02-21 21:50:01,796 [simulator_env.py | 100] INFO: Finish the dispatch.
2022-02-21 21:50:01,800 [simulator_env.py | 278] INFO: 2022-02-21 11:50:00, Order 11340200532: state = 1 < 2, we can not finish the simulation
2022-02-21 21:50:01,801 [simulator_env.py | 87] INFO: **************************************************
2022-02-21 21:50:01,802 [simulator_env.py | 91] INFO: cur time: 2022-02-21 12:00:00, pre time: 2022-02-21 11:50:00
2022-02-21 21:50:01,802 [simulator_env.py | 147] INFO: Start to update the input of 2022-02-21 12:00:00
2022-02-21 21:50:01,813 [simulator_env.py | 175] INFO: Get 41 unallocated orders, 27 ongoing orders, 550 completed orders.
2022-02-21 21:50:03,799 [simulator_env.py | 100] INFO: Finish the dispatch.
2022-02-21 21:50:03,803 [simulator_env.py | 278] INFO: 2022-02-21 12:00:00, Order 11395800555: state = 1 < 2, we can not finish the simulation
2022-02-21 21:50:03,805 [simulator_env.py | 87] INFO: **************************************************
2022-02-21 21:50:03,805 [simulator_env.py | 91] INFO: cur time: 2022-02-21 12:10:00, pre time: 2022-02-21 12:00:00
2022-02-21 21:50:03,805 [simulator_env.py | 147] INFO: Start to update the input of 2022-02-21 12:10:00
2022-02-21 21:50:03,816 [simulator_env.py | 175] INFO: Get 28 unallocated orders, 25 ongoing orders, 584 completed orders.
2022-02-21 21:50:05,743 [simulator_env.py | 100] INFO: Finish the dispatch.
2022-02-21 21:50:05,747 [simulator_env.py | 278] INFO: 2022-02-21 12:10:00, Order 11534600598: state = 1 < 2, we can not finish the simulation
2022-02-21 21:50:05,748 [simulator_env.py | 87] INFO: **************************************************
2022-02-21 21:50:05,748 [simulator_env.py | 91] INFO: cur time: 2022-02-21 12:20:00, pre time: 2022-02-21 12:10:00
2022-02-21 21:50:05,748 [simulator_env.py | 147] INFO: Start to update the input of 2022-02-21 12:20:00
2022-02-21 21:50:05,756 [simulator_env.py | 175] INFO: Get 19 unallocated orders, 21 ongoing orders, 616 completed orders.
2022-02-21 21:50:08,518 [simulator_env.py | 100] INFO: Finish the dispatch.
2022-02-21 21:50:08,524 [simulator_env.py | 278] INFO: 2022-02-21 12:20:00, Order 12103700637: state = 1 < 2, we can not finish the simulation
2022-02-21 21:50:08,525 [simulator_env.py | 87] INFO: **************************************************
2022-02-21 21:50:08,525 [simulator_env.py | 91] INFO: cur time: 2022-02-21 12:30:00, pre time: 2022-02-21 12:20:00
2022-02-21 21:50:08,525 [simulator_env.py | 147] INFO: Start to update the input of 2022-02-21 12:30:00
2022-02-21 21:50:08,543 [simulator_env.py | 175] INFO: Get 25 unallocated orders, 17 ongoing orders, 639 completed orders.
2022-02-21 21:50:10,848 [simulator_env.py | 100] INFO: Finish the dispatch.
2022-02-21 21:50:10,854 [simulator_env.py | 278] INFO: 2022-02-21 12:30:00, Order 12200700656: state = 1 < 2, we can not finish the simulation
2022-02-21 21:50:10,855 [simulator_env.py | 87] INFO: **************************************************
2022-02-21 21:50:10,855 [simulator_env.py | 91] INFO: cur time: 2022-02-21 12:40:00, pre time: 2022-02-21 12:30:00
2022-02-21 21:50:10,855 [simulator_env.py | 147] INFO: Start to update the input of 2022-02-21 12:40:00
2022-02-21 21:50:10,865 [simulator_env.py | 175] INFO: Get 18 unallocated orders, 20 ongoing orders, 661 completed orders.
2022-02-21 21:50:13,195 [simulator_env.py | 100] INFO: Finish the dispatch.
2022-02-21 21:50:13,199 [simulator_env.py | 278] INFO: 2022-02-21 12:40:00, Order 12300900681: state = 1 < 2, we can not finish the simulation
2022-02-21 21:50:13,201 [simulator_env.py | 87] INFO: **************************************************
2022-02-21 21:50:13,201 [simulator_env.py | 91] INFO: cur time: 2022-02-21 12:50:00, pre time: 2022-02-21 12:40:00
2022-02-21 21:50:13,201 [simulator_env.py | 147] INFO: Start to update the input of 2022-02-21 12:50:00
2022-02-21 21:50:13,212 [simulator_env.py | 175] INFO: Get 18 unallocated orders, 8 ongoing orders, 691 completed orders.
2022-02-21 21:50:16,136 [simulator_env.py | 100] INFO: Finish the dispatch.
2022-02-21 21:50:16,139 [simulator_env.py | 278] INFO: 2022-02-21 12:50:00, Order 12403600699: state = 1 < 2, we can not finish the simulation
2022-02-21 21:50:16,140 [simulator_env.py | 87] INFO: **************************************************
2022-02-21 21:50:16,140 [simulator_env.py | 91] INFO: cur time: 2022-02-21 13:00:00, pre time: 2022-02-21 12:50:00
2022-02-21 21:50:16,140 [simulator_env.py | 147] INFO: Start to update the input of 2022-02-21 13:00:00
2022-02-21 21:50:16,180 [simulator_env.py | 175] INFO: Get 14 unallocated orders, 15 ongoing orders, 702 completed orders.
2022-02-21 21:50:18,727 [simulator_env.py | 100] INFO: Finish the dispatch.
2022-02-21 21:50:18,730 [simulator_env.py | 278] INFO: 2022-02-21 13:00:00, Order 12500200717: state = 1 < 2, we can not finish the simulation
2022-02-21 21:50:18,731 [simulator_env.py | 87] INFO: **************************************************
2022-02-21 21:50:18,731 [simulator_env.py | 91] INFO: cur time: 2022-02-21 13:10:00, pre time: 2022-02-21 13:00:00
2022-02-21 21:50:18,731 [simulator_env.py | 147] INFO: Start to update the input of 2022-02-21 13:10:00
2022-02-21 21:50:18,748 [simulator_env.py | 175] INFO: Get 19 unallocated orders, 6 ongoing orders, 725 completed orders.
2022-02-21 21:50:21,206 [simulator_env.py | 100] INFO: Finish the dispatch.
2022-02-21 21:50:21,208 [simulator_env.py | 278] INFO: 2022-02-21 13:10:00, Order 13001200731: state = 1 < 2, we can not finish the simulation
2022-02-21 21:50:21,209 [simulator_env.py | 87] INFO: **************************************************
2022-02-21 21:50:21,209 [simulator_env.py | 91] INFO: cur time: 2022-02-21 13:20:00, pre time: 2022-02-21 13:10:00
2022-02-21 21:50:21,209 [simulator_env.py | 147] INFO: Start to update the input of 2022-02-21 13:20:00
2022-02-21 21:50:21,229 [simulator_env.py | 175] INFO: Get 14 unallocated orders, 15 ongoing orders, 735 completed orders.
2022-02-21 21:50:23,420 [simulator_env.py | 100] INFO: Finish the dispatch.
2022-02-21 21:50:23,423 [simulator_env.py | 278] INFO: 2022-02-21 13:20:00, Order 13110700750: state = 1 < 2, we can not finish the simulation
2022-02-21 21:50:23,424 [simulator_env.py | 87] INFO: **************************************************
2022-02-21 21:50:23,424 [simulator_env.py | 91] INFO: cur time: 2022-02-21 13:30:00, pre time: 2022-02-21 13:20:00
2022-02-21 21:50:23,424 [simulator_env.py | 147] INFO: Start to update the input of 2022-02-21 13:30:00
2022-02-21 21:50:23,439 [simulator_env.py | 175] INFO: Get 17 unallocated orders, 12 ongoing orders, 752 completed orders.
2022-02-21 21:50:25,401 [simulator_env.py | 100] INFO: Finish the dispatch.
2022-02-21 21:50:25,403 [simulator_env.py | 278] INFO: 2022-02-21 13:30:00, Order 13201200764: state = 1 < 2, we can not finish the simulation
2022-02-21 21:50:25,404 [simulator_env.py | 87] INFO: **************************************************
2022-02-21 21:50:25,404 [simulator_env.py | 91] INFO: cur time: 2022-02-21 13:40:00, pre time: 2022-02-21 13:30:00
2022-02-21 21:50:25,404 [simulator_env.py | 147] INFO: Start to update the input of 2022-02-21 13:40:00
2022-02-21 21:50:25,424 [simulator_env.py | 175] INFO: Get 10 unallocated orders, 14 ongoing orders, 767 completed orders.
2022-02-21 21:50:27,454 [simulator_env.py | 100] INFO: Finish the dispatch.
2022-02-21 21:50:27,457 [simulator_env.py | 278] INFO: 2022-02-21 13:40:00, Order 13313100781: state = 1 < 2, we can not finish the simulation
2022-02-21 21:50:27,459 [simulator_env.py | 87] INFO: **************************************************
2022-02-21 21:50:27,459 [simulator_env.py | 91] INFO: cur time: 2022-02-21 13:50:00, pre time: 2022-02-21 13:40:00
2022-02-21 21:50:27,459 [simulator_env.py | 147] INFO: Start to update the input of 2022-02-21 13:50:00
2022-02-21 21:50:27,468 [simulator_env.py | 175] INFO: Get 12 unallocated orders, 8 ongoing orders, 783 completed orders.
2022-02-21 21:50:29,546 [simulator_env.py | 100] INFO: Finish the dispatch.
2022-02-21 21:50:29,549 [simulator_env.py | 278] INFO: 2022-02-21 13:50:00, Order 13410900791: state = 1 < 2, we can not finish the simulation
2022-02-21 21:50:29,551 [simulator_env.py | 87] INFO: **************************************************
2022-02-21 21:50:29,551 [simulator_env.py | 91] INFO: cur time: 2022-02-21 14:00:00, pre time: 2022-02-21 13:50:00
2022-02-21 21:50:29,551 [simulator_env.py | 147] INFO: Start to update the input of 2022-02-21 14:00:00
2022-02-21 21:50:29,560 [simulator_env.py | 175] INFO: Get 11 unallocated orders, 8 ongoing orders, 795 completed orders.
2022-02-21 21:50:31,783 [simulator_env.py | 100] INFO: Finish the dispatch.
2022-02-21 21:50:31,786 [simulator_env.py | 278] INFO: 2022-02-21 14:00:00, Order 13501600803: state = 1 < 2, we can not finish the simulation
2022-02-21 21:50:31,787 [simulator_env.py | 87] INFO: **************************************************
2022-02-21 21:50:31,787 [simulator_env.py | 91] INFO: cur time: 2022-02-21 14:10:00, pre time: 2022-02-21 14:00:00
2022-02-21 21:50:31,787 [simulator_env.py | 147] INFO: Start to update the input of 2022-02-21 14:10:00
2022-02-21 21:50:31,798 [simulator_env.py | 175] INFO: Get 15 unallocated orders, 7 ongoing orders, 807 completed orders.
2022-02-21 21:50:33,779 [simulator_env.py | 100] INFO: Finish the dispatch.
2022-02-21 21:50:33,780 [simulator_env.py | 278] INFO: 2022-02-21 14:10:00, Order 14001900814: state = 1 < 2, we can not finish the simulation
2022-02-21 21:50:33,781 [simulator_env.py | 87] INFO: **************************************************
2022-02-21 21:50:33,781 [simulator_env.py | 91] INFO: cur time: 2022-02-21 14:20:00, pre time: 2022-02-21 14:10:00
2022-02-21 21:50:33,781 [simulator_env.py | 147] INFO: Start to update the input of 2022-02-21 14:20:00
2022-02-21 21:50:33,794 [simulator_env.py | 175] INFO: Get 12 unallocated orders, 12 ongoing orders, 817 completed orders.
2022-02-21 21:50:35,758 [simulator_env.py | 100] INFO: Finish the dispatch.
2022-02-21 21:50:35,760 [simulator_env.py | 278] INFO: 2022-02-21 14:20:00, Order 14100900829: state = 1 < 2, we can not finish the simulation
2022-02-21 21:50:35,761 [simulator_env.py | 87] INFO: **************************************************
2022-02-21 21:50:35,761 [simulator_env.py | 91] INFO: cur time: 2022-02-21 14:30:00, pre time: 2022-02-21 14:20:00
2022-02-21 21:50:35,761 [simulator_env.py | 147] INFO: Start to update the input of 2022-02-21 14:30:00
2022-02-21 21:50:35,766 [simulator_env.py | 175] INFO: Get 17 unallocated orders, 12 ongoing orders, 829 completed orders.
2022-02-21 21:50:37,648 [simulator_env.py | 100] INFO: Finish the dispatch.
2022-02-21 21:50:37,651 [simulator_env.py | 278] INFO: 2022-02-21 14:30:00, Order 14203900841: state = 1 < 2, we can not finish the simulation
2022-02-21 21:50:37,651 [simulator_env.py | 87] INFO: **************************************************
2022-02-21 21:50:37,652 [simulator_env.py | 91] INFO: cur time: 2022-02-21 14:40:00, pre time: 2022-02-21 14:30:00
2022-02-21 21:50:37,652 [simulator_env.py | 147] INFO: Start to update the input of 2022-02-21 14:40:00
2022-02-21 21:50:37,668 [simulator_env.py | 175] INFO: Get 22 unallocated orders, 15 ongoing orders, 843 completed orders.
2022-02-21 21:50:39,682 [simulator_env.py | 100] INFO: Finish the dispatch.
2022-02-21 21:50:39,684 [simulator_env.py | 278] INFO: 2022-02-21 14:40:00, Order 14303400858: state = 1 < 2, we can not finish the simulation
2022-02-21 21:50:39,685 [simulator_env.py | 87] INFO: **************************************************
2022-02-21 21:50:39,686 [simulator_env.py | 91] INFO: cur time: 2022-02-21 14:50:00, pre time: 2022-02-21 14:40:00
2022-02-21 21:50:39,686 [simulator_env.py | 147] INFO: Start to update the input of 2022-02-21 14:50:00
2022-02-21 21:50:39,700 [simulator_env.py | 175] INFO: Get 8 unallocated orders, 16 ongoing orders, 864 completed orders.
2022-02-21 21:50:41,627 [simulator_env.py | 100] INFO: Finish the dispatch.
2022-02-21 21:50:41,631 [simulator_env.py | 278] INFO: 2022-02-21 14:50:00, Order 14410300880: state = 1 < 2, we can not finish the simulation
2022-02-21 21:50:41,632 [simulator_env.py | 87] INFO: **************************************************
2022-02-21 21:50:41,632 [simulator_env.py | 91] INFO: cur time: 2022-02-21 15:00:00, pre time: 2022-02-21 14:50:00
2022-02-21 21:50:41,632 [simulator_env.py | 147] INFO: Start to update the input of 2022-02-21 15:00:00
2022-02-21 21:50:41,638 [simulator_env.py | 175] INFO: Get 12 unallocated orders, 7 ongoing orders, 881 completed orders.
2022-02-21 21:50:43,575 [simulator_env.py | 100] INFO: Finish the dispatch.
2022-02-21 21:50:43,577 [simulator_env.py | 278] INFO: 2022-02-21 15:00:00, Order 14512000888: state = 1 < 2, we can not finish the simulation
2022-02-21 21:50:43,577 [simulator_env.py | 87] INFO: **************************************************
2022-02-21 21:50:43,577 [simulator_env.py | 91] INFO: cur time: 2022-02-21 15:10:00, pre time: 2022-02-21 15:00:00
2022-02-21 21:50:43,577 [simulator_env.py | 147] INFO: Start to update the input of 2022-02-21 15:10:00
2022-02-21 21:50:43,590 [simulator_env.py | 175] INFO: Get 0 unallocated orders, 10 ongoing orders, 890 completed orders.
2022-02-21 21:50:46,030 [simulator_env.py | 100] INFO: Finish the dispatch.
2022-02-21 21:50:46,032 [simulator_env.py | 281] INFO: 2022-02-21 15:10:00, the status of all orders is greater than 1, we could finish the simulation
2022-02-21 21:50:46,035 [simulator_env.py | 124] INFO: finished the left ongoing orders
2022-02-21 21:50:46,038 [evaluator.py    | 116] INFO: Traveling Distance of driver D_1 is  125.010, visited node list: 50
2022-02-21 21:50:46,039 [evaluator.py    | 116] INFO: Traveling Distance of driver D_2 is  125.410, visited node list: 39
2022-02-21 21:50:46,041 [evaluator.py    | 116] INFO: Traveling Distance of driver D_3 is  128.130, visited node list: 43
2022-02-21 21:50:46,044 [evaluator.py    | 116] INFO: Traveling Distance of driver D_4 is  128.880, visited node list: 46
2022-02-21 21:50:46,046 [evaluator.py    | 116] INFO: Traveling Distance of driver D_5 is  114.990, visited node list: 40
2022-02-21 21:50:46,048 [evaluator.py    | 116] INFO: Traveling Distance of driver D_6 is  129.800, visited node list: 42
2022-02-21 21:50:46,048 [evaluator.py    | 116] INFO: Traveling Distance of driver D_7 is  130.000, visited node list: 40
2022-02-21 21:50:46,049 [evaluator.py    | 116] INFO: Traveling Distance of driver D_8 is  125.850, visited node list: 43
2022-02-21 21:50:46,051 [evaluator.py    | 116] INFO: Traveling Distance of driver D_9 is  118.760, visited node list: 38
2022-02-21 21:50:46,052 [evaluator.py    | 116] INFO: Traveling Distance of driver D_10 is  116.130, visited node list: 40
2022-02-21 21:50:46,052 [evaluator.py    | 116] INFO: Traveling Distance of driver D_11 is  129.960, visited node list: 45
2022-02-21 21:50:46,055 [evaluator.py    | 116] INFO: Traveling Distance of driver D_12 is  126.840, visited node list: 43
2022-02-21 21:50:46,056 [evaluator.py    | 116] INFO: Traveling Distance of driver D_13 is  122.530, visited node list: 45
2022-02-21 21:50:46,058 [evaluator.py    | 116] INFO: Traveling Distance of driver D_14 is  128.340, visited node list: 47
2022-02-21 21:50:46,059 [evaluator.py    | 116] INFO: Traveling Distance of driver D_15 is  126.100, visited node list: 46
2022-02-21 21:50:46,061 [evaluator.py    | 116] INFO: Traveling Distance of driver D_16 is  125.760, visited node list: 43
2022-02-21 21:50:46,061 [evaluator.py    | 116] INFO: Traveling Distance of driver D_17 is  109.610, visited node list: 34
2022-02-21 21:50:46,063 [evaluator.py    | 116] INFO: Traveling Distance of driver D_18 is  116.500, visited node list: 43
2022-02-21 21:50:46,064 [evaluator.py    | 116] INFO: Traveling Distance of driver D_19 is  108.840, visited node list: 34
2022-02-21 21:50:46,065 [evaluator.py    | 116] INFO: Traveling Distance of driver D_20 is  115.820, visited node list: 37
2022-02-21 21:50:46,067 [evaluator.py    | 116] INFO: Traveling Distance of driver D_21 is  113.290, visited node list: 40
2022-02-21 21:50:46,067 [evaluator.py    | 116] INFO: Traveling Distance of driver D_22 is  82.040, visited node list: 26
2022-02-21 21:50:46,070 [evaluator.py    | 116] INFO: Traveling Distance of driver D_23 is  100.130, visited node list: 41
2022-02-21 21:50:46,071 [evaluator.py    | 116] INFO: Traveling Distance of driver D_24 is  116.090, visited node list: 45
2022-02-21 21:50:46,073 [evaluator.py    | 116] INFO: Traveling Distance of driver D_25 is  117.460, visited node list: 40
2022-02-21 21:50:46,074 [evaluator.py    | 116] INFO: Traveling Distance of driver D_26 is  100.860, visited node list: 38
2022-02-21 21:50:46,075 [evaluator.py    | 116] INFO: Traveling Distance of driver D_27 is  122.610, visited node list: 38
2022-02-21 21:50:46,076 [evaluator.py    | 116] INFO: Traveling Distance of driver D_28 is  106.450, visited node list: 41
2022-02-21 21:50:46,076 [evaluator.py    | 116] INFO: Traveling Distance of driver D_29 is  90.770, visited node list: 36
2022-02-21 21:50:46,077 [evaluator.py    | 116] INFO: Traveling Distance of driver D_30 is  78.120, visited node list: 25
2022-02-21 21:50:46,078 [evaluator.py    | 116] INFO: Traveling Distance of driver D_31 is  75.330, visited node list: 24
2022-02-21 21:50:46,079 [evaluator.py    | 116] INFO: Traveling Distance of driver D_32 is  95.260, visited node list: 36
2022-02-21 21:50:46,079 [evaluator.py    | 116] INFO: Traveling Distance of driver D_33 is  79.500, visited node list: 27
2022-02-21 21:50:46,080 [evaluator.py    | 116] INFO: Traveling Distance of driver D_34 is  67.500, visited node list: 23
2022-02-21 21:50:46,081 [evaluator.py    | 116] INFO: Traveling Distance of driver D_35 is  87.180, visited node list: 28
2022-02-21 21:50:46,082 [evaluator.py    | 116] INFO: Traveling Distance of driver D_36 is  81.330, visited node list: 29
2022-02-21 21:50:46,083 [evaluator.py    | 116] INFO: Traveling Distance of driver D_37 is  77.690, visited node list: 31
2022-02-21 21:50:46,084 [evaluator.py    | 116] INFO: Traveling Distance of driver D_38 is  58.920, visited node list: 23
2022-02-21 21:50:46,084 [evaluator.py    | 116] INFO: Traveling Distance of driver D_39 is  65.280, visited node list: 22
2022-02-21 21:50:46,084 [evaluator.py    | 116] INFO: Traveling Distance of driver D_40 is  73.990, visited node list: 29
2022-02-21 21:50:46,085 [evaluator.py    | 116] INFO: Traveling Distance of driver D_41 is  76.570, visited node list: 32
2022-02-21 21:50:46,086 [evaluator.py    | 116] INFO: Traveling Distance of driver D_42 is  71.130, visited node list: 29
2022-02-21 21:50:46,086 [evaluator.py    | 116] INFO: Traveling Distance of driver D_43 is  61.440, visited node list: 26
2022-02-21 21:50:46,087 [evaluator.py    | 116] INFO: Traveling Distance of driver D_44 is  64.660, visited node list: 23
2022-02-21 21:50:46,088 [evaluator.py    | 116] INFO: Traveling Distance of driver D_45 is  63.500, visited node list: 23
2022-02-21 21:50:46,088 [evaluator.py    | 116] INFO: Traveling Distance of driver D_46 is  65.430, visited node list: 24
2022-02-21 21:50:46,088 [evaluator.py    | 116] INFO: Traveling Distance of driver D_47 is  61.950, visited node list: 20
2022-02-21 21:50:46,089 [evaluator.py    | 116] INFO: Traveling Distance of driver D_48 is  60.610, visited node list: 23
2022-02-21 21:50:46,090 [evaluator.py    | 116] INFO: Traveling Distance of driver D_49 is  56.530, visited node list: 19
2022-02-21 21:50:46,090 [evaluator.py    | 116] INFO: Traveling Distance of driver D_50 is  62.950, visited node list: 23
2022-02-21 21:50:46,091 [evaluator.py    | 116] INFO: Traveling Distance of driver D_51 is  52.640, visited node list: 17
2022-02-21 21:50:46,091 [evaluator.py    | 116] INFO: Traveling Distance of driver D_52 is  68.600, visited node list: 25
2022-02-21 21:50:46,092 [evaluator.py    | 116] INFO: Traveling Distance of driver D_53 is  48.320, visited node list: 20
2022-02-21 21:50:46,094 [evaluator.py    | 116] INFO: Traveling Distance of driver D_54 is  48.510, visited node list: 23
2022-02-21 21:50:46,095 [evaluator.py    | 116] INFO: Traveling Distance of driver D_55 is  51.080, visited node list: 22
2022-02-21 21:50:46,095 [evaluator.py    | 18] INFO: Total distance:  5156.980
2022-02-21 21:50:46,156 [evaluator.py    | 22] INFO: Sum over time:  6876.000
2022-02-21 21:50:46,156 [evaluator.py    | 26] INFO: Total score:  19193.763
2022-02-21 21:50:46,311 [main.py         | 43] INFO: Score of instance_18: 19193.763272727272
