2022-02-21 21:47:41,665 [main.py         | 38] INFO: Start to run /Users/yangjingfeng/Library/CloudStorage/OneDrive-Personal/Public/PhD Study/Papers/Food_Delivery/Code/Food_delivery_simulator/Benchmark/Instance_small_2: instance_17
2022-02-21 21:47:41,665 [simulator_api.py | 43] INFO: Start time of the simulator: 2022-02-21 09:00:00, time interval:  600.00
2022-02-21 21:47:42,017 [input_utils.py  | 35] INFO: Get 2165 locations
2022-02-21 21:47:42,030 [input_utils.py  | 39] INFO: Get 50 drivers
2022-02-21 21:47:42,273 [input_utils.py  | 43] INFO: Get 900 orders
2022-02-21 21:47:42,273 [simulator_api.py | 75] INFO: Initial position of D_1 is Lorong 8 Toa Payoh Hawker Centre
2022-02-21 21:47:42,273 [simulator_api.py | 75] INFO: Initial position of D_2 is Lorong 8 Toa Payoh Hawker Centre
2022-02-21 21:47:42,273 [simulator_api.py | 75] INFO: Initial position of D_3 is Old Airport Road Food Centre
2022-02-21 21:47:42,273 [simulator_api.py | 75] INFO: Initial position of D_4 is Bedok Interchange Hawker Centre
2022-02-21 21:47:42,274 [simulator_api.py | 75] INFO: Initial position of D_5 is Chomp Chomp
2022-02-21 21:47:42,274 [simulator_api.py | 75] INFO: Initial position of D_6 is Lorong 8 Toa Payoh Hawker Centre
2022-02-21 21:47:42,274 [simulator_api.py | 75] INFO: Initial position of D_7 is Lorong 8 Toa Payoh Hawker Centre
2022-02-21 21:47:42,274 [simulator_api.py | 75] INFO: Initial position of D_8 is Bedok Interchange Hawker Centre
2022-02-21 21:47:42,274 [simulator_api.py | 75] INFO: Initial position of D_9 is Lorong 8 Toa Payoh Hawker Centre
2022-02-21 21:47:42,274 [simulator_api.py | 75] INFO: Initial position of D_10 is Bedok Interchange Hawker Centre
2022-02-21 21:47:42,274 [simulator_api.py | 75] INFO: Initial position of D_11 is Chomp Chomp
2022-02-21 21:47:42,274 [simulator_api.py | 75] INFO: Initial position of D_12 is Kovan Food Centre (209 Hougang Street 21)
2022-02-21 21:47:42,274 [simulator_api.py | 75] INFO: Initial position of D_13 is Chomp Chomp
2022-02-21 21:47:42,274 [simulator_api.py | 75] INFO: Initial position of D_14 is Kovan Food Centre (209 Hougang Street 21)
2022-02-21 21:47:42,274 [simulator_api.py | 75] INFO: Initial position of D_15 is Bedok Interchange Hawker Centre
2022-02-21 21:47:42,274 [simulator_api.py | 75] INFO: Initial position of D_16 is Kovan Food Centre (209 Hougang Street 21)
2022-02-21 21:47:42,275 [simulator_api.py | 75] INFO: Initial position of D_17 is Old Airport Road Food Centre
2022-02-21 21:47:42,275 [simulator_api.py | 75] INFO: Initial position of D_18 is Chomp Chomp
2022-02-21 21:47:42,275 [simulator_api.py | 75] INFO: Initial position of D_19 is Bedok Interchange Hawker Centre
2022-02-21 21:47:42,276 [simulator_api.py | 75] INFO: Initial position of D_20 is Chomp Chomp
2022-02-21 21:47:42,276 [simulator_api.py | 75] INFO: Initial position of D_21 is Breadtalk Ihq, 30 Tai Seng St, Singapore 534013, Singapore
2022-02-21 21:47:42,276 [simulator_api.py | 75] INFO: Initial position of D_22 is Chomp Chomp
2022-02-21 21:47:42,276 [simulator_api.py | 75] INFO: Initial position of D_23 is Kovan Food Centre (209 Hougang Street 21)
2022-02-21 21:47:42,276 [simulator_api.py | 75] INFO: Initial position of D_24 is Bedok Interchange Hawker Centre
2022-02-21 21:47:42,276 [simulator_api.py | 75] INFO: Initial position of D_25 is Old Airport Road Food Centre
2022-02-21 21:47:42,276 [simulator_api.py | 75] INFO: Initial position of D_26 is Breadtalk Ihq, 30 Tai Seng St, Singapore 534013, Singapore
2022-02-21 21:47:42,277 [simulator_api.py | 75] INFO: Initial position of D_27 is Old Airport Road Food Centre
2022-02-21 21:47:42,277 [simulator_api.py | 75] INFO: Initial position of D_28 is Breadtalk Ihq, 30 Tai Seng St, Singapore 534013, Singapore
2022-02-21 21:47:42,277 [simulator_api.py | 75] INFO: Initial position of D_29 is Bedok Interchange Hawker Centre
2022-02-21 21:47:42,277 [simulator_api.py | 75] INFO: Initial position of D_30 is Lorong 8 Toa Payoh Hawker Centre
2022-02-21 21:47:42,277 [simulator_api.py | 75] INFO: Initial position of D_31 is Chomp Chomp
2022-02-21 21:47:42,277 [simulator_api.py | 75] INFO: Initial position of D_32 is Old Airport Road Food Centre
2022-02-21 21:47:42,277 [simulator_api.py | 75] INFO: Initial position of D_33 is Bedok Interchange Hawker Centre
2022-02-21 21:47:42,277 [simulator_api.py | 75] INFO: Initial position of D_34 is Lorong 8 Toa Payoh Hawker Centre
2022-02-21 21:47:42,277 [simulator_api.py | 75] INFO: Initial position of D_35 is Bedok Interchange Hawker Centre
2022-02-21 21:47:42,278 [simulator_api.py | 75] INFO: Initial position of D_36 is Chomp Chomp
2022-02-21 21:47:42,278 [simulator_api.py | 75] INFO: Initial position of D_37 is Breadtalk Ihq, 30 Tai Seng St, Singapore 534013, Singapore
2022-02-21 21:47:42,278 [simulator_api.py | 75] INFO: Initial position of D_38 is Kovan Food Centre (209 Hougang Street 21)
2022-02-21 21:47:42,278 [simulator_api.py | 75] INFO: Initial position of D_39 is Chomp Chomp
2022-02-21 21:47:42,278 [simulator_api.py | 75] INFO: Initial position of D_40 is Lorong 8 Toa Payoh Hawker Centre
2022-02-21 21:47:42,278 [simulator_api.py | 75] INFO: Initial position of D_41 is Lorong 8 Toa Payoh Hawker Centre
2022-02-21 21:47:42,278 [simulator_api.py | 75] INFO: Initial position of D_42 is Chomp Chomp
2022-02-21 21:47:42,278 [simulator_api.py | 75] INFO: Initial position of D_43 is Bedok Interchange Hawker Centre
2022-02-21 21:47:42,278 [simulator_api.py | 75] INFO: Initial position of D_44 is Old Airport Road Food Centre
2022-02-21 21:47:42,278 [simulator_api.py | 75] INFO: Initial position of D_45 is Chomp Chomp
2022-02-21 21:47:42,278 [simulator_api.py | 75] INFO: Initial position of D_46 is Old Airport Road Food Centre
2022-02-21 21:47:42,278 [simulator_api.py | 75] INFO: Initial position of D_47 is Old Airport Road Food Centre
2022-02-21 21:47:42,279 [simulator_api.py | 75] INFO: Initial position of D_48 is Breadtalk Ihq, 30 Tai Seng St, Singapore 534013, Singapore
2022-02-21 21:47:42,279 [simulator_api.py | 75] INFO: Initial position of D_49 is Lorong 8 Toa Payoh Hawker Centre
2022-02-21 21:47:42,279 [simulator_api.py | 75] INFO: Initial position of D_50 is Breadtalk Ihq, 30 Tai Seng St, Singapore 534013, Singapore
2022-02-21 21:47:42,291 [simulator_env.py | 87] INFO: **************************************************
2022-02-21 21:47:42,291 [simulator_env.py | 91] INFO: cur time: 2022-02-21 09:10:00, pre time: 2022-02-21 09:00:00
2022-02-21 21:47:42,291 [simulator_env.py | 147] INFO: Start to update the input of 2022-02-21 09:10:00
2022-02-21 21:47:42,293 [simulator_env.py | 175] INFO: Get 28 unallocated orders, 0 ongoing orders, 0 completed orders.
2022-02-21 21:47:44,515 [simulator_env.py | 100] INFO: Finish the dispatch.
2022-02-21 21:47:44,517 [simulator_env.py | 278] INFO: 2022-02-21 09:10:00, Order 09000500000: state = 1 < 2, we can not finish the simulation
2022-02-21 21:47:44,517 [simulator_env.py | 87] INFO: **************************************************
2022-02-21 21:47:44,517 [simulator_env.py | 91] INFO: cur time: 2022-02-21 09:20:00, pre time: 2022-02-21 09:10:00
2022-02-21 21:47:44,518 [simulator_env.py | 147] INFO: Start to update the input of 2022-02-21 09:20:00
2022-02-21 21:47:44,534 [simulator_env.py | 175] INFO: Get 23 unallocated orders, 16 ongoing orders, 12 completed orders.
2022-02-21 21:47:47,634 [simulator_env.py | 100] INFO: Finish the dispatch.
2022-02-21 21:47:47,637 [simulator_env.py | 278] INFO: 2022-02-21 09:20:00, Order 09100700028: state = 1 < 2, we can not finish the simulation
2022-02-21 21:47:47,638 [simulator_env.py | 87] INFO: **************************************************
2022-02-21 21:47:47,638 [simulator_env.py | 91] INFO: cur time: 2022-02-21 09:30:00, pre time: 2022-02-21 09:20:00
2022-02-21 21:47:47,638 [simulator_env.py | 147] INFO: Start to update the input of 2022-02-21 09:30:00
2022-02-21 21:47:47,660 [simulator_env.py | 175] INFO: Get 30 unallocated orders, 17 ongoing orders, 34 completed orders.
2022-02-21 21:47:50,238 [simulator_env.py | 100] INFO: Finish the dispatch.
2022-02-21 21:47:50,240 [simulator_env.py | 278] INFO: 2022-02-21 09:30:00, Order 09202400051: state = 1 < 2, we can not finish the simulation
2022-02-21 21:47:50,241 [simulator_env.py | 87] INFO: **************************************************
2022-02-21 21:47:50,241 [simulator_env.py | 91] INFO: cur time: 2022-02-21 09:40:00, pre time: 2022-02-21 09:30:00
2022-02-21 21:47:50,241 [simulator_env.py | 147] INFO: Start to update the input of 2022-02-21 09:40:00
2022-02-21 21:47:50,268 [simulator_env.py | 175] INFO: Get 28 unallocated orders, 21 ongoing orders, 60 completed orders.
2022-02-21 21:47:53,139 [simulator_env.py | 100] INFO: Finish the dispatch.
2022-02-21 21:47:53,142 [simulator_env.py | 278] INFO: 2022-02-21 09:40:00, Order 09302400081: state = 1 < 2, we can not finish the simulation
2022-02-21 21:47:53,143 [simulator_env.py | 87] INFO: **************************************************
2022-02-21 21:47:53,143 [simulator_env.py | 91] INFO: cur time: 2022-02-21 09:50:00, pre time: 2022-02-21 09:40:00
2022-02-21 21:47:53,143 [simulator_env.py | 147] INFO: Start to update the input of 2022-02-21 09:50:00
2022-02-21 21:47:53,165 [simulator_env.py | 175] INFO: Get 23 unallocated orders, 19 ongoing orders, 90 completed orders.
2022-02-21 21:47:58,178 [simulator_env.py | 100] INFO: Finish the dispatch.
2022-02-21 21:47:58,181 [simulator_env.py | 278] INFO: 2022-02-21 09:50:00, Order 09400400109: state = 1 < 2, we can not finish the simulation
2022-02-21 21:47:58,182 [simulator_env.py | 87] INFO: **************************************************
2022-02-21 21:47:58,182 [simulator_env.py | 91] INFO: cur time: 2022-02-21 10:00:00, pre time: 2022-02-21 09:50:00
2022-02-21 21:47:58,182 [simulator_env.py | 147] INFO: Start to update the input of 2022-02-21 10:00:00
2022-02-21 21:47:58,200 [simulator_env.py | 175] INFO: Get 38 unallocated orders, 18 ongoing orders, 114 completed orders.
2022-02-21 21:48:03,258 [simulator_env.py | 100] INFO: Finish the dispatch.
2022-02-21 21:48:03,262 [simulator_env.py | 278] INFO: 2022-02-21 10:00:00, Order 09502700132: state = 1 < 2, we can not finish the simulation
2022-02-21 21:48:03,263 [simulator_env.py | 87] INFO: **************************************************
2022-02-21 21:48:03,263 [simulator_env.py | 91] INFO: cur time: 2022-02-21 10:10:00, pre time: 2022-02-21 10:00:00
2022-02-21 21:48:03,263 [simulator_env.py | 147] INFO: Start to update the input of 2022-02-21 10:10:00
2022-02-21 21:48:03,290 [simulator_env.py | 175] INFO: Get 43 unallocated orders, 27 ongoing orders, 137 completed orders.
2022-02-21 21:48:07,005 [simulator_env.py | 100] INFO: Finish the dispatch.
2022-02-21 21:48:07,009 [simulator_env.py | 278] INFO: 2022-02-21 10:10:00, Order 09573100160: state = 1 < 2, we can not finish the simulation
2022-02-21 21:48:07,010 [simulator_env.py | 87] INFO: **************************************************
2022-02-21 21:48:07,010 [simulator_env.py | 91] INFO: cur time: 2022-02-21 10:20:00, pre time: 2022-02-21 10:10:00
2022-02-21 21:48:07,011 [simulator_env.py | 147] INFO: Start to update the input of 2022-02-21 10:20:00
2022-02-21 21:48:07,033 [simulator_env.py | 175] INFO: Get 47 unallocated orders, 22 ongoing orders, 172 completed orders.
2022-02-21 21:48:09,667 [simulator_env.py | 100] INFO: Finish the dispatch.
2022-02-21 21:48:09,670 [simulator_env.py | 278] INFO: 2022-02-21 10:20:00, Order 10025900181: state = 1 < 2, we can not finish the simulation
2022-02-21 21:48:09,671 [simulator_env.py | 87] INFO: **************************************************
2022-02-21 21:48:09,671 [simulator_env.py | 91] INFO: cur time: 2022-02-21 10:30:00, pre time: 2022-02-21 10:20:00
2022-02-21 21:48:09,672 [simulator_env.py | 147] INFO: Start to update the input of 2022-02-21 10:30:00
2022-02-21 21:48:09,691 [simulator_env.py | 175] INFO: Get 53 unallocated orders, 26 ongoing orders, 206 completed orders.
2022-02-21 21:48:13,566 [simulator_env.py | 100] INFO: Finish the dispatch.
2022-02-21 21:48:13,569 [simulator_env.py | 278] INFO: 2022-02-21 10:30:00, Order 10132500220: state = 1 < 2, we can not finish the simulation
2022-02-21 21:48:13,570 [simulator_env.py | 87] INFO: **************************************************
2022-02-21 21:48:13,570 [simulator_env.py | 91] INFO: cur time: 2022-02-21 10:40:00, pre time: 2022-02-21 10:30:00
2022-02-21 21:48:13,570 [simulator_env.py | 147] INFO: Start to update the input of 2022-02-21 10:40:00
2022-02-21 21:48:13,591 [simulator_env.py | 175] INFO: Get 64 unallocated orders, 24 ongoing orders, 244 completed orders.
2022-02-21 21:48:16,299 [simulator_env.py | 100] INFO: Finish the dispatch.
2022-02-21 21:48:16,303 [simulator_env.py | 278] INFO: 2022-02-21 10:40:00, Order 10232600256: state = 1 < 2, we can not finish the simulation
2022-02-21 21:48:16,306 [simulator_env.py | 87] INFO: **************************************************
2022-02-21 21:48:16,306 [simulator_env.py | 91] INFO: cur time: 2022-02-21 10:50:00, pre time: 2022-02-21 10:40:00
2022-02-21 21:48:16,307 [simulator_env.py | 147] INFO: Start to update the input of 2022-02-21 10:50:00
2022-02-21 21:48:16,334 [simulator_env.py | 175] INFO: Get 52 unallocated orders, 37 ongoing orders, 277 completed orders.
2022-02-21 21:48:18,752 [simulator_env.py | 100] INFO: Finish the dispatch.
2022-02-21 21:48:18,756 [simulator_env.py | 278] INFO: 2022-02-21 10:50:00, Order 10321200294: state = 1 < 2, we can not finish the simulation
2022-02-21 21:48:18,759 [simulator_env.py | 87] INFO: **************************************************
2022-02-21 21:48:18,759 [simulator_env.py | 91] INFO: cur time: 2022-02-21 11:00:00, pre time: 2022-02-21 10:50:00
2022-02-21 21:48:18,761 [simulator_env.py | 147] INFO: Start to update the input of 2022-02-21 11:00:00
2022-02-21 21:48:18,783 [simulator_env.py | 175] INFO: Get 52 unallocated orders, 37 ongoing orders, 313 completed orders.
2022-02-21 21:48:21,231 [simulator_env.py | 100] INFO: Finish the dispatch.
2022-02-21 21:48:21,245 [simulator_env.py | 278] INFO: 2022-02-21 11:00:00, Order 10403000334: state = 1 < 2, we can not finish the simulation
2022-02-21 21:48:21,246 [simulator_env.py | 87] INFO: **************************************************
2022-02-21 21:48:21,247 [simulator_env.py | 91] INFO: cur time: 2022-02-21 11:10:00, pre time: 2022-02-21 11:00:00
2022-02-21 21:48:21,247 [simulator_env.py | 147] INFO: Start to update the input of 2022-02-21 11:10:00
2022-02-21 21:48:21,272 [simulator_env.py | 175] INFO: Get 61 unallocated orders, 36 ongoing orders, 349 completed orders.
2022-02-21 21:48:24,301 [simulator_env.py | 100] INFO: Finish the dispatch.
2022-02-21 21:48:24,306 [simulator_env.py | 278] INFO: 2022-02-21 11:10:00, Order 10493200364: state = 1 < 2, we can not finish the simulation
2022-02-21 21:48:24,308 [simulator_env.py | 87] INFO: **************************************************
2022-02-21 21:48:24,308 [simulator_env.py | 91] INFO: cur time: 2022-02-21 11:20:00, pre time: 2022-02-21 11:10:00
2022-02-21 21:48:24,309 [simulator_env.py | 147] INFO: Start to update the input of 2022-02-21 11:20:00
2022-02-21 21:48:24,326 [simulator_env.py | 175] INFO: Get 64 unallocated orders, 40 ongoing orders, 382 completed orders.
2022-02-21 21:48:27,598 [simulator_env.py | 100] INFO: Finish the dispatch.
2022-02-21 21:48:27,602 [simulator_env.py | 278] INFO: 2022-02-21 11:20:00, Order 10572300392: state = 1 < 2, we can not finish the simulation
2022-02-21 21:48:27,603 [simulator_env.py | 87] INFO: **************************************************
2022-02-21 21:48:27,604 [simulator_env.py | 91] INFO: cur time: 2022-02-21 11:30:00, pre time: 2022-02-21 11:20:00
2022-02-21 21:48:27,604 [simulator_env.py | 147] INFO: Start to update the input of 2022-02-21 11:30:00
2022-02-21 21:48:27,623 [simulator_env.py | 175] INFO: Get 62 unallocated orders, 40 ongoing orders, 420 completed orders.
2022-02-21 21:48:30,703 [simulator_env.py | 100] INFO: Finish the dispatch.
2022-02-21 21:48:30,716 [simulator_env.py | 278] INFO: 2022-02-21 11:30:00, Order 11052700429: state = 1 < 2, we can not finish the simulation
2022-02-21 21:48:30,719 [simulator_env.py | 87] INFO: **************************************************
2022-02-21 21:48:30,719 [simulator_env.py | 91] INFO: cur time: 2022-02-21 11:40:00, pre time: 2022-02-21 11:30:00
2022-02-21 21:48:30,719 [simulator_env.py | 147] INFO: Start to update the input of 2022-02-21 11:40:00
2022-02-21 21:48:30,780 [simulator_env.py | 175] INFO: Get 63 unallocated orders, 35 ongoing orders, 458 completed orders.
2022-02-21 21:48:33,279 [simulator_env.py | 100] INFO: Finish the dispatch.
2022-02-21 21:48:33,282 [simulator_env.py | 278] INFO: 2022-02-21 11:40:00, Order 11061000432: state = 1 < 2, we can not finish the simulation
2022-02-21 21:48:33,284 [simulator_env.py | 87] INFO: **************************************************
2022-02-21 21:48:33,284 [simulator_env.py | 91] INFO: cur time: 2022-02-21 11:50:00, pre time: 2022-02-21 11:40:00
2022-02-21 21:48:33,284 [simulator_env.py | 147] INFO: Start to update the input of 2022-02-21 11:50:00
2022-02-21 21:48:33,341 [simulator_env.py | 175] INFO: Get 61 unallocated orders, 33 ongoing orders, 492 completed orders.
2022-02-21 21:48:35,262 [simulator_env.py | 100] INFO: Finish the dispatch.
2022-02-21 21:48:35,268 [simulator_env.py | 278] INFO: 2022-02-21 11:50:00, Order 11273600505: state = 1 < 2, we can not finish the simulation
2022-02-21 21:48:35,270 [simulator_env.py | 87] INFO: **************************************************
2022-02-21 21:48:35,270 [simulator_env.py | 91] INFO: cur time: 2022-02-21 12:00:00, pre time: 2022-02-21 11:50:00
2022-02-21 21:48:35,270 [simulator_env.py | 147] INFO: Start to update the input of 2022-02-21 12:00:00
2022-02-21 21:48:35,303 [simulator_env.py | 175] INFO: Get 52 unallocated orders, 38 ongoing orders, 528 completed orders.
2022-02-21 21:48:37,117 [simulator_env.py | 100] INFO: Finish the dispatch.
2022-02-21 21:48:37,122 [simulator_env.py | 278] INFO: 2022-02-21 12:00:00, Order 11322400527: state = 1 < 2, we can not finish the simulation
2022-02-21 21:48:37,124 [simulator_env.py | 87] INFO: **************************************************
2022-02-21 21:48:37,124 [simulator_env.py | 91] INFO: cur time: 2022-02-21 12:10:00, pre time: 2022-02-21 12:00:00
2022-02-21 21:48:37,124 [simulator_env.py | 147] INFO: Start to update the input of 2022-02-21 12:10:00
2022-02-21 21:48:37,150 [simulator_env.py | 175] INFO: Get 38 unallocated orders, 33 ongoing orders, 566 completed orders.
2022-02-21 21:48:38,968 [simulator_env.py | 100] INFO: Finish the dispatch.
2022-02-21 21:48:38,972 [simulator_env.py | 278] INFO: 2022-02-21 12:10:00, Order 11494200584: state = 1 < 2, we can not finish the simulation
2022-02-21 21:48:38,974 [simulator_env.py | 87] INFO: **************************************************
2022-02-21 21:48:38,975 [simulator_env.py | 91] INFO: cur time: 2022-02-21 12:20:00, pre time: 2022-02-21 12:10:00
2022-02-21 21:48:38,975 [simulator_env.py | 147] INFO: Start to update the input of 2022-02-21 12:20:00
2022-02-21 21:48:38,993 [simulator_env.py | 175] INFO: Get 34 unallocated orders, 23 ongoing orders, 599 completed orders.
2022-02-21 21:48:40,965 [simulator_env.py | 100] INFO: Finish the dispatch.
2022-02-21 21:48:40,968 [simulator_env.py | 278] INFO: 2022-02-21 12:20:00, Order 11570600606: state = 1 < 2, we can not finish the simulation
2022-02-21 21:48:40,970 [simulator_env.py | 87] INFO: **************************************************
2022-02-21 21:48:40,970 [simulator_env.py | 91] INFO: cur time: 2022-02-21 12:30:00, pre time: 2022-02-21 12:20:00
2022-02-21 21:48:40,970 [simulator_env.py | 147] INFO: Start to update the input of 2022-02-21 12:30:00
2022-02-21 21:48:40,985 [simulator_env.py | 175] INFO: Get 28 unallocated orders, 25 ongoing orders, 628 completed orders.
2022-02-21 21:48:42,911 [simulator_env.py | 100] INFO: Finish the dispatch.
2022-02-21 21:48:42,914 [simulator_env.py | 278] INFO: 2022-02-21 12:30:00, Order 12171500652: state = 1 < 2, we can not finish the simulation
2022-02-21 21:48:42,916 [simulator_env.py | 87] INFO: **************************************************
2022-02-21 21:48:42,916 [simulator_env.py | 91] INFO: cur time: 2022-02-21 12:40:00, pre time: 2022-02-21 12:30:00
2022-02-21 21:48:42,916 [simulator_env.py | 147] INFO: Start to update the input of 2022-02-21 12:40:00
2022-02-21 21:48:42,936 [simulator_env.py | 175] INFO: Get 21 unallocated orders, 19 ongoing orders, 659 completed orders.
2022-02-21 21:48:44,963 [simulator_env.py | 100] INFO: Finish the dispatch.
2022-02-21 21:48:44,968 [simulator_env.py | 278] INFO: 2022-02-21 12:40:00, Order 12282000670: state = 1 < 2, we can not finish the simulation
2022-02-21 21:48:44,969 [simulator_env.py | 87] INFO: **************************************************
2022-02-21 21:48:44,970 [simulator_env.py | 91] INFO: cur time: 2022-02-21 12:50:00, pre time: 2022-02-21 12:40:00
2022-02-21 21:48:44,970 [simulator_env.py | 147] INFO: Start to update the input of 2022-02-21 12:50:00
2022-02-21 21:48:44,980 [simulator_env.py | 175] INFO: Get 19 unallocated orders, 10 ongoing orders, 688 completed orders.
2022-02-21 21:48:47,421 [simulator_env.py | 100] INFO: Finish the dispatch.
2022-02-21 21:48:47,424 [simulator_env.py | 278] INFO: 2022-02-21 12:50:00, Order 12312000684: state = 1 < 2, we can not finish the simulation
2022-02-21 21:48:47,424 [simulator_env.py | 87] INFO: **************************************************
2022-02-21 21:48:47,424 [simulator_env.py | 91] INFO: cur time: 2022-02-21 13:00:00, pre time: 2022-02-21 12:50:00
2022-02-21 21:48:47,424 [simulator_env.py | 147] INFO: Start to update the input of 2022-02-21 13:00:00
2022-02-21 21:48:47,435 [simulator_env.py | 175] INFO: Get 14 unallocated orders, 15 ongoing orders, 702 completed orders.
2022-02-21 21:48:49,402 [simulator_env.py | 100] INFO: Finish the dispatch.
2022-02-21 21:48:49,405 [simulator_env.py | 278] INFO: 2022-02-21 13:00:00, Order 12500200717: state = 1 < 2, we can not finish the simulation
2022-02-21 21:48:49,406 [simulator_env.py | 87] INFO: **************************************************
2022-02-21 21:48:49,407 [simulator_env.py | 91] INFO: cur time: 2022-02-21 13:10:00, pre time: 2022-02-21 13:00:00
2022-02-21 21:48:49,407 [simulator_env.py | 147] INFO: Start to update the input of 2022-02-21 13:10:00
2022-02-21 21:48:49,418 [simulator_env.py | 175] INFO: Get 19 unallocated orders, 9 ongoing orders, 722 completed orders.
2022-02-21 21:48:51,332 [simulator_env.py | 100] INFO: Finish the dispatch.
2022-02-21 21:48:51,334 [simulator_env.py | 278] INFO: 2022-02-21 13:10:00, Order 13001200731: state = 1 < 2, we can not finish the simulation
2022-02-21 21:48:51,335 [simulator_env.py | 87] INFO: **************************************************
2022-02-21 21:48:51,336 [simulator_env.py | 91] INFO: cur time: 2022-02-21 13:20:00, pre time: 2022-02-21 13:10:00
2022-02-21 21:48:51,336 [simulator_env.py | 147] INFO: Start to update the input of 2022-02-21 13:20:00
2022-02-21 21:48:51,347 [simulator_env.py | 175] INFO: Get 14 unallocated orders, 14 ongoing orders, 736 completed orders.
2022-02-21 21:48:53,220 [simulator_env.py | 100] INFO: Finish the dispatch.
2022-02-21 21:48:53,222 [simulator_env.py | 278] INFO: 2022-02-21 13:20:00, Order 13110700750: state = 1 < 2, we can not finish the simulation
2022-02-21 21:48:53,223 [simulator_env.py | 87] INFO: **************************************************
2022-02-21 21:48:53,223 [simulator_env.py | 91] INFO: cur time: 2022-02-21 13:30:00, pre time: 2022-02-21 13:20:00
2022-02-21 21:48:53,223 [simulator_env.py | 147] INFO: Start to update the input of 2022-02-21 13:30:00
2022-02-21 21:48:53,231 [simulator_env.py | 175] INFO: Get 17 unallocated orders, 11 ongoing orders, 753 completed orders.
2022-02-21 21:48:55,157 [simulator_env.py | 100] INFO: Finish the dispatch.
2022-02-21 21:48:55,162 [simulator_env.py | 278] INFO: 2022-02-21 13:30:00, Order 13201200764: state = 1 < 2, we can not finish the simulation
2022-02-21 21:48:55,162 [simulator_env.py | 87] INFO: **************************************************
2022-02-21 21:48:55,162 [simulator_env.py | 91] INFO: cur time: 2022-02-21 13:40:00, pre time: 2022-02-21 13:30:00
2022-02-21 21:48:55,162 [simulator_env.py | 147] INFO: Start to update the input of 2022-02-21 13:40:00
2022-02-21 21:48:55,168 [simulator_env.py | 175] INFO: Get 10 unallocated orders, 11 ongoing orders, 770 completed orders.
2022-02-21 21:48:57,180 [simulator_env.py | 100] INFO: Finish the dispatch.
2022-02-21 21:48:57,182 [simulator_env.py | 278] INFO: 2022-02-21 13:40:00, Order 13313100781: state = 1 < 2, we can not finish the simulation
2022-02-21 21:48:57,182 [simulator_env.py | 87] INFO: **************************************************
2022-02-21 21:48:57,183 [simulator_env.py | 91] INFO: cur time: 2022-02-21 13:50:00, pre time: 2022-02-21 13:40:00
2022-02-21 21:48:57,183 [simulator_env.py | 147] INFO: Start to update the input of 2022-02-21 13:50:00
2022-02-21 21:48:57,190 [simulator_env.py | 175] INFO: Get 12 unallocated orders, 8 ongoing orders, 783 completed orders.
2022-02-21 21:48:59,335 [simulator_env.py | 100] INFO: Finish the dispatch.
2022-02-21 21:48:59,338 [simulator_env.py | 278] INFO: 2022-02-21 13:50:00, Order 13410900791: state = 1 < 2, we can not finish the simulation
2022-02-21 21:48:59,339 [simulator_env.py | 87] INFO: **************************************************
2022-02-21 21:48:59,339 [simulator_env.py | 91] INFO: cur time: 2022-02-21 14:00:00, pre time: 2022-02-21 13:50:00
2022-02-21 21:48:59,339 [simulator_env.py | 147] INFO: Start to update the input of 2022-02-21 14:00:00
2022-02-21 21:48:59,348 [simulator_env.py | 175] INFO: Get 12 unallocated orders, 10 ongoing orders, 792 completed orders.
2022-02-21 21:49:01,471 [simulator_env.py | 100] INFO: Finish the dispatch.
2022-02-21 21:49:01,475 [simulator_env.py | 278] INFO: 2022-02-21 14:00:00, Order 13410900791: state = 1 < 2, we can not finish the simulation
2022-02-21 21:49:01,476 [simulator_env.py | 87] INFO: **************************************************
2022-02-21 21:49:01,476 [simulator_env.py | 91] INFO: cur time: 2022-02-21 14:10:00, pre time: 2022-02-21 14:00:00
2022-02-21 21:49:01,476 [simulator_env.py | 147] INFO: Start to update the input of 2022-02-21 14:10:00
2022-02-21 21:49:01,485 [simulator_env.py | 175] INFO: Get 15 unallocated orders, 10 ongoing orders, 804 completed orders.
2022-02-21 21:49:03,458 [simulator_env.py | 100] INFO: Finish the dispatch.
2022-02-21 21:49:03,461 [simulator_env.py | 278] INFO: 2022-02-21 14:10:00, Order 14001900814: state = 1 < 2, we can not finish the simulation
2022-02-21 21:49:03,462 [simulator_env.py | 87] INFO: **************************************************
2022-02-21 21:49:03,463 [simulator_env.py | 91] INFO: cur time: 2022-02-21 14:20:00, pre time: 2022-02-21 14:10:00
2022-02-21 21:49:03,463 [simulator_env.py | 147] INFO: Start to update the input of 2022-02-21 14:20:00
2022-02-21 21:49:03,475 [simulator_env.py | 175] INFO: Get 12 unallocated orders, 13 ongoing orders, 816 completed orders.
2022-02-21 21:49:05,455 [simulator_env.py | 100] INFO: Finish the dispatch.
2022-02-21 21:49:05,457 [simulator_env.py | 278] INFO: 2022-02-21 14:20:00, Order 14100900829: state = 1 < 2, we can not finish the simulation
2022-02-21 21:49:05,458 [simulator_env.py | 87] INFO: **************************************************
2022-02-21 21:49:05,458 [simulator_env.py | 91] INFO: cur time: 2022-02-21 14:30:00, pre time: 2022-02-21 14:20:00
2022-02-21 21:49:05,458 [simulator_env.py | 147] INFO: Start to update the input of 2022-02-21 14:30:00
2022-02-21 21:49:05,465 [simulator_env.py | 175] INFO: Get 17 unallocated orders, 10 ongoing orders, 831 completed orders.
2022-02-21 21:49:07,347 [simulator_env.py | 100] INFO: Finish the dispatch.
2022-02-21 21:49:07,349 [simulator_env.py | 278] INFO: 2022-02-21 14:30:00, Order 14203900841: state = 1 < 2, we can not finish the simulation
2022-02-21 21:49:07,350 [simulator_env.py | 87] INFO: **************************************************
2022-02-21 21:49:07,350 [simulator_env.py | 91] INFO: cur time: 2022-02-21 14:40:00, pre time: 2022-02-21 14:30:00
2022-02-21 21:49:07,350 [simulator_env.py | 147] INFO: Start to update the input of 2022-02-21 14:40:00
2022-02-21 21:49:07,357 [simulator_env.py | 175] INFO: Get 22 unallocated orders, 17 ongoing orders, 841 completed orders.
2022-02-21 21:49:09,179 [simulator_env.py | 100] INFO: Finish the dispatch.
2022-02-21 21:49:09,181 [simulator_env.py | 278] INFO: 2022-02-21 14:40:00, Order 14303400858: state = 1 < 2, we can not finish the simulation
2022-02-21 21:49:09,182 [simulator_env.py | 87] INFO: **************************************************
2022-02-21 21:49:09,182 [simulator_env.py | 91] INFO: cur time: 2022-02-21 14:50:00, pre time: 2022-02-21 14:40:00
2022-02-21 21:49:09,182 [simulator_env.py | 147] INFO: Start to update the input of 2022-02-21 14:50:00
2022-02-21 21:49:09,189 [simulator_env.py | 175] INFO: Get 9 unallocated orders, 16 ongoing orders, 863 completed orders.
2022-02-21 21:49:11,056 [simulator_env.py | 100] INFO: Finish the dispatch.
2022-02-21 21:49:11,058 [simulator_env.py | 278] INFO: 2022-02-21 14:50:00, Order 14341700865: state = 1 < 2, we can not finish the simulation
2022-02-21 21:49:11,060 [simulator_env.py | 87] INFO: **************************************************
2022-02-21 21:49:11,060 [simulator_env.py | 91] INFO: cur time: 2022-02-21 15:00:00, pre time: 2022-02-21 14:50:00
2022-02-21 21:49:11,060 [simulator_env.py | 147] INFO: Start to update the input of 2022-02-21 15:00:00
2022-02-21 21:49:11,067 [simulator_env.py | 175] INFO: Get 12 unallocated orders, 8 ongoing orders, 880 completed orders.
2022-02-21 21:49:12,916 [simulator_env.py | 100] INFO: Finish the dispatch.
2022-02-21 21:49:12,918 [simulator_env.py | 278] INFO: 2022-02-21 15:00:00, Order 14512000888: state = 1 < 2, we can not finish the simulation
2022-02-21 21:49:12,920 [simulator_env.py | 87] INFO: **************************************************
2022-02-21 21:49:12,920 [simulator_env.py | 91] INFO: cur time: 2022-02-21 15:10:00, pre time: 2022-02-21 15:00:00
2022-02-21 21:49:12,920 [simulator_env.py | 147] INFO: Start to update the input of 2022-02-21 15:10:00
2022-02-21 21:49:12,926 [simulator_env.py | 175] INFO: Get 0 unallocated orders, 9 ongoing orders, 891 completed orders.
2022-02-21 21:49:14,890 [simulator_env.py | 100] INFO: Finish the dispatch.
2022-02-21 21:49:14,891 [simulator_env.py | 281] INFO: 2022-02-21 15:10:00, the status of all orders is greater than 1, we could finish the simulation
2022-02-21 21:49:14,893 [simulator_env.py | 124] INFO: finished the left ongoing orders
2022-02-21 21:49:14,894 [evaluator.py    | 116] INFO: Traveling Distance of driver D_1 is  130.190, visited node list: 43
2022-02-21 21:49:14,895 [evaluator.py    | 116] INFO: Traveling Distance of driver D_2 is  141.020, visited node list: 44
2022-02-21 21:49:14,896 [evaluator.py    | 116] INFO: Traveling Distance of driver D_3 is  129.500, visited node list: 45
2022-02-21 21:49:14,897 [evaluator.py    | 116] INFO: Traveling Distance of driver D_4 is  119.300, visited node list: 46
2022-02-21 21:49:14,898 [evaluator.py    | 116] INFO: Traveling Distance of driver D_5 is  130.450, visited node list: 48
2022-02-21 21:49:14,898 [evaluator.py    | 116] INFO: Traveling Distance of driver D_6 is  128.470, visited node list: 44
2022-02-21 21:49:14,899 [evaluator.py    | 116] INFO: Traveling Distance of driver D_7 is  134.860, visited node list: 44
2022-02-21 21:49:14,899 [evaluator.py    | 116] INFO: Traveling Distance of driver D_8 is  126.130, visited node list: 43
2022-02-21 21:49:14,900 [evaluator.py    | 116] INFO: Traveling Distance of driver D_9 is  135.650, visited node list: 42
2022-02-21 21:49:14,901 [evaluator.py    | 116] INFO: Traveling Distance of driver D_10 is  134.680, visited node list: 44
2022-02-21 21:49:14,909 [evaluator.py    | 116] INFO: Traveling Distance of driver D_11 is  134.200, visited node list: 50
2022-02-21 21:49:14,909 [evaluator.py    | 116] INFO: Traveling Distance of driver D_12 is  115.180, visited node list: 39
2022-02-21 21:49:14,910 [evaluator.py    | 116] INFO: Traveling Distance of driver D_13 is  124.990, visited node list: 40
2022-02-21 21:49:14,910 [evaluator.py    | 116] INFO: Traveling Distance of driver D_14 is  141.690, visited node list: 38
2022-02-21 21:49:14,910 [evaluator.py    | 116] INFO: Traveling Distance of driver D_15 is  114.030, visited node list: 40
2022-02-21 21:49:14,911 [evaluator.py    | 116] INFO: Traveling Distance of driver D_16 is  124.730, visited node list: 40
2022-02-21 21:49:14,911 [evaluator.py    | 116] INFO: Traveling Distance of driver D_17 is  132.210, visited node list: 42
2022-02-21 21:49:14,912 [evaluator.py    | 116] INFO: Traveling Distance of driver D_18 is  122.000, visited node list: 43
2022-02-21 21:49:14,913 [evaluator.py    | 116] INFO: Traveling Distance of driver D_19 is  128.990, visited node list: 41
2022-02-21 21:49:14,913 [evaluator.py    | 116] INFO: Traveling Distance of driver D_20 is  113.690, visited node list: 46
2022-02-21 21:49:14,914 [evaluator.py    | 116] INFO: Traveling Distance of driver D_21 is  124.300, visited node list: 44
2022-02-21 21:49:14,915 [evaluator.py    | 116] INFO: Traveling Distance of driver D_22 is  120.820, visited node list: 41
2022-02-21 21:49:14,916 [evaluator.py    | 116] INFO: Traveling Distance of driver D_23 is  120.980, visited node list: 44
2022-02-21 21:49:14,917 [evaluator.py    | 116] INFO: Traveling Distance of driver D_24 is  105.860, visited node list: 38
2022-02-21 21:49:14,917 [evaluator.py    | 116] INFO: Traveling Distance of driver D_25 is  120.170, visited node list: 43
2022-02-21 21:49:14,918 [evaluator.py    | 116] INFO: Traveling Distance of driver D_26 is  108.150, visited node list: 39
2022-02-21 21:49:14,918 [evaluator.py    | 116] INFO: Traveling Distance of driver D_27 is  113.430, visited node list: 40
2022-02-21 21:49:14,920 [evaluator.py    | 116] INFO: Traveling Distance of driver D_28 is  107.370, visited node list: 35
2022-02-21 21:49:14,920 [evaluator.py    | 116] INFO: Traveling Distance of driver D_29 is  73.650, visited node list: 24
2022-02-21 21:49:14,921 [evaluator.py    | 116] INFO: Traveling Distance of driver D_30 is  100.150, visited node list: 33
2022-02-21 21:49:14,921 [evaluator.py    | 116] INFO: Traveling Distance of driver D_31 is  86.930, visited node list: 31
2022-02-21 21:49:14,921 [evaluator.py    | 116] INFO: Traveling Distance of driver D_32 is  85.700, visited node list: 31
2022-02-21 21:49:14,922 [evaluator.py    | 116] INFO: Traveling Distance of driver D_33 is  76.820, visited node list: 25
2022-02-21 21:49:14,922 [evaluator.py    | 116] INFO: Traveling Distance of driver D_34 is  91.980, visited node list: 32
2022-02-21 21:49:14,923 [evaluator.py    | 116] INFO: Traveling Distance of driver D_35 is  69.610, visited node list: 23
2022-02-21 21:49:14,923 [evaluator.py    | 116] INFO: Traveling Distance of driver D_36 is  70.130, visited node list: 22
2022-02-21 21:49:14,923 [evaluator.py    | 116] INFO: Traveling Distance of driver D_37 is  81.520, visited node list: 33
2022-02-21 21:49:14,923 [evaluator.py    | 116] INFO: Traveling Distance of driver D_38 is  80.530, visited node list: 27
2022-02-21 21:49:14,924 [evaluator.py    | 116] INFO: Traveling Distance of driver D_39 is  70.890, visited node list: 21
2022-02-21 21:49:14,924 [evaluator.py    | 116] INFO: Traveling Distance of driver D_40 is  73.810, visited node list: 21
2022-02-21 21:49:14,924 [evaluator.py    | 116] INFO: Traveling Distance of driver D_41 is  80.630, visited node list: 31
2022-02-21 21:49:14,924 [evaluator.py    | 116] INFO: Traveling Distance of driver D_42 is  80.450, visited node list: 28
2022-02-21 21:49:14,929 [evaluator.py    | 116] INFO: Traveling Distance of driver D_43 is  80.560, visited node list: 36
2022-02-21 21:49:14,930 [evaluator.py    | 116] INFO: Traveling Distance of driver D_44 is  68.070, visited node list: 31
2022-02-21 21:49:14,930 [evaluator.py    | 116] INFO: Traveling Distance of driver D_45 is  69.950, visited node list: 26
2022-02-21 21:49:14,930 [evaluator.py    | 116] INFO: Traveling Distance of driver D_46 is  76.760, visited node list: 30
2022-02-21 21:49:14,930 [evaluator.py    | 116] INFO: Traveling Distance of driver D_47 is  76.780, visited node list: 23
2022-02-21 21:49:14,931 [evaluator.py    | 116] INFO: Traveling Distance of driver D_48 is  79.250, visited node list: 28
2022-02-21 21:49:14,931 [evaluator.py    | 116] INFO: Traveling Distance of driver D_49 is  65.630, visited node list: 24
2022-02-21 21:49:14,931 [evaluator.py    | 116] INFO: Traveling Distance of driver D_50 is  73.510, visited node list: 26
2022-02-21 21:49:14,931 [evaluator.py    | 18] INFO: Total distance:  5196.350
2022-02-21 21:49:15,025 [evaluator.py    | 22] INFO: Sum over time:  9342.000
2022-02-21 21:49:15,025 [evaluator.py    | 26] INFO: Total score:  26053.927
2022-02-21 21:49:15,140 [main.py         | 43] INFO: Score of instance_17: 26053.927
