2022-02-21 21:37:41,460 [main.py         | 38] INFO: Start to run /Users/yangjingfeng/Library/CloudStorage/OneDrive-Personal/Public/PhD Study/Papers/Food_Delivery/Code/Food_delivery_simulator/Benchmark/Instance_small_2: instance_11
2022-02-21 21:37:41,461 [simulator_api.py | 43] INFO: Start time of the simulator: 2022-02-21 09:00:00, time interval:  600.00
2022-02-21 21:37:42,601 [input_utils.py  | 35] INFO: Get 2165 locations
2022-02-21 21:37:42,643 [input_utils.py  | 39] INFO: Get 60 drivers
2022-02-21 21:37:43,474 [input_utils.py  | 43] INFO: Get 848 orders
2022-02-21 21:37:43,474 [simulator_api.py | 75] INFO: Initial position of D_1 is Lorong 8 Toa Payoh Hawker Centre
2022-02-21 21:37:43,476 [simulator_api.py | 75] INFO: Initial position of D_2 is Lorong 8 Toa Payoh Hawker Centre
2022-02-21 21:37:43,479 [simulator_api.py | 75] INFO: Initial position of D_3 is Old Airport Road Food Centre
2022-02-21 21:37:43,480 [simulator_api.py | 75] INFO: Initial position of D_4 is Bedok Interchange Hawker Centre
2022-02-21 21:37:43,481 [simulator_api.py | 75] INFO: Initial position of D_5 is Chomp Chomp
2022-02-21 21:37:43,483 [simulator_api.py | 75] INFO: Initial position of D_6 is Lorong 8 Toa Payoh Hawker Centre
2022-02-21 21:37:43,484 [simulator_api.py | 75] INFO: Initial position of D_7 is Lorong 8 Toa Payoh Hawker Centre
2022-02-21 21:37:43,484 [simulator_api.py | 75] INFO: Initial position of D_8 is Bedok Interchange Hawker Centre
2022-02-21 21:37:43,485 [simulator_api.py | 75] INFO: Initial position of D_9 is Lorong 8 Toa Payoh Hawker Centre
2022-02-21 21:37:43,486 [simulator_api.py | 75] INFO: Initial position of D_10 is Bedok Interchange Hawker Centre
2022-02-21 21:37:43,487 [simulator_api.py | 75] INFO: Initial position of D_11 is Chomp Chomp
2022-02-21 21:37:43,487 [simulator_api.py | 75] INFO: Initial position of D_12 is Kovan Food Centre (209 Hougang Street 21)
2022-02-21 21:37:43,488 [simulator_api.py | 75] INFO: Initial position of D_13 is Chomp Chomp
2022-02-21 21:37:43,489 [simulator_api.py | 75] INFO: Initial position of D_14 is Kovan Food Centre (209 Hougang Street 21)
2022-02-21 21:37:43,489 [simulator_api.py | 75] INFO: Initial position of D_15 is Bedok Interchange Hawker Centre
2022-02-21 21:37:43,490 [simulator_api.py | 75] INFO: Initial position of D_16 is Kovan Food Centre (209 Hougang Street 21)
2022-02-21 21:37:43,491 [simulator_api.py | 75] INFO: Initial position of D_17 is Old Airport Road Food Centre
2022-02-21 21:37:43,492 [simulator_api.py | 75] INFO: Initial position of D_18 is Chomp Chomp
2022-02-21 21:37:43,492 [simulator_api.py | 75] INFO: Initial position of D_19 is Bedok Interchange Hawker Centre
2022-02-21 21:37:43,492 [simulator_api.py | 75] INFO: Initial position of D_20 is Chomp Chomp
2022-02-21 21:37:43,493 [simulator_api.py | 75] INFO: Initial position of D_21 is Breadtalk Ihq, 30 Tai Seng St, Singapore 534013, Singapore
2022-02-21 21:37:43,494 [simulator_api.py | 75] INFO: Initial position of D_22 is Chomp Chomp
2022-02-21 21:37:43,495 [simulator_api.py | 75] INFO: Initial position of D_23 is Kovan Food Centre (209 Hougang Street 21)
2022-02-21 21:37:43,495 [simulator_api.py | 75] INFO: Initial position of D_24 is Bedok Interchange Hawker Centre
2022-02-21 21:37:43,496 [simulator_api.py | 75] INFO: Initial position of D_25 is Old Airport Road Food Centre
2022-02-21 21:37:43,497 [simulator_api.py | 75] INFO: Initial position of D_26 is Breadtalk Ihq, 30 Tai Seng St, Singapore 534013, Singapore
2022-02-21 21:37:43,498 [simulator_api.py | 75] INFO: Initial position of D_27 is Old Airport Road Food Centre
2022-02-21 21:37:43,499 [simulator_api.py | 75] INFO: Initial position of D_28 is Breadtalk Ihq, 30 Tai Seng St, Singapore 534013, Singapore
2022-02-21 21:37:43,501 [simulator_api.py | 75] INFO: Initial position of D_29 is Bedok Interchange Hawker Centre
2022-02-21 21:37:43,501 [simulator_api.py | 75] INFO: Initial position of D_30 is Lorong 8 Toa Payoh Hawker Centre
2022-02-21 21:37:43,502 [simulator_api.py | 75] INFO: Initial position of D_31 is Chomp Chomp
2022-02-21 21:37:43,503 [simulator_api.py | 75] INFO: Initial position of D_32 is Old Airport Road Food Centre
2022-02-21 21:37:43,503 [simulator_api.py | 75] INFO: Initial position of D_33 is Bedok Interchange Hawker Centre
2022-02-21 21:37:43,505 [simulator_api.py | 75] INFO: Initial position of D_34 is Lorong 8 Toa Payoh Hawker Centre
2022-02-21 21:37:43,506 [simulator_api.py | 75] INFO: Initial position of D_35 is Bedok Interchange Hawker Centre
2022-02-21 21:37:43,506 [simulator_api.py | 75] INFO: Initial position of D_36 is Chomp Chomp
2022-02-21 21:37:43,507 [simulator_api.py | 75] INFO: Initial position of D_37 is Breadtalk Ihq, 30 Tai Seng St, Singapore 534013, Singapore
2022-02-21 21:37:43,508 [simulator_api.py | 75] INFO: Initial position of D_38 is Kovan Food Centre (209 Hougang Street 21)
2022-02-21 21:37:43,508 [simulator_api.py | 75] INFO: Initial position of D_39 is Chomp Chomp
2022-02-21 21:37:43,511 [simulator_api.py | 75] INFO: Initial position of D_40 is Lorong 8 Toa Payoh Hawker Centre
2022-02-21 21:37:43,511 [simulator_api.py | 75] INFO: Initial position of D_41 is Lorong 8 Toa Payoh Hawker Centre
2022-02-21 21:37:43,512 [simulator_api.py | 75] INFO: Initial position of D_42 is Chomp Chomp
2022-02-21 21:37:43,512 [simulator_api.py | 75] INFO: Initial position of D_43 is Bedok Interchange Hawker Centre
2022-02-21 21:37:43,513 [simulator_api.py | 75] INFO: Initial position of D_44 is Old Airport Road Food Centre
2022-02-21 21:37:43,514 [simulator_api.py | 75] INFO: Initial position of D_45 is Chomp Chomp
2022-02-21 21:37:43,515 [simulator_api.py | 75] INFO: Initial position of D_46 is Old Airport Road Food Centre
2022-02-21 21:37:43,516 [simulator_api.py | 75] INFO: Initial position of D_47 is Old Airport Road Food Centre
2022-02-21 21:37:43,516 [simulator_api.py | 75] INFO: Initial position of D_48 is Breadtalk Ihq, 30 Tai Seng St, Singapore 534013, Singapore
2022-02-21 21:37:43,516 [simulator_api.py | 75] INFO: Initial position of D_49 is Lorong 8 Toa Payoh Hawker Centre
2022-02-21 21:37:43,517 [simulator_api.py | 75] INFO: Initial position of D_50 is Breadtalk Ihq, 30 Tai Seng St, Singapore 534013, Singapore
2022-02-21 21:37:43,518 [simulator_api.py | 75] INFO: Initial position of D_51 is Breadtalk Ihq, 30 Tai Seng St, Singapore 534013, Singapore
2022-02-21 21:37:43,519 [simulator_api.py | 75] INFO: Initial position of D_52 is Breadtalk Ihq, 30 Tai Seng St, Singapore 534013, Singapore
2022-02-21 21:37:43,519 [simulator_api.py | 75] INFO: Initial position of D_53 is Old Airport Road Food Centre
2022-02-21 21:37:43,520 [simulator_api.py | 75] INFO: Initial position of D_54 is Chomp Chomp
2022-02-21 21:37:43,520 [simulator_api.py | 75] INFO: Initial position of D_55 is Lorong 8 Toa Payoh Hawker Centre
2022-02-21 21:37:43,522 [simulator_api.py | 75] INFO: Initial position of D_56 is Bedok Interchange Hawker Centre
2022-02-21 21:37:43,522 [simulator_api.py | 75] INFO: Initial position of D_57 is Kovan Food Centre (209 Hougang Street 21)
2022-02-21 21:37:43,524 [simulator_api.py | 75] INFO: Initial position of D_58 is Breadtalk Ihq, 30 Tai Seng St, Singapore 534013, Singapore
2022-02-21 21:37:43,524 [simulator_api.py | 75] INFO: Initial position of D_59 is Bedok Interchange Hawker Centre
2022-02-21 21:37:43,525 [simulator_api.py | 75] INFO: Initial position of D_60 is Breadtalk Ihq, 30 Tai Seng St, Singapore 534013, Singapore
2022-02-21 21:37:43,577 [simulator_env.py | 87] INFO: **************************************************
2022-02-21 21:37:43,578 [simulator_env.py | 91] INFO: cur time: 2022-02-21 09:10:00, pre time: 2022-02-21 09:00:00
2022-02-21 21:37:43,578 [simulator_env.py | 147] INFO: Start to update the input of 2022-02-21 09:10:00
2022-02-21 21:37:43,583 [simulator_env.py | 175] INFO: Get 22 unallocated orders, 0 ongoing orders, 0 completed orders.
2022-02-21 21:37:47,099 [simulator_env.py | 100] INFO: Finish the dispatch.
2022-02-21 21:37:47,100 [simulator_env.py | 278] INFO: 2022-02-21 09:10:00, Order 09001200000: state = 1 < 2, we can not finish the simulation
2022-02-21 21:37:47,101 [simulator_env.py | 87] INFO: **************************************************
2022-02-21 21:37:47,101 [simulator_env.py | 91] INFO: cur time: 2022-02-21 09:20:00, pre time: 2022-02-21 09:10:00
2022-02-21 21:37:47,101 [simulator_env.py | 147] INFO: Start to update the input of 2022-02-21 09:20:00
2022-02-21 21:37:47,108 [simulator_env.py | 175] INFO: Get 25 unallocated orders, 10 ongoing orders, 12 completed orders.
2022-02-21 21:37:50,336 [simulator_env.py | 100] INFO: Finish the dispatch.
2022-02-21 21:37:50,338 [simulator_env.py | 278] INFO: 2022-02-21 09:20:00, Order 09100100022: state = 1 < 2, we can not finish the simulation
2022-02-21 21:37:50,339 [simulator_env.py | 87] INFO: **************************************************
2022-02-21 21:37:50,339 [simulator_env.py | 91] INFO: cur time: 2022-02-21 09:30:00, pre time: 2022-02-21 09:20:00
2022-02-21 21:37:50,339 [simulator_env.py | 147] INFO: Start to update the input of 2022-02-21 09:30:00
2022-02-21 21:37:50,347 [simulator_env.py | 175] INFO: Get 26 unallocated orders, 18 ongoing orders, 29 completed orders.
2022-02-21 21:37:52,417 [simulator_env.py | 100] INFO: Finish the dispatch.
2022-02-21 21:37:52,420 [simulator_env.py | 278] INFO: 2022-02-21 09:30:00, Order 09210000047: state = 1 < 2, we can not finish the simulation
2022-02-21 21:37:52,421 [simulator_env.py | 87] INFO: **************************************************
2022-02-21 21:37:52,421 [simulator_env.py | 91] INFO: cur time: 2022-02-21 09:40:00, pre time: 2022-02-21 09:30:00
2022-02-21 21:37:52,421 [simulator_env.py | 147] INFO: Start to update the input of 2022-02-21 09:40:00
2022-02-21 21:37:52,430 [simulator_env.py | 175] INFO: Get 32 unallocated orders, 18 ongoing orders, 55 completed orders.
2022-02-21 21:37:54,522 [simulator_env.py | 100] INFO: Finish the dispatch.
2022-02-21 21:37:54,525 [simulator_env.py | 278] INFO: 2022-02-21 09:40:00, Order 09302700073: state = 1 < 2, we can not finish the simulation
2022-02-21 21:37:54,526 [simulator_env.py | 87] INFO: **************************************************
2022-02-21 21:37:54,527 [simulator_env.py | 91] INFO: cur time: 2022-02-21 09:50:00, pre time: 2022-02-21 09:40:00
2022-02-21 21:37:54,527 [simulator_env.py | 147] INFO: Start to update the input of 2022-02-21 09:50:00
2022-02-21 21:37:54,536 [simulator_env.py | 175] INFO: Get 26 unallocated orders, 23 ongoing orders, 82 completed orders.
2022-02-21 21:37:56,583 [simulator_env.py | 100] INFO: Finish the dispatch.
2022-02-21 21:37:56,586 [simulator_env.py | 278] INFO: 2022-02-21 09:50:00, Order 09404300105: state = 1 < 2, we can not finish the simulation
2022-02-21 21:37:56,588 [simulator_env.py | 87] INFO: **************************************************
2022-02-21 21:37:56,588 [simulator_env.py | 91] INFO: cur time: 2022-02-21 10:00:00, pre time: 2022-02-21 09:50:00
2022-02-21 21:37:56,588 [simulator_env.py | 147] INFO: Start to update the input of 2022-02-21 10:00:00
2022-02-21 21:37:56,598 [simulator_env.py | 175] INFO: Get 42 unallocated orders, 19 ongoing orders, 112 completed orders.
2022-02-21 21:37:58,462 [simulator_env.py | 100] INFO: Finish the dispatch.
2022-02-21 21:37:58,466 [simulator_env.py | 278] INFO: 2022-02-21 10:00:00, Order 09500900131: state = 1 < 2, we can not finish the simulation
2022-02-21 21:37:58,467 [simulator_env.py | 87] INFO: **************************************************
2022-02-21 21:37:58,467 [simulator_env.py | 91] INFO: cur time: 2022-02-21 10:10:00, pre time: 2022-02-21 10:00:00
2022-02-21 21:37:58,467 [simulator_env.py | 147] INFO: Start to update the input of 2022-02-21 10:10:00
2022-02-21 21:37:58,480 [simulator_env.py | 175] INFO: Get 32 unallocated orders, 31 ongoing orders, 141 completed orders.
2022-02-21 21:38:00,818 [simulator_env.py | 100] INFO: Finish the dispatch.
2022-02-21 21:38:00,823 [simulator_env.py | 278] INFO: 2022-02-21 10:10:00, Order 09595300172: state = 1 < 2, we can not finish the simulation
2022-02-21 21:38:00,825 [simulator_env.py | 87] INFO: **************************************************
2022-02-21 21:38:00,826 [simulator_env.py | 91] INFO: cur time: 2022-02-21 10:20:00, pre time: 2022-02-21 10:10:00
2022-02-21 21:38:00,826 [simulator_env.py | 147] INFO: Start to update the input of 2022-02-21 10:20:00
2022-02-21 21:38:00,838 [simulator_env.py | 175] INFO: Get 34 unallocated orders, 22 ongoing orders, 180 completed orders.
2022-02-21 21:38:03,161 [simulator_env.py | 100] INFO: Finish the dispatch.
2022-02-21 21:38:03,165 [simulator_env.py | 278] INFO: 2022-02-21 10:20:00, Order 10073600199: state = 1 < 2, we can not finish the simulation
2022-02-21 21:38:03,167 [simulator_env.py | 87] INFO: **************************************************
2022-02-21 21:38:03,167 [simulator_env.py | 91] INFO: cur time: 2022-02-21 10:30:00, pre time: 2022-02-21 10:20:00
2022-02-21 21:38:03,167 [simulator_env.py | 147] INFO: Start to update the input of 2022-02-21 10:30:00
2022-02-21 21:38:03,180 [simulator_env.py | 175] INFO: Get 36 unallocated orders, 24 ongoing orders, 207 completed orders.
2022-02-21 21:38:05,704 [simulator_env.py | 100] INFO: Finish the dispatch.
2022-02-21 21:38:05,709 [simulator_env.py | 278] INFO: 2022-02-21 10:30:00, Order 10134400217: state = 1 < 2, we can not finish the simulation
2022-02-21 21:38:05,711 [simulator_env.py | 87] INFO: **************************************************
2022-02-21 21:38:05,711 [simulator_env.py | 91] INFO: cur time: 2022-02-21 10:40:00, pre time: 2022-02-21 10:30:00
2022-02-21 21:38:05,712 [simulator_env.py | 147] INFO: Start to update the input of 2022-02-21 10:40:00
2022-02-21 21:38:05,730 [simulator_env.py | 175] INFO: Get 48 unallocated orders, 23 ongoing orders, 240 completed orders.
2022-02-21 21:38:11,276 [simulator_env.py | 100] INFO: Finish the dispatch.
2022-02-21 21:38:11,280 [simulator_env.py | 278] INFO: 2022-02-21 10:40:00, Order 10242700252: state = 1 < 2, we can not finish the simulation
2022-02-21 21:38:11,281 [simulator_env.py | 87] INFO: **************************************************
2022-02-21 21:38:11,281 [simulator_env.py | 91] INFO: cur time: 2022-02-21 10:50:00, pre time: 2022-02-21 10:40:00
2022-02-21 21:38:11,281 [simulator_env.py | 147] INFO: Start to update the input of 2022-02-21 10:50:00
2022-02-21 21:38:11,297 [simulator_env.py | 175] INFO: Get 47 unallocated orders, 33 ongoing orders, 269 completed orders.
2022-02-21 21:38:14,089 [simulator_env.py | 100] INFO: Finish the dispatch.
2022-02-21 21:38:14,093 [simulator_env.py | 278] INFO: 2022-02-21 10:50:00, Order 10361300292: state = 1 < 2, we can not finish the simulation
2022-02-21 21:38:14,096 [simulator_env.py | 87] INFO: **************************************************
2022-02-21 21:38:14,096 [simulator_env.py | 91] INFO: cur time: 2022-02-21 11:00:00, pre time: 2022-02-21 10:50:00
2022-02-21 21:38:14,096 [simulator_env.py | 147] INFO: Start to update the input of 2022-02-21 11:00:00
2022-02-21 21:38:14,118 [simulator_env.py | 175] INFO: Get 44 unallocated orders, 31 ongoing orders, 308 completed orders.
2022-02-21 21:38:17,117 [simulator_env.py | 100] INFO: Finish the dispatch.
2022-02-21 21:38:17,122 [simulator_env.py | 278] INFO: 2022-02-21 11:00:00, Order 10443800331: state = 1 < 2, we can not finish the simulation
2022-02-21 21:38:17,125 [simulator_env.py | 87] INFO: **************************************************
2022-02-21 21:38:17,125 [simulator_env.py | 91] INFO: cur time: 2022-02-21 11:10:00, pre time: 2022-02-21 11:00:00
2022-02-21 21:38:17,125 [simulator_env.py | 147] INFO: Start to update the input of 2022-02-21 11:10:00
2022-02-21 21:38:17,145 [simulator_env.py | 175] INFO: Get 49 unallocated orders, 23 ongoing orders, 351 completed orders.
2022-02-21 21:38:19,526 [simulator_env.py | 100] INFO: Finish the dispatch.
2022-02-21 21:38:19,530 [simulator_env.py | 278] INFO: 2022-02-21 11:10:00, Order 10551300367: state = 1 < 2, we can not finish the simulation
2022-02-21 21:38:19,531 [simulator_env.py | 87] INFO: **************************************************
2022-02-21 21:38:19,531 [simulator_env.py | 91] INFO: cur time: 2022-02-21 11:20:00, pre time: 2022-02-21 11:10:00
2022-02-21 21:38:19,531 [simulator_env.py | 147] INFO: Start to update the input of 2022-02-21 11:20:00
2022-02-21 21:38:19,545 [simulator_env.py | 175] INFO: Get 36 unallocated orders, 32 ongoing orders, 386 completed orders.
2022-02-21 21:38:21,478 [simulator_env.py | 100] INFO: Finish the dispatch.
2022-02-21 21:38:21,482 [simulator_env.py | 278] INFO: 2022-02-21 11:20:00, Order 11062200408: state = 1 < 2, we can not finish the simulation
2022-02-21 21:38:21,484 [simulator_env.py | 87] INFO: **************************************************
2022-02-21 21:38:21,484 [simulator_env.py | 91] INFO: cur time: 2022-02-21 11:30:00, pre time: 2022-02-21 11:20:00
2022-02-21 21:38:21,484 [simulator_env.py | 147] INFO: Start to update the input of 2022-02-21 11:30:00
2022-02-21 21:38:21,499 [simulator_env.py | 175] INFO: Get 34 unallocated orders, 22 ongoing orders, 427 completed orders.
2022-02-21 21:38:23,342 [simulator_env.py | 100] INFO: Finish the dispatch.
2022-02-21 21:38:23,345 [simulator_env.py | 278] INFO: 2022-02-21 11:30:00, Order 11134600433: state = 1 < 2, we can not finish the simulation
2022-02-21 21:38:23,346 [simulator_env.py | 87] INFO: **************************************************
2022-02-21 21:38:23,346 [simulator_env.py | 91] INFO: cur time: 2022-02-21 11:40:00, pre time: 2022-02-21 11:30:00
2022-02-21 21:38:23,346 [simulator_env.py | 147] INFO: Start to update the input of 2022-02-21 11:40:00
2022-02-21 21:38:23,360 [simulator_env.py | 175] INFO: Get 27 unallocated orders, 25 ongoing orders, 458 completed orders.
2022-02-21 21:38:25,269 [simulator_env.py | 100] INFO: Finish the dispatch.
2022-02-21 21:38:25,273 [simulator_env.py | 278] INFO: 2022-02-21 11:40:00, Order 11300400483: state = 1 < 2, we can not finish the simulation
2022-02-21 21:38:25,274 [simulator_env.py | 87] INFO: **************************************************
2022-02-21 21:38:25,274 [simulator_env.py | 91] INFO: cur time: 2022-02-21 11:50:00, pre time: 2022-02-21 11:40:00
2022-02-21 21:38:25,274 [simulator_env.py | 147] INFO: Start to update the input of 2022-02-21 11:50:00
2022-02-21 21:38:25,291 [simulator_env.py | 175] INFO: Get 35 unallocated orders, 19 ongoing orders, 491 completed orders.
2022-02-21 21:38:27,982 [simulator_env.py | 100] INFO: Finish the dispatch.
2022-02-21 21:38:27,985 [simulator_env.py | 278] INFO: 2022-02-21 11:50:00, Order 11403800510: state = 1 < 2, we can not finish the simulation
2022-02-21 21:38:27,986 [simulator_env.py | 87] INFO: **************************************************
2022-02-21 21:38:27,986 [simulator_env.py | 91] INFO: cur time: 2022-02-21 12:00:00, pre time: 2022-02-21 11:50:00
2022-02-21 21:38:27,986 [simulator_env.py | 147] INFO: Start to update the input of 2022-02-21 12:00:00
2022-02-21 21:38:28,005 [simulator_env.py | 175] INFO: Get 39 unallocated orders, 28 ongoing orders, 517 completed orders.
2022-02-21 21:38:30,114 [simulator_env.py | 100] INFO: Finish the dispatch.
2022-02-21 21:38:30,119 [simulator_env.py | 278] INFO: 2022-02-21 12:00:00, Order 11500100545: state = 1 < 2, we can not finish the simulation
2022-02-21 21:38:30,121 [simulator_env.py | 87] INFO: **************************************************
2022-02-21 21:38:30,121 [simulator_env.py | 91] INFO: cur time: 2022-02-21 12:10:00, pre time: 2022-02-21 12:00:00
2022-02-21 21:38:30,121 [simulator_env.py | 147] INFO: Start to update the input of 2022-02-21 12:10:00
2022-02-21 21:38:30,134 [simulator_env.py | 175] INFO: Get 25 unallocated orders, 25 ongoing orders, 557 completed orders.
2022-02-21 21:38:32,054 [simulator_env.py | 100] INFO: Finish the dispatch.
2022-02-21 21:38:32,058 [simulator_env.py | 278] INFO: 2022-02-21 12:10:00, Order 11572400576: state = 1 < 2, we can not finish the simulation
2022-02-21 21:38:32,060 [simulator_env.py | 87] INFO: **************************************************
2022-02-21 21:38:32,060 [simulator_env.py | 91] INFO: cur time: 2022-02-21 12:20:00, pre time: 2022-02-21 12:10:00
2022-02-21 21:38:32,060 [simulator_env.py | 147] INFO: Start to update the input of 2022-02-21 12:20:00
2022-02-21 21:38:32,072 [simulator_env.py | 175] INFO: Get 22 unallocated orders, 16 ongoing orders, 590 completed orders.
2022-02-21 21:38:34,029 [simulator_env.py | 100] INFO: Finish the dispatch.
2022-02-21 21:38:34,032 [simulator_env.py | 278] INFO: 2022-02-21 12:20:00, Order 12034800591: state = 1 < 2, we can not finish the simulation
2022-02-21 21:38:34,033 [simulator_env.py | 87] INFO: **************************************************
2022-02-21 21:38:34,033 [simulator_env.py | 91] INFO: cur time: 2022-02-21 12:30:00, pre time: 2022-02-21 12:20:00
2022-02-21 21:38:34,033 [simulator_env.py | 147] INFO: Start to update the input of 2022-02-21 12:30:00
2022-02-21 21:38:34,041 [simulator_env.py | 175] INFO: Get 16 unallocated orders, 16 ongoing orders, 612 completed orders.
2022-02-21 21:38:36,060 [simulator_env.py | 100] INFO: Finish the dispatch.
2022-02-21 21:38:36,062 [simulator_env.py | 278] INFO: 2022-02-21 12:30:00, Order 12201400628: state = 1 < 2, we can not finish the simulation
2022-02-21 21:38:36,063 [simulator_env.py | 87] INFO: **************************************************
2022-02-21 21:38:36,063 [simulator_env.py | 91] INFO: cur time: 2022-02-21 12:40:00, pre time: 2022-02-21 12:30:00
2022-02-21 21:38:36,063 [simulator_env.py | 147] INFO: Start to update the input of 2022-02-21 12:40:00
2022-02-21 21:38:36,070 [simulator_env.py | 175] INFO: Get 17 unallocated orders, 11 ongoing orders, 633 completed orders.
2022-02-21 21:38:38,066 [simulator_env.py | 100] INFO: Finish the dispatch.
2022-02-21 21:38:38,069 [simulator_env.py | 278] INFO: 2022-02-21 12:40:00, Order 12303600644: state = 1 < 2, we can not finish the simulation
2022-02-21 21:38:38,069 [simulator_env.py | 87] INFO: **************************************************
2022-02-21 21:38:38,070 [simulator_env.py | 91] INFO: cur time: 2022-02-21 12:50:00, pre time: 2022-02-21 12:40:00
2022-02-21 21:38:38,070 [simulator_env.py | 147] INFO: Start to update the input of 2022-02-21 12:50:00
2022-02-21 21:38:38,079 [simulator_env.py | 175] INFO: Get 17 unallocated orders, 12 ongoing orders, 649 completed orders.
2022-02-21 21:38:40,105 [simulator_env.py | 100] INFO: Finish the dispatch.
2022-02-21 21:38:40,108 [simulator_env.py | 278] INFO: 2022-02-21 12:50:00, Order 12402300661: state = 1 < 2, we can not finish the simulation
2022-02-21 21:38:40,108 [simulator_env.py | 87] INFO: **************************************************
2022-02-21 21:38:40,109 [simulator_env.py | 91] INFO: cur time: 2022-02-21 13:00:00, pre time: 2022-02-21 12:50:00
2022-02-21 21:38:40,109 [simulator_env.py | 147] INFO: Start to update the input of 2022-02-21 13:00:00
2022-02-21 21:38:40,117 [simulator_env.py | 175] INFO: Get 7 unallocated orders, 17 ongoing orders, 661 completed orders.
2022-02-21 21:38:42,134 [simulator_env.py | 100] INFO: Finish the dispatch.
2022-02-21 21:38:42,137 [simulator_env.py | 278] INFO: 2022-02-21 13:00:00, Order 12511900678: state = 1 < 2, we can not finish the simulation
2022-02-21 21:38:42,138 [simulator_env.py | 87] INFO: **************************************************
2022-02-21 21:38:42,138 [simulator_env.py | 91] INFO: cur time: 2022-02-21 13:10:00, pre time: 2022-02-21 13:00:00
2022-02-21 21:38:42,138 [simulator_env.py | 147] INFO: Start to update the input of 2022-02-21 13:10:00
2022-02-21 21:38:42,145 [simulator_env.py | 175] INFO: Get 20 unallocated orders, 6 ongoing orders, 679 completed orders.
2022-02-21 21:38:44,166 [simulator_env.py | 100] INFO: Finish the dispatch.
2022-02-21 21:38:44,167 [simulator_env.py | 278] INFO: 2022-02-21 13:10:00, Order 13002600685: state = 1 < 2, we can not finish the simulation
2022-02-21 21:38:44,168 [simulator_env.py | 87] INFO: **************************************************
2022-02-21 21:38:44,168 [simulator_env.py | 91] INFO: cur time: 2022-02-21 13:20:00, pre time: 2022-02-21 13:10:00
2022-02-21 21:38:44,168 [simulator_env.py | 147] INFO: Start to update the input of 2022-02-21 13:20:00
2022-02-21 21:38:44,176 [simulator_env.py | 175] INFO: Get 19 unallocated orders, 13 ongoing orders, 691 completed orders.
2022-02-21 21:38:46,085 [simulator_env.py | 100] INFO: Finish the dispatch.
2022-02-21 21:38:46,088 [simulator_env.py | 278] INFO: 2022-02-21 13:20:00, Order 13050100695: state = 1 < 2, we can not finish the simulation
2022-02-21 21:38:46,089 [simulator_env.py | 87] INFO: **************************************************
2022-02-21 21:38:46,089 [simulator_env.py | 91] INFO: cur time: 2022-02-21 13:30:00, pre time: 2022-02-21 13:20:00
2022-02-21 21:38:46,089 [simulator_env.py | 147] INFO: Start to update the input of 2022-02-21 13:30:00
2022-02-21 21:38:46,099 [simulator_env.py | 175] INFO: Get 14 unallocated orders, 12 ongoing orders, 711 completed orders.
2022-02-21 21:38:47,763 [simulator_env.py | 100] INFO: Finish the dispatch.
2022-02-21 21:38:47,765 [simulator_env.py | 278] INFO: 2022-02-21 13:30:00, Order 13210000723: state = 1 < 2, we can not finish the simulation
2022-02-21 21:38:47,766 [simulator_env.py | 87] INFO: **************************************************
2022-02-21 21:38:47,766 [simulator_env.py | 91] INFO: cur time: 2022-02-21 13:40:00, pre time: 2022-02-21 13:30:00
2022-02-21 21:38:47,766 [simulator_env.py | 147] INFO: Start to update the input of 2022-02-21 13:40:00
2022-02-21 21:38:47,771 [simulator_env.py | 175] INFO: Get 6 unallocated orders, 10 ongoing orders, 727 completed orders.
2022-02-21 21:38:49,329 [simulator_env.py | 100] INFO: Finish the dispatch.
2022-02-21 21:38:49,331 [simulator_env.py | 278] INFO: 2022-02-21 13:40:00, Order 13310400737: state = 1 < 2, we can not finish the simulation
2022-02-21 21:38:49,332 [simulator_env.py | 87] INFO: **************************************************
2022-02-21 21:38:49,332 [simulator_env.py | 91] INFO: cur time: 2022-02-21 13:50:00, pre time: 2022-02-21 13:40:00
2022-02-21 21:38:49,332 [simulator_env.py | 147] INFO: Start to update the input of 2022-02-21 13:50:00
2022-02-21 21:38:49,336 [simulator_env.py | 175] INFO: Get 17 unallocated orders, 3 ongoing orders, 740 completed orders.
2022-02-21 21:38:50,841 [simulator_env.py | 100] INFO: Finish the dispatch.
2022-02-21 21:38:50,843 [simulator_env.py | 278] INFO: 2022-02-21 13:50:00, Order 13401300743: state = 1 < 2, we can not finish the simulation
2022-02-21 21:38:50,844 [simulator_env.py | 87] INFO: **************************************************
2022-02-21 21:38:50,844 [simulator_env.py | 91] INFO: cur time: 2022-02-21 14:00:00, pre time: 2022-02-21 13:50:00
2022-02-21 21:38:50,844 [simulator_env.py | 147] INFO: Start to update the input of 2022-02-21 14:00:00
2022-02-21 21:38:50,856 [simulator_env.py | 175] INFO: Get 7 unallocated orders, 15 ongoing orders, 745 completed orders.
2022-02-21 21:38:52,621 [simulator_env.py | 100] INFO: Finish the dispatch.
2022-02-21 21:38:52,624 [simulator_env.py | 278] INFO: 2022-02-21 14:00:00, Order 13504200760: state = 1 < 2, we can not finish the simulation
2022-02-21 21:38:52,625 [simulator_env.py | 87] INFO: **************************************************
2022-02-21 21:38:52,625 [simulator_env.py | 91] INFO: cur time: 2022-02-21 14:10:00, pre time: 2022-02-21 14:00:00
2022-02-21 21:38:52,625 [simulator_env.py | 147] INFO: Start to update the input of 2022-02-21 14:10:00
2022-02-21 21:38:52,636 [simulator_env.py | 175] INFO: Get 13 unallocated orders, 5 ongoing orders, 762 completed orders.
2022-02-21 21:38:54,404 [simulator_env.py | 100] INFO: Finish the dispatch.
2022-02-21 21:38:54,405 [simulator_env.py | 278] INFO: 2022-02-21 14:10:00, Order 14001800767: state = 1 < 2, we can not finish the simulation
2022-02-21 21:38:54,406 [simulator_env.py | 87] INFO: **************************************************
2022-02-21 21:38:54,406 [simulator_env.py | 91] INFO: cur time: 2022-02-21 14:20:00, pre time: 2022-02-21 14:10:00
2022-02-21 21:38:54,406 [simulator_env.py | 147] INFO: Start to update the input of 2022-02-21 14:20:00
2022-02-21 21:38:54,415 [simulator_env.py | 175] INFO: Get 21 unallocated orders, 12 ongoing orders, 768 completed orders.
2022-02-21 21:38:56,135 [simulator_env.py | 100] INFO: Finish the dispatch.
2022-02-21 21:38:56,138 [simulator_env.py | 278] INFO: 2022-02-21 14:20:00, Order 14101400780: state = 1 < 2, we can not finish the simulation
2022-02-21 21:38:56,139 [simulator_env.py | 87] INFO: **************************************************
2022-02-21 21:38:56,139 [simulator_env.py | 91] INFO: cur time: 2022-02-21 14:30:00, pre time: 2022-02-21 14:20:00
2022-02-21 21:38:56,139 [simulator_env.py | 147] INFO: Start to update the input of 2022-02-21 14:30:00
2022-02-21 21:38:56,147 [simulator_env.py | 175] INFO: Get 13 unallocated orders, 17 ongoing orders, 784 completed orders.
2022-02-21 21:38:57,616 [simulator_env.py | 100] INFO: Finish the dispatch.
2022-02-21 21:38:57,618 [simulator_env.py | 278] INFO: 2022-02-21 14:30:00, Order 14201600801: state = 1 < 2, we can not finish the simulation
2022-02-21 21:38:57,619 [simulator_env.py | 87] INFO: **************************************************
2022-02-21 21:38:57,619 [simulator_env.py | 91] INFO: cur time: 2022-02-21 14:40:00, pre time: 2022-02-21 14:30:00
2022-02-21 21:38:57,620 [simulator_env.py | 147] INFO: Start to update the input of 2022-02-21 14:40:00
2022-02-21 21:38:57,624 [simulator_env.py | 175] INFO: Get 14 unallocated orders, 9 ongoing orders, 805 completed orders.
2022-02-21 21:38:59,166 [simulator_env.py | 100] INFO: Finish the dispatch.
2022-02-21 21:38:59,168 [simulator_env.py | 278] INFO: 2022-02-21 14:40:00, Order 14303900814: state = 1 < 2, we can not finish the simulation
2022-02-21 21:38:59,169 [simulator_env.py | 87] INFO: **************************************************
2022-02-21 21:38:59,169 [simulator_env.py | 91] INFO: cur time: 2022-02-21 14:50:00, pre time: 2022-02-21 14:40:00
2022-02-21 21:38:59,169 [simulator_env.py | 147] INFO: Start to update the input of 2022-02-21 14:50:00
2022-02-21 21:38:59,177 [simulator_env.py | 175] INFO: Get 10 unallocated orders, 12 ongoing orders, 816 completed orders.
2022-02-21 21:39:00,667 [simulator_env.py | 100] INFO: Finish the dispatch.
2022-02-21 21:39:00,669 [simulator_env.py | 278] INFO: 2022-02-21 14:50:00, Order 14412200828: state = 1 < 2, we can not finish the simulation
2022-02-21 21:39:00,670 [simulator_env.py | 87] INFO: **************************************************
2022-02-21 21:39:00,670 [simulator_env.py | 91] INFO: cur time: 2022-02-21 15:00:00, pre time: 2022-02-21 14:50:00
2022-02-21 21:39:00,670 [simulator_env.py | 147] INFO: Start to update the input of 2022-02-21 15:00:00
2022-02-21 21:39:00,681 [simulator_env.py | 175] INFO: Get 10 unallocated orders, 6 ongoing orders, 832 completed orders.
2022-02-21 21:39:02,278 [simulator_env.py | 100] INFO: Finish the dispatch.
2022-02-21 21:39:02,281 [simulator_env.py | 278] INFO: 2022-02-21 15:00:00, Order 14521100838: state = 1 < 2, we can not finish the simulation
2022-02-21 21:39:02,282 [simulator_env.py | 87] INFO: **************************************************
2022-02-21 21:39:02,282 [simulator_env.py | 91] INFO: cur time: 2022-02-21 15:10:00, pre time: 2022-02-21 15:00:00
2022-02-21 21:39:02,282 [simulator_env.py | 147] INFO: Start to update the input of 2022-02-21 15:10:00
2022-02-21 21:39:02,290 [simulator_env.py | 175] INFO: Get 0 unallocated orders, 6 ongoing orders, 842 completed orders.
2022-02-21 21:39:03,888 [simulator_env.py | 100] INFO: Finish the dispatch.
2022-02-21 21:39:03,890 [simulator_env.py | 281] INFO: 2022-02-21 15:10:00, the status of all orders is greater than 1, we could finish the simulation
2022-02-21 21:39:03,892 [simulator_env.py | 124] INFO: finished the left ongoing orders
2022-02-21 21:39:03,893 [evaluator.py    | 116] INFO: Traveling Distance of driver D_1 is  98.980, visited node list: 36
2022-02-21 21:39:03,894 [evaluator.py    | 116] INFO: Traveling Distance of driver D_2 is  98.130, visited node list: 35
2022-02-21 21:39:03,896 [evaluator.py    | 116] INFO: Traveling Distance of driver D_3 is  121.910, visited node list: 42
2022-02-21 21:39:03,896 [evaluator.py    | 116] INFO: Traveling Distance of driver D_4 is  127.710, visited node list: 39
2022-02-21 21:39:03,897 [evaluator.py    | 116] INFO: Traveling Distance of driver D_5 is  123.660, visited node list: 41
2022-02-21 21:39:03,897 [evaluator.py    | 116] INFO: Traveling Distance of driver D_6 is  124.730, visited node list: 45
2022-02-21 21:39:03,898 [evaluator.py    | 116] INFO: Traveling Distance of driver D_7 is  109.540, visited node list: 39
2022-02-21 21:39:03,898 [evaluator.py    | 116] INFO: Traveling Distance of driver D_8 is  123.770, visited node list: 49
2022-02-21 21:39:03,899 [evaluator.py    | 116] INFO: Traveling Distance of driver D_9 is  137.710, visited node list: 44
2022-02-21 21:39:03,899 [evaluator.py    | 116] INFO: Traveling Distance of driver D_10 is  117.970, visited node list: 44
2022-02-21 21:39:03,900 [evaluator.py    | 116] INFO: Traveling Distance of driver D_11 is  109.340, visited node list: 43
2022-02-21 21:39:03,900 [evaluator.py    | 116] INFO: Traveling Distance of driver D_12 is  113.530, visited node list: 40
2022-02-21 21:39:03,901 [evaluator.py    | 116] INFO: Traveling Distance of driver D_13 is  114.300, visited node list: 39
2022-02-21 21:39:03,901 [evaluator.py    | 116] INFO: Traveling Distance of driver D_14 is  120.600, visited node list: 45
2022-02-21 21:39:03,901 [evaluator.py    | 116] INFO: Traveling Distance of driver D_15 is  115.380, visited node list: 38
2022-02-21 21:39:03,902 [evaluator.py    | 116] INFO: Traveling Distance of driver D_16 is  104.760, visited node list: 43
2022-02-21 21:39:03,902 [evaluator.py    | 116] INFO: Traveling Distance of driver D_17 is  111.480, visited node list: 40
2022-02-21 21:39:03,903 [evaluator.py    | 116] INFO: Traveling Distance of driver D_18 is  106.720, visited node list: 36
2022-02-21 21:39:03,904 [evaluator.py    | 116] INFO: Traveling Distance of driver D_19 is  122.300, visited node list: 42
2022-02-21 21:39:03,904 [evaluator.py    | 116] INFO: Traveling Distance of driver D_20 is  106.330, visited node list: 41
2022-02-21 21:39:03,904 [evaluator.py    | 116] INFO: Traveling Distance of driver D_21 is  114.020, visited node list: 41
2022-02-21 21:39:03,905 [evaluator.py    | 116] INFO: Traveling Distance of driver D_22 is  99.670, visited node list: 41
2022-02-21 21:39:03,905 [evaluator.py    | 116] INFO: Traveling Distance of driver D_23 is  98.240, visited node list: 33
2022-02-21 21:39:03,906 [evaluator.py    | 116] INFO: Traveling Distance of driver D_24 is  98.250, visited node list: 36
2022-02-21 21:39:03,906 [evaluator.py    | 116] INFO: Traveling Distance of driver D_25 is  106.170, visited node list: 36
2022-02-21 21:39:03,906 [evaluator.py    | 116] INFO: Traveling Distance of driver D_26 is  96.300, visited node list: 33
2022-02-21 21:39:03,907 [evaluator.py    | 116] INFO: Traveling Distance of driver D_27 is  95.710, visited node list: 32
2022-02-21 21:39:03,907 [evaluator.py    | 116] INFO: Traveling Distance of driver D_28 is  78.570, visited node list: 29
2022-02-21 21:39:03,907 [evaluator.py    | 116] INFO: Traveling Distance of driver D_29 is  71.320, visited node list: 26
2022-02-21 21:39:03,908 [evaluator.py    | 116] INFO: Traveling Distance of driver D_30 is  76.780, visited node list: 25
2022-02-21 21:39:03,908 [evaluator.py    | 116] INFO: Traveling Distance of driver D_31 is  60.730, visited node list: 21
2022-02-21 21:39:03,908 [evaluator.py    | 116] INFO: Traveling Distance of driver D_32 is  86.050, visited node list: 33
2022-02-21 21:39:03,908 [evaluator.py    | 116] INFO: Traveling Distance of driver D_33 is  84.720, visited node list: 30
2022-02-21 21:39:03,909 [evaluator.py    | 116] INFO: Traveling Distance of driver D_34 is  67.380, visited node list: 25
2022-02-21 21:39:03,909 [evaluator.py    | 116] INFO: Traveling Distance of driver D_35 is  84.550, visited node list: 30
2022-02-21 21:39:03,909 [evaluator.py    | 116] INFO: Traveling Distance of driver D_36 is  76.450, visited node list: 30
2022-02-21 21:39:03,909 [evaluator.py    | 116] INFO: Traveling Distance of driver D_37 is  65.350, visited node list: 24
2022-02-21 21:39:03,910 [evaluator.py    | 116] INFO: Traveling Distance of driver D_38 is  61.150, visited node list: 21
2022-02-21 21:39:03,910 [evaluator.py    | 116] INFO: Traveling Distance of driver D_39 is  59.430, visited node list: 23
2022-02-21 21:39:03,910 [evaluator.py    | 116] INFO: Traveling Distance of driver D_40 is  72.000, visited node list: 25
2022-02-21 21:39:03,910 [evaluator.py    | 116] INFO: Traveling Distance of driver D_41 is  36.400, visited node list: 14
2022-02-21 21:39:03,910 [evaluator.py    | 116] INFO: Traveling Distance of driver D_42 is  42.820, visited node list: 13
2022-02-21 21:39:03,911 [evaluator.py    | 116] INFO: Traveling Distance of driver D_43 is  51.570, visited node list: 18
2022-02-21 21:39:03,911 [evaluator.py    | 116] INFO: Traveling Distance of driver D_44 is  54.730, visited node list: 19
2022-02-21 21:39:03,911 [evaluator.py    | 116] INFO: Traveling Distance of driver D_45 is  60.340, visited node list: 21
2022-02-21 21:39:03,911 [evaluator.py    | 116] INFO: Traveling Distance of driver D_46 is  46.100, visited node list: 14
2022-02-21 21:39:03,912 [evaluator.py    | 116] INFO: Traveling Distance of driver D_47 is  46.700, visited node list: 16
2022-02-21 21:39:03,912 [evaluator.py    | 116] INFO: Traveling Distance of driver D_48 is  55.180, visited node list: 17
2022-02-21 21:39:03,912 [evaluator.py    | 116] INFO: Traveling Distance of driver D_49 is  52.190, visited node list: 19
2022-02-21 21:39:03,913 [evaluator.py    | 116] INFO: Traveling Distance of driver D_50 is  48.470, visited node list: 17
2022-02-21 21:39:03,913 [evaluator.py    | 116] INFO: Traveling Distance of driver D_51 is  51.770, visited node list: 21
2022-02-21 21:39:03,913 [evaluator.py    | 116] INFO: Traveling Distance of driver D_52 is  41.820, visited node list: 15
2022-02-21 21:39:03,913 [evaluator.py    | 116] INFO: Traveling Distance of driver D_53 is  36.340, visited node list: 16
2022-02-21 21:39:03,914 [evaluator.py    | 116] INFO: Traveling Distance of driver D_54 is  38.520, visited node list: 13
2022-02-21 21:39:03,914 [evaluator.py    | 116] INFO: Traveling Distance of driver D_55 is  45.060, visited node list: 15
2022-02-21 21:39:03,914 [evaluator.py    | 116] INFO: Traveling Distance of driver D_56 is  44.740, visited node list: 16
2022-02-21 21:39:03,914 [evaluator.py    | 116] INFO: Traveling Distance of driver D_57 is  32.650, visited node list: 13
2022-02-21 21:39:03,914 [evaluator.py    | 116] INFO: Traveling Distance of driver D_58 is  31.970, visited node list: 15
2022-02-21 21:39:03,914 [evaluator.py    | 116] INFO: Traveling Distance of driver D_59 is  38.070, visited node list: 11
2022-02-21 21:39:03,915 [evaluator.py    | 116] INFO: Traveling Distance of driver D_60 is  33.780, visited node list: 14
2022-02-21 21:39:03,915 [evaluator.py    | 18] INFO: Total distance:  4850.910
2022-02-21 21:39:03,965 [evaluator.py    | 22] INFO: Sum over time:  0.000
2022-02-21 21:39:03,966 [evaluator.py    | 26] INFO: Total score:  80.849
2022-02-21 21:39:04,083 [main.py         | 43] INFO: Score of instance_11: 80.84850000000003
