2022-02-21 23:36:42,351 [main.py         | 38] INFO: Start to run /Users/yangjingfeng/Library/CloudStorage/OneDrive-Personal/Public/PhD Study/Papers/Food_Delivery/Code/Food_delivery_simulator/Benchmark/Instance_small_2: instance_70
2022-02-21 23:36:42,352 [simulator_api.py | 43] INFO: Start time of the simulator: 2022-02-21 09:00:00, time interval:  600.00
2022-02-21 23:36:43,038 [input_utils.py  | 35] INFO: Get 2165 locations
2022-02-21 23:36:43,051 [input_utils.py  | 39] INFO: Get 100 drivers
2022-02-21 23:36:43,477 [input_utils.py  | 43] INFO: Get 1204 orders
2022-02-21 23:36:43,478 [simulator_api.py | 75] INFO: Initial position of D_1 is Lorong 8 Toa Payoh Hawker Centre
2022-02-21 23:36:43,478 [simulator_api.py | 75] INFO: Initial position of D_2 is Lorong 8 Toa Payoh Hawker Centre
2022-02-21 23:36:43,478 [simulator_api.py | 75] INFO: Initial position of D_3 is Old Airport Road Food Centre
2022-02-21 23:36:43,478 [simulator_api.py | 75] INFO: Initial position of D_4 is Bedok Interchange Hawker Centre
2022-02-21 23:36:43,478 [simulator_api.py | 75] INFO: Initial position of D_5 is Chomp Chomp
2022-02-21 23:36:43,478 [simulator_api.py | 75] INFO: Initial position of D_6 is Lorong 8 Toa Payoh Hawker Centre
2022-02-21 23:36:43,479 [simulator_api.py | 75] INFO: Initial position of D_7 is Lorong 8 Toa Payoh Hawker Centre
2022-02-21 23:36:43,479 [simulator_api.py | 75] INFO: Initial position of D_8 is Bedok Interchange Hawker Centre
2022-02-21 23:36:43,479 [simulator_api.py | 75] INFO: Initial position of D_9 is Lorong 8 Toa Payoh Hawker Centre
2022-02-21 23:36:43,479 [simulator_api.py | 75] INFO: Initial position of D_10 is Bedok Interchange Hawker Centre
2022-02-21 23:36:43,479 [simulator_api.py | 75] INFO: Initial position of D_11 is Chomp Chomp
2022-02-21 23:36:43,479 [simulator_api.py | 75] INFO: Initial position of D_12 is Kovan Food Centre (209 Hougang Street 21)
2022-02-21 23:36:43,479 [simulator_api.py | 75] INFO: Initial position of D_13 is Chomp Chomp
2022-02-21 23:36:43,479 [simulator_api.py | 75] INFO: Initial position of D_14 is Kovan Food Centre (209 Hougang Street 21)
2022-02-21 23:36:43,479 [simulator_api.py | 75] INFO: Initial position of D_15 is Bedok Interchange Hawker Centre
2022-02-21 23:36:43,479 [simulator_api.py | 75] INFO: Initial position of D_16 is Kovan Food Centre (209 Hougang Street 21)
2022-02-21 23:36:43,480 [simulator_api.py | 75] INFO: Initial position of D_17 is Old Airport Road Food Centre
2022-02-21 23:36:43,480 [simulator_api.py | 75] INFO: Initial position of D_18 is Chomp Chomp
2022-02-21 23:36:43,480 [simulator_api.py | 75] INFO: Initial position of D_19 is Bedok Interchange Hawker Centre
2022-02-21 23:36:43,480 [simulator_api.py | 75] INFO: Initial position of D_20 is Chomp Chomp
2022-02-21 23:36:43,480 [simulator_api.py | 75] INFO: Initial position of D_21 is Breadtalk Ihq, 30 Tai Seng St, Singapore 534013, Singapore
2022-02-21 23:36:43,480 [simulator_api.py | 75] INFO: Initial position of D_22 is Chomp Chomp
2022-02-21 23:36:43,480 [simulator_api.py | 75] INFO: Initial position of D_23 is Kovan Food Centre (209 Hougang Street 21)
2022-02-21 23:36:43,480 [simulator_api.py | 75] INFO: Initial position of D_24 is Bedok Interchange Hawker Centre
2022-02-21 23:36:43,480 [simulator_api.py | 75] INFO: Initial position of D_25 is Old Airport Road Food Centre
2022-02-21 23:36:43,480 [simulator_api.py | 75] INFO: Initial position of D_26 is Breadtalk Ihq, 30 Tai Seng St, Singapore 534013, Singapore
2022-02-21 23:36:43,480 [simulator_api.py | 75] INFO: Initial position of D_27 is Old Airport Road Food Centre
2022-02-21 23:36:43,480 [simulator_api.py | 75] INFO: Initial position of D_28 is Breadtalk Ihq, 30 Tai Seng St, Singapore 534013, Singapore
2022-02-21 23:36:43,481 [simulator_api.py | 75] INFO: Initial position of D_29 is Bedok Interchange Hawker Centre
2022-02-21 23:36:43,481 [simulator_api.py | 75] INFO: Initial position of D_30 is Lorong 8 Toa Payoh Hawker Centre
2022-02-21 23:36:43,481 [simulator_api.py | 75] INFO: Initial position of D_31 is Chomp Chomp
2022-02-21 23:36:43,481 [simulator_api.py | 75] INFO: Initial position of D_32 is Old Airport Road Food Centre
2022-02-21 23:36:43,482 [simulator_api.py | 75] INFO: Initial position of D_33 is Bedok Interchange Hawker Centre
2022-02-21 23:36:43,482 [simulator_api.py | 75] INFO: Initial position of D_34 is Lorong 8 Toa Payoh Hawker Centre
2022-02-21 23:36:43,482 [simulator_api.py | 75] INFO: Initial position of D_35 is Bedok Interchange Hawker Centre
2022-02-21 23:36:43,482 [simulator_api.py | 75] INFO: Initial position of D_36 is Chomp Chomp
2022-02-21 23:36:43,482 [simulator_api.py | 75] INFO: Initial position of D_37 is Breadtalk Ihq, 30 Tai Seng St, Singapore 534013, Singapore
2022-02-21 23:36:43,482 [simulator_api.py | 75] INFO: Initial position of D_38 is Kovan Food Centre (209 Hougang Street 21)
2022-02-21 23:36:43,482 [simulator_api.py | 75] INFO: Initial position of D_39 is Chomp Chomp
2022-02-21 23:36:43,482 [simulator_api.py | 75] INFO: Initial position of D_40 is Lorong 8 Toa Payoh Hawker Centre
2022-02-21 23:36:43,482 [simulator_api.py | 75] INFO: Initial position of D_41 is Lorong 8 Toa Payoh Hawker Centre
2022-02-21 23:36:43,482 [simulator_api.py | 75] INFO: Initial position of D_42 is Chomp Chomp
2022-02-21 23:36:43,482 [simulator_api.py | 75] INFO: Initial position of D_43 is Bedok Interchange Hawker Centre
2022-02-21 23:36:43,483 [simulator_api.py | 75] INFO: Initial position of D_44 is Old Airport Road Food Centre
2022-02-21 23:36:43,483 [simulator_api.py | 75] INFO: Initial position of D_45 is Chomp Chomp
2022-02-21 23:36:43,483 [simulator_api.py | 75] INFO: Initial position of D_46 is Old Airport Road Food Centre
2022-02-21 23:36:43,483 [simulator_api.py | 75] INFO: Initial position of D_47 is Old Airport Road Food Centre
2022-02-21 23:36:43,483 [simulator_api.py | 75] INFO: Initial position of D_48 is Breadtalk Ihq, 30 Tai Seng St, Singapore 534013, Singapore
2022-02-21 23:36:43,483 [simulator_api.py | 75] INFO: Initial position of D_49 is Lorong 8 Toa Payoh Hawker Centre
2022-02-21 23:36:43,484 [simulator_api.py | 75] INFO: Initial position of D_50 is Breadtalk Ihq, 30 Tai Seng St, Singapore 534013, Singapore
2022-02-21 23:36:43,484 [simulator_api.py | 75] INFO: Initial position of D_51 is Breadtalk Ihq, 30 Tai Seng St, Singapore 534013, Singapore
2022-02-21 23:36:43,484 [simulator_api.py | 75] INFO: Initial position of D_52 is Breadtalk Ihq, 30 Tai Seng St, Singapore 534013, Singapore
2022-02-21 23:36:43,484 [simulator_api.py | 75] INFO: Initial position of D_53 is Old Airport Road Food Centre
2022-02-21 23:36:43,484 [simulator_api.py | 75] INFO: Initial position of D_54 is Chomp Chomp
2022-02-21 23:36:43,484 [simulator_api.py | 75] INFO: Initial position of D_55 is Lorong 8 Toa Payoh Hawker Centre
2022-02-21 23:36:43,485 [simulator_api.py | 75] INFO: Initial position of D_56 is Bedok Interchange Hawker Centre
2022-02-21 23:36:43,485 [simulator_api.py | 75] INFO: Initial position of D_57 is Kovan Food Centre (209 Hougang Street 21)
2022-02-21 23:36:43,485 [simulator_api.py | 75] INFO: Initial position of D_58 is Breadtalk Ihq, 30 Tai Seng St, Singapore 534013, Singapore
2022-02-21 23:36:43,485 [simulator_api.py | 75] INFO: Initial position of D_59 is Bedok Interchange Hawker Centre
2022-02-21 23:36:43,485 [simulator_api.py | 75] INFO: Initial position of D_60 is Breadtalk Ihq, 30 Tai Seng St, Singapore 534013, Singapore
2022-02-21 23:36:43,485 [simulator_api.py | 75] INFO: Initial position of D_61 is Old Airport Road Food Centre
2022-02-21 23:36:43,485 [simulator_api.py | 75] INFO: Initial position of D_62 is Kovan Food Centre (209 Hougang Street 21)
2022-02-21 23:36:43,486 [simulator_api.py | 75] INFO: Initial position of D_63 is Chomp Chomp
2022-02-21 23:36:43,486 [simulator_api.py | 75] INFO: Initial position of D_64 is Kovan Food Centre (209 Hougang Street 21)
2022-02-21 23:36:43,486 [simulator_api.py | 75] INFO: Initial position of D_65 is Kovan Food Centre (209 Hougang Street 21)
2022-02-21 23:36:43,486 [simulator_api.py | 75] INFO: Initial position of D_66 is Kovan Food Centre (209 Hougang Street 21)
2022-02-21 23:36:43,486 [simulator_api.py | 75] INFO: Initial position of D_67 is Chomp Chomp
2022-02-21 23:36:43,486 [simulator_api.py | 75] INFO: Initial position of D_68 is Lorong 8 Toa Payoh Hawker Centre
2022-02-21 23:36:43,486 [simulator_api.py | 75] INFO: Initial position of D_69 is Old Airport Road Food Centre
2022-02-21 23:36:43,486 [simulator_api.py | 75] INFO: Initial position of D_70 is Old Airport Road Food Centre
2022-02-21 23:36:43,486 [simulator_api.py | 75] INFO: Initial position of D_71 is Bedok Interchange Hawker Centre
2022-02-21 23:36:43,486 [simulator_api.py | 75] INFO: Initial position of D_72 is Chomp Chomp
2022-02-21 23:36:43,486 [simulator_api.py | 75] INFO: Initial position of D_73 is Lorong 8 Toa Payoh Hawker Centre
2022-02-21 23:36:43,488 [simulator_api.py | 75] INFO: Initial position of D_74 is Old Airport Road Food Centre
2022-02-21 23:36:43,488 [simulator_api.py | 75] INFO: Initial position of D_75 is Bedok Interchange Hawker Centre
2022-02-21 23:36:43,489 [simulator_api.py | 75] INFO: Initial position of D_76 is Chomp Chomp
2022-02-21 23:36:43,489 [simulator_api.py | 75] INFO: Initial position of D_77 is Bedok Interchange Hawker Centre
2022-02-21 23:36:43,489 [simulator_api.py | 75] INFO: Initial position of D_78 is Breadtalk Ihq, 30 Tai Seng St, Singapore 534013, Singapore
2022-02-21 23:36:43,489 [simulator_api.py | 75] INFO: Initial position of D_79 is Old Airport Road Food Centre
2022-02-21 23:36:43,489 [simulator_api.py | 75] INFO: Initial position of D_80 is Chomp Chomp
2022-02-21 23:36:43,491 [simulator_api.py | 75] INFO: Initial position of D_81 is Bedok Interchange Hawker Centre
2022-02-21 23:36:43,491 [simulator_api.py | 75] INFO: Initial position of D_82 is Chomp Chomp
2022-02-21 23:36:43,491 [simulator_api.py | 75] INFO: Initial position of D_83 is Kovan Food Centre (209 Hougang Street 21)
2022-02-21 23:36:43,491 [simulator_api.py | 75] INFO: Initial position of D_84 is Chomp Chomp
2022-02-21 23:36:43,491 [simulator_api.py | 75] INFO: Initial position of D_85 is Chomp Chomp
2022-02-21 23:36:43,492 [simulator_api.py | 75] INFO: Initial position of D_86 is Chomp Chomp
2022-02-21 23:36:43,492 [simulator_api.py | 75] INFO: Initial position of D_87 is Bedok Interchange Hawker Centre
2022-02-21 23:36:43,492 [simulator_api.py | 75] INFO: Initial position of D_88 is Lorong 8 Toa Payoh Hawker Centre
2022-02-21 23:36:43,492 [simulator_api.py | 75] INFO: Initial position of D_89 is Old Airport Road Food Centre
2022-02-21 23:36:43,492 [simulator_api.py | 75] INFO: Initial position of D_90 is Chomp Chomp
2022-02-21 23:36:43,494 [simulator_api.py | 75] INFO: Initial position of D_91 is Lorong 8 Toa Payoh Hawker Centre
2022-02-21 23:36:43,495 [simulator_api.py | 75] INFO: Initial position of D_92 is Bedok Interchange Hawker Centre
2022-02-21 23:36:43,495 [simulator_api.py | 75] INFO: Initial position of D_93 is Chomp Chomp
2022-02-21 23:36:43,496 [simulator_api.py | 75] INFO: Initial position of D_94 is Kovan Food Centre (209 Hougang Street 21)
2022-02-21 23:36:43,496 [simulator_api.py | 75] INFO: Initial position of D_95 is Bedok Interchange Hawker Centre
2022-02-21 23:36:43,496 [simulator_api.py | 75] INFO: Initial position of D_96 is Kovan Food Centre (209 Hougang Street 21)
2022-02-21 23:36:43,496 [simulator_api.py | 75] INFO: Initial position of D_97 is Kovan Food Centre (209 Hougang Street 21)
2022-02-21 23:36:43,496 [simulator_api.py | 75] INFO: Initial position of D_98 is Kovan Food Centre (209 Hougang Street 21)
2022-02-21 23:36:43,496 [simulator_api.py | 75] INFO: Initial position of D_99 is Old Airport Road Food Centre
2022-02-21 23:36:43,496 [simulator_api.py | 75] INFO: Initial position of D_100 is Chomp Chomp
2022-02-21 23:36:43,520 [simulator_env.py | 87] INFO: **************************************************
2022-02-21 23:36:43,521 [simulator_env.py | 91] INFO: cur time: 2022-02-21 09:10:00, pre time: 2022-02-21 09:00:00
2022-02-21 23:36:43,521 [simulator_env.py | 147] INFO: Start to update the input of 2022-02-21 09:10:00
2022-02-21 23:36:43,525 [simulator_env.py | 175] INFO: Get 38 unallocated orders, 0 ongoing orders, 0 completed orders.
2022-02-21 23:36:46,599 [simulator_env.py | 100] INFO: Finish the dispatch.
2022-02-21 23:36:46,602 [simulator_env.py | 278] INFO: 2022-02-21 09:10:00, Order 09000500000: state = 1 < 2, we can not finish the simulation
2022-02-21 23:36:46,602 [simulator_env.py | 87] INFO: **************************************************
2022-02-21 23:36:46,603 [simulator_env.py | 91] INFO: cur time: 2022-02-21 09:20:00, pre time: 2022-02-21 09:10:00
2022-02-21 23:36:46,603 [simulator_env.py | 147] INFO: Start to update the input of 2022-02-21 09:20:00
2022-02-21 23:36:46,616 [simulator_env.py | 175] INFO: Get 32 unallocated orders, 21 ongoing orders, 17 completed orders.
2022-02-21 23:36:49,912 [simulator_env.py | 100] INFO: Finish the dispatch.
2022-02-21 23:36:49,916 [simulator_env.py | 278] INFO: 2022-02-21 09:20:00, Order 09100800038: state = 1 < 2, we can not finish the simulation
2022-02-21 23:36:49,918 [simulator_env.py | 87] INFO: **************************************************
2022-02-21 23:36:49,918 [simulator_env.py | 91] INFO: cur time: 2022-02-21 09:30:00, pre time: 2022-02-21 09:20:00
2022-02-21 23:36:49,918 [simulator_env.py | 147] INFO: Start to update the input of 2022-02-21 09:30:00
2022-02-21 23:36:49,934 [simulator_env.py | 175] INFO: Get 34 unallocated orders, 25 ongoing orders, 45 completed orders.
2022-02-21 23:36:53,032 [simulator_env.py | 100] INFO: Finish the dispatch.
2022-02-21 23:36:53,036 [simulator_env.py | 278] INFO: 2022-02-21 09:30:00, Order 09200900070: state = 1 < 2, we can not finish the simulation
2022-02-21 23:36:53,038 [simulator_env.py | 87] INFO: **************************************************
2022-02-21 23:36:53,038 [simulator_env.py | 91] INFO: cur time: 2022-02-21 09:40:00, pre time: 2022-02-21 09:30:00
2022-02-21 23:36:53,038 [simulator_env.py | 147] INFO: Start to update the input of 2022-02-21 09:40:00
2022-02-21 23:36:53,056 [simulator_env.py | 175] INFO: Get 32 unallocated orders, 25 ongoing orders, 79 completed orders.
2022-02-21 23:36:56,133 [simulator_env.py | 100] INFO: Finish the dispatch.
2022-02-21 23:36:56,137 [simulator_env.py | 278] INFO: 2022-02-21 09:40:00, Order 09302700104: state = 1 < 2, we can not finish the simulation
2022-02-21 23:36:56,139 [simulator_env.py | 87] INFO: **************************************************
2022-02-21 23:36:56,139 [simulator_env.py | 91] INFO: cur time: 2022-02-21 09:50:00, pre time: 2022-02-21 09:40:00
2022-02-21 23:36:56,139 [simulator_env.py | 147] INFO: Start to update the input of 2022-02-21 09:50:00
2022-02-21 23:36:56,153 [simulator_env.py | 175] INFO: Get 56 unallocated orders, 23 ongoing orders, 113 completed orders.
2022-02-21 23:36:59,355 [simulator_env.py | 100] INFO: Finish the dispatch.
2022-02-21 23:36:59,360 [simulator_env.py | 278] INFO: 2022-02-21 09:50:00, Order 09402400136: state = 1 < 2, we can not finish the simulation
2022-02-21 23:36:59,362 [simulator_env.py | 87] INFO: **************************************************
2022-02-21 23:36:59,362 [simulator_env.py | 91] INFO: cur time: 2022-02-21 10:00:00, pre time: 2022-02-21 09:50:00
2022-02-21 23:36:59,362 [simulator_env.py | 147] INFO: Start to update the input of 2022-02-21 10:00:00
2022-02-21 23:36:59,383 [simulator_env.py | 175] INFO: Get 47 unallocated orders, 35 ongoing orders, 157 completed orders.
2022-02-21 23:37:02,539 [simulator_env.py | 100] INFO: Finish the dispatch.
2022-02-21 23:37:02,544 [simulator_env.py | 278] INFO: 2022-02-21 10:00:00, Order 09502000192: state = 1 < 2, we can not finish the simulation
2022-02-21 23:37:02,546 [simulator_env.py | 87] INFO: **************************************************
2022-02-21 23:37:02,546 [simulator_env.py | 91] INFO: cur time: 2022-02-21 10:10:00, pre time: 2022-02-21 10:00:00
2022-02-21 23:37:02,546 [simulator_env.py | 147] INFO: Start to update the input of 2022-02-21 10:10:00
2022-02-21 23:37:02,564 [simulator_env.py | 175] INFO: Get 52 unallocated orders, 34 ongoing orders, 203 completed orders.
2022-02-21 23:37:05,673 [simulator_env.py | 100] INFO: Finish the dispatch.
2022-02-21 23:37:05,678 [simulator_env.py | 278] INFO: 2022-02-21 10:10:00, Order 09584000233: state = 1 < 2, we can not finish the simulation
2022-02-21 23:37:05,681 [simulator_env.py | 87] INFO: **************************************************
2022-02-21 23:37:05,682 [simulator_env.py | 91] INFO: cur time: 2022-02-21 10:20:00, pre time: 2022-02-21 10:10:00
2022-02-21 23:37:05,682 [simulator_env.py | 147] INFO: Start to update the input of 2022-02-21 10:20:00
2022-02-21 23:37:05,704 [simulator_env.py | 175] INFO: Get 48 unallocated orders, 38 ongoing orders, 251 completed orders.
2022-02-21 23:37:08,779 [simulator_env.py | 100] INFO: Finish the dispatch.
2022-02-21 23:37:08,783 [simulator_env.py | 278] INFO: 2022-02-21 10:20:00, Order 10100400289: state = 1 < 2, we can not finish the simulation
2022-02-21 23:37:08,786 [simulator_env.py | 87] INFO: **************************************************
2022-02-21 23:37:08,786 [simulator_env.py | 91] INFO: cur time: 2022-02-21 10:30:00, pre time: 2022-02-21 10:20:00
2022-02-21 23:37:08,787 [simulator_env.py | 147] INFO: Start to update the input of 2022-02-21 10:30:00
2022-02-21 23:37:08,806 [simulator_env.py | 175] INFO: Get 43 unallocated orders, 38 ongoing orders, 299 completed orders.
2022-02-21 23:37:11,877 [simulator_env.py | 100] INFO: Finish the dispatch.
2022-02-21 23:37:11,881 [simulator_env.py | 278] INFO: 2022-02-21 10:30:00, Order 10202700337: state = 1 < 2, we can not finish the simulation
2022-02-21 23:37:11,883 [simulator_env.py | 87] INFO: **************************************************
2022-02-21 23:37:11,883 [simulator_env.py | 91] INFO: cur time: 2022-02-21 10:40:00, pre time: 2022-02-21 10:30:00
2022-02-21 23:37:11,884 [simulator_env.py | 147] INFO: Start to update the input of 2022-02-21 10:40:00
2022-02-21 23:37:11,901 [simulator_env.py | 175] INFO: Get 60 unallocated orders, 30 ongoing orders, 350 completed orders.
2022-02-21 23:37:15,473 [simulator_env.py | 100] INFO: Finish the dispatch.
2022-02-21 23:37:15,477 [simulator_env.py | 278] INFO: 2022-02-21 10:40:00, Order 10303400380: state = 1 < 2, we can not finish the simulation
2022-02-21 23:37:15,479 [simulator_env.py | 87] INFO: **************************************************
2022-02-21 23:37:15,479 [simulator_env.py | 91] INFO: cur time: 2022-02-21 10:50:00, pre time: 2022-02-21 10:40:00
2022-02-21 23:37:15,479 [simulator_env.py | 147] INFO: Start to update the input of 2022-02-21 10:50:00
2022-02-21 23:37:15,498 [simulator_env.py | 175] INFO: Get 58 unallocated orders, 40 ongoing orders, 399 completed orders.
2022-02-21 23:37:18,816 [simulator_env.py | 100] INFO: Finish the dispatch.
2022-02-21 23:37:18,822 [simulator_env.py | 278] INFO: 2022-02-21 10:50:00, Order 10354200409: state = 1 < 2, we can not finish the simulation
2022-02-21 23:37:18,825 [simulator_env.py | 87] INFO: **************************************************
2022-02-21 23:37:18,825 [simulator_env.py | 91] INFO: cur time: 2022-02-21 11:00:00, pre time: 2022-02-21 10:50:00
2022-02-21 23:37:18,826 [simulator_env.py | 147] INFO: Start to update the input of 2022-02-21 11:00:00
2022-02-21 23:37:18,852 [simulator_env.py | 175] INFO: Get 54 unallocated orders, 35 ongoing orders, 461 completed orders.
2022-02-21 23:37:22,116 [simulator_env.py | 100] INFO: Finish the dispatch.
2022-02-21 23:37:22,122 [simulator_env.py | 278] INFO: 2022-02-21 11:00:00, Order 10493800494: state = 1 < 2, we can not finish the simulation
2022-02-21 23:37:22,123 [simulator_env.py | 87] INFO: **************************************************
2022-02-21 23:37:22,123 [simulator_env.py | 91] INFO: cur time: 2022-02-21 11:10:00, pre time: 2022-02-21 11:00:00
2022-02-21 23:37:22,124 [simulator_env.py | 147] INFO: Start to update the input of 2022-02-21 11:10:00
2022-02-21 23:37:22,149 [simulator_env.py | 175] INFO: Get 55 unallocated orders, 41 ongoing orders, 508 completed orders.
2022-02-21 23:37:25,421 [simulator_env.py | 100] INFO: Finish the dispatch.
2022-02-21 23:37:25,425 [simulator_env.py | 278] INFO: 2022-02-21 11:10:00, Order 10585600539: state = 1 < 2, we can not finish the simulation
2022-02-21 23:37:25,426 [simulator_env.py | 87] INFO: **************************************************
2022-02-21 23:37:25,426 [simulator_env.py | 91] INFO: cur time: 2022-02-21 11:20:00, pre time: 2022-02-21 11:10:00
2022-02-21 23:37:25,427 [simulator_env.py | 147] INFO: Start to update the input of 2022-02-21 11:20:00
2022-02-21 23:37:25,443 [simulator_env.py | 175] INFO: Get 38 unallocated orders, 36 ongoing orders, 568 completed orders.
2022-02-21 23:37:28,030 [simulator_env.py | 100] INFO: Finish the dispatch.
2022-02-21 23:37:28,035 [simulator_env.py | 278] INFO: 2022-02-21 11:20:00, Order 11101600604: state = 1 < 2, we can not finish the simulation
2022-02-21 23:37:28,037 [simulator_env.py | 87] INFO: **************************************************
2022-02-21 23:37:28,037 [simulator_env.py | 91] INFO: cur time: 2022-02-21 11:30:00, pre time: 2022-02-21 11:20:00
2022-02-21 23:37:28,037 [simulator_env.py | 147] INFO: Start to update the input of 2022-02-21 11:30:00
2022-02-21 23:37:28,053 [simulator_env.py | 175] INFO: Get 47 unallocated orders, 31 ongoing orders, 611 completed orders.
2022-02-21 23:37:30,818 [simulator_env.py | 100] INFO: Finish the dispatch.
2022-02-21 23:37:30,824 [simulator_env.py | 278] INFO: 2022-02-21 11:30:00, Order 11200100642: state = 1 < 2, we can not finish the simulation
2022-02-21 23:37:30,825 [simulator_env.py | 87] INFO: **************************************************
2022-02-21 23:37:30,826 [simulator_env.py | 91] INFO: cur time: 2022-02-21 11:40:00, pre time: 2022-02-21 11:30:00
2022-02-21 23:37:30,826 [simulator_env.py | 147] INFO: Start to update the input of 2022-02-21 11:40:00
2022-02-21 23:37:30,845 [simulator_env.py | 175] INFO: Get 41 unallocated orders, 31 ongoing orders, 657 completed orders.
2022-02-21 23:37:33,221 [simulator_env.py | 100] INFO: Finish the dispatch.
2022-02-21 23:37:33,224 [simulator_env.py | 278] INFO: 2022-02-21 11:40:00, Order 11200100642: state = 1 < 2, we can not finish the simulation
2022-02-21 23:37:33,226 [simulator_env.py | 87] INFO: **************************************************
2022-02-21 23:37:33,226 [simulator_env.py | 91] INFO: cur time: 2022-02-21 11:50:00, pre time: 2022-02-21 11:40:00
2022-02-21 23:37:33,226 [simulator_env.py | 147] INFO: Start to update the input of 2022-02-21 11:50:00
2022-02-21 23:37:33,243 [simulator_env.py | 175] INFO: Get 52 unallocated orders, 33 ongoing orders, 696 completed orders.
2022-02-21 23:37:35,707 [simulator_env.py | 100] INFO: Finish the dispatch.
2022-02-21 23:37:35,713 [simulator_env.py | 278] INFO: 2022-02-21 11:50:00, Order 11400500729: state = 1 < 2, we can not finish the simulation
2022-02-21 23:37:35,715 [simulator_env.py | 87] INFO: **************************************************
2022-02-21 23:37:35,715 [simulator_env.py | 91] INFO: cur time: 2022-02-21 12:00:00, pre time: 2022-02-21 11:50:00
2022-02-21 23:37:35,716 [simulator_env.py | 147] INFO: Start to update the input of 2022-02-21 12:00:00
2022-02-21 23:37:35,734 [simulator_env.py | 175] INFO: Get 45 unallocated orders, 41 ongoing orders, 740 completed orders.
2022-02-21 23:37:38,161 [simulator_env.py | 100] INFO: Finish the dispatch.
2022-02-21 23:37:38,166 [simulator_env.py | 278] INFO: 2022-02-21 12:00:00, Order 11501800781: state = 1 < 2, we can not finish the simulation
2022-02-21 23:37:38,167 [simulator_env.py | 87] INFO: **************************************************
2022-02-21 23:37:38,167 [simulator_env.py | 91] INFO: cur time: 2022-02-21 12:10:00, pre time: 2022-02-21 12:00:00
2022-02-21 23:37:38,168 [simulator_env.py | 147] INFO: Start to update the input of 2022-02-21 12:10:00
2022-02-21 23:37:38,180 [simulator_env.py | 175] INFO: Get 28 unallocated orders, 29 ongoing orders, 796 completed orders.
2022-02-21 23:37:40,582 [simulator_env.py | 100] INFO: Finish the dispatch.
2022-02-21 23:37:40,586 [simulator_env.py | 278] INFO: 2022-02-21 12:10:00, Order 11521700786: state = 1 < 2, we can not finish the simulation
2022-02-21 23:37:40,587 [simulator_env.py | 87] INFO: **************************************************
2022-02-21 23:37:40,587 [simulator_env.py | 91] INFO: cur time: 2022-02-21 12:20:00, pre time: 2022-02-21 12:10:00
2022-02-21 23:37:40,587 [simulator_env.py | 147] INFO: Start to update the input of 2022-02-21 12:20:00
2022-02-21 23:37:40,596 [simulator_env.py | 175] INFO: Get 28 unallocated orders, 17 ongoing orders, 836 completed orders.
2022-02-21 23:37:42,995 [simulator_env.py | 100] INFO: Finish the dispatch.
2022-02-21 23:37:42,998 [simulator_env.py | 278] INFO: 2022-02-21 12:20:00, Order 12101600853: state = 1 < 2, we can not finish the simulation
2022-02-21 23:37:42,999 [simulator_env.py | 87] INFO: **************************************************
2022-02-21 23:37:42,999 [simulator_env.py | 91] INFO: cur time: 2022-02-21 12:30:00, pre time: 2022-02-21 12:20:00
2022-02-21 23:37:42,999 [simulator_env.py | 147] INFO: Start to update the input of 2022-02-21 12:30:00
2022-02-21 23:37:43,011 [simulator_env.py | 175] INFO: Get 27 unallocated orders, 24 ongoing orders, 857 completed orders.
2022-02-21 23:37:45,522 [simulator_env.py | 100] INFO: Finish the dispatch.
2022-02-21 23:37:45,526 [simulator_env.py | 278] INFO: 2022-02-21 12:30:00, Order 12201100881: state = 1 < 2, we can not finish the simulation
2022-02-21 23:37:45,527 [simulator_env.py | 87] INFO: **************************************************
2022-02-21 23:37:45,527 [simulator_env.py | 91] INFO: cur time: 2022-02-21 12:40:00, pre time: 2022-02-21 12:30:00
2022-02-21 23:37:45,527 [simulator_env.py | 147] INFO: Start to update the input of 2022-02-21 12:40:00
2022-02-21 23:37:45,536 [simulator_env.py | 175] INFO: Get 18 unallocated orders, 17 ongoing orders, 891 completed orders.
2022-02-21 23:37:48,246 [simulator_env.py | 100] INFO: Finish the dispatch.
2022-02-21 23:37:48,250 [simulator_env.py | 278] INFO: 2022-02-21 12:40:00, Order 12302000908: state = 1 < 2, we can not finish the simulation
2022-02-21 23:37:48,251 [simulator_env.py | 87] INFO: **************************************************
2022-02-21 23:37:48,251 [simulator_env.py | 91] INFO: cur time: 2022-02-21 12:50:00, pre time: 2022-02-21 12:40:00
2022-02-21 23:37:48,251 [simulator_env.py | 147] INFO: Start to update the input of 2022-02-21 12:50:00
2022-02-21 23:37:48,263 [simulator_env.py | 175] INFO: Get 34 unallocated orders, 15 ongoing orders, 911 completed orders.
2022-02-21 23:37:50,816 [simulator_env.py | 100] INFO: Finish the dispatch.
2022-02-21 23:37:50,820 [simulator_env.py | 278] INFO: 2022-02-21 12:50:00, Order 12400100926: state = 1 < 2, we can not finish the simulation
2022-02-21 23:37:50,821 [simulator_env.py | 87] INFO: **************************************************
2022-02-21 23:37:50,821 [simulator_env.py | 91] INFO: cur time: 2022-02-21 13:00:00, pre time: 2022-02-21 12:50:00
2022-02-21 23:37:50,821 [simulator_env.py | 147] INFO: Start to update the input of 2022-02-21 13:00:00
2022-02-21 23:37:50,835 [simulator_env.py | 175] INFO: Get 24 unallocated orders, 21 ongoing orders, 939 completed orders.
2022-02-21 23:37:53,604 [simulator_env.py | 100] INFO: Finish the dispatch.
2022-02-21 23:37:53,609 [simulator_env.py | 278] INFO: 2022-02-21 13:00:00, Order 12503100960: state = 1 < 2, we can not finish the simulation
2022-02-21 23:37:53,610 [simulator_env.py | 87] INFO: **************************************************
2022-02-21 23:37:53,611 [simulator_env.py | 91] INFO: cur time: 2022-02-21 13:10:00, pre time: 2022-02-21 13:00:00
2022-02-21 23:37:53,611 [simulator_env.py | 147] INFO: Start to update the input of 2022-02-21 13:10:00
2022-02-21 23:37:53,620 [simulator_env.py | 175] INFO: Get 21 unallocated orders, 17 ongoing orders, 966 completed orders.
2022-02-21 23:37:56,835 [simulator_env.py | 100] INFO: Finish the dispatch.
2022-02-21 23:37:56,841 [simulator_env.py | 278] INFO: 2022-02-21 13:10:00, Order 12573800978: state = 1 < 2, we can not finish the simulation
2022-02-21 23:37:56,842 [simulator_env.py | 87] INFO: **************************************************
2022-02-21 23:37:56,842 [simulator_env.py | 91] INFO: cur time: 2022-02-21 13:20:00, pre time: 2022-02-21 13:10:00
2022-02-21 23:37:56,843 [simulator_env.py | 147] INFO: Start to update the input of 2022-02-21 13:20:00
2022-02-21 23:37:56,853 [simulator_env.py | 175] INFO: Get 18 unallocated orders, 14 ongoing orders, 990 completed orders.
2022-02-21 23:38:00,025 [simulator_env.py | 100] INFO: Finish the dispatch.
2022-02-21 23:38:00,029 [simulator_env.py | 278] INFO: 2022-02-21 13:20:00, Order 13102301004: state = 1 < 2, we can not finish the simulation
2022-02-21 23:38:00,032 [simulator_env.py | 87] INFO: **************************************************
2022-02-21 23:38:00,032 [simulator_env.py | 91] INFO: cur time: 2022-02-21 13:30:00, pre time: 2022-02-21 13:20:00
2022-02-21 23:38:00,032 [simulator_env.py | 147] INFO: Start to update the input of 2022-02-21 13:30:00
2022-02-21 23:38:00,042 [simulator_env.py | 175] INFO: Get 23 unallocated orders, 15 ongoing orders, 1007 completed orders.
2022-02-21 23:38:04,178 [simulator_env.py | 100] INFO: Finish the dispatch.
2022-02-21 23:38:04,180 [simulator_env.py | 278] INFO: 2022-02-21 13:30:00, Order 13201201022: state = 1 < 2, we can not finish the simulation
2022-02-21 23:38:04,181 [simulator_env.py | 87] INFO: **************************************************
2022-02-21 23:38:04,181 [simulator_env.py | 91] INFO: cur time: 2022-02-21 13:40:00, pre time: 2022-02-21 13:30:00
2022-02-21 23:38:04,181 [simulator_env.py | 147] INFO: Start to update the input of 2022-02-21 13:40:00
2022-02-21 23:38:04,197 [simulator_env.py | 175] INFO: Get 17 unallocated orders, 16 ongoing orders, 1029 completed orders.
2022-02-21 23:38:07,167 [simulator_env.py | 100] INFO: Finish the dispatch.
2022-02-21 23:38:07,170 [simulator_env.py | 278] INFO: 2022-02-21 13:40:00, Order 13310801045: state = 1 < 2, we can not finish the simulation
2022-02-21 23:38:07,171 [simulator_env.py | 87] INFO: **************************************************
2022-02-21 23:38:07,171 [simulator_env.py | 91] INFO: cur time: 2022-02-21 13:50:00, pre time: 2022-02-21 13:40:00
2022-02-21 23:38:07,171 [simulator_env.py | 147] INFO: Start to update the input of 2022-02-21 13:50:00
2022-02-21 23:38:07,179 [simulator_env.py | 175] INFO: Get 17 unallocated orders, 14 ongoing orders, 1048 completed orders.
2022-02-21 23:38:10,454 [simulator_env.py | 100] INFO: Finish the dispatch.
2022-02-21 23:38:10,458 [simulator_env.py | 278] INFO: 2022-02-21 13:50:00, Order 13413401062: state = 1 < 2, we can not finish the simulation
2022-02-21 23:38:10,460 [simulator_env.py | 87] INFO: **************************************************
2022-02-21 23:38:10,461 [simulator_env.py | 91] INFO: cur time: 2022-02-21 14:00:00, pre time: 2022-02-21 13:50:00
2022-02-21 23:38:10,461 [simulator_env.py | 147] INFO: Start to update the input of 2022-02-21 14:00:00
2022-02-21 23:38:10,468 [simulator_env.py | 175] INFO: Get 12 unallocated orders, 17 ongoing orders, 1062 completed orders.
2022-02-21 23:38:13,066 [simulator_env.py | 100] INFO: Finish the dispatch.
2022-02-21 23:38:13,069 [simulator_env.py | 278] INFO: 2022-02-21 14:00:00, Order 13501201079: state = 1 < 2, we can not finish the simulation
2022-02-21 23:38:13,071 [simulator_env.py | 87] INFO: **************************************************
2022-02-21 23:38:13,071 [simulator_env.py | 91] INFO: cur time: 2022-02-21 14:10:00, pre time: 2022-02-21 14:00:00
2022-02-21 23:38:13,071 [simulator_env.py | 147] INFO: Start to update the input of 2022-02-21 14:10:00
2022-02-21 23:38:13,081 [simulator_env.py | 175] INFO: Get 21 unallocated orders, 12 ongoing orders, 1079 completed orders.
2022-02-21 23:38:15,852 [simulator_env.py | 100] INFO: Finish the dispatch.
2022-02-21 23:38:15,855 [simulator_env.py | 278] INFO: 2022-02-21 14:10:00, Order 14002501091: state = 1 < 2, we can not finish the simulation
2022-02-21 23:38:15,856 [simulator_env.py | 87] INFO: **************************************************
2022-02-21 23:38:15,856 [simulator_env.py | 91] INFO: cur time: 2022-02-21 14:20:00, pre time: 2022-02-21 14:10:00
2022-02-21 23:38:15,856 [simulator_env.py | 147] INFO: Start to update the input of 2022-02-21 14:20:00
2022-02-21 23:38:15,869 [simulator_env.py | 175] INFO: Get 17 unallocated orders, 18 ongoing orders, 1094 completed orders.
2022-02-21 23:38:18,632 [simulator_env.py | 100] INFO: Finish the dispatch.
2022-02-21 23:38:18,635 [simulator_env.py | 278] INFO: 2022-02-21 14:20:00, Order 14104301112: state = 1 < 2, we can not finish the simulation
2022-02-21 23:38:18,636 [simulator_env.py | 87] INFO: **************************************************
2022-02-21 23:38:18,636 [simulator_env.py | 91] INFO: cur time: 2022-02-21 14:30:00, pre time: 2022-02-21 14:20:00
2022-02-21 23:38:18,636 [simulator_env.py | 147] INFO: Start to update the input of 2022-02-21 14:30:00
2022-02-21 23:38:18,646 [simulator_env.py | 175] INFO: Get 20 unallocated orders, 13 ongoing orders, 1115 completed orders.
2022-02-21 23:38:21,880 [simulator_env.py | 100] INFO: Finish the dispatch.
2022-02-21 23:38:21,883 [simulator_env.py | 278] INFO: 2022-02-21 14:30:00, Order 14143501121: state = 1 < 2, we can not finish the simulation
2022-02-21 23:38:21,884 [simulator_env.py | 87] INFO: **************************************************
2022-02-21 23:38:21,884 [simulator_env.py | 91] INFO: cur time: 2022-02-21 14:40:00, pre time: 2022-02-21 14:30:00
2022-02-21 23:38:21,884 [simulator_env.py | 147] INFO: Start to update the input of 2022-02-21 14:40:00
2022-02-21 23:38:21,895 [simulator_env.py | 175] INFO: Get 19 unallocated orders, 15 ongoing orders, 1133 completed orders.
2022-02-21 23:38:24,624 [simulator_env.py | 100] INFO: Finish the dispatch.
2022-02-21 23:38:24,627 [simulator_env.py | 278] INFO: 2022-02-21 14:40:00, Order 14302001148: state = 1 < 2, we can not finish the simulation
2022-02-21 23:38:24,629 [simulator_env.py | 87] INFO: **************************************************
2022-02-21 23:38:24,629 [simulator_env.py | 91] INFO: cur time: 2022-02-21 14:50:00, pre time: 2022-02-21 14:40:00
2022-02-21 23:38:24,629 [simulator_env.py | 147] INFO: Start to update the input of 2022-02-21 14:50:00
2022-02-21 23:38:24,636 [simulator_env.py | 175] INFO: Get 17 unallocated orders, 11 ongoing orders, 1156 completed orders.
2022-02-21 23:38:27,610 [simulator_env.py | 100] INFO: Finish the dispatch.
2022-02-21 23:38:27,613 [simulator_env.py | 278] INFO: 2022-02-21 14:50:00, Order 14403101167: state = 1 < 2, we can not finish the simulation
2022-02-21 23:38:27,614 [simulator_env.py | 87] INFO: **************************************************
2022-02-21 23:38:27,615 [simulator_env.py | 91] INFO: cur time: 2022-02-21 15:00:00, pre time: 2022-02-21 14:50:00
2022-02-21 23:38:27,615 [simulator_env.py | 147] INFO: Start to update the input of 2022-02-21 15:00:00
2022-02-21 23:38:27,624 [simulator_env.py | 175] INFO: Get 20 unallocated orders, 17 ongoing orders, 1167 completed orders.
2022-02-21 23:38:30,712 [simulator_env.py | 100] INFO: Finish the dispatch.
2022-02-21 23:38:30,715 [simulator_env.py | 278] INFO: 2022-02-21 15:00:00, Order 14512101184: state = 1 < 2, we can not finish the simulation
2022-02-21 23:38:30,716 [simulator_env.py | 87] INFO: **************************************************
2022-02-21 23:38:30,716 [simulator_env.py | 91] INFO: cur time: 2022-02-21 15:10:00, pre time: 2022-02-21 15:00:00
2022-02-21 23:38:30,716 [simulator_env.py | 147] INFO: Start to update the input of 2022-02-21 15:10:00
2022-02-21 23:38:30,727 [simulator_env.py | 175] INFO: Get 0 unallocated orders, 16 ongoing orders, 1188 completed orders.
2022-02-21 23:38:33,661 [simulator_env.py | 100] INFO: Finish the dispatch.
2022-02-21 23:38:33,663 [simulator_env.py | 281] INFO: 2022-02-21 15:10:00, the status of all orders is greater than 1, we could finish the simulation
2022-02-21 23:38:33,667 [simulator_env.py | 124] INFO: finished the left ongoing orders
2022-02-21 23:38:33,668 [evaluator.py    | 116] INFO: Traveling Distance of driver D_1 is  65.260, visited node list: 25
2022-02-21 23:38:33,669 [evaluator.py    | 116] INFO: Traveling Distance of driver D_2 is  111.380, visited node list: 45
2022-02-21 23:38:33,670 [evaluator.py    | 116] INFO: Traveling Distance of driver D_3 is  105.660, visited node list: 38
2022-02-21 23:38:33,671 [evaluator.py    | 116] INFO: Traveling Distance of driver D_4 is  117.790, visited node list: 47
2022-02-21 23:38:33,671 [evaluator.py    | 116] INFO: Traveling Distance of driver D_5 is  121.910, visited node list: 40
2022-02-21 23:38:33,672 [evaluator.py    | 116] INFO: Traveling Distance of driver D_6 is  55.640, visited node list: 19
2022-02-21 23:38:33,672 [evaluator.py    | 116] INFO: Traveling Distance of driver D_7 is  111.480, visited node list: 39
2022-02-21 23:38:33,673 [evaluator.py    | 116] INFO: Traveling Distance of driver D_8 is  98.200, visited node list: 34
2022-02-21 23:38:33,673 [evaluator.py    | 116] INFO: Traveling Distance of driver D_9 is  119.340, visited node list: 39
2022-02-21 23:38:33,674 [evaluator.py    | 116] INFO: Traveling Distance of driver D_10 is  112.510, visited node list: 40
2022-02-21 23:38:33,674 [evaluator.py    | 116] INFO: Traveling Distance of driver D_11 is  114.410, visited node list: 37
2022-02-21 23:38:33,674 [evaluator.py    | 116] INFO: Traveling Distance of driver D_12 is  106.540, visited node list: 38
2022-02-21 23:38:33,675 [evaluator.py    | 116] INFO: Traveling Distance of driver D_13 is  122.590, visited node list: 41
2022-02-21 23:38:33,675 [evaluator.py    | 116] INFO: Traveling Distance of driver D_14 is  101.340, visited node list: 31
2022-02-21 23:38:33,675 [evaluator.py    | 116] INFO: Traveling Distance of driver D_15 is  112.430, visited node list: 40
2022-02-21 23:38:33,676 [evaluator.py    | 116] INFO: Traveling Distance of driver D_16 is  111.730, visited node list: 43
2022-02-21 23:38:33,676 [evaluator.py    | 116] INFO: Traveling Distance of driver D_17 is  108.290, visited node list: 40
2022-02-21 23:38:33,678 [evaluator.py    | 116] INFO: Traveling Distance of driver D_18 is  116.430, visited node list: 43
2022-02-21 23:38:33,680 [evaluator.py    | 116] INFO: Traveling Distance of driver D_19 is  113.040, visited node list: 40
2022-02-21 23:38:33,680 [evaluator.py    | 116] INFO: Traveling Distance of driver D_20 is  108.800, visited node list: 39
2022-02-21 23:38:33,681 [evaluator.py    | 116] INFO: Traveling Distance of driver D_21 is  117.330, visited node list: 43
2022-02-21 23:38:33,681 [evaluator.py    | 116] INFO: Traveling Distance of driver D_22 is  108.640, visited node list: 35
2022-02-21 23:38:33,682 [evaluator.py    | 116] INFO: Traveling Distance of driver D_23 is  103.030, visited node list: 40
2022-02-21 23:38:33,682 [evaluator.py    | 116] INFO: Traveling Distance of driver D_24 is  101.800, visited node list: 32
2022-02-21 23:38:33,682 [evaluator.py    | 116] INFO: Traveling Distance of driver D_25 is  108.670, visited node list: 40
2022-02-21 23:38:33,683 [evaluator.py    | 116] INFO: Traveling Distance of driver D_26 is  110.790, visited node list: 39
2022-02-21 23:38:33,683 [evaluator.py    | 116] INFO: Traveling Distance of driver D_27 is  99.120, visited node list: 35
2022-02-21 23:38:33,683 [evaluator.py    | 116] INFO: Traveling Distance of driver D_28 is  95.920, visited node list: 31
2022-02-21 23:38:33,684 [evaluator.py    | 116] INFO: Traveling Distance of driver D_29 is  108.560, visited node list: 38
2022-02-21 23:38:33,684 [evaluator.py    | 116] INFO: Traveling Distance of driver D_30 is  101.690, visited node list: 37
2022-02-21 23:38:33,684 [evaluator.py    | 116] INFO: Traveling Distance of driver D_31 is  102.440, visited node list: 38
2022-02-21 23:38:33,685 [evaluator.py    | 116] INFO: Traveling Distance of driver D_32 is  86.220, visited node list: 29
2022-02-21 23:38:33,685 [evaluator.py    | 116] INFO: Traveling Distance of driver D_33 is  105.790, visited node list: 40
2022-02-21 23:38:33,685 [evaluator.py    | 116] INFO: Traveling Distance of driver D_34 is  105.330, visited node list: 39
2022-02-21 23:38:33,686 [evaluator.py    | 116] INFO: Traveling Distance of driver D_35 is  102.540, visited node list: 38
2022-02-21 23:38:33,686 [evaluator.py    | 116] INFO: Traveling Distance of driver D_36 is  105.250, visited node list: 36
2022-02-21 23:38:33,686 [evaluator.py    | 116] INFO: Traveling Distance of driver D_37 is  84.620, visited node list: 29
2022-02-21 23:38:33,686 [evaluator.py    | 116] INFO: Traveling Distance of driver D_38 is  82.780, visited node list: 34
2022-02-21 23:38:33,687 [evaluator.py    | 116] INFO: Traveling Distance of driver D_39 is  84.230, visited node list: 31
2022-02-21 23:38:33,687 [evaluator.py    | 116] INFO: Traveling Distance of driver D_40 is  103.050, visited node list: 35
2022-02-21 23:38:33,687 [evaluator.py    | 116] INFO: Traveling Distance of driver D_41 is  102.740, visited node list: 39
2022-02-21 23:38:33,688 [evaluator.py    | 116] INFO: Traveling Distance of driver D_42 is  68.220, visited node list: 27
2022-02-21 23:38:33,688 [evaluator.py    | 116] INFO: Traveling Distance of driver D_43 is  69.730, visited node list: 30
2022-02-21 23:38:33,688 [evaluator.py    | 116] INFO: Traveling Distance of driver D_44 is  64.190, visited node list: 26
2022-02-21 23:38:33,688 [evaluator.py    | 116] INFO: Traveling Distance of driver D_45 is  90.150, visited node list: 31
2022-02-21 23:38:33,689 [evaluator.py    | 116] INFO: Traveling Distance of driver D_46 is  74.530, visited node list: 24
2022-02-21 23:38:33,689 [evaluator.py    | 116] INFO: Traveling Distance of driver D_47 is  74.690, visited node list: 25
2022-02-21 23:38:33,689 [evaluator.py    | 116] INFO: Traveling Distance of driver D_48 is  75.230, visited node list: 29
2022-02-21 23:38:33,689 [evaluator.py    | 116] INFO: Traveling Distance of driver D_49 is  62.170, visited node list: 24
2022-02-21 23:38:33,690 [evaluator.py    | 116] INFO: Traveling Distance of driver D_50 is  65.760, visited node list: 23
2022-02-21 23:38:33,691 [evaluator.py    | 116] INFO: Traveling Distance of driver D_51 is  68.370, visited node list: 21
2022-02-21 23:38:33,692 [evaluator.py    | 116] INFO: Traveling Distance of driver D_52 is  52.320, visited node list: 19
2022-02-21 23:38:33,692 [evaluator.py    | 116] INFO: Traveling Distance of driver D_53 is  64.290, visited node list: 25
2022-02-21 23:38:33,692 [evaluator.py    | 116] INFO: Traveling Distance of driver D_54 is  66.630, visited node list: 21
2022-02-21 23:38:33,693 [evaluator.py    | 116] INFO: Traveling Distance of driver D_55 is  70.180, visited node list: 25
2022-02-21 23:38:33,693 [evaluator.py    | 116] INFO: Traveling Distance of driver D_56 is  49.350, visited node list: 22
2022-02-21 23:38:33,693 [evaluator.py    | 116] INFO: Traveling Distance of driver D_57 is  51.970, visited node list: 17
2022-02-21 23:38:33,693 [evaluator.py    | 116] INFO: Traveling Distance of driver D_58 is  52.110, visited node list: 21
2022-02-21 23:38:33,694 [evaluator.py    | 116] INFO: Traveling Distance of driver D_59 is  60.130, visited node list: 24
2022-02-21 23:38:33,694 [evaluator.py    | 116] INFO: Traveling Distance of driver D_60 is  53.610, visited node list: 19
2022-02-21 23:38:33,694 [evaluator.py    | 116] INFO: Traveling Distance of driver D_61 is  59.300, visited node list: 20
2022-02-21 23:38:33,694 [evaluator.py    | 116] INFO: Traveling Distance of driver D_62 is  51.470, visited node list: 20
2022-02-21 23:38:33,694 [evaluator.py    | 116] INFO: Traveling Distance of driver D_63 is  45.840, visited node list: 15
2022-02-21 23:38:33,695 [evaluator.py    | 116] INFO: Traveling Distance of driver D_64 is  39.940, visited node list: 18
2022-02-21 23:38:33,695 [evaluator.py    | 116] INFO: Traveling Distance of driver D_65 is  36.210, visited node list: 16
2022-02-21 23:38:33,695 [evaluator.py    | 116] INFO: Traveling Distance of driver D_66 is  43.840, visited node list: 18
2022-02-21 23:38:33,695 [evaluator.py    | 116] INFO: Traveling Distance of driver D_67 is  44.120, visited node list: 17
2022-02-21 23:38:33,695 [evaluator.py    | 116] INFO: Traveling Distance of driver D_68 is  42.810, visited node list: 16
2022-02-21 23:38:33,695 [evaluator.py    | 116] INFO: Traveling Distance of driver D_69 is  44.110, visited node list: 16
2022-02-21 23:38:33,696 [evaluator.py    | 116] INFO: Traveling Distance of driver D_70 is  55.090, visited node list: 18
2022-02-21 23:38:33,696 [evaluator.py    | 116] INFO: Traveling Distance of driver D_71 is  44.620, visited node list: 16
2022-02-21 23:38:33,696 [evaluator.py    | 116] INFO: Traveling Distance of driver D_72 is  33.710, visited node list: 15
2022-02-21 23:38:33,696 [evaluator.py    | 116] INFO: Traveling Distance of driver D_73 is  33.940, visited node list: 12
2022-02-21 23:38:33,696 [evaluator.py    | 116] INFO: Traveling Distance of driver D_74 is  46.820, visited node list: 16
2022-02-21 23:38:33,697 [evaluator.py    | 116] INFO: Traveling Distance of driver D_75 is  34.790, visited node list: 16
2022-02-21 23:38:33,697 [evaluator.py    | 116] INFO: Traveling Distance of driver D_76 is  38.680, visited node list: 15
2022-02-21 23:38:33,697 [evaluator.py    | 116] INFO: Traveling Distance of driver D_77 is  36.840, visited node list: 14
2022-02-21 23:38:33,697 [evaluator.py    | 116] INFO: Traveling Distance of driver D_78 is  41.720, visited node list: 17
2022-02-21 23:38:33,697 [evaluator.py    | 116] INFO: Traveling Distance of driver D_79 is  40.710, visited node list: 15
2022-02-21 23:38:33,697 [evaluator.py    | 116] INFO: Traveling Distance of driver D_80 is  39.610, visited node list: 13
2022-02-21 23:38:33,697 [evaluator.py    | 116] INFO: Traveling Distance of driver D_81 is  29.630, visited node list: 10
2022-02-21 23:38:33,698 [evaluator.py    | 116] INFO: Traveling Distance of driver D_82 is  35.700, visited node list: 13
2022-02-21 23:38:33,698 [evaluator.py    | 116] INFO: Traveling Distance of driver D_83 is  35.550, visited node list: 15
2022-02-21 23:38:33,698 [evaluator.py    | 116] INFO: Traveling Distance of driver D_84 is  31.490, visited node list: 17
2022-02-21 23:38:33,698 [evaluator.py    | 116] INFO: Traveling Distance of driver D_85 is  19.150, visited node list: 7
2022-02-21 23:38:33,698 [evaluator.py    | 116] INFO: Traveling Distance of driver D_86 is  36.350, visited node list: 17
2022-02-21 23:38:33,698 [evaluator.py    | 116] INFO: Traveling Distance of driver D_87 is  15.150, visited node list: 6
2022-02-21 23:38:33,699 [evaluator.py    | 116] INFO: Traveling Distance of driver D_88 is  33.030, visited node list: 11
2022-02-21 23:38:33,699 [evaluator.py    | 116] INFO: Traveling Distance of driver D_89 is  28.340, visited node list: 14
2022-02-21 23:38:33,699 [evaluator.py    | 116] INFO: Traveling Distance of driver D_90 is  24.190, visited node list: 7
2022-02-21 23:38:33,699 [evaluator.py    | 116] INFO: Traveling Distance of driver D_91 is  41.560, visited node list: 13
2022-02-21 23:38:33,699 [evaluator.py    | 116] INFO: Traveling Distance of driver D_92 is  8.420, visited node list: 4
2022-02-21 23:38:33,699 [evaluator.py    | 116] INFO: Traveling Distance of driver D_93 is  14.260, visited node list: 7
2022-02-21 23:38:33,700 [evaluator.py    | 116] INFO: Traveling Distance of driver D_94 is  14.050, visited node list: 6
2022-02-21 23:38:33,700 [evaluator.py    | 116] INFO: Traveling Distance of driver D_95 is  8.010, visited node list: 4
2022-02-21 23:38:33,700 [evaluator.py    | 116] INFO: Traveling Distance of driver D_96 is  9.610, visited node list: 4
2022-02-21 23:38:33,700 [evaluator.py    | 116] INFO: Traveling Distance of driver D_97 is  7.840, visited node list: 3
2022-02-21 23:38:33,701 [evaluator.py    | 116] INFO: Traveling Distance of driver D_98 is  4.730, visited node list: 2
2022-02-21 23:38:33,701 [evaluator.py    | 116] INFO: Traveling Distance of driver D_99 is  16.210, visited node list: 10
2022-02-21 23:38:33,701 [evaluator.py    | 116] INFO: Traveling Distance of driver D_100 is  0.000, visited node list: 1
2022-02-21 23:38:33,701 [evaluator.py    | 18] INFO: Total distance:  6756.380
2022-02-21 23:38:33,906 [evaluator.py    | 22] INFO: Sum over time:  0.000
2022-02-21 23:38:33,908 [evaluator.py    | 26] INFO: Total score:  67.564
2022-02-21 23:38:34,374 [main.py         | 43] INFO: Score of instance_70: 67.56379999999997
